ERROR:__main__:2022-11-03 16:13:49,207:unsupported operand type(s) for -: 'int' and 'NoneType'
Traceback (most recent call last):
  File "D:\Synced folder 2\tradex_opinionTrading\codes_2\main_strategy_run.py", line 50, in <module>
    strat_obj_dict[i].initialise()
  File "D:\Synced folder 2\tradex_opinionTrading\codes_2\strat6.py", line 293, in initialise
    self._print_details("initialising")
  File "D:\Synced folder 2\tradex_opinionTrading\codes_2\strat6.py", line 89, in _print_details
    "Spread": [100-self.priceatri.yes_best_price-self.priceatri.no_best_price, 100-self.priceatri.yes_best_price-self.priceatri.no_best_price],
TypeError: unsupported operand type(s) for -: 'int' and 'NoneType'
ERROR:__main__:2022-11-03 16:13:54,529:cannot unpack non-iterable NoneType object
Traceback (most recent call last):
  File "D:\Synced folder 2\tradex_opinionTrading\codes_2\main_strategy_run.py", line 50, in <module>
    strat_obj_dict[i].initialise()
  File "D:\Synced folder 2\tradex_opinionTrading\codes_2\strat6.py", line 284, in initialise
    self.priceatri.initialise_priceatri()
  File "D:\Synced folder 2\tradex_opinionTrading\codes_2\price_attributes.py", line 86, in initialise_priceatri
    self.set_executed_wap_avgpri()
  File "D:\Synced folder 2\tradex_opinionTrading\codes_2\price_attributes.py", line 43, in set_executed_wap_avgpri
    self.yes_executed_wap, self.yes_executed_avgpri = self._calc_wap_avgpri("Y")
TypeError: cannot unpack non-iterable NoneType object
ERROR:__main__:2022-11-03 16:17:02,998:unsupported operand type(s) for -: 'int' and 'NoneType'
Traceback (most recent call last):
  File "D:\Synced folder 2\tradex_opinionTrading\codes_2\main_strategy_run.py", line 50, in <module>
    strat_obj_dict[i].initialise()
  File "D:\Synced folder 2\tradex_opinionTrading\codes_2\strat6.py", line 293, in initialise
    self._print_details("initialising")
  File "D:\Synced folder 2\tradex_opinionTrading\codes_2\strat6.py", line 89, in _print_details
    "Spread": [100-self.priceatri.yes_best_price-self.priceatri.no_best_price, 100-self.priceatri.yes_best_price-self.priceatri.no_best_price],
TypeError: unsupported operand type(s) for -: 'int' and 'NoneType'
ERROR:__main__:2022-11-03 16:17:30,108:unsupported operand type(s) for -: 'int' and 'NoneType'
Traceback (most recent call last):
  File "D:\Synced folder 2\tradex_opinionTrading\codes_2\main_strategy_run.py", line 62, in <module>
    strat_obj_dict[j].update()
  File "D:\Synced folder 2\tradex_opinionTrading\codes_2\strat6.py", line 307, in update
    self._print_details("updating")
  File "D:\Synced folder 2\tradex_opinionTrading\codes_2\strat6.py", line 89, in _print_details
    "Spread": [100-self.priceatri.yes_best_price-self.priceatri.no_best_price, 100-self.priceatri.yes_best_price-self.priceatri.no_best_price],
TypeError: unsupported operand type(s) for -: 'int' and 'NoneType'
ERROR:__main__:2022-11-03 16:17:42,490:cannot unpack non-iterable NoneType object
Traceback (most recent call last):
  File "D:\Synced folder 2\tradex_opinionTrading\codes_2\main_strategy_run.py", line 62, in <module>
    strat_obj_dict[j].update()
  File "D:\Synced folder 2\tradex_opinionTrading\codes_2\strat6.py", line 298, in update
    self.priceatri.update_priceatri()
  File "D:\Synced folder 2\tradex_opinionTrading\codes_2\price_attributes.py", line 94, in update_priceatri
    self.set_executed_wap_avgpri()
  File "D:\Synced folder 2\tradex_opinionTrading\codes_2\price_attributes.py", line 43, in set_executed_wap_avgpri
    self.yes_executed_wap, self.yes_executed_avgpri = self._calc_wap_avgpri("Y")
TypeError: cannot unpack non-iterable NoneType object
ERROR:__main__:2022-11-03 16:18:02,744:unsupported operand type(s) for -: 'int' and 'NoneType'
Traceback (most recent call last):
  File "D:\Synced folder 2\tradex_opinionTrading\codes_2\main_strategy_run.py", line 62, in <module>
    strat_obj_dict[j].update()
  File "D:\Synced folder 2\tradex_opinionTrading\codes_2\strat6.py", line 307, in update
    self._print_details("updating")
  File "D:\Synced folder 2\tradex_opinionTrading\codes_2\strat6.py", line 89, in _print_details
    "Spread": [100-self.priceatri.yes_best_price-self.priceatri.no_best_price, 100-self.priceatri.yes_best_price-self.priceatri.no_best_price],
TypeError: unsupported operand type(s) for -: 'int' and 'NoneType'
ERROR:__main__:2022-11-03 16:19:12,573:unsupported operand type(s) for -: 'int' and 'NoneType'
Traceback (most recent call last):
  File "D:\Synced folder 2\tradex_opinionTrading\codes_2\main_strategy_run.py", line 62, in <module>
    strat_obj_dict[j].update()
  File "D:\Synced folder 2\tradex_opinionTrading\codes_2\strat6.py", line 307, in update
    self._print_details("updating")
  File "D:\Synced folder 2\tradex_opinionTrading\codes_2\strat6.py", line 89, in _print_details
    "Spread": [100-self.priceatri.yes_best_price-self.priceatri.no_best_price, 100-self.priceatri.yes_best_price-self.priceatri.no_best_price],
TypeError: unsupported operand type(s) for -: 'int' and 'NoneType'
ERROR:__main__:2022-11-03 16:19:17,218:cannot unpack non-iterable NoneType object
Traceback (most recent call last):
  File "D:\Synced folder 2\tradex_opinionTrading\codes_2\main_strategy_run.py", line 62, in <module>
    strat_obj_dict[j].update()
  File "D:\Synced folder 2\tradex_opinionTrading\codes_2\strat6.py", line 298, in update
    self.priceatri.update_priceatri()
  File "D:\Synced folder 2\tradex_opinionTrading\codes_2\price_attributes.py", line 94, in update_priceatri
    self.set_executed_wap_avgpri()
  File "D:\Synced folder 2\tradex_opinionTrading\codes_2\price_attributes.py", line 43, in set_executed_wap_avgpri
    self.yes_executed_wap, self.yes_executed_avgpri = self._calc_wap_avgpri("Y")
TypeError: cannot unpack non-iterable NoneType object
ERROR:__main__:2022-11-03 16:20:56,302:unsupported operand type(s) for -: 'int' and 'NoneType'
Traceback (most recent call last):
  File "D:\Synced folder 2\tradex_opinionTrading\codes_2\main_strategy_run.py", line 62, in <module>
    strat_obj_dict[j].update()
  File "D:\Synced folder 2\tradex_opinionTrading\codes_2\strat6.py", line 307, in update
    self._print_details("updating")
  File "D:\Synced folder 2\tradex_opinionTrading\codes_2\strat6.py", line 89, in _print_details
    "Spread": [100-self.priceatri.yes_best_price-self.priceatri.no_best_price, 100-self.priceatri.yes_best_price-self.priceatri.no_best_price],
TypeError: unsupported operand type(s) for -: 'int' and 'NoneType'
ERROR:__main__:2022-11-03 16:20:58,915:cannot unpack non-iterable NoneType object
Traceback (most recent call last):
  File "D:\Synced folder 2\tradex_opinionTrading\codes_2\main_strategy_run.py", line 62, in <module>
    strat_obj_dict[j].update()
  File "D:\Synced folder 2\tradex_opinionTrading\codes_2\strat6.py", line 298, in update
    self.priceatri.update_priceatri()
  File "D:\Synced folder 2\tradex_opinionTrading\codes_2\price_attributes.py", line 94, in update_priceatri
    self.set_executed_wap_avgpri()
  File "D:\Synced folder 2\tradex_opinionTrading\codes_2\price_attributes.py", line 43, in set_executed_wap_avgpri
    self.yes_executed_wap, self.yes_executed_avgpri = self._calc_wap_avgpri("Y")
TypeError: cannot unpack non-iterable NoneType object
ERROR:__main__:2022-11-03 16:22:23,011:unsupported operand type(s) for -: 'int' and 'NoneType'
Traceback (most recent call last):
  File "D:\Synced folder 2\tradex_opinionTrading\codes_2\main_strategy_run.py", line 62, in <module>
    strat_obj_dict[j].update()
  File "D:\Synced folder 2\tradex_opinionTrading\codes_2\strat6.py", line 307, in update
    self._print_details("updating")
  File "D:\Synced folder 2\tradex_opinionTrading\codes_2\strat6.py", line 89, in _print_details
    "Spread": [100-self.priceatri.yes_best_price-self.priceatri.no_best_price, 100-self.priceatri.yes_best_price-self.priceatri.no_best_price],
TypeError: unsupported operand type(s) for -: 'int' and 'NoneType'
ERROR:__main__:2022-11-03 16:22:25,262:cannot unpack non-iterable NoneType object
Traceback (most recent call last):
  File "D:\Synced folder 2\tradex_opinionTrading\codes_2\main_strategy_run.py", line 62, in <module>
    strat_obj_dict[j].update()
  File "D:\Synced folder 2\tradex_opinionTrading\codes_2\strat6.py", line 298, in update
    self.priceatri.update_priceatri()
  File "D:\Synced folder 2\tradex_opinionTrading\codes_2\price_attributes.py", line 94, in update_priceatri
    self.set_executed_wap_avgpri()
  File "D:\Synced folder 2\tradex_opinionTrading\codes_2\price_attributes.py", line 43, in set_executed_wap_avgpri
    self.yes_executed_wap, self.yes_executed_avgpri = self._calc_wap_avgpri("Y")
TypeError: cannot unpack non-iterable NoneType object
ERROR:__main__:2022-11-03 16:23:55,488:unsupported operand type(s) for -: 'int' and 'NoneType'
Traceback (most recent call last):
  File "D:\Synced folder 2\tradex_opinionTrading\codes_2\main_strategy_run.py", line 62, in <module>
    strat_obj_dict[j].update()
  File "D:\Synced folder 2\tradex_opinionTrading\codes_2\strat6.py", line 307, in update
    self._print_details("updating")
  File "D:\Synced folder 2\tradex_opinionTrading\codes_2\strat6.py", line 89, in _print_details
    "Spread": [100-self.priceatri.yes_best_price-self.priceatri.no_best_price, 100-self.priceatri.yes_best_price-self.priceatri.no_best_price],
TypeError: unsupported operand type(s) for -: 'int' and 'NoneType'
ERROR:__main__:2022-11-03 16:24:00,339:cannot unpack non-iterable NoneType object
Traceback (most recent call last):
  File "D:\Synced folder 2\tradex_opinionTrading\codes_2\main_strategy_run.py", line 62, in <module>
    strat_obj_dict[j].update()
  File "D:\Synced folder 2\tradex_opinionTrading\codes_2\strat6.py", line 298, in update
    self.priceatri.update_priceatri()
  File "D:\Synced folder 2\tradex_opinionTrading\codes_2\price_attributes.py", line 94, in update_priceatri
    self.set_executed_wap_avgpri()
  File "D:\Synced folder 2\tradex_opinionTrading\codes_2\price_attributes.py", line 43, in set_executed_wap_avgpri
    self.yes_executed_wap, self.yes_executed_avgpri = self._calc_wap_avgpri("Y")
TypeError: cannot unpack non-iterable NoneType object
ERROR:__main__:2022-11-03 16:25:30,264:unsupported operand type(s) for -: 'int' and 'NoneType'
Traceback (most recent call last):
  File "D:\Synced folder 2\tradex_opinionTrading\codes_2\main_strategy_run.py", line 62, in <module>
    strat_obj_dict[j].update()
  File "D:\Synced folder 2\tradex_opinionTrading\codes_2\strat6.py", line 307, in update
    self._print_details("updating")
  File "D:\Synced folder 2\tradex_opinionTrading\codes_2\strat6.py", line 89, in _print_details
    "Spread": [100-self.priceatri.yes_best_price-self.priceatri.no_best_price, 100-self.priceatri.yes_best_price-self.priceatri.no_best_price],
TypeError: unsupported operand type(s) for -: 'int' and 'NoneType'
ERROR:__main__:2022-11-03 16:25:41,212:cannot unpack non-iterable NoneType object
Traceback (most recent call last):
  File "D:\Synced folder 2\tradex_opinionTrading\codes_2\main_strategy_run.py", line 62, in <module>
    strat_obj_dict[j].update()
  File "D:\Synced folder 2\tradex_opinionTrading\codes_2\strat6.py", line 298, in update
    self.priceatri.update_priceatri()
  File "D:\Synced folder 2\tradex_opinionTrading\codes_2\price_attributes.py", line 94, in update_priceatri
    self.set_executed_wap_avgpri()
  File "D:\Synced folder 2\tradex_opinionTrading\codes_2\price_attributes.py", line 43, in set_executed_wap_avgpri
    self.yes_executed_wap, self.yes_executed_avgpri = self._calc_wap_avgpri("Y")
TypeError: cannot unpack non-iterable NoneType object
ERROR:__main__:2022-11-03 16:26:58,119:unsupported operand type(s) for -: 'int' and 'NoneType'
Traceback (most recent call last):
  File "D:\Synced folder 2\tradex_opinionTrading\codes_2\main_strategy_run.py", line 62, in <module>
    strat_obj_dict[j].update()
  File "D:\Synced folder 2\tradex_opinionTrading\codes_2\strat6.py", line 307, in update
    self._print_details("updating")
  File "D:\Synced folder 2\tradex_opinionTrading\codes_2\strat6.py", line 89, in _print_details
    "Spread": [100-self.priceatri.yes_best_price-self.priceatri.no_best_price, 100-self.priceatri.yes_best_price-self.priceatri.no_best_price],
TypeError: unsupported operand type(s) for -: 'int' and 'NoneType'
ERROR:__main__:2022-11-03 16:27:07,307:cannot unpack non-iterable NoneType object
Traceback (most recent call last):
  File "D:\Synced folder 2\tradex_opinionTrading\codes_2\main_strategy_run.py", line 62, in <module>
    strat_obj_dict[j].update()
  File "D:\Synced folder 2\tradex_opinionTrading\codes_2\strat6.py", line 298, in update
    self.priceatri.update_priceatri()
  File "D:\Synced folder 2\tradex_opinionTrading\codes_2\price_attributes.py", line 94, in update_priceatri
    self.set_executed_wap_avgpri()
  File "D:\Synced folder 2\tradex_opinionTrading\codes_2\price_attributes.py", line 43, in set_executed_wap_avgpri
    self.yes_executed_wap, self.yes_executed_avgpri = self._calc_wap_avgpri("Y")
TypeError: cannot unpack non-iterable NoneType object
ERROR:__main__:2022-11-03 16:28:26,638:unsupported operand type(s) for -: 'int' and 'NoneType'
Traceback (most recent call last):
  File "D:\Synced folder 2\tradex_opinionTrading\codes_2\main_strategy_run.py", line 62, in <module>
    strat_obj_dict[j].update()
  File "D:\Synced folder 2\tradex_opinionTrading\codes_2\strat6.py", line 307, in update
    self._print_details("updating")
  File "D:\Synced folder 2\tradex_opinionTrading\codes_2\strat6.py", line 89, in _print_details
    "Spread": [100-self.priceatri.yes_best_price-self.priceatri.no_best_price, 100-self.priceatri.yes_best_price-self.priceatri.no_best_price],
TypeError: unsupported operand type(s) for -: 'int' and 'NoneType'
ERROR:__main__:2022-11-03 16:28:30,454:cannot unpack non-iterable NoneType object
Traceback (most recent call last):
  File "D:\Synced folder 2\tradex_opinionTrading\codes_2\main_strategy_run.py", line 62, in <module>
    strat_obj_dict[j].update()
  File "D:\Synced folder 2\tradex_opinionTrading\codes_2\strat6.py", line 298, in update
    self.priceatri.update_priceatri()
  File "D:\Synced folder 2\tradex_opinionTrading\codes_2\price_attributes.py", line 94, in update_priceatri
    self.set_executed_wap_avgpri()
  File "D:\Synced folder 2\tradex_opinionTrading\codes_2\price_attributes.py", line 43, in set_executed_wap_avgpri
    self.yes_executed_wap, self.yes_executed_avgpri = self._calc_wap_avgpri("Y")
TypeError: cannot unpack non-iterable NoneType object
ERROR:__main__:2022-11-03 16:30:01,031:cannot unpack non-iterable NoneType object
Traceback (most recent call last):
  File "D:\Synced folder 2\tradex_opinionTrading\codes_2\main_strategy_run.py", line 62, in <module>
    strat_obj_dict[j].update()
  File "D:\Synced folder 2\tradex_opinionTrading\codes_2\strat6.py", line 298, in update
    self.priceatri.update_priceatri()
  File "D:\Synced folder 2\tradex_opinionTrading\codes_2\price_attributes.py", line 94, in update_priceatri
    self.set_executed_wap_avgpri()
  File "D:\Synced folder 2\tradex_opinionTrading\codes_2\price_attributes.py", line 43, in set_executed_wap_avgpri
    self.yes_executed_wap, self.yes_executed_avgpri = self._calc_wap_avgpri("Y")
TypeError: cannot unpack non-iterable NoneType object
ERROR:__main__:2022-11-03 16:31:03,370:cannot unpack non-iterable NoneType object
Traceback (most recent call last):
  File "D:\Synced folder 2\tradex_opinionTrading\codes_2\main_strategy_run.py", line 62, in <module>
    strat_obj_dict[j].update()
  File "D:\Synced folder 2\tradex_opinionTrading\codes_2\strat6.py", line 298, in update
    self.priceatri.update_priceatri()
  File "D:\Synced folder 2\tradex_opinionTrading\codes_2\price_attributes.py", line 94, in update_priceatri
    self.set_executed_wap_avgpri()
  File "D:\Synced folder 2\tradex_opinionTrading\codes_2\price_attributes.py", line 43, in set_executed_wap_avgpri
    self.yes_executed_wap, self.yes_executed_avgpri = self._calc_wap_avgpri("Y")
TypeError: cannot unpack non-iterable NoneType object
ERROR:__main__:2022-11-03 16:32:21,745:cannot unpack non-iterable NoneType object
Traceback (most recent call last):
  File "D:\Synced folder 2\tradex_opinionTrading\codes_2\main_strategy_run.py", line 62, in <module>
    strat_obj_dict[j].update()
  File "D:\Synced folder 2\tradex_opinionTrading\codes_2\strat6.py", line 298, in update
    self.priceatri.update_priceatri()
  File "D:\Synced folder 2\tradex_opinionTrading\codes_2\price_attributes.py", line 94, in update_priceatri
    self.set_executed_wap_avgpri()
  File "D:\Synced folder 2\tradex_opinionTrading\codes_2\price_attributes.py", line 44, in set_executed_wap_avgpri
    self.no_executed_wap, self.no_executed_avgpri = self._calc_wap_avgpri("N")
TypeError: cannot unpack non-iterable NoneType object
ERROR:__main__:2022-11-03 16:32:23,949:cannot unpack non-iterable NoneType object
Traceback (most recent call last):
  File "D:\Synced folder 2\tradex_opinionTrading\codes_2\main_strategy_run.py", line 62, in <module>
    strat_obj_dict[j].update()
  File "D:\Synced folder 2\tradex_opinionTrading\codes_2\strat6.py", line 298, in update
    self.priceatri.update_priceatri()
  File "D:\Synced folder 2\tradex_opinionTrading\codes_2\price_attributes.py", line 94, in update_priceatri
    self.set_executed_wap_avgpri()
  File "D:\Synced folder 2\tradex_opinionTrading\codes_2\price_attributes.py", line 43, in set_executed_wap_avgpri
    self.yes_executed_wap, self.yes_executed_avgpri = self._calc_wap_avgpri("Y")
TypeError: cannot unpack non-iterable NoneType object
ERROR:__main__:2022-11-03 16:33:42,063:cannot unpack non-iterable NoneType object
Traceback (most recent call last):
  File "D:\Synced folder 2\tradex_opinionTrading\codes_2\main_strategy_run.py", line 62, in <module>
    strat_obj_dict[j].update()
  File "D:\Synced folder 2\tradex_opinionTrading\codes_2\strat6.py", line 298, in update
    self.priceatri.update_priceatri()
  File "D:\Synced folder 2\tradex_opinionTrading\codes_2\price_attributes.py", line 94, in update_priceatri
    self.set_executed_wap_avgpri()
  File "D:\Synced folder 2\tradex_opinionTrading\codes_2\price_attributes.py", line 44, in set_executed_wap_avgpri
    self.no_executed_wap, self.no_executed_avgpri = self._calc_wap_avgpri("N")
TypeError: cannot unpack non-iterable NoneType object
ERROR:__main__:2022-11-03 16:33:43,909:cannot unpack non-iterable NoneType object
Traceback (most recent call last):
  File "D:\Synced folder 2\tradex_opinionTrading\codes_2\main_strategy_run.py", line 62, in <module>
    strat_obj_dict[j].update()
  File "D:\Synced folder 2\tradex_opinionTrading\codes_2\strat6.py", line 298, in update
    self.priceatri.update_priceatri()
  File "D:\Synced folder 2\tradex_opinionTrading\codes_2\price_attributes.py", line 94, in update_priceatri
    self.set_executed_wap_avgpri()
  File "D:\Synced folder 2\tradex_opinionTrading\codes_2\price_attributes.py", line 43, in set_executed_wap_avgpri
    self.yes_executed_wap, self.yes_executed_avgpri = self._calc_wap_avgpri("Y")
TypeError: cannot unpack non-iterable NoneType object
ERROR:__main__:2022-11-03 16:35:13,790:cannot unpack non-iterable NoneType object
Traceback (most recent call last):
  File "D:\Synced folder 2\tradex_opinionTrading\codes_2\main_strategy_run.py", line 62, in <module>
    strat_obj_dict[j].update()
  File "D:\Synced folder 2\tradex_opinionTrading\codes_2\strat6.py", line 298, in update
    self.priceatri.update_priceatri()
  File "D:\Synced folder 2\tradex_opinionTrading\codes_2\price_attributes.py", line 94, in update_priceatri
    self.set_executed_wap_avgpri()
  File "D:\Synced folder 2\tradex_opinionTrading\codes_2\price_attributes.py", line 43, in set_executed_wap_avgpri
    self.yes_executed_wap, self.yes_executed_avgpri = self._calc_wap_avgpri("Y")
TypeError: cannot unpack non-iterable NoneType object
ERROR:__main__:2022-11-03 16:36:14,131:cannot unpack non-iterable NoneType object
Traceback (most recent call last):
  File "D:\Synced folder 2\tradex_opinionTrading\codes_2\main_strategy_run.py", line 62, in <module>
    strat_obj_dict[j].update()
  File "D:\Synced folder 2\tradex_opinionTrading\codes_2\strat6.py", line 298, in update
    self.priceatri.update_priceatri()
  File "D:\Synced folder 2\tradex_opinionTrading\codes_2\price_attributes.py", line 94, in update_priceatri
    self.set_executed_wap_avgpri()
  File "D:\Synced folder 2\tradex_opinionTrading\codes_2\price_attributes.py", line 44, in set_executed_wap_avgpri
    self.no_executed_wap, self.no_executed_avgpri = self._calc_wap_avgpri("N")
TypeError: cannot unpack non-iterable NoneType object
ERROR:__main__:2022-11-03 16:36:16,099:cannot unpack non-iterable NoneType object
Traceback (most recent call last):
  File "D:\Synced folder 2\tradex_opinionTrading\codes_2\main_strategy_run.py", line 62, in <module>
    strat_obj_dict[j].update()
  File "D:\Synced folder 2\tradex_opinionTrading\codes_2\strat6.py", line 298, in update
    self.priceatri.update_priceatri()
  File "D:\Synced folder 2\tradex_opinionTrading\codes_2\price_attributes.py", line 94, in update_priceatri
    self.set_executed_wap_avgpri()
  File "D:\Synced folder 2\tradex_opinionTrading\codes_2\price_attributes.py", line 43, in set_executed_wap_avgpri
    self.yes_executed_wap, self.yes_executed_avgpri = self._calc_wap_avgpri("Y")
TypeError: cannot unpack non-iterable NoneType object
ERROR:__main__:2022-11-03 16:37:38,810:cannot unpack non-iterable NoneType object
Traceback (most recent call last):
  File "D:\Synced folder 2\tradex_opinionTrading\codes_2\main_strategy_run.py", line 62, in <module>
    strat_obj_dict[j].update()
  File "D:\Synced folder 2\tradex_opinionTrading\codes_2\strat6.py", line 298, in update
    self.priceatri.update_priceatri()
  File "D:\Synced folder 2\tradex_opinionTrading\codes_2\price_attributes.py", line 94, in update_priceatri
    self.set_executed_wap_avgpri()
  File "D:\Synced folder 2\tradex_opinionTrading\codes_2\price_attributes.py", line 44, in set_executed_wap_avgpri
    self.no_executed_wap, self.no_executed_avgpri = self._calc_wap_avgpri("N")
TypeError: cannot unpack non-iterable NoneType object
ERROR:__main__:2022-11-03 16:37:40,674:cannot unpack non-iterable NoneType object
Traceback (most recent call last):
  File "D:\Synced folder 2\tradex_opinionTrading\codes_2\main_strategy_run.py", line 62, in <module>
    strat_obj_dict[j].update()
  File "D:\Synced folder 2\tradex_opinionTrading\codes_2\strat6.py", line 298, in update
    self.priceatri.update_priceatri()
  File "D:\Synced folder 2\tradex_opinionTrading\codes_2\price_attributes.py", line 94, in update_priceatri
    self.set_executed_wap_avgpri()
  File "D:\Synced folder 2\tradex_opinionTrading\codes_2\price_attributes.py", line 43, in set_executed_wap_avgpri
    self.yes_executed_wap, self.yes_executed_avgpri = self._calc_wap_avgpri("Y")
TypeError: cannot unpack non-iterable NoneType object
ERROR:__main__:2022-11-03 16:38:48,185:cannot unpack non-iterable NoneType object
Traceback (most recent call last):
  File "D:\Synced folder 2\tradex_opinionTrading\codes_2\main_strategy_run.py", line 62, in <module>
    strat_obj_dict[j].update()
  File "D:\Synced folder 2\tradex_opinionTrading\codes_2\strat6.py", line 298, in update
    self.priceatri.update_priceatri()
  File "D:\Synced folder 2\tradex_opinionTrading\codes_2\price_attributes.py", line 94, in update_priceatri
    self.set_executed_wap_avgpri()
  File "D:\Synced folder 2\tradex_opinionTrading\codes_2\price_attributes.py", line 44, in set_executed_wap_avgpri
    self.no_executed_wap, self.no_executed_avgpri = self._calc_wap_avgpri("N")
TypeError: cannot unpack non-iterable NoneType object
ERROR:__main__:2022-11-03 16:38:50,215:cannot unpack non-iterable NoneType object
Traceback (most recent call last):
  File "D:\Synced folder 2\tradex_opinionTrading\codes_2\main_strategy_run.py", line 62, in <module>
    strat_obj_dict[j].update()
  File "D:\Synced folder 2\tradex_opinionTrading\codes_2\strat6.py", line 298, in update
    self.priceatri.update_priceatri()
  File "D:\Synced folder 2\tradex_opinionTrading\codes_2\price_attributes.py", line 94, in update_priceatri
    self.set_executed_wap_avgpri()
  File "D:\Synced folder 2\tradex_opinionTrading\codes_2\price_attributes.py", line 43, in set_executed_wap_avgpri
    self.yes_executed_wap, self.yes_executed_avgpri = self._calc_wap_avgpri("Y")
TypeError: cannot unpack non-iterable NoneType object
ERROR:__main__:2022-11-03 16:39:46,889:cannot unpack non-iterable NoneType object
Traceback (most recent call last):
  File "D:\Synced folder 2\tradex_opinionTrading\codes_2\main_strategy_run.py", line 62, in <module>
    strat_obj_dict[j].update()
  File "D:\Synced folder 2\tradex_opinionTrading\codes_2\strat6.py", line 298, in update
    self.priceatri.update_priceatri()
  File "D:\Synced folder 2\tradex_opinionTrading\codes_2\price_attributes.py", line 94, in update_priceatri
    self.set_executed_wap_avgpri()
  File "D:\Synced folder 2\tradex_opinionTrading\codes_2\price_attributes.py", line 44, in set_executed_wap_avgpri
    self.no_executed_wap, self.no_executed_avgpri = self._calc_wap_avgpri("N")
TypeError: cannot unpack non-iterable NoneType object
ERROR:__main__:2022-11-03 16:39:48,894:cannot unpack non-iterable NoneType object
Traceback (most recent call last):
  File "D:\Synced folder 2\tradex_opinionTrading\codes_2\main_strategy_run.py", line 62, in <module>
    strat_obj_dict[j].update()
  File "D:\Synced folder 2\tradex_opinionTrading\codes_2\strat6.py", line 298, in update
    self.priceatri.update_priceatri()
  File "D:\Synced folder 2\tradex_opinionTrading\codes_2\price_attributes.py", line 94, in update_priceatri
    self.set_executed_wap_avgpri()
  File "D:\Synced folder 2\tradex_opinionTrading\codes_2\price_attributes.py", line 43, in set_executed_wap_avgpri
    self.yes_executed_wap, self.yes_executed_avgpri = self._calc_wap_avgpri("Y")
TypeError: cannot unpack non-iterable NoneType object
ERROR:__main__:2022-11-03 16:40:45,170:cannot unpack non-iterable NoneType object
Traceback (most recent call last):
  File "D:\Synced folder 2\tradex_opinionTrading\codes_2\main_strategy_run.py", line 62, in <module>
    strat_obj_dict[j].update()
  File "D:\Synced folder 2\tradex_opinionTrading\codes_2\strat6.py", line 298, in update
    self.priceatri.update_priceatri()
  File "D:\Synced folder 2\tradex_opinionTrading\codes_2\price_attributes.py", line 94, in update_priceatri
    self.set_executed_wap_avgpri()
  File "D:\Synced folder 2\tradex_opinionTrading\codes_2\price_attributes.py", line 44, in set_executed_wap_avgpri
    self.no_executed_wap, self.no_executed_avgpri = self._calc_wap_avgpri("N")
TypeError: cannot unpack non-iterable NoneType object
ERROR:__main__:2022-11-03 16:40:47,086:cannot unpack non-iterable NoneType object
Traceback (most recent call last):
  File "D:\Synced folder 2\tradex_opinionTrading\codes_2\main_strategy_run.py", line 62, in <module>
    strat_obj_dict[j].update()
  File "D:\Synced folder 2\tradex_opinionTrading\codes_2\strat6.py", line 298, in update
    self.priceatri.update_priceatri()
  File "D:\Synced folder 2\tradex_opinionTrading\codes_2\price_attributes.py", line 94, in update_priceatri
    self.set_executed_wap_avgpri()
  File "D:\Synced folder 2\tradex_opinionTrading\codes_2\price_attributes.py", line 43, in set_executed_wap_avgpri
    self.yes_executed_wap, self.yes_executed_avgpri = self._calc_wap_avgpri("Y")
TypeError: cannot unpack non-iterable NoneType object
ERROR:__main__:2022-11-03 16:42:11,840:cannot unpack non-iterable NoneType object
Traceback (most recent call last):
  File "D:\Synced folder 2\tradex_opinionTrading\codes_2\main_strategy_run.py", line 62, in <module>
    strat_obj_dict[j].update()
  File "D:\Synced folder 2\tradex_opinionTrading\codes_2\strat6.py", line 298, in update
    self.priceatri.update_priceatri()
  File "D:\Synced folder 2\tradex_opinionTrading\codes_2\price_attributes.py", line 94, in update_priceatri
    self.set_executed_wap_avgpri()
  File "D:\Synced folder 2\tradex_opinionTrading\codes_2\price_attributes.py", line 44, in set_executed_wap_avgpri
    self.no_executed_wap, self.no_executed_avgpri = self._calc_wap_avgpri("N")
TypeError: cannot unpack non-iterable NoneType object
ERROR:__main__:2022-11-03 16:42:13,926:cannot unpack non-iterable NoneType object
Traceback (most recent call last):
  File "D:\Synced folder 2\tradex_opinionTrading\codes_2\main_strategy_run.py", line 62, in <module>
    strat_obj_dict[j].update()
  File "D:\Synced folder 2\tradex_opinionTrading\codes_2\strat6.py", line 298, in update
    self.priceatri.update_priceatri()
  File "D:\Synced folder 2\tradex_opinionTrading\codes_2\price_attributes.py", line 94, in update_priceatri
    self.set_executed_wap_avgpri()
  File "D:\Synced folder 2\tradex_opinionTrading\codes_2\price_attributes.py", line 43, in set_executed_wap_avgpri
    self.yes_executed_wap, self.yes_executed_avgpri = self._calc_wap_avgpri("Y")
TypeError: cannot unpack non-iterable NoneType object
ERROR:__main__:2022-11-03 16:43:43,348:cannot unpack non-iterable NoneType object
Traceback (most recent call last):
  File "D:\Synced folder 2\tradex_opinionTrading\codes_2\main_strategy_run.py", line 62, in <module>
    strat_obj_dict[j].update()
  File "D:\Synced folder 2\tradex_opinionTrading\codes_2\strat6.py", line 298, in update
    self.priceatri.update_priceatri()
  File "D:\Synced folder 2\tradex_opinionTrading\codes_2\price_attributes.py", line 94, in update_priceatri
    self.set_executed_wap_avgpri()
  File "D:\Synced folder 2\tradex_opinionTrading\codes_2\price_attributes.py", line 44, in set_executed_wap_avgpri
    self.no_executed_wap, self.no_executed_avgpri = self._calc_wap_avgpri("N")
TypeError: cannot unpack non-iterable NoneType object
ERROR:__main__:2022-11-03 16:43:49,968:cannot unpack non-iterable NoneType object
Traceback (most recent call last):
  File "D:\Synced folder 2\tradex_opinionTrading\codes_2\main_strategy_run.py", line 62, in <module>
    strat_obj_dict[j].update()
  File "D:\Synced folder 2\tradex_opinionTrading\codes_2\strat6.py", line 298, in update
    self.priceatri.update_priceatri()
  File "D:\Synced folder 2\tradex_opinionTrading\codes_2\price_attributes.py", line 94, in update_priceatri
    self.set_executed_wap_avgpri()
  File "D:\Synced folder 2\tradex_opinionTrading\codes_2\price_attributes.py", line 43, in set_executed_wap_avgpri
    self.yes_executed_wap, self.yes_executed_avgpri = self._calc_wap_avgpri("Y")
TypeError: cannot unpack non-iterable NoneType object
ERROR:__main__:2022-11-03 16:45:08,803:cannot unpack non-iterable NoneType object
Traceback (most recent call last):
  File "D:\Synced folder 2\tradex_opinionTrading\codes_2\main_strategy_run.py", line 62, in <module>
    strat_obj_dict[j].update()
  File "D:\Synced folder 2\tradex_opinionTrading\codes_2\strat6.py", line 298, in update
    self.priceatri.update_priceatri()
  File "D:\Synced folder 2\tradex_opinionTrading\codes_2\price_attributes.py", line 94, in update_priceatri
    self.set_executed_wap_avgpri()
  File "D:\Synced folder 2\tradex_opinionTrading\codes_2\price_attributes.py", line 44, in set_executed_wap_avgpri
    self.no_executed_wap, self.no_executed_avgpri = self._calc_wap_avgpri("N")
TypeError: cannot unpack non-iterable NoneType object
ERROR:__main__:2022-11-03 16:45:16,176:cannot unpack non-iterable NoneType object
Traceback (most recent call last):
  File "D:\Synced folder 2\tradex_opinionTrading\codes_2\main_strategy_run.py", line 62, in <module>
    strat_obj_dict[j].update()
  File "D:\Synced folder 2\tradex_opinionTrading\codes_2\strat6.py", line 298, in update
    self.priceatri.update_priceatri()
  File "D:\Synced folder 2\tradex_opinionTrading\codes_2\price_attributes.py", line 94, in update_priceatri
    self.set_executed_wap_avgpri()
  File "D:\Synced folder 2\tradex_opinionTrading\codes_2\price_attributes.py", line 43, in set_executed_wap_avgpri
    self.yes_executed_wap, self.yes_executed_avgpri = self._calc_wap_avgpri("Y")
TypeError: cannot unpack non-iterable NoneType object
ERROR:__main__:2022-11-03 16:46:40,788:cannot unpack non-iterable NoneType object
Traceback (most recent call last):
  File "D:\Synced folder 2\tradex_opinionTrading\codes_2\main_strategy_run.py", line 62, in <module>
    strat_obj_dict[j].update()
  File "D:\Synced folder 2\tradex_opinionTrading\codes_2\strat6.py", line 298, in update
    self.priceatri.update_priceatri()
  File "D:\Synced folder 2\tradex_opinionTrading\codes_2\price_attributes.py", line 94, in update_priceatri
    self.set_executed_wap_avgpri()
  File "D:\Synced folder 2\tradex_opinionTrading\codes_2\price_attributes.py", line 44, in set_executed_wap_avgpri
    self.no_executed_wap, self.no_executed_avgpri = self._calc_wap_avgpri("N")
TypeError: cannot unpack non-iterable NoneType object
ERROR:__main__:2022-11-03 16:46:43,687:cannot unpack non-iterable NoneType object
Traceback (most recent call last):
  File "D:\Synced folder 2\tradex_opinionTrading\codes_2\main_strategy_run.py", line 62, in <module>
    strat_obj_dict[j].update()
  File "D:\Synced folder 2\tradex_opinionTrading\codes_2\strat6.py", line 298, in update
    self.priceatri.update_priceatri()
  File "D:\Synced folder 2\tradex_opinionTrading\codes_2\price_attributes.py", line 94, in update_priceatri
    self.set_executed_wap_avgpri()
  File "D:\Synced folder 2\tradex_opinionTrading\codes_2\price_attributes.py", line 43, in set_executed_wap_avgpri
    self.yes_executed_wap, self.yes_executed_avgpri = self._calc_wap_avgpri("Y")
TypeError: cannot unpack non-iterable NoneType object
ERROR:__main__:2022-11-03 16:47:49,811:cannot unpack non-iterable NoneType object
Traceback (most recent call last):
  File "D:\Synced folder 2\tradex_opinionTrading\codes_2\main_strategy_run.py", line 62, in <module>
    strat_obj_dict[j].update()
  File "D:\Synced folder 2\tradex_opinionTrading\codes_2\strat6.py", line 298, in update
    self.priceatri.update_priceatri()
  File "D:\Synced folder 2\tradex_opinionTrading\codes_2\price_attributes.py", line 94, in update_priceatri
    self.set_executed_wap_avgpri()
  File "D:\Synced folder 2\tradex_opinionTrading\codes_2\price_attributes.py", line 44, in set_executed_wap_avgpri
    self.no_executed_wap, self.no_executed_avgpri = self._calc_wap_avgpri("N")
TypeError: cannot unpack non-iterable NoneType object
ERROR:__main__:2022-11-03 16:47:52,302:cannot unpack non-iterable NoneType object
Traceback (most recent call last):
  File "D:\Synced folder 2\tradex_opinionTrading\codes_2\main_strategy_run.py", line 62, in <module>
    strat_obj_dict[j].update()
  File "D:\Synced folder 2\tradex_opinionTrading\codes_2\strat6.py", line 298, in update
    self.priceatri.update_priceatri()
  File "D:\Synced folder 2\tradex_opinionTrading\codes_2\price_attributes.py", line 94, in update_priceatri
    self.set_executed_wap_avgpri()
  File "D:\Synced folder 2\tradex_opinionTrading\codes_2\price_attributes.py", line 43, in set_executed_wap_avgpri
    self.yes_executed_wap, self.yes_executed_avgpri = self._calc_wap_avgpri("Y")
TypeError: cannot unpack non-iterable NoneType object
ERROR:__main__:2022-11-03 16:49:19,193:cannot unpack non-iterable NoneType object
Traceback (most recent call last):
  File "D:\Synced folder 2\tradex_opinionTrading\codes_2\main_strategy_run.py", line 62, in <module>
    strat_obj_dict[j].update()
  File "D:\Synced folder 2\tradex_opinionTrading\codes_2\strat6.py", line 298, in update
    self.priceatri.update_priceatri()
  File "D:\Synced folder 2\tradex_opinionTrading\codes_2\price_attributes.py", line 94, in update_priceatri
    self.set_executed_wap_avgpri()
  File "D:\Synced folder 2\tradex_opinionTrading\codes_2\price_attributes.py", line 44, in set_executed_wap_avgpri
    self.no_executed_wap, self.no_executed_avgpri = self._calc_wap_avgpri("N")
TypeError: cannot unpack non-iterable NoneType object
ERROR:__main__:2022-11-03 16:49:21,207:cannot unpack non-iterable NoneType object
Traceback (most recent call last):
  File "D:\Synced folder 2\tradex_opinionTrading\codes_2\main_strategy_run.py", line 62, in <module>
    strat_obj_dict[j].update()
  File "D:\Synced folder 2\tradex_opinionTrading\codes_2\strat6.py", line 298, in update
    self.priceatri.update_priceatri()
  File "D:\Synced folder 2\tradex_opinionTrading\codes_2\price_attributes.py", line 94, in update_priceatri
    self.set_executed_wap_avgpri()
  File "D:\Synced folder 2\tradex_opinionTrading\codes_2\price_attributes.py", line 43, in set_executed_wap_avgpri
    self.yes_executed_wap, self.yes_executed_avgpri = self._calc_wap_avgpri("Y")
TypeError: cannot unpack non-iterable NoneType object
ERROR:__main__:2022-11-03 16:50:44,058:cannot unpack non-iterable NoneType object
Traceback (most recent call last):
  File "D:\Synced folder 2\tradex_opinionTrading\codes_2\main_strategy_run.py", line 62, in <module>
    strat_obj_dict[j].update()
  File "D:\Synced folder 2\tradex_opinionTrading\codes_2\strat6.py", line 298, in update
    self.priceatri.update_priceatri()
  File "D:\Synced folder 2\tradex_opinionTrading\codes_2\price_attributes.py", line 94, in update_priceatri
    self.set_executed_wap_avgpri()
  File "D:\Synced folder 2\tradex_opinionTrading\codes_2\price_attributes.py", line 44, in set_executed_wap_avgpri
    self.no_executed_wap, self.no_executed_avgpri = self._calc_wap_avgpri("N")
TypeError: cannot unpack non-iterable NoneType object
ERROR:__main__:2022-11-03 16:50:46,608:cannot unpack non-iterable NoneType object
Traceback (most recent call last):
  File "D:\Synced folder 2\tradex_opinionTrading\codes_2\main_strategy_run.py", line 62, in <module>
    strat_obj_dict[j].update()
  File "D:\Synced folder 2\tradex_opinionTrading\codes_2\strat6.py", line 298, in update
    self.priceatri.update_priceatri()
  File "D:\Synced folder 2\tradex_opinionTrading\codes_2\price_attributes.py", line 94, in update_priceatri
    self.set_executed_wap_avgpri()
  File "D:\Synced folder 2\tradex_opinionTrading\codes_2\price_attributes.py", line 43, in set_executed_wap_avgpri
    self.yes_executed_wap, self.yes_executed_avgpri = self._calc_wap_avgpri("Y")
TypeError: cannot unpack non-iterable NoneType object
ERROR:__main__:2022-11-03 16:52:13,809:cannot unpack non-iterable NoneType object
Traceback (most recent call last):
  File "D:\Synced folder 2\tradex_opinionTrading\codes_2\main_strategy_run.py", line 62, in <module>
    strat_obj_dict[j].update()
  File "D:\Synced folder 2\tradex_opinionTrading\codes_2\strat6.py", line 298, in update
    self.priceatri.update_priceatri()
  File "D:\Synced folder 2\tradex_opinionTrading\codes_2\price_attributes.py", line 94, in update_priceatri
    self.set_executed_wap_avgpri()
  File "D:\Synced folder 2\tradex_opinionTrading\codes_2\price_attributes.py", line 44, in set_executed_wap_avgpri
    self.no_executed_wap, self.no_executed_avgpri = self._calc_wap_avgpri("N")
TypeError: cannot unpack non-iterable NoneType object
ERROR:__main__:2022-11-03 16:53:41,082:cannot unpack non-iterable NoneType object
Traceback (most recent call last):
  File "D:\Synced folder 2\tradex_opinionTrading\codes_2\main_strategy_run.py", line 62, in <module>
    strat_obj_dict[j].update()
  File "D:\Synced folder 2\tradex_opinionTrading\codes_2\strat6.py", line 298, in update
    self.priceatri.update_priceatri()
  File "D:\Synced folder 2\tradex_opinionTrading\codes_2\price_attributes.py", line 94, in update_priceatri
    self.set_executed_wap_avgpri()
  File "D:\Synced folder 2\tradex_opinionTrading\codes_2\price_attributes.py", line 44, in set_executed_wap_avgpri
    self.no_executed_wap, self.no_executed_avgpri = self._calc_wap_avgpri("N")
TypeError: cannot unpack non-iterable NoneType object
ERROR:__main__:2022-11-03 16:55:26,437:cannot unpack non-iterable NoneType object
Traceback (most recent call last):
  File "D:\Synced folder 2\tradex_opinionTrading\codes_2\main_strategy_run.py", line 62, in <module>
    strat_obj_dict[j].update()
  File "D:\Synced folder 2\tradex_opinionTrading\codes_2\strat6.py", line 298, in update
    self.priceatri.update_priceatri()
  File "D:\Synced folder 2\tradex_opinionTrading\codes_2\price_attributes.py", line 94, in update_priceatri
    self.set_executed_wap_avgpri()
  File "D:\Synced folder 2\tradex_opinionTrading\codes_2\price_attributes.py", line 44, in set_executed_wap_avgpri
    self.no_executed_wap, self.no_executed_avgpri = self._calc_wap_avgpri("N")
TypeError: cannot unpack non-iterable NoneType object
