ERROR:__main__:2022-11-22 15:38:24,499:unsupported operand type(s) for -: 'float' and 'NoneType'
Traceback (most recent call last):
  File "D:\Synced folder 2\tradex_opinionTrading\codes_2\main_strategy_run.py", line 114, in <module>
    strat_obj_dict[i].initialise()
  File "D:\Synced folder 2\tradex_opinionTrading\codes_2\strat7.py", line 484, in initialise
    self._get_situation()
  File "D:\Synced folder 2\tradex_opinionTrading\codes_2\strat7.py", line 258, in _get_situation
    diff_fair_best_n = (99 - self.yes_fair_price) - self.priceatri.no_best_price
TypeError: unsupported operand type(s) for -: 'float' and 'NoneType'
ERROR:__main__:2022-11-22 15:39:42,113:unsupported operand type(s) for -: 'float' and 'NoneType'
Traceback (most recent call last):
  File "D:\Synced folder 2\tradex_opinionTrading\codes_2\main_strategy_run.py", line 127, in <module>
    strat_obj_dict[j].update()
  File "D:\Synced folder 2\tradex_opinionTrading\codes_2\strat7.py", line 500, in update
    self._get_situation()
  File "D:\Synced folder 2\tradex_opinionTrading\codes_2\strat7.py", line 258, in _get_situation
    diff_fair_best_n = (99 - self.yes_fair_price) - self.priceatri.no_best_price
TypeError: unsupported operand type(s) for -: 'float' and 'NoneType'
ERROR:__main__:2022-11-22 15:41:45,962:unsupported operand type(s) for -: 'float' and 'NoneType'
Traceback (most recent call last):
  File "D:\Synced folder 2\tradex_opinionTrading\codes_2\main_strategy_run.py", line 127, in <module>
    strat_obj_dict[j].update()
  File "D:\Synced folder 2\tradex_opinionTrading\codes_2\strat7.py", line 500, in update
    self._get_situation()
  File "D:\Synced folder 2\tradex_opinionTrading\codes_2\strat7.py", line 258, in _get_situation
    diff_fair_best_n = (99 - self.yes_fair_price) - self.priceatri.no_best_price
TypeError: unsupported operand type(s) for -: 'float' and 'NoneType'
ERROR:__main__:2022-11-22 15:44:02,042:unsupported operand type(s) for -: 'float' and 'NoneType'
Traceback (most recent call last):
  File "D:\Synced folder 2\tradex_opinionTrading\codes_2\main_strategy_run.py", line 127, in <module>
    strat_obj_dict[j].update()
  File "D:\Synced folder 2\tradex_opinionTrading\codes_2\strat7.py", line 500, in update
    self._get_situation()
  File "D:\Synced folder 2\tradex_opinionTrading\codes_2\strat7.py", line 258, in _get_situation
    diff_fair_best_n = (99 - self.yes_fair_price) - self.priceatri.no_best_price
TypeError: unsupported operand type(s) for -: 'float' and 'NoneType'
ERROR:__main__:2022-11-22 15:46:10,700:unsupported operand type(s) for -: 'float' and 'NoneType'
Traceback (most recent call last):
  File "D:\Synced folder 2\tradex_opinionTrading\codes_2\main_strategy_run.py", line 127, in <module>
    strat_obj_dict[j].update()
  File "D:\Synced folder 2\tradex_opinionTrading\codes_2\strat7.py", line 500, in update
    self._get_situation()
  File "D:\Synced folder 2\tradex_opinionTrading\codes_2\strat7.py", line 258, in _get_situation
    diff_fair_best_n = (99 - self.yes_fair_price) - self.priceatri.no_best_price
TypeError: unsupported operand type(s) for -: 'float' and 'NoneType'
ERROR:__main__:2022-11-22 15:48:17,887:unsupported operand type(s) for -: 'float' and 'NoneType'
Traceback (most recent call last):
  File "D:\Synced folder 2\tradex_opinionTrading\codes_2\main_strategy_run.py", line 127, in <module>
    strat_obj_dict[j].update()
  File "D:\Synced folder 2\tradex_opinionTrading\codes_2\strat7.py", line 500, in update
    self._get_situation()
  File "D:\Synced folder 2\tradex_opinionTrading\codes_2\strat7.py", line 258, in _get_situation
    diff_fair_best_n = (99 - self.yes_fair_price) - self.priceatri.no_best_price
TypeError: unsupported operand type(s) for -: 'float' and 'NoneType'
ERROR:__main__:2022-11-22 15:50:19,215:unsupported operand type(s) for -: 'float' and 'NoneType'
Traceback (most recent call last):
  File "D:\Synced folder 2\tradex_opinionTrading\codes_2\main_strategy_run.py", line 127, in <module>
    strat_obj_dict[j].update()
  File "D:\Synced folder 2\tradex_opinionTrading\codes_2\strat7.py", line 500, in update
    self._get_situation()
  File "D:\Synced folder 2\tradex_opinionTrading\codes_2\strat7.py", line 258, in _get_situation
    diff_fair_best_n = (99 - self.yes_fair_price) - self.priceatri.no_best_price
TypeError: unsupported operand type(s) for -: 'float' and 'NoneType'
ERROR:__main__:2022-11-22 15:52:25,284:unsupported operand type(s) for -: 'float' and 'NoneType'
Traceback (most recent call last):
  File "D:\Synced folder 2\tradex_opinionTrading\codes_2\main_strategy_run.py", line 127, in <module>
    strat_obj_dict[j].update()
  File "D:\Synced folder 2\tradex_opinionTrading\codes_2\strat7.py", line 500, in update
    self._get_situation()
  File "D:\Synced folder 2\tradex_opinionTrading\codes_2\strat7.py", line 258, in _get_situation
    diff_fair_best_n = (99 - self.yes_fair_price) - self.priceatri.no_best_price
TypeError: unsupported operand type(s) for -: 'float' and 'NoneType'
ERROR:__main__:2022-11-22 15:54:30,404:unsupported operand type(s) for -: 'float' and 'NoneType'
Traceback (most recent call last):
  File "D:\Synced folder 2\tradex_opinionTrading\codes_2\main_strategy_run.py", line 127, in <module>
    strat_obj_dict[j].update()
  File "D:\Synced folder 2\tradex_opinionTrading\codes_2\strat7.py", line 500, in update
    self._get_situation()
  File "D:\Synced folder 2\tradex_opinionTrading\codes_2\strat7.py", line 258, in _get_situation
    diff_fair_best_n = (99 - self.yes_fair_price) - self.priceatri.no_best_price
TypeError: unsupported operand type(s) for -: 'float' and 'NoneType'
ERROR:__main__:2022-11-22 15:56:32,346:unsupported operand type(s) for -: 'float' and 'NoneType'
Traceback (most recent call last):
  File "D:\Synced folder 2\tradex_opinionTrading\codes_2\main_strategy_run.py", line 127, in <module>
    strat_obj_dict[j].update()
  File "D:\Synced folder 2\tradex_opinionTrading\codes_2\strat7.py", line 500, in update
    self._get_situation()
  File "D:\Synced folder 2\tradex_opinionTrading\codes_2\strat7.py", line 258, in _get_situation
    diff_fair_best_n = (99 - self.yes_fair_price) - self.priceatri.no_best_price
TypeError: unsupported operand type(s) for -: 'float' and 'NoneType'
ERROR:__main__:2022-11-22 15:56:38,893:local variable 'portfolio_dict' referenced before assignment
Traceback (most recent call last):
  File "D:\Synced folder 2\tradex_opinionTrading\codes_2\main_strategy_run.py", line 127, in <module>
    strat_obj_dict[j].update()
  File "D:\Synced folder 2\tradex_opinionTrading\codes_2\strat7.py", line 501, in update
    self._set_qty()
  File "D:\Synced folder 2\tradex_opinionTrading\codes_2\strat7.py", line 269, in _set_qty
    self.my_avgbuy_price_yes, self.my_avgsell_price_yes, self.my_avgbuy_price_no, self.my_avgsell_price_no, self.falseavgbuyyes, self.falseavgbuyno = get_avg_buysell_price(
  File "D:\Synced folder 2\tradex_opinionTrading\codes_2\transactions.py", line 165, in get_avg_buysell_price
    remove_yes_qty, remove_yes_amount = _get_unfilled_qty_n_amount(event_id, "Y")
  File "D:\Synced folder 2\tradex_opinionTrading\codes_2\transactions.py", line 250, in _get_unfilled_qty_n_amount
    bets_df = get_event_holdings(eid)
  File "D:\Synced folder 2\tradex_opinionTrading\codes_2\mybets.py", line 34, in get_event_holdings
    port_dict = _get_portfolio_dict()
  File "D:\Synced folder 2\tradex_opinionTrading\codes_2\mybets.py", line 31, in _get_portfolio_dict
    return portfolio_dict
UnboundLocalError: local variable 'portfolio_dict' referenced before assignment
ERROR:__main__:2022-11-22 16:23:58,113:local variable 'portfolio_dict' referenced before assignment
Traceback (most recent call last):
  File "D:\Synced folder 2\tradex_opinionTrading\codes_2\main_strategy_run.py", line 127, in <module>
    strat_obj_dict[j].update()
  File "D:\Synced folder 2\tradex_opinionTrading\codes_2\strat7.py", line 502, in update
    self._print_details("updating")
  File "D:\Synced folder 2\tradex_opinionTrading\codes_2\strat7.py", line 156, in _print_details
    print(get_event_holdings(self.event_id))
  File "D:\Synced folder 2\tradex_opinionTrading\codes_2\mybets.py", line 34, in get_event_holdings
    port_dict = _get_portfolio_dict()
  File "D:\Synced folder 2\tradex_opinionTrading\codes_2\mybets.py", line 31, in _get_portfolio_dict
    return portfolio_dict
UnboundLocalError: local variable 'portfolio_dict' referenced before assignment
