ERROR:__main__:2022-12-17 15:11:00,457:The truth value of a Series is ambiguous. Use a.empty, a.bool(), a.item(), a.any() or a.all().
Traceback (most recent call last):
  File "D:\Synced folder 2\tradex_opinionTrading\codes_2\main_strategy_run.py", line 115, in <module>
    strat_obj_dict[i].initialise()
  File "D:\Synced folder 2\tradex_opinionTrading\codes_2\strat7.py", line 631, in initialise
    self._get_situation()
  File "D:\Synced folder 2\tradex_opinionTrading\codes_2\strat7.py", line 318, in _get_situation
    if self.yes_fair_price >= 50:
  File "D:\Synced folder 2\tradex_opinionTrading\codes_2\venv\lib\site-packages\pandas\core\generic.py", line 1527, in __nonzero__
    raise ValueError(
ValueError: The truth value of a Series is ambiguous. Use a.empty, a.bool(), a.item(), a.any() or a.all().
ERROR:__main__:2022-12-17 15:11:05,283:The truth value of a Series is ambiguous. Use a.empty, a.bool(), a.item(), a.any() or a.all().
Traceback (most recent call last):
  File "D:\Synced folder 2\tradex_opinionTrading\codes_2\main_strategy_run.py", line 115, in <module>
    strat_obj_dict[i].initialise()
  File "D:\Synced folder 2\tradex_opinionTrading\codes_2\strat7.py", line 631, in initialise
    self._get_situation()
  File "D:\Synced folder 2\tradex_opinionTrading\codes_2\strat7.py", line 318, in _get_situation
    if self.yes_fair_price >= 50:
  File "D:\Synced folder 2\tradex_opinionTrading\codes_2\venv\lib\site-packages\pandas\core\generic.py", line 1527, in __nonzero__
    raise ValueError(
ValueError: The truth value of a Series is ambiguous. Use a.empty, a.bool(), a.item(), a.any() or a.all().
ERROR:__main__:2022-12-17 15:11:11,708:The truth value of a Series is ambiguous. Use a.empty, a.bool(), a.item(), a.any() or a.all().
Traceback (most recent call last):
  File "D:\Synced folder 2\tradex_opinionTrading\codes_2\main_strategy_run.py", line 115, in <module>
    strat_obj_dict[i].initialise()
  File "D:\Synced folder 2\tradex_opinionTrading\codes_2\strat7.py", line 631, in initialise
    self._get_situation()
  File "D:\Synced folder 2\tradex_opinionTrading\codes_2\strat7.py", line 318, in _get_situation
    if self.yes_fair_price >= 50:
  File "D:\Synced folder 2\tradex_opinionTrading\codes_2\venv\lib\site-packages\pandas\core\generic.py", line 1527, in __nonzero__
    raise ValueError(
ValueError: The truth value of a Series is ambiguous. Use a.empty, a.bool(), a.item(), a.any() or a.all().
ERROR:__main__:2022-12-17 15:11:17,874:The truth value of a Series is ambiguous. Use a.empty, a.bool(), a.item(), a.any() or a.all().
Traceback (most recent call last):
  File "D:\Synced folder 2\tradex_opinionTrading\codes_2\main_strategy_run.py", line 115, in <module>
    strat_obj_dict[i].initialise()
  File "D:\Synced folder 2\tradex_opinionTrading\codes_2\strat7.py", line 631, in initialise
    self._get_situation()
  File "D:\Synced folder 2\tradex_opinionTrading\codes_2\strat7.py", line 318, in _get_situation
    if self.yes_fair_price >= 50:
  File "D:\Synced folder 2\tradex_opinionTrading\codes_2\venv\lib\site-packages\pandas\core\generic.py", line 1527, in __nonzero__
    raise ValueError(
ValueError: The truth value of a Series is ambiguous. Use a.empty, a.bool(), a.item(), a.any() or a.all().
ERROR:__main__:2022-12-17 15:11:18,461:'title'
Traceback (most recent call last):
  File "D:\Synced folder 2\tradex_opinionTrading\codes_2\main_strategy_run.py", line 115, in <module>
    strat_obj_dict[i].initialise()
  File "D:\Synced folder 2\tradex_opinionTrading\codes_2\strat7.py", line 618, in initialise
    self.priceatri.initialise_priceatri()
  File "D:\Synced folder 2\tradex_opinionTrading\codes_2\price_attributes.py", line 102, in initialise_priceatri
    self.initialise_event()
  File "D:\Synced folder 2\tradex_opinionTrading\codes_2\event_params.py", line 22, in initialise_event
    self.title = static_data["title"]
KeyError: 'title'
ERROR:__main__:2022-12-17 15:15:08,842:The truth value of a Series is ambiguous. Use a.empty, a.bool(), a.item(), a.any() or a.all().
Traceback (most recent call last):
  File "D:\Synced folder 2\tradex_opinionTrading\codes_2\main_strategy_run.py", line 115, in <module>
    strat_obj_dict[i].initialise()
  File "D:\Synced folder 2\tradex_opinionTrading\codes_2\strat7.py", line 629, in initialise
    self._get_situation()
  File "D:\Synced folder 2\tradex_opinionTrading\codes_2\strat7.py", line 318, in _get_situation
    if self.yes_fair_price >= 50:
  File "D:\Synced folder 2\tradex_opinionTrading\codes_2\venv\lib\site-packages\pandas\core\generic.py", line 1527, in __nonzero__
    raise ValueError(
ValueError: The truth value of a Series is ambiguous. Use a.empty, a.bool(), a.item(), a.any() or a.all().
ERROR:__main__:2022-12-17 15:15:14,124:The truth value of a Series is ambiguous. Use a.empty, a.bool(), a.item(), a.any() or a.all().
Traceback (most recent call last):
  File "D:\Synced folder 2\tradex_opinionTrading\codes_2\main_strategy_run.py", line 115, in <module>
    strat_obj_dict[i].initialise()
  File "D:\Synced folder 2\tradex_opinionTrading\codes_2\strat7.py", line 629, in initialise
    self._get_situation()
  File "D:\Synced folder 2\tradex_opinionTrading\codes_2\strat7.py", line 318, in _get_situation
    if self.yes_fair_price >= 50:
  File "D:\Synced folder 2\tradex_opinionTrading\codes_2\venv\lib\site-packages\pandas\core\generic.py", line 1527, in __nonzero__
    raise ValueError(
ValueError: The truth value of a Series is ambiguous. Use a.empty, a.bool(), a.item(), a.any() or a.all().
ERROR:__main__:2022-12-17 15:15:18,744:The truth value of a Series is ambiguous. Use a.empty, a.bool(), a.item(), a.any() or a.all().
Traceback (most recent call last):
  File "D:\Synced folder 2\tradex_opinionTrading\codes_2\main_strategy_run.py", line 115, in <module>
    strat_obj_dict[i].initialise()
  File "D:\Synced folder 2\tradex_opinionTrading\codes_2\strat7.py", line 629, in initialise
    self._get_situation()
  File "D:\Synced folder 2\tradex_opinionTrading\codes_2\strat7.py", line 318, in _get_situation
    if self.yes_fair_price >= 50:
  File "D:\Synced folder 2\tradex_opinionTrading\codes_2\venv\lib\site-packages\pandas\core\generic.py", line 1527, in __nonzero__
    raise ValueError(
ValueError: The truth value of a Series is ambiguous. Use a.empty, a.bool(), a.item(), a.any() or a.all().
ERROR:__main__:2022-12-17 15:15:25,301:The truth value of a Series is ambiguous. Use a.empty, a.bool(), a.item(), a.any() or a.all().
Traceback (most recent call last):
  File "D:\Synced folder 2\tradex_opinionTrading\codes_2\main_strategy_run.py", line 115, in <module>
    strat_obj_dict[i].initialise()
  File "D:\Synced folder 2\tradex_opinionTrading\codes_2\strat7.py", line 629, in initialise
    self._get_situation()
  File "D:\Synced folder 2\tradex_opinionTrading\codes_2\strat7.py", line 318, in _get_situation
    if self.yes_fair_price >= 50:
  File "D:\Synced folder 2\tradex_opinionTrading\codes_2\venv\lib\site-packages\pandas\core\generic.py", line 1527, in __nonzero__
    raise ValueError(
ValueError: The truth value of a Series is ambiguous. Use a.empty, a.bool(), a.item(), a.any() or a.all().
ERROR:__main__:2022-12-17 15:15:30,312:The truth value of a Series is ambiguous. Use a.empty, a.bool(), a.item(), a.any() or a.all().
Traceback (most recent call last):
  File "D:\Synced folder 2\tradex_opinionTrading\codes_2\main_strategy_run.py", line 115, in <module>
    strat_obj_dict[i].initialise()
  File "D:\Synced folder 2\tradex_opinionTrading\codes_2\strat7.py", line 629, in initialise
    self._get_situation()
  File "D:\Synced folder 2\tradex_opinionTrading\codes_2\strat7.py", line 318, in _get_situation
    if self.yes_fair_price >= 50:
  File "D:\Synced folder 2\tradex_opinionTrading\codes_2\venv\lib\site-packages\pandas\core\generic.py", line 1527, in __nonzero__
    raise ValueError(
ValueError: The truth value of a Series is ambiguous. Use a.empty, a.bool(), a.item(), a.any() or a.all().
ERROR:__main__:2022-12-17 15:15:34,913:The truth value of a Series is ambiguous. Use a.empty, a.bool(), a.item(), a.any() or a.all().
Traceback (most recent call last):
  File "D:\Synced folder 2\tradex_opinionTrading\codes_2\main_strategy_run.py", line 115, in <module>
    strat_obj_dict[i].initialise()
  File "D:\Synced folder 2\tradex_opinionTrading\codes_2\strat7.py", line 629, in initialise
    self._get_situation()
  File "D:\Synced folder 2\tradex_opinionTrading\codes_2\strat7.py", line 320, in _get_situation
    elif self.no_fair_price < 50:
  File "D:\Synced folder 2\tradex_opinionTrading\codes_2\venv\lib\site-packages\pandas\core\generic.py", line 1527, in __nonzero__
    raise ValueError(
ValueError: The truth value of a Series is ambiguous. Use a.empty, a.bool(), a.item(), a.any() or a.all().
ERROR:__main__:2022-12-17 15:15:39,994:The truth value of a Series is ambiguous. Use a.empty, a.bool(), a.item(), a.any() or a.all().
Traceback (most recent call last):
  File "D:\Synced folder 2\tradex_opinionTrading\codes_2\main_strategy_run.py", line 115, in <module>
    strat_obj_dict[i].initialise()
  File "D:\Synced folder 2\tradex_opinionTrading\codes_2\strat7.py", line 629, in initialise
    self._get_situation()
  File "D:\Synced folder 2\tradex_opinionTrading\codes_2\strat7.py", line 318, in _get_situation
    if self.yes_fair_price >= 50:
  File "D:\Synced folder 2\tradex_opinionTrading\codes_2\venv\lib\site-packages\pandas\core\generic.py", line 1527, in __nonzero__
    raise ValueError(
ValueError: The truth value of a Series is ambiguous. Use a.empty, a.bool(), a.item(), a.any() or a.all().
ERROR:__main__:2022-12-17 15:15:44,532:The truth value of a Series is ambiguous. Use a.empty, a.bool(), a.item(), a.any() or a.all().
Traceback (most recent call last):
  File "D:\Synced folder 2\tradex_opinionTrading\codes_2\main_strategy_run.py", line 115, in <module>
    strat_obj_dict[i].initialise()
  File "D:\Synced folder 2\tradex_opinionTrading\codes_2\strat7.py", line 629, in initialise
    self._get_situation()
  File "D:\Synced folder 2\tradex_opinionTrading\codes_2\strat7.py", line 318, in _get_situation
    if self.yes_fair_price >= 50:
  File "D:\Synced folder 2\tradex_opinionTrading\codes_2\venv\lib\site-packages\pandas\core\generic.py", line 1527, in __nonzero__
    raise ValueError(
ValueError: The truth value of a Series is ambiguous. Use a.empty, a.bool(), a.item(), a.any() or a.all().
ERROR:__main__:2022-12-17 15:15:45,369:The truth value of a Series is ambiguous. Use a.empty, a.bool(), a.item(), a.any() or a.all().
Traceback (most recent call last):
  File "D:\Synced folder 2\tradex_opinionTrading\codes_2\main_strategy_run.py", line 128, in <module>
    strat_obj_dict[j].update()
  File "D:\Synced folder 2\tradex_opinionTrading\codes_2\strat7.py", line 646, in update
    self._get_situation()
  File "D:\Synced folder 2\tradex_opinionTrading\codes_2\strat7.py", line 318, in _get_situation
    if self.yes_fair_price >= 50:
  File "D:\Synced folder 2\tradex_opinionTrading\codes_2\venv\lib\site-packages\pandas\core\generic.py", line 1527, in __nonzero__
    raise ValueError(
ValueError: The truth value of a Series is ambiguous. Use a.empty, a.bool(), a.item(), a.any() or a.all().
ERROR:__main__:2022-12-17 15:15:46,266:The truth value of a Series is ambiguous. Use a.empty, a.bool(), a.item(), a.any() or a.all().
Traceback (most recent call last):
  File "D:\Synced folder 2\tradex_opinionTrading\codes_2\main_strategy_run.py", line 128, in <module>
    strat_obj_dict[j].update()
  File "D:\Synced folder 2\tradex_opinionTrading\codes_2\strat7.py", line 646, in update
    self._get_situation()
  File "D:\Synced folder 2\tradex_opinionTrading\codes_2\strat7.py", line 318, in _get_situation
    if self.yes_fair_price >= 50:
  File "D:\Synced folder 2\tradex_opinionTrading\codes_2\venv\lib\site-packages\pandas\core\generic.py", line 1527, in __nonzero__
    raise ValueError(
ValueError: The truth value of a Series is ambiguous. Use a.empty, a.bool(), a.item(), a.any() or a.all().
ERROR:__main__:2022-12-17 15:15:47,172:The truth value of a Series is ambiguous. Use a.empty, a.bool(), a.item(), a.any() or a.all().
Traceback (most recent call last):
  File "D:\Synced folder 2\tradex_opinionTrading\codes_2\main_strategy_run.py", line 128, in <module>
    strat_obj_dict[j].update()
  File "D:\Synced folder 2\tradex_opinionTrading\codes_2\strat7.py", line 646, in update
    self._get_situation()
  File "D:\Synced folder 2\tradex_opinionTrading\codes_2\strat7.py", line 318, in _get_situation
    if self.yes_fair_price >= 50:
  File "D:\Synced folder 2\tradex_opinionTrading\codes_2\venv\lib\site-packages\pandas\core\generic.py", line 1527, in __nonzero__
    raise ValueError(
ValueError: The truth value of a Series is ambiguous. Use a.empty, a.bool(), a.item(), a.any() or a.all().
ERROR:__main__:2022-12-17 15:15:48,063:The truth value of a Series is ambiguous. Use a.empty, a.bool(), a.item(), a.any() or a.all().
Traceback (most recent call last):
  File "D:\Synced folder 2\tradex_opinionTrading\codes_2\main_strategy_run.py", line 128, in <module>
    strat_obj_dict[j].update()
  File "D:\Synced folder 2\tradex_opinionTrading\codes_2\strat7.py", line 646, in update
    self._get_situation()
  File "D:\Synced folder 2\tradex_opinionTrading\codes_2\strat7.py", line 318, in _get_situation
    if self.yes_fair_price >= 50:
  File "D:\Synced folder 2\tradex_opinionTrading\codes_2\venv\lib\site-packages\pandas\core\generic.py", line 1527, in __nonzero__
    raise ValueError(
ValueError: The truth value of a Series is ambiguous. Use a.empty, a.bool(), a.item(), a.any() or a.all().
ERROR:__main__:2022-12-17 15:15:48,929:The truth value of a Series is ambiguous. Use a.empty, a.bool(), a.item(), a.any() or a.all().
Traceback (most recent call last):
  File "D:\Synced folder 2\tradex_opinionTrading\codes_2\main_strategy_run.py", line 128, in <module>
    strat_obj_dict[j].update()
  File "D:\Synced folder 2\tradex_opinionTrading\codes_2\strat7.py", line 646, in update
    self._get_situation()
  File "D:\Synced folder 2\tradex_opinionTrading\codes_2\strat7.py", line 318, in _get_situation
    if self.yes_fair_price >= 50:
  File "D:\Synced folder 2\tradex_opinionTrading\codes_2\venv\lib\site-packages\pandas\core\generic.py", line 1527, in __nonzero__
    raise ValueError(
ValueError: The truth value of a Series is ambiguous. Use a.empty, a.bool(), a.item(), a.any() or a.all().
ERROR:__main__:2022-12-17 15:15:49,862:The truth value of a Series is ambiguous. Use a.empty, a.bool(), a.item(), a.any() or a.all().
Traceback (most recent call last):
  File "D:\Synced folder 2\tradex_opinionTrading\codes_2\main_strategy_run.py", line 128, in <module>
    strat_obj_dict[j].update()
  File "D:\Synced folder 2\tradex_opinionTrading\codes_2\strat7.py", line 646, in update
    self._get_situation()
  File "D:\Synced folder 2\tradex_opinionTrading\codes_2\strat7.py", line 320, in _get_situation
    elif self.no_fair_price < 50:
  File "D:\Synced folder 2\tradex_opinionTrading\codes_2\venv\lib\site-packages\pandas\core\generic.py", line 1527, in __nonzero__
    raise ValueError(
ValueError: The truth value of a Series is ambiguous. Use a.empty, a.bool(), a.item(), a.any() or a.all().
ERROR:__main__:2022-12-17 15:15:50,785:The truth value of a Series is ambiguous. Use a.empty, a.bool(), a.item(), a.any() or a.all().
Traceback (most recent call last):
  File "D:\Synced folder 2\tradex_opinionTrading\codes_2\main_strategy_run.py", line 128, in <module>
    strat_obj_dict[j].update()
  File "D:\Synced folder 2\tradex_opinionTrading\codes_2\strat7.py", line 646, in update
    self._get_situation()
  File "D:\Synced folder 2\tradex_opinionTrading\codes_2\strat7.py", line 318, in _get_situation
    if self.yes_fair_price >= 50:
  File "D:\Synced folder 2\tradex_opinionTrading\codes_2\venv\lib\site-packages\pandas\core\generic.py", line 1527, in __nonzero__
    raise ValueError(
ValueError: The truth value of a Series is ambiguous. Use a.empty, a.bool(), a.item(), a.any() or a.all().
ERROR:__main__:2022-12-17 15:15:51,676:The truth value of a Series is ambiguous. Use a.empty, a.bool(), a.item(), a.any() or a.all().
Traceback (most recent call last):
  File "D:\Synced folder 2\tradex_opinionTrading\codes_2\main_strategy_run.py", line 128, in <module>
    strat_obj_dict[j].update()
  File "D:\Synced folder 2\tradex_opinionTrading\codes_2\strat7.py", line 646, in update
    self._get_situation()
  File "D:\Synced folder 2\tradex_opinionTrading\codes_2\strat7.py", line 318, in _get_situation
    if self.yes_fair_price >= 50:
  File "D:\Synced folder 2\tradex_opinionTrading\codes_2\venv\lib\site-packages\pandas\core\generic.py", line 1527, in __nonzero__
    raise ValueError(
ValueError: The truth value of a Series is ambiguous. Use a.empty, a.bool(), a.item(), a.any() or a.all().
ERROR:__main__:2022-12-17 15:16:52,528:The truth value of a Series is ambiguous. Use a.empty, a.bool(), a.item(), a.any() or a.all().
Traceback (most recent call last):
  File "D:\Synced folder 2\tradex_opinionTrading\codes_2\main_strategy_run.py", line 128, in <module>
    strat_obj_dict[j].update()
  File "D:\Synced folder 2\tradex_opinionTrading\codes_2\strat7.py", line 646, in update
    self._get_situation()
  File "D:\Synced folder 2\tradex_opinionTrading\codes_2\strat7.py", line 318, in _get_situation
    if self.yes_fair_price >= 50:
  File "D:\Synced folder 2\tradex_opinionTrading\codes_2\venv\lib\site-packages\pandas\core\generic.py", line 1527, in __nonzero__
    raise ValueError(
ValueError: The truth value of a Series is ambiguous. Use a.empty, a.bool(), a.item(), a.any() or a.all().
ERROR:__main__:2022-12-17 15:16:53,350:The truth value of a Series is ambiguous. Use a.empty, a.bool(), a.item(), a.any() or a.all().
Traceback (most recent call last):
  File "D:\Synced folder 2\tradex_opinionTrading\codes_2\main_strategy_run.py", line 128, in <module>
    strat_obj_dict[j].update()
  File "D:\Synced folder 2\tradex_opinionTrading\codes_2\strat7.py", line 646, in update
    self._get_situation()
  File "D:\Synced folder 2\tradex_opinionTrading\codes_2\strat7.py", line 318, in _get_situation
    if self.yes_fair_price >= 50:
  File "D:\Synced folder 2\tradex_opinionTrading\codes_2\venv\lib\site-packages\pandas\core\generic.py", line 1527, in __nonzero__
    raise ValueError(
ValueError: The truth value of a Series is ambiguous. Use a.empty, a.bool(), a.item(), a.any() or a.all().
ERROR:__main__:2022-12-17 15:16:54,797:The truth value of a Series is ambiguous. Use a.empty, a.bool(), a.item(), a.any() or a.all().
Traceback (most recent call last):
  File "D:\Synced folder 2\tradex_opinionTrading\codes_2\main_strategy_run.py", line 128, in <module>
    strat_obj_dict[j].update()
  File "D:\Synced folder 2\tradex_opinionTrading\codes_2\strat7.py", line 646, in update
    self._get_situation()
  File "D:\Synced folder 2\tradex_opinionTrading\codes_2\strat7.py", line 318, in _get_situation
    if self.yes_fair_price >= 50:
  File "D:\Synced folder 2\tradex_opinionTrading\codes_2\venv\lib\site-packages\pandas\core\generic.py", line 1527, in __nonzero__
    raise ValueError(
ValueError: The truth value of a Series is ambiguous. Use a.empty, a.bool(), a.item(), a.any() or a.all().
ERROR:__main__:2022-12-17 15:16:55,886:The truth value of a Series is ambiguous. Use a.empty, a.bool(), a.item(), a.any() or a.all().
Traceback (most recent call last):
  File "D:\Synced folder 2\tradex_opinionTrading\codes_2\main_strategy_run.py", line 128, in <module>
    strat_obj_dict[j].update()
  File "D:\Synced folder 2\tradex_opinionTrading\codes_2\strat7.py", line 646, in update
    self._get_situation()
  File "D:\Synced folder 2\tradex_opinionTrading\codes_2\strat7.py", line 318, in _get_situation
    if self.yes_fair_price >= 50:
  File "D:\Synced folder 2\tradex_opinionTrading\codes_2\venv\lib\site-packages\pandas\core\generic.py", line 1527, in __nonzero__
    raise ValueError(
ValueError: The truth value of a Series is ambiguous. Use a.empty, a.bool(), a.item(), a.any() or a.all().
ERROR:__main__:2022-12-17 15:16:56,845:The truth value of a Series is ambiguous. Use a.empty, a.bool(), a.item(), a.any() or a.all().
Traceback (most recent call last):
  File "D:\Synced folder 2\tradex_opinionTrading\codes_2\main_strategy_run.py", line 128, in <module>
    strat_obj_dict[j].update()
  File "D:\Synced folder 2\tradex_opinionTrading\codes_2\strat7.py", line 646, in update
    self._get_situation()
  File "D:\Synced folder 2\tradex_opinionTrading\codes_2\strat7.py", line 318, in _get_situation
    if self.yes_fair_price >= 50:
  File "D:\Synced folder 2\tradex_opinionTrading\codes_2\venv\lib\site-packages\pandas\core\generic.py", line 1527, in __nonzero__
    raise ValueError(
ValueError: The truth value of a Series is ambiguous. Use a.empty, a.bool(), a.item(), a.any() or a.all().
ERROR:__main__:2022-12-17 15:16:58,187:The truth value of a Series is ambiguous. Use a.empty, a.bool(), a.item(), a.any() or a.all().
Traceback (most recent call last):
  File "D:\Synced folder 2\tradex_opinionTrading\codes_2\main_strategy_run.py", line 128, in <module>
    strat_obj_dict[j].update()
  File "D:\Synced folder 2\tradex_opinionTrading\codes_2\strat7.py", line 646, in update
    self._get_situation()
  File "D:\Synced folder 2\tradex_opinionTrading\codes_2\strat7.py", line 320, in _get_situation
    elif self.no_fair_price < 50:
  File "D:\Synced folder 2\tradex_opinionTrading\codes_2\venv\lib\site-packages\pandas\core\generic.py", line 1527, in __nonzero__
    raise ValueError(
ValueError: The truth value of a Series is ambiguous. Use a.empty, a.bool(), a.item(), a.any() or a.all().
ERROR:__main__:2022-12-17 15:17:00,315:The truth value of a Series is ambiguous. Use a.empty, a.bool(), a.item(), a.any() or a.all().
Traceback (most recent call last):
  File "D:\Synced folder 2\tradex_opinionTrading\codes_2\main_strategy_run.py", line 128, in <module>
    strat_obj_dict[j].update()
  File "D:\Synced folder 2\tradex_opinionTrading\codes_2\strat7.py", line 646, in update
    self._get_situation()
  File "D:\Synced folder 2\tradex_opinionTrading\codes_2\strat7.py", line 318, in _get_situation
    if self.yes_fair_price >= 50:
  File "D:\Synced folder 2\tradex_opinionTrading\codes_2\venv\lib\site-packages\pandas\core\generic.py", line 1527, in __nonzero__
    raise ValueError(
ValueError: The truth value of a Series is ambiguous. Use a.empty, a.bool(), a.item(), a.any() or a.all().
ERROR:__main__:2022-12-17 15:17:01,258:The truth value of a Series is ambiguous. Use a.empty, a.bool(), a.item(), a.any() or a.all().
Traceback (most recent call last):
  File "D:\Synced folder 2\tradex_opinionTrading\codes_2\main_strategy_run.py", line 128, in <module>
    strat_obj_dict[j].update()
  File "D:\Synced folder 2\tradex_opinionTrading\codes_2\strat7.py", line 646, in update
    self._get_situation()
  File "D:\Synced folder 2\tradex_opinionTrading\codes_2\strat7.py", line 318, in _get_situation
    if self.yes_fair_price >= 50:
  File "D:\Synced folder 2\tradex_opinionTrading\codes_2\venv\lib\site-packages\pandas\core\generic.py", line 1527, in __nonzero__
    raise ValueError(
ValueError: The truth value of a Series is ambiguous. Use a.empty, a.bool(), a.item(), a.any() or a.all().
ERROR:__main__:2022-12-17 15:18:02,675:The truth value of a Series is ambiguous. Use a.empty, a.bool(), a.item(), a.any() or a.all().
Traceback (most recent call last):
  File "D:\Synced folder 2\tradex_opinionTrading\codes_2\main_strategy_run.py", line 128, in <module>
    strat_obj_dict[j].update()
  File "D:\Synced folder 2\tradex_opinionTrading\codes_2\strat7.py", line 646, in update
    self._get_situation()
  File "D:\Synced folder 2\tradex_opinionTrading\codes_2\strat7.py", line 318, in _get_situation
    if self.yes_fair_price >= 50:
  File "D:\Synced folder 2\tradex_opinionTrading\codes_2\venv\lib\site-packages\pandas\core\generic.py", line 1527, in __nonzero__
    raise ValueError(
ValueError: The truth value of a Series is ambiguous. Use a.empty, a.bool(), a.item(), a.any() or a.all().
ERROR:__main__:2022-12-17 15:18:04,367:The truth value of a Series is ambiguous. Use a.empty, a.bool(), a.item(), a.any() or a.all().
Traceback (most recent call last):
  File "D:\Synced folder 2\tradex_opinionTrading\codes_2\main_strategy_run.py", line 128, in <module>
    strat_obj_dict[j].update()
  File "D:\Synced folder 2\tradex_opinionTrading\codes_2\strat7.py", line 646, in update
    self._get_situation()
  File "D:\Synced folder 2\tradex_opinionTrading\codes_2\strat7.py", line 318, in _get_situation
    if self.yes_fair_price >= 50:
  File "D:\Synced folder 2\tradex_opinionTrading\codes_2\venv\lib\site-packages\pandas\core\generic.py", line 1527, in __nonzero__
    raise ValueError(
ValueError: The truth value of a Series is ambiguous. Use a.empty, a.bool(), a.item(), a.any() or a.all().
ERROR:__main__:2022-12-17 15:18:05,391:The truth value of a Series is ambiguous. Use a.empty, a.bool(), a.item(), a.any() or a.all().
Traceback (most recent call last):
  File "D:\Synced folder 2\tradex_opinionTrading\codes_2\main_strategy_run.py", line 128, in <module>
    strat_obj_dict[j].update()
  File "D:\Synced folder 2\tradex_opinionTrading\codes_2\strat7.py", line 646, in update
    self._get_situation()
  File "D:\Synced folder 2\tradex_opinionTrading\codes_2\strat7.py", line 318, in _get_situation
    if self.yes_fair_price >= 50:
  File "D:\Synced folder 2\tradex_opinionTrading\codes_2\venv\lib\site-packages\pandas\core\generic.py", line 1527, in __nonzero__
    raise ValueError(
ValueError: The truth value of a Series is ambiguous. Use a.empty, a.bool(), a.item(), a.any() or a.all().
ERROR:__main__:2022-12-17 15:18:06,733:The truth value of a Series is ambiguous. Use a.empty, a.bool(), a.item(), a.any() or a.all().
Traceback (most recent call last):
  File "D:\Synced folder 2\tradex_opinionTrading\codes_2\main_strategy_run.py", line 128, in <module>
    strat_obj_dict[j].update()
  File "D:\Synced folder 2\tradex_opinionTrading\codes_2\strat7.py", line 646, in update
    self._get_situation()
  File "D:\Synced folder 2\tradex_opinionTrading\codes_2\strat7.py", line 318, in _get_situation
    if self.yes_fair_price >= 50:
  File "D:\Synced folder 2\tradex_opinionTrading\codes_2\venv\lib\site-packages\pandas\core\generic.py", line 1527, in __nonzero__
    raise ValueError(
ValueError: The truth value of a Series is ambiguous. Use a.empty, a.bool(), a.item(), a.any() or a.all().
ERROR:__main__:2022-12-17 15:18:08,197:The truth value of a Series is ambiguous. Use a.empty, a.bool(), a.item(), a.any() or a.all().
Traceback (most recent call last):
  File "D:\Synced folder 2\tradex_opinionTrading\codes_2\main_strategy_run.py", line 128, in <module>
    strat_obj_dict[j].update()
  File "D:\Synced folder 2\tradex_opinionTrading\codes_2\strat7.py", line 646, in update
    self._get_situation()
  File "D:\Synced folder 2\tradex_opinionTrading\codes_2\strat7.py", line 318, in _get_situation
    if self.yes_fair_price >= 50:
  File "D:\Synced folder 2\tradex_opinionTrading\codes_2\venv\lib\site-packages\pandas\core\generic.py", line 1527, in __nonzero__
    raise ValueError(
ValueError: The truth value of a Series is ambiguous. Use a.empty, a.bool(), a.item(), a.any() or a.all().
ERROR:__main__:2022-12-17 15:18:09,822:The truth value of a Series is ambiguous. Use a.empty, a.bool(), a.item(), a.any() or a.all().
Traceback (most recent call last):
  File "D:\Synced folder 2\tradex_opinionTrading\codes_2\main_strategy_run.py", line 128, in <module>
    strat_obj_dict[j].update()
  File "D:\Synced folder 2\tradex_opinionTrading\codes_2\strat7.py", line 646, in update
    self._get_situation()
  File "D:\Synced folder 2\tradex_opinionTrading\codes_2\strat7.py", line 320, in _get_situation
    elif self.no_fair_price < 50:
  File "D:\Synced folder 2\tradex_opinionTrading\codes_2\venv\lib\site-packages\pandas\core\generic.py", line 1527, in __nonzero__
    raise ValueError(
ValueError: The truth value of a Series is ambiguous. Use a.empty, a.bool(), a.item(), a.any() or a.all().
ERROR:__main__:2022-12-17 15:18:11,494:The truth value of a Series is ambiguous. Use a.empty, a.bool(), a.item(), a.any() or a.all().
Traceback (most recent call last):
  File "D:\Synced folder 2\tradex_opinionTrading\codes_2\main_strategy_run.py", line 128, in <module>
    strat_obj_dict[j].update()
  File "D:\Synced folder 2\tradex_opinionTrading\codes_2\strat7.py", line 646, in update
    self._get_situation()
  File "D:\Synced folder 2\tradex_opinionTrading\codes_2\strat7.py", line 320, in _get_situation
    elif self.no_fair_price < 50:
  File "D:\Synced folder 2\tradex_opinionTrading\codes_2\venv\lib\site-packages\pandas\core\generic.py", line 1527, in __nonzero__
    raise ValueError(
ValueError: The truth value of a Series is ambiguous. Use a.empty, a.bool(), a.item(), a.any() or a.all().
ERROR:__main__:2022-12-17 15:18:12,388:The truth value of a Series is ambiguous. Use a.empty, a.bool(), a.item(), a.any() or a.all().
Traceback (most recent call last):
  File "D:\Synced folder 2\tradex_opinionTrading\codes_2\main_strategy_run.py", line 128, in <module>
    strat_obj_dict[j].update()
  File "D:\Synced folder 2\tradex_opinionTrading\codes_2\strat7.py", line 646, in update
    self._get_situation()
  File "D:\Synced folder 2\tradex_opinionTrading\codes_2\strat7.py", line 318, in _get_situation
    if self.yes_fair_price >= 50:
  File "D:\Synced folder 2\tradex_opinionTrading\codes_2\venv\lib\site-packages\pandas\core\generic.py", line 1527, in __nonzero__
    raise ValueError(
ValueError: The truth value of a Series is ambiguous. Use a.empty, a.bool(), a.item(), a.any() or a.all().
ERROR:__main__:2022-12-17 15:20:19,559:The truth value of a Series is ambiguous. Use a.empty, a.bool(), a.item(), a.any() or a.all().
Traceback (most recent call last):
  File "D:\Synced folder 2\tradex_opinionTrading\codes_2\main_strategy_run.py", line 115, in <module>
    strat_obj_dict[i].initialise()
  File "D:\Synced folder 2\tradex_opinionTrading\codes_2\strat7.py", line 629, in initialise
    self._get_situation()
  File "D:\Synced folder 2\tradex_opinionTrading\codes_2\strat7.py", line 318, in _get_situation
    if self.yes_fair_price >= 50:
  File "D:\Synced folder 2\tradex_opinionTrading\codes_2\venv\lib\site-packages\pandas\core\generic.py", line 1527, in __nonzero__
    raise ValueError(
ValueError: The truth value of a Series is ambiguous. Use a.empty, a.bool(), a.item(), a.any() or a.all().
ERROR:__main__:2022-12-17 15:20:20,479:The truth value of a Series is ambiguous. Use a.empty, a.bool(), a.item(), a.any() or a.all().
Traceback (most recent call last):
  File "D:\Synced folder 2\tradex_opinionTrading\codes_2\main_strategy_run.py", line 128, in <module>
    strat_obj_dict[j].update()
  File "D:\Synced folder 2\tradex_opinionTrading\codes_2\strat7.py", line 646, in update
    self._get_situation()
  File "D:\Synced folder 2\tradex_opinionTrading\codes_2\strat7.py", line 318, in _get_situation
    if self.yes_fair_price >= 50:
  File "D:\Synced folder 2\tradex_opinionTrading\codes_2\venv\lib\site-packages\pandas\core\generic.py", line 1527, in __nonzero__
    raise ValueError(
ValueError: The truth value of a Series is ambiguous. Use a.empty, a.bool(), a.item(), a.any() or a.all().
ERROR:__main__:2022-12-17 15:23:48,480:The truth value of a Series is ambiguous. Use a.empty, a.bool(), a.item(), a.any() or a.all().
Traceback (most recent call last):
  File "D:\Synced folder 2\tradex_opinionTrading\codes_2\main_strategy_run.py", line 115, in <module>
    strat_obj_dict[i].initialise()
  File "D:\Synced folder 2\tradex_opinionTrading\codes_2\strat7.py", line 631, in initialise
    self._get_situation()
  File "D:\Synced folder 2\tradex_opinionTrading\codes_2\strat7.py", line 318, in _get_situation
    if (self.yes_fair_price >= 50):
  File "D:\Synced folder 2\tradex_opinionTrading\codes_2\venv\lib\site-packages\pandas\core\generic.py", line 1527, in __nonzero__
    raise ValueError(
ValueError: The truth value of a Series is ambiguous. Use a.empty, a.bool(), a.item(), a.any() or a.all().
ERROR:__main__:2022-12-17 15:23:53,147:The truth value of a Series is ambiguous. Use a.empty, a.bool(), a.item(), a.any() or a.all().
Traceback (most recent call last):
  File "D:\Synced folder 2\tradex_opinionTrading\codes_2\main_strategy_run.py", line 115, in <module>
    strat_obj_dict[i].initialise()
  File "D:\Synced folder 2\tradex_opinionTrading\codes_2\strat7.py", line 631, in initialise
    self._get_situation()
  File "D:\Synced folder 2\tradex_opinionTrading\codes_2\strat7.py", line 318, in _get_situation
    if (self.yes_fair_price >= 50):
  File "D:\Synced folder 2\tradex_opinionTrading\codes_2\venv\lib\site-packages\pandas\core\generic.py", line 1527, in __nonzero__
    raise ValueError(
ValueError: The truth value of a Series is ambiguous. Use a.empty, a.bool(), a.item(), a.any() or a.all().
ERROR:__main__:2022-12-17 15:23:54,119:The truth value of a Series is ambiguous. Use a.empty, a.bool(), a.item(), a.any() or a.all().
Traceback (most recent call last):
  File "D:\Synced folder 2\tradex_opinionTrading\codes_2\main_strategy_run.py", line 128, in <module>
    strat_obj_dict[j].update()
  File "D:\Synced folder 2\tradex_opinionTrading\codes_2\strat7.py", line 648, in update
    self._get_situation()
  File "D:\Synced folder 2\tradex_opinionTrading\codes_2\strat7.py", line 318, in _get_situation
    if (self.yes_fair_price >= 50):
  File "D:\Synced folder 2\tradex_opinionTrading\codes_2\venv\lib\site-packages\pandas\core\generic.py", line 1527, in __nonzero__
    raise ValueError(
ValueError: The truth value of a Series is ambiguous. Use a.empty, a.bool(), a.item(), a.any() or a.all().
ERROR:__main__:2022-12-17 15:23:54,965:The truth value of a Series is ambiguous. Use a.empty, a.bool(), a.item(), a.any() or a.all().
Traceback (most recent call last):
  File "D:\Synced folder 2\tradex_opinionTrading\codes_2\main_strategy_run.py", line 128, in <module>
    strat_obj_dict[j].update()
  File "D:\Synced folder 2\tradex_opinionTrading\codes_2\strat7.py", line 648, in update
    self._get_situation()
  File "D:\Synced folder 2\tradex_opinionTrading\codes_2\strat7.py", line 318, in _get_situation
    if (self.yes_fair_price >= 50):
  File "D:\Synced folder 2\tradex_opinionTrading\codes_2\venv\lib\site-packages\pandas\core\generic.py", line 1527, in __nonzero__
    raise ValueError(
ValueError: The truth value of a Series is ambiguous. Use a.empty, a.bool(), a.item(), a.any() or a.all().
ERROR:__main__:2022-12-17 15:24:55,955:The truth value of a Series is ambiguous. Use a.empty, a.bool(), a.item(), a.any() or a.all().
Traceback (most recent call last):
  File "D:\Synced folder 2\tradex_opinionTrading\codes_2\main_strategy_run.py", line 128, in <module>
    strat_obj_dict[j].update()
  File "D:\Synced folder 2\tradex_opinionTrading\codes_2\strat7.py", line 648, in update
    self._get_situation()
  File "D:\Synced folder 2\tradex_opinionTrading\codes_2\strat7.py", line 318, in _get_situation
    if (self.yes_fair_price >= 50):
  File "D:\Synced folder 2\tradex_opinionTrading\codes_2\venv\lib\site-packages\pandas\core\generic.py", line 1527, in __nonzero__
    raise ValueError(
ValueError: The truth value of a Series is ambiguous. Use a.empty, a.bool(), a.item(), a.any() or a.all().
ERROR:__main__:2022-12-17 15:24:56,876:The truth value of a Series is ambiguous. Use a.empty, a.bool(), a.item(), a.any() or a.all().
Traceback (most recent call last):
  File "D:\Synced folder 2\tradex_opinionTrading\codes_2\main_strategy_run.py", line 128, in <module>
    strat_obj_dict[j].update()
  File "D:\Synced folder 2\tradex_opinionTrading\codes_2\strat7.py", line 648, in update
    self._get_situation()
  File "D:\Synced folder 2\tradex_opinionTrading\codes_2\strat7.py", line 318, in _get_situation
    if (self.yes_fair_price >= 50):
  File "D:\Synced folder 2\tradex_opinionTrading\codes_2\venv\lib\site-packages\pandas\core\generic.py", line 1527, in __nonzero__
    raise ValueError(
ValueError: The truth value of a Series is ambiguous. Use a.empty, a.bool(), a.item(), a.any() or a.all().
ERROR:__main__:2022-12-17 15:25:58,957:The truth value of a Series is ambiguous. Use a.empty, a.bool(), a.item(), a.any() or a.all().
Traceback (most recent call last):
  File "D:\Synced folder 2\tradex_opinionTrading\codes_2\main_strategy_run.py", line 115, in <module>
    strat_obj_dict[i].initialise()
  File "D:\Synced folder 2\tradex_opinionTrading\codes_2\strat7.py", line 633, in initialise
    self._get_situation()
  File "D:\Synced folder 2\tradex_opinionTrading\codes_2\strat7.py", line 320, in _get_situation
    if (self.yes_fair_price >= 50):
  File "D:\Synced folder 2\tradex_opinionTrading\codes_2\venv\lib\site-packages\pandas\core\generic.py", line 1527, in __nonzero__
    raise ValueError(
ValueError: The truth value of a Series is ambiguous. Use a.empty, a.bool(), a.item(), a.any() or a.all().
ERROR:__main__:2022-12-17 15:25:59,986:The truth value of a Series is ambiguous. Use a.empty, a.bool(), a.item(), a.any() or a.all().
Traceback (most recent call last):
  File "D:\Synced folder 2\tradex_opinionTrading\codes_2\main_strategy_run.py", line 128, in <module>
    strat_obj_dict[j].update()
  File "D:\Synced folder 2\tradex_opinionTrading\codes_2\strat7.py", line 650, in update
    self._get_situation()
  File "D:\Synced folder 2\tradex_opinionTrading\codes_2\strat7.py", line 320, in _get_situation
    if (self.yes_fair_price >= 50):
  File "D:\Synced folder 2\tradex_opinionTrading\codes_2\venv\lib\site-packages\pandas\core\generic.py", line 1527, in __nonzero__
    raise ValueError(
ValueError: The truth value of a Series is ambiguous. Use a.empty, a.bool(), a.item(), a.any() or a.all().
ERROR:__main__:2022-12-17 15:29:46,122:The truth value of a Series is ambiguous. Use a.empty, a.bool(), a.item(), a.any() or a.all().
Traceback (most recent call last):
  File "D:\Synced folder 2\tradex_opinionTrading\codes_2\main_strategy_run.py", line 115, in <module>
    strat_obj_dict[i].initialise()
  File "D:\Synced folder 2\tradex_opinionTrading\codes_2\strat7.py", line 645, in initialise
    self._get_situation()
  File "D:\Synced folder 2\tradex_opinionTrading\codes_2\strat7.py", line 332, in _get_situation
    if (self.yes_fair_price >= 50):
  File "D:\Synced folder 2\tradex_opinionTrading\codes_2\venv\lib\site-packages\pandas\core\generic.py", line 1527, in __nonzero__
    raise ValueError(
ValueError: The truth value of a Series is ambiguous. Use a.empty, a.bool(), a.item(), a.any() or a.all().
ERROR:__main__:2022-12-17 15:29:47,201:The truth value of a Series is ambiguous. Use a.empty, a.bool(), a.item(), a.any() or a.all().
Traceback (most recent call last):
  File "D:\Synced folder 2\tradex_opinionTrading\codes_2\main_strategy_run.py", line 128, in <module>
    strat_obj_dict[j].update()
  File "D:\Synced folder 2\tradex_opinionTrading\codes_2\strat7.py", line 662, in update
    self._get_situation()
  File "D:\Synced folder 2\tradex_opinionTrading\codes_2\strat7.py", line 332, in _get_situation
    if (self.yes_fair_price >= 50):
  File "D:\Synced folder 2\tradex_opinionTrading\codes_2\venv\lib\site-packages\pandas\core\generic.py", line 1527, in __nonzero__
    raise ValueError(
ValueError: The truth value of a Series is ambiguous. Use a.empty, a.bool(), a.item(), a.any() or a.all().
ERROR:__main__:2022-12-17 23:01:05,632:MaxAttempt(3) exhausted. User0
Traceback (most recent call last):
  File "D:\Synced folder 2\tradex_opinionTrading\codes_2\venv\lib\site-packages\requests\models.py", line 971, in json
    return complexjson.loads(self.text, **kwargs)
  File "C:\Users\aniru\AppData\Local\Programs\Python\Python310\lib\json\__init__.py", line 346, in loads
    return _default_decoder.decode(s)
  File "C:\Users\aniru\AppData\Local\Programs\Python\Python310\lib\json\decoder.py", line 337, in decode
    obj, end = self.raw_decode(s, idx=_w(s, 0).end())
  File "C:\Users\aniru\AppData\Local\Programs\Python\Python310\lib\json\decoder.py", line 355, in raw_decode
    raise JSONDecodeError("Expecting value", s, err.value) from None
json.decoder.JSONDecodeError: Expecting value: line 1 column 1 (char 0)

During handling of the above exception, another exception occurred:

Traceback (most recent call last):
  File "D:\Synced folder 2\tradex_opinionTrading\codes_2\api_caller.py", line 118, in tradex_caller
    response = req.post(url, data=body, headers=headers).json()
  File "D:\Synced folder 2\tradex_opinionTrading\codes_2\venv\lib\site-packages\requests\models.py", line 975, in json
    raise RequestsJSONDecodeError(e.msg, e.doc, e.pos)
requests.exceptions.JSONDecodeError: Expecting value: line 1 column 1 (char 0)

During handling of the above exception, another exception occurred:

Traceback (most recent call last):
  File "D:\Synced folder 2\tradex_opinionTrading\codes_2\main_strategy_run.py", line 128, in <module>
    strat_obj_dict[j].update()
  File "D:\Synced folder 2\tradex_opinionTrading\codes_2\strat7.py", line 670, in update
    self._keep_a_check()
  File "D:\Synced folder 2\tradex_opinionTrading\codes_2\strat7.py", line 613, in _keep_a_check
    self.__scalp_side("Y", trigger, pausebuy=False, pausesell=True)
  File "D:\Synced folder 2\tradex_opinionTrading\codes_2\strat7.py", line 268, in __scalp_side
    self.__send_buy_orders(f"{trigger},ScalpingYes,{set_priceqty_message}", "Y", temp_price, temp_qty)
  File "D:\Synced folder 2\tradex_opinionTrading\codes_2\strat7.py", line 512, in __send_buy_orders
    self.order._buy(message, "Y", price, qty)
  File "D:\Synced folder 2\tradex_opinionTrading\codes_2\order.py", line 38, in _buy
    response = self.api_obj.tradex_caller(suffix, body)
  File "D:\Synced folder 2\tradex_opinionTrading\codes_2\api_caller.py", line 140, in tradex_caller
    raise Exception(f"MaxAttempt({retry_attempts}) exhausted. User{self.userid}")
Exception: MaxAttempt(3) exhausted. User0
ERROR:__main__:2022-12-17 23:01:50,437:MaxAttempt(3) exhausted. User0
Traceback (most recent call last):
  File "D:\Synced folder 2\tradex_opinionTrading\codes_2\venv\lib\site-packages\requests\models.py", line 971, in json
    return complexjson.loads(self.text, **kwargs)
  File "C:\Users\aniru\AppData\Local\Programs\Python\Python310\lib\json\__init__.py", line 346, in loads
    return _default_decoder.decode(s)
  File "C:\Users\aniru\AppData\Local\Programs\Python\Python310\lib\json\decoder.py", line 337, in decode
    obj, end = self.raw_decode(s, idx=_w(s, 0).end())
  File "C:\Users\aniru\AppData\Local\Programs\Python\Python310\lib\json\decoder.py", line 355, in raw_decode
    raise JSONDecodeError("Expecting value", s, err.value) from None
json.decoder.JSONDecodeError: Expecting value: line 1 column 1 (char 0)

During handling of the above exception, another exception occurred:

Traceback (most recent call last):
  File "D:\Synced folder 2\tradex_opinionTrading\codes_2\api_caller.py", line 118, in tradex_caller
    response = req.post(url, data=body, headers=headers).json()
  File "D:\Synced folder 2\tradex_opinionTrading\codes_2\venv\lib\site-packages\requests\models.py", line 975, in json
    raise RequestsJSONDecodeError(e.msg, e.doc, e.pos)
requests.exceptions.JSONDecodeError: Expecting value: line 1 column 1 (char 0)

During handling of the above exception, another exception occurred:

Traceback (most recent call last):
  File "D:\Synced folder 2\tradex_opinionTrading\codes_2\main_strategy_run.py", line 128, in <module>
    strat_obj_dict[j].update()
  File "D:\Synced folder 2\tradex_opinionTrading\codes_2\strat7.py", line 670, in update
    self._keep_a_check()
  File "D:\Synced folder 2\tradex_opinionTrading\codes_2\strat7.py", line 613, in _keep_a_check
    self.__scalp_side("Y", trigger, pausebuy=False, pausesell=True)
  File "D:\Synced folder 2\tradex_opinionTrading\codes_2\strat7.py", line 268, in __scalp_side
    self.__send_buy_orders(f"{trigger},ScalpingYes,{set_priceqty_message}", "Y", temp_price, temp_qty)
  File "D:\Synced folder 2\tradex_opinionTrading\codes_2\strat7.py", line 512, in __send_buy_orders
    self.order._buy(message, "Y", price, qty)
  File "D:\Synced folder 2\tradex_opinionTrading\codes_2\order.py", line 38, in _buy
    response = self.api_obj.tradex_caller(suffix, body)
  File "D:\Synced folder 2\tradex_opinionTrading\codes_2\api_caller.py", line 140, in tradex_caller
    raise Exception(f"MaxAttempt({retry_attempts}) exhausted. User{self.userid}")
Exception: MaxAttempt(3) exhausted. User0
ERROR:__main__:2022-12-17 23:02:33,774:MaxAttempt(3) exhausted. User0
Traceback (most recent call last):
  File "D:\Synced folder 2\tradex_opinionTrading\codes_2\venv\lib\site-packages\requests\models.py", line 971, in json
    return complexjson.loads(self.text, **kwargs)
  File "C:\Users\aniru\AppData\Local\Programs\Python\Python310\lib\json\__init__.py", line 346, in loads
    return _default_decoder.decode(s)
  File "C:\Users\aniru\AppData\Local\Programs\Python\Python310\lib\json\decoder.py", line 337, in decode
    obj, end = self.raw_decode(s, idx=_w(s, 0).end())
  File "C:\Users\aniru\AppData\Local\Programs\Python\Python310\lib\json\decoder.py", line 355, in raw_decode
    raise JSONDecodeError("Expecting value", s, err.value) from None
json.decoder.JSONDecodeError: Expecting value: line 1 column 1 (char 0)

During handling of the above exception, another exception occurred:

Traceback (most recent call last):
  File "D:\Synced folder 2\tradex_opinionTrading\codes_2\api_caller.py", line 118, in tradex_caller
    response = req.post(url, data=body, headers=headers).json()
  File "D:\Synced folder 2\tradex_opinionTrading\codes_2\venv\lib\site-packages\requests\models.py", line 975, in json
    raise RequestsJSONDecodeError(e.msg, e.doc, e.pos)
requests.exceptions.JSONDecodeError: Expecting value: line 1 column 1 (char 0)

During handling of the above exception, another exception occurred:

Traceback (most recent call last):
  File "D:\Synced folder 2\tradex_opinionTrading\codes_2\main_strategy_run.py", line 128, in <module>
    strat_obj_dict[j].update()
  File "D:\Synced folder 2\tradex_opinionTrading\codes_2\strat7.py", line 670, in update
    self._keep_a_check()
  File "D:\Synced folder 2\tradex_opinionTrading\codes_2\strat7.py", line 554, in _keep_a_check
    self.__scalp_side("Y", trigger, pausebuy=False, pausesell=False)
  File "D:\Synced folder 2\tradex_opinionTrading\codes_2\strat7.py", line 268, in __scalp_side
    self.__send_buy_orders(f"{trigger},ScalpingYes,{set_priceqty_message}", "Y", temp_price, temp_qty)
  File "D:\Synced folder 2\tradex_opinionTrading\codes_2\strat7.py", line 512, in __send_buy_orders
    self.order._buy(message, "Y", price, qty)
  File "D:\Synced folder 2\tradex_opinionTrading\codes_2\order.py", line 38, in _buy
    response = self.api_obj.tradex_caller(suffix, body)
  File "D:\Synced folder 2\tradex_opinionTrading\codes_2\api_caller.py", line 140, in tradex_caller
    raise Exception(f"MaxAttempt({retry_attempts}) exhausted. User{self.userid}")
Exception: MaxAttempt(3) exhausted. User0
ERROR:__main__:2022-12-17 23:03:17,294:MaxAttempt(3) exhausted. User0
Traceback (most recent call last):
  File "D:\Synced folder 2\tradex_opinionTrading\codes_2\venv\lib\site-packages\requests\models.py", line 971, in json
    return complexjson.loads(self.text, **kwargs)
  File "C:\Users\aniru\AppData\Local\Programs\Python\Python310\lib\json\__init__.py", line 346, in loads
    return _default_decoder.decode(s)
  File "C:\Users\aniru\AppData\Local\Programs\Python\Python310\lib\json\decoder.py", line 337, in decode
    obj, end = self.raw_decode(s, idx=_w(s, 0).end())
  File "C:\Users\aniru\AppData\Local\Programs\Python\Python310\lib\json\decoder.py", line 355, in raw_decode
    raise JSONDecodeError("Expecting value", s, err.value) from None
json.decoder.JSONDecodeError: Expecting value: line 1 column 1 (char 0)

During handling of the above exception, another exception occurred:

Traceback (most recent call last):
  File "D:\Synced folder 2\tradex_opinionTrading\codes_2\api_caller.py", line 118, in tradex_caller
    response = req.post(url, data=body, headers=headers).json()
  File "D:\Synced folder 2\tradex_opinionTrading\codes_2\venv\lib\site-packages\requests\models.py", line 975, in json
    raise RequestsJSONDecodeError(e.msg, e.doc, e.pos)
requests.exceptions.JSONDecodeError: Expecting value: line 1 column 1 (char 0)

During handling of the above exception, another exception occurred:

Traceback (most recent call last):
  File "D:\Synced folder 2\tradex_opinionTrading\codes_2\main_strategy_run.py", line 128, in <module>
    strat_obj_dict[j].update()
  File "D:\Synced folder 2\tradex_opinionTrading\codes_2\strat7.py", line 670, in update
    self._keep_a_check()
  File "D:\Synced folder 2\tradex_opinionTrading\codes_2\strat7.py", line 624, in _keep_a_check
    self.__scalp_side("N", trigger, pausebuy=False, pausesell=True)
  File "D:\Synced folder 2\tradex_opinionTrading\codes_2\strat7.py", line 292, in __scalp_side
    self.__send_buy_orders(f"{trigger},ScalpingNo,{set_priceqty_message}", "N", temp_price, temp_qty)
  File "D:\Synced folder 2\tradex_opinionTrading\codes_2\strat7.py", line 514, in __send_buy_orders
    self.order._buy(message, "N", price, qty)
  File "D:\Synced folder 2\tradex_opinionTrading\codes_2\order.py", line 38, in _buy
    response = self.api_obj.tradex_caller(suffix, body)
  File "D:\Synced folder 2\tradex_opinionTrading\codes_2\api_caller.py", line 140, in tradex_caller
    raise Exception(f"MaxAttempt({retry_attempts}) exhausted. User{self.userid}")
Exception: MaxAttempt(3) exhausted. User0
ERROR:__main__:2022-12-17 23:04:00,481:MaxAttempt(3) exhausted. User0
Traceback (most recent call last):
  File "D:\Synced folder 2\tradex_opinionTrading\codes_2\venv\lib\site-packages\requests\models.py", line 971, in json
    return complexjson.loads(self.text, **kwargs)
  File "C:\Users\aniru\AppData\Local\Programs\Python\Python310\lib\json\__init__.py", line 346, in loads
    return _default_decoder.decode(s)
  File "C:\Users\aniru\AppData\Local\Programs\Python\Python310\lib\json\decoder.py", line 337, in decode
    obj, end = self.raw_decode(s, idx=_w(s, 0).end())
  File "C:\Users\aniru\AppData\Local\Programs\Python\Python310\lib\json\decoder.py", line 355, in raw_decode
    raise JSONDecodeError("Expecting value", s, err.value) from None
json.decoder.JSONDecodeError: Expecting value: line 1 column 1 (char 0)

During handling of the above exception, another exception occurred:

Traceback (most recent call last):
  File "D:\Synced folder 2\tradex_opinionTrading\codes_2\api_caller.py", line 118, in tradex_caller
    response = req.post(url, data=body, headers=headers).json()
  File "D:\Synced folder 2\tradex_opinionTrading\codes_2\venv\lib\site-packages\requests\models.py", line 975, in json
    raise RequestsJSONDecodeError(e.msg, e.doc, e.pos)
requests.exceptions.JSONDecodeError: Expecting value: line 1 column 1 (char 0)

During handling of the above exception, another exception occurred:

Traceback (most recent call last):
  File "D:\Synced folder 2\tradex_opinionTrading\codes_2\main_strategy_run.py", line 128, in <module>
    strat_obj_dict[j].update()
  File "D:\Synced folder 2\tradex_opinionTrading\codes_2\strat7.py", line 670, in update
    self._keep_a_check()
  File "D:\Synced folder 2\tradex_opinionTrading\codes_2\strat7.py", line 624, in _keep_a_check
    self.__scalp_side("N", trigger, pausebuy=False, pausesell=True)
  File "D:\Synced folder 2\tradex_opinionTrading\codes_2\strat7.py", line 292, in __scalp_side
    self.__send_buy_orders(f"{trigger},ScalpingNo,{set_priceqty_message}", "N", temp_price, temp_qty)
  File "D:\Synced folder 2\tradex_opinionTrading\codes_2\strat7.py", line 514, in __send_buy_orders
    self.order._buy(message, "N", price, qty)
  File "D:\Synced folder 2\tradex_opinionTrading\codes_2\order.py", line 38, in _buy
    response = self.api_obj.tradex_caller(suffix, body)
  File "D:\Synced folder 2\tradex_opinionTrading\codes_2\api_caller.py", line 140, in tradex_caller
    raise Exception(f"MaxAttempt({retry_attempts}) exhausted. User{self.userid}")
Exception: MaxAttempt(3) exhausted. User0
ERROR:__main__:2022-12-17 23:04:42,692:local variable 'portfolio_dict' referenced before assignment
Traceback (most recent call last):
  File "D:\Synced folder 2\tradex_opinionTrading\codes_2\main_strategy_run.py", line 128, in <module>
    strat_obj_dict[j].update()
  File "D:\Synced folder 2\tradex_opinionTrading\codes_2\strat7.py", line 667, in update
    self._set_qty()
  File "D:\Synced folder 2\tradex_opinionTrading\codes_2\strat7.py", line 361, in _set_qty
    self.my_avgbuy_price_yes, self.my_avgsell_price_yes, self.my_avgbuy_price_no, self.my_avgsell_price_no, self.falseavgbuyyes, self.falseavgbuyno = self.trans.get_avg_buysell_price(
  File "D:\Synced folder 2\tradex_opinionTrading\codes_2\transactions.py", line 177, in get_avg_buysell_price
    remove_no_qty, remove_no_amount = self._get_unfilled_qty_n_amount(event_id, "N")
  File "D:\Synced folder 2\tradex_opinionTrading\codes_2\transactions.py", line 256, in _get_unfilled_qty_n_amount
    bets_df = self.mybet.get_event_holdings(eid)
  File "D:\Synced folder 2\tradex_opinionTrading\codes_2\mybets.py", line 44, in get_event_holdings
    port_dict = self._get_portfolio_dict()
  File "D:\Synced folder 2\tradex_opinionTrading\codes_2\mybets.py", line 41, in _get_portfolio_dict
    return portfolio_dict
UnboundLocalError: local variable 'portfolio_dict' referenced before assignment
