ERROR:__main__:2022-11-20 15:20:18,208:unsupported operand type(s) for -: 'int' and 'NoneType'
Traceback (most recent call last):
  File "D:\Synced folder 2\tradex_opinionTrading\codes_2\main_strategy_run.py", line 114, in <module>
    strat_obj_dict[i].initialise()
  File "D:\Synced folder 2\tradex_opinionTrading\codes_2\strat7.py", line 442, in initialise
    self._get_situation()
  File "D:\Synced folder 2\tradex_opinionTrading\codes_2\strat7.py", line 229, in _get_situation
    diff_fair_best_n = (99 - self.yes_fair_price) - self.priceatri.no_best_price
TypeError: unsupported operand type(s) for -: 'int' and 'NoneType'
ERROR:__main__:2022-11-20 15:20:45,249:unsupported operand type(s) for -: 'float' and 'NoneType'
Traceback (most recent call last):
  File "D:\Synced folder 2\tradex_opinionTrading\codes_2\main_strategy_run.py", line 114, in <module>
    strat_obj_dict[i].initialise()
  File "D:\Synced folder 2\tradex_opinionTrading\codes_2\strat7.py", line 442, in initialise
    self._get_situation()
  File "D:\Synced folder 2\tradex_opinionTrading\codes_2\strat7.py", line 228, in _get_situation
    diff_fair_best_y = self.yes_fair_price - self.priceatri.yes_best_price
TypeError: unsupported operand type(s) for -: 'float' and 'NoneType'
ERROR:__main__:2022-11-20 15:20:49,027:unsupported operand type(s) for -: 'int' and 'NoneType'
Traceback (most recent call last):
  File "D:\Synced folder 2\tradex_opinionTrading\codes_2\main_strategy_run.py", line 114, in <module>
    strat_obj_dict[i].initialise()
  File "D:\Synced folder 2\tradex_opinionTrading\codes_2\strat7.py", line 442, in initialise
    self._get_situation()
  File "D:\Synced folder 2\tradex_opinionTrading\codes_2\strat7.py", line 228, in _get_situation
    diff_fair_best_y = self.yes_fair_price - self.priceatri.yes_best_price
TypeError: unsupported operand type(s) for -: 'int' and 'NoneType'
ERROR:__main__:2022-11-20 15:21:28,082:unsupported operand type(s) for -: 'float' and 'NoneType'
Traceback (most recent call last):
  File "D:\Synced folder 2\tradex_opinionTrading\codes_2\main_strategy_run.py", line 127, in <module>
    strat_obj_dict[j].update()
  File "D:\Synced folder 2\tradex_opinionTrading\codes_2\strat7.py", line 457, in update
    self._get_situation()
  File "D:\Synced folder 2\tradex_opinionTrading\codes_2\strat7.py", line 228, in _get_situation
    diff_fair_best_y = self.yes_fair_price - self.priceatri.yes_best_price
TypeError: unsupported operand type(s) for -: 'float' and 'NoneType'
ERROR:__main__:2022-11-20 15:21:28,963:unsupported operand type(s) for -: 'int' and 'NoneType'
Traceback (most recent call last):
  File "D:\Synced folder 2\tradex_opinionTrading\codes_2\main_strategy_run.py", line 127, in <module>
    strat_obj_dict[j].update()
  File "D:\Synced folder 2\tradex_opinionTrading\codes_2\strat7.py", line 457, in update
    self._get_situation()
  File "D:\Synced folder 2\tradex_opinionTrading\codes_2\strat7.py", line 228, in _get_situation
    diff_fair_best_y = self.yes_fair_price - self.priceatri.yes_best_price
TypeError: unsupported operand type(s) for -: 'int' and 'NoneType'
