INFO:order:2023-01-08 18:25:56,544;log:pre;eid:15846;call:sent;type:place;order:buy;asset:Y;price:93;qty:99;orderid:buysend;respmessg:null;message:YesSignalZeroHolding,ScalpingYes,BasicBuy,atbest+1
INFO:order:2023-01-08 18:25:57,497;log:post;eid:15846;call:response;type:place;order:buy;asset:Y;price:93;qty:99;orderid:od_1673165677434262;respmessg:null;message:YesSignalZeroHolding,ScalpingYes,BasicBuy,atbest+1
INFO:order:2023-01-08 18:26:42,897;log:pre;eid:15847;call:sent;type:place;order:buy;asset:Y;price:52;qty:75;orderid:buysend;respmessg:null;message:YesSignalZeroHolding,ScalpingYes,BasicBuy,atbest+1
INFO:order:2023-01-08 18:26:43,849;log:post;eid:15847;call:response;type:place;order:buy;asset:Y;price:52;qty:75;orderid:od_1673165677434268;respmessg:null;message:YesSignalZeroHolding,ScalpingYes,BasicBuy,atbest+1
INFO:order:2023-01-08 18:27:26,360;log:pre;eid:15848;call:sent;type:place;order:buy;asset:Y;price:62;qty:99;orderid:buysend;respmessg:null;message:YesSignalZeroHolding,ScalpingYes,BasicBuy,atbest+1
INFO:order:2023-01-08 18:27:27,329;log:post;eid:15848;call:response;type:place;order:buy;asset:Y;price:62;qty:99;orderid:od_1673165677434286;respmessg:null;message:YesSignalZeroHolding,ScalpingYes,BasicBuy,atbest+1
INFO:order:2023-01-08 18:28:50,719;log:pre;eid:15850;call:sent;type:place;order:buy;asset:N;price:6;qty:50;orderid:buysend;respmessg:null;message:NoSignalZeroHolding,ScalpingNo,BasicBuy,atbest+1
INFO:order:2023-01-08 18:28:51,670;log:post;eid:15850;call:response;type:place;order:buy;asset:N;price:6;qty:50;orderid:od_1673165677434318;respmessg:null;message:NoSignalZeroHolding,ScalpingNo,BasicBuy,atbest+1
INFO:order:2023-01-08 18:29:35,586;log:pre;eid:15851;call:sent;type:place;order:buy;asset:N;price:4;qty:50;orderid:buysend;respmessg:null;message:NoSignalZeroHolding,ScalpingNo,BasicBuy,atbest+1
INFO:order:2023-01-08 18:29:36,567;log:post;eid:15851;call:response;type:place;order:buy;asset:N;price:4;qty:50;orderid:od_1673165677434334;respmessg:null;message:NoSignalZeroHolding,ScalpingNo,BasicBuy,atbest+1
INFO:order:2023-01-08 18:30:17,375;log:pre;eid:15852;call:sent;type:place;order:buy;asset:N;price:92;qty:75;orderid:buysend;respmessg:null;message:NoSignalZeroHolding,ScalpingNo,BasicBuy,atbest+1
INFO:order:2023-01-08 18:30:18,327;log:post;eid:15852;call:response;type:place;order:buy;asset:N;price:92;qty:75;orderid:od_1673165677434352;respmessg:null;message:NoSignalZeroHolding,ScalpingNo,BasicBuy,atbest+1
INFO:order:2023-01-08 18:31:01,236;log:pre;eid:15853;call:sent;type:place;order:buy;asset:N;price:95;qty:50;orderid:buysend;respmessg:null;message:NoSignalZeroHolding,ScalpingNo,BasicBuy,atbest+1
INFO:order:2023-01-08 18:31:02,239;log:post;eid:15853;call:response;type:place;order:buy;asset:N;price:95;qty:50;orderid:od_1673165677434377;respmessg:null;message:NoSignalZeroHolding,ScalpingNo,BasicBuy,atbest+1
INFO:order:2023-01-08 18:31:40,731;log:pre;eid:15846;call:sent;type:cancel;order:buy;asset:Y;price:93;qty:null;orderid:od_1673165677434262;respmessg:null;message:YesSignalZeroHolding,NewBuyParams
INFO:order:2023-01-08 18:31:41,705;log:post;eid:15846;call:response;type:cancel;order:buy;asset:Y;price:93;qty:null;orderid:od_1673165677434262;respmessg:null;message:YesSignalZeroHolding,NewBuyParams
INFO:order:2023-01-08 18:31:42,104;log:pre;eid:15846;call:sent;type:place;order:buy;asset:Y;price:96;qty:99;orderid:buysend;respmessg:null;message:YesSignalZeroHolding,ScalpingYes,BasicBuy,atbest+1
INFO:order:2023-01-08 18:31:43,080;log:post;eid:15846;call:response;type:place;order:buy;asset:Y;price:96;qty:99;orderid:od_1673165677434398;respmessg:null;message:YesSignalZeroHolding,ScalpingYes,BasicBuy,atbest+1
INFO:order:2023-01-08 18:34:38,815;log:pre;eid:15850;call:sent;type:cancel;order:buy;asset:N;price:6;qty:null;orderid:od_1673165677434318;respmessg:null;message:NoFairPriceChange,NewBuyParams
INFO:order:2023-01-08 18:34:39,784;log:post;eid:15850;call:response;type:cancel;order:buy;asset:N;price:6;qty:null;orderid:od_1673165677434318;respmessg:null;message:NoFairPriceChange,NewBuyParams
INFO:order:2023-01-08 18:34:40,121;log:pre;eid:15850;call:sent;type:place;order:buy;asset:N;price:51;qty:50;orderid:buysend;respmessg:null;message:NoFairPriceChange,ScalpingNo,BasicBuy,atbest+1
INFO:order:2023-01-08 18:34:41,071;log:post;eid:15850;call:response;type:place;order:buy;asset:N;price:51;qty:50;orderid:od_1673165677434452;respmessg:null;message:NoFairPriceChange,ScalpingNo,BasicBuy,atbest+1
INFO:order:2023-01-08 18:36:09,164;log:pre;eid:15852;call:sent;type:place;order:buy;asset:N;price:95;qty:1;orderid:buysend;respmessg:null;message:absorbing orderbook
INFO:order:2023-01-08 18:36:10,125;log:post;eid:15852;call:response;type:place;order:buy;asset:N;price:95;qty:1;orderid:od_1673165677434473;respmessg:null;message:absorbing orderbook
INFO:order:2023-01-08 18:36:10,126;log:pre;eid:15852;call:sent;type:place;order:buy;asset:N;price:99;qty:30;orderid:buysend;respmessg:null;message:absorbing orderbook
INFO:order:2023-01-08 18:36:11,104;log:post;eid:15852;call:response;type:place;order:buy;asset:N;price:99;qty:30;orderid:od_1673165677434475;respmessg:null;message:absorbing orderbook
INFO:order:2023-01-08 18:36:45,130;log:pre;eid:15853;call:sent;type:cancel;order:buy;asset:N;price:95;qty:null;orderid:od_1673165677434377;respmessg:null;message:NoSignalZeroHolding,NewBuyParams
INFO:order:2023-01-08 18:36:46,120;log:post;eid:15853;call:response;type:cancel;order:buy;asset:N;price:95;qty:null;orderid:od_1673165677434377;respmessg:null;message:NoSignalZeroHolding,NewBuyParams
INFO:order:2023-01-08 18:36:46,496;log:pre;eid:15853;call:sent;type:place;order:buy;asset:N;price:97;qty:99;orderid:buysend;respmessg:null;message:NoSignalZeroHolding,ScalpingNo,BasicBuy,atbest+1
INFO:order:2023-01-08 18:36:47,443;log:post;eid:15853;call:response;type:place;order:buy;asset:N;price:97;qty:99;orderid:od_1673165677434480;respmessg:null;message:NoSignalZeroHolding,ScalpingNo,BasicBuy,atbest+1
INFO:order:2023-01-08 18:36:53,826;log:pre;eid:15853;call:sent;type:place;order:buy;asset:N;price:98;qty:7;orderid:buysend;respmessg:null;message:absorbing orderbook
INFO:order:2023-01-08 18:36:54,812;log:post;eid:15853;call:response;type:place;order:buy;asset:N;price:98;qty:7;orderid:od_1673165677434482;respmessg:null;message:absorbing orderbook
INFO:order:2023-01-08 18:36:54,813;log:pre;eid:15853;call:sent;type:place;order:buy;asset:N;price:99;qty:51;orderid:buysend;respmessg:null;message:absorbing orderbook
INFO:order:2023-01-08 18:36:55,754;log:post;eid:15853;call:response;type:place;order:buy;asset:N;price:99;qty:51;orderid:od_1673165677434484;respmessg:null;message:absorbing orderbook
INFO:order:2023-01-08 18:38:32,180;log:pre;eid:15846;call:sent;type:cancel;order:buy;asset:Y;price:96;qty:null;orderid:od_1673165677434398;respmessg:null;message:YesSignalZeroHolding,NewBuyParams
INFO:order:2023-01-08 18:38:33,175;log:post;eid:15846;call:response;type:cancel;order:buy;asset:Y;price:96;qty:null;orderid:od_1673165677434398;respmessg:null;message:YesSignalZeroHolding,NewBuyParams
INFO:order:2023-01-08 18:38:33,594;log:pre;eid:15846;call:sent;type:place;order:buy;asset:Y;price:98;qty:99;orderid:buysend;respmessg:null;message:YesSignalZeroHolding,ScalpingYes,BasicBuy,atbest+1
INFO:order:2023-01-08 18:38:34,558;log:post;eid:15846;call:response;type:place;order:buy;asset:Y;price:98;qty:99;orderid:od_1673165677434507;respmessg:null;message:YesSignalZeroHolding,ScalpingYes,BasicBuy,atbest+1
INFO:order:2023-01-08 18:42:50,572;log:pre;eid:15852;call:sent;type:cancel;order:buy;asset:N;price:92;qty:null;orderid:od_1673165677434352;respmessg:null;message:YesFairPriceChange,NewBuyParams
INFO:order:2023-01-08 18:42:51,559;log:post;eid:15852;call:response;type:cancel;order:buy;asset:N;price:92;qty:null;orderid:od_1673165677434352;respmessg:null;message:YesFairPriceChange,NewBuyParams
INFO:order:2023-01-08 18:42:51,943;log:pre;eid:15852;call:sent;type:place;order:buy;asset:N;price:95;qty:40;orderid:buysend;respmessg:null;message:YesFairPriceChange,ScalpingNo,BasicBuy,atbest+1
INFO:order:2023-01-08 18:42:52,911;log:post;eid:15852;call:response;type:place;order:buy;asset:N;price:95;qty:40;orderid:od_1673165677434653;respmessg:null;message:YesFairPriceChange,ScalpingNo,BasicBuy,atbest+1
INFO:order:2023-01-08 18:43:32,501;log:pre;eid:15853;call:sent;type:cancel;order:buy;asset:N;price:97;qty:null;orderid:od_1673165677434480;respmessg:null;message:YesFairPriceChange,NewBuyParams
INFO:order:2023-01-08 18:43:33,457;log:post;eid:15853;call:response;type:cancel;order:buy;asset:N;price:97;qty:null;orderid:od_1673165677434480;respmessg:null;message:YesFairPriceChange,NewBuyParams
INFO:order:2023-01-08 18:43:33,814;log:pre;eid:15853;call:sent;type:place;order:buy;asset:N;price:98;qty:25;orderid:buysend;respmessg:null;message:YesFairPriceChange,ScalpingNo,BasicBuy,atbest+1
INFO:order:2023-01-08 18:43:34,797;log:post;eid:15853;call:response;type:place;order:buy;asset:N;price:98;qty:25;orderid:od_1673165677434688;respmessg:null;message:YesFairPriceChange,ScalpingNo,BasicBuy,atbest+1
INFO:order:2023-01-08 18:47:14,277;log:pre;eid:15849;call:sent;type:place;order:buy;asset:Y;price:7;qty:50;orderid:buysend;respmessg:null;message:YesSignalZeroHolding,ScalpingYes,BasicBuy,atbest+1
INFO:order:2023-01-08 18:47:15,229;log:post;eid:15849;call:response;type:place;order:buy;asset:Y;price:7;qty:50;orderid:od_1673165677434829;respmessg:null;message:YesSignalZeroHolding,ScalpingYes,BasicBuy,atbest+1
INFO:order:2023-01-08 18:48:41,394;log:pre;eid:15851;call:sent;type:cancel;order:buy;asset:N;price:4;qty:null;orderid:od_1673165677434334;respmessg:null;message:NoSignalZeroHolding,NewBuyParams
INFO:order:2023-01-08 18:48:42,368;log:post;eid:15851;call:response;type:cancel;order:buy;asset:N;price:4;qty:null;orderid:od_1673165677434334;respmessg:null;message:NoSignalZeroHolding,NewBuyParams
INFO:order:2023-01-08 18:48:42,722;log:pre;eid:15851;call:sent;type:place;order:buy;asset:N;price:6;qty:50;orderid:buysend;respmessg:null;message:NoSignalZeroHolding,ScalpingNo,BasicBuy,atbest+1
INFO:order:2023-01-08 18:48:43,689;log:post;eid:15851;call:response;type:place;order:buy;asset:N;price:6;qty:50;orderid:od_1673165677434891;respmessg:null;message:NoSignalZeroHolding,ScalpingNo,BasicBuy,atbest+1
INFO:order:2023-01-08 18:49:27,563;log:pre;eid:15852;call:sent;type:cancel;order:buy;asset:N;price:95;qty:null;orderid:od_1673165677434653;respmessg:null;message:YesFairPriceChange,NewBuyParams
INFO:order:2023-01-08 18:49:28,519;log:post;eid:15852;call:response;type:cancel;order:buy;asset:N;price:95;qty:null;orderid:od_1673165677434653;respmessg:null;message:YesFairPriceChange,NewBuyParams
INFO:order:2023-01-08 18:49:28,867;log:pre;eid:15852;call:sent;type:place;order:buy;asset:N;price:97;qty:40;orderid:buysend;respmessg:null;message:YesFairPriceChange,ScalpingNo,BasicBuy,atbest+1
INFO:order:2023-01-08 18:49:29,846;log:post;eid:15852;call:response;type:place;order:buy;asset:N;price:97;qty:40;orderid:od_1673165677434926;respmessg:null;message:YesFairPriceChange,ScalpingNo,BasicBuy,atbest+1
INFO:order:2023-01-08 18:49:32,509;log:pre;eid:15852;call:sent;type:place;order:buy;asset:N;price:98;qty:10;orderid:buysend;respmessg:null;message:absorbing orderbook
INFO:order:2023-01-08 18:49:33,702;log:post;eid:15852;call:response;type:place;order:buy;asset:N;price:98;qty:10;orderid:od_1673165677434930;respmessg:null;message:absorbing orderbook
INFO:order:2023-01-08 18:50:13,075;log:pre;eid:15853;call:sent;type:place;order:buy;asset:N;price:99;qty:3;orderid:buysend;respmessg:null;message:absorbing orderbook
INFO:order:2023-01-08 18:50:14,046;log:post;eid:15853;call:response;type:place;order:buy;asset:N;price:99;qty:3;orderid:od_1673165677434963;respmessg:null;message:absorbing orderbook
INFO:order:2023-01-08 18:51:49,659;log:pre;eid:15846;call:sent;type:place;order:sell;asset:Y;price:99;qty:3;orderid:sellsend;respmessg:null;message:HoldYesQtyChange,SellingYesNewQty,ProfitSell,atAvgBuy+1
INFO:order:2023-01-08 18:51:50,622;log:post;eid:15846;call:response;type:place;order:sell;asset:Y;price:99;qty:3;orderid:od_1673165677435034;respmessg:null;message:HoldYesQtyChange,SellingYesNewQty,ProfitSell,atAvgBuy+1
INFO:order:2023-01-08 18:51:53,582;log:pre;eid:15846;call:sent;type:cancel;order:sell;asset:Y;price:99;qty:null;orderid:od_1673165677435034;respmessg:null;message:YesFairPriceChange,PausingSell
INFO:order:2023-01-08 18:51:54,548;log:post;eid:15846;call:response;type:cancel;order:sell;asset:Y;price:99;qty:null;orderid:od_1673165677435034;respmessg:null;message:YesFairPriceChange,PausingSell
INFO:order:2023-01-08 18:52:31,570;log:pre;eid:15847;call:sent;type:cancel;order:buy;asset:Y;price:52;qty:null;orderid:od_1673165677434268;respmessg:null;message:YesSignalZeroHolding,NewBuyParams
INFO:order:2023-01-08 18:52:32,550;log:post;eid:15847;call:response;type:cancel;order:buy;asset:Y;price:52;qty:null;orderid:od_1673165677434268;respmessg:null;message:YesSignalZeroHolding,NewBuyParams
INFO:order:2023-01-08 18:52:32,913;log:pre;eid:15847;call:sent;type:place;order:buy;asset:Y;price:61;qty:99;orderid:buysend;respmessg:null;message:YesSignalZeroHolding,ScalpingYes,BasicBuy,atbest+1
INFO:order:2023-01-08 18:52:33,855;log:post;eid:15847;call:response;type:place;order:buy;asset:Y;price:61;qty:99;orderid:od_1673165677435071;respmessg:null;message:YesSignalZeroHolding,ScalpingYes,BasicBuy,atbest+1
INFO:order:2023-01-08 18:56:46,495;log:pre;eid:15853;call:sent;type:cancel;order:buy;asset:N;price:98;qty:null;orderid:od_1673165677434688;respmessg:null;message:YesFairPriceChange,NewBuyParams
INFO:order:2023-01-08 18:56:47,453;log:post;eid:15853;call:response;type:cancel;order:buy;asset:N;price:98;qty:null;orderid:od_1673165677434688;respmessg:null;message:YesFairPriceChange,NewBuyParams
INFO:order:2023-01-08 18:56:47,855;log:pre;eid:15853;call:sent;type:place;order:buy;asset:N;price:52;qty:27;orderid:buysend;respmessg:null;message:YesFairPriceChange,ScalpingNo,BasicBuy,atbest+1
INFO:order:2023-01-08 18:56:48,827;log:post;eid:15853;call:response;type:place;order:buy;asset:N;price:52;qty:27;orderid:od_1673165677435257;respmessg:null;message:YesFairPriceChange,ScalpingNo,BasicBuy,atbest+1
INFO:order:2023-01-08 19:00:27,440;log:pre;eid:15849;call:sent;type:cancel;order:buy;asset:Y;price:7;qty:null;orderid:od_1673165677434829;respmessg:null;message:YesSignalZeroHolding,NewBuyParams
INFO:order:2023-01-08 19:00:28,417;log:post;eid:15849;call:response;type:cancel;order:buy;asset:Y;price:7;qty:null;orderid:od_1673165677434829;respmessg:null;message:YesSignalZeroHolding,NewBuyParams
INFO:order:2023-01-08 19:00:29,327;log:pre;eid:15849;call:sent;type:place;order:buy;asset:Y;price:51;qty:50;orderid:buysend;respmessg:null;message:YesSignalZeroHolding,ScalpingYes,BasicBuy,atbest+1
INFO:order:2023-01-08 19:00:30,313;log:post;eid:15849;call:response;type:place;order:buy;asset:Y;price:51;qty:50;orderid:od_1673165677435399;respmessg:null;message:YesSignalZeroHolding,ScalpingYes,BasicBuy,atbest+1
INFO:order:2023-01-08 19:03:14,930;log:pre;eid:15853;call:sent;type:cancel;order:buy;asset:N;price:52;qty:null;orderid:od_1673165677435257;respmessg:null;message:YesFairPriceChange,NewBuyParams
INFO:order:2023-01-08 19:03:15,918;log:post;eid:15853;call:response;type:cancel;order:buy;asset:N;price:52;qty:null;orderid:od_1673165677435257;respmessg:null;message:YesFairPriceChange,NewBuyParams
INFO:order:2023-01-08 19:03:16,303;log:pre;eid:15853;call:sent;type:place;order:buy;asset:N;price:97;qty:32;orderid:buysend;respmessg:null;message:YesFairPriceChange,ScalpingNo,BasicBuy,atbest
INFO:order:2023-01-08 19:03:17,283;log:post;eid:15853;call:response;type:place;order:buy;asset:N;price:97;qty:32;orderid:od_1673165677435513;respmessg:null;message:YesFairPriceChange,ScalpingNo,BasicBuy,atbest
INFO:order:2023-01-08 19:03:20,008;log:pre;eid:15853;call:sent;type:place;order:buy;asset:N;price:98;qty:1;orderid:buysend;respmessg:null;message:absorbing orderbook
INFO:order:2023-01-08 19:03:20,977;log:post;eid:15853;call:response;type:place;order:buy;asset:N;price:98;qty:1;orderid:od_1673165677435519;respmessg:null;message:absorbing orderbook
INFO:order:2023-01-08 19:05:27,264;log:pre;eid:15847;call:sent;type:cancel;order:buy;asset:Y;price:61;qty:null;orderid:od_1673165677435071;respmessg:null;message:YesSignalZeroHolding,NewBuyParams
INFO:order:2023-01-08 19:05:28,276;log:post;eid:15847;call:response;type:cancel;order:buy;asset:Y;price:61;qty:null;orderid:od_1673165677435071;respmessg:null;message:YesSignalZeroHolding,NewBuyParams
INFO:order:2023-01-08 19:05:28,804;log:pre;eid:15847;call:sent;type:place;order:buy;asset:Y;price:81;qty:99;orderid:buysend;respmessg:null;message:YesSignalZeroHolding,ScalpingYes,BasicBuy,atbest+1
INFO:order:2023-01-08 19:05:29,784;log:post;eid:15847;call:response;type:place;order:buy;asset:Y;price:81;qty:99;orderid:od_1673165677435582;respmessg:null;message:YesSignalZeroHolding,ScalpingYes,BasicBuy,atbest+1
INFO:order:2023-01-08 19:09:47,772;log:pre;eid:15853;call:sent;type:cancel;order:buy;asset:N;price:97;qty:null;orderid:od_1673165677435513;respmessg:null;message:YesFairPriceChange,NewBuyParams
INFO:order:2023-01-08 19:09:48,786;log:post;eid:15853;call:response;type:cancel;order:buy;asset:N;price:97;qty:null;orderid:od_1673165677435513;respmessg:null;message:YesFairPriceChange,NewBuyParams
INFO:order:2023-01-08 19:09:49,182;log:pre;eid:15853;call:sent;type:place;order:buy;asset:N;price:99;qty:99;orderid:buysend;respmessg:null;message:YesFairPriceChange,ScalpingNo,BasicBuy,atbest+1
INFO:order:2023-01-08 19:09:50,165;log:post;eid:15853;call:response;type:place;order:buy;asset:N;price:99;qty:99;orderid:od_1673165677435745;respmessg:null;message:YesFairPriceChange,ScalpingNo,BasicBuy,atbest+1
INFO:order:2023-01-08 19:17:55,494;log:pre;eid:15846;call:sent;type:cancel;order:buy;asset:Y;price:98;qty:null;orderid:od_1673165677434507;respmessg:null;message:YesFairPriceChange,NewBuyParams
INFO:order:2023-01-08 19:17:56,454;log:post;eid:15846;call:response;type:cancel;order:buy;asset:Y;price:98;qty:null;orderid:od_1673165677434507;respmessg:null;message:YesFairPriceChange,NewBuyParams
INFO:order:2023-01-08 19:17:56,787;log:pre;eid:15846;call:sent;type:place;order:buy;asset:Y;price:91;qty:99;orderid:buysend;respmessg:null;message:YesFairPriceChange,ScalpingYes,BasicBuy,atbest+1
INFO:order:2023-01-08 19:17:57,771;log:post;eid:15846;call:response;type:place;order:buy;asset:Y;price:91;qty:99;orderid:od_1673165677436061;respmessg:null;message:YesFairPriceChange,ScalpingYes,BasicBuy,atbest+1
INFO:order:2023-01-08 19:18:35,787;log:pre;eid:15847;call:sent;type:cancel;order:buy;asset:Y;price:81;qty:null;orderid:od_1673165677435582;respmessg:null;message:YesSignalZeroHolding,NewBuyParams
INFO:order:2023-01-08 19:18:36,775;log:post;eid:15847;call:response;type:cancel;order:buy;asset:Y;price:81;qty:null;orderid:od_1673165677435582;respmessg:null;message:YesSignalZeroHolding,NewBuyParams
INFO:order:2023-01-08 19:18:37,177;log:pre;eid:15847;call:sent;type:place;order:buy;asset:Y;price:61;qty:99;orderid:buysend;respmessg:null;message:YesSignalZeroHolding,ScalpingYes,BasicBuy,atbest+1
INFO:order:2023-01-08 19:18:38,152;log:post;eid:15847;call:response;type:place;order:buy;asset:Y;price:61;qty:99;orderid:od_1673165677436092;respmessg:null;message:YesSignalZeroHolding,ScalpingYes,BasicBuy,atbest+1
INFO:order:2023-01-08 19:26:26,046;log:pre;eid:15849;call:sent;type:cancel;order:buy;asset:Y;price:51;qty:null;orderid:od_1673165677435399;respmessg:null;message:YesSignalZeroHolding,PausingBuy
INFO:order:2023-01-08 19:26:27,014;log:post;eid:15849;call:response;type:cancel;order:buy;asset:Y;price:51;qty:null;orderid:od_1673165677435399;respmessg:null;message:YesSignalZeroHolding,PausingBuy
INFO:order:2023-01-08 19:27:10,863;log:pre;eid:15850;call:sent;type:cancel;order:buy;asset:N;price:51;qty:null;orderid:od_1673165677434452;respmessg:null;message:NoSignalZeroHolding,NewBuyParams
INFO:order:2023-01-08 19:27:11,834;log:post;eid:15850;call:response;type:cancel;order:buy;asset:N;price:51;qty:null;orderid:od_1673165677434452;respmessg:null;message:NoSignalZeroHolding,NewBuyParams
INFO:order:2023-01-08 19:27:12,204;log:pre;eid:15850;call:sent;type:place;order:buy;asset:N;price:6;qty:99;orderid:buysend;respmessg:null;message:NoSignalZeroHolding,ScalpingNo,BasicBuy,atbest+1
INFO:order:2023-01-08 19:27:13,182;log:post;eid:15850;call:response;type:place;order:buy;asset:N;price:6;qty:99;orderid:od_1673165677436398;respmessg:null;message:NoSignalZeroHolding,ScalpingNo,BasicBuy,atbest+1
INFO:order:2023-01-08 19:32:56,788;log:pre;eid:15849;call:sent;type:place;order:buy;asset:Y;price:51;qty:50;orderid:buysend;respmessg:null;message:YesSignalZeroHolding,ScalpingYes,BasicBuy,atbest+1
INFO:order:2023-01-08 19:32:57,739;log:post;eid:15849;call:response;type:place;order:buy;asset:Y;price:51;qty:50;orderid:od_1673165677436576;respmessg:null;message:YesSignalZeroHolding,ScalpingYes,BasicBuy,atbest+1
INFO:order:2023-01-08 19:35:10,457;log:pre;eid:15852;call:sent;type:cancel;order:buy;asset:N;price:97;qty:null;orderid:od_1673165677434926;respmessg:null;message:NoFairPriceChange,NewBuyParams
INFO:order:2023-01-08 19:35:11,432;log:post;eid:15852;call:response;type:cancel;order:buy;asset:N;price:97;qty:null;orderid:od_1673165677434926;respmessg:null;message:NoFairPriceChange,NewBuyParams
INFO:order:2023-01-08 19:35:11,787;log:pre;eid:15852;call:sent;type:place;order:buy;asset:N;price:99;qty:28;orderid:buysend;respmessg:null;message:NoFairPriceChange,ScalpingNo,BasicBuy,atbest+1
INFO:order:2023-01-08 19:35:12,750;log:post;eid:15852;call:response;type:place;order:buy;asset:N;price:99;qty:28;orderid:od_1673165677436656;respmessg:null;message:NoFairPriceChange,ScalpingNo,BasicBuy,atbest+1
INFO:order:2023-01-08 19:39:37,559;log:pre;eid:15849;call:sent;type:cancel;order:buy;asset:Y;price:51;qty:null;orderid:od_1673165677436576;respmessg:null;message:YesSignalZeroHolding,NewBuyParams
INFO:order:2023-01-08 19:39:38,575;log:post;eid:15849;call:response;type:cancel;order:buy;asset:Y;price:51;qty:null;orderid:od_1673165677436576;respmessg:null;message:YesSignalZeroHolding,NewBuyParams
INFO:order:2023-01-08 19:39:38,971;log:pre;eid:15849;call:sent;type:place;order:buy;asset:Y;price:61;qty:75;orderid:buysend;respmessg:null;message:YesSignalZeroHolding,ScalpingYes,BasicBuy,atbest+1
INFO:order:2023-01-08 19:39:39,939;log:post;eid:15849;call:response;type:place;order:buy;asset:Y;price:61;qty:75;orderid:od_1673165677436767;respmessg:null;message:YesSignalZeroHolding,ScalpingYes,BasicBuy,atbest+1
INFO:order:2023-01-08 21:08:04,012;log:pre;eid:15846;call:sent;type:cancel;order:buy;asset:Y;price:91;qty:null;orderid:od_1673165677436061;respmessg:null;message:YesFairPriceChange,NewBuyParams
INFO:order:2023-01-08 21:08:04,978;log:post;eid:15846;call:response;type:cancel;order:buy;asset:Y;price:91;qty:null;orderid:od_1673165677436061;respmessg:null;message:YesFairPriceChange,NewBuyParams
INFO:order:2023-01-08 21:08:05,370;log:pre;eid:15846;call:sent;type:place;order:buy;asset:Y;price:96;qty:99;orderid:buysend;respmessg:null;message:YesFairPriceChange,ScalpingYes,BasicBuy,atbest+1
INFO:order:2023-01-08 21:08:06,387;log:post;eid:15846;call:response;type:place;order:buy;asset:Y;price:96;qty:99;orderid:od_1673165677439220;respmessg:null;message:YesFairPriceChange,ScalpingYes,BasicBuy,atbest+1
INFO:order:2023-01-08 21:10:11,045;log:pre;eid:15849;call:sent;type:cancel;order:buy;asset:Y;price:61;qty:null;orderid:od_1673165677436767;respmessg:null;message:YesSignalZeroHolding,NewBuyParams
INFO:order:2023-01-08 21:10:12,033;log:post;eid:15849;call:response;type:cancel;order:buy;asset:Y;price:61;qty:null;orderid:od_1673165677436767;respmessg:null;message:YesSignalZeroHolding,NewBuyParams
INFO:order:2023-01-08 21:10:12,475;log:pre;eid:15849;call:sent;type:place;order:buy;asset:Y;price:91;qty:99;orderid:buysend;respmessg:null;message:YesSignalZeroHolding,ScalpingYes,BasicBuy,atbest+1
INFO:order:2023-01-08 21:10:13,432;log:post;eid:15849;call:response;type:place;order:buy;asset:Y;price:91;qty:99;orderid:od_1673165677439262;respmessg:null;message:YesSignalZeroHolding,ScalpingYes,BasicBuy,atbest+1
INFO:order:2023-01-08 21:23:48,528;log:pre;eid:15850;call:sent;type:cancel;order:buy;asset:N;price:6;qty:null;orderid:od_1673165677436398;respmessg:null;message:NoSignalZeroHolding,PausingBuy
INFO:order:2023-01-08 21:23:49,506;log:post;eid:15850;call:response;type:cancel;order:buy;asset:N;price:6;qty:null;orderid:od_1673165677436398;respmessg:null;message:NoSignalZeroHolding,PausingBuy
INFO:order:2023-01-08 21:24:32,632;log:pre;eid:15851;call:sent;type:cancel;order:buy;asset:N;price:6;qty:null;orderid:od_1673165677434891;respmessg:null;message:NoSignalZeroHolding,NewBuyParams
INFO:order:2023-01-08 21:24:33,617;log:post;eid:15851;call:response;type:cancel;order:buy;asset:N;price:6;qty:null;orderid:od_1673165677434891;respmessg:null;message:NoSignalZeroHolding,NewBuyParams
INFO:order:2023-01-08 21:24:34,008;log:pre;eid:15851;call:sent;type:place;order:buy;asset:N;price:8;qty:50;orderid:buysend;respmessg:null;message:NoSignalZeroHolding,ScalpingNo,BasicBuy,atbest+1
INFO:order:2023-01-08 21:24:34,952;log:post;eid:15851;call:response;type:place;order:buy;asset:N;price:8;qty:50;orderid:od_1673165677439350;respmessg:null;message:NoSignalZeroHolding,ScalpingNo,BasicBuy,atbest+1
INFO:order:2023-01-08 21:25:22,087;log:pre;eid:15852;call:sent;type:place;order:buy;asset:N;price:91;qty:75;orderid:buysend;respmessg:null;message:NoFairPriceChange,ScalpingNo,BasicBuy,atbest+1
INFO:order:2023-01-08 21:25:23,082;log:post;eid:15852;call:response;type:place;order:buy;asset:N;price:91;qty:75;orderid:od_1673165677439354;respmessg:null;message:NoFairPriceChange,ScalpingNo,BasicBuy,atbest+1
INFO:order:2023-01-08 21:42:30,267;log:pre;eid:15849;call:sent;type:place;order:sell;asset:Y;price:98;qty:1;orderid:sellsend;respmessg:null;message:HoldYesQtyChange,SellingYesNewQty,ProfitSell,atBetter
INFO:order:2023-01-08 21:42:31,233;log:post;eid:15849;call:response;type:place;order:sell;asset:Y;price:98;qty:1;orderid:od_1673165677439458;respmessg:null;message:HoldYesQtyChange,SellingYesNewQty,ProfitSell,atBetter
INFO:order:2023-01-08 21:42:34,167;log:pre;eid:15849;call:sent;type:cancel;order:sell;asset:Y;price:98;qty:null;orderid:od_1673165677439458;respmessg:null;message:YesFairPriceChange,PausingSell
INFO:order:2023-01-08 21:42:35,159;log:post;eid:15849;call:response;type:cancel;order:sell;asset:Y;price:98;qty:null;orderid:od_1673165677439458;respmessg:null;message:YesFairPriceChange,PausingSell
INFO:order:2023-01-08 21:43:11,208;log:pre;eid:15850;call:sent;type:place;order:buy;asset:N;price:6;qty:50;orderid:buysend;respmessg:null;message:NoSignalZeroHolding,ScalpingNo,BasicBuy,atbest+1
INFO:order:2023-01-08 21:43:12,193;log:post;eid:15850;call:response;type:place;order:buy;asset:N;price:6;qty:50;orderid:od_1673165677439463;respmessg:null;message:NoSignalZeroHolding,ScalpingNo,BasicBuy,atbest+1
INFO:order:2023-01-08 21:48:53,240;log:pre;eid:15849;call:sent;type:place;order:sell;asset:Y;price:98;qty:11;orderid:sellsend;respmessg:null;message:HoldYesQtyChange,SellingYesNewQty,ProfitSell,atBetter
INFO:order:2023-01-08 21:48:54,204;log:post;eid:15849;call:response;type:place;order:sell;asset:Y;price:98;qty:11;orderid:od_1673165677439488;respmessg:null;message:HoldYesQtyChange,SellingYesNewQty,ProfitSell,atBetter
INFO:order:2023-01-08 21:48:57,141;log:pre;eid:15849;call:sent;type:cancel;order:sell;asset:Y;price:98;qty:null;orderid:od_1673165677439488;respmessg:null;message:YesFairPriceChange,PausingSell
INFO:order:2023-01-08 21:48:58,122;log:post;eid:15849;call:response;type:cancel;order:sell;asset:Y;price:98;qty:null;orderid:od_1673165677439488;respmessg:null;message:YesFairPriceChange,PausingSell
INFO:order:2023-01-08 21:51:01,492;log:pre;eid:15852;call:sent;type:cancel;order:buy;asset:N;price:91;qty:null;orderid:od_1673165677439354;respmessg:null;message:NoFairPriceChange,NewBuyParams
INFO:order:2023-01-08 21:51:02,522;log:post;eid:15852;call:response;type:cancel;order:buy;asset:N;price:91;qty:null;orderid:od_1673165677439354;respmessg:null;message:NoFairPriceChange,NewBuyParams
INFO:order:2023-01-08 21:51:03,016;log:pre;eid:15852;call:sent;type:place;order:buy;asset:N;price:56;qty:28;orderid:buysend;respmessg:null;message:NoFairPriceChange,ScalpingNo,BasicBuy,atbest+1
INFO:order:2023-01-08 21:51:03,993;log:post;eid:15852;call:response;type:place;order:buy;asset:N;price:56;qty:28;orderid:od_1673165677439525;respmessg:null;message:NoFairPriceChange,ScalpingNo,BasicBuy,atbest+1
INFO:order:2023-01-08 21:53:19,403;log:pre;eid:15846;call:sent;type:place;order:sell;asset:Y;price:99;qty:4;orderid:sellsend;respmessg:null;message:HoldYesQtyChange,SellingYesNewQty,ProfitSell,atAvgBuy+1
INFO:order:2023-01-08 21:53:20,407;log:post;eid:15846;call:response;type:place;order:sell;asset:Y;price:99;qty:4;orderid:od_1673165677439550;respmessg:null;message:HoldYesQtyChange,SellingYesNewQty,ProfitSell,atAvgBuy+1
INFO:order:2023-01-08 21:53:23,513;log:pre;eid:15846;call:sent;type:cancel;order:sell;asset:Y;price:99;qty:null;orderid:od_1673165677439550;respmessg:null;message:YesFairPriceChange,PausingSell
INFO:order:2023-01-08 21:53:24,495;log:post;eid:15846;call:response;type:cancel;order:sell;asset:Y;price:99;qty:null;orderid:od_1673165677439550;respmessg:null;message:YesFairPriceChange,PausingSell
INFO:order:2023-01-08 21:56:48,734;log:pre;eid:15851;call:sent;type:cancel;order:buy;asset:N;price:8;qty:null;orderid:od_1673165677439350;respmessg:null;message:NoSignalZeroHolding,NewBuyParams
INFO:order:2023-01-08 21:56:49,767;log:post;eid:15851;call:response;type:cancel;order:buy;asset:N;price:8;qty:null;orderid:od_1673165677439350;respmessg:null;message:NoSignalZeroHolding,NewBuyParams
INFO:order:2023-01-08 21:56:50,126;log:pre;eid:15851;call:sent;type:place;order:buy;asset:N;price:31;qty:50;orderid:buysend;respmessg:null;message:NoSignalZeroHolding,ScalpingNo,BasicBuy,atbest+1
INFO:order:2023-01-08 21:56:51,088;log:post;eid:15851;call:response;type:place;order:buy;asset:N;price:31;qty:50;orderid:od_1673165677439630;respmessg:null;message:NoSignalZeroHolding,ScalpingNo,BasicBuy,atbest+1
INFO:order:2023-01-08 22:01:56,381;log:pre;eid:15849;call:sent;type:place;order:sell;asset:Y;price:98;qty:21;orderid:sellsend;respmessg:null;message:HoldYesQtyChange,SellingYesNewQty,ProfitSell,atBetter
INFO:order:2023-01-08 22:01:57,421;log:post;eid:15849;call:response;type:place;order:sell;asset:Y;price:98;qty:21;orderid:od_1673165677439774;respmessg:null;message:HoldYesQtyChange,SellingYesNewQty,ProfitSell,atBetter
INFO:order:2023-01-08 22:02:00,730;log:pre;eid:15849;call:sent;type:cancel;order:sell;asset:Y;price:98;qty:null;orderid:od_1673165677439774;respmessg:null;message:YesFairPriceChange,PausingSell
INFO:order:2023-01-08 22:02:01,725;log:post;eid:15849;call:response;type:cancel;order:sell;asset:Y;price:98;qty:null;orderid:od_1673165677439774;respmessg:null;message:YesFairPriceChange,PausingSell
INFO:order:2023-01-08 22:02:37,976;log:pre;eid:15850;call:sent;type:cancel;order:buy;asset:N;price:6;qty:null;orderid:od_1673165677439463;respmessg:null;message:NoSignalZeroHolding,NewBuyParams
INFO:order:2023-01-08 22:02:38,976;log:post;eid:15850;call:response;type:cancel;order:buy;asset:N;price:6;qty:null;orderid:od_1673165677439463;respmessg:null;message:NoSignalZeroHolding,NewBuyParams
INFO:order:2023-01-08 22:02:39,464;log:pre;eid:15850;call:sent;type:place;order:buy;asset:N;price:51;qty:75;orderid:buysend;respmessg:null;message:NoSignalZeroHolding,ScalpingNo,BasicBuy,atbest+1
INFO:order:2023-01-08 22:02:40,457;log:post;eid:15850;call:response;type:place;order:buy;asset:N;price:51;qty:75;orderid:od_1673165677439792;respmessg:null;message:NoSignalZeroHolding,ScalpingNo,BasicBuy,atbest+1
INFO:order:2023-01-08 22:04:08,584;log:pre;eid:15852;call:sent;type:cancel;order:buy;asset:N;price:56;qty:null;orderid:od_1673165677439525;respmessg:null;message:NoFairPriceChange,NewBuyParams
INFO:order:2023-01-08 22:04:09,587;log:post;eid:15852;call:response;type:cancel;order:buy;asset:N;price:56;qty:null;orderid:od_1673165677439525;respmessg:null;message:NoFairPriceChange,NewBuyParams
INFO:order:2023-01-08 22:04:09,935;log:pre;eid:15852;call:sent;type:place;order:buy;asset:N;price:90;qty:99;orderid:buysend;respmessg:null;message:NoFairPriceChange,ScalpingNo,BasicBuy,atbest+1
INFO:order:2023-01-08 22:04:10,900;log:post;eid:15852;call:response;type:place;order:buy;asset:N;price:90;qty:99;orderid:od_1673165677439826;respmessg:null;message:NoFairPriceChange,ScalpingNo,BasicBuy,atbest+1
INFO:order:2023-01-08 22:07:47,592;log:pre;eid:15848;call:sent;type:cancel;order:buy;asset:Y;price:62;qty:null;orderid:od_1673165677434286;respmessg:null;message:YesSignalZeroHolding,NewBuyParams
INFO:order:2023-01-08 22:07:48,578;log:post;eid:15848;call:response;type:cancel;order:buy;asset:Y;price:62;qty:null;orderid:od_1673165677434286;respmessg:null;message:YesSignalZeroHolding,NewBuyParams
INFO:order:2023-01-08 22:07:48,936;log:pre;eid:15848;call:sent;type:place;order:buy;asset:Y;price:66;qty:99;orderid:buysend;respmessg:null;message:YesSignalZeroHolding,ScalpingYes,BasicBuy,atbest+1
INFO:order:2023-01-08 22:07:49,931;log:post;eid:15848;call:response;type:place;order:buy;asset:Y;price:66;qty:99;orderid:od_1673165677439906;respmessg:null;message:YesSignalZeroHolding,ScalpingYes,BasicBuy,atbest+1
INFO:order:2023-01-08 22:08:33,972;log:pre;eid:15849;call:sent;type:place;order:sell;asset:Y;price:98;qty:31;orderid:sellsend;respmessg:null;message:HoldYesQtyChange,SellingYesNewQty,ProfitSell,atBetter
INFO:order:2023-01-08 22:08:34,936;log:post;eid:15849;call:response;type:place;order:sell;asset:Y;price:98;qty:31;orderid:od_1673165677439922;respmessg:null;message:HoldYesQtyChange,SellingYesNewQty,ProfitSell,atBetter
INFO:order:2023-01-08 22:08:35,961;log:pre;eid:15849;call:sent;type:cancel;order:buy;asset:Y;price:91;qty:null;orderid:od_1673165677439262;respmessg:null;message:YesFairPriceChange,PausingBuy
INFO:order:2023-01-08 22:08:36,948;log:post;eid:15849;call:response;type:cancel;order:buy;asset:Y;price:91;qty:null;orderid:od_1673165677439262;respmessg:null;message:YesFairPriceChange,PausingBuy
INFO:order:2023-01-08 22:08:38,354;log:pre;eid:15849;call:sent;type:cancel;order:sell;asset:Y;price:98;qty:null;orderid:od_1673165677439922;respmessg:null;message:YesFairPriceChange,PausingSell
INFO:order:2023-01-08 22:08:39,401;log:post;eid:15849;call:response;type:cancel;order:sell;asset:Y;price:98;qty:null;orderid:od_1673165677439922;respmessg:null;message:YesFairPriceChange,PausingSell
INFO:order:2023-01-08 22:09:58,858;log:pre;eid:15851;call:sent;type:cancel;order:buy;asset:N;price:31;qty:null;orderid:od_1673165677439630;respmessg:null;message:NoSignalZeroHolding,NewBuyParams
INFO:order:2023-01-08 22:09:59,845;log:post;eid:15851;call:response;type:cancel;order:buy;asset:N;price:31;qty:null;orderid:od_1673165677439630;respmessg:null;message:NoSignalZeroHolding,NewBuyParams
INFO:order:2023-01-08 22:10:00,264;log:pre;eid:15851;call:sent;type:place;order:buy;asset:N;price:51;qty:75;orderid:buysend;respmessg:null;message:NoSignalZeroHolding,ScalpingNo,BasicBuy,atbest+1
INFO:order:2023-01-08 22:10:01,238;log:post;eid:15851;call:response;type:place;order:buy;asset:N;price:51;qty:75;orderid:od_1673165677439956;respmessg:null;message:NoSignalZeroHolding,ScalpingNo,BasicBuy,atbest+1
INFO:order:2023-01-08 22:15:06,339;log:pre;eid:15849;call:sent;type:place;order:buy;asset:Y;price:51;qty:50;orderid:buysend;respmessg:null;message:YesFairPriceChange,ScalpingYes,BasicBuy,atbest+1
INFO:order:2023-01-08 22:15:07,321;log:post;eid:15849;call:response;type:place;order:buy;asset:Y;price:51;qty:50;orderid:od_1673165677440001;respmessg:null;message:YesFairPriceChange,ScalpingYes,BasicBuy,atbest+1
INFO:order:2023-01-08 22:15:09,808;log:pre;eid:15849;call:sent;type:place;order:sell;asset:Y;price:98;qty:31;orderid:sellsend;respmessg:null;message:YesFairPriceChange,SellingBoughtQty,ProfitSell,atBetter
INFO:order:2023-01-08 22:15:10,780;log:post;eid:15849;call:response;type:place;order:sell;asset:Y;price:98;qty:31;orderid:od_1673165677440003;respmessg:null;message:YesFairPriceChange,SellingBoughtQty,ProfitSell,atBetter
INFO:order:2023-01-08 22:17:12,270;log:pre;eid:15852;call:sent;type:cancel;order:buy;asset:N;price:90;qty:null;orderid:od_1673165677439826;respmessg:null;message:NoFairPriceChange,NewBuyParams
INFO:order:2023-01-08 22:17:13,259;log:post;eid:15852;call:response;type:cancel;order:buy;asset:N;price:90;qty:null;orderid:od_1673165677439826;respmessg:null;message:NoFairPriceChange,NewBuyParams
INFO:order:2023-01-08 22:17:13,648;log:pre;eid:15852;call:sent;type:place;order:buy;asset:N;price:99;qty:99;orderid:buysend;respmessg:null;message:NoFairPriceChange,ScalpingNo,BasicBuy,atbest+1
INFO:order:2023-01-08 22:17:14,610;log:post;eid:15852;call:response;type:place;order:buy;asset:N;price:99;qty:99;orderid:od_1673165677440033;respmessg:null;message:NoFairPriceChange,ScalpingNo,BasicBuy,atbest+1
INFO:order:2023-01-08 22:19:30,862;log:pre;eid:15846;call:sent;type:place;order:sell;asset:Y;price:98;qty:6;orderid:sellsend;respmessg:null;message:HoldYesQtyChange,SellingYesNewQty,ProfitSell,atAvgBuy+1
INFO:order:2023-01-08 22:19:32,253;log:post;eid:15846;call:response;type:place;order:sell;asset:Y;price:98;qty:6;orderid:od_1673165677440070;respmessg:null;message:HoldYesQtyChange,SellingYesNewQty,ProfitSell,atAvgBuy+1
INFO:order:2023-01-08 22:19:35,281;log:pre;eid:15846;call:sent;type:cancel;order:sell;asset:Y;price:98;qty:null;orderid:od_1673165677440070;respmessg:null;message:YesFairPriceChange,PausingSell
INFO:order:2023-01-08 22:19:36,249;log:post;eid:15846;call:response;type:cancel;order:sell;asset:Y;price:98;qty:null;orderid:od_1673165677440070;respmessg:null;message:YesFairPriceChange,PausingSell
INFO:order:2023-01-08 22:19:38,045;log:pre;eid:15846;call:sent;type:place;order:buy;asset:Y;price:99;qty:1;orderid:buysend;respmessg:null;message:absorbing orderbook
INFO:order:2023-01-08 22:19:39,015;log:post;eid:15846;call:response;type:place;order:buy;asset:Y;price:99;qty:1;orderid:od_1673165677440077;respmessg:null;message:absorbing orderbook
INFO:order:2023-01-08 22:21:40,669;log:pre;eid:15849;call:sent;type:cancel;order:buy;asset:Y;price:51;qty:null;orderid:od_1673165677440001;respmessg:null;message:YesFairPriceChange,NewBuyParams
INFO:order:2023-01-08 22:21:41,650;log:post;eid:15849;call:response;type:cancel;order:buy;asset:Y;price:51;qty:null;orderid:od_1673165677440001;respmessg:null;message:YesFairPriceChange,NewBuyParams
INFO:order:2023-01-08 22:21:42,009;log:pre;eid:15849;call:sent;type:place;order:buy;asset:Y;price:71;qty:75;orderid:buysend;respmessg:null;message:YesFairPriceChange,ScalpingYes,BasicBuy,atbest+1
INFO:order:2023-01-08 22:21:42,990;log:post;eid:15849;call:response;type:place;order:buy;asset:Y;price:71;qty:75;orderid:od_1673165677440091;respmessg:null;message:YesFairPriceChange,ScalpingYes,BasicBuy,atbest+1
INFO:order:2023-01-08 22:21:44,999;log:pre;eid:15849;call:sent;type:cancel;order:sell;asset:Y;price:98;qty:null;orderid:od_1673165677440003;respmessg:null;message:YesFairPriceChange,NewSellParams
INFO:order:2023-01-08 22:21:46,086;log:post;eid:15849;call:response;type:cancel;order:sell;asset:Y;price:98;qty:null;orderid:od_1673165677440003;respmessg:null;message:YesFairPriceChange,NewSellParams
INFO:order:2023-01-08 22:21:46,449;log:pre;eid:15849;call:sent;type:place;order:sell;asset:Y;price:98;qty:31;orderid:sellsend;respmessg:null;message:YesFairPriceChange,SellingBoughtQty,ProfitSell,atBetter
INFO:order:2023-01-08 22:21:47,419;log:post;eid:15849;call:response;type:place;order:sell;asset:Y;price:98;qty:31;orderid:od_1673165677440096;respmessg:null;message:YesFairPriceChange,SellingBoughtQty,ProfitSell,atBetter
INFO:order:2023-01-08 22:22:23,606;log:pre;eid:15850;call:sent;type:cancel;order:buy;asset:N;price:51;qty:null;orderid:od_1673165677439792;respmessg:null;message:NoSignalZeroHolding,NewBuyParams
INFO:order:2023-01-08 22:22:24,597;log:post;eid:15850;call:response;type:cancel;order:buy;asset:N;price:51;qty:null;orderid:od_1673165677439792;respmessg:null;message:NoSignalZeroHolding,NewBuyParams
INFO:order:2023-01-08 22:22:24,983;log:pre;eid:15850;call:sent;type:place;order:buy;asset:N;price:53;qty:99;orderid:buysend;respmessg:null;message:NoSignalZeroHolding,ScalpingNo,BasicBuy,atbest+1
INFO:order:2023-01-08 22:22:25,959;log:post;eid:15850;call:response;type:place;order:buy;asset:N;price:53;qty:99;orderid:od_1673165677440106;respmessg:null;message:NoSignalZeroHolding,ScalpingNo,BasicBuy,atbest+1
INFO:order:2023-01-08 22:23:54,699;log:pre;eid:15852;call:sent;type:cancel;order:buy;asset:N;price:99;qty:null;orderid:od_1673165677440033;respmessg:null;message:NoFairPriceChange,NewBuyParams
INFO:order:2023-01-08 22:23:55,664;log:post;eid:15852;call:response;type:cancel;order:buy;asset:N;price:99;qty:null;orderid:od_1673165677440033;respmessg:null;message:NoFairPriceChange,NewBuyParams
INFO:order:2023-01-08 22:23:56,020;log:pre;eid:15852;call:sent;type:place;order:buy;asset:N;price:51;qty:28;orderid:buysend;respmessg:null;message:NoFairPriceChange,ScalpingNo,BasicBuy,atbest+1
INFO:order:2023-01-08 22:23:56,972;log:post;eid:15852;call:response;type:place;order:buy;asset:N;price:51;qty:28;orderid:od_1673165677440131;respmessg:null;message:NoFairPriceChange,ScalpingNo,BasicBuy,atbest+1
INFO:order:2023-01-08 22:24:37,120;log:pre;eid:15853;call:sent;type:place;order:buy;asset:N;price:99;qty:99;orderid:buysend;respmessg:null;message:NoFairPriceChange,ScalpingNo,BasicBuy,atbest+1
INFO:order:2023-01-08 22:24:38,090;log:post;eid:15853;call:response;type:place;order:buy;asset:N;price:99;qty:99;orderid:od_1673165677440142;respmessg:null;message:NoFairPriceChange,ScalpingNo,BasicBuy,atbest+1
INFO:order:2023-01-08 22:26:14,671;log:pre;eid:15846;call:sent;type:place;order:sell;asset:Y;price:99;qty:9;orderid:sellsend;respmessg:null;message:HoldYesQtyChange,SellingYesNewQty,ProfitSell,atBetter
INFO:order:2023-01-08 22:26:15,661;log:post;eid:15846;call:response;type:place;order:sell;asset:Y;price:99;qty:9;orderid:od_1673165677440174;respmessg:null;message:HoldYesQtyChange,SellingYesNewQty,ProfitSell,atBetter
INFO:order:2023-01-08 22:26:18,596;log:pre;eid:15846;call:sent;type:cancel;order:sell;asset:Y;price:99;qty:null;orderid:od_1673165677440174;respmessg:null;message:YesFairPriceChange,PausingSell
INFO:order:2023-01-08 22:26:19,567;log:post;eid:15846;call:response;type:cancel;order:sell;asset:Y;price:99;qty:null;orderid:od_1673165677440174;respmessg:null;message:YesFairPriceChange,PausingSell
INFO:order:2023-01-08 22:26:55,429;log:pre;eid:15847;call:sent;type:place;order:sell;asset:Y;price:99;qty:5;orderid:sellsend;respmessg:null;message:HoldYesQtyChange,SellingYesNewQty,ProfitSell,atBetter
INFO:order:2023-01-08 22:26:57,601;log:post;eid:15847;call:response;type:place;order:sell;asset:Y;price:99;qty:5;orderid:od_1673165677440197;respmessg:null;message:HoldYesQtyChange,SellingYesNewQty,ProfitSell,atBetter
INFO:order:2023-01-08 22:27:02,071;log:pre;eid:15847;call:sent;type:place;order:buy;asset:Y;price:99;qty:5;orderid:buysend;respmessg:null;message:absorbing orderbook
INFO:order:2023-01-08 22:27:03,088;log:post;eid:15847;call:response;type:place;order:buy;asset:Y;price:99;qty:5;orderid:od_1673165677440199;respmessg:null;message:absorbing orderbook
INFO:order:2023-01-08 22:27:37,289;log:pre;eid:15848;call:sent;type:place;order:sell;asset:Y;price:99;qty:1;orderid:sellsend;respmessg:null;message:HoldYesQtyChange,SellingYesNewQty,ProfitSell,atBetter
INFO:order:2023-01-08 22:27:38,259;log:post;eid:15848;call:response;type:place;order:sell;asset:Y;price:99;qty:1;orderid:od_1673165677440208;respmessg:null;message:HoldYesQtyChange,SellingYesNewQty,ProfitSell,atBetter
INFO:order:2023-01-08 22:28:18,505;log:pre;eid:15849;call:sent;type:cancel;order:sell;asset:Y;price:98;qty:null;orderid:od_1673165677440096;respmessg:null;message:YesFairPriceChange,NewSellParams
INFO:order:2023-01-08 22:28:19,507;log:post;eid:15849;call:response;type:cancel;order:sell;asset:Y;price:98;qty:null;orderid:od_1673165677440096;respmessg:null;message:YesFairPriceChange,NewSellParams
INFO:order:2023-01-08 22:28:19,948;log:pre;eid:15849;call:sent;type:place;order:sell;asset:Y;price:98;qty:31;orderid:sellsend;respmessg:null;message:YesFairPriceChange,SellingBoughtQty,ProfitSell,atBetter
INFO:order:2023-01-08 22:28:20,921;log:post;eid:15849;call:response;type:place;order:sell;asset:Y;price:98;qty:31;orderid:od_1673165677440226;respmessg:null;message:YesFairPriceChange,SellingBoughtQty,ProfitSell,atBetter
INFO:order:2023-01-08 22:28:55,896;log:pre;eid:15850;call:sent;type:place;order:sell;asset:N;price:99;qty:38;orderid:sellsend;respmessg:null;message:HoldNoQtyChange,SellingNoNewQty,ProfitSell,atBetter
INFO:order:2023-01-08 22:28:56,880;log:post;eid:15850;call:response;type:place;order:sell;asset:N;price:99;qty:38;orderid:od_1673165677440238;respmessg:null;message:HoldNoQtyChange,SellingNoNewQty,ProfitSell,atBetter
INFO:order:2023-01-08 22:33:12,934;log:pre;eid:15847;call:sent;type:cancel;order:buy;asset:Y;price:99;qty:null;orderid:od_1673165677440199;respmessg:null;message:YesSignalZeroHolding,NewBuyParams
INFO:order:2023-01-08 22:33:13,998;log:post;eid:15847;call:response;type:cancel;order:buy;asset:Y;price:99;qty:null;orderid:od_1673165677440199;respmessg:null;message:YesSignalZeroHolding,NewBuyParams
INFO:order:2023-01-08 22:33:14,000;log:pre;eid:15847;call:sent;type:cancel;order:buy;asset:Y;price:61;qty:null;orderid:od_1673165677436092;respmessg:null;message:YesSignalZeroHolding,NewBuyParams
INFO:order:2023-01-08 22:33:14,980;log:post;eid:15847;call:response;type:cancel;order:buy;asset:Y;price:61;qty:null;orderid:od_1673165677436092;respmessg:null;message:YesSignalZeroHolding,NewBuyParams
INFO:order:2023-01-08 22:33:15,338;log:pre;eid:15847;call:sent;type:place;order:buy;asset:Y;price:61;qty:99;orderid:buysend;respmessg:null;message:YesSignalZeroHolding,ScalpingYes,BasicBuy,atbest+1
INFO:order:2023-01-08 22:33:16,301;log:post;eid:15847;call:response;type:place;order:buy;asset:Y;price:61;qty:99;orderid:od_1673165677440279;respmessg:null;message:YesSignalZeroHolding,ScalpingYes,BasicBuy,atbest+1
INFO:order:2023-01-08 22:33:59,597;log:pre;eid:15848;call:sent;type:cancel;order:buy;asset:Y;price:66;qty:null;orderid:od_1673165677439906;respmessg:null;message:YesFairPriceChange,NewBuyParams
INFO:order:2023-01-08 22:34:00,624;log:post;eid:15848;call:response;type:cancel;order:buy;asset:Y;price:66;qty:null;orderid:od_1673165677439906;respmessg:null;message:YesFairPriceChange,NewBuyParams
INFO:order:2023-01-08 22:34:00,979;log:pre;eid:15848;call:sent;type:place;order:buy;asset:Y;price:71;qty:99;orderid:buysend;respmessg:null;message:YesFairPriceChange,ScalpingYes,BasicBuy,atbest+1
INFO:order:2023-01-08 22:34:01,987;log:post;eid:15848;call:response;type:place;order:buy;asset:Y;price:71;qty:99;orderid:od_1673165677440294;respmessg:null;message:YesFairPriceChange,ScalpingYes,BasicBuy,atbest+1
INFO:order:2023-01-08 22:34:03,936;log:pre;eid:15848;call:sent;type:cancel;order:sell;asset:Y;price:99;qty:null;orderid:od_1673165677440208;respmessg:null;message:YesFairPriceChange,NewSellParams
INFO:order:2023-01-08 22:34:04,959;log:post;eid:15848;call:response;type:cancel;order:sell;asset:Y;price:99;qty:null;orderid:od_1673165677440208;respmessg:null;message:YesFairPriceChange,NewSellParams
INFO:order:2023-01-08 22:34:05,295;log:pre;eid:15848;call:sent;type:place;order:sell;asset:Y;price:99;qty:1;orderid:sellsend;respmessg:null;message:YesFairPriceChange,SellingBoughtQty,ProfitSell,atBetter
INFO:order:2023-01-08 22:34:06,269;log:post;eid:15848;call:response;type:place;order:sell;asset:Y;price:99;qty:1;orderid:od_1673165677440297;respmessg:null;message:YesFairPriceChange,SellingBoughtQty,ProfitSell,atBetter
INFO:order:2023-01-08 22:34:43,527;log:pre;eid:15849;call:sent;type:cancel;order:sell;asset:Y;price:98;qty:null;orderid:od_1673165677440226;respmessg:null;message:NoAvgBuyPriceChange,NewSellParams
INFO:order:2023-01-08 22:34:44,516;log:post;eid:15849;call:response;type:cancel;order:sell;asset:Y;price:98;qty:null;orderid:od_1673165677440226;respmessg:null;message:NoAvgBuyPriceChange,NewSellParams
INFO:order:2023-01-08 22:34:44,882;log:pre;eid:15849;call:sent;type:place;order:sell;asset:Y;price:98;qty:31;orderid:sellsend;respmessg:null;message:NoAvgBuyPriceChange,SellingBoughtQty,ProfitSell,atBetter
INFO:order:2023-01-08 22:34:46,736;log:post;eid:15849;call:response;type:place;order:sell;asset:Y;price:98;qty:31;orderid:od_1673165677440305;respmessg:null;message:NoAvgBuyPriceChange,SellingBoughtQty,ProfitSell,atBetter
INFO:order:2023-01-08 22:35:22,533;log:pre;eid:15850;call:sent;type:cancel;order:buy;asset:N;price:53;qty:null;orderid:od_1673165677440106;respmessg:null;message:NoSignalZeroHolding,NewBuyParams
INFO:order:2023-01-08 22:35:23,503;log:post;eid:15850;call:response;type:cancel;order:buy;asset:N;price:53;qty:null;orderid:od_1673165677440106;respmessg:null;message:NoSignalZeroHolding,NewBuyParams
INFO:order:2023-01-08 22:35:23,928;log:pre;eid:15850;call:sent;type:place;order:buy;asset:N;price:61;qty:99;orderid:buysend;respmessg:null;message:NoSignalZeroHolding,ScalpingNo,BasicBuy,atbest+1
INFO:order:2023-01-08 22:35:25,085;log:post;eid:15850;call:response;type:place;order:buy;asset:N;price:61;qty:99;orderid:od_1673165677440317;respmessg:null;message:NoSignalZeroHolding,ScalpingNo,BasicBuy,atbest+1
INFO:order:2023-01-08 22:36:52,574;log:pre;eid:15852;call:sent;type:cancel;order:buy;asset:N;price:51;qty:null;orderid:od_1673165677440131;respmessg:null;message:NoFairPriceChange,NewBuyParams
INFO:order:2023-01-08 22:36:53,560;log:post;eid:15852;call:response;type:cancel;order:buy;asset:N;price:51;qty:null;orderid:od_1673165677440131;respmessg:null;message:NoFairPriceChange,NewBuyParams
INFO:order:2023-01-08 22:36:53,938;log:pre;eid:15852;call:sent;type:place;order:buy;asset:N;price:61;qty:28;orderid:buysend;respmessg:null;message:NoFairPriceChange,ScalpingNo,BasicBuy,atbest+1
INFO:order:2023-01-08 22:36:54,919;log:post;eid:15852;call:response;type:place;order:buy;asset:N;price:61;qty:28;orderid:od_1673165677440325;respmessg:null;message:NoFairPriceChange,ScalpingNo,BasicBuy,atbest+1
INFO:order:2023-01-08 22:39:48,807;log:pre;eid:15847;call:sent;type:cancel;order:buy;asset:Y;price:61;qty:null;orderid:od_1673165677440279;respmessg:null;message:YesSignalZeroHolding,NewBuyParams
INFO:order:2023-01-08 22:39:49,790;log:post;eid:15847;call:response;type:cancel;order:buy;asset:Y;price:61;qty:null;orderid:od_1673165677440279;respmessg:null;message:YesSignalZeroHolding,NewBuyParams
INFO:order:2023-01-08 22:39:50,183;log:pre;eid:15847;call:sent;type:place;order:buy;asset:Y;price:2;qty:99;orderid:buysend;respmessg:null;message:YesSignalZeroHolding,ScalpingYes,BasicBuy,atbest+1
INFO:order:2023-01-08 22:39:51,177;log:post;eid:15847;call:response;type:place;order:buy;asset:Y;price:2;qty:99;orderid:od_1673165677440394;respmessg:null;message:YesSignalZeroHolding,ScalpingYes,BasicBuy,atbest+1
INFO:order:2023-01-08 22:40:36,551;log:pre;eid:15848;call:sent;type:cancel;order:buy;asset:Y;price:71;qty:null;orderid:od_1673165677440294;respmessg:null;message:YesFairPriceChange,NewBuyParams
INFO:order:2023-01-08 22:40:37,512;log:post;eid:15848;call:response;type:cancel;order:buy;asset:Y;price:71;qty:null;orderid:od_1673165677440294;respmessg:null;message:YesFairPriceChange,NewBuyParams
INFO:order:2023-01-08 22:40:37,886;log:pre;eid:15848;call:sent;type:place;order:buy;asset:Y;price:72;qty:99;orderid:buysend;respmessg:null;message:YesFairPriceChange,ScalpingYes,BasicBuy,atbest+1
INFO:order:2023-01-08 22:40:38,863;log:post;eid:15848;call:response;type:place;order:buy;asset:Y;price:72;qty:99;orderid:od_1673165677440398;respmessg:null;message:YesFairPriceChange,ScalpingYes,BasicBuy,atbest+1
INFO:order:2023-01-08 22:40:40,855;log:pre;eid:15848;call:sent;type:cancel;order:sell;asset:Y;price:99;qty:null;orderid:od_1673165677440297;respmessg:null;message:YesFairPriceChange,NewSellParams
INFO:order:2023-01-08 22:40:41,875;log:post;eid:15848;call:response;type:cancel;order:sell;asset:Y;price:99;qty:null;orderid:od_1673165677440297;respmessg:null;message:YesFairPriceChange,NewSellParams
INFO:order:2023-01-08 22:40:42,222;log:pre;eid:15848;call:sent;type:place;order:sell;asset:Y;price:99;qty:1;orderid:sellsend;respmessg:null;message:YesFairPriceChange,SellingBoughtQty,ProfitSell,atBetter
INFO:order:2023-01-08 22:40:43,194;log:post;eid:15848;call:response;type:place;order:sell;asset:Y;price:99;qty:1;orderid:od_1673165677440401;respmessg:null;message:YesFairPriceChange,SellingBoughtQty,ProfitSell,atBetter
INFO:order:2023-01-08 22:41:20,196;log:pre;eid:15849;call:sent;type:cancel;order:buy;asset:Y;price:71;qty:null;orderid:od_1673165677440091;respmessg:null;message:YesFairPriceChange,NewBuyParams
INFO:order:2023-01-08 22:41:21,183;log:post;eid:15849;call:response;type:cancel;order:buy;asset:Y;price:71;qty:null;orderid:od_1673165677440091;respmessg:null;message:YesFairPriceChange,NewBuyParams
INFO:order:2023-01-08 22:41:21,575;log:pre;eid:15849;call:sent;type:place;order:buy;asset:Y;price:89;qty:75;orderid:buysend;respmessg:null;message:YesFairPriceChange,ScalpingYes,BasicBuy,atbest+1
INFO:order:2023-01-08 22:41:22,563;log:post;eid:15849;call:response;type:place;order:buy;asset:Y;price:89;qty:75;orderid:od_1673165677440406;respmessg:null;message:YesFairPriceChange,ScalpingYes,BasicBuy,atbest+1
INFO:order:2023-01-08 22:41:23,565;log:pre;eid:15849;call:sent;type:cancel;order:sell;asset:Y;price:98;qty:null;orderid:od_1673165677440305;respmessg:null;message:YesFairPriceChange,PausingSell
INFO:order:2023-01-08 22:41:24,558;log:post;eid:15849;call:response;type:cancel;order:sell;asset:Y;price:98;qty:null;orderid:od_1673165677440305;respmessg:null;message:YesFairPriceChange,PausingSell
INFO:order:2023-01-08 22:42:01,084;log:pre;eid:15850;call:sent;type:cancel;order:buy;asset:N;price:61;qty:null;orderid:od_1673165677440317;respmessg:null;message:NoSignalZeroHolding,NewBuyParams
INFO:order:2023-01-08 22:42:02,095;log:post;eid:15850;call:response;type:cancel;order:buy;asset:N;price:61;qty:null;orderid:od_1673165677440317;respmessg:null;message:NoSignalZeroHolding,NewBuyParams
INFO:order:2023-01-08 22:42:02,542;log:pre;eid:15850;call:sent;type:place;order:buy;asset:N;price:70;qty:99;orderid:buysend;respmessg:null;message:NoSignalZeroHolding,ScalpingNo,BasicBuy,atbest+1
INFO:order:2023-01-08 22:42:03,533;log:post;eid:15850;call:response;type:place;order:buy;asset:N;price:70;qty:99;orderid:od_1673165677440418;respmessg:null;message:NoSignalZeroHolding,ScalpingNo,BasicBuy,atbest+1
INFO:order:2023-01-08 22:43:30,522;log:pre;eid:15852;call:sent;type:cancel;order:buy;asset:N;price:61;qty:null;orderid:od_1673165677440325;respmessg:null;message:NoFairPriceChange,NewBuyParams
INFO:order:2023-01-08 22:43:31,505;log:post;eid:15852;call:response;type:cancel;order:buy;asset:N;price:61;qty:null;orderid:od_1673165677440325;respmessg:null;message:NoFairPriceChange,NewBuyParams
INFO:order:2023-01-08 22:43:31,906;log:pre;eid:15852;call:sent;type:place;order:buy;asset:N;price:88;qty:99;orderid:buysend;respmessg:null;message:NoFairPriceChange,ScalpingNo,BasicBuy,atbest+1
INFO:order:2023-01-08 22:43:32,875;log:post;eid:15852;call:response;type:place;order:buy;asset:N;price:88;qty:99;orderid:od_1673165677440425;respmessg:null;message:NoFairPriceChange,ScalpingNo,BasicBuy,atbest+1
INFO:order:2023-01-08 22:47:10,163;log:pre;eid:15848;call:sent;type:cancel;order:sell;asset:Y;price:99;qty:null;orderid:od_1673165677440401;respmessg:null;message:YesFairPriceChange,NewSellParams
INFO:order:2023-01-08 22:47:11,146;log:post;eid:15848;call:response;type:cancel;order:sell;asset:Y;price:99;qty:null;orderid:od_1673165677440401;respmessg:null;message:YesFairPriceChange,NewSellParams
INFO:order:2023-01-08 22:47:11,549;log:pre;eid:15848;call:sent;type:place;order:sell;asset:Y;price:99;qty:1;orderid:sellsend;respmessg:null;message:YesFairPriceChange,SellingBoughtQty,ProfitSell,atBetter
INFO:order:2023-01-08 22:47:12,528;log:post;eid:15848;call:response;type:place;order:sell;asset:Y;price:99;qty:1;orderid:od_1673165677440459;respmessg:null;message:YesFairPriceChange,SellingBoughtQty,ProfitSell,atBetter
INFO:order:2023-01-08 22:47:13,880;log:pre;eid:15848;call:sent;type:place;order:buy;asset:Y;price:99;qty:1;orderid:buysend;respmessg:null;message:absorbing orderbook
INFO:order:2023-01-08 22:47:14,852;log:post;eid:15848;call:response;type:place;order:buy;asset:Y;price:99;qty:1;orderid:od_1673165677440461;respmessg:null;message:absorbing orderbook
INFO:order:2023-01-08 22:47:50,116;log:pre;eid:15849;call:sent;type:cancel;order:buy;asset:Y;price:89;qty:null;orderid:od_1673165677440406;respmessg:null;message:YesFairPriceChange,NewBuyParams
INFO:order:2023-01-08 22:47:51,085;log:post;eid:15849;call:response;type:cancel;order:buy;asset:Y;price:89;qty:null;orderid:od_1673165677440406;respmessg:null;message:YesFairPriceChange,NewBuyParams
INFO:order:2023-01-08 22:47:51,517;log:pre;eid:15849;call:sent;type:place;order:buy;asset:Y;price:71;qty:27;orderid:buysend;respmessg:null;message:YesFairPriceChange,ScalpingYes,BasicBuy,atbest+1
INFO:order:2023-01-08 22:47:52,475;log:post;eid:15849;call:response;type:place;order:buy;asset:Y;price:71;qty:27;orderid:od_1673165677440466;respmessg:null;message:YesFairPriceChange,ScalpingYes,BasicBuy,atbest+1
INFO:order:2023-01-08 22:48:30,035;log:pre;eid:15850;call:sent;type:cancel;order:buy;asset:N;price:70;qty:null;orderid:od_1673165677440418;respmessg:null;message:NoSignalZeroHolding,NewBuyParams
INFO:order:2023-01-08 22:48:31,030;log:post;eid:15850;call:response;type:cancel;order:buy;asset:N;price:70;qty:null;orderid:od_1673165677440418;respmessg:null;message:NoSignalZeroHolding,NewBuyParams
INFO:order:2023-01-08 22:48:31,395;log:pre;eid:15850;call:sent;type:place;order:buy;asset:N;price:61;qty:99;orderid:buysend;respmessg:null;message:NoSignalZeroHolding,ScalpingNo,BasicBuy,atbest+1
INFO:order:2023-01-08 22:48:32,426;log:post;eid:15850;call:response;type:place;order:buy;asset:N;price:61;qty:99;orderid:od_1673165677440477;respmessg:null;message:NoSignalZeroHolding,ScalpingNo,BasicBuy,atbest+1
INFO:order:2023-01-08 22:49:26,397;log:pre;eid:15851;call:sent;type:place;order:buy;asset:N;price:99;qty:1;orderid:buysend;respmessg:null;message:absorbing orderbook
INFO:order:2023-01-08 22:49:27,415;log:post;eid:15851;call:response;type:place;order:buy;asset:N;price:99;qty:1;orderid:od_1673165677440488;respmessg:null;message:absorbing orderbook
INFO:order:2023-01-08 22:50:02,110;log:pre;eid:15852;call:sent;type:cancel;order:buy;asset:N;price:88;qty:null;orderid:od_1673165677440425;respmessg:null;message:NoFairPriceChange,NewBuyParams
INFO:order:2023-01-08 22:50:03,085;log:post;eid:15852;call:response;type:cancel;order:buy;asset:N;price:88;qty:null;orderid:od_1673165677440425;respmessg:null;message:NoFairPriceChange,NewBuyParams
INFO:order:2023-01-08 22:50:03,470;log:pre;eid:15852;call:sent;type:place;order:buy;asset:N;price:61;qty:30;orderid:buysend;respmessg:null;message:NoFairPriceChange,ScalpingNo,BasicBuy,atbest+1
INFO:order:2023-01-08 22:50:04,453;log:post;eid:15852;call:response;type:place;order:buy;asset:N;price:61;qty:30;orderid:od_1673165677440493;respmessg:null;message:NoFairPriceChange,ScalpingNo,BasicBuy,atbest+1
INFO:order:2023-01-08 22:53:37,662;log:pre;eid:15848;call:sent;type:cancel;order:buy;asset:Y;price:99;qty:null;orderid:od_1673165677440461;respmessg:null;message:YesFairPriceChange,NewBuyParams
INFO:order:2023-01-08 22:53:38,629;log:post;eid:15848;call:response;type:cancel;order:buy;asset:Y;price:99;qty:null;orderid:od_1673165677440461;respmessg:null;message:YesFairPriceChange,NewBuyParams
INFO:order:2023-01-08 22:53:38,631;log:pre;eid:15848;call:sent;type:cancel;order:buy;asset:Y;price:72;qty:null;orderid:od_1673165677440398;respmessg:null;message:YesFairPriceChange,NewBuyParams
INFO:order:2023-01-08 22:53:39,616;log:post;eid:15848;call:response;type:cancel;order:buy;asset:Y;price:72;qty:null;orderid:od_1673165677440398;respmessg:null;message:YesFairPriceChange,NewBuyParams
INFO:order:2023-01-08 22:53:39,955;log:pre;eid:15848;call:sent;type:place;order:buy;asset:Y;price:72;qty:99;orderid:buysend;respmessg:null;message:YesFairPriceChange,ScalpingYes,BasicBuy,atbest+1
INFO:order:2023-01-08 22:53:40,964;log:post;eid:15848;call:response;type:place;order:buy;asset:Y;price:72;qty:99;orderid:od_1673165677440542;respmessg:null;message:YesFairPriceChange,ScalpingYes,BasicBuy,atbest+1
INFO:order:2023-01-08 22:53:41,946;log:pre;eid:15848;call:sent;type:cancel;order:sell;asset:Y;price:99;qty:null;orderid:od_1673165677440459;respmessg:null;message:YesFairPriceChange,PausingSell
INFO:order:2023-01-08 22:53:42,922;log:post;eid:15848;call:response;type:cancel;order:sell;asset:Y;price:99;qty:null;orderid:od_1673165677440459;respmessg:null;message:YesFairPriceChange,PausingSell
INFO:order:2023-01-08 22:54:19,293;log:pre;eid:15849;call:sent;type:cancel;order:buy;asset:Y;price:71;qty:null;orderid:od_1673165677440466;respmessg:null;message:YesFairPriceChange,NewBuyParams
INFO:order:2023-01-08 22:54:20,281;log:post;eid:15849;call:response;type:cancel;order:buy;asset:Y;price:71;qty:null;orderid:od_1673165677440466;respmessg:null;message:YesFairPriceChange,NewBuyParams
INFO:order:2023-01-08 22:54:20,626;log:pre;eid:15849;call:sent;type:place;order:buy;asset:Y;price:91;qty:75;orderid:buysend;respmessg:null;message:YesFairPriceChange,ScalpingYes,BasicBuy,atbest+1
INFO:order:2023-01-08 22:54:21,590;log:post;eid:15849;call:response;type:place;order:buy;asset:Y;price:91;qty:75;orderid:od_1673165677440554;respmessg:null;message:YesFairPriceChange,ScalpingYes,BasicBuy,atbest+1
INFO:order:2023-01-08 22:55:00,143;log:pre;eid:15850;call:sent;type:cancel;order:buy;asset:N;price:61;qty:null;orderid:od_1673165677440477;respmessg:null;message:NoSignalZeroHolding,NewBuyParams
INFO:order:2023-01-08 22:55:01,159;log:post;eid:15850;call:response;type:cancel;order:buy;asset:N;price:61;qty:null;orderid:od_1673165677440477;respmessg:null;message:NoSignalZeroHolding,NewBuyParams
INFO:order:2023-01-08 22:55:01,625;log:pre;eid:15850;call:sent;type:place;order:buy;asset:N;price:81;qty:99;orderid:buysend;respmessg:null;message:NoSignalZeroHolding,ScalpingNo,BasicBuy,atbest+1
INFO:order:2023-01-08 22:55:02,641;log:post;eid:15850;call:response;type:place;order:buy;asset:N;price:81;qty:99;orderid:od_1673165677440563;respmessg:null;message:NoSignalZeroHolding,ScalpingNo,BasicBuy,atbest+1
INFO:order:2023-01-08 22:55:51,516;log:pre;eid:15851;call:sent;type:cancel;order:buy;asset:N;price:51;qty:null;orderid:od_1673165677439956;respmessg:null;message:YesFairPriceChange,NewBuyParams
INFO:order:2023-01-08 22:55:52,488;log:post;eid:15851;call:response;type:cancel;order:buy;asset:N;price:51;qty:null;orderid:od_1673165677439956;respmessg:null;message:YesFairPriceChange,NewBuyParams
INFO:order:2023-01-08 22:55:53,029;log:pre;eid:15851;call:sent;type:place;order:buy;asset:N;price:61;qty:99;orderid:buysend;respmessg:null;message:YesFairPriceChange,ScalpingNo,BasicBuy,atbest+1
INFO:order:2023-01-08 22:55:54,055;log:post;eid:15851;call:response;type:place;order:buy;asset:N;price:61;qty:99;orderid:od_1673165677440579;respmessg:null;message:YesFairPriceChange,ScalpingNo,BasicBuy,atbest+1
INFO:order:2023-01-08 22:57:15,048;log:pre;eid:15853;call:sent;type:cancel;order:buy;asset:N;price:99;qty:null;orderid:od_1673165677440142;respmessg:null;message:NoFairPriceChange,NewBuyParams
INFO:order:2023-01-08 22:57:16,050;log:post;eid:15853;call:response;type:cancel;order:buy;asset:N;price:99;qty:null;orderid:od_1673165677440142;respmessg:null;message:NoFairPriceChange,NewBuyParams
INFO:order:2023-01-08 22:57:16,416;log:pre;eid:15853;call:sent;type:place;order:buy;asset:N;price:99;qty:99;orderid:buysend;respmessg:null;message:NoFairPriceChange,ScalpingNo,BasicBuy,atbest+1
INFO:order:2023-01-08 22:57:17,416;log:post;eid:15853;call:response;type:place;order:buy;asset:N;price:99;qty:99;orderid:od_1673165677440604;respmessg:null;message:NoFairPriceChange,ScalpingNo,BasicBuy,atbest+1
INFO:order:2023-01-08 22:59:40,294;log:pre;eid:15847;call:sent;type:cancel;order:buy;asset:Y;price:2;qty:null;orderid:od_1673165677440394;respmessg:null;message:YesSignalZeroHolding,NewBuyParams
INFO:order:2023-01-08 22:59:41,314;log:post;eid:15847;call:response;type:cancel;order:buy;asset:Y;price:2;qty:null;orderid:od_1673165677440394;respmessg:null;message:YesSignalZeroHolding,NewBuyParams
INFO:order:2023-01-08 22:59:41,696;log:pre;eid:15847;call:sent;type:place;order:buy;asset:Y;price:11;qty:50;orderid:buysend;respmessg:null;message:YesSignalZeroHolding,ScalpingYes,BasicBuy,atbest+1
INFO:order:2023-01-08 22:59:42,653;log:post;eid:15847;call:response;type:place;order:buy;asset:Y;price:11;qty:50;orderid:od_1673165677440648;respmessg:null;message:YesSignalZeroHolding,ScalpingYes,BasicBuy,atbest+1
INFO:order:2023-01-08 23:00:32,066;log:pre;eid:15848;call:sent;type:place;order:sell;asset:Y;price:99;qty:1;orderid:sellsend;respmessg:null;message:YesFairPriceChange,SellingBoughtQty,ProfitSell,atBetter
INFO:order:2023-01-08 23:02:03,531;log:pre;eid:15850;call:sent;type:cancel;order:buy;asset:N;price:81;qty:null;orderid:od_1673165677440563;respmessg:null;message:NoSignalZeroHolding,NewBuyParams
INFO:order:2023-01-08 23:02:57,012;log:pre;eid:15851;call:sent;type:cancel;order:buy;asset:N;price:61;qty:null;orderid:od_1673165677440579;respmessg:null;message:NoFairPriceChange,NewBuyParams
INFO:order:2023-01-08 23:03:50,905;log:pre;eid:15852;call:sent;type:cancel;order:buy;asset:N;price:61;qty:null;orderid:od_1673165677440493;respmessg:null;message:NoFairPriceChange,NewBuyParams
INFO:order:2023-01-08 23:04:47,218;log:pre;eid:15853;call:sent;type:cancel;order:buy;asset:N;price:99;qty:null;orderid:od_1673165677440604;respmessg:null;message:NoFairPriceChange,NewBuyParams
