INFO:order:2023-01-16 15:09:25,191;log:pre;eid:16610;call:sent;type:place;order:buy;asset:Y;price:6;qty:75;orderid:buysend;respmessg:null;message:YesSignalZeroHolding,ScalpingYes,BasicBuy,atbest+1
INFO:order:2023-01-16 15:09:26,079;log:post;eid:16610;call:response;type:place;order:buy;asset:Y;price:6;qty:75;orderid:od_1673580913704947;respmessg:null;message:YesSignalZeroHolding,ScalpingYes,BasicBuy,atbest+1
INFO:order:2023-01-16 15:14:50,946;log:pre;eid:16610;call:sent;type:cancel;order:buy;asset:Y;price:6;qty:null;orderid:od_1673580913704947;respmessg:null;message:YesSignalZeroHolding,PausingBuy
INFO:order:2023-01-16 15:14:51,850;log:post;eid:16610;call:response;type:cancel;order:buy;asset:Y;price:6;qty:null;orderid:od_1673580913704947;respmessg:null;message:YesSignalZeroHolding,PausingBuy
INFO:order:2023-01-16 15:27:37,237;log:pre;eid:16610;call:sent;type:place;order:buy;asset:Y;price:51;qty:75;orderid:buysend;respmessg:null;message:YesSignalZeroHolding,ScalpingYes,BasicBuy,atbest+1
INFO:order:2023-01-16 15:27:38,071;log:post;eid:16610;call:response;type:place;order:buy;asset:Y;price:51;qty:75;orderid:od_1673580913705662;respmessg:null;message:YesSignalZeroHolding,ScalpingYes,BasicBuy,atbest+1
INFO:order:2023-01-16 15:33:56,040;log:pre;eid:16610;call:sent;type:cancel;order:buy;asset:Y;price:51;qty:null;orderid:od_1673580913705662;respmessg:null;message:YesSignalZeroHolding,NewBuyParams
INFO:order:2023-01-16 15:33:56,865;log:post;eid:16610;call:response;type:cancel;order:buy;asset:Y;price:51;qty:null;orderid:od_1673580913705662;respmessg:null;message:YesSignalZeroHolding,NewBuyParams
INFO:order:2023-01-16 15:33:57,260;log:pre;eid:16610;call:sent;type:place;order:buy;asset:Y;price:6;qty:99;orderid:buysend;respmessg:null;message:YesSignalZeroHolding,ScalpingYes,BasicBuy,atbest+1
INFO:order:2023-01-16 15:33:58,086;log:post;eid:16610;call:response;type:place;order:buy;asset:Y;price:6;qty:99;orderid:od_1673580913705776;respmessg:null;message:YesSignalZeroHolding,ScalpingYes,BasicBuy,atbest+1
INFO:order:2023-01-16 17:01:54,765;log:pre;eid:16610;call:sent;type:cancel;order:buy;asset:Y;price:6;qty:null;orderid:od_1673580913705776;respmessg:null;message:YesSignalZeroHolding,PausingBuy
INFO:order:2023-01-16 17:01:55,590;log:post;eid:16610;call:response;type:cancel;order:buy;asset:Y;price:6;qty:null;orderid:od_1673580913705776;respmessg:null;message:YesSignalZeroHolding,PausingBuy
INFO:order:2023-01-16 17:14:50,702;log:pre;eid:16610;call:sent;type:place;order:buy;asset:Y;price:6;qty:50;orderid:buysend;respmessg:null;message:YesSignalZeroHolding,ScalpingYes,BasicBuy,atbest+1
INFO:order:2023-01-16 17:14:51,598;log:post;eid:16610;call:response;type:place;order:buy;asset:Y;price:6;qty:50;orderid:od_1673580913707023;respmessg:null;message:YesSignalZeroHolding,ScalpingYes,BasicBuy,atbest+1
INFO:order:2023-01-16 17:35:27,782;log:pre;eid:16611;call:sent;type:place;order:buy;asset:Y;price:11;qty:50;orderid:buysend;respmessg:null;message:YesSignalZeroHolding,ScalpingYes,BasicBuy,atbest+1
INFO:order:2023-01-16 17:35:28,712;log:post;eid:16611;call:response;type:place;order:buy;asset:Y;price:11;qty:50;orderid:od_1673580913707149;respmessg:null;message:YesSignalZeroHolding,ScalpingYes,BasicBuy,atbest+1
INFO:order:2023-01-16 18:08:06,019;log:pre;eid:16611;call:sent;type:cancel;order:buy;asset:Y;price:11;qty:null;orderid:od_1673580913707149;respmessg:null;message:YesSignalZeroHolding,PausingBuy
INFO:order:2023-01-16 18:08:06,993;log:post;eid:16611;call:response;type:cancel;order:buy;asset:Y;price:11;qty:null;orderid:od_1673580913707149;respmessg:null;message:YesSignalZeroHolding,PausingBuy
INFO:order:2023-01-16 18:21:53,057;log:pre;eid:16611;call:sent;type:place;order:buy;asset:Y;price:11;qty:50;orderid:buysend;respmessg:null;message:YesSignalZeroHolding,ScalpingYes,BasicBuy,atbest+1
INFO:order:2023-01-16 18:21:53,885;log:post;eid:16611;call:response;type:place;order:buy;asset:Y;price:11;qty:50;orderid:od_1673580913707382;respmessg:null;message:YesSignalZeroHolding,ScalpingYes,BasicBuy,atbest+1
INFO:order:2023-01-16 18:28:21,790;log:pre;eid:16611;call:sent;type:cancel;order:buy;asset:Y;price:11;qty:null;orderid:od_1673580913707382;respmessg:null;message:YesSignalZeroHolding,PausingBuy
INFO:order:2023-01-16 18:28:22,723;log:post;eid:16611;call:response;type:cancel;order:buy;asset:Y;price:11;qty:null;orderid:od_1673580913707382;respmessg:null;message:YesSignalZeroHolding,PausingBuy
INFO:order:2023-01-16 18:41:05,971;log:pre;eid:16611;call:sent;type:place;order:buy;asset:Y;price:11;qty:50;orderid:buysend;respmessg:null;message:YesSignalZeroHolding,ScalpingYes,BasicBuy,atbest+1
INFO:order:2023-01-16 18:41:06,871;log:post;eid:16611;call:response;type:place;order:buy;asset:Y;price:11;qty:50;orderid:od_1673580913707475;respmessg:null;message:YesSignalZeroHolding,ScalpingYes,BasicBuy,atbest+1
INFO:order:2023-01-16 19:00:33,153;log:pre;eid:16611;call:sent;type:cancel;order:buy;asset:Y;price:11;qty:null;orderid:od_1673580913707475;respmessg:null;message:YesSignalZeroHolding,PausingBuy
INFO:order:2023-01-16 19:00:34,048;log:post;eid:16611;call:response;type:cancel;order:buy;asset:Y;price:11;qty:null;orderid:od_1673580913707475;respmessg:null;message:YesSignalZeroHolding,PausingBuy
INFO:order:2023-01-16 20:02:30,699;log:pre;eid:16611;call:sent;type:place;order:buy;asset:Y;price:11;qty:50;orderid:buysend;respmessg:null;message:YesSignalZeroHolding,ScalpingYes,BasicBuy,atbest+1
INFO:order:2023-01-16 20:02:31,785;log:post;eid:16611;call:response;type:place;order:buy;asset:Y;price:11;qty:50;orderid:od_1673580913709207;respmessg:null;message:YesSignalZeroHolding,ScalpingYes,BasicBuy,atbest+1
INFO:order:2023-01-16 20:15:04,335;log:pre;eid:16611;call:sent;type:cancel;order:buy;asset:Y;price:11;qty:null;orderid:od_1673580913709207;respmessg:null;message:YesSignalZeroHolding,PausingBuy
INFO:order:2023-01-16 20:15:05,196;log:post;eid:16611;call:response;type:cancel;order:buy;asset:Y;price:11;qty:null;orderid:od_1673580913709207;respmessg:null;message:YesSignalZeroHolding,PausingBuy
INFO:order:2023-01-16 20:21:20,671;log:pre;eid:16611;call:sent;type:place;order:buy;asset:Y;price:11;qty:50;orderid:buysend;respmessg:null;message:YesSignalZeroHolding,ScalpingYes,BasicBuy,atbest+1
INFO:order:2023-01-16 20:21:21,503;log:post;eid:16611;call:response;type:place;order:buy;asset:Y;price:11;qty:50;orderid:od_1673580913709394;respmessg:null;message:YesSignalZeroHolding,ScalpingYes,BasicBuy,atbest+1
INFO:order:2023-01-16 20:27:36,616;log:pre;eid:16611;call:sent;type:cancel;order:buy;asset:Y;price:11;qty:null;orderid:od_1673580913709394;respmessg:null;message:YesSignalZeroHolding,PausingBuy
INFO:order:2023-01-16 20:27:37,459;log:post;eid:16611;call:response;type:cancel;order:buy;asset:Y;price:11;qty:null;orderid:od_1673580913709394;respmessg:null;message:YesSignalZeroHolding,PausingBuy
INFO:order:2023-01-16 20:45:51,531;log:pre;eid:16610;call:sent;type:cancel;order:buy;asset:Y;price:6;qty:null;orderid:od_1673580913707023;respmessg:null;message:YesSignalZeroHolding,PausingBuy
INFO:order:2023-01-16 20:45:52,412;log:post;eid:16610;call:response;type:cancel;order:buy;asset:Y;price:6;qty:null;orderid:od_1673580913707023;respmessg:null;message:YesSignalZeroHolding,PausingBuy
INFO:order:2023-01-16 20:51:49,779;log:pre;eid:16610;call:sent;type:place;order:buy;asset:Y;price:6;qty:50;orderid:buysend;respmessg:null;message:YesSignalZeroHolding,ScalpingYes,BasicBuy,atbest+1
INFO:order:2023-01-16 20:51:50,637;log:post;eid:16610;call:response;type:place;order:buy;asset:Y;price:6;qty:50;orderid:od_1673580913710023;respmessg:null;message:YesSignalZeroHolding,ScalpingYes,BasicBuy,atbest+1
INFO:order:2023-01-16 20:58:48,563;log:pre;eid:16611;call:sent;type:place;order:buy;asset:Y;price:26;qty:50;orderid:buysend;respmessg:null;message:YesSignalZeroHolding,ScalpingYes,BasicBuy,atbest+1
INFO:order:2023-01-16 20:58:49,403;log:post;eid:16611;call:response;type:place;order:buy;asset:Y;price:26;qty:50;orderid:od_1673580913710050;respmessg:null;message:YesSignalZeroHolding,ScalpingYes,BasicBuy,atbest+1
INFO:order:2023-01-16 21:05:48,541;log:pre;eid:16612;call:sent;type:place;order:buy;asset:Y;price:6;qty:50;orderid:buysend;respmessg:null;message:YesSignalZeroHolding,ScalpingYes,BasicBuy,atbest+1
INFO:order:2023-01-16 21:05:49,356;log:post;eid:16612;call:response;type:place;order:buy;asset:Y;price:6;qty:50;orderid:od_1673580913710082;respmessg:null;message:YesSignalZeroHolding,ScalpingYes,BasicBuy,atbest+1
INFO:order:2023-01-16 21:06:30,735;log:pre;eid:16613;call:sent;type:place;order:buy;asset:Y;price:6;qty:50;orderid:buysend;respmessg:null;message:YesSignalZeroHolding,ScalpingYes,BasicBuy,atbest+1
INFO:order:2023-01-16 21:06:31,574;log:post;eid:16613;call:response;type:place;order:buy;asset:Y;price:6;qty:50;orderid:od_1673580913710089;respmessg:null;message:YesSignalZeroHolding,ScalpingYes,BasicBuy,atbest+1
INFO:order:2023-01-16 21:10:52,651;log:pre;eid:16610;call:sent;type:cancel;order:buy;asset:Y;price:6;qty:null;orderid:od_1673580913710023;respmessg:null;message:YesSignalZeroHolding,NewBuyParams
INFO:order:2023-01-16 21:10:53,498;log:post;eid:16610;call:response;type:cancel;order:buy;asset:Y;price:6;qty:null;orderid:od_1673580913710023;respmessg:null;message:YesSignalZeroHolding,NewBuyParams
INFO:order:2023-01-16 21:10:53,886;log:pre;eid:16610;call:sent;type:place;order:buy;asset:Y;price:61;qty:75;orderid:buysend;respmessg:null;message:YesSignalZeroHolding,ScalpingYes,BasicBuy,atbest+1
INFO:order:2023-01-16 21:10:54,710;log:post;eid:16610;call:response;type:place;order:buy;asset:Y;price:61;qty:75;orderid:od_1673580913710125;respmessg:null;message:YesSignalZeroHolding,ScalpingYes,BasicBuy,atbest+1
INFO:order:2023-01-16 21:17:18,664;log:pre;eid:16610;call:sent;type:cancel;order:buy;asset:Y;price:61;qty:null;orderid:od_1673580913710125;respmessg:null;message:YesSignalZeroHolding,NewBuyParams
INFO:order:2023-01-16 21:17:19,533;log:post;eid:16610;call:response;type:cancel;order:buy;asset:Y;price:61;qty:null;orderid:od_1673580913710125;respmessg:null;message:YesSignalZeroHolding,NewBuyParams
INFO:order:2023-01-16 21:17:19,857;log:pre;eid:16610;call:sent;type:place;order:buy;asset:Y;price:6;qty:99;orderid:buysend;respmessg:null;message:YesSignalZeroHolding,ScalpingYes,BasicBuy,atbest+1
INFO:order:2023-01-16 21:17:20,694;log:post;eid:16610;call:response;type:place;order:buy;asset:Y;price:6;qty:99;orderid:od_1673580913712725;respmessg:null;message:YesSignalZeroHolding,ScalpingYes,BasicBuy,atbest+1
INFO:order:2023-01-16 21:23:38,360;log:pre;eid:16610;call:sent;type:cancel;order:buy;asset:Y;price:6;qty:null;orderid:od_1673580913712725;respmessg:null;message:YesSignalZeroHolding,NewBuyParams
INFO:order:2023-01-16 21:23:39,218;log:post;eid:16610;call:response;type:cancel;order:buy;asset:Y;price:6;qty:null;orderid:od_1673580913712725;respmessg:null;message:YesSignalZeroHolding,NewBuyParams
INFO:order:2023-01-16 21:23:39,576;log:pre;eid:16610;call:sent;type:place;order:buy;asset:Y;price:91;qty:50;orderid:buysend;respmessg:null;message:YesSignalZeroHolding,ScalpingYes,BasicBuy,atbest+1
INFO:order:2023-01-16 21:23:40,399;log:post;eid:16610;call:response;type:place;order:buy;asset:Y;price:91;qty:50;orderid:od_1673580913716584;respmessg:null;message:YesSignalZeroHolding,ScalpingYes,BasicBuy,atbest+1
INFO:order:2023-01-16 21:30:03,406;log:pre;eid:16610;call:sent;type:cancel;order:buy;asset:Y;price:91;qty:null;orderid:od_1673580913716584;respmessg:null;message:YesSignalZeroHolding,NewBuyParams
INFO:order:2023-01-16 21:30:04,279;log:post;eid:16610;call:response;type:cancel;order:buy;asset:Y;price:91;qty:null;orderid:od_1673580913716584;respmessg:null;message:YesSignalZeroHolding,NewBuyParams
INFO:order:2023-01-16 21:30:04,643;log:pre;eid:16610;call:sent;type:place;order:buy;asset:Y;price:6;qty:99;orderid:buysend;respmessg:null;message:YesSignalZeroHolding,ScalpingYes,BasicBuy,atbest+1
INFO:order:2023-01-16 21:30:05,465;log:post;eid:16610;call:response;type:place;order:buy;asset:Y;price:6;qty:99;orderid:od_1673580913716841;respmessg:null;message:YesSignalZeroHolding,ScalpingYes,BasicBuy,atbest+1
INFO:order:2023-01-16 22:21:37,394;log:pre;eid:16610;call:sent;type:cancel;order:buy;asset:Y;price:6;qty:null;orderid:od_1673580913716841;respmessg:null;message:YesSignalZeroHolding,NewBuyParams
INFO:order:2023-01-16 22:21:38,228;log:post;eid:16610;call:response;type:cancel;order:buy;asset:Y;price:6;qty:null;orderid:od_1673580913716841;respmessg:null;message:YesSignalZeroHolding,NewBuyParams
INFO:order:2023-01-16 22:21:38,596;log:pre;eid:16610;call:sent;type:place;order:buy;asset:Y;price:54;qty:50;orderid:buysend;respmessg:null;message:YesSignalZeroHolding,ScalpingYes,BasicBuy,atbest+1
INFO:order:2023-01-16 22:21:39,660;log:post;eid:16610;call:response;type:place;order:buy;asset:Y;price:54;qty:50;orderid:od_1673580913718195;respmessg:null;message:YesSignalZeroHolding,ScalpingYes,BasicBuy,atbest+1
INFO:order:2023-01-16 22:28:07,236;log:pre;eid:16610;call:sent;type:cancel;order:buy;asset:Y;price:54;qty:null;orderid:od_1673580913718195;respmessg:null;message:YesSignalZeroHolding,NewBuyParams
INFO:order:2023-01-16 22:28:08,082;log:post;eid:16610;call:response;type:cancel;order:buy;asset:Y;price:54;qty:null;orderid:od_1673580913718195;respmessg:null;message:YesSignalZeroHolding,NewBuyParams
INFO:order:2023-01-16 22:28:08,424;log:pre;eid:16610;call:sent;type:place;order:buy;asset:Y;price:2;qty:99;orderid:buysend;respmessg:null;message:YesSignalZeroHolding,ScalpingYes,BasicBuy,atbest+1
INFO:order:2023-01-16 22:28:09,357;log:post;eid:16610;call:response;type:place;order:buy;asset:Y;price:2;qty:99;orderid:od_1673580913718360;respmessg:null;message:YesSignalZeroHolding,ScalpingYes,BasicBuy,atbest+1
INFO:order:2023-01-16 22:30:57,017;log:pre;eid:16614;call:sent;type:place;order:buy;asset:Y;price:2;qty:50;orderid:buysend;respmessg:null;message:YesSignalZeroHolding,ScalpingYes,BasicBuy,atbest+1
INFO:order:2023-01-16 22:30:57,860;log:post;eid:16614;call:response;type:place;order:buy;asset:Y;price:2;qty:50;orderid:od_1673580913718433;respmessg:null;message:YesSignalZeroHolding,ScalpingYes,BasicBuy,atbest+1
INFO:order:2023-01-16 22:36:02,443;log:pre;eid:16612;call:sent;type:cancel;order:buy;asset:Y;price:6;qty:null;orderid:od_1673580913710082;respmessg:null;message:YesSignalZeroHolding,NewBuyParams
INFO:order:2023-01-16 22:36:03,517;log:post;eid:16612;call:response;type:cancel;order:buy;asset:Y;price:6;qty:null;orderid:od_1673580913710082;respmessg:null;message:YesSignalZeroHolding,NewBuyParams
INFO:order:2023-01-16 22:36:04,042;log:pre;eid:16612;call:sent;type:place;order:buy;asset:Y;price:51;qty:50;orderid:buysend;respmessg:null;message:YesSignalZeroHolding,ScalpingYes,BasicBuy,atbest+1
INFO:order:2023-01-16 22:36:04,889;log:post;eid:16612;call:response;type:place;order:buy;asset:Y;price:51;qty:50;orderid:od_1673580913718551;respmessg:null;message:YesSignalZeroHolding,ScalpingYes,BasicBuy,atbest+1
INFO:order:2023-01-16 22:45:55,192;log:pre;eid:16617;call:sent;type:place;order:buy;asset:N;price:41;qty:50;orderid:buysend;respmessg:null;message:NoSignalZeroHolding,ScalpingNo,BasicBuy,atbest+1
INFO:order:2023-01-16 22:45:56,028;log:post;eid:16617;call:response;type:place;order:buy;asset:N;price:41;qty:50;orderid:od_1673580913718744;respmessg:null;message:NoSignalZeroHolding,ScalpingNo,BasicBuy,atbest+1
INFO:order:2023-01-16 22:47:47,100;log:pre;eid:16610;call:sent;type:place;order:buy;asset:Y;price:99;qty:2;orderid:buysend;respmessg:null;message:absorbing orderbook
INFO:order:2023-01-16 22:47:47,960;log:post;eid:16610;call:response;type:place;order:buy;asset:Y;price:99;qty:2;orderid:od_1673580913718780;respmessg:null;message:absorbing orderbook
INFO:order:2023-01-16 22:48:19,875;log:pre;eid:16611;call:sent;type:cancel;order:buy;asset:Y;price:26;qty:null;orderid:od_1673580913710050;respmessg:null;message:YesSignalZeroHolding,NewBuyParams
INFO:order:2023-01-16 22:48:20,732;log:post;eid:16611;call:response;type:cancel;order:buy;asset:Y;price:26;qty:null;orderid:od_1673580913710050;respmessg:null;message:YesSignalZeroHolding,NewBuyParams
INFO:order:2023-01-16 22:48:21,057;log:pre;eid:16611;call:sent;type:place;order:buy;asset:Y;price:51;qty:75;orderid:buysend;respmessg:null;message:YesSignalZeroHolding,ScalpingYes,BasicBuy,atbest+1
INFO:order:2023-01-16 22:48:21,893;log:post;eid:16611;call:response;type:place;order:buy;asset:Y;price:51;qty:75;orderid:od_1673580913718800;respmessg:null;message:YesSignalZeroHolding,ScalpingYes,BasicBuy,atbest+1
INFO:order:2023-01-16 22:51:08,159;log:pre;eid:16615;call:sent;type:place;order:buy;asset:Y;price:6;qty:75;orderid:buysend;respmessg:null;message:YesSignalZeroHolding,ScalpingYes,BasicBuy,atbest+1
INFO:order:2023-01-16 22:51:09,003;log:post;eid:16615;call:response;type:place;order:buy;asset:Y;price:6;qty:75;orderid:od_1673580913718881;respmessg:null;message:YesSignalZeroHolding,ScalpingYes,BasicBuy,atbest+1
INFO:order:2023-01-16 22:52:27,004;log:pre;eid:16617;call:sent;type:cancel;order:buy;asset:N;price:41;qty:null;orderid:od_1673580913718744;respmessg:null;message:NoSignalZeroHolding,PausingBuy
INFO:order:2023-01-16 22:52:27,963;log:post;eid:16617;call:response;type:cancel;order:buy;asset:N;price:41;qty:null;orderid:od_1673580913718744;respmessg:null;message:NoSignalZeroHolding,PausingBuy
INFO:order:2023-01-16 22:54:12,827;log:pre;eid:16610;call:sent;type:cancel;order:buy;asset:Y;price:2;qty:null;orderid:od_1673580913718360;respmessg:null;message:YesFairPriceChange,NewBuyParams
INFO:order:2023-01-16 22:54:13,661;log:post;eid:16610;call:response;type:cancel;order:buy;asset:Y;price:2;qty:null;orderid:od_1673580913718360;respmessg:null;message:YesFairPriceChange,NewBuyParams
INFO:order:2023-01-16 22:54:14,009;log:pre;eid:16610;call:sent;type:place;order:buy;asset:Y;price:51;qty:50;orderid:buysend;respmessg:null;message:YesFairPriceChange,ScalpingYes,BasicBuy,atbest+1
INFO:order:2023-01-16 22:54:14,842;log:post;eid:16610;call:response;type:place;order:buy;asset:Y;price:51;qty:50;orderid:od_1673580913718977;respmessg:null;message:YesFairPriceChange,ScalpingYes,BasicBuy,atbest+1
INFO:order:2023-01-16 22:54:50,802;log:pre;eid:16611;call:sent;type:cancel;order:buy;asset:Y;price:51;qty:null;orderid:od_1673580913718800;respmessg:null;message:YesSignalZeroHolding,NewBuyParams
INFO:order:2023-01-16 22:54:51,642;log:post;eid:16611;call:response;type:cancel;order:buy;asset:Y;price:51;qty:null;orderid:od_1673580913718800;respmessg:null;message:YesSignalZeroHolding,NewBuyParams
INFO:order:2023-01-16 22:54:52,178;log:pre;eid:16611;call:sent;type:place;order:buy;asset:Y;price:61;qty:99;orderid:buysend;respmessg:null;message:YesSignalZeroHolding,ScalpingYes,BasicBuy,atbest+1
INFO:order:2023-01-16 22:54:53,020;log:post;eid:16611;call:response;type:place;order:buy;asset:Y;price:61;qty:99;orderid:od_1673580913718985;respmessg:null;message:YesSignalZeroHolding,ScalpingYes,BasicBuy,atbest+1
INFO:order:2023-01-16 22:55:45,731;log:pre;eid:16612;call:sent;type:place;order:buy;asset:Y;price:98;qty:26;orderid:buysend;respmessg:null;message:absorbing orderbook
INFO:order:2023-01-16 22:55:46,571;log:post;eid:16612;call:response;type:place;order:buy;asset:Y;price:98;qty:26;orderid:od_1673580913718997;respmessg:null;message:absorbing orderbook
INFO:order:2023-01-16 22:56:27,703;log:pre;eid:16613;call:sent;type:place;order:buy;asset:Y;price:95;qty:1;orderid:buysend;respmessg:null;message:absorbing orderbook
INFO:order:2023-01-16 22:56:28,582;log:post;eid:16613;call:response;type:place;order:buy;asset:Y;price:95;qty:1;orderid:od_1673580913719004;respmessg:null;message:absorbing orderbook
INFO:order:2023-01-16 22:57:51,951;log:pre;eid:16615;call:sent;type:place;order:buy;asset:Y;price:95;qty:1;orderid:buysend;respmessg:null;message:absorbing orderbook
INFO:order:2023-01-16 22:57:52,790;log:post;eid:16615;call:response;type:place;order:buy;asset:Y;price:95;qty:1;orderid:od_1673580913719035;respmessg:null;message:absorbing orderbook
INFO:order:2023-01-16 22:58:25,348;log:pre;eid:16616;call:sent;type:place;order:buy;asset:Y;price:26;qty:50;orderid:buysend;respmessg:null;message:YesSignalZeroHolding,ScalpingYes,BasicBuy,atbest+1
INFO:order:2023-01-16 22:58:26,261;log:post;eid:16616;call:response;type:place;order:buy;asset:Y;price:26;qty:50;orderid:od_1673580913719046;respmessg:null;message:YesSignalZeroHolding,ScalpingYes,BasicBuy,atbest+1
INFO:order:2023-01-17 17:41:32,853;log:pre;eid:16715;call:sent;type:place;order:buy;asset:Y;price:51;qty:50;orderid:buysend;respmessg:null;message:YesSignalZeroHolding,ScalpingYes,BasicBuy,atbest+1
INFO:order:2023-01-17 17:41:33,856;log:post;eid:16715;call:response;type:place;order:buy;asset:Y;price:51;qty:50;orderid:od_1673580913727805;respmessg:null;message:YesSignalZeroHolding,ScalpingYes,BasicBuy,atbest+1
INFO:order:2023-01-17 18:16:54,651;log:pre;eid:16715;call:sent;type:place;order:sell;asset:Y;price:79;qty:1;orderid:sellsend;respmessg:null;message:HoldYesQtyChange,SellingYesNewQty,ProfitSell,atBetter
INFO:order:2023-01-17 18:16:55,481;log:post;eid:16715;call:response;type:place;order:sell;asset:Y;price:79;qty:1;orderid:od_1673580913728469;respmessg:null;message:HoldYesQtyChange,SellingYesNewQty,ProfitSell,atBetter
INFO:order:2023-01-17 18:24:15,218;log:pre;eid:16715;call:sent;type:cancel;order:sell;asset:Y;price:79;qty:null;orderid:od_1673580913728469;respmessg:null;message:HoldYesQtyChange,HoldQtyChange
INFO:order:2023-01-17 18:24:16,174;log:post;eid:16715;call:response;type:cancel;order:sell;asset:Y;price:79;qty:null;orderid:od_1673580913728469;respmessg:null;message:HoldYesQtyChange,HoldQtyChange
INFO:order:2023-01-17 18:24:17,178;log:pre;eid:16715;call:sent;type:place;order:sell;asset:Y;price:79;qty:2;orderid:sellsend;respmessg:null;message:HoldYesQtyChange,SellingYesNewQty,ProfitSell,atBetter
INFO:order:2023-01-17 18:24:18,117;log:post;eid:16715;call:response;type:place;order:sell;asset:Y;price:79;qty:2;orderid:od_1673580913728661;respmessg:null;message:HoldYesQtyChange,SellingYesNewQty,ProfitSell,atBetter
INFO:order:2023-01-17 18:24:19,666;log:pre;eid:16715;call:sent;type:cancel;order:buy;asset:Y;price:51;qty:null;orderid:od_1673580913727805;respmessg:null;message:YesFairPriceChange,PausingBuy
INFO:order:2023-01-17 18:24:20,604;log:post;eid:16715;call:response;type:cancel;order:buy;asset:Y;price:51;qty:null;orderid:od_1673580913727805;respmessg:null;message:YesFairPriceChange,PausingBuy
INFO:order:2023-01-17 18:24:23,685;log:pre;eid:16715;call:sent;type:cancel;order:sell;asset:Y;price:79;qty:null;orderid:od_1673580913728661;respmessg:null;message:YesFairPriceChange,NewSellParams
INFO:order:2023-01-17 18:24:24,800;log:post;eid:16715;call:response;type:cancel;order:sell;asset:Y;price:79;qty:null;orderid:od_1673580913728661;respmessg:null;message:YesFairPriceChange,NewSellParams
INFO:order:2023-01-17 18:24:25,279;log:pre;eid:16715;call:sent;type:place;order:sell;asset:Y;price:79;qty:2;orderid:sellsend;respmessg:null;message:YesFairPriceChange,SellingBoughtQty,ProfitSell,atBetter
INFO:order:2023-01-17 18:24:26,184;log:post;eid:16715;call:response;type:place;order:sell;asset:Y;price:79;qty:2;orderid:od_1673580913728667;respmessg:null;message:YesFairPriceChange,SellingBoughtQty,ProfitSell,atBetter
INFO:order:2023-01-17 18:31:32,320;log:pre;eid:16715;call:sent;type:place;order:buy;asset:Y;price:51;qty:50;orderid:buysend;respmessg:null;message:YesFairPriceChange,ScalpingYes,BasicBuy,atbest+1
INFO:order:2023-01-17 18:31:33,823;log:post;eid:16715;call:response;type:place;order:buy;asset:Y;price:51;qty:50;orderid:od_1673580913728804;respmessg:null;message:YesFairPriceChange,ScalpingYes,BasicBuy,atbest+1
INFO:order:2023-01-17 18:31:35,971;log:pre;eid:16715;call:sent;type:cancel;order:sell;asset:Y;price:79;qty:null;orderid:od_1673580913728667;respmessg:null;message:YesFairPriceChange,NewSellParams
INFO:order:2023-01-17 18:31:36,882;log:post;eid:16715;call:response;type:cancel;order:sell;asset:Y;price:79;qty:null;orderid:od_1673580913728667;respmessg:null;message:YesFairPriceChange,NewSellParams
INFO:order:2023-01-17 18:31:37,309;log:pre;eid:16715;call:sent;type:place;order:sell;asset:Y;price:94;qty:2;orderid:sellsend;respmessg:null;message:YesFairPriceChange,SellingBoughtQty,ProfitSell,atBetter
INFO:order:2023-01-17 18:31:38,163;log:post;eid:16715;call:response;type:place;order:sell;asset:Y;price:94;qty:2;orderid:od_1673580913728807;respmessg:null;message:YesFairPriceChange,SellingBoughtQty,ProfitSell,atBetter
INFO:order:2023-01-17 18:37:51,708;log:pre;eid:16715;call:sent;type:cancel;order:buy;asset:Y;price:51;qty:null;orderid:od_1673580913728804;respmessg:null;message:YesFairPriceChange,PausingBuy
INFO:order:2023-01-17 18:37:52,556;log:post;eid:16715;call:response;type:cancel;order:buy;asset:Y;price:51;qty:null;orderid:od_1673580913728804;respmessg:null;message:YesFairPriceChange,PausingBuy
INFO:order:2023-01-17 18:37:55,107;log:pre;eid:16715;call:sent;type:cancel;order:sell;asset:Y;price:94;qty:null;orderid:od_1673580913728807;respmessg:null;message:YesFairPriceChange,NewSellParams
INFO:order:2023-01-17 18:37:55,947;log:post;eid:16715;call:response;type:cancel;order:sell;asset:Y;price:94;qty:null;orderid:od_1673580913728807;respmessg:null;message:YesFairPriceChange,NewSellParams
INFO:order:2023-01-17 18:37:56,291;log:pre;eid:16715;call:sent;type:place;order:sell;asset:Y;price:94;qty:2;orderid:sellsend;respmessg:null;message:YesFairPriceChange,SellingBoughtQty,ProfitSell,atBetter
INFO:order:2023-01-17 18:37:57,136;log:post;eid:16715;call:response;type:place;order:sell;asset:Y;price:94;qty:2;orderid:od_1673580913728856;respmessg:null;message:YesFairPriceChange,SellingBoughtQty,ProfitSell,atBetter
INFO:order:2023-01-17 18:44:08,350;log:pre;eid:16715;call:sent;type:cancel;order:sell;asset:Y;price:94;qty:null;orderid:od_1673580913728856;respmessg:null;message:YesFairPriceChange,NewSellParams
INFO:order:2023-01-17 18:44:09,195;log:post;eid:16715;call:response;type:cancel;order:sell;asset:Y;price:94;qty:null;orderid:od_1673580913728856;respmessg:null;message:YesFairPriceChange,NewSellParams
INFO:order:2023-01-17 18:44:10,015;log:pre;eid:16715;call:sent;type:place;order:sell;asset:Y;price:94;qty:2;orderid:sellsend;respmessg:null;message:YesFairPriceChange,SellingBoughtQty,ProfitSell,atBetter
INFO:order:2023-01-17 18:44:10,903;log:post;eid:16715;call:response;type:place;order:sell;asset:Y;price:94;qty:2;orderid:od_1673580913728936;respmessg:null;message:YesFairPriceChange,SellingBoughtQty,ProfitSell,atBetter
INFO:order:2023-01-17 18:50:30,776;log:pre;eid:16715;call:sent;type:cancel;order:sell;asset:Y;price:94;qty:null;orderid:od_1673580913728936;respmessg:null;message:YesFairPriceChange,NewSellParams
INFO:order:2023-01-17 18:50:31,636;log:post;eid:16715;call:response;type:cancel;order:sell;asset:Y;price:94;qty:null;orderid:od_1673580913728936;respmessg:null;message:YesFairPriceChange,NewSellParams
INFO:order:2023-01-17 18:50:32,016;log:pre;eid:16715;call:sent;type:place;order:sell;asset:Y;price:94;qty:2;orderid:sellsend;respmessg:null;message:YesFairPriceChange,SellingBoughtQty,ProfitSell,atBetter
INFO:order:2023-01-17 18:50:32,857;log:post;eid:16715;call:response;type:place;order:sell;asset:Y;price:94;qty:2;orderid:od_1673580913729013;respmessg:null;message:YesFairPriceChange,SellingBoughtQty,ProfitSell,atBetter
INFO:order:2023-01-17 18:56:44,430;log:pre;eid:16715;call:sent;type:cancel;order:sell;asset:Y;price:94;qty:null;orderid:od_1673580913729013;respmessg:null;message:YesFairPriceChange,NewSellParams
INFO:order:2023-01-17 18:56:45,266;log:post;eid:16715;call:response;type:cancel;order:sell;asset:Y;price:94;qty:null;orderid:od_1673580913729013;respmessg:null;message:YesFairPriceChange,NewSellParams
INFO:order:2023-01-17 18:56:45,600;log:pre;eid:16715;call:sent;type:place;order:sell;asset:Y;price:94;qty:2;orderid:sellsend;respmessg:null;message:YesFairPriceChange,SellingBoughtQty,ProfitSell,atBetter
INFO:order:2023-01-17 18:56:46,449;log:post;eid:16715;call:response;type:place;order:sell;asset:Y;price:94;qty:2;orderid:od_1673580913729063;respmessg:null;message:YesFairPriceChange,SellingBoughtQty,ProfitSell,atBetter
INFO:order:2023-01-17 19:03:21,776;log:pre;eid:16715;call:sent;type:cancel;order:sell;asset:Y;price:94;qty:null;orderid:od_1673580913729063;respmessg:null;message:YesFairPriceChange,NewSellParams
INFO:order:2023-01-17 19:03:22,673;log:post;eid:16715;call:response;type:cancel;order:sell;asset:Y;price:94;qty:null;orderid:od_1673580913729063;respmessg:null;message:YesFairPriceChange,NewSellParams
INFO:order:2023-01-17 19:03:23,364;log:pre;eid:16715;call:sent;type:place;order:sell;asset:Y;price:94;qty:2;orderid:sellsend;respmessg:null;message:YesFairPriceChange,SellingBoughtQty,ProfitSell,atBetter
INFO:order:2023-01-17 19:03:24,344;log:post;eid:16715;call:response;type:place;order:sell;asset:Y;price:94;qty:2;orderid:od_1673580913729164;respmessg:null;message:YesFairPriceChange,SellingBoughtQty,ProfitSell,atBetter
INFO:order:2023-01-17 19:09:54,360;log:pre;eid:16715;call:sent;type:cancel;order:sell;asset:Y;price:94;qty:null;orderid:od_1673580913729164;respmessg:null;message:YesFairPriceChange,NewSellParams
INFO:order:2023-01-17 19:09:55,306;log:post;eid:16715;call:response;type:cancel;order:sell;asset:Y;price:94;qty:null;orderid:od_1673580913729164;respmessg:null;message:YesFairPriceChange,NewSellParams
INFO:order:2023-01-17 19:09:55,860;log:pre;eid:16715;call:sent;type:place;order:sell;asset:Y;price:94;qty:2;orderid:sellsend;respmessg:null;message:YesFairPriceChange,SellingBoughtQty,ProfitSell,atBetter
INFO:order:2023-01-17 19:09:56,819;log:post;eid:16715;call:response;type:place;order:sell;asset:Y;price:94;qty:2;orderid:od_1673580913729408;respmessg:null;message:YesFairPriceChange,SellingBoughtQty,ProfitSell,atBetter
INFO:order:2023-01-17 19:16:19,223;log:pre;eid:16715;call:sent;type:cancel;order:sell;asset:Y;price:94;qty:null;orderid:od_1673580913729408;respmessg:null;message:YesFairPriceChange,NewSellParams
INFO:order:2023-01-17 19:16:20,078;log:post;eid:16715;call:response;type:cancel;order:sell;asset:Y;price:94;qty:null;orderid:od_1673580913729408;respmessg:null;message:YesFairPriceChange,NewSellParams
INFO:order:2023-01-17 19:16:20,446;log:pre;eid:16715;call:sent;type:place;order:sell;asset:Y;price:94;qty:2;orderid:sellsend;respmessg:null;message:YesFairPriceChange,SellingBoughtQty,ProfitSell,atBetter
INFO:order:2023-01-17 19:16:21,309;log:post;eid:16715;call:response;type:place;order:sell;asset:Y;price:94;qty:2;orderid:od_1673580913729506;respmessg:null;message:YesFairPriceChange,SellingBoughtQty,ProfitSell,atBetter
INFO:order:2023-01-17 19:22:43,700;log:pre;eid:16715;call:sent;type:cancel;order:sell;asset:Y;price:94;qty:null;orderid:od_1673580913729506;respmessg:null;message:YesFairPriceChange,NewSellParams
INFO:order:2023-01-17 19:22:44,581;log:post;eid:16715;call:response;type:cancel;order:sell;asset:Y;price:94;qty:null;orderid:od_1673580913729506;respmessg:null;message:YesFairPriceChange,NewSellParams
INFO:order:2023-01-17 19:22:44,968;log:pre;eid:16715;call:sent;type:place;order:sell;asset:Y;price:94;qty:2;orderid:sellsend;respmessg:null;message:YesFairPriceChange,SellingBoughtQty,ProfitSell,atBetter
INFO:order:2023-01-17 19:22:45,888;log:post;eid:16715;call:response;type:place;order:sell;asset:Y;price:94;qty:2;orderid:od_1673580913729651;respmessg:null;message:YesFairPriceChange,SellingBoughtQty,ProfitSell,atBetter
INFO:order:2023-01-17 19:29:15,033;log:pre;eid:16715;call:sent;type:cancel;order:sell;asset:Y;price:94;qty:null;orderid:od_1673580913729651;respmessg:null;message:YesFairPriceChange,NewSellParams
INFO:order:2023-01-17 19:29:15,930;log:post;eid:16715;call:response;type:cancel;order:sell;asset:Y;price:94;qty:null;orderid:od_1673580913729651;respmessg:null;message:YesFairPriceChange,NewSellParams
INFO:order:2023-01-17 19:29:16,304;log:pre;eid:16715;call:sent;type:place;order:sell;asset:Y;price:94;qty:2;orderid:sellsend;respmessg:null;message:YesFairPriceChange,SellingBoughtQty,ProfitSell,atBetter
INFO:order:2023-01-17 19:29:17,169;log:post;eid:16715;call:response;type:place;order:sell;asset:Y;price:94;qty:2;orderid:od_1673580913729700;respmessg:null;message:YesFairPriceChange,SellingBoughtQty,ProfitSell,atBetter
INFO:order:2023-01-17 19:35:34,938;log:pre;eid:16715;call:sent;type:cancel;order:sell;asset:Y;price:94;qty:null;orderid:od_1673580913729700;respmessg:null;message:YesFairPriceChange,NewSellParams
INFO:order:2023-01-17 19:35:35,778;log:post;eid:16715;call:response;type:cancel;order:sell;asset:Y;price:94;qty:null;orderid:od_1673580913729700;respmessg:null;message:YesFairPriceChange,NewSellParams
INFO:order:2023-01-17 19:35:36,235;log:pre;eid:16715;call:sent;type:place;order:sell;asset:Y;price:94;qty:2;orderid:sellsend;respmessg:null;message:YesFairPriceChange,SellingBoughtQty,ProfitSell,atBetter
INFO:order:2023-01-17 19:35:37,126;log:post;eid:16715;call:response;type:place;order:sell;asset:Y;price:94;qty:2;orderid:od_1673580913729765;respmessg:null;message:YesFairPriceChange,SellingBoughtQty,ProfitSell,atBetter
INFO:order:2023-01-17 19:41:50,318;log:pre;eid:16715;call:sent;type:place;order:buy;asset:Y;price:51;qty:50;orderid:buysend;respmessg:null;message:YesFairPriceChange,ScalpingYes,BasicBuy,atbest+1
INFO:order:2023-01-17 19:41:51,140;log:post;eid:16715;call:response;type:place;order:buy;asset:Y;price:51;qty:50;orderid:od_1673580913729836;respmessg:null;message:YesFairPriceChange,ScalpingYes,BasicBuy,atbest+1
INFO:order:2023-01-17 19:41:53,596;log:pre;eid:16715;call:sent;type:cancel;order:sell;asset:Y;price:94;qty:null;orderid:od_1673580913729765;respmessg:null;message:YesFairPriceChange,NewSellParams
INFO:order:2023-01-17 19:41:54,439;log:post;eid:16715;call:response;type:cancel;order:sell;asset:Y;price:94;qty:null;orderid:od_1673580913729765;respmessg:null;message:YesFairPriceChange,NewSellParams
INFO:order:2023-01-17 19:41:54,828;log:pre;eid:16715;call:sent;type:place;order:sell;asset:Y;price:94;qty:2;orderid:sellsend;respmessg:null;message:YesFairPriceChange,SellingBoughtQty,ProfitSell,atBetter
INFO:order:2023-01-17 19:41:55,663;log:post;eid:16715;call:response;type:place;order:sell;asset:Y;price:94;qty:2;orderid:od_1673580913729839;respmessg:null;message:YesFairPriceChange,SellingBoughtQty,ProfitSell,atBetter
INFO:order:2023-01-17 19:48:13,331;log:pre;eid:16715;call:sent;type:cancel;order:sell;asset:Y;price:94;qty:null;orderid:od_1673580913729839;respmessg:null;message:YesFairPriceChange,NewSellParams
INFO:order:2023-01-17 19:48:14,201;log:post;eid:16715;call:response;type:cancel;order:sell;asset:Y;price:94;qty:null;orderid:od_1673580913729839;respmessg:null;message:YesFairPriceChange,NewSellParams
INFO:order:2023-01-17 19:48:14,596;log:pre;eid:16715;call:sent;type:place;order:sell;asset:Y;price:94;qty:2;orderid:sellsend;respmessg:null;message:YesFairPriceChange,SellingBoughtQty,ProfitSell,atBetter
INFO:order:2023-01-17 19:48:15,474;log:post;eid:16715;call:response;type:place;order:sell;asset:Y;price:94;qty:2;orderid:od_1673580913729972;respmessg:null;message:YesFairPriceChange,SellingBoughtQty,ProfitSell,atBetter
INFO:order:2023-01-17 19:54:19,281;log:pre;eid:16715;call:sent;type:cancel;order:sell;asset:Y;price:94;qty:null;orderid:od_1673580913729972;respmessg:null;message:NoAvgBuyPriceChange,NewSellParams
INFO:order:2023-01-17 19:54:20,117;log:post;eid:16715;call:response;type:cancel;order:sell;asset:Y;price:94;qty:null;orderid:od_1673580913729972;respmessg:null;message:NoAvgBuyPriceChange,NewSellParams
INFO:order:2023-01-17 19:54:20,484;log:pre;eid:16715;call:sent;type:place;order:sell;asset:Y;price:94;qty:2;orderid:sellsend;respmessg:null;message:NoAvgBuyPriceChange,SellingBoughtQty,ProfitSell,atBetter
INFO:order:2023-01-17 19:54:21,621;log:post;eid:16715;call:response;type:place;order:sell;asset:Y;price:94;qty:2;orderid:od_1673580913730186;respmessg:null;message:NoAvgBuyPriceChange,SellingBoughtQty,ProfitSell,atBetter
INFO:order:2023-01-17 19:54:55,965;log:pre;eid:16716;call:sent;type:place;order:buy;asset:Y;price:6;qty:50;orderid:buysend;respmessg:null;message:YesSignalZeroHolding,ScalpingYes,BasicBuy,atbest+1
INFO:order:2023-01-17 19:54:56,853;log:post;eid:16716;call:response;type:place;order:buy;asset:Y;price:6;qty:50;orderid:od_1673580913730197;respmessg:null;message:YesSignalZeroHolding,ScalpingYes,BasicBuy,atbest+1
INFO:order:2023-01-17 20:00:41,256;log:pre;eid:16715;call:sent;type:cancel;order:sell;asset:Y;price:94;qty:null;orderid:od_1673580913730186;respmessg:null;message:NoAvgBuyPriceChange,NewSellParams
INFO:order:2023-01-17 20:00:42,131;log:post;eid:16715;call:response;type:cancel;order:sell;asset:Y;price:94;qty:null;orderid:od_1673580913730186;respmessg:null;message:NoAvgBuyPriceChange,NewSellParams
INFO:order:2023-01-17 20:00:42,510;log:pre;eid:16715;call:sent;type:place;order:sell;asset:Y;price:94;qty:2;orderid:sellsend;respmessg:null;message:NoAvgBuyPriceChange,SellingBoughtQty,ProfitSell,atBetter
INFO:order:2023-01-17 20:00:43,339;log:post;eid:16715;call:response;type:place;order:sell;asset:Y;price:94;qty:2;orderid:od_1673580913730364;respmessg:null;message:NoAvgBuyPriceChange,SellingBoughtQty,ProfitSell,atBetter
INFO:order:2023-01-17 20:01:14,816;log:pre;eid:16716;call:sent;type:cancel;order:buy;asset:Y;price:6;qty:null;orderid:od_1673580913730197;respmessg:null;message:YesSignalZeroHolding,PausingBuy
INFO:order:2023-01-17 20:01:15,675;log:post;eid:16716;call:response;type:cancel;order:buy;asset:Y;price:6;qty:null;orderid:od_1673580913730197;respmessg:null;message:YesSignalZeroHolding,PausingBuy
INFO:order:2023-01-17 20:07:00,480;log:pre;eid:16715;call:sent;type:cancel;order:buy;asset:Y;price:51;qty:null;orderid:od_1673580913729836;respmessg:null;message:YesFairPriceChange,PausingBuy
INFO:order:2023-01-17 20:07:01,400;log:post;eid:16715;call:response;type:cancel;order:buy;asset:Y;price:51;qty:null;orderid:od_1673580913729836;respmessg:null;message:YesFairPriceChange,PausingBuy
INFO:order:2023-01-17 20:07:04,397;log:pre;eid:16715;call:sent;type:cancel;order:sell;asset:Y;price:94;qty:null;orderid:od_1673580913730364;respmessg:null;message:YesFairPriceChange,NewSellParams
INFO:order:2023-01-17 20:07:05,265;log:post;eid:16715;call:response;type:cancel;order:sell;asset:Y;price:94;qty:null;orderid:od_1673580913730364;respmessg:null;message:YesFairPriceChange,NewSellParams
INFO:order:2023-01-17 20:07:06,371;log:pre;eid:16715;call:sent;type:place;order:sell;asset:Y;price:94;qty:2;orderid:sellsend;respmessg:null;message:YesFairPriceChange,SellingBoughtQty,ProfitSell,atBetter
INFO:order:2023-01-17 20:07:07,235;log:post;eid:16715;call:response;type:place;order:sell;asset:Y;price:94;qty:2;orderid:od_1673580913730435;respmessg:null;message:YesFairPriceChange,SellingBoughtQty,ProfitSell,atBetter
INFO:order:2023-01-17 20:13:19,789;log:pre;eid:16715;call:sent;type:cancel;order:sell;asset:Y;price:94;qty:null;orderid:od_1673580913730435;respmessg:null;message:YesFairPriceChange,NewSellParams
INFO:order:2023-01-17 20:13:20,655;log:post;eid:16715;call:response;type:cancel;order:sell;asset:Y;price:94;qty:null;orderid:od_1673580913730435;respmessg:null;message:YesFairPriceChange,NewSellParams
INFO:order:2023-01-17 20:13:21,065;log:pre;eid:16715;call:sent;type:place;order:sell;asset:Y;price:94;qty:2;orderid:sellsend;respmessg:null;message:YesFairPriceChange,SellingBoughtQty,ProfitSell,atBetter
INFO:order:2023-01-17 20:13:21,974;log:post;eid:16715;call:response;type:place;order:sell;asset:Y;price:94;qty:2;orderid:od_1673580913730527;respmessg:null;message:YesFairPriceChange,SellingBoughtQty,ProfitSell,atBetter
INFO:order:2023-01-17 20:19:50,995;log:pre;eid:16715;call:sent;type:cancel;order:sell;asset:Y;price:94;qty:null;orderid:od_1673580913730527;respmessg:null;message:YesFairPriceChange,NewSellParams
INFO:order:2023-01-17 20:19:52,012;log:post;eid:16715;call:response;type:cancel;order:sell;asset:Y;price:94;qty:null;orderid:od_1673580913730527;respmessg:null;message:YesFairPriceChange,NewSellParams
INFO:order:2023-01-17 20:19:52,659;log:pre;eid:16715;call:sent;type:place;order:sell;asset:Y;price:94;qty:2;orderid:sellsend;respmessg:null;message:YesFairPriceChange,SellingBoughtQty,ProfitSell,atBetter
INFO:order:2023-01-17 20:19:53,594;log:post;eid:16715;call:response;type:place;order:sell;asset:Y;price:94;qty:2;orderid:od_1673580913730610;respmessg:null;message:YesFairPriceChange,SellingBoughtQty,ProfitSell,atBetter
INFO:order:2023-01-17 20:26:16,471;log:pre;eid:16715;call:sent;type:cancel;order:sell;asset:Y;price:94;qty:null;orderid:od_1673580913730610;respmessg:null;message:YesFairPriceChange,NewSellParams
INFO:order:2023-01-17 20:26:17,358;log:post;eid:16715;call:response;type:cancel;order:sell;asset:Y;price:94;qty:null;orderid:od_1673580913730610;respmessg:null;message:YesFairPriceChange,NewSellParams
INFO:order:2023-01-17 20:26:17,770;log:pre;eid:16715;call:sent;type:place;order:sell;asset:Y;price:94;qty:2;orderid:sellsend;respmessg:null;message:YesFairPriceChange,SellingBoughtQty,ProfitSell,atBetter
INFO:order:2023-01-17 20:26:18,641;log:post;eid:16715;call:response;type:place;order:sell;asset:Y;price:94;qty:2;orderid:od_1673580913730658;respmessg:null;message:YesFairPriceChange,SellingBoughtQty,ProfitSell,atBetter
INFO:order:2023-01-17 20:32:43,189;log:pre;eid:16715;call:sent;type:cancel;order:sell;asset:Y;price:94;qty:null;orderid:od_1673580913730658;respmessg:null;message:YesFairPriceChange,NewSellParams
INFO:order:2023-01-17 20:32:44,124;log:post;eid:16715;call:response;type:cancel;order:sell;asset:Y;price:94;qty:null;orderid:od_1673580913730658;respmessg:null;message:YesFairPriceChange,NewSellParams
INFO:order:2023-01-17 20:32:44,744;log:pre;eid:16715;call:sent;type:place;order:sell;asset:Y;price:94;qty:2;orderid:sellsend;respmessg:null;message:YesFairPriceChange,SellingBoughtQty,ProfitSell,atBetter
INFO:order:2023-01-17 20:32:45,715;log:post;eid:16715;call:response;type:place;order:sell;asset:Y;price:94;qty:2;orderid:od_1673580913730711;respmessg:null;message:YesFairPriceChange,SellingBoughtQty,ProfitSell,atBetter
INFO:order:2023-01-17 20:38:57,283;log:pre;eid:16715;call:sent;type:place;order:buy;asset:Y;price:53;qty:50;orderid:buysend;respmessg:null;message:YesFairPriceChange,ScalpingYes,BasicBuy,atbest+1
INFO:order:2023-01-17 20:38:58,258;log:post;eid:16715;call:response;type:place;order:buy;asset:Y;price:53;qty:50;orderid:od_1673580913730875;respmessg:null;message:YesFairPriceChange,ScalpingYes,BasicBuy,atbest+1
INFO:order:2023-01-17 20:39:00,654;log:pre;eid:16715;call:sent;type:cancel;order:sell;asset:Y;price:94;qty:null;orderid:od_1673580913730711;respmessg:null;message:YesFairPriceChange,NewSellParams
INFO:order:2023-01-17 20:39:01,654;log:post;eid:16715;call:response;type:cancel;order:sell;asset:Y;price:94;qty:null;orderid:od_1673580913730711;respmessg:null;message:YesFairPriceChange,NewSellParams
INFO:order:2023-01-17 20:39:02,307;log:pre;eid:16715;call:sent;type:place;order:sell;asset:Y;price:94;qty:2;orderid:sellsend;respmessg:null;message:YesFairPriceChange,SellingBoughtQty,ProfitSell,atBetter
INFO:order:2023-01-17 20:39:03,286;log:post;eid:16715;call:response;type:place;order:sell;asset:Y;price:94;qty:2;orderid:od_1673580913730880;respmessg:null;message:YesFairPriceChange,SellingBoughtQty,ProfitSell,atBetter
INFO:order:2023-01-17 20:45:26,761;log:pre;eid:16715;call:sent;type:cancel;order:buy;asset:Y;price:53;qty:null;orderid:od_1673580913730875;respmessg:null;message:YesFairPriceChange,PausingBuy
INFO:order:2023-01-17 20:45:27,646;log:post;eid:16715;call:response;type:cancel;order:buy;asset:Y;price:53;qty:null;orderid:od_1673580913730875;respmessg:null;message:YesFairPriceChange,PausingBuy
INFO:order:2023-01-17 20:45:30,440;log:pre;eid:16715;call:sent;type:cancel;order:sell;asset:Y;price:94;qty:null;orderid:od_1673580913730880;respmessg:null;message:YesFairPriceChange,NewSellParams
INFO:order:2023-01-17 20:45:31,296;log:post;eid:16715;call:response;type:cancel;order:sell;asset:Y;price:94;qty:null;orderid:od_1673580913730880;respmessg:null;message:YesFairPriceChange,NewSellParams
INFO:order:2023-01-17 20:45:31,650;log:pre;eid:16715;call:sent;type:place;order:sell;asset:Y;price:94;qty:2;orderid:sellsend;respmessg:null;message:YesFairPriceChange,SellingBoughtQty,ProfitSell,atBetter
INFO:order:2023-01-17 20:45:32,508;log:post;eid:16715;call:response;type:place;order:sell;asset:Y;price:94;qty:2;orderid:od_1673580913730993;respmessg:null;message:YesFairPriceChange,SellingBoughtQty,ProfitSell,atBetter
INFO:order:2023-01-17 20:52:01,881;log:pre;eid:16715;call:sent;type:place;order:buy;asset:Y;price:53;qty:50;orderid:buysend;respmessg:null;message:YesFairPriceChange,ScalpingYes,BasicBuy,atbest+1
INFO:order:2023-01-17 20:52:02,890;log:post;eid:16715;call:response;type:place;order:buy;asset:Y;price:53;qty:50;orderid:od_1673580913731232;respmessg:null;message:YesFairPriceChange,ScalpingYes,BasicBuy,atbest+1
INFO:order:2023-01-17 20:52:05,371;log:pre;eid:16715;call:sent;type:cancel;order:sell;asset:Y;price:94;qty:null;orderid:od_1673580913730993;respmessg:null;message:YesFairPriceChange,NewSellParams
INFO:order:2023-01-17 20:52:06,340;log:post;eid:16715;call:response;type:cancel;order:sell;asset:Y;price:94;qty:null;orderid:od_1673580913730993;respmessg:null;message:YesFairPriceChange,NewSellParams
INFO:order:2023-01-17 20:52:06,999;log:pre;eid:16715;call:sent;type:place;order:sell;asset:Y;price:94;qty:2;orderid:sellsend;respmessg:null;message:YesFairPriceChange,SellingBoughtQty,ProfitSell,atBetter
INFO:order:2023-01-17 20:52:08,172;log:post;eid:16715;call:response;type:place;order:sell;asset:Y;price:94;qty:2;orderid:od_1673580913731239;respmessg:null;message:YesFairPriceChange,SellingBoughtQty,ProfitSell,atBetter
INFO:order:2023-01-17 20:58:29,261;log:pre;eid:16715;call:sent;type:cancel;order:sell;asset:Y;price:94;qty:null;orderid:od_1673580913731239;respmessg:null;message:YesFairPriceChange,NewSellParams
INFO:order:2023-01-17 20:58:30,176;log:post;eid:16715;call:response;type:cancel;order:sell;asset:Y;price:94;qty:null;orderid:od_1673580913731239;respmessg:null;message:YesFairPriceChange,NewSellParams
INFO:order:2023-01-17 20:58:30,594;log:pre;eid:16715;call:sent;type:place;order:sell;asset:Y;price:94;qty:2;orderid:sellsend;respmessg:null;message:YesFairPriceChange,SellingBoughtQty,ProfitSell,atBetter
INFO:order:2023-01-17 20:58:31,451;log:post;eid:16715;call:response;type:place;order:sell;asset:Y;price:94;qty:2;orderid:od_1673580913731504;respmessg:null;message:YesFairPriceChange,SellingBoughtQty,ProfitSell,atBetter
INFO:order:2023-01-17 21:03:07,306;log:pre;eid:16722;call:sent;type:place;order:buy;asset:N;price:41;qty:50;orderid:buysend;respmessg:null;message:NoSignalZeroHolding,ScalpingNo,BasicBuy,atbest+1
INFO:order:2023-01-17 21:03:08,144;log:post;eid:16722;call:response;type:place;order:buy;asset:N;price:41;qty:50;orderid:od_1673580913731728;respmessg:null;message:NoSignalZeroHolding,ScalpingNo,BasicBuy,atbest+1
INFO:order:2023-01-17 21:04:54,342;log:pre;eid:16715;call:sent;type:cancel;order:sell;asset:Y;price:94;qty:null;orderid:od_1673580913731504;respmessg:null;message:NoFairPriceChange,NewSellParams
INFO:order:2023-01-17 21:04:55,304;log:post;eid:16715;call:response;type:cancel;order:sell;asset:Y;price:94;qty:null;orderid:od_1673580913731504;respmessg:null;message:NoFairPriceChange,NewSellParams
INFO:order:2023-01-17 21:04:55,989;log:pre;eid:16715;call:sent;type:place;order:sell;asset:Y;price:94;qty:2;orderid:sellsend;respmessg:null;message:NoFairPriceChange,SellingBoughtQty,ProfitSell,atBetter
INFO:order:2023-01-17 21:04:56,928;log:post;eid:16715;call:response;type:place;order:sell;asset:Y;price:94;qty:2;orderid:od_1673580913731748;respmessg:null;message:NoFairPriceChange,SellingBoughtQty,ProfitSell,atBetter
INFO:order:2023-01-17 21:05:33,975;log:pre;eid:16716;call:sent;type:place;order:buy;asset:Y;price:6;qty:50;orderid:buysend;respmessg:null;message:YesSignalZeroHolding,ScalpingYes,BasicBuy,atbest+1
INFO:order:2023-01-17 21:05:34,924;log:post;eid:16716;call:response;type:place;order:buy;asset:Y;price:6;qty:50;orderid:od_1673580913731772;respmessg:null;message:YesSignalZeroHolding,ScalpingYes,BasicBuy,atbest+1
INFO:order:2023-01-17 21:11:25,472;log:pre;eid:16715;call:sent;type:cancel;order:buy;asset:Y;price:53;qty:null;orderid:od_1673580913731232;respmessg:null;message:YesFairPriceChange,NewBuyParams
INFO:order:2023-01-17 21:11:26,324;log:post;eid:16715;call:response;type:cancel;order:buy;asset:Y;price:53;qty:null;orderid:od_1673580913731232;respmessg:null;message:YesFairPriceChange,NewBuyParams
INFO:order:2023-01-17 21:11:26,692;log:pre;eid:16715;call:sent;type:place;order:buy;asset:Y;price:61;qty:75;orderid:buysend;respmessg:null;message:YesFairPriceChange,ScalpingYes,BasicBuy,atbest+1
INFO:order:2023-01-17 21:11:27,547;log:post;eid:16715;call:response;type:place;order:buy;asset:Y;price:61;qty:75;orderid:od_1673580913731949;respmessg:null;message:YesFairPriceChange,ScalpingYes,BasicBuy,atbest+1
INFO:order:2023-01-17 21:11:29,845;log:pre;eid:16715;call:sent;type:cancel;order:sell;asset:Y;price:94;qty:null;orderid:od_1673580913731748;respmessg:null;message:YesFairPriceChange,NewSellParams
INFO:order:2023-01-17 21:11:30,711;log:post;eid:16715;call:response;type:cancel;order:sell;asset:Y;price:94;qty:null;orderid:od_1673580913731748;respmessg:null;message:YesFairPriceChange,NewSellParams
INFO:order:2023-01-17 21:11:31,125;log:pre;eid:16715;call:sent;type:place;order:sell;asset:Y;price:98;qty:2;orderid:sellsend;respmessg:null;message:YesFairPriceChange,SellingBoughtQty,ProfitSell,atBetter
INFO:order:2023-01-17 21:11:31,981;log:post;eid:16715;call:response;type:place;order:sell;asset:Y;price:98;qty:2;orderid:od_1673580913731957;respmessg:null;message:YesFairPriceChange,SellingBoughtQty,ProfitSell,atBetter
INFO:order:2023-01-17 21:12:04,425;log:pre;eid:16716;call:sent;type:cancel;order:buy;asset:Y;price:6;qty:null;orderid:od_1673580913731772;respmessg:null;message:YesSignalZeroHolding,PausingBuy
INFO:order:2023-01-17 21:12:05,347;log:post;eid:16716;call:response;type:cancel;order:buy;asset:Y;price:6;qty:null;orderid:od_1673580913731772;respmessg:null;message:YesSignalZeroHolding,PausingBuy
INFO:order:2023-01-17 21:15:35,683;log:pre;eid:16721;call:sent;type:place;order:buy;asset:N;price:6;qty:50;orderid:buysend;respmessg:null;message:NoSignalZeroHolding,ScalpingNo,BasicBuy,atbest+1
INFO:order:2023-01-17 21:15:36,550;log:post;eid:16721;call:response;type:place;order:buy;asset:N;price:6;qty:50;orderid:od_1673580913732085;respmessg:null;message:NoSignalZeroHolding,ScalpingNo,BasicBuy,atbest+1
INFO:order:2023-01-17 21:18:02,694;log:pre;eid:16715;call:sent;type:cancel;order:sell;asset:Y;price:98;qty:null;orderid:od_1673580913731957;respmessg:null;message:HoldYesQtyChange,HoldQtyChange
INFO:order:2023-01-17 21:18:03,644;log:post;eid:16715;call:response;type:cancel;order:sell;asset:Y;price:98;qty:null;orderid:od_1673580913731957;respmessg:null;message:HoldYesQtyChange,HoldQtyChange
INFO:order:2023-01-17 21:18:04,451;log:pre;eid:16715;call:sent;type:place;order:sell;asset:Y;price:98;qty:3;orderid:sellsend;respmessg:null;message:HoldYesQtyChange,SellingYesNewQty,ProfitSell,atBetter
INFO:order:2023-01-17 21:18:05,507;log:post;eid:16715;call:response;type:place;order:sell;asset:Y;price:98;qty:3;orderid:od_1673580913732166;respmessg:null;message:HoldYesQtyChange,SellingYesNewQty,ProfitSell,atBetter
INFO:order:2023-01-17 21:18:06,835;log:pre;eid:16715;call:sent;type:cancel;order:buy;asset:Y;price:61;qty:null;orderid:od_1673580913731949;respmessg:null;message:YesFairPriceChange,PausingBuy
INFO:order:2023-01-17 21:18:07,788;log:post;eid:16715;call:response;type:cancel;order:buy;asset:Y;price:61;qty:null;orderid:od_1673580913731949;respmessg:null;message:YesFairPriceChange,PausingBuy
INFO:order:2023-01-17 21:18:10,903;log:pre;eid:16715;call:sent;type:cancel;order:sell;asset:Y;price:98;qty:null;orderid:od_1673580913732166;respmessg:null;message:YesFairPriceChange,NewSellParams
INFO:order:2023-01-17 21:18:11,914;log:post;eid:16715;call:response;type:cancel;order:sell;asset:Y;price:98;qty:null;orderid:od_1673580913732166;respmessg:null;message:YesFairPriceChange,NewSellParams
INFO:order:2023-01-17 21:18:12,595;log:pre;eid:16715;call:sent;type:place;order:sell;asset:Y;price:98;qty:3;orderid:sellsend;respmessg:null;message:YesFairPriceChange,SellingBoughtQty,ProfitSell,atBetter
INFO:order:2023-01-17 21:18:13,550;log:post;eid:16715;call:response;type:place;order:sell;asset:Y;price:98;qty:3;orderid:od_1673580913732170;respmessg:null;message:YesFairPriceChange,SellingBoughtQty,ProfitSell,atBetter
INFO:order:2023-01-17 21:23:08,722;log:pre;eid:16722;call:sent;type:cancel;order:buy;asset:N;price:41;qty:null;orderid:od_1673580913731728;respmessg:null;message:YesAvgBuyPriceChange,NewBuyParams
INFO:order:2023-01-17 21:23:09,687;log:post;eid:16722;call:response;type:cancel;order:buy;asset:N;price:41;qty:null;orderid:od_1673580913731728;respmessg:null;message:YesAvgBuyPriceChange,NewBuyParams
INFO:order:2023-01-17 21:23:10,328;log:pre;eid:16722;call:sent;type:place;order:buy;asset:N;price:11;qty:75;orderid:buysend;respmessg:null;message:YesAvgBuyPriceChange,ScalpingNo,BasicBuy,atbest+1
INFO:order:2023-01-17 21:23:11,326;log:post;eid:16722;call:response;type:place;order:buy;asset:N;price:11;qty:75;orderid:od_1673580913732352;respmessg:null;message:YesAvgBuyPriceChange,ScalpingNo,BasicBuy,atbest+1
INFO:order:2023-01-17 21:24:49,567;log:pre;eid:16715;call:sent;type:place;order:buy;asset:Y;price:64;qty:50;orderid:buysend;respmessg:null;message:YesFairPriceChange,ScalpingYes,BasicBuy,atbest+1
INFO:order:2023-01-17 21:24:50,417;log:post;eid:16715;call:response;type:place;order:buy;asset:Y;price:64;qty:50;orderid:od_1673580913732418;respmessg:null;message:YesFairPriceChange,ScalpingYes,BasicBuy,atbest+1
INFO:order:2023-01-17 21:24:52,736;log:pre;eid:16715;call:sent;type:cancel;order:sell;asset:Y;price:98;qty:null;orderid:od_1673580913732170;respmessg:null;message:YesFairPriceChange,NewSellParams
INFO:order:2023-01-17 21:24:53,562;log:post;eid:16715;call:response;type:cancel;order:sell;asset:Y;price:98;qty:null;orderid:od_1673580913732170;respmessg:null;message:YesFairPriceChange,NewSellParams
INFO:order:2023-01-17 21:24:53,910;log:pre;eid:16715;call:sent;type:place;order:sell;asset:Y;price:98;qty:3;orderid:sellsend;respmessg:null;message:YesFairPriceChange,SellingBoughtQty,ProfitSell,atBetter
INFO:order:2023-01-17 21:24:54,758;log:post;eid:16715;call:response;type:place;order:sell;asset:Y;price:98;qty:3;orderid:od_1673580913732425;respmessg:null;message:YesFairPriceChange,SellingBoughtQty,ProfitSell,atBetter
INFO:order:2023-01-17 21:31:37,271;log:pre;eid:16715;call:sent;type:cancel;order:buy;asset:Y;price:64;qty:null;orderid:od_1673580913732418;respmessg:null;message:YesFairPriceChange,NewBuyParams
INFO:order:2023-01-17 21:31:38,193;log:post;eid:16715;call:response;type:cancel;order:buy;asset:Y;price:64;qty:null;orderid:od_1673580913732418;respmessg:null;message:YesFairPriceChange,NewBuyParams
INFO:order:2023-01-17 21:31:38,546;log:pre;eid:16715;call:sent;type:place;order:buy;asset:Y;price:67;qty:99;orderid:buysend;respmessg:null;message:YesFairPriceChange,ScalpingYes,BasicBuy,atbest+1
INFO:order:2023-01-17 21:31:39,470;log:post;eid:16715;call:response;type:place;order:buy;asset:Y;price:67;qty:99;orderid:od_1673580913732748;respmessg:null;message:YesFairPriceChange,ScalpingYes,BasicBuy,atbest+1
INFO:order:2023-01-17 21:31:41,703;log:pre;eid:16715;call:sent;type:cancel;order:sell;asset:Y;price:98;qty:null;orderid:od_1673580913732425;respmessg:null;message:YesFairPriceChange,NewSellParams
INFO:order:2023-01-17 21:31:42,542;log:post;eid:16715;call:response;type:cancel;order:sell;asset:Y;price:98;qty:null;orderid:od_1673580913732425;respmessg:null;message:YesFairPriceChange,NewSellParams
INFO:order:2023-01-17 21:31:43,032;log:pre;eid:16715;call:sent;type:place;order:sell;asset:Y;price:98;qty:3;orderid:sellsend;respmessg:null;message:YesFairPriceChange,SellingBoughtQty,ProfitSell,atBetter
INFO:order:2023-01-17 21:31:43,888;log:post;eid:16715;call:response;type:place;order:sell;asset:Y;price:98;qty:3;orderid:od_1673580913732755;respmessg:null;message:YesFairPriceChange,SellingBoughtQty,ProfitSell,atBetter
INFO:order:2023-01-17 21:35:45,622;log:pre;eid:16721;call:sent;type:cancel;order:buy;asset:N;price:6;qty:null;orderid:od_1673580913732085;respmessg:null;message:NoSignalZeroHolding,PausingBuy
INFO:order:2023-01-17 21:35:46,473;log:post;eid:16721;call:response;type:cancel;order:buy;asset:N;price:6;qty:null;orderid:od_1673580913732085;respmessg:null;message:NoSignalZeroHolding,PausingBuy
INFO:order:2023-01-17 21:36:30,000;log:pre;eid:16722;call:sent;type:cancel;order:buy;asset:N;price:11;qty:null;orderid:od_1673580913732352;respmessg:null;message:NoSignalZeroHolding,NewBuyParams
INFO:order:2023-01-17 21:36:30,912;log:post;eid:16722;call:response;type:cancel;order:buy;asset:N;price:11;qty:null;orderid:od_1673580913732352;respmessg:null;message:NoSignalZeroHolding,NewBuyParams
INFO:order:2023-01-17 21:36:31,317;log:pre;eid:16722;call:sent;type:place;order:buy;asset:N;price:91;qty:50;orderid:buysend;respmessg:null;message:NoSignalZeroHolding,ScalpingNo,BasicBuy,atbest+1
INFO:order:2023-01-17 21:36:32,155;log:post;eid:16722;call:response;type:place;order:buy;asset:N;price:91;qty:50;orderid:od_1673580913733014;respmessg:null;message:NoSignalZeroHolding,ScalpingNo,BasicBuy,atbest+1
INFO:order:2023-01-17 21:38:13,970;log:pre;eid:16715;call:sent;type:cancel;order:sell;asset:Y;price:98;qty:null;orderid:od_1673580913732755;respmessg:null;message:YesFairPriceChange,NewSellParams
INFO:order:2023-01-17 21:38:14,877;log:post;eid:16715;call:response;type:cancel;order:sell;asset:Y;price:98;qty:null;orderid:od_1673580913732755;respmessg:null;message:YesFairPriceChange,NewSellParams
INFO:order:2023-01-17 21:38:15,307;log:pre;eid:16715;call:sent;type:place;order:sell;asset:Y;price:98;qty:3;orderid:sellsend;respmessg:null;message:YesFairPriceChange,SellingBoughtQty,ProfitSell,atBetter
INFO:order:2023-01-17 21:38:16,344;log:post;eid:16715;call:response;type:place;order:sell;asset:Y;price:98;qty:3;orderid:od_1673580913733101;respmessg:null;message:YesFairPriceChange,SellingBoughtQty,ProfitSell,atBetter
INFO:order:2023-01-17 21:42:21,068;log:pre;eid:16721;call:sent;type:place;order:buy;asset:N;price:6;qty:50;orderid:buysend;respmessg:null;message:NoSignalZeroHolding,ScalpingNo,BasicBuy,atbest+1
INFO:order:2023-01-17 21:42:21,928;log:post;eid:16721;call:response;type:place;order:buy;asset:N;price:6;qty:50;orderid:od_1673580913733296;respmessg:null;message:NoSignalZeroHolding,ScalpingNo,BasicBuy,atbest+1
INFO:order:2023-01-17 21:43:05,083;log:pre;eid:16722;call:sent;type:place;order:sell;asset:N;price:94;qty:1;orderid:sellsend;respmessg:null;message:HoldNoQtyChange,SellingNoNewQty,ProfitSell,atBetter
INFO:order:2023-01-17 21:43:06,127;log:post;eid:16722;call:response;type:place;order:sell;asset:N;price:94;qty:1;orderid:od_1673580913733330;respmessg:null;message:HoldNoQtyChange,SellingNoNewQty,ProfitSell,atBetter
INFO:order:2023-01-17 21:43:09,847;log:pre;eid:16722;call:sent;type:cancel;order:buy;asset:N;price:91;qty:null;orderid:od_1673580913733014;respmessg:null;message:YesFairPriceChange,NewBuyParams
INFO:order:2023-01-17 21:43:10,788;log:post;eid:16722;call:response;type:cancel;order:buy;asset:N;price:91;qty:null;orderid:od_1673580913733014;respmessg:null;message:YesFairPriceChange,NewBuyParams
INFO:order:2023-01-17 21:43:11,390;log:pre;eid:16722;call:sent;type:place;order:buy;asset:N;price:91;qty:99;orderid:buysend;respmessg:null;message:YesFairPriceChange,ScalpingNo,BasicBuy,atbest+1
INFO:order:2023-01-17 21:43:12,317;log:post;eid:16722;call:response;type:place;order:buy;asset:N;price:91;qty:99;orderid:od_1673580913733338;respmessg:null;message:YesFairPriceChange,ScalpingNo,BasicBuy,atbest+1
INFO:order:2023-01-17 21:43:13,530;log:pre;eid:16722;call:sent;type:cancel;order:sell;asset:N;price:94;qty:null;orderid:od_1673580913733330;respmessg:null;message:YesFairPriceChange,PausingSell
INFO:order:2023-01-17 21:43:14,548;log:post;eid:16722;call:response;type:cancel;order:sell;asset:N;price:94;qty:null;orderid:od_1673580913733330;respmessg:null;message:YesFairPriceChange,PausingSell
INFO:order:2023-01-17 21:44:48,486;log:pre;eid:16715;call:sent;type:cancel;order:buy;asset:Y;price:67;qty:null;orderid:od_1673580913732748;respmessg:null;message:YesFairPriceChange,PausingBuy
INFO:order:2023-01-17 21:44:49,493;log:post;eid:16715;call:response;type:cancel;order:buy;asset:Y;price:67;qty:null;orderid:od_1673580913732748;respmessg:null;message:YesFairPriceChange,PausingBuy
INFO:order:2023-01-17 21:44:52,448;log:pre;eid:16715;call:sent;type:cancel;order:sell;asset:Y;price:98;qty:null;orderid:od_1673580913733101;respmessg:null;message:YesFairPriceChange,NewSellParams
INFO:order:2023-01-17 21:44:53,409;log:post;eid:16715;call:response;type:cancel;order:sell;asset:Y;price:98;qty:null;orderid:od_1673580913733101;respmessg:null;message:YesFairPriceChange,NewSellParams
INFO:order:2023-01-17 21:44:54,188;log:pre;eid:16715;call:sent;type:place;order:sell;asset:Y;price:98;qty:3;orderid:sellsend;respmessg:null;message:YesFairPriceChange,SellingBoughtQty,ProfitSell,atBetter
INFO:order:2023-01-17 21:44:55,161;log:post;eid:16715;call:response;type:place;order:sell;asset:Y;price:98;qty:3;orderid:od_1673580913733430;respmessg:null;message:YesFairPriceChange,SellingBoughtQty,ProfitSell,atBetter
INFO:order:2023-01-17 21:51:16,312;log:pre;eid:16715;call:sent;type:cancel;order:sell;asset:Y;price:98;qty:null;orderid:od_1673580913733430;respmessg:null;message:YesFairPriceChange,NewSellParams
INFO:order:2023-01-17 21:51:17,165;log:post;eid:16715;call:response;type:cancel;order:sell;asset:Y;price:98;qty:null;orderid:od_1673580913733430;respmessg:null;message:YesFairPriceChange,NewSellParams
INFO:order:2023-01-17 21:51:17,558;log:pre;eid:16715;call:sent;type:place;order:sell;asset:Y;price:98;qty:3;orderid:sellsend;respmessg:null;message:YesFairPriceChange,SellingBoughtQty,ProfitSell,atBetter
INFO:order:2023-01-17 21:51:18,379;log:post;eid:16715;call:response;type:place;order:sell;asset:Y;price:98;qty:3;orderid:od_1673580913733710;respmessg:null;message:YesFairPriceChange,SellingBoughtQty,ProfitSell,atBetter
INFO:order:2023-01-17 21:57:37,549;log:pre;eid:16715;call:sent;type:cancel;order:sell;asset:Y;price:98;qty:null;orderid:od_1673580913733710;respmessg:null;message:YesFairPriceChange,NewSellParams
INFO:order:2023-01-17 21:57:38,471;log:post;eid:16715;call:response;type:cancel;order:sell;asset:Y;price:98;qty:null;orderid:od_1673580913733710;respmessg:null;message:YesFairPriceChange,NewSellParams
INFO:order:2023-01-17 21:57:39,028;log:pre;eid:16715;call:sent;type:place;order:sell;asset:Y;price:98;qty:3;orderid:sellsend;respmessg:null;message:YesFairPriceChange,SellingBoughtQty,ProfitSell,atBetter
INFO:order:2023-01-17 21:57:40,014;log:post;eid:16715;call:response;type:place;order:sell;asset:Y;price:98;qty:3;orderid:od_1673580913734012;respmessg:null;message:YesFairPriceChange,SellingBoughtQty,ProfitSell,atBetter
INFO:order:2023-01-17 22:00:59,312;log:pre;eid:16720;call:sent;type:place;order:buy;asset:N;price:6;qty:50;orderid:buysend;respmessg:null;message:NoSignalZeroHolding,ScalpingNo,BasicBuy,atbest+1
INFO:order:2023-01-17 22:01:00,201;log:post;eid:16720;call:response;type:place;order:buy;asset:N;price:6;qty:50;orderid:od_1673580913734143;respmessg:null;message:NoSignalZeroHolding,ScalpingNo,BasicBuy,atbest+1
INFO:order:2023-01-17 22:04:00,924;log:pre;eid:16715;call:sent;type:place;order:buy;asset:Y;price:19;qty:50;orderid:buysend;respmessg:null;message:YesFairPriceChange,ScalpingYes,BasicBuy,atbest+1
INFO:order:2023-01-17 22:04:01,797;log:post;eid:16715;call:response;type:place;order:buy;asset:Y;price:19;qty:50;orderid:od_1673580913734187;respmessg:null;message:YesFairPriceChange,ScalpingYes,BasicBuy,atbest+1
INFO:order:2023-01-17 22:04:04,331;log:pre;eid:16715;call:sent;type:cancel;order:sell;asset:Y;price:98;qty:null;orderid:od_1673580913734012;respmessg:null;message:YesFairPriceChange,NewSellParams
INFO:order:2023-01-17 22:04:05,232;log:post;eid:16715;call:response;type:cancel;order:sell;asset:Y;price:98;qty:null;orderid:od_1673580913734012;respmessg:null;message:YesFairPriceChange,NewSellParams
INFO:order:2023-01-17 22:04:05,605;log:pre;eid:16715;call:sent;type:place;order:sell;asset:Y;price:98;qty:3;orderid:sellsend;respmessg:null;message:YesFairPriceChange,SellingBoughtQty,ProfitSell,atBetter
INFO:order:2023-01-17 22:04:06,453;log:post;eid:16715;call:response;type:place;order:sell;asset:Y;price:98;qty:3;orderid:od_1673580913734190;respmessg:null;message:YesFairPriceChange,SellingBoughtQty,ProfitSell,atBetter
INFO:order:2023-01-17 22:04:40,197;log:pre;eid:16716;call:sent;type:place;order:buy;asset:Y;price:51;qty:50;orderid:buysend;respmessg:null;message:YesSignalZeroHolding,ScalpingYes,BasicBuy,atbest+1
INFO:order:2023-01-17 22:04:41,092;log:post;eid:16716;call:response;type:place;order:buy;asset:Y;price:51;qty:50;orderid:od_1673580913734206;respmessg:null;message:YesSignalZeroHolding,ScalpingYes,BasicBuy,atbest+1
INFO:order:2023-01-17 22:10:31,787;log:pre;eid:16715;call:sent;type:cancel;order:sell;asset:Y;price:98;qty:null;orderid:od_1673580913734190;respmessg:null;message:HoldYesQtyChange,HoldQtyChange
INFO:order:2023-01-17 22:10:32,683;log:post;eid:16715;call:response;type:cancel;order:sell;asset:Y;price:98;qty:null;orderid:od_1673580913734190;respmessg:null;message:HoldYesQtyChange,HoldQtyChange
INFO:order:2023-01-17 22:10:33,076;log:pre;eid:16715;call:sent;type:place;order:sell;asset:Y;price:98;qty:1;orderid:sellsend;respmessg:null;message:HoldYesQtyChange,SellingYesNewQty,ProfitSell,atBetter
INFO:order:2023-01-17 22:10:34,001;log:post;eid:16715;call:response;type:place;order:sell;asset:Y;price:98;qty:1;orderid:od_1673580913734266;respmessg:null;message:HoldYesQtyChange,SellingYesNewQty,ProfitSell,atBetter
INFO:order:2023-01-17 22:11:12,872;log:pre;eid:16716;call:sent;type:cancel;order:buy;asset:Y;price:51;qty:null;orderid:od_1673580913734206;respmessg:null;message:YesSignalZeroHolding,NewBuyParams
INFO:order:2023-01-17 22:11:13,706;log:post;eid:16716;call:response;type:cancel;order:buy;asset:Y;price:51;qty:null;orderid:od_1673580913734206;respmessg:null;message:YesSignalZeroHolding,NewBuyParams
INFO:order:2023-01-17 22:11:14,050;log:pre;eid:16716;call:sent;type:place;order:buy;asset:Y;price:6;qty:75;orderid:buysend;respmessg:null;message:YesSignalZeroHolding,ScalpingYes,BasicBuy,atbest+1
INFO:order:2023-01-17 22:11:14,898;log:post;eid:16716;call:response;type:place;order:buy;asset:Y;price:6;qty:75;orderid:od_1673580913734273;respmessg:null;message:YesSignalZeroHolding,ScalpingYes,BasicBuy,atbest+1
INFO:order:2023-01-17 22:14:12,276;log:pre;eid:16720;call:sent;type:cancel;order:buy;asset:N;price:6;qty:null;orderid:od_1673580913734143;respmessg:null;message:NoSignalZeroHolding,PausingBuy
INFO:order:2023-01-17 22:14:13,504;log:post;eid:16720;call:response;type:cancel;order:buy;asset:N;price:6;qty:null;orderid:od_1673580913734143;respmessg:null;message:NoSignalZeroHolding,PausingBuy
INFO:order:2023-01-17 22:17:08,659;log:pre;eid:16715;call:sent;type:cancel;order:sell;asset:Y;price:98;qty:null;orderid:od_1673580913734266;respmessg:null;message:NoAvgBuyPriceChange,NewSellParams
INFO:order:2023-01-17 22:17:09,493;log:post;eid:16715;call:response;type:cancel;order:sell;asset:Y;price:98;qty:null;orderid:od_1673580913734266;respmessg:null;message:NoAvgBuyPriceChange,NewSellParams
INFO:order:2023-01-17 22:17:09,860;log:pre;eid:16715;call:sent;type:place;order:sell;asset:Y;price:98;qty:1;orderid:sellsend;respmessg:null;message:NoAvgBuyPriceChange,SellingBoughtQty,ProfitSell,atBetter
INFO:order:2023-01-17 22:17:10,720;log:post;eid:16715;call:response;type:place;order:sell;asset:Y;price:98;qty:1;orderid:od_1673580913734330;respmessg:null;message:NoAvgBuyPriceChange,SellingBoughtQty,ProfitSell,atBetter
INFO:order:2023-01-17 22:22:13,601;log:pre;eid:16722;call:sent;type:place;order:sell;asset:N;price:97;qty:2;orderid:sellsend;respmessg:null;message:HoldNoQtyChange,SellingNoNewQty,ProfitSell,atBetter
INFO:order:2023-01-17 22:22:14,686;log:post;eid:16722;call:response;type:place;order:sell;asset:N;price:97;qty:2;orderid:od_1673580913734412;respmessg:null;message:HoldNoQtyChange,SellingNoNewQty,ProfitSell,atBetter
INFO:order:2023-01-17 22:22:18,611;log:pre;eid:16722;call:sent;type:cancel;order:sell;asset:N;price:97;qty:null;orderid:od_1673580913734412;respmessg:null;message:NoFairPriceChange,PausingSell
INFO:order:2023-01-17 22:22:19,689;log:post;eid:16722;call:response;type:cancel;order:sell;asset:N;price:97;qty:null;orderid:od_1673580913734412;respmessg:null;message:NoFairPriceChange,PausingSell
INFO:order:2023-01-17 22:23:58,816;log:pre;eid:16715;call:sent;type:cancel;order:sell;asset:Y;price:98;qty:null;orderid:od_1673580913734330;respmessg:null;message:NoAvgBuyPriceChange,NewSellParams
INFO:order:2023-01-17 22:23:59,706;log:post;eid:16715;call:response;type:cancel;order:sell;asset:Y;price:98;qty:null;orderid:od_1673580913734330;respmessg:null;message:NoAvgBuyPriceChange,NewSellParams
INFO:order:2023-01-17 22:24:00,253;log:pre;eid:16715;call:sent;type:place;order:sell;asset:Y;price:98;qty:1;orderid:sellsend;respmessg:null;message:NoAvgBuyPriceChange,SellingBoughtQty,ProfitSell,atBetter
INFO:order:2023-01-17 22:24:01,162;log:post;eid:16715;call:response;type:place;order:sell;asset:Y;price:98;qty:1;orderid:od_1673580913734479;respmessg:null;message:NoAvgBuyPriceChange,SellingBoughtQty,ProfitSell,atBetter
INFO:order:2023-01-17 22:30:14,899;log:pre;eid:16715;call:sent;type:cancel;order:buy;asset:Y;price:19;qty:null;orderid:od_1673580913734187;respmessg:null;message:YesFairPriceChange,NewBuyParams
INFO:order:2023-01-17 22:30:15,826;log:post;eid:16715;call:response;type:cancel;order:buy;asset:Y;price:19;qty:null;orderid:od_1673580913734187;respmessg:null;message:YesFairPriceChange,NewBuyParams
INFO:order:2023-01-17 22:30:16,373;log:pre;eid:16715;call:sent;type:place;order:buy;asset:Y;price:51;qty:75;orderid:buysend;respmessg:null;message:YesFairPriceChange,ScalpingYes,BasicBuy,atbest+1
INFO:order:2023-01-17 22:30:17,207;log:post;eid:16715;call:response;type:place;order:buy;asset:Y;price:51;qty:75;orderid:od_1673580913734656;respmessg:null;message:YesFairPriceChange,ScalpingYes,BasicBuy,atbest+1
INFO:order:2023-01-17 22:30:19,850;log:pre;eid:16715;call:sent;type:place;order:sell;asset:Y;price:98;qty:1;orderid:sellsend;respmessg:null;message:YesFairPriceChange,SellingBoughtQty,ProfitSell,atBetter
INFO:order:2023-01-17 22:30:20,722;log:post;eid:16715;call:response;type:place;order:sell;asset:Y;price:98;qty:1;orderid:od_1673580913734660;respmessg:null;message:YesFairPriceChange,SellingBoughtQty,ProfitSell,atBetter
INFO:order:2023-01-17 22:33:44,445;log:pre;eid:16720;call:sent;type:place;order:buy;asset:N;price:6;qty:50;orderid:buysend;respmessg:null;message:NoSignalZeroHolding,ScalpingNo,BasicBuy,atbest+1
INFO:order:2023-01-17 22:33:45,322;log:post;eid:16720;call:response;type:place;order:buy;asset:N;price:6;qty:50;orderid:od_1673580913734791;respmessg:null;message:NoSignalZeroHolding,ScalpingNo,BasicBuy,atbest+1
INFO:order:2023-01-17 22:36:55,494;log:pre;eid:16715;call:sent;type:cancel;order:buy;asset:Y;price:51;qty:null;orderid:od_1673580913734656;respmessg:null;message:YesFairPriceChange,NewBuyParams
INFO:order:2023-01-17 22:36:56,529;log:post;eid:16715;call:response;type:cancel;order:buy;asset:Y;price:51;qty:null;orderid:od_1673580913734656;respmessg:null;message:YesFairPriceChange,NewBuyParams
INFO:order:2023-01-17 22:36:58,161;log:pre;eid:16715;call:sent;type:place;order:buy;asset:Y;price:81;qty:75;orderid:buysend;respmessg:null;message:YesFairPriceChange,ScalpingYes,BasicBuy,atbest+1
INFO:order:2023-01-17 22:36:59,138;log:post;eid:16715;call:response;type:place;order:buy;asset:Y;price:81;qty:75;orderid:od_1673580913734905;respmessg:null;message:YesFairPriceChange,ScalpingYes,BasicBuy,atbest+1
INFO:order:2023-01-17 22:37:02,439;log:pre;eid:16715;call:sent;type:cancel;order:sell;asset:Y;price:98;qty:null;orderid:od_1673580913734660;respmessg:null;message:YesFairPriceChange,NewSellParams
INFO:order:2023-01-17 22:37:03,481;log:post;eid:16715;call:response;type:cancel;order:sell;asset:Y;price:98;qty:null;orderid:od_1673580913734660;respmessg:null;message:YesFairPriceChange,NewSellParams
INFO:order:2023-01-17 22:37:04,469;log:pre;eid:16715;call:sent;type:place;order:sell;asset:Y;price:98;qty:1;orderid:sellsend;respmessg:null;message:YesFairPriceChange,SellingBoughtQty,ProfitSell,atBetter
INFO:order:2023-01-17 22:37:05,687;log:post;eid:16715;call:response;type:place;order:sell;asset:Y;price:98;qty:1;orderid:od_1673580913734911;respmessg:null;message:YesFairPriceChange,SellingBoughtQty,ProfitSell,atBetter
INFO:order:2023-01-17 22:38:44,528;log:pre;eid:16717;call:sent;type:place;order:buy;asset:Y;price:6;qty:50;orderid:buysend;respmessg:null;message:YesSignalZeroHolding,ScalpingYes,BasicBuy,atbest+1
INFO:order:2023-01-17 22:38:45,719;log:post;eid:16717;call:response;type:place;order:buy;asset:Y;price:6;qty:50;orderid:od_1673580913734963;respmessg:null;message:YesSignalZeroHolding,ScalpingYes,BasicBuy,atbest+1
INFO:order:2023-01-17 22:44:22,052;log:pre;eid:16715;call:sent;type:cancel;order:buy;asset:Y;price:81;qty:null;orderid:od_1673580913734905;respmessg:null;message:YesFairPriceChange,NewBuyParams
INFO:order:2023-01-17 22:44:23,033;log:post;eid:16715;call:response;type:cancel;order:buy;asset:Y;price:81;qty:null;orderid:od_1673580913734905;respmessg:null;message:YesFairPriceChange,NewBuyParams
INFO:order:2023-01-17 22:44:23,668;log:pre;eid:16715;call:sent;type:place;order:buy;asset:Y;price:89;qty:99;orderid:buysend;respmessg:null;message:YesFairPriceChange,ScalpingYes,BasicBuy,atbest+1
INFO:order:2023-01-17 22:44:24,727;log:post;eid:16715;call:response;type:place;order:buy;asset:Y;price:89;qty:99;orderid:od_1673580913735155;respmessg:null;message:YesFairPriceChange,ScalpingYes,BasicBuy,atbest+1
INFO:order:2023-01-17 22:44:25,949;log:pre;eid:16715;call:sent;type:cancel;order:sell;asset:Y;price:98;qty:null;orderid:od_1673580913734911;respmessg:null;message:YesFairPriceChange,PausingSell
INFO:order:2023-01-17 22:44:26,980;log:post;eid:16715;call:response;type:cancel;order:sell;asset:Y;price:98;qty:null;orderid:od_1673580913734911;respmessg:null;message:YesFairPriceChange,PausingSell
INFO:order:2023-01-17 22:45:52,262;log:pre;eid:16717;call:sent;type:cancel;order:buy;asset:Y;price:6;qty:null;orderid:od_1673580913734963;respmessg:null;message:YesSignalZeroHolding,PausingBuy
INFO:order:2023-01-17 22:45:53,102;log:post;eid:16717;call:response;type:cancel;order:buy;asset:Y;price:6;qty:null;orderid:od_1673580913734963;respmessg:null;message:YesSignalZeroHolding,PausingBuy
INFO:order:2023-01-17 22:47:23,118;log:pre;eid:16719;call:sent;type:place;order:buy;asset:N;price:6;qty:50;orderid:buysend;respmessg:null;message:NoSignalZeroHolding,ScalpingNo,BasicBuy,atbest+1
INFO:order:2023-01-17 22:47:23,959;log:post;eid:16719;call:response;type:place;order:buy;asset:N;price:6;qty:50;orderid:od_1673580913735250;respmessg:null;message:NoSignalZeroHolding,ScalpingNo,BasicBuy,atbest+1
INFO:order:2023-01-17 22:51:56,774;log:pre;eid:16716;call:sent;type:cancel;order:buy;asset:Y;price:6;qty:null;orderid:od_1673580913734273;respmessg:null;message:YesSignalZeroHolding,NewBuyParams
INFO:order:2023-01-17 22:51:57,976;log:post;eid:16716;call:response;type:cancel;order:buy;asset:Y;price:6;qty:null;orderid:od_1673580913734273;respmessg:null;message:YesSignalZeroHolding,NewBuyParams
INFO:order:2023-01-17 22:51:58,663;log:pre;eid:16716;call:sent;type:place;order:buy;asset:Y;price:2;qty:50;orderid:buysend;respmessg:null;message:YesSignalZeroHolding,ScalpingYes,BasicBuy,atbest+1
INFO:order:2023-01-17 22:51:59,877;log:post;eid:16716;call:response;type:place;order:buy;asset:Y;price:2;qty:50;orderid:od_1673580913735392;respmessg:null;message:YesSignalZeroHolding,ScalpingYes,BasicBuy,atbest+1
INFO:order:2023-01-17 22:55:07,427;log:pre;eid:16720;call:sent;type:place;order:buy;asset:N;price:99;qty:9;orderid:buysend;respmessg:null;message:absorbing orderbook
INFO:order:2023-01-17 22:55:08,245;log:post;eid:16720;call:response;type:place;order:buy;asset:N;price:99;qty:9;orderid:od_1673580913735467;respmessg:null;message:absorbing orderbook
INFO:order:2023-01-17 22:55:56,360;log:pre;eid:16721;call:sent;type:place;order:buy;asset:N;price:98;qty:1;orderid:buysend;respmessg:null;message:absorbing orderbook
INFO:order:2023-01-17 22:55:57,419;log:post;eid:16721;call:response;type:place;order:buy;asset:N;price:98;qty:1;orderid:od_1673580913735491;respmessg:null;message:absorbing orderbook
INFO:order:2023-01-17 22:55:57,425;log:pre;eid:16721;call:sent;type:place;order:buy;asset:N;price:99;qty:5;orderid:buysend;respmessg:null;message:absorbing orderbook
INFO:order:2023-01-17 22:55:58,349;log:post;eid:16721;call:response;type:place;order:buy;asset:N;price:99;qty:5;orderid:od_1673580913735493;respmessg:null;message:absorbing orderbook
INFO:order:2023-01-17 22:56:41,107;log:pre;eid:16722;call:sent;type:place;order:buy;asset:N;price:98;qty:7;orderid:buysend;respmessg:null;message:absorbing orderbook
INFO:order:2023-01-17 22:56:42,148;log:post;eid:16722;call:response;type:place;order:buy;asset:N;price:98;qty:7;orderid:od_1673580913735519;respmessg:null;message:absorbing orderbook
INFO:order:2023-01-17 22:56:42,149;log:pre;eid:16722;call:sent;type:place;order:buy;asset:N;price:99;qty:71;orderid:buysend;respmessg:null;message:absorbing orderbook
INFO:order:2023-01-17 22:56:43,083;log:post;eid:16722;call:response;type:place;order:buy;asset:N;price:99;qty:71;orderid:od_1673580913735522;respmessg:null;message:absorbing orderbook
INFO:order:2023-01-17 22:58:23,997;log:pre;eid:16715;call:sent;type:cancel;order:buy;asset:Y;price:89;qty:null;orderid:od_1673580913735155;respmessg:null;message:YesFairPriceChange,NewBuyParams
INFO:order:2023-01-17 22:58:24,927;log:post;eid:16715;call:response;type:cancel;order:buy;asset:Y;price:89;qty:null;orderid:od_1673580913735155;respmessg:null;message:YesFairPriceChange,NewBuyParams
INFO:order:2023-01-17 22:58:25,495;log:pre;eid:16715;call:sent;type:place;order:buy;asset:Y;price:19;qty:99;orderid:buysend;respmessg:null;message:YesFairPriceChange,ScalpingYes,BasicBuy,atbest+1
INFO:order:2023-01-17 22:58:26,455;log:post;eid:16715;call:response;type:place;order:buy;asset:Y;price:19;qty:99;orderid:od_1673580913735578;respmessg:null;message:YesFairPriceChange,ScalpingYes,BasicBuy,atbest+1
INFO:order:2023-01-17 22:59:14,014;log:pre;eid:16716;call:sent;type:cancel;order:buy;asset:Y;price:2;qty:null;orderid:od_1673580913735392;respmessg:null;message:YesSignalZeroHolding,NewBuyParams
INFO:order:2023-01-17 22:59:15,057;log:post;eid:16716;call:response;type:cancel;order:buy;asset:Y;price:2;qty:null;orderid:od_1673580913735392;respmessg:null;message:YesSignalZeroHolding,NewBuyParams
INFO:order:2023-01-17 22:59:15,925;log:pre;eid:16716;call:sent;type:place;order:buy;asset:Y;price:6;qty:50;orderid:buysend;respmessg:null;message:YesSignalZeroHolding,ScalpingYes,BasicBuy,atbest+1
INFO:order:2023-01-17 22:59:16,910;log:post;eid:16716;call:response;type:place;order:buy;asset:Y;price:6;qty:50;orderid:od_1673580913735615;respmessg:null;message:YesSignalZeroHolding,ScalpingYes,BasicBuy,atbest+1
INFO:order:2023-01-17 22:59:32,489;log:pre;eid:16716;call:sent;type:place;order:buy;asset:Y;price:99;qty:1;orderid:buysend;respmessg:null;message:absorbing orderbook
INFO:order:2023-01-17 22:59:33,473;log:post;eid:16716;call:response;type:place;order:buy;asset:Y;price:99;qty:1;orderid:od_1673580913735628;respmessg:null;message:absorbing orderbook
INFO:order:2023-01-17 23:00:19,496;log:pre;eid:16717;call:sent;type:place;order:buy;asset:Y;price:11;qty:50;orderid:buysend;respmessg:null;message:YesSignalZeroHolding,ScalpingYes,BasicBuy,atbest+1
INFO:order:2023-01-17 23:01:20,937;log:pre;eid:16718;call:sent;type:place;order:buy;asset:N;price:51;qty:50;orderid:buysend;respmessg:null;message:NoSignalZeroHolding,ScalpingNo,BasicBuy,atbest+1
INFO:order:2023-01-17 23:02:22,057;log:pre;eid:16719;call:sent;type:place;order:buy;asset:N;price:99;qty:25;orderid:buysend;respmessg:null;message:absorbing orderbook
INFO:order:2023-01-17 23:03:17,104;log:pre;eid:16720;call:sent;type:cancel;order:buy;asset:N;price:6;qty:null;orderid:od_1673580913734791;respmessg:null;message:YesFairPriceChange,NewBuyParams
INFO:order:2023-01-17 23:04:22,930;log:pre;eid:16721;call:sent;type:cancel;order:buy;asset:N;price:6;qty:null;orderid:od_1673580913733296;respmessg:null;message:YesFairPriceChange,NewBuyParams
