INFO:order:2022-12-22 15:59:43,991;log:pre;eid:14437;call:sent;type:place;order:buy;asset:Y;price:79;qty:5;orderid:buysend;respmessg:null;message:YesSignalZeroHolding,ScalpingYes,BasicBuy,atbest+1
INFO:order:2022-12-22 15:59:45,429;log:post;eid:14437;call:response;type:place;order:buy;asset:Y;price:79;qty:5;orderid:od_1671259060310800;respmessg:null;message:YesSignalZeroHolding,ScalpingYes,BasicBuy,atbest+1
INFO:order:2022-12-22 16:00:18,609;log:pre;eid:14438;call:sent;type:place;order:buy;asset:Y;price:71;qty:5;orderid:buysend;respmessg:null;message:YesSignalZeroHolding,ScalpingYes,BasicBuy,atbest+1
INFO:order:2022-12-22 16:00:20,073;log:post;eid:14438;call:response;type:place;order:buy;asset:Y;price:71;qty:5;orderid:od_1671259060310818;respmessg:null;message:YesSignalZeroHolding,ScalpingYes,BasicBuy,atbest+1
INFO:order:2022-12-22 16:01:17,092;log:pre;eid:14439;call:sent;type:place;order:buy;asset:Y;price:51;qty:5;orderid:buysend;respmessg:null;message:YesSignalZeroHolding,ScalpingYes,BasicBuy,atbest+1
INFO:order:2022-12-22 16:01:18,642;log:post;eid:14439;call:response;type:place;order:buy;asset:Y;price:51;qty:5;orderid:od_1671259060310841;respmessg:null;message:YesSignalZeroHolding,ScalpingYes,BasicBuy,atbest+1
INFO:order:2022-12-22 16:01:53,121;log:pre;eid:14440;call:sent;type:place;order:buy;asset:Y;price:16;qty:5;orderid:buysend;respmessg:null;message:YesSignalZeroHolding,ScalpingYes,BasicBuy,atbest+1
INFO:order:2022-12-22 16:01:54,596;log:post;eid:14440;call:response;type:place;order:buy;asset:Y;price:16;qty:5;orderid:od_1671259060310854;respmessg:null;message:YesSignalZeroHolding,ScalpingYes,BasicBuy,atbest+1
INFO:order:2022-12-22 16:02:32,884;log:pre;eid:14441;call:sent;type:place;order:buy;asset:N;price:16;qty:5;orderid:buysend;respmessg:null;message:NoSignalZeroHolding,ScalpingNo,BasicBuy,atbest+1
INFO:order:2022-12-22 16:02:34,366;log:post;eid:14441;call:response;type:place;order:buy;asset:N;price:16;qty:5;orderid:od_1671259060310870;respmessg:null;message:NoSignalZeroHolding,ScalpingNo,BasicBuy,atbest+1
INFO:order:2022-12-22 16:03:13,775;log:pre;eid:14442;call:sent;type:place;order:buy;asset:N;price:1;qty:5;orderid:buysend;respmessg:null;message:NoSignalZeroHolding,ScalpingNo,BasicBuy,atbest+1
INFO:order:2022-12-22 16:03:15,222;log:post;eid:14442;call:response;type:place;order:buy;asset:N;price:1;qty:5;orderid:od_1671259060310876;respmessg:null;message:NoSignalZeroHolding,ScalpingNo,BasicBuy,atbest+1
INFO:order:2022-12-22 16:04:03,696;log:pre;eid:14443;call:sent;type:place;order:buy;asset:N;price:50;qty:5;orderid:buysend;respmessg:null;message:NoSignalZeroHolding,ScalpingNo,BasicBuy,atbest+1
INFO:order:2022-12-22 16:04:05,147;log:post;eid:14443;call:response;type:place;order:buy;asset:N;price:50;qty:5;orderid:od_1671259060310890;respmessg:null;message:NoSignalZeroHolding,ScalpingNo,BasicBuy,atbest+1
INFO:order:2022-12-22 16:04:35,887;log:pre;eid:14444;call:sent;type:place;order:buy;asset:N;price:51;qty:5;orderid:buysend;respmessg:null;message:NoSignalZeroHolding,ScalpingNo,BasicBuy,atbest+1
INFO:order:2022-12-22 16:04:37,483;log:post;eid:14444;call:response;type:place;order:buy;asset:N;price:51;qty:5;orderid:od_1671259060310908;respmessg:null;message:NoSignalZeroHolding,ScalpingNo,BasicBuy,atbest+1
INFO:order:2022-12-22 16:08:51,745;log:pre;eid:14444;call:sent;type:cancel;order:buy;asset:N;price:51;qty:null;orderid:od_1671259060310908;respmessg:null;message:NoSignalZeroHolding,NewBuyParams
INFO:order:2022-12-22 16:08:53,265;log:post;eid:14444;call:response;type:cancel;order:buy;asset:N;price:51;qty:null;orderid:od_1671259060310908;respmessg:null;message:NoSignalZeroHolding,NewBuyParams
INFO:order:2022-12-22 16:08:53,664;log:pre;eid:14444;call:sent;type:place;order:buy;asset:N;price:91;qty:5;orderid:buysend;respmessg:null;message:NoSignalZeroHolding,ScalpingNo,BasicBuy,atbest+1
INFO:order:2022-12-22 16:08:55,172;log:post;eid:14444;call:response;type:place;order:buy;asset:N;price:91;qty:5;orderid:od_1671259060310996;respmessg:null;message:NoSignalZeroHolding,ScalpingNo,BasicBuy,atbest+1
INFO:order:2022-12-22 16:30:36,014;log:pre;eid:14442;call:sent;type:cancel;order:buy;asset:N;price:1;qty:null;orderid:od_1671259060310876;respmessg:null;message:NoSignalZeroHolding,NewBuyParams
INFO:order:2022-12-22 16:30:37,732;log:post;eid:14442;call:response;type:cancel;order:buy;asset:N;price:1;qty:null;orderid:od_1671259060310876;respmessg:null;message:NoSignalZeroHolding,NewBuyParams
INFO:order:2022-12-22 16:30:38,335;log:pre;eid:14442;call:sent;type:place;order:buy;asset:N;price:2;qty:5;orderid:buysend;respmessg:null;message:NoSignalZeroHolding,ScalpingNo,BasicBuy,atbest+1
INFO:order:2022-12-22 16:30:39,900;log:post;eid:14442;call:response;type:place;order:buy;asset:N;price:2;qty:5;orderid:od_1671259060311419;respmessg:null;message:NoSignalZeroHolding,ScalpingNo,BasicBuy,atbest+1
INFO:order:2022-12-22 16:37:56,358;log:pre;eid:14444;call:sent;type:place;order:sell;asset:N;price:97;qty:1;orderid:sellsend;respmessg:null;message:HoldNoQtyChange,SellingNoNewQty,ProfitSell,atBetter
INFO:order:2022-12-22 16:37:57,948;log:post;eid:14444;call:response;type:place;order:sell;asset:N;price:97;qty:1;orderid:od_1671259060311517;respmessg:null;message:HoldNoQtyChange,SellingNoNewQty,ProfitSell,atBetter
INFO:order:2022-12-22 16:38:00,793;log:pre;eid:14444;call:sent;type:cancel;order:sell;asset:N;price:97;qty:null;orderid:od_1671259060311517;respmessg:null;message:NoFairPriceChange,PausingSell
INFO:order:2022-12-22 16:38:02,308;log:post;eid:14444;call:response;type:cancel;order:sell;asset:N;price:97;qty:null;orderid:od_1671259060311517;respmessg:null;message:NoFairPriceChange,PausingSell
INFO:order:2022-12-22 16:51:26,290;log:pre;eid:14437;call:sent;type:cancel;order:buy;asset:Y;price:79;qty:null;orderid:od_1671259060310800;respmessg:null;message:YesSignalZeroHolding,NewBuyParams
INFO:order:2022-12-22 16:51:27,823;log:post;eid:14437;call:response;type:cancel;order:buy;asset:Y;price:79;qty:null;orderid:od_1671259060310800;respmessg:null;message:YesSignalZeroHolding,NewBuyParams
INFO:order:2022-12-22 16:51:28,465;log:pre;eid:14437;call:sent;type:place;order:buy;asset:Y;price:90;qty:5;orderid:buysend;respmessg:null;message:YesSignalZeroHolding,ScalpingYes,BasicBuy,atbest+1
INFO:order:2022-12-22 16:51:30,022;log:post;eid:14437;call:response;type:place;order:buy;asset:Y;price:90;qty:5;orderid:od_1671259060311668;respmessg:null;message:YesSignalZeroHolding,ScalpingYes,BasicBuy,atbest+1
INFO:order:2022-12-22 16:55:55,028;log:pre;eid:14444;call:sent;type:place;order:sell;asset:N;price:97;qty:2;orderid:sellsend;respmessg:null;message:HoldNoQtyChange,SellingNoNewQty,ProfitSell,atBetter
INFO:order:2022-12-22 16:55:56,551;log:post;eid:14444;call:response;type:place;order:sell;asset:N;price:97;qty:2;orderid:od_1671259060311742;respmessg:null;message:HoldNoQtyChange,SellingNoNewQty,ProfitSell,atBetter
INFO:order:2022-12-22 16:55:59,402;log:pre;eid:14444;call:sent;type:cancel;order:sell;asset:N;price:97;qty:null;orderid:od_1671259060311742;respmessg:null;message:NoFairPriceChange,PausingSell
INFO:order:2022-12-22 16:56:00,952;log:post;eid:14444;call:response;type:cancel;order:sell;asset:N;price:97;qty:null;orderid:od_1671259060311742;respmessg:null;message:NoFairPriceChange,PausingSell
INFO:order:2022-12-22 17:18:57,938;log:pre;eid:14444;call:sent;type:place;order:sell;asset:N;price:97;qty:5;orderid:sellsend;respmessg:null;message:HoldNoQtyChange,SellingNoNewQty,ProfitSell,atBetter
INFO:order:2022-12-22 17:18:59,424;log:post;eid:14444;call:response;type:place;order:sell;asset:N;price:97;qty:5;orderid:od_1671259060312143;respmessg:null;message:HoldNoQtyChange,SellingNoNewQty,ProfitSell,atBetter
INFO:order:2022-12-22 17:19:00,276;log:pre;eid:14444;call:sent;type:cancel;order:sell;asset:N;price:97;qty:null;orderid:od_1671259060312143;respmessg:null;message:NoFairPriceChange,PausingSell
INFO:order:2022-12-22 17:19:01,760;log:post;eid:14444;call:response;type:cancel;order:sell;asset:N;price:97;qty:null;orderid:od_1671259060312143;respmessg:null;message:NoFairPriceChange,PausingSell
INFO:order:2022-12-22 17:52:49,425;log:pre;eid:14437;call:sent;type:cancel;order:buy;asset:Y;price:90;qty:null;orderid:od_1671259060311668;respmessg:null;message:YesSignalZeroHolding,NewBuyParams
INFO:order:2022-12-22 17:52:50,953;log:post;eid:14437;call:response;type:cancel;order:buy;asset:Y;price:90;qty:null;orderid:od_1671259060311668;respmessg:null;message:YesSignalZeroHolding,NewBuyParams
INFO:order:2022-12-22 17:52:51,357;log:pre;eid:14437;call:sent;type:place;order:buy;asset:Y;price:95;qty:5;orderid:buysend;respmessg:null;message:YesSignalZeroHolding,ScalpingYes,BasicBuy,atbest+1
INFO:order:2022-12-22 17:52:52,851;log:post;eid:14437;call:response;type:place;order:buy;asset:Y;price:95;qty:5;orderid:od_1671259060312758;respmessg:null;message:YesSignalZeroHolding,ScalpingYes,BasicBuy,atbest+1
INFO:order:2022-12-22 17:55:05,676;log:pre;eid:14441;call:sent;type:cancel;order:buy;asset:N;price:16;qty:null;orderid:od_1671259060310870;respmessg:null;message:NoSignalZeroHolding,NewBuyParams
INFO:order:2022-12-22 17:55:07,195;log:post;eid:14441;call:response;type:cancel;order:buy;asset:N;price:16;qty:null;orderid:od_1671259060310870;respmessg:null;message:NoSignalZeroHolding,NewBuyParams
INFO:order:2022-12-22 17:55:07,606;log:pre;eid:14441;call:sent;type:place;order:buy;asset:N;price:51;qty:5;orderid:buysend;respmessg:null;message:NoSignalZeroHolding,ScalpingNo,BasicBuy,atbest+1
INFO:order:2022-12-22 17:55:09,093;log:post;eid:14441;call:response;type:place;order:buy;asset:N;price:51;qty:5;orderid:od_1671259060312808;respmessg:null;message:NoSignalZeroHolding,ScalpingNo,BasicBuy,atbest+1
INFO:order:2022-12-22 18:01:47,751;log:pre;eid:14443;call:sent;type:cancel;order:buy;asset:N;price:50;qty:null;orderid:od_1671259060310890;respmessg:null;message:NoSignalZeroHolding,NewBuyParams
INFO:order:2022-12-22 18:01:49,250;log:post;eid:14443;call:response;type:cancel;order:buy;asset:N;price:50;qty:null;orderid:od_1671259060310890;respmessg:null;message:NoSignalZeroHolding,NewBuyParams
INFO:order:2022-12-22 18:01:49,647;log:pre;eid:14443;call:sent;type:place;order:buy;asset:N;price:6;qty:5;orderid:buysend;respmessg:null;message:NoSignalZeroHolding,ScalpingNo,BasicBuy,atbest+1
INFO:order:2022-12-22 18:01:51,140;log:post;eid:14443;call:response;type:place;order:buy;asset:N;price:6;qty:5;orderid:od_1671259060312993;respmessg:null;message:NoSignalZeroHolding,ScalpingNo,BasicBuy,atbest+1
INFO:order:2022-12-22 18:03:53,132;log:pre;eid:14437;call:sent;type:place;order:sell;asset:Y;price:98;qty:1;orderid:sellsend;respmessg:null;message:HoldYesQtyChange,SellingYesNewQty,ProfitSell,atBetter
INFO:order:2022-12-22 18:03:54,650;log:post;eid:14437;call:response;type:place;order:sell;asset:Y;price:98;qty:1;orderid:od_1671259060313059;respmessg:null;message:HoldYesQtyChange,SellingYesNewQty,ProfitSell,atBetter
INFO:order:2022-12-22 18:03:57,257;log:pre;eid:14437;call:sent;type:cancel;order:sell;asset:Y;price:98;qty:null;orderid:od_1671259060313059;respmessg:null;message:YesFairPriceChange,PausingSell
INFO:order:2022-12-22 18:03:58,751;log:post;eid:14437;call:response;type:cancel;order:sell;asset:Y;price:98;qty:null;orderid:od_1671259060313059;respmessg:null;message:YesFairPriceChange,PausingSell
INFO:order:2022-12-22 18:06:14,550;log:pre;eid:14441;call:sent;type:place;order:sell;asset:N;price:84;qty:2;orderid:sellsend;respmessg:null;message:HoldNoQtyChange,SellingNoNewQty,ProfitSell,atBetter
INFO:order:2022-12-22 18:06:16,063;log:post;eid:14441;call:response;type:place;order:sell;asset:N;price:84;qty:2;orderid:od_1671259060313119;respmessg:null;message:HoldNoQtyChange,SellingNoNewQty,ProfitSell,atBetter
INFO:order:2022-12-22 18:06:18,974;log:pre;eid:14441;call:sent;type:cancel;order:buy;asset:N;price:51;qty:null;orderid:od_1671259060312808;respmessg:null;message:YesFairPriceChange,NewBuyParams
INFO:order:2022-12-22 18:06:20,553;log:post;eid:14441;call:response;type:cancel;order:buy;asset:N;price:51;qty:null;orderid:od_1671259060312808;respmessg:null;message:YesFairPriceChange,NewBuyParams
INFO:order:2022-12-22 18:06:20,941;log:pre;eid:14441;call:sent;type:place;order:buy;asset:N;price:16;qty:4;orderid:buysend;respmessg:null;message:YesFairPriceChange,ScalpingNo,BasicBuy,atbest+1
INFO:order:2022-12-22 18:06:22,447;log:post;eid:14441;call:response;type:place;order:buy;asset:N;price:16;qty:4;orderid:od_1671259060313122;respmessg:null;message:YesFairPriceChange,ScalpingNo,BasicBuy,atbest+1
INFO:order:2022-12-22 18:06:24,192;log:pre;eid:14441;call:sent;type:cancel;order:sell;asset:N;price:84;qty:null;orderid:od_1671259060313119;respmessg:null;message:YesFairPriceChange,NewSellParams
INFO:order:2022-12-22 18:06:25,741;log:post;eid:14441;call:response;type:cancel;order:sell;asset:N;price:84;qty:null;orderid:od_1671259060313119;respmessg:null;message:YesFairPriceChange,NewSellParams
INFO:order:2022-12-22 18:06:26,235;log:pre;eid:14441;call:sent;type:place;order:sell;asset:N;price:17;qty:2;orderid:sellsend;respmessg:null;message:YesFairPriceChange,SellingBoughtQty,getOutSell,atNoBest+1
INFO:order:2022-12-22 18:06:27,787;log:post;eid:14441;call:response;type:place;order:sell;asset:N;price:17;qty:2;orderid:od_1671259060313126;respmessg:null;message:YesFairPriceChange,SellingBoughtQty,getOutSell,atNoBest+1
INFO:order:2022-12-22 18:06:56,977;log:pre;eid:14442;call:sent;type:cancel;order:buy;asset:N;price:2;qty:null;orderid:od_1671259060311419;respmessg:null;message:NoSignalZeroHolding,NewBuyParams
INFO:order:2022-12-22 18:06:58,594;log:post;eid:14442;call:response;type:cancel;order:buy;asset:N;price:2;qty:null;orderid:od_1671259060311419;respmessg:null;message:NoSignalZeroHolding,NewBuyParams
INFO:order:2022-12-22 18:06:59,028;log:pre;eid:14442;call:sent;type:place;order:buy;asset:N;price:51;qty:5;orderid:buysend;respmessg:null;message:NoSignalZeroHolding,ScalpingNo,BasicBuy,atbest+1
INFO:order:2022-12-22 18:07:00,573;log:post;eid:14442;call:response;type:place;order:buy;asset:N;price:51;qty:5;orderid:od_1671259060313133;respmessg:null;message:NoSignalZeroHolding,ScalpingNo,BasicBuy,atbest+1
INFO:order:2022-12-22 18:12:36,477;log:pre;eid:14442;call:sent;type:place;order:sell;asset:N;price:99;qty:1;orderid:sellsend;respmessg:null;message:HoldNoQtyChange,SellingNoNewQty,ProfitSell,atBetter
INFO:order:2022-12-22 18:12:37,970;log:post;eid:14442;call:response;type:place;order:sell;asset:N;price:99;qty:1;orderid:od_1671259060313343;respmessg:null;message:HoldNoQtyChange,SellingNoNewQty,ProfitSell,atBetter
INFO:order:2022-12-22 18:15:11,153;log:pre;eid:14437;call:sent;type:cancel;order:buy;asset:Y;price:95;qty:null;orderid:od_1671259060312758;respmessg:null;message:YesFairPriceChange,NewBuyParams
INFO:order:2022-12-22 18:15:12,769;log:post;eid:14437;call:response;type:cancel;order:buy;asset:Y;price:95;qty:null;orderid:od_1671259060312758;respmessg:null;message:YesFairPriceChange,NewBuyParams
INFO:order:2022-12-22 18:15:13,327;log:pre;eid:14437;call:sent;type:place;order:buy;asset:Y;price:96;qty:4;orderid:buysend;respmessg:null;message:YesFairPriceChange,ScalpingYes,BasicBuy,atbest+1
INFO:order:2022-12-22 18:15:14,867;log:post;eid:14437;call:response;type:place;order:buy;asset:Y;price:96;qty:4;orderid:od_1671259060313410;respmessg:null;message:YesFairPriceChange,ScalpingYes,BasicBuy,atbest+1
INFO:order:2022-12-22 18:18:08,874;log:pre;eid:14442;call:sent;type:cancel;order:buy;asset:N;price:51;qty:null;orderid:od_1671259060313133;respmessg:null;message:YesFairPriceChange,NewBuyParams
INFO:order:2022-12-22 18:18:10,384;log:post;eid:14442;call:response;type:cancel;order:buy;asset:N;price:51;qty:null;orderid:od_1671259060313133;respmessg:null;message:YesFairPriceChange,NewBuyParams
INFO:order:2022-12-22 18:18:10,797;log:pre;eid:14442;call:sent;type:place;order:buy;asset:N;price:2;qty:4;orderid:buysend;respmessg:null;message:YesFairPriceChange,ScalpingNo,BasicBuy,atbest+1
INFO:order:2022-12-22 18:18:12,316;log:post;eid:14442;call:response;type:place;order:buy;asset:N;price:2;qty:4;orderid:od_1671259060313517;respmessg:null;message:YesFairPriceChange,ScalpingNo,BasicBuy,atbest+1
INFO:order:2022-12-22 18:18:14,121;log:pre;eid:14442;call:sent;type:cancel;order:sell;asset:N;price:99;qty:null;orderid:od_1671259060313343;respmessg:null;message:YesFairPriceChange,NewSellParams
INFO:order:2022-12-22 18:18:15,685;log:post;eid:14442;call:response;type:cancel;order:sell;asset:N;price:99;qty:null;orderid:od_1671259060313343;respmessg:null;message:YesFairPriceChange,NewSellParams
INFO:order:2022-12-22 18:18:16,148;log:pre;eid:14442;call:sent;type:place;order:sell;asset:N;price:3;qty:1;orderid:sellsend;respmessg:null;message:YesFairPriceChange,SellingBoughtQty,getOutSell,atNoBest+1
INFO:order:2022-12-22 18:18:17,676;log:post;eid:14442;call:response;type:place;order:sell;asset:N;price:3;qty:1;orderid:od_1671259060313521;respmessg:null;message:YesFairPriceChange,SellingBoughtQty,getOutSell,atNoBest+1
INFO:order:2022-12-22 18:31:27,346;log:pre;eid:14437;call:sent;type:place;order:sell;asset:Y;price:98;qty:3;orderid:sellsend;respmessg:null;message:HoldYesQtyChange,SellingYesNewQty,ProfitSell,atBetter
INFO:order:2022-12-22 18:31:28,870;log:post;eid:14437;call:response;type:place;order:sell;asset:Y;price:98;qty:3;orderid:od_1671259060313827;respmessg:null;message:HoldYesQtyChange,SellingYesNewQty,ProfitSell,atBetter
INFO:order:2022-12-22 18:31:31,604;log:pre;eid:14437;call:sent;type:cancel;order:buy;asset:Y;price:96;qty:null;orderid:od_1671259060313410;respmessg:null;message:YesFairPriceChange,NewBuyParams
INFO:order:2022-12-22 18:31:33,139;log:post;eid:14437;call:response;type:cancel;order:buy;asset:Y;price:96;qty:null;orderid:od_1671259060313410;respmessg:null;message:YesFairPriceChange,NewBuyParams
INFO:order:2022-12-22 18:31:33,579;log:pre;eid:14437;call:sent;type:place;order:buy;asset:Y;price:97;qty:2;orderid:buysend;respmessg:null;message:YesFairPriceChange,ScalpingYes,BasicBuy,atbest
INFO:order:2022-12-22 18:31:35,115;log:post;eid:14437;call:response;type:place;order:buy;asset:Y;price:97;qty:2;orderid:od_1671259060313833;respmessg:null;message:YesFairPriceChange,ScalpingYes,BasicBuy,atbest
INFO:order:2022-12-22 18:31:36,024;log:pre;eid:14437;call:sent;type:cancel;order:sell;asset:Y;price:98;qty:null;orderid:od_1671259060313827;respmessg:null;message:YesFairPriceChange,PausingSell
INFO:order:2022-12-22 18:31:37,555;log:post;eid:14437;call:response;type:cancel;order:sell;asset:Y;price:98;qty:null;orderid:od_1671259060313827;respmessg:null;message:YesFairPriceChange,PausingSell
INFO:order:2022-12-22 18:34:25,818;log:pre;eid:14442;call:sent;type:cancel;order:buy;asset:N;price:2;qty:null;orderid:od_1671259060313517;respmessg:null;message:NoSignalZeroHolding,NewBuyParams
INFO:order:2022-12-22 18:34:27,334;log:post;eid:14442;call:response;type:cancel;order:buy;asset:N;price:2;qty:null;orderid:od_1671259060313517;respmessg:null;message:NoSignalZeroHolding,NewBuyParams
INFO:order:2022-12-22 18:34:27,749;log:pre;eid:14442;call:sent;type:place;order:buy;asset:N;price:4;qty:5;orderid:buysend;respmessg:null;message:NoSignalZeroHolding,ScalpingNo,BasicBuy,atbest+1
INFO:order:2022-12-22 18:34:29,242;log:post;eid:14442;call:response;type:place;order:buy;asset:N;price:4;qty:5;orderid:od_1671259060313917;respmessg:null;message:NoSignalZeroHolding,ScalpingNo,BasicBuy,atbest+1
INFO:order:2022-12-22 18:34:35,250;log:pre;eid:14442;call:sent;type:cancel;order:buy;asset:N;price:4;qty:null;orderid:od_1671259060313917;respmessg:null;message:NoFairPriceChange,NewBuyParams
INFO:order:2022-12-22 18:34:36,842;log:post;eid:14442;call:response;type:cancel;order:buy;asset:N;price:4;qty:null;orderid:od_1671259060313917;respmessg:null;message:NoFairPriceChange,NewBuyParams
INFO:order:2022-12-22 18:34:37,319;log:pre;eid:14442;call:sent;type:place;order:buy;asset:N;price:5;qty:5;orderid:buysend;respmessg:null;message:NoFairPriceChange,ScalpingNo,BasicBuy,atbest+1
INFO:order:2022-12-22 18:34:38,801;log:post;eid:14442;call:response;type:place;order:buy;asset:N;price:5;qty:5;orderid:od_1671259060313929;respmessg:null;message:NoFairPriceChange,ScalpingNo,BasicBuy,atbest+1
INFO:order:2022-12-22 18:37:08,545;log:pre;eid:14437;call:sent;type:place;order:sell;asset:Y;price:98;qty:2;orderid:sellsend;respmessg:null;message:HoldYesQtyChange,SellingYesNewQty,ProfitSell,atBetter
INFO:order:2022-12-22 18:37:10,035;log:post;eid:14437;call:response;type:place;order:sell;asset:Y;price:98;qty:2;orderid:od_1671259060314026;respmessg:null;message:HoldYesQtyChange,SellingYesNewQty,ProfitSell,atBetter
INFO:order:2022-12-22 18:37:12,739;log:pre;eid:14437;call:sent;type:cancel;order:buy;asset:Y;price:97;qty:null;orderid:od_1671259060313833;respmessg:null;message:YesFairPriceChange,NewBuyParams
INFO:order:2022-12-22 18:37:14,248;log:post;eid:14437;call:response;type:cancel;order:buy;asset:Y;price:97;qty:null;orderid:od_1671259060313833;respmessg:null;message:YesFairPriceChange,NewBuyParams
INFO:order:2022-12-22 18:37:14,641;log:pre;eid:14437;call:sent;type:place;order:buy;asset:Y;price:97;qty:3;orderid:buysend;respmessg:null;message:YesFairPriceChange,ScalpingYes,BasicBuy,atbest
INFO:order:2022-12-22 18:37:16,149;log:post;eid:14437;call:response;type:place;order:buy;asset:Y;price:97;qty:3;orderid:od_1671259060314029;respmessg:null;message:YesFairPriceChange,ScalpingYes,BasicBuy,atbest
INFO:order:2022-12-22 18:37:17,056;log:pre;eid:14437;call:sent;type:cancel;order:sell;asset:Y;price:98;qty:null;orderid:od_1671259060314026;respmessg:null;message:YesFairPriceChange,PausingSell
INFO:order:2022-12-22 18:37:18,595;log:post;eid:14437;call:response;type:cancel;order:sell;asset:Y;price:98;qty:null;orderid:od_1671259060314026;respmessg:null;message:YesFairPriceChange,PausingSell
INFO:order:2022-12-22 18:42:58,022;log:pre;eid:14437;call:sent;type:cancel;order:buy;asset:Y;price:97.0;qty:null;orderid:od_1671259060314029;respmessg:null;message:YesFairPriceChange,NewBuyParams
INFO:order:2022-12-22 18:42:58,503;log:post;eid:14437;call:response;type:cancel;order:buy;asset:Y;price:97.0;qty:null;orderid:od_1671259060314029;respmessg:notsuccess;message:YesFairPriceChange,NewBuyParams
INFO:order:2022-12-22 18:42:58,878;log:pre;eid:14437;call:sent;type:place;order:buy;asset:Y;price:98;qty:3;orderid:buysend;respmessg:null;message:YesFairPriceChange,ScalpingYes,BasicBuy,atbest+1
INFO:order:2022-12-22 18:43:00,375;log:post;eid:14437;call:response;type:place;order:buy;asset:Y;price:98;qty:3;orderid:od_1671259060314253;respmessg:null;message:YesFairPriceChange,ScalpingYes,BasicBuy,atbest+1
INFO:order:2022-12-22 19:00:58,873;log:pre;eid:14440;call:sent;type:place;order:buy;asset:N;price:16;qty:5;orderid:buysend;respmessg:null;message:NoSignalZeroHolding,ScalpingNo,BasicBuy,atbest+1
INFO:order:2022-12-22 19:01:00,393;log:post;eid:14440;call:response;type:place;order:buy;asset:N;price:16;qty:5;orderid:od_1671259060315290;respmessg:null;message:NoSignalZeroHolding,ScalpingNo,BasicBuy,atbest+1
INFO:order:2022-12-22 19:01:03,692;log:pre;eid:14440;call:sent;type:cancel;order:buy;asset:Y;price:16;qty:null;orderid:od_1671259060310854;respmessg:null;message:NoSignalZeroHolding,CancelOppSideOrders
INFO:order:2022-12-22 19:01:05,217;log:post;eid:14440;call:response;type:cancel;order:buy;asset:Y;price:16;qty:null;orderid:od_1671259060310854;respmessg:null;message:NoSignalZeroHolding,CancelOppSideOrders
INFO:order:2022-12-22 19:04:50,560;log:pre;eid:14437;call:sent;type:place;order:sell;asset:Y;price:98;qty:5;orderid:sellsend;respmessg:null;message:HoldYesQtyChange,SellingYesNewQty,ProfitSell,atAvgBuy+1
INFO:order:2022-12-22 19:04:52,106;log:post;eid:14437;call:response;type:place;order:sell;asset:Y;price:98;qty:5;orderid:od_1671259060315697;respmessg:null;message:HoldYesQtyChange,SellingYesNewQty,ProfitSell,atAvgBuy+1
INFO:order:2022-12-22 19:04:53,009;log:pre;eid:14437;call:sent;type:cancel;order:sell;asset:Y;price:98;qty:null;orderid:od_1671259060315697;respmessg:null;message:YesFairPriceChange,PausingSell
INFO:order:2022-12-22 19:04:54,499;log:post;eid:14437;call:response;type:cancel;order:sell;asset:Y;price:98;qty:null;orderid:od_1671259060315697;respmessg:null;message:YesFairPriceChange,PausingSell
INFO:order:2022-12-22 19:18:19,678;log:pre;eid:14442;call:sent;type:cancel;order:buy;asset:N;price:5;qty:null;orderid:od_1671259060313929;respmessg:null;message:NoSignalZeroHolding,NewBuyParams
INFO:order:2022-12-22 19:18:21,220;log:post;eid:14442;call:response;type:cancel;order:buy;asset:N;price:5;qty:null;orderid:od_1671259060313929;respmessg:null;message:NoSignalZeroHolding,NewBuyParams
INFO:order:2022-12-22 19:18:21,638;log:pre;eid:14442;call:sent;type:place;order:buy;asset:N;price:53;qty:5;orderid:buysend;respmessg:null;message:NoSignalZeroHolding,ScalpingNo,BasicBuy,atbest+1
INFO:order:2022-12-22 19:18:23,187;log:post;eid:14442;call:response;type:place;order:buy;asset:N;price:53;qty:5;orderid:od_1671259060316555;respmessg:null;message:NoSignalZeroHolding,ScalpingNo,BasicBuy,atbest+1
INFO:order:2022-12-22 19:31:43,046;log:pre;eid:14437;call:sent;type:place;order:sell;asset:Y;price:90;qty:8;orderid:sellsend;respmessg:null;message:HoldYesQtyChange,SellingYesNewQty,getOutSell,atYesBest+1
INFO:order:2022-12-22 19:31:44,589;log:post;eid:14437;call:response;type:place;order:sell;asset:Y;price:90;qty:8;orderid:od_1671259060316912;respmessg:null;message:HoldYesQtyChange,SellingYesNewQty,getOutSell,atYesBest+1
INFO:order:2022-12-22 19:31:45,637;log:pre;eid:14437;call:sent;type:cancel;order:sell;asset:Y;price:90;qty:null;orderid:od_1671259060316912;respmessg:null;message:YesFairPriceChange,PausingSell
INFO:order:2022-12-22 19:31:47,226;log:post;eid:14437;call:response;type:cancel;order:sell;asset:Y;price:90;qty:null;orderid:od_1671259060316912;respmessg:null;message:YesFairPriceChange,PausingSell
INFO:order:2022-12-22 20:03:35,662;log:pre;eid:14439;call:sent;type:place;order:buy;asset:Y;price:51;qty:5;orderid:buysend;respmessg:null;message:YesSignalZeroHolding,ScalpingYes,BasicBuy,atbest+1
INFO:order:2022-12-22 20:03:37,168;log:post;eid:14439;call:response;type:place;order:buy;asset:Y;price:51;qty:5;orderid:od_1671259060318091;respmessg:null;message:YesSignalZeroHolding,ScalpingYes,BasicBuy,atbest+1
INFO:order:2022-12-22 20:05:15,948;log:pre;eid:14442;call:sent;type:cancel;order:buy;asset:N;price:53;qty:null;orderid:od_1671259060316555;respmessg:null;message:NoSignalZeroHolding,NewBuyParams
INFO:order:2022-12-22 20:05:17,444;log:post;eid:14442;call:response;type:cancel;order:buy;asset:N;price:53;qty:null;orderid:od_1671259060316555;respmessg:null;message:NoSignalZeroHolding,NewBuyParams
INFO:order:2022-12-22 20:05:17,854;log:pre;eid:14442;call:sent;type:place;order:buy;asset:N;price:5;qty:5;orderid:buysend;respmessg:null;message:NoSignalZeroHolding,ScalpingNo,BasicBuy,atbest+1
INFO:order:2022-12-22 20:05:19,330;log:post;eid:14442;call:response;type:place;order:buy;asset:N;price:5;qty:5;orderid:od_1671259060318143;respmessg:null;message:NoSignalZeroHolding,ScalpingNo,BasicBuy,atbest+1
INFO:order:2022-12-22 20:06:25,457;log:pre;eid:14444;call:sent;type:place;order:buy;asset:N;price:93;qty:3;orderid:buysend;respmessg:null;message:YesFairPriceChange,ScalpingNo,BasicBuy,atbest+1
INFO:order:2022-12-22 20:06:26,940;log:post;eid:14444;call:response;type:place;order:buy;asset:N;price:93;qty:3;orderid:od_1671259060318197;respmessg:null;message:YesFairPriceChange,ScalpingNo,BasicBuy,atbest+1
INFO:order:2022-12-22 20:08:20,675;log:pre;eid:14438;call:sent;type:place;order:sell;asset:Y;price:97;qty:1;orderid:sellsend;respmessg:null;message:HoldYesQtyChange,SellingYesNewQty,ProfitSell,atBetter
INFO:order:2022-12-22 20:08:22,159;log:post;eid:14438;call:response;type:place;order:sell;asset:Y;price:97;qty:1;orderid:od_1671259060318274;respmessg:null;message:HoldYesQtyChange,SellingYesNewQty,ProfitSell,atBetter
INFO:order:2022-12-22 20:08:51,689;log:pre;eid:14439;call:sent;type:place;order:buy;asset:N;price:21;qty:10;orderid:buysend;respmessg:null;message:NoSignalZeroHolding,ScalpingNo,BasicBuy,atbest+1
INFO:order:2022-12-22 20:08:53,200;log:post;eid:14439;call:response;type:place;order:buy;asset:N;price:21;qty:10;orderid:od_1671259060318295;respmessg:null;message:NoSignalZeroHolding,ScalpingNo,BasicBuy,atbest+1
INFO:order:2022-12-22 20:08:58,502;log:pre;eid:14439;call:sent;type:place;order:sell;asset:Y;price:36;qty:10;orderid:sellsend;respmessg:null;message:NoSignalZeroHolding,SellingOppSideBoughtQty,getOutSell,atYesBest+1
INFO:order:2022-12-22 20:08:59,973;log:post;eid:14439;call:response;type:place;order:sell;asset:Y;price:36;qty:10;orderid:od_1671259060318303;respmessg:null;message:NoSignalZeroHolding,SellingOppSideBoughtQty,getOutSell,atYesBest+1
INFO:order:2022-12-22 20:10:38,289;log:pre;eid:14442;call:sent;type:cancel;order:buy;asset:N;price:5;qty:null;orderid:od_1671259060318143;respmessg:null;message:NoSignalZeroHolding,NewBuyParams
INFO:order:2022-12-22 20:10:39,784;log:post;eid:14442;call:response;type:cancel;order:buy;asset:N;price:5;qty:null;orderid:od_1671259060318143;respmessg:null;message:NoSignalZeroHolding,NewBuyParams
INFO:order:2022-12-22 20:10:40,148;log:pre;eid:14442;call:sent;type:place;order:buy;asset:N;price:76;qty:5;orderid:buysend;respmessg:null;message:NoSignalZeroHolding,ScalpingNo,BasicBuy,atbest+1
INFO:order:2022-12-22 20:10:41,635;log:post;eid:14442;call:response;type:place;order:buy;asset:N;price:76;qty:5;orderid:od_1671259060318367;respmessg:null;message:NoSignalZeroHolding,ScalpingNo,BasicBuy,atbest+1
INFO:order:2022-12-22 20:11:16,089;log:pre;eid:14443;call:sent;type:cancel;order:buy;asset:N;price:6;qty:null;orderid:od_1671259060312993;respmessg:null;message:NoSignalZeroHolding,NewBuyParams
INFO:order:2022-12-22 20:11:17,604;log:post;eid:14443;call:response;type:cancel;order:buy;asset:N;price:6;qty:null;orderid:od_1671259060312993;respmessg:null;message:NoSignalZeroHolding,NewBuyParams
INFO:order:2022-12-22 20:11:18,007;log:pre;eid:14443;call:sent;type:place;order:buy;asset:N;price:8;qty:5;orderid:buysend;respmessg:null;message:NoSignalZeroHolding,ScalpingNo,BasicBuy,atbest+1
INFO:order:2022-12-22 20:11:19,524;log:post;eid:14443;call:response;type:place;order:buy;asset:N;price:8;qty:5;orderid:od_1671259060318387;respmessg:null;message:NoSignalZeroHolding,ScalpingNo,BasicBuy,atbest+1
INFO:order:2022-12-22 20:11:53,534;log:pre;eid:14444;call:sent;type:cancel;order:buy;asset:N;price:93;qty:null;orderid:od_1671259060318197;respmessg:null;message:YesFairPriceChange,NewBuyParams
INFO:order:2022-12-22 20:11:55,021;log:post;eid:14444;call:response;type:cancel;order:buy;asset:N;price:93;qty:null;orderid:od_1671259060318197;respmessg:null;message:YesFairPriceChange,NewBuyParams
INFO:order:2022-12-22 20:11:55,410;log:pre;eid:14444;call:sent;type:place;order:buy;asset:N;price:91;qty:3;orderid:buysend;respmessg:null;message:YesFairPriceChange,ScalpingNo,BasicBuy,atbest+1
INFO:order:2022-12-22 20:11:56,894;log:post;eid:14444;call:response;type:place;order:buy;asset:N;price:91;qty:3;orderid:od_1671259060318421;respmessg:null;message:YesFairPriceChange,ScalpingNo,BasicBuy,atbest+1
INFO:order:2022-12-22 20:13:51,327;log:pre;eid:14438;call:sent;type:cancel;order:sell;asset:Y;price:97;qty:null;orderid:od_1671259060318274;respmessg:null;message:YesFairPriceChange,NewSellParams
INFO:order:2022-12-22 20:13:52,838;log:post;eid:14438;call:response;type:cancel;order:sell;asset:Y;price:97;qty:null;orderid:od_1671259060318274;respmessg:null;message:YesFairPriceChange,NewSellParams
INFO:order:2022-12-22 20:13:53,232;log:pre;eid:14438;call:sent;type:place;order:sell;asset:Y;price:97;qty:1;orderid:sellsend;respmessg:null;message:YesFairPriceChange,SellingBoughtQty,ProfitSell,atBetter
INFO:order:2022-12-22 20:13:54,712;log:post;eid:14438;call:response;type:place;order:sell;asset:Y;price:97;qty:1;orderid:od_1671259060318528;respmessg:null;message:YesFairPriceChange,SellingBoughtQty,ProfitSell,atBetter
INFO:order:2022-12-22 20:17:06,236;log:pre;eid:14444;call:sent;type:cancel;order:buy;asset:N;price:91;qty:null;orderid:od_1671259060318421;respmessg:null;message:YesFairPriceChange,NewBuyParams
INFO:order:2022-12-22 20:17:07,720;log:post;eid:14444;call:response;type:cancel;order:buy;asset:N;price:91;qty:null;orderid:od_1671259060318421;respmessg:null;message:YesFairPriceChange,NewBuyParams
INFO:order:2022-12-22 20:17:08,083;log:pre;eid:14444;call:sent;type:place;order:buy;asset:N;price:93;qty:3;orderid:buysend;respmessg:null;message:YesFairPriceChange,ScalpingNo,BasicBuy,atbest+1
INFO:order:2022-12-22 20:17:09,611;log:post;eid:14444;call:response;type:place;order:buy;asset:N;price:93;qty:3;orderid:od_1671259060318675;respmessg:null;message:YesFairPriceChange,ScalpingNo,BasicBuy,atbest+1
INFO:order:2022-12-22 20:18:36,510;log:pre;eid:14437;call:sent;type:place;order:sell;asset:Y;price:81;qty:8;orderid:sellsend;respmessg:null;message:YesFairPriceChange,SellingBoughtQty,getOutSell,atYesBest+1
INFO:order:2022-12-22 20:18:37,984;log:post;eid:14437;call:response;type:place;order:sell;asset:Y;price:81;qty:8;orderid:od_1671259060318732;respmessg:null;message:YesFairPriceChange,SellingBoughtQty,getOutSell,atYesBest+1
INFO:order:2022-12-22 20:19:03,970;log:pre;eid:14438;call:sent;type:cancel;order:sell;asset:Y;price:97;qty:null;orderid:od_1671259060318528;respmessg:null;message:HoldYesQtyChange,HoldQtyChange
INFO:order:2022-12-22 20:19:05,471;log:post;eid:14438;call:response;type:cancel;order:sell;asset:Y;price:97;qty:null;orderid:od_1671259060318528;respmessg:null;message:HoldYesQtyChange,HoldQtyChange
INFO:order:2022-12-22 20:19:05,846;log:pre;eid:14438;call:sent;type:place;order:sell;asset:Y;price:97;qty:3;orderid:sellsend;respmessg:null;message:HoldYesQtyChange,SellingYesNewQty,ProfitSell,atBetter
INFO:order:2022-12-22 20:19:07,367;log:post;eid:14438;call:response;type:place;order:sell;asset:Y;price:97;qty:3;orderid:od_1671259060318757;respmessg:null;message:HoldYesQtyChange,SellingYesNewQty,ProfitSell,atBetter
INFO:order:2022-12-22 20:22:21,858;log:pre;eid:14444;call:sent;type:cancel;order:buy;asset:N;price:93;qty:null;orderid:od_1671259060318675;respmessg:null;message:YesFairPriceChange,NewBuyParams
INFO:order:2022-12-22 20:22:23,356;log:post;eid:14444;call:response;type:cancel;order:buy;asset:N;price:93;qty:null;orderid:od_1671259060318675;respmessg:null;message:YesFairPriceChange,NewBuyParams
INFO:order:2022-12-22 20:22:23,732;log:pre;eid:14444;call:sent;type:place;order:buy;asset:N;price:96;qty:3;orderid:buysend;respmessg:null;message:YesFairPriceChange,ScalpingNo,BasicBuy,atbest+1
INFO:order:2022-12-22 20:22:25,234;log:post;eid:14444;call:response;type:place;order:buy;asset:N;price:96;qty:3;orderid:od_1671259060318896;respmessg:null;message:YesFairPriceChange,ScalpingNo,BasicBuy,atbest+1
INFO:order:2022-12-22 20:23:53,090;log:pre;eid:14437;call:sent;type:cancel;order:sell;asset:Y;price:81;qty:null;orderid:od_1671259060318732;respmessg:null;message:YesFairPriceChange,NewSellParams
INFO:order:2022-12-22 20:23:54,612;log:post;eid:14437;call:response;type:cancel;order:sell;asset:Y;price:81;qty:null;orderid:od_1671259060318732;respmessg:null;message:YesFairPriceChange,NewSellParams
INFO:order:2022-12-22 20:23:55,036;log:pre;eid:14437;call:sent;type:place;order:sell;asset:Y;price:79;qty:8;orderid:sellsend;respmessg:null;message:YesFairPriceChange,SellingBoughtQty,getOutSell,atYesBest+1
INFO:order:2022-12-22 20:23:56,523;log:post;eid:14437;call:response;type:place;order:sell;asset:Y;price:79;qty:8;orderid:od_1671259060318975;respmessg:null;message:YesFairPriceChange,SellingBoughtQty,getOutSell,atYesBest+1
INFO:order:2022-12-22 20:24:23,180;log:pre;eid:14438;call:sent;type:cancel;order:sell;asset:Y;price:97;qty:null;orderid:od_1671259060318757;respmessg:null;message:HoldYesQtyChange,HoldQtyChange
INFO:order:2022-12-22 20:24:24,652;log:post;eid:14438;call:response;type:cancel;order:sell;asset:Y;price:97;qty:null;orderid:od_1671259060318757;respmessg:null;message:HoldYesQtyChange,HoldQtyChange
INFO:order:2022-12-22 20:24:25,035;log:pre;eid:14438;call:sent;type:place;order:sell;asset:Y;price:56;qty:5;orderid:sellsend;respmessg:null;message:HoldYesQtyChange,SellingYesNewQty,getOutSell,atYesBest+1
INFO:order:2022-12-22 20:24:26,518;log:post;eid:14438;call:response;type:place;order:sell;asset:Y;price:56;qty:5;orderid:od_1671259060319000;respmessg:null;message:HoldYesQtyChange,SellingYesNewQty,getOutSell,atYesBest+1
INFO:order:2022-12-22 20:29:13,099;log:pre;eid:14437;call:sent;type:cancel;order:sell;asset:Y;price:79;qty:null;orderid:od_1671259060318975;respmessg:null;message:YesFairPriceChange,NewSellParams
INFO:order:2022-12-22 20:29:14,605;log:post;eid:14437;call:response;type:cancel;order:sell;asset:Y;price:79;qty:null;orderid:od_1671259060318975;respmessg:null;message:YesFairPriceChange,NewSellParams
INFO:order:2022-12-22 20:29:15,039;log:pre;eid:14437;call:sent;type:place;order:sell;asset:Y;price:79;qty:8;orderid:sellsend;respmessg:null;message:YesFairPriceChange,SellingBoughtQty,getOutSell,atYesBest+1
INFO:order:2022-12-22 20:29:16,539;log:post;eid:14437;call:response;type:place;order:sell;asset:Y;price:79;qty:8;orderid:od_1671259060319160;respmessg:null;message:YesFairPriceChange,SellingBoughtQty,getOutSell,atYesBest+1
INFO:order:2022-12-22 20:29:41,820;log:pre;eid:14438;call:sent;type:place;order:buy;asset:Y;price:56;qty:5;orderid:buysend;respmessg:null;message:YesSignalZeroHolding,ScalpingYes,BasicBuy,atbest+1
INFO:order:2022-12-22 20:29:43,309;log:post;eid:14438;call:response;type:place;order:buy;asset:Y;price:56;qty:5;orderid:od_1671259060319178;respmessg:null;message:YesSignalZeroHolding,ScalpingYes,BasicBuy,atbest+1
INFO:order:2022-12-22 20:33:12,368;log:pre;eid:14444;call:sent;type:place;order:sell;asset:N;price:95;qty:6;orderid:sellsend;respmessg:null;message:HoldNoQtyChange,SellingNoNewQty,ProfitSell,atBetter
INFO:order:2022-12-22 20:33:13,851;log:post;eid:14444;call:response;type:place;order:sell;asset:N;price:95;qty:6;orderid:od_1671259060319265;respmessg:null;message:HoldNoQtyChange,SellingNoNewQty,ProfitSell,atBetter
INFO:order:2022-12-22 20:33:17,090;log:pre;eid:14444;call:sent;type:place;order:buy;asset:N;price:91;qty:2;orderid:buysend;respmessg:null;message:NoFairPriceChange,ScalpingNo,BasicBuy,atbest+1
INFO:order:2022-12-22 20:33:18,636;log:post;eid:14444;call:response;type:place;order:buy;asset:N;price:91;qty:2;orderid:od_1671259060319268;respmessg:null;message:NoFairPriceChange,ScalpingNo,BasicBuy,atbest+1
INFO:order:2022-12-22 20:33:19,619;log:pre;eid:14444;call:sent;type:cancel;order:sell;asset:N;price:95;qty:null;orderid:od_1671259060319265;respmessg:null;message:NoFairPriceChange,PausingSell
INFO:order:2022-12-22 20:33:21,123;log:post;eid:14444;call:response;type:cancel;order:sell;asset:N;price:95;qty:null;orderid:od_1671259060319265;respmessg:null;message:NoFairPriceChange,PausingSell
INFO:order:2022-12-22 20:34:49,504;log:pre;eid:14437;call:sent;type:place;order:buy;asset:Y;price:78;qty:1;orderid:buysend;respmessg:null;message:YesFairPriceChange,ScalpingYes,BasicBuy,atbest
INFO:order:2022-12-22 20:34:51,071;log:post;eid:14437;call:response;type:place;order:buy;asset:Y;price:78;qty:1;orderid:od_1671259060319317;respmessg:null;message:YesFairPriceChange,ScalpingYes,BasicBuy,atbest
INFO:order:2022-12-22 20:38:48,964;log:pre;eid:14444;call:sent;type:place;order:sell;asset:N;price:98;qty:4;orderid:sellsend;respmessg:null;message:HoldNoQtyChange,SellingNoNewQty,ProfitSell,atBetter
INFO:order:2022-12-22 20:38:50,455;log:post;eid:14444;call:response;type:place;order:sell;asset:N;price:98;qty:4;orderid:od_1671259060319452;respmessg:null;message:HoldNoQtyChange,SellingNoNewQty,ProfitSell,atBetter
INFO:order:2022-12-22 20:38:53,008;log:pre;eid:14444;call:sent;type:cancel;order:buy;asset:N;price:91;qty:null;orderid:od_1671259060319268;respmessg:null;message:NoFairPriceChange,NewBuyParams
INFO:order:2022-12-22 20:38:54,510;log:post;eid:14444;call:response;type:cancel;order:buy;asset:N;price:91;qty:null;orderid:od_1671259060319268;respmessg:null;message:NoFairPriceChange,NewBuyParams
INFO:order:2022-12-22 20:38:54,903;log:pre;eid:14444;call:sent;type:place;order:buy;asset:N;price:96;qty:4;orderid:buysend;respmessg:null;message:NoFairPriceChange,ScalpingNo,BasicBuy,atbest+1
INFO:order:2022-12-22 20:38:56,440;log:post;eid:14444;call:response;type:place;order:buy;asset:N;price:96;qty:4;orderid:od_1671259060319458;respmessg:null;message:NoFairPriceChange,ScalpingNo,BasicBuy,atbest+1
INFO:order:2022-12-22 20:38:57,305;log:pre;eid:14444;call:sent;type:cancel;order:sell;asset:N;price:98;qty:null;orderid:od_1671259060319452;respmessg:null;message:NoFairPriceChange,PausingSell
INFO:order:2022-12-22 20:38:58,794;log:post;eid:14444;call:response;type:cancel;order:sell;asset:N;price:98;qty:null;orderid:od_1671259060319452;respmessg:null;message:NoFairPriceChange,PausingSell
INFO:order:2022-12-22 20:43:43,963;log:pre;eid:14443;call:sent;type:cancel;order:buy;asset:N;price:8;qty:null;orderid:od_1671259060318387;respmessg:null;message:NoSignalZeroHolding,NewBuyParams
INFO:order:2022-12-22 20:43:45,467;log:post;eid:14443;call:response;type:cancel;order:buy;asset:N;price:8;qty:null;orderid:od_1671259060318387;respmessg:null;message:NoSignalZeroHolding,NewBuyParams
INFO:order:2022-12-22 20:43:45,799;log:pre;eid:14443;call:sent;type:place;order:buy;asset:N;price:21;qty:5;orderid:buysend;respmessg:null;message:NoSignalZeroHolding,ScalpingNo,BasicBuy,atbest+1
INFO:order:2022-12-22 20:43:47,335;log:post;eid:14443;call:response;type:place;order:buy;asset:N;price:21;qty:5;orderid:od_1671259060319579;respmessg:null;message:NoSignalZeroHolding,ScalpingNo,BasicBuy,atbest+1
INFO:order:2022-12-22 20:44:21,707;log:pre;eid:14444;call:sent;type:cancel;order:buy;asset:N;price:96.0;qty:null;orderid:od_1671259060319458;respmessg:null;message:NoFairPriceChange,NewBuyParams
INFO:order:2022-12-22 20:44:22,159;log:post;eid:14444;call:response;type:cancel;order:buy;asset:N;price:96.0;qty:null;orderid:od_1671259060319458;respmessg:notsuccess;message:NoFairPriceChange,NewBuyParams
INFO:order:2022-12-22 20:44:22,511;log:pre;eid:14444;call:sent;type:place;order:buy;asset:N;price:97;qty:4;orderid:buysend;respmessg:null;message:NoFairPriceChange,ScalpingNo,BasicBuy,atbest+1
INFO:order:2022-12-22 20:44:24,018;log:post;eid:14444;call:response;type:place;order:buy;asset:N;price:97;qty:4;orderid:od_1671259060319588;respmessg:null;message:NoFairPriceChange,ScalpingNo,BasicBuy,atbest+1
INFO:order:2022-12-22 20:49:09,051;log:pre;eid:14443;call:sent;type:cancel;order:buy;asset:N;price:21;qty:null;orderid:od_1671259060319579;respmessg:null;message:NoSignalZeroHolding,NewBuyParams
INFO:order:2022-12-22 20:49:10,541;log:post;eid:14443;call:response;type:cancel;order:buy;asset:N;price:21;qty:null;orderid:od_1671259060319579;respmessg:null;message:NoSignalZeroHolding,NewBuyParams
INFO:order:2022-12-22 20:49:10,864;log:pre;eid:14443;call:sent;type:place;order:buy;asset:N;price:8;qty:5;orderid:buysend;respmessg:null;message:NoSignalZeroHolding,ScalpingNo,BasicBuy,atbest+1
INFO:order:2022-12-22 20:49:12,351;log:post;eid:14443;call:response;type:place;order:buy;asset:N;price:8;qty:5;orderid:od_1671259060319706;respmessg:null;message:NoSignalZeroHolding,ScalpingNo,BasicBuy,atbest+1
INFO:order:2022-12-22 20:51:14,087;log:pre;eid:14437;call:sent;type:cancel;order:buy;asset:Y;price:78;qty:null;orderid:od_1671259060319317;respmessg:null;message:YesSignalZeroHolding,NewBuyParams
INFO:order:2022-12-22 20:51:15,581;log:post;eid:14437;call:response;type:cancel;order:buy;asset:Y;price:78;qty:null;orderid:od_1671259060319317;respmessg:null;message:YesSignalZeroHolding,NewBuyParams
INFO:order:2022-12-22 20:51:15,930;log:pre;eid:14437;call:sent;type:place;order:buy;asset:Y;price:79;qty:5;orderid:buysend;respmessg:null;message:YesSignalZeroHolding,ScalpingYes,BasicBuy,atbest+1
INFO:order:2022-12-22 20:51:17,421;log:post;eid:14437;call:response;type:place;order:buy;asset:Y;price:79;qty:5;orderid:od_1671259060319743;respmessg:null;message:YesSignalZeroHolding,ScalpingYes,BasicBuy,atbest+1
INFO:order:2022-12-22 20:57:06,490;log:pre;eid:14438;call:sent;type:cancel;order:buy;asset:Y;price:56;qty:null;orderid:od_1671259060319178;respmessg:null;message:YesSignalZeroHolding,NewBuyParams
INFO:order:2022-12-22 20:57:07,976;log:post;eid:14438;call:response;type:cancel;order:buy;asset:Y;price:56;qty:null;orderid:od_1671259060319178;respmessg:null;message:YesSignalZeroHolding,NewBuyParams
INFO:order:2022-12-22 20:57:08,373;log:pre;eid:14438;call:sent;type:place;order:buy;asset:Y;price:71;qty:6;orderid:buysend;respmessg:null;message:YesSignalZeroHolding,ScalpingYes,BasicBuy,atbest+1
INFO:order:2022-12-22 20:57:09,859;log:post;eid:14438;call:response;type:place;order:buy;asset:Y;price:71;qty:6;orderid:od_1671259060319887;respmessg:null;message:YesSignalZeroHolding,ScalpingYes,BasicBuy,atbest+1
INFO:order:2022-12-22 21:00:31,372;log:pre;eid:14444;call:sent;type:place;order:sell;asset:N;price:98;qty:7;orderid:sellsend;respmessg:null;message:HoldNoQtyChange,SellingNoNewQty,ProfitSell,atBetter
INFO:order:2022-12-22 21:00:32,884;log:post;eid:14444;call:response;type:place;order:sell;asset:N;price:98;qty:7;orderid:od_1671259060319977;respmessg:null;message:HoldNoQtyChange,SellingNoNewQty,ProfitSell,atBetter
INFO:order:2022-12-22 21:00:35,453;log:pre;eid:14444;call:sent;type:cancel;order:sell;asset:N;price:98;qty:null;orderid:od_1671259060319977;respmessg:null;message:NoFairPriceChange,PausingSell
INFO:order:2022-12-22 21:00:36,944;log:post;eid:14444;call:response;type:cancel;order:sell;asset:N;price:98;qty:null;orderid:od_1671259060319977;respmessg:null;message:NoFairPriceChange,PausingSell
INFO:order:2022-12-22 21:02:04,534;log:pre;eid:14437;call:sent;type:cancel;order:buy;asset:Y;price:79;qty:null;orderid:od_1671259060319743;respmessg:null;message:YesSignalZeroHolding,NewBuyParams
INFO:order:2022-12-22 21:02:06,096;log:post;eid:14437;call:response;type:cancel;order:buy;asset:Y;price:79;qty:null;orderid:od_1671259060319743;respmessg:null;message:YesSignalZeroHolding,NewBuyParams
INFO:order:2022-12-22 21:02:06,446;log:pre;eid:14437;call:sent;type:place;order:buy;asset:Y;price:90;qty:5;orderid:buysend;respmessg:null;message:YesSignalZeroHolding,ScalpingYes,BasicBuy,atbest+1
INFO:order:2022-12-22 21:02:07,948;log:post;eid:14437;call:response;type:place;order:buy;asset:Y;price:90;qty:5;orderid:od_1671259060320030;respmessg:null;message:YesSignalZeroHolding,ScalpingYes,BasicBuy,atbest+1
INFO:order:2022-12-22 21:02:39,378;log:pre;eid:14438;call:sent;type:cancel;order:buy;asset:Y;price:71;qty:null;orderid:od_1671259060319887;respmessg:null;message:YesSignalZeroHolding,NewBuyParams
INFO:order:2022-12-22 21:02:41,602;log:post;eid:14438;call:response;type:cancel;order:buy;asset:Y;price:71;qty:null;orderid:od_1671259060319887;respmessg:null;message:YesSignalZeroHolding,NewBuyParams
INFO:order:2022-12-22 21:02:41,959;log:pre;eid:14438;call:sent;type:place;order:buy;asset:Y;price:81;qty:8;orderid:buysend;respmessg:null;message:YesSignalZeroHolding,ScalpingYes,BasicBuy,atbest+1
INFO:order:2022-12-22 21:02:43,448;log:post;eid:14438;call:response;type:place;order:buy;asset:Y;price:81;qty:8;orderid:od_1671259060320046;respmessg:null;message:YesSignalZeroHolding,ScalpingYes,BasicBuy,atbest+1
INFO:order:2022-12-22 21:06:06,745;log:pre;eid:14444;call:sent;type:cancel;order:buy;asset:N;price:97.0;qty:null;orderid:od_1671259060319588;respmessg:null;message:NoFairPriceChange,NewBuyParams
INFO:order:2022-12-22 21:06:07,226;log:post;eid:14444;call:response;type:cancel;order:buy;asset:N;price:97.0;qty:null;orderid:od_1671259060319588;respmessg:notsuccess;message:NoFairPriceChange,NewBuyParams
INFO:order:2022-12-22 21:06:07,229;log:pre;eid:14444;call:sent;type:cancel;order:buy;asset:N;price:96.0;qty:null;orderid:od_1671259060319458;respmessg:null;message:NoFairPriceChange,NewBuyParams
INFO:order:2022-12-22 21:06:07,659;log:post;eid:14444;call:response;type:cancel;order:buy;asset:N;price:96.0;qty:null;orderid:od_1671259060319458;respmessg:notsuccess;message:NoFairPriceChange,NewBuyParams
INFO:order:2022-12-22 21:06:08,054;log:pre;eid:14444;call:sent;type:place;order:buy;asset:N;price:98;qty:3;orderid:buysend;respmessg:null;message:NoFairPriceChange,ScalpingNo,BasicBuy,atbest
INFO:order:2022-12-22 21:06:09,542;log:post;eid:14444;call:response;type:place;order:buy;asset:N;price:98;qty:3;orderid:od_1671259060320156;respmessg:null;message:NoFairPriceChange,ScalpingNo,BasicBuy,atbest
INFO:order:2022-12-22 21:08:08,589;log:pre;eid:14438;call:sent;type:place;order:sell;asset:Y;price:89;qty:4;orderid:sellsend;respmessg:null;message:HoldYesQtyChange,SellingYesNewQty,ProfitSell,atBetter
INFO:order:2022-12-22 21:08:10,086;log:post;eid:14438;call:response;type:place;order:sell;asset:Y;price:89;qty:4;orderid:od_1671259060320197;respmessg:null;message:HoldYesQtyChange,SellingYesNewQty,ProfitSell,atBetter
INFO:order:2022-12-22 21:10:16,536;log:pre;eid:14442;call:sent;type:cancel;order:buy;asset:N;price:76;qty:null;orderid:od_1671259060318367;respmessg:null;message:NoSignalZeroHolding,NewBuyParams
INFO:order:2022-12-22 21:10:18,026;log:post;eid:14442;call:response;type:cancel;order:buy;asset:N;price:76;qty:null;orderid:od_1671259060318367;respmessg:null;message:NoSignalZeroHolding,NewBuyParams
INFO:order:2022-12-22 21:10:18,394;log:pre;eid:14442;call:sent;type:place;order:buy;asset:N;price:86;qty:5;orderid:buysend;respmessg:null;message:NoSignalZeroHolding,ScalpingNo,BasicBuy,atbest+1
INFO:order:2022-12-22 21:10:19,895;log:post;eid:14442;call:response;type:place;order:buy;asset:N;price:86;qty:5;orderid:od_1671259060320264;respmessg:null;message:NoSignalZeroHolding,ScalpingNo,BasicBuy,atbest+1
INFO:order:2022-12-22 21:13:22,215;log:pre;eid:14438;call:sent;type:cancel;order:sell;asset:Y;price:89;qty:null;orderid:od_1671259060320197;respmessg:null;message:HoldYesQtyChange,HoldQtyChange
INFO:order:2022-12-22 21:13:23,734;log:post;eid:14438;call:response;type:cancel;order:sell;asset:Y;price:89;qty:null;orderid:od_1671259060320197;respmessg:null;message:HoldYesQtyChange,HoldQtyChange
INFO:order:2022-12-22 21:13:24,149;log:pre;eid:14438;call:sent;type:place;order:sell;asset:Y;price:84;qty:8;orderid:sellsend;respmessg:null;message:HoldYesQtyChange,SellingYesNewQty,ProfitSell,atBetter
INFO:order:2022-12-22 21:13:25,628;log:post;eid:14438;call:response;type:place;order:sell;asset:Y;price:84;qty:8;orderid:od_1671259060320340;respmessg:null;message:HoldYesQtyChange,SellingYesNewQty,ProfitSell,atBetter
INFO:order:2022-12-22 21:18:36,474;log:pre;eid:14438;call:sent;type:place;order:buy;asset:Y;price:81;qty:4;orderid:buysend;respmessg:null;message:YesFairPriceChange,ScalpingYes,BasicBuy,atbest+1
INFO:order:2022-12-22 21:18:37,956;log:post;eid:14438;call:response;type:place;order:buy;asset:Y;price:81;qty:4;orderid:od_1671259060320453;respmessg:null;message:YesFairPriceChange,ScalpingYes,BasicBuy,atbest+1
INFO:order:2022-12-22 21:18:39,612;log:pre;eid:14438;call:sent;type:cancel;order:sell;asset:Y;price:84;qty:null;orderid:od_1671259060320340;respmessg:null;message:YesFairPriceChange,NewSellParams
INFO:order:2022-12-22 21:18:41,108;log:post;eid:14438;call:response;type:cancel;order:sell;asset:Y;price:84;qty:null;orderid:od_1671259060320340;respmessg:null;message:YesFairPriceChange,NewSellParams
INFO:order:2022-12-22 21:18:41,485;log:pre;eid:14438;call:sent;type:place;order:sell;asset:Y;price:84;qty:8;orderid:sellsend;respmessg:null;message:YesFairPriceChange,SellingBoughtQty,ProfitSell,atBetter
INFO:order:2022-12-22 21:18:42,969;log:post;eid:14438;call:response;type:place;order:sell;asset:Y;price:84;qty:8;orderid:od_1671259060320462;respmessg:null;message:YesFairPriceChange,SellingBoughtQty,ProfitSell,atBetter
INFO:order:2022-12-22 21:20:15,532;log:pre;eid:14441;call:sent;type:cancel;order:buy;asset:N;price:16;qty:null;orderid:od_1671259060313122;respmessg:null;message:NoSignalZeroHolding,NewBuyParams
INFO:order:2022-12-22 21:20:17,033;log:post;eid:14441;call:response;type:cancel;order:buy;asset:N;price:16;qty:null;orderid:od_1671259060313122;respmessg:null;message:NoSignalZeroHolding,NewBuyParams
INFO:order:2022-12-22 21:20:17,381;log:pre;eid:14441;call:sent;type:place;order:buy;asset:N;price:51;qty:6;orderid:buysend;respmessg:null;message:NoSignalZeroHolding,ScalpingNo,BasicBuy,atbest+1
INFO:order:2022-12-22 21:20:18,882;log:post;eid:14441;call:response;type:place;order:buy;asset:N;price:51;qty:6;orderid:od_1671259060320496;respmessg:null;message:NoSignalZeroHolding,ScalpingNo,BasicBuy,atbest+1
INFO:order:2022-12-22 21:23:53,851;log:pre;eid:14438;call:sent;type:cancel;order:sell;asset:Y;price:84;qty:null;orderid:od_1671259060320462;respmessg:null;message:HoldYesQtyChange,HoldQtyChange
INFO:order:2022-12-22 21:23:55,347;log:post;eid:14438;call:response;type:cancel;order:sell;asset:Y;price:84;qty:null;orderid:od_1671259060320462;respmessg:null;message:HoldYesQtyChange,HoldQtyChange
INFO:order:2022-12-22 21:23:55,707;log:pre;eid:14438;call:sent;type:place;order:sell;asset:Y;price:84;qty:12;orderid:sellsend;respmessg:null;message:HoldYesQtyChange,SellingYesNewQty,ProfitSell,atBetter
INFO:order:2022-12-22 21:23:57,196;log:post;eid:14438;call:response;type:place;order:sell;asset:Y;price:84;qty:12;orderid:od_1671259060320580;respmessg:null;message:HoldYesQtyChange,SellingYesNewQty,ProfitSell,atBetter
INFO:order:2022-12-22 21:24:00,180;log:pre;eid:14438;call:sent;type:place;order:buy;asset:Y;price:81;qty:0;orderid:buysend;respmessg:null;message:YesAvgBuyPriceChange,ScalpingYes,BasicBuy,atbest+1
INFO:order:2022-12-22 21:24:00,626;api call response not recorded
INFO:order:2022-12-22 21:24:00,627;log:post;eid:14438;call:response;type:place;order:buy;asset:Y;price:81;qty:0;orderid:noresponse_Invalid Request;respmessg:null;message:YesAvgBuyPriceChange,ScalpingYes,BasicBuy,atbest+1
INFO:order:2022-12-22 21:24:02,389;log:pre;eid:14438;call:sent;type:cancel;order:sell;asset:Y;price:84;qty:null;orderid:od_1671259060320580;respmessg:null;message:YesAvgBuyPriceChange,NewSellParams
INFO:order:2022-12-22 21:24:03,924;log:post;eid:14438;call:response;type:cancel;order:sell;asset:Y;price:84;qty:null;orderid:od_1671259060320580;respmessg:null;message:YesAvgBuyPriceChange,NewSellParams
INFO:order:2022-12-22 21:24:04,425;log:pre;eid:14438;call:sent;type:place;order:sell;asset:Y;price:84;qty:12;orderid:sellsend;respmessg:null;message:YesAvgBuyPriceChange,SellingBoughtQty,ProfitSell,atBetter
INFO:order:2022-12-22 21:24:05,922;log:post;eid:14438;call:response;type:place;order:sell;asset:Y;price:84;qty:12;orderid:od_1671259060320589;respmessg:null;message:YesAvgBuyPriceChange,SellingBoughtQty,ProfitSell,atBetter
INFO:order:2022-12-22 21:25:05,422;log:pre;eid:14440;call:sent;type:cancel;order:buy;asset:N;price:16;qty:null;orderid:od_1671259060315290;respmessg:null;message:NoSignalZeroHolding,NewBuyParams
INFO:order:2022-12-22 21:25:06,917;log:post;eid:14440;call:response;type:cancel;order:buy;asset:N;price:16;qty:null;orderid:od_1671259060315290;respmessg:null;message:NoSignalZeroHolding,NewBuyParams
INFO:order:2022-12-22 21:25:07,279;log:pre;eid:14440;call:sent;type:place;order:buy;asset:N;price:61;qty:5;orderid:buysend;respmessg:null;message:NoSignalZeroHolding,ScalpingNo,BasicBuy,atbest+1
INFO:order:2022-12-22 21:25:08,912;log:post;eid:14440;call:response;type:place;order:buy;asset:N;price:61;qty:5;orderid:od_1671259060320610;respmessg:null;message:NoSignalZeroHolding,ScalpingNo,BasicBuy,atbest+1
INFO:order:2022-12-22 21:28:47,892;log:pre;eid:14437;call:sent;type:place;order:sell;asset:Y;price:91;qty:1;orderid:sellsend;respmessg:null;message:HoldYesQtyChange,SellingYesNewQty,getOutSell,atYesBest+1
INFO:order:2022-12-22 21:28:49,416;log:post;eid:14437;call:response;type:place;order:sell;asset:Y;price:91;qty:1;orderid:od_1671259060320691;respmessg:null;message:HoldYesQtyChange,SellingYesNewQty,getOutSell,atYesBest+1
INFO:order:2022-12-22 21:28:51,965;log:pre;eid:14437;call:sent;type:cancel;order:sell;asset:Y;price:91;qty:null;orderid:od_1671259060320691;respmessg:null;message:YesFairPriceChange,PausingSell
INFO:order:2022-12-22 21:28:53,466;log:post;eid:14437;call:response;type:cancel;order:sell;asset:Y;price:91;qty:null;orderid:od_1671259060320691;respmessg:null;message:YesFairPriceChange,PausingSell
INFO:order:2022-12-22 21:29:20,001;log:pre;eid:14438;call:sent;type:cancel;order:sell;asset:Y;price:84;qty:null;orderid:od_1671259060320589;respmessg:null;message:YesFairPriceChange,NewSellParams
INFO:order:2022-12-22 21:29:21,515;log:post;eid:14438;call:response;type:cancel;order:sell;asset:Y;price:84;qty:null;orderid:od_1671259060320589;respmessg:null;message:YesFairPriceChange,NewSellParams
INFO:order:2022-12-22 21:29:21,892;log:pre;eid:14438;call:sent;type:place;order:sell;asset:Y;price:51;qty:12;orderid:sellsend;respmessg:null;message:YesFairPriceChange,SellingBoughtQty,getOutSell,atYesBest+1
INFO:order:2022-12-22 21:29:23,388;log:post;eid:14438;call:response;type:place;order:sell;asset:Y;price:51;qty:12;orderid:od_1671259060320707;respmessg:null;message:YesFairPriceChange,SellingBoughtQty,getOutSell,atYesBest+1
INFO:order:2022-12-22 21:30:23,538;log:pre;eid:14440;call:sent;type:cancel;order:buy;asset:N;price:61;qty:null;orderid:od_1671259060320610;respmessg:null;message:NoSignalZeroHolding,NewBuyParams
INFO:order:2022-12-22 21:30:25,031;log:post;eid:14440;call:response;type:cancel;order:buy;asset:N;price:61;qty:null;orderid:od_1671259060320610;respmessg:null;message:NoSignalZeroHolding,NewBuyParams
INFO:order:2022-12-22 21:30:25,372;log:pre;eid:14440;call:sent;type:place;order:buy;asset:N;price:16;qty:5;orderid:buysend;respmessg:null;message:NoSignalZeroHolding,ScalpingNo,BasicBuy,atbest+1
INFO:order:2022-12-22 21:30:26,874;log:post;eid:14440;call:response;type:place;order:buy;asset:N;price:16;qty:5;orderid:od_1671259060320725;respmessg:null;message:NoSignalZeroHolding,ScalpingNo,BasicBuy,atbest+1
INFO:order:2022-12-22 21:34:03,561;log:pre;eid:14437;call:sent;type:place;order:sell;asset:Y;price:98;qty:2;orderid:sellsend;respmessg:null;message:HoldYesQtyChange,SellingYesNewQty,ProfitSell,atBetter
INFO:order:2022-12-22 21:34:05,072;log:post;eid:14437;call:response;type:place;order:sell;asset:Y;price:98;qty:2;orderid:od_1671259060320826;respmessg:null;message:HoldYesQtyChange,SellingYesNewQty,ProfitSell,atBetter
INFO:order:2022-12-22 21:34:07,764;log:pre;eid:14437;call:sent;type:cancel;order:buy;asset:Y;price:90;qty:null;orderid:od_1671259060320030;respmessg:null;message:YesFairPriceChange,NewBuyParams
INFO:order:2022-12-22 21:34:09,246;log:post;eid:14437;call:response;type:cancel;order:buy;asset:Y;price:90;qty:null;orderid:od_1671259060320030;respmessg:null;message:YesFairPriceChange,NewBuyParams
INFO:order:2022-12-22 21:34:09,626;log:pre;eid:14437;call:sent;type:place;order:buy;asset:Y;price:95;qty:3;orderid:buysend;respmessg:null;message:YesFairPriceChange,ScalpingYes,BasicBuy,atbest+1
INFO:order:2022-12-22 21:34:11,139;log:post;eid:14437;call:response;type:place;order:buy;asset:Y;price:95;qty:3;orderid:od_1671259060320832;respmessg:null;message:YesFairPriceChange,ScalpingYes,BasicBuy,atbest+1
INFO:order:2022-12-22 21:34:12,050;log:pre;eid:14437;call:sent;type:cancel;order:sell;asset:Y;price:98;qty:null;orderid:od_1671259060320826;respmessg:null;message:YesFairPriceChange,PausingSell
INFO:order:2022-12-22 21:34:13,540;log:post;eid:14437;call:response;type:cancel;order:sell;asset:Y;price:98;qty:null;orderid:od_1671259060320826;respmessg:null;message:YesFairPriceChange,PausingSell
INFO:order:2022-12-22 21:34:40,325;log:pre;eid:14438;call:sent;type:place;order:buy;asset:Y;price:51;qty:7;orderid:buysend;respmessg:null;message:YesSignalZeroHolding,ScalpingYes,BasicBuy,atbest+1
INFO:order:2022-12-22 21:34:41,816;log:post;eid:14438;call:response;type:place;order:buy;asset:Y;price:51;qty:7;orderid:od_1671259060320843;respmessg:null;message:YesSignalZeroHolding,ScalpingYes,BasicBuy,atbest+1
INFO:order:2022-12-22 21:35:14,421;log:pre;eid:14439;call:sent;type:cancel;order:buy;asset:N;price:21;qty:null;orderid:od_1671259060318295;respmessg:null;message:NoSignalZeroHolding,NewBuyParams
INFO:order:2022-12-22 21:35:15,911;log:post;eid:14439;call:response;type:cancel;order:buy;asset:N;price:21;qty:null;orderid:od_1671259060318295;respmessg:null;message:NoSignalZeroHolding,NewBuyParams
INFO:order:2022-12-22 21:35:16,347;log:pre;eid:14439;call:sent;type:place;order:buy;asset:N;price:41;qty:5;orderid:buysend;respmessg:null;message:NoSignalZeroHolding,ScalpingNo,BasicBuy,atbest+1
INFO:order:2022-12-22 21:35:17,823;log:post;eid:14439;call:response;type:place;order:buy;asset:N;price:41;qty:5;orderid:od_1671259060320850;respmessg:null;message:NoSignalZeroHolding,ScalpingNo,BasicBuy,atbest+1
INFO:order:2022-12-22 21:40:31,222;log:pre;eid:14439;call:sent;type:cancel;order:buy;asset:N;price:41;qty:null;orderid:od_1671259060320850;respmessg:null;message:NoSignalZeroHolding,NewBuyParams
INFO:order:2022-12-22 21:40:32,713;log:post;eid:14439;call:response;type:cancel;order:buy;asset:N;price:41;qty:null;orderid:od_1671259060320850;respmessg:null;message:NoSignalZeroHolding,NewBuyParams
INFO:order:2022-12-22 21:40:33,094;log:pre;eid:14439;call:sent;type:place;order:buy;asset:N;price:51;qty:5;orderid:buysend;respmessg:null;message:NoSignalZeroHolding,ScalpingNo,BasicBuy,atbest+1
INFO:order:2022-12-22 21:40:34,589;log:post;eid:14439;call:response;type:place;order:buy;asset:N;price:51;qty:5;orderid:od_1671259060320895;respmessg:null;message:NoSignalZeroHolding,ScalpingNo,BasicBuy,atbest+1
INFO:order:2022-12-22 21:49:55,979;log:pre;eid:14437;call:sent;type:cancel;order:buy;asset:Y;price:95;qty:null;orderid:od_1671259060320832;respmessg:null;message:YesFairPriceChange,NewBuyParams
INFO:order:2022-12-22 21:49:57,513;log:post;eid:14437;call:response;type:cancel;order:buy;asset:Y;price:95;qty:null;orderid:od_1671259060320832;respmessg:null;message:YesFairPriceChange,NewBuyParams
INFO:order:2022-12-22 21:49:57,921;log:pre;eid:14437;call:sent;type:place;order:buy;asset:Y;price:98;qty:3;orderid:buysend;respmessg:null;message:YesFairPriceChange,ScalpingYes,BasicBuy,atbest
INFO:order:2022-12-22 21:49:59,395;log:post;eid:14437;call:response;type:place;order:buy;asset:Y;price:98;qty:3;orderid:od_1671259060321075;respmessg:null;message:YesFairPriceChange,ScalpingYes,BasicBuy,atbest
INFO:order:2022-12-22 21:51:01,532;log:pre;eid:14439;call:sent;type:cancel;order:buy;asset:N;price:51;qty:null;orderid:od_1671259060320895;respmessg:null;message:NoSignalZeroHolding,NewBuyParams
INFO:order:2022-12-22 21:51:03,070;log:post;eid:14439;call:response;type:cancel;order:buy;asset:N;price:51;qty:null;orderid:od_1671259060320895;respmessg:null;message:NoSignalZeroHolding,NewBuyParams
INFO:order:2022-12-22 21:51:03,478;log:pre;eid:14439;call:sent;type:place;order:buy;asset:N;price:56;qty:6;orderid:buysend;respmessg:null;message:NoSignalZeroHolding,ScalpingNo,BasicBuy,atbest+1
INFO:order:2022-12-22 21:51:04,991;log:post;eid:14439;call:response;type:place;order:buy;asset:N;price:56;qty:6;orderid:od_1671259060321102;respmessg:null;message:NoSignalZeroHolding,ScalpingNo,BasicBuy,atbest+1
INFO:order:2022-12-22 21:55:14,996;log:pre;eid:14437;call:sent;type:place;order:sell;asset:Y;price:98;qty:5;orderid:sellsend;respmessg:null;message:HoldYesQtyChange,SellingYesNewQty,ProfitSell,atAvgBuy+1
INFO:order:2022-12-22 21:55:16,476;log:post;eid:14437;call:response;type:place;order:sell;asset:Y;price:98;qty:5;orderid:od_1671259060321209;respmessg:null;message:HoldYesQtyChange,SellingYesNewQty,ProfitSell,atAvgBuy+1
INFO:order:2022-12-22 21:55:17,342;log:pre;eid:14437;call:sent;type:cancel;order:sell;asset:Y;price:98;qty:null;orderid:od_1671259060321209;respmessg:null;message:YesFairPriceChange,PausingSell
INFO:order:2022-12-22 21:55:19,093;log:post;eid:14437;call:response;type:cancel;order:sell;asset:Y;price:98;qty:null;orderid:od_1671259060321209;respmessg:null;message:YesFairPriceChange,PausingSell
INFO:order:2022-12-22 21:55:46,453;log:pre;eid:14438;call:sent;type:cancel;order:buy;asset:Y;price:51;qty:null;orderid:od_1671259060320843;respmessg:null;message:YesSignalZeroHolding,NewBuyParams
INFO:order:2022-12-22 21:55:47,971;log:post;eid:14438;call:response;type:cancel;order:buy;asset:Y;price:51;qty:null;orderid:od_1671259060320843;respmessg:null;message:YesSignalZeroHolding,NewBuyParams
INFO:order:2022-12-22 21:55:48,394;log:pre;eid:14438;call:sent;type:place;order:buy;asset:Y;price:56;qty:21;orderid:buysend;respmessg:null;message:YesSignalZeroHolding,ScalpingYes,BasicBuy,atbest+1
INFO:order:2022-12-22 21:55:49,896;log:post;eid:14438;call:response;type:place;order:buy;asset:Y;price:56;qty:21;orderid:od_1671259060321220;respmessg:null;message:YesSignalZeroHolding,ScalpingYes,BasicBuy,atbest+1
INFO:order:2022-12-22 21:56:23,405;log:pre;eid:14439;call:sent;type:cancel;order:buy;asset:N;price:56;qty:null;orderid:od_1671259060321102;respmessg:null;message:NoSignalZeroHolding,NewBuyParams
INFO:order:2022-12-22 21:56:24,922;log:post;eid:14439;call:response;type:cancel;order:buy;asset:N;price:56;qty:null;orderid:od_1671259060321102;respmessg:null;message:NoSignalZeroHolding,NewBuyParams
INFO:order:2022-12-22 21:56:25,315;log:pre;eid:14439;call:sent;type:place;order:buy;asset:N;price:41;qty:5;orderid:buysend;respmessg:null;message:NoSignalZeroHolding,ScalpingNo,BasicBuy,atbest+1
INFO:order:2022-12-22 21:56:26,807;log:post;eid:14439;call:response;type:place;order:buy;asset:N;price:41;qty:5;orderid:od_1671259060321232;respmessg:null;message:NoSignalZeroHolding,ScalpingNo,BasicBuy,atbest+1
INFO:order:2022-12-22 21:58:36,759;log:pre;eid:14443;call:sent;type:cancel;order:buy;asset:N;price:8;qty:null;orderid:od_1671259060319706;respmessg:null;message:NoSignalZeroHolding,NewBuyParams
INFO:order:2022-12-22 21:58:38,246;log:post;eid:14443;call:response;type:cancel;order:buy;asset:N;price:8;qty:null;orderid:od_1671259060319706;respmessg:null;message:NoSignalZeroHolding,NewBuyParams
INFO:order:2022-12-22 21:58:38,601;log:pre;eid:14443;call:sent;type:place;order:buy;asset:N;price:10;qty:5;orderid:buysend;respmessg:null;message:NoSignalZeroHolding,ScalpingNo,BasicBuy,atbest+1
INFO:order:2022-12-22 21:58:40,095;log:post;eid:14443;call:response;type:place;order:buy;asset:N;price:10;qty:5;orderid:od_1671259060321253;respmessg:null;message:NoSignalZeroHolding,ScalpingNo,BasicBuy,atbest+1
INFO:order:2022-12-22 22:01:05,294;log:pre;eid:14438;call:sent;type:cancel;order:buy;asset:Y;price:56;qty:null;orderid:od_1671259060321220;respmessg:null;message:YesSignalZeroHolding,NewBuyParams
INFO:order:2022-12-22 22:01:06,792;log:post;eid:14438;call:response;type:cancel;order:buy;asset:Y;price:56;qty:null;orderid:od_1671259060321220;respmessg:null;message:YesSignalZeroHolding,NewBuyParams
INFO:order:2022-12-22 22:01:07,237;log:pre;eid:14438;call:sent;type:place;order:buy;asset:Y;price:51;qty:21;orderid:buysend;respmessg:null;message:YesSignalZeroHolding,ScalpingYes,BasicBuy,atbest+1
INFO:order:2022-12-22 22:01:08,735;log:post;eid:14438;call:response;type:place;order:buy;asset:Y;price:51;qty:21;orderid:od_1671259060321305;respmessg:null;message:YesSignalZeroHolding,ScalpingYes,BasicBuy,atbest+1
INFO:order:2022-12-22 22:01:14,474;log:pre;eid:14438;call:sent;type:cancel;order:buy;asset:Y;price:51;qty:null;orderid:od_1671259060321305;respmessg:null;message:YesFairPriceChange,NewBuyParams
INFO:order:2022-12-22 22:01:15,986;log:post;eid:14438;call:response;type:cancel;order:buy;asset:Y;price:51;qty:null;orderid:od_1671259060321305;respmessg:null;message:YesFairPriceChange,NewBuyParams
INFO:order:2022-12-22 22:01:16,346;log:pre;eid:14438;call:sent;type:place;order:buy;asset:Y;price:6;qty:21;orderid:buysend;respmessg:null;message:YesFairPriceChange,ScalpingYes,BasicBuy,atbest+1
INFO:order:2022-12-22 22:01:17,860;log:post;eid:14438;call:response;type:place;order:buy;asset:Y;price:6;qty:21;orderid:od_1671259060321311;respmessg:null;message:YesFairPriceChange,ScalpingYes,BasicBuy,atbest+1
INFO:order:2022-12-22 22:03:59,759;log:pre;eid:14443;call:sent;type:cancel;order:buy;asset:N;price:10;qty:null;orderid:od_1671259060321253;respmessg:null;message:NoSignalZeroHolding,NewBuyParams
INFO:order:2022-12-22 22:04:01,318;log:post;eid:14443;call:response;type:cancel;order:buy;asset:N;price:10;qty:null;orderid:od_1671259060321253;respmessg:null;message:NoSignalZeroHolding,NewBuyParams
INFO:order:2022-12-22 22:04:01,690;log:pre;eid:14443;call:sent;type:place;order:buy;asset:N;price:51;qty:5;orderid:buysend;respmessg:null;message:NoSignalZeroHolding,ScalpingNo,BasicBuy,atbest+1
INFO:order:2022-12-22 22:04:03,214;log:post;eid:14443;call:response;type:place;order:buy;asset:N;price:51;qty:5;orderid:od_1671259060321353;respmessg:null;message:NoSignalZeroHolding,ScalpingNo,BasicBuy,atbest+1
INFO:order:2022-12-22 22:06:30,337;log:pre;eid:14438;call:sent;type:cancel;order:buy;asset:Y;price:6;qty:null;orderid:od_1671259060321311;respmessg:null;message:YesSignalZeroHolding,NewBuyParams
INFO:order:2022-12-22 22:06:31,832;log:post;eid:14438;call:response;type:cancel;order:buy;asset:Y;price:6;qty:null;orderid:od_1671259060321311;respmessg:null;message:YesSignalZeroHolding,NewBuyParams
INFO:order:2022-12-22 22:06:32,171;log:pre;eid:14438;call:sent;type:place;order:buy;asset:Y;price:56;qty:15;orderid:buysend;respmessg:null;message:YesSignalZeroHolding,ScalpingYes,BasicBuy,atbest+1
INFO:order:2022-12-22 22:06:33,660;log:post;eid:14438;call:response;type:place;order:buy;asset:Y;price:56;qty:15;orderid:od_1671259060321386;respmessg:null;message:YesSignalZeroHolding,ScalpingYes,BasicBuy,atbest+1
INFO:order:2022-12-22 22:07:41,095;log:pre;eid:14440;call:sent;type:cancel;order:buy;asset:N;price:16;qty:null;orderid:od_1671259060320725;respmessg:null;message:NoSignalZeroHolding,NewBuyParams
INFO:order:2022-12-22 22:07:42,595;log:post;eid:14440;call:response;type:cancel;order:buy;asset:N;price:16;qty:null;orderid:od_1671259060320725;respmessg:null;message:NoSignalZeroHolding,NewBuyParams
INFO:order:2022-12-22 22:07:43,052;log:pre;eid:14440;call:sent;type:place;order:buy;asset:N;price:86;qty:5;orderid:buysend;respmessg:null;message:NoSignalZeroHolding,ScalpingNo,BasicBuy,atbest+1
INFO:order:2022-12-22 22:07:44,587;log:post;eid:14440;call:response;type:place;order:buy;asset:N;price:86;qty:5;orderid:od_1671259060321400;respmessg:null;message:NoSignalZeroHolding,ScalpingNo,BasicBuy,atbest+1
INFO:order:2022-12-22 22:11:48,067;log:pre;eid:14438;call:sent;type:cancel;order:buy;asset:Y;price:56;qty:null;orderid:od_1671259060321386;respmessg:null;message:YesSignalZeroHolding,NewBuyParams
INFO:order:2022-12-22 22:11:49,562;log:post;eid:14438;call:response;type:cancel;order:buy;asset:Y;price:56;qty:null;orderid:od_1671259060321386;respmessg:null;message:YesSignalZeroHolding,NewBuyParams
INFO:order:2022-12-22 22:11:49,896;log:pre;eid:14438;call:sent;type:place;order:buy;asset:Y;price:58;qty:24;orderid:buysend;respmessg:null;message:YesSignalZeroHolding,ScalpingYes,BasicBuy,atbest+1
INFO:order:2022-12-22 22:11:51,383;log:post;eid:14438;call:response;type:place;order:buy;asset:Y;price:58;qty:24;orderid:od_1671259060321441;respmessg:null;message:YesSignalZeroHolding,ScalpingYes,BasicBuy,atbest+1
INFO:order:2022-12-22 22:13:28,619;log:pre;eid:14441;call:sent;type:cancel;order:buy;asset:N;price:51;qty:null;orderid:od_1671259060320496;respmessg:null;message:NoSignalZeroHolding,NewBuyParams
INFO:order:2022-12-22 22:13:30,101;log:post;eid:14441;call:response;type:cancel;order:buy;asset:N;price:51;qty:null;orderid:od_1671259060320496;respmessg:null;message:NoSignalZeroHolding,NewBuyParams
INFO:order:2022-12-22 22:13:30,456;log:pre;eid:14441;call:sent;type:place;order:buy;asset:N;price:1;qty:8;orderid:buysend;respmessg:null;message:NoSignalZeroHolding,ScalpingNo,BasicBuy,atbest+1
INFO:order:2022-12-22 22:13:31,949;log:post;eid:14441;call:response;type:place;order:buy;asset:N;price:1;qty:8;orderid:od_1671259060321461;respmessg:null;message:NoSignalZeroHolding,ScalpingNo,BasicBuy,atbest+1
INFO:order:2022-12-22 22:14:05,377;log:pre;eid:14442;call:sent;type:cancel;order:buy;asset:N;price:86;qty:null;orderid:od_1671259060320264;respmessg:null;message:NoSignalZeroHolding,NewBuyParams
INFO:order:2022-12-22 22:14:06,861;log:post;eid:14442;call:response;type:cancel;order:buy;asset:N;price:86;qty:null;orderid:od_1671259060320264;respmessg:null;message:NoSignalZeroHolding,NewBuyParams
INFO:order:2022-12-22 22:14:07,205;log:pre;eid:14442;call:sent;type:place;order:buy;asset:N;price:97;qty:5;orderid:buysend;respmessg:null;message:NoSignalZeroHolding,ScalpingNo,BasicBuy,atbest+1
INFO:order:2022-12-22 22:14:08,688;log:post;eid:14442;call:response;type:place;order:buy;asset:N;price:97;qty:5;orderid:od_1671259060321474;respmessg:null;message:NoSignalZeroHolding,ScalpingNo,BasicBuy,atbest+1
INFO:order:2022-12-22 22:17:05,441;log:pre;eid:14438;call:sent;type:cancel;order:buy;asset:Y;price:58;qty:null;orderid:od_1671259060321441;respmessg:null;message:YesSignalZeroHolding,NewBuyParams
INFO:order:2022-12-22 22:17:06,926;log:post;eid:14438;call:response;type:cancel;order:buy;asset:Y;price:58;qty:null;orderid:od_1671259060321441;respmessg:null;message:YesSignalZeroHolding,NewBuyParams
INFO:order:2022-12-22 22:17:07,296;log:pre;eid:14438;call:sent;type:place;order:buy;asset:Y;price:69;qty:20;orderid:buysend;respmessg:null;message:YesSignalZeroHolding,ScalpingYes,BasicBuy,atbest+1
INFO:order:2022-12-22 22:17:08,768;log:post;eid:14438;call:response;type:place;order:buy;asset:Y;price:69;qty:20;orderid:od_1671259060321510;respmessg:null;message:YesSignalZeroHolding,ScalpingYes,BasicBuy,atbest+1
INFO:order:2022-12-22 22:22:11,914;log:pre;eid:14438;call:sent;type:cancel;order:buy;asset:Y;price:69;qty:null;orderid:od_1671259060321510;respmessg:null;message:YesSignalZeroHolding,NewBuyParams
INFO:order:2022-12-22 22:22:13,433;log:post;eid:14438;call:response;type:cancel;order:buy;asset:Y;price:69;qty:null;orderid:od_1671259060321510;respmessg:null;message:YesSignalZeroHolding,NewBuyParams
INFO:order:2022-12-22 22:22:13,778;log:pre;eid:14438;call:sent;type:place;order:buy;asset:Y;price:86;qty:24;orderid:buysend;respmessg:null;message:YesSignalZeroHolding,ScalpingYes,BasicBuy,atbest+1
INFO:order:2022-12-22 22:22:15,287;log:post;eid:14438;call:response;type:place;order:buy;asset:Y;price:86;qty:24;orderid:od_1671259060321624;respmessg:null;message:YesSignalZeroHolding,ScalpingYes,BasicBuy,atbest+1
INFO:order:2022-12-22 22:22:46,878;log:pre;eid:14439;call:sent;type:cancel;order:buy;asset:N;price:41;qty:null;orderid:od_1671259060321232;respmessg:null;message:NoSignalZeroHolding,NewBuyParams
INFO:order:2022-12-22 22:22:48,373;log:post;eid:14439;call:response;type:cancel;order:buy;asset:N;price:41;qty:null;orderid:od_1671259060321232;respmessg:null;message:NoSignalZeroHolding,NewBuyParams
INFO:order:2022-12-22 22:22:48,745;log:pre;eid:14439;call:sent;type:place;order:buy;asset:N;price:61;qty:6;orderid:buysend;respmessg:null;message:NoSignalZeroHolding,ScalpingNo,BasicBuy,atbest+1
INFO:order:2022-12-22 22:22:50,290;log:post;eid:14439;call:response;type:place;order:buy;asset:N;price:61;qty:6;orderid:od_1671259060321635;respmessg:null;message:NoSignalZeroHolding,ScalpingNo,BasicBuy,atbest+1
INFO:order:2022-12-22 22:30:37,104;log:pre;eid:14444;call:sent;type:place;order:sell;asset:N;price:98;qty:10;orderid:sellsend;respmessg:null;message:HoldNoQtyChange,SellingNoNewQty,ProfitSell,atBetter
INFO:order:2022-12-22 22:30:38,575;log:post;eid:14444;call:response;type:place;order:sell;asset:N;price:98;qty:10;orderid:od_1671259060321728;respmessg:null;message:HoldNoQtyChange,SellingNoNewQty,ProfitSell,atBetter
INFO:order:2022-12-22 22:32:32,527;log:pre;eid:14438;call:sent;type:cancel;order:buy;asset:Y;price:86;qty:null;orderid:od_1671259060321624;respmessg:null;message:YesSignalZeroHolding,NewBuyParams
INFO:order:2022-12-22 22:32:34,019;log:post;eid:14438;call:response;type:cancel;order:buy;asset:Y;price:86;qty:null;orderid:od_1671259060321624;respmessg:null;message:YesSignalZeroHolding,NewBuyParams
INFO:order:2022-12-22 22:32:34,399;log:pre;eid:14438;call:sent;type:place;order:buy;asset:Y;price:79;qty:30;orderid:buysend;respmessg:null;message:YesSignalZeroHolding,ScalpingYes,BasicBuy,atbest+1
INFO:order:2022-12-22 22:32:35,894;log:post;eid:14438;call:response;type:place;order:buy;asset:Y;price:79;qty:30;orderid:od_1671259060321760;respmessg:null;message:YesSignalZeroHolding,ScalpingYes,BasicBuy,atbest+1
INFO:order:2022-12-22 22:35:51,245;log:pre;eid:14444;call:sent;type:cancel;order:buy;asset:N;price:97;qty:null;orderid:od_1671259060319588;respmessg:null;message:NoSignalZeroHolding,NewBuyParams
INFO:order:2022-12-22 22:35:52,740;log:post;eid:14444;call:response;type:cancel;order:buy;asset:N;price:97;qty:null;orderid:od_1671259060319588;respmessg:null;message:NoSignalZeroHolding,NewBuyParams
INFO:order:2022-12-22 22:35:52,869;log:pre;eid:14444;call:sent;type:cancel;order:buy;asset:N;price:96;qty:null;orderid:od_1671259060319458;respmessg:null;message:NoSignalZeroHolding,NewBuyParams
INFO:order:2022-12-22 22:35:54,388;log:post;eid:14444;call:response;type:cancel;order:buy;asset:N;price:96;qty:null;orderid:od_1671259060319458;respmessg:null;message:NoSignalZeroHolding,NewBuyParams
INFO:order:2022-12-22 22:35:54,741;log:pre;eid:14444;call:sent;type:place;order:buy;asset:N;price:98;qty:12;orderid:buysend;respmessg:null;message:NoSignalZeroHolding,ScalpingNo,BasicBuy,atbest
INFO:order:2022-12-22 22:35:56,968;log:post;eid:14444;call:response;type:place;order:buy;asset:N;price:98;qty:12;orderid:od_1671259060321796;respmessg:null;message:NoSignalZeroHolding,ScalpingNo,BasicBuy,atbest
INFO:order:2022-12-22 22:37:54,034;log:pre;eid:14438;call:sent;type:cancel;order:buy;asset:Y;price:79;qty:null;orderid:od_1671259060321760;respmessg:null;message:YesSignalZeroHolding,NewBuyParams
INFO:order:2022-12-22 22:37:55,542;log:post;eid:14438;call:response;type:cancel;order:buy;asset:Y;price:79;qty:null;orderid:od_1671259060321760;respmessg:null;message:YesSignalZeroHolding,NewBuyParams
INFO:order:2022-12-22 22:37:55,907;log:pre;eid:14438;call:sent;type:place;order:buy;asset:Y;price:81;qty:25;orderid:buysend;respmessg:null;message:YesSignalZeroHolding,ScalpingYes,BasicBuy,atbest+1
INFO:order:2022-12-22 22:37:57,371;log:post;eid:14438;call:response;type:place;order:buy;asset:Y;price:81;qty:25;orderid:od_1671259060321817;respmessg:null;message:YesSignalZeroHolding,ScalpingYes,BasicBuy,atbest+1
INFO:order:2022-12-22 22:44:44,978;log:pre;eid:14441;call:sent;type:cancel;order:buy;asset:N;price:1;qty:null;orderid:od_1671259060321461;respmessg:null;message:NoSignalZeroHolding,NewBuyParams
INFO:order:2022-12-22 22:44:46,484;log:post;eid:14441;call:response;type:cancel;order:buy;asset:N;price:1;qty:null;orderid:od_1671259060321461;respmessg:null;message:NoSignalZeroHolding,NewBuyParams
INFO:order:2022-12-22 22:44:46,885;log:pre;eid:14441;call:sent;type:place;order:buy;asset:N;price:6;qty:5;orderid:buysend;respmessg:null;message:NoSignalZeroHolding,ScalpingNo,BasicBuy,atbest+1
INFO:order:2022-12-22 22:44:48,372;log:post;eid:14441;call:response;type:place;order:buy;asset:N;price:6;qty:5;orderid:od_1671259060321885;respmessg:null;message:NoSignalZeroHolding,ScalpingNo,BasicBuy,atbest+1
INFO:order:2022-12-22 22:45:57,468;log:pre;eid:14443;call:sent;type:cancel;order:buy;asset:N;price:51;qty:null;orderid:od_1671259060321353;respmessg:null;message:NoSignalZeroHolding,NewBuyParams
INFO:order:2022-12-22 22:45:58,991;log:post;eid:14443;call:response;type:cancel;order:buy;asset:N;price:51;qty:null;orderid:od_1671259060321353;respmessg:null;message:NoSignalZeroHolding,NewBuyParams
INFO:order:2022-12-22 22:45:59,348;log:pre;eid:14443;call:sent;type:place;order:buy;asset:N;price:53;qty:5;orderid:buysend;respmessg:null;message:NoSignalZeroHolding,ScalpingNo,BasicBuy,atbest+1
INFO:order:2022-12-22 22:46:00,868;log:post;eid:14443;call:response;type:place;order:buy;asset:N;price:53;qty:5;orderid:od_1671259060321909;respmessg:null;message:NoSignalZeroHolding,ScalpingNo,BasicBuy,atbest+1
INFO:order:2022-12-22 22:46:35,171;log:pre;eid:14444;call:sent;type:cancel;order:buy;asset:N;price:98;qty:null;orderid:od_1671259060321796;respmessg:null;message:NoSignalZeroHolding,NewBuyParams
INFO:order:2022-12-22 22:46:36,652;log:post;eid:14444;call:response;type:cancel;order:buy;asset:N;price:98;qty:null;orderid:od_1671259060321796;respmessg:null;message:NoSignalZeroHolding,NewBuyParams
INFO:order:2022-12-22 22:46:37,054;log:pre;eid:14444;call:sent;type:place;order:buy;asset:N;price:98;qty:15;orderid:buysend;respmessg:null;message:NoSignalZeroHolding,ScalpingNo,BasicBuy,atbest
INFO:order:2022-12-22 22:46:38,537;log:post;eid:14444;call:response;type:place;order:buy;asset:N;price:98;qty:15;orderid:od_1671259060321925;respmessg:null;message:NoSignalZeroHolding,ScalpingNo,BasicBuy,atbest
INFO:order:2022-12-22 22:48:35,554;log:pre;eid:14438;call:sent;type:cancel;order:buy;asset:Y;price:81;qty:null;orderid:od_1671259060321817;respmessg:null;message:YesSignalZeroHolding,NewBuyParams
INFO:order:2022-12-22 22:48:37,048;log:post;eid:14438;call:response;type:cancel;order:buy;asset:Y;price:81;qty:null;orderid:od_1671259060321817;respmessg:null;message:YesSignalZeroHolding,NewBuyParams
INFO:order:2022-12-22 22:48:37,392;log:pre;eid:14438;call:sent;type:place;order:buy;asset:Y;price:79;qty:30;orderid:buysend;respmessg:null;message:YesSignalZeroHolding,ScalpingYes,BasicBuy,atbest+1
INFO:order:2022-12-22 22:48:38,916;log:post;eid:14438;call:response;type:place;order:buy;asset:Y;price:79;qty:30;orderid:od_1671259060321943;respmessg:null;message:YesSignalZeroHolding,ScalpingYes,BasicBuy,atbest+1
INFO:order:2022-12-22 22:50:17,983;log:pre;eid:14441;call:sent;type:cancel;order:buy;asset:N;price:6;qty:null;orderid:od_1671259060321885;respmessg:null;message:NoSignalZeroHolding,NewBuyParams
INFO:order:2022-12-22 22:50:19,559;log:post;eid:14441;call:response;type:cancel;order:buy;asset:N;price:6;qty:null;orderid:od_1671259060321885;respmessg:null;message:NoSignalZeroHolding,NewBuyParams
INFO:order:2022-12-22 22:50:19,965;log:pre;eid:14441;call:sent;type:place;order:buy;asset:N;price:51;qty:5;orderid:buysend;respmessg:null;message:NoSignalZeroHolding,ScalpingNo,BasicBuy,atbest+1
INFO:order:2022-12-22 22:50:21,479;log:post;eid:14441;call:response;type:place;order:buy;asset:N;price:51;qty:5;orderid:od_1671259060321976;respmessg:null;message:NoSignalZeroHolding,ScalpingNo,BasicBuy,atbest+1
INFO:order:2022-12-22 22:51:27,614;log:pre;eid:14443;call:sent;type:cancel;order:buy;asset:N;price:53;qty:null;orderid:od_1671259060321909;respmessg:null;message:NoSignalZeroHolding,NewBuyParams
INFO:order:2022-12-22 22:51:29,223;log:post;eid:14443;call:response;type:cancel;order:buy;asset:N;price:53;qty:null;orderid:od_1671259060321909;respmessg:null;message:NoSignalZeroHolding,NewBuyParams
INFO:order:2022-12-22 22:51:29,699;log:pre;eid:14443;call:sent;type:place;order:buy;asset:N;price:77;qty:5;orderid:buysend;respmessg:null;message:NoSignalZeroHolding,ScalpingNo,BasicBuy,atbest+1
INFO:order:2022-12-22 22:51:31,197;log:post;eid:14443;call:response;type:place;order:buy;asset:N;price:77;qty:5;orderid:od_1671259060321993;respmessg:null;message:NoSignalZeroHolding,ScalpingNo,BasicBuy,atbest+1
INFO:order:2022-12-22 22:53:59,630;log:pre;eid:14438;call:sent;type:place;order:sell;asset:Y;price:97;qty:1;orderid:sellsend;respmessg:null;message:HoldYesQtyChange,SellingYesNewQty,ProfitSell,atBetter
INFO:order:2022-12-22 22:54:01,103;log:post;eid:14438;call:response;type:place;order:sell;asset:Y;price:97;qty:1;orderid:od_1671259060322033;respmessg:null;message:HoldYesQtyChange,SellingYesNewQty,ProfitSell,atBetter
INFO:order:2022-12-22 22:59:18,667;log:pre;eid:14438;call:sent;type:cancel;order:sell;asset:Y;price:97;qty:null;orderid:od_1671259060322033;respmessg:null;message:YesFairPriceChange,NewSellParams
INFO:order:2022-12-22 22:59:20,322;log:post;eid:14438;call:response;type:cancel;order:sell;asset:Y;price:97;qty:null;orderid:od_1671259060322033;respmessg:null;message:YesFairPriceChange,NewSellParams
INFO:order:2022-12-22 22:59:20,698;log:pre;eid:14438;call:sent;type:place;order:sell;asset:Y;price:99;qty:1;orderid:sellsend;respmessg:null;message:YesFairPriceChange,SellingBoughtQty,ProfitSell,atBetter
INFO:order:2022-12-22 22:59:22,204;log:post;eid:14438;call:response;type:place;order:sell;asset:Y;price:99;qty:1;orderid:od_1671259060322110;respmessg:null;message:YesFairPriceChange,SellingBoughtQty,ProfitSell,atBetter
INFO:order:2022-12-22 22:59:49,203;log:pre;eid:14439;call:sent;type:cancel;order:buy;asset:N;price:61;qty:null;orderid:od_1671259060321635;respmessg:null;message:NoSignalZeroHolding,NewBuyParams
INFO:order:2022-12-22 22:59:50,687;log:post;eid:14439;call:response;type:cancel;order:buy;asset:N;price:61;qty:null;orderid:od_1671259060321635;respmessg:null;message:NoSignalZeroHolding,NewBuyParams
INFO:order:2022-12-22 22:59:51,050;log:pre;eid:14439;call:sent;type:place;order:buy;asset:N;price:89;qty:8;orderid:buysend;respmessg:null;message:NoSignalZeroHolding,ScalpingNo,BasicBuy,atbest+1
INFO:order:2022-12-22 22:59:52,539;log:post;eid:14439;call:response;type:place;order:buy;asset:N;price:89;qty:8;orderid:od_1671259060322119;respmessg:null;message:NoSignalZeroHolding,ScalpingNo,BasicBuy,atbest+1
INFO:order:2022-12-22 22:59:57,405;log:pre;eid:14439;call:sent;type:cancel;order:buy;asset:N;price:89;qty:null;orderid:od_1671259060322119;respmessg:null;message:NoFairPriceChange,NewBuyParams
INFO:order:2022-12-22 22:59:58,898;log:post;eid:14439;call:response;type:cancel;order:buy;asset:N;price:89;qty:null;orderid:od_1671259060322119;respmessg:null;message:NoFairPriceChange,NewBuyParams
INFO:order:2022-12-22 22:59:59,222;log:pre;eid:14439;call:sent;type:place;order:buy;asset:N;price:94;qty:8;orderid:buysend;respmessg:null;message:NoFairPriceChange,ScalpingNo,BasicBuy,atbest+1
INFO:order:2022-12-22 23:00:00,727;log:post;eid:14439;call:response;type:place;order:buy;asset:N;price:94;qty:8;orderid:od_1671259060322129;respmessg:null;message:NoFairPriceChange,ScalpingNo,BasicBuy,atbest+1
INFO:order:2022-12-22 23:00:30,314;log:pre;eid:14440;call:sent;type:place;order:buy;asset:N;price:94;qty:5;orderid:buysend;respmessg:null;message:NoSignalZeroHolding,ScalpingNo,BasicBuy,atbest+1
INFO:order:2022-12-22 23:01:16,668;log:pre;eid:14441;call:sent;type:place;order:buy;asset:N;price:52;qty:5;orderid:buysend;respmessg:null;message:NoSignalZeroHolding,ScalpingNo,BasicBuy,atbest+1
INFO:order:2022-12-22 23:02:00,530;log:pre;eid:14442;call:sent;type:place;order:buy;asset:N;price:98;qty:5;orderid:buysend;respmessg:null;message:NoSignalZeroHolding,ScalpingNo,BasicBuy,atbest+1
INFO:order:2022-12-22 23:02:44,884;log:pre;eid:14443;call:sent;type:place;order:buy;asset:N;price:78;qty:5;orderid:buysend;respmessg:null;message:NoSignalZeroHolding,ScalpingNo,BasicBuy,atbest+1
INFO:order:2022-12-22 23:03:28,611;log:pre;eid:14444;call:sent;type:place;order:buy;asset:N;price:98;qty:15;orderid:buysend;respmessg:null;message:NoSignalZeroHolding,ScalpingNo,BasicBuy,atbest
