INFO:order:2023-01-14 16:01:23,597;log:pre;eid:16476;call:sent;type:place;order:buy;asset:N;price:77;qty:99;orderid:buysend;respmessg:null;message:NoSignalZeroHolding,ScalpingNo,BasicBuy,atbest+1
INFO:order:2023-01-14 16:01:24,613;log:post;eid:16476;call:response;type:place;order:buy;asset:N;price:77;qty:99;orderid:od_1673580913658396;respmessg:null;message:NoSignalZeroHolding,ScalpingNo,BasicBuy,atbest+1
INFO:order:2023-01-14 16:07:53,705;log:pre;eid:16476;call:sent;type:cancel;order:buy;asset:N;price:77;qty:null;orderid:od_1673580913658396;respmessg:null;message:NoSignalZeroHolding,PausingBuy
INFO:order:2023-01-14 16:07:54,715;log:post;eid:16476;call:response;type:cancel;order:buy;asset:N;price:77;qty:null;orderid:od_1673580913658396;respmessg:null;message:NoSignalZeroHolding,PausingBuy
INFO:order:2023-01-14 20:17:42,461;log:pre;eid:16476;call:sent;type:place;order:buy;asset:N;price:52;qty:50;orderid:buysend;respmessg:null;message:NoSignalZeroHolding,ScalpingNo,BasicBuy,atbest+1
INFO:order:2023-01-14 20:17:43,482;log:post;eid:16476;call:response;type:place;order:buy;asset:N;price:52;qty:50;orderid:od_1673580913668328;respmessg:null;message:NoSignalZeroHolding,ScalpingNo,BasicBuy,atbest+1
INFO:order:2023-01-14 20:24:21,784;log:pre;eid:16476;call:sent;type:cancel;order:buy;asset:N;price:52;qty:null;orderid:od_1673580913668328;respmessg:null;message:NoSignalZeroHolding,NewBuyParams
INFO:order:2023-01-14 20:24:22,787;log:post;eid:16476;call:response;type:cancel;order:buy;asset:N;price:52;qty:null;orderid:od_1673580913668328;respmessg:null;message:NoSignalZeroHolding,NewBuyParams
INFO:order:2023-01-14 20:24:23,200;log:pre;eid:16476;call:sent;type:place;order:buy;asset:N;price:81;qty:75;orderid:buysend;respmessg:null;message:NoSignalZeroHolding,ScalpingNo,BasicBuy,atbest+1
INFO:order:2023-01-14 20:24:24,195;log:post;eid:16476;call:response;type:place;order:buy;asset:N;price:81;qty:75;orderid:od_1673580913668645;respmessg:null;message:NoSignalZeroHolding,ScalpingNo,BasicBuy,atbest+1
INFO:order:2023-01-14 20:31:37,214;log:pre;eid:16476;call:sent;type:cancel;order:buy;asset:N;price:81;qty:null;orderid:od_1673580913668645;respmessg:null;message:NoSignalZeroHolding,PausingBuy
INFO:order:2023-01-14 20:31:38,240;log:post;eid:16476;call:response;type:cancel;order:buy;asset:N;price:81;qty:null;orderid:od_1673580913668645;respmessg:null;message:NoSignalZeroHolding,PausingBuy
INFO:order:2023-01-14 20:38:11,277;log:pre;eid:16476;call:sent;type:place;order:buy;asset:N;price:81;qty:50;orderid:buysend;respmessg:null;message:NoSignalZeroHolding,ScalpingNo,BasicBuy,atbest+1
INFO:order:2023-01-14 20:38:12,285;log:post;eid:16476;call:response;type:place;order:buy;asset:N;price:81;qty:50;orderid:od_1673580913669157;respmessg:null;message:NoSignalZeroHolding,ScalpingNo,BasicBuy,atbest+1
INFO:order:2023-01-14 20:51:20,114;log:pre;eid:16476;call:sent;type:cancel;order:buy;asset:N;price:81;qty:null;orderid:od_1673580913669157;respmessg:null;message:NoSignalZeroHolding,NewBuyParams
INFO:order:2023-01-14 20:51:21,144;log:post;eid:16476;call:response;type:cancel;order:buy;asset:N;price:81;qty:null;orderid:od_1673580913669157;respmessg:null;message:NoSignalZeroHolding,NewBuyParams
INFO:order:2023-01-14 20:51:21,684;log:pre;eid:16476;call:sent;type:place;order:buy;asset:N;price:91;qty:75;orderid:buysend;respmessg:null;message:NoSignalZeroHolding,ScalpingNo,BasicBuy,atbest+1
INFO:order:2023-01-14 20:51:22,722;log:post;eid:16476;call:response;type:place;order:buy;asset:N;price:91;qty:75;orderid:od_1673580913669527;respmessg:null;message:NoSignalZeroHolding,ScalpingNo,BasicBuy,atbest+1
INFO:order:2023-01-14 20:58:35,349;log:pre;eid:16476;call:sent;type:cancel;order:buy;asset:N;price:91;qty:null;orderid:od_1673580913669527;respmessg:null;message:NoSignalZeroHolding,NewBuyParams
INFO:order:2023-01-14 20:58:36,557;log:post;eid:16476;call:response;type:cancel;order:buy;asset:N;price:91;qty:null;orderid:od_1673580913669527;respmessg:null;message:NoSignalZeroHolding,NewBuyParams
INFO:order:2023-01-14 20:58:37,043;log:pre;eid:16476;call:sent;type:place;order:buy;asset:N;price:96;qty:99;orderid:buysend;respmessg:null;message:NoSignalZeroHolding,ScalpingNo,BasicBuy,atbest+1
INFO:order:2023-01-14 20:58:38,050;log:post;eid:16476;call:response;type:place;order:buy;asset:N;price:96;qty:99;orderid:od_1673580913669690;respmessg:null;message:NoSignalZeroHolding,ScalpingNo,BasicBuy,atbest+1
INFO:order:2023-01-14 21:06:42,344;log:pre;eid:16476;call:sent;type:place;order:sell;asset:N;price:98;qty:4;orderid:sellsend;respmessg:null;message:HoldNoQtyChange,SellingNoNewQty,ProfitSell,atBetter
INFO:order:2023-01-14 21:06:43,449;log:post;eid:16476;call:response;type:place;order:sell;asset:N;price:98;qty:4;orderid:od_1673580913669756;respmessg:null;message:HoldNoQtyChange,SellingNoNewQty,ProfitSell,atBetter
INFO:order:2023-01-14 21:06:47,751;log:pre;eid:16476;call:sent;type:cancel;order:sell;asset:N;price:98;qty:null;orderid:od_1673580913669756;respmessg:null;message:NoFairPriceChange,PausingSell
INFO:order:2023-01-14 21:06:48,770;log:post;eid:16476;call:response;type:cancel;order:sell;asset:N;price:98;qty:null;orderid:od_1673580913669756;respmessg:null;message:NoFairPriceChange,PausingSell
INFO:order:2023-01-14 21:13:45,164;log:pre;eid:16475;call:sent;type:place;order:buy;asset:N;price:86;qty:50;orderid:buysend;respmessg:null;message:NoSignalZeroHolding,ScalpingNo,BasicBuy,atbest+1
INFO:order:2023-01-14 21:13:46,188;log:post;eid:16475;call:response;type:place;order:buy;asset:N;price:86;qty:50;orderid:od_1673580913669806;respmessg:null;message:NoSignalZeroHolding,ScalpingNo,BasicBuy,atbest+1
INFO:order:2023-01-14 21:22:31,675;log:pre;eid:16476;call:sent;type:place;order:sell;asset:N;price:98;qty:8;orderid:sellsend;respmessg:null;message:HoldNoQtyChange,SellingNoNewQty,ProfitSell,atBetter
INFO:order:2023-01-14 21:22:32,726;log:post;eid:16476;call:response;type:place;order:sell;asset:N;price:98;qty:8;orderid:od_1673580913669847;respmessg:null;message:HoldNoQtyChange,SellingNoNewQty,ProfitSell,atBetter
INFO:order:2023-01-14 21:22:36,893;log:pre;eid:16476;call:sent;type:cancel;order:buy;asset:N;price:96;qty:null;orderid:od_1673580913669690;respmessg:null;message:NoFairPriceChange,NewBuyParams
INFO:order:2023-01-14 21:22:37,932;log:post;eid:16476;call:response;type:cancel;order:buy;asset:N;price:96;qty:null;orderid:od_1673580913669690;respmessg:null;message:NoFairPriceChange,NewBuyParams
INFO:order:2023-01-14 21:22:38,455;log:pre;eid:16476;call:sent;type:place;order:buy;asset:N;price:97;qty:99;orderid:buysend;respmessg:null;message:NoFairPriceChange,ScalpingNo,BasicBuy,atbest
INFO:order:2023-01-14 21:22:39,518;log:post;eid:16476;call:response;type:place;order:buy;asset:N;price:97;qty:99;orderid:od_1673580913669853;respmessg:null;message:NoFairPriceChange,ScalpingNo,BasicBuy,atbest
INFO:order:2023-01-14 21:22:40,985;log:pre;eid:16476;call:sent;type:cancel;order:sell;asset:N;price:98;qty:null;orderid:od_1673580913669847;respmessg:null;message:NoFairPriceChange,PausingSell
INFO:order:2023-01-14 21:22:42,024;log:post;eid:16476;call:response;type:cancel;order:sell;asset:N;price:98;qty:null;orderid:od_1673580913669847;respmessg:null;message:NoFairPriceChange,PausingSell
INFO:order:2023-01-14 21:29:47,933;log:pre;eid:16476;call:sent;type:cancel;order:buy;asset:N;price:97;qty:null;orderid:od_1673580913669853;respmessg:null;message:NoFairPriceChange,NewBuyParams
INFO:order:2023-01-14 21:29:48,941;log:post;eid:16476;call:response;type:cancel;order:buy;asset:N;price:97;qty:null;orderid:od_1673580913669853;respmessg:null;message:NoFairPriceChange,NewBuyParams
INFO:order:2023-01-14 21:29:49,288;log:pre;eid:16476;call:sent;type:place;order:buy;asset:N;price:98;qty:99;orderid:buysend;respmessg:null;message:NoFairPriceChange,ScalpingNo,BasicBuy,atbest+1
INFO:order:2023-01-14 21:29:50,267;log:post;eid:16476;call:response;type:place;order:buy;asset:N;price:98;qty:99;orderid:od_1673580913669904;respmessg:null;message:NoFairPriceChange,ScalpingNo,BasicBuy,atbest+1
INFO:order:2023-01-14 21:35:26,505;log:pre;eid:16475;call:sent;type:cancel;order:buy;asset:N;price:86;qty:null;orderid:od_1673580913669806;respmessg:null;message:NoSignalZeroHolding,NewBuyParams
INFO:order:2023-01-14 21:35:27,516;log:post;eid:16475;call:response;type:cancel;order:buy;asset:N;price:86;qty:null;orderid:od_1673580913669806;respmessg:null;message:NoSignalZeroHolding,NewBuyParams
INFO:order:2023-01-14 21:35:27,892;log:pre;eid:16475;call:sent;type:place;order:buy;asset:N;price:88;qty:99;orderid:buysend;respmessg:null;message:NoSignalZeroHolding,ScalpingNo,BasicBuy,atbest+1
INFO:order:2023-01-14 21:35:28,888;log:post;eid:16475;call:response;type:place;order:buy;asset:N;price:88;qty:99;orderid:od_1673580913669954;respmessg:null;message:NoSignalZeroHolding,ScalpingNo,BasicBuy,atbest+1
INFO:order:2023-01-14 21:36:10,456;log:pre;eid:16476;call:sent;type:place;order:sell;asset:N;price:98;qty:9;orderid:sellsend;respmessg:null;message:HoldNoQtyChange,SellingNoNewQty,ProfitSell,atAvgBuy+1
INFO:order:2023-01-14 21:36:11,503;log:post;eid:16476;call:response;type:place;order:sell;asset:N;price:98;qty:9;orderid:od_1673580913669960;respmessg:null;message:HoldNoQtyChange,SellingNoNewQty,ProfitSell,atAvgBuy+1
INFO:order:2023-01-14 21:36:15,454;log:pre;eid:16476;call:sent;type:cancel;order:sell;asset:N;price:98;qty:null;orderid:od_1673580913669960;respmessg:null;message:NoFairPriceChange,PausingSell
INFO:order:2023-01-14 21:36:16,443;log:post;eid:16476;call:response;type:cancel;order:sell;asset:N;price:98;qty:null;orderid:od_1673580913669960;respmessg:null;message:NoFairPriceChange,PausingSell
INFO:order:2023-01-14 21:42:32,125;log:pre;eid:16476;call:sent;type:place;order:sell;asset:N;price:98;qty:11;orderid:sellsend;respmessg:null;message:HoldNoQtyChange,SellingNoNewQty,ProfitSell,atAvgBuy+1
INFO:order:2023-01-14 21:42:33,096;log:post;eid:16476;call:response;type:place;order:sell;asset:N;price:98;qty:11;orderid:od_1673580913670028;respmessg:null;message:HoldNoQtyChange,SellingNoNewQty,ProfitSell,atAvgBuy+1
INFO:order:2023-01-14 21:42:36,995;log:pre;eid:16476;call:sent;type:cancel;order:buy;asset:N;price:98;qty:null;orderid:od_1673580913669904;respmessg:null;message:NoFairPriceChange,NewBuyParams
INFO:order:2023-01-14 21:42:37,958;log:post;eid:16476;call:response;type:cancel;order:buy;asset:N;price:98;qty:null;orderid:od_1673580913669904;respmessg:null;message:NoFairPriceChange,NewBuyParams
INFO:order:2023-01-14 21:42:38,361;log:pre;eid:16476;call:sent;type:place;order:buy;asset:N;price:82;qty:99;orderid:buysend;respmessg:null;message:NoFairPriceChange,ScalpingNo,BasicBuy,atbest+1
INFO:order:2023-01-14 21:42:39,313;log:post;eid:16476;call:response;type:place;order:buy;asset:N;price:82;qty:99;orderid:od_1673580913670031;respmessg:null;message:NoFairPriceChange,ScalpingNo,BasicBuy,atbest+1
INFO:order:2023-01-14 21:42:40,661;log:pre;eid:16476;call:sent;type:cancel;order:sell;asset:N;price:98;qty:null;orderid:od_1673580913670028;respmessg:null;message:NoFairPriceChange,PausingSell
INFO:order:2023-01-14 21:42:41,670;log:post;eid:16476;call:response;type:cancel;order:sell;asset:N;price:98;qty:null;orderid:od_1673580913670028;respmessg:null;message:NoFairPriceChange,PausingSell
INFO:order:2023-01-14 21:48:55,598;log:pre;eid:16476;call:sent;type:place;order:sell;asset:N;price:98;qty:12;orderid:sellsend;respmessg:null;message:HoldNoQtyChange,SellingNoNewQty,ProfitSell,atAvgBuy+1
INFO:order:2023-01-14 21:48:56,610;log:post;eid:16476;call:response;type:place;order:sell;asset:N;price:98;qty:12;orderid:od_1673580913670101;respmessg:null;message:HoldNoQtyChange,SellingNoNewQty,ProfitSell,atAvgBuy+1
INFO:order:2023-01-14 21:54:45,500;log:pre;eid:16475;call:sent;type:cancel;order:buy;asset:N;price:88;qty:null;orderid:od_1673580913669954;respmessg:null;message:NoSignalZeroHolding,NewBuyParams
INFO:order:2023-01-14 21:54:46,458;log:post;eid:16475;call:response;type:cancel;order:buy;asset:N;price:88;qty:null;orderid:od_1673580913669954;respmessg:null;message:NoSignalZeroHolding,NewBuyParams
INFO:order:2023-01-14 21:54:46,882;log:pre;eid:16475;call:sent;type:place;order:buy;asset:N;price:93;qty:99;orderid:buysend;respmessg:null;message:NoSignalZeroHolding,ScalpingNo,BasicBuy,atbest+1
INFO:order:2023-01-14 21:54:47,858;log:post;eid:16475;call:response;type:place;order:buy;asset:N;price:93;qty:99;orderid:od_1673580913670224;respmessg:null;message:NoSignalZeroHolding,ScalpingNo,BasicBuy,atbest+1
INFO:order:2023-01-14 21:55:29,505;log:pre;eid:16476;call:sent;type:place;order:sell;asset:N;price:98;qty:41;orderid:sellsend;respmessg:null;message:HoldNoQtyChange,SellingNoNewQty,ProfitSell,atBetter
INFO:order:2023-01-14 21:55:30,490;log:post;eid:16476;call:response;type:place;order:sell;asset:N;price:98;qty:41;orderid:od_1673580913670250;respmessg:null;message:HoldNoQtyChange,SellingNoNewQty,ProfitSell,atBetter
INFO:order:2023-01-14 21:55:35,697;log:pre;eid:16476;call:sent;type:cancel;order:sell;asset:N;price:98;qty:null;orderid:od_1673580913670250;respmessg:null;message:YesFairPriceChange,NewSellParams
INFO:order:2023-01-14 21:55:36,729;log:post;eid:16476;call:response;type:cancel;order:sell;asset:N;price:98;qty:null;orderid:od_1673580913670250;respmessg:null;message:YesFairPriceChange,NewSellParams
INFO:order:2023-01-14 21:55:37,123;log:pre;eid:16476;call:sent;type:place;order:sell;asset:N;price:98;qty:41;orderid:sellsend;respmessg:null;message:YesFairPriceChange,SellingBoughtQty,ProfitSell,atBetter
INFO:order:2023-01-14 21:55:38,090;log:post;eid:16476;call:response;type:place;order:sell;asset:N;price:98;qty:41;orderid:od_1673580913670256;respmessg:null;message:YesFairPriceChange,SellingBoughtQty,ProfitSell,atBetter
INFO:order:2023-01-14 22:01:51,803;log:pre;eid:16476;call:sent;type:cancel;order:sell;asset:N;price:98;qty:null;orderid:od_1673580913670256;respmessg:null;message:HoldNoQtyChange,HoldQtyChange
INFO:order:2023-01-14 22:01:52,776;log:post;eid:16476;call:response;type:cancel;order:sell;asset:N;price:98;qty:null;orderid:od_1673580913670256;respmessg:null;message:HoldNoQtyChange,HoldQtyChange
INFO:order:2023-01-14 22:01:53,161;log:pre;eid:16476;call:sent;type:place;order:sell;asset:N;price:98;qty:29;orderid:sellsend;respmessg:null;message:HoldNoQtyChange,SellingNoNewQty,ProfitSell,atBetter
INFO:order:2023-01-14 22:01:54,137;log:post;eid:16476;call:response;type:place;order:sell;asset:N;price:98;qty:29;orderid:od_1673580913670408;respmessg:null;message:HoldNoQtyChange,SellingNoNewQty,ProfitSell,atBetter
INFO:order:2023-01-14 22:07:31,904;log:pre;eid:16475;call:sent;type:place;order:sell;asset:N;price:98;qty:3;orderid:sellsend;respmessg:null;message:HoldNoQtyChange,SellingNoNewQty,ProfitSell,atBetter
INFO:order:2023-01-14 22:07:32,878;log:post;eid:16475;call:response;type:place;order:sell;asset:N;price:98;qty:3;orderid:od_1673580913670562;respmessg:null;message:HoldNoQtyChange,SellingNoNewQty,ProfitSell,atBetter
INFO:order:2023-01-14 22:07:36,870;log:pre;eid:16475;call:sent;type:cancel;order:sell;asset:N;price:98;qty:null;orderid:od_1673580913670562;respmessg:null;message:NoFairPriceChange,PausingSell
INFO:order:2023-01-14 22:07:37,883;log:post;eid:16475;call:response;type:cancel;order:sell;asset:N;price:98;qty:null;orderid:od_1673580913670562;respmessg:null;message:NoFairPriceChange,PausingSell
INFO:order:2023-01-14 22:08:10,488;log:pre;eid:16476;call:sent;type:cancel;order:sell;asset:N;price:98;qty:null;orderid:od_1673580913670408;respmessg:null;message:HoldNoQtyChange,HoldQtyChange
INFO:order:2023-01-14 22:08:11,483;log:post;eid:16476;call:response;type:cancel;order:sell;asset:N;price:98;qty:null;orderid:od_1673580913670408;respmessg:null;message:HoldNoQtyChange,HoldQtyChange
INFO:order:2023-01-14 22:08:11,873;log:pre;eid:16476;call:sent;type:place;order:sell;asset:N;price:98;qty:31;orderid:sellsend;respmessg:null;message:HoldNoQtyChange,SellingNoNewQty,ProfitSell,atBetter
INFO:order:2023-01-14 22:08:12,909;log:post;eid:16476;call:response;type:place;order:sell;asset:N;price:98;qty:31;orderid:od_1673580913670584;respmessg:null;message:HoldNoQtyChange,SellingNoNewQty,ProfitSell,atBetter
INFO:order:2023-01-14 22:14:26,935;log:pre;eid:16476;call:sent;type:cancel;order:sell;asset:N;price:98;qty:null;orderid:od_1673580913670584;respmessg:null;message:HoldNoQtyChange,HoldQtyChange
INFO:order:2023-01-14 22:14:27,900;log:post;eid:16476;call:response;type:cancel;order:sell;asset:N;price:98;qty:null;orderid:od_1673580913670584;respmessg:null;message:HoldNoQtyChange,HoldQtyChange
INFO:order:2023-01-14 22:14:28,278;log:pre;eid:16476;call:sent;type:place;order:sell;asset:N;price:98;qty:29;orderid:sellsend;respmessg:null;message:HoldNoQtyChange,SellingNoNewQty,ProfitSell,atBetter
INFO:order:2023-01-14 22:14:29,272;log:post;eid:16476;call:response;type:place;order:sell;asset:N;price:98;qty:29;orderid:od_1673580913670745;respmessg:null;message:HoldNoQtyChange,SellingNoNewQty,ProfitSell,atBetter
INFO:order:2023-01-14 22:14:33,195;log:pre;eid:16476;call:sent;type:cancel;order:buy;asset:N;price:82;qty:null;orderid:od_1673580913670031;respmessg:null;message:NoFairPriceChange,NewBuyParams
INFO:order:2023-01-14 22:14:34,168;log:post;eid:16476;call:response;type:cancel;order:buy;asset:N;price:82;qty:null;orderid:od_1673580913670031;respmessg:null;message:NoFairPriceChange,NewBuyParams
INFO:order:2023-01-14 22:14:34,554;log:pre;eid:16476;call:sent;type:place;order:buy;asset:N;price:97;qty:75;orderid:buysend;respmessg:null;message:NoFairPriceChange,ScalpingNo,BasicBuy,atbest+1
INFO:order:2023-01-14 22:14:35,564;log:post;eid:16476;call:response;type:place;order:buy;asset:N;price:97;qty:75;orderid:od_1673580913670748;respmessg:null;message:NoFairPriceChange,ScalpingNo,BasicBuy,atbest+1
INFO:order:2023-01-14 22:14:36,947;log:pre;eid:16476;call:sent;type:cancel;order:sell;asset:N;price:98;qty:null;orderid:od_1673580913670745;respmessg:null;message:NoFairPriceChange,PausingSell
INFO:order:2023-01-14 22:14:37,939;log:post;eid:16476;call:response;type:cancel;order:sell;asset:N;price:98;qty:null;orderid:od_1673580913670745;respmessg:null;message:NoFairPriceChange,PausingSell
INFO:order:2023-01-14 22:19:32,066;log:pre;eid:16474;call:sent;type:place;order:buy;asset:N;price:6;qty:50;orderid:buysend;respmessg:null;message:NoSignalZeroHolding,ScalpingNo,BasicBuy,atbest+1
INFO:order:2023-01-14 22:19:33,048;log:post;eid:16474;call:response;type:place;order:buy;asset:N;price:6;qty:50;orderid:od_1673580913670858;respmessg:null;message:NoSignalZeroHolding,ScalpingNo,BasicBuy,atbest+1
INFO:order:2023-01-14 22:25:45,594;log:pre;eid:16474;call:sent;type:cancel;order:buy;asset:N;price:6;qty:null;orderid:od_1673580913670858;respmessg:null;message:NoSignalZeroHolding,NewBuyParams
INFO:order:2023-01-14 22:25:46,559;log:post;eid:16474;call:response;type:cancel;order:buy;asset:N;price:6;qty:null;orderid:od_1673580913670858;respmessg:null;message:NoSignalZeroHolding,NewBuyParams
INFO:order:2023-01-14 22:25:46,909;log:pre;eid:16474;call:sent;type:place;order:buy;asset:N;price:2;qty:50;orderid:buysend;respmessg:null;message:NoSignalZeroHolding,ScalpingNo,BasicBuy,atbest+1
INFO:order:2023-01-14 22:25:47,887;log:post;eid:16474;call:response;type:place;order:buy;asset:N;price:2;qty:50;orderid:od_1673580913671014;respmessg:null;message:NoSignalZeroHolding,ScalpingNo,BasicBuy,atbest+1
INFO:order:2023-01-14 22:26:32,078;log:pre;eid:16475;call:sent;type:place;order:sell;asset:N;price:98;qty:4;orderid:sellsend;respmessg:null;message:HoldNoQtyChange,SellingNoNewQty,ProfitSell,atBetter
INFO:order:2023-01-14 22:26:33,055;log:post;eid:16475;call:response;type:place;order:sell;asset:N;price:98;qty:4;orderid:od_1673580913671063;respmessg:null;message:HoldNoQtyChange,SellingNoNewQty,ProfitSell,atBetter
INFO:order:2023-01-14 22:26:36,979;log:pre;eid:16475;call:sent;type:cancel;order:sell;asset:N;price:98;qty:null;orderid:od_1673580913671063;respmessg:null;message:NoFairPriceChange,PausingSell
INFO:order:2023-01-14 22:26:37,943;log:post;eid:16475;call:response;type:cancel;order:sell;asset:N;price:98;qty:null;orderid:od_1673580913671063;respmessg:null;message:NoFairPriceChange,PausingSell
INFO:order:2023-01-14 22:27:10,536;log:pre;eid:16476;call:sent;type:place;order:sell;asset:N;price:98;qty:30;orderid:sellsend;respmessg:null;message:HoldNoQtyChange,SellingNoNewQty,ProfitSell,atBetter
INFO:order:2023-01-14 22:27:11,573;log:post;eid:16476;call:response;type:place;order:sell;asset:N;price:98;qty:30;orderid:od_1673580913671094;respmessg:null;message:HoldNoQtyChange,SellingNoNewQty,ProfitSell,atBetter
INFO:order:2023-01-14 22:27:15,498;log:pre;eid:16476;call:sent;type:cancel;order:buy;asset:N;price:97;qty:null;orderid:od_1673580913670748;respmessg:null;message:NoFairPriceChange,NewBuyParams
INFO:order:2023-01-14 22:27:16,498;log:post;eid:16476;call:response;type:cancel;order:buy;asset:N;price:97;qty:null;orderid:od_1673580913670748;respmessg:null;message:NoFairPriceChange,NewBuyParams
INFO:order:2023-01-14 22:27:17,000;log:pre;eid:16476;call:sent;type:place;order:buy;asset:N;price:91;qty:99;orderid:buysend;respmessg:null;message:NoFairPriceChange,ScalpingNo,BasicBuy,atbest+1
INFO:order:2023-01-14 22:27:18,053;log:post;eid:16476;call:response;type:place;order:buy;asset:N;price:91;qty:99;orderid:od_1673580913671100;respmessg:null;message:NoFairPriceChange,ScalpingNo,BasicBuy,atbest+1
INFO:order:2023-01-14 22:27:19,370;log:pre;eid:16476;call:sent;type:cancel;order:sell;asset:N;price:98;qty:null;orderid:od_1673580913671094;respmessg:null;message:NoFairPriceChange,PausingSell
INFO:order:2023-01-14 22:27:20,366;log:post;eid:16476;call:response;type:cancel;order:sell;asset:N;price:98;qty:null;orderid:od_1673580913671094;respmessg:null;message:NoFairPriceChange,PausingSell
INFO:order:2023-01-14 22:31:36,630;log:pre;eid:16473;call:sent;type:place;order:buy;asset:N;price:51;qty:99;orderid:buysend;respmessg:null;message:NoSignalZeroHolding,ScalpingNo,BasicBuy,atbest+1
INFO:order:2023-01-14 22:31:37,637;log:post;eid:16473;call:response;type:place;order:buy;asset:N;price:51;qty:99;orderid:od_1673580913671308;respmessg:null;message:NoSignalZeroHolding,ScalpingNo,BasicBuy,atbest+1
INFO:order:2023-01-14 22:33:37,068;log:pre;eid:16476;call:sent;type:cancel;order:buy;asset:N;price:91.0;qty:null;orderid:od_1673580913671100;respmessg:null;message:NoFairPriceChange,NewBuyParams
INFO:order:2023-01-14 22:33:37,709;log:post;eid:16476;call:response;type:cancel;order:buy;asset:N;price:91.0;qty:null;orderid:od_1673580913671100;respmessg:notsuccess;message:NoFairPriceChange,NewBuyParams
INFO:order:2023-01-14 22:33:38,079;log:pre;eid:16476;call:sent;type:place;order:buy;asset:N;price:98;qty:99;orderid:buysend;respmessg:null;message:NoFairPriceChange,ScalpingNo,BasicBuy,atbest+1
INFO:order:2023-01-14 22:33:39,030;log:post;eid:16476;call:response;type:place;order:buy;asset:N;price:98;qty:99;orderid:od_1673580913671411;respmessg:null;message:NoFairPriceChange,ScalpingNo,BasicBuy,atbest+1
INFO:order:2023-01-14 22:35:15,715;log:pre;eid:16469;call:sent;type:place;order:buy;asset:Y;price:6;qty:50;orderid:buysend;respmessg:null;message:YesSignalZeroHolding,ScalpingYes,BasicBuy,atbest+1
INFO:order:2023-01-14 22:35:16,688;log:post;eid:16469;call:response;type:place;order:buy;asset:Y;price:6;qty:50;orderid:od_1673580913671504;respmessg:null;message:YesSignalZeroHolding,ScalpingYes,BasicBuy,atbest+1
INFO:order:2023-01-14 22:38:41,106;log:pre;eid:16474;call:sent;type:place;order:sell;asset:N;price:97;qty:1;orderid:sellsend;respmessg:null;message:HoldNoQtyChange,SellingNoNewQty,ProfitSell,atBetter
INFO:order:2023-01-14 22:38:42,079;log:post;eid:16474;call:response;type:place;order:sell;asset:N;price:97;qty:1;orderid:od_1673580913671689;respmessg:null;message:HoldNoQtyChange,SellingNoNewQty,ProfitSell,atBetter
INFO:order:2023-01-14 22:39:52,224;log:pre;eid:16476;call:sent;type:place;order:sell;asset:N;price:98;qty:31;orderid:sellsend;respmessg:null;message:HoldNoQtyChange,SellingNoNewQty,ProfitSell,atBetter
INFO:order:2023-01-14 22:39:53,233;log:post;eid:16476;call:response;type:place;order:sell;asset:N;price:98;qty:31;orderid:od_1673580913671748;respmessg:null;message:HoldNoQtyChange,SellingNoNewQty,ProfitSell,atBetter
INFO:order:2023-01-14 22:39:57,224;log:pre;eid:16476;call:sent;type:cancel;order:buy;asset:N;price:98;qty:null;orderid:od_1673580913671411;respmessg:null;message:NoFairPriceChange,NewBuyParams
INFO:order:2023-01-14 22:39:58,206;log:post;eid:16476;call:response;type:cancel;order:buy;asset:N;price:98;qty:null;orderid:od_1673580913671411;respmessg:null;message:NoFairPriceChange,NewBuyParams
INFO:order:2023-01-14 22:39:58,209;log:pre;eid:16476;call:sent;type:cancel;order:buy;asset:N;price:91;qty:null;orderid:od_1673580913671100;respmessg:null;message:NoFairPriceChange,NewBuyParams
INFO:order:2023-01-14 22:39:59,168;log:post;eid:16476;call:response;type:cancel;order:buy;asset:N;price:91;qty:null;orderid:od_1673580913671100;respmessg:null;message:NoFairPriceChange,NewBuyParams
INFO:order:2023-01-14 22:39:59,590;log:pre;eid:16476;call:sent;type:place;order:buy;asset:N;price:93;qty:99;orderid:buysend;respmessg:null;message:NoFairPriceChange,ScalpingNo,BasicBuy,atbest+1
INFO:order:2023-01-14 22:40:00,715;log:post;eid:16476;call:response;type:place;order:buy;asset:N;price:93;qty:99;orderid:od_1673580913671758;respmessg:null;message:NoFairPriceChange,ScalpingNo,BasicBuy,atbest+1
INFO:order:2023-01-14 22:40:02,040;log:pre;eid:16476;call:sent;type:cancel;order:sell;asset:N;price:98;qty:null;orderid:od_1673580913671748;respmessg:null;message:NoFairPriceChange,PausingSell
INFO:order:2023-01-14 22:40:03,013;log:post;eid:16476;call:response;type:cancel;order:sell;asset:N;price:98;qty:null;orderid:od_1673580913671748;respmessg:null;message:NoFairPriceChange,PausingSell
INFO:order:2023-01-14 22:44:28,195;log:pre;eid:16473;call:sent;type:cancel;order:buy;asset:N;price:51;qty:null;orderid:od_1673580913671308;respmessg:null;message:NoSignalZeroHolding,PausingBuy
INFO:order:2023-01-14 22:44:29,202;log:post;eid:16473;call:response;type:cancel;order:buy;asset:N;price:51;qty:null;orderid:od_1673580913671308;respmessg:null;message:NoSignalZeroHolding,PausingBuy
INFO:order:2023-01-14 22:45:16,881;log:pre;eid:16474;call:sent;type:cancel;order:sell;asset:N;price:97;qty:null;orderid:od_1673580913671689;respmessg:null;message:YesFairPriceChange,NewSellParams
INFO:order:2023-01-14 22:45:17,883;log:post;eid:16474;call:response;type:cancel;order:sell;asset:N;price:97;qty:null;orderid:od_1673580913671689;respmessg:null;message:YesFairPriceChange,NewSellParams
INFO:order:2023-01-14 22:45:18,231;log:pre;eid:16474;call:sent;type:place;order:sell;asset:N;price:97;qty:1;orderid:sellsend;respmessg:null;message:YesFairPriceChange,SellingBoughtQty,ProfitSell,atBetter
INFO:order:2023-01-14 22:45:19,193;log:post;eid:16474;call:response;type:place;order:sell;asset:N;price:97;qty:1;orderid:od_1673580913671983;respmessg:null;message:YesFairPriceChange,SellingBoughtQty,ProfitSell,atBetter
INFO:order:2023-01-14 22:46:31,904;log:pre;eid:16476;call:sent;type:cancel;order:buy;asset:N;price:93;qty:null;orderid:od_1673580913671758;respmessg:null;message:NoFairPriceChange,NewBuyParams
INFO:order:2023-01-14 22:46:32,889;log:post;eid:16476;call:response;type:cancel;order:buy;asset:N;price:93;qty:null;orderid:od_1673580913671758;respmessg:null;message:NoFairPriceChange,NewBuyParams
INFO:order:2023-01-14 22:46:33,255;log:pre;eid:16476;call:sent;type:place;order:buy;asset:N;price:98;qty:99;orderid:buysend;respmessg:null;message:NoFairPriceChange,ScalpingNo,BasicBuy,atbest+1
INFO:order:2023-01-14 22:46:34,253;log:post;eid:16476;call:response;type:place;order:buy;asset:N;price:98;qty:99;orderid:od_1673580913672042;respmessg:null;message:NoFairPriceChange,ScalpingNo,BasicBuy,atbest+1
INFO:order:2023-01-14 22:48:55,496;log:pre;eid:16470;call:sent;type:place;order:buy;asset:Y;price:11;qty:50;orderid:buysend;respmessg:null;message:YesSignalZeroHolding,ScalpingYes,BasicBuy,atbest+1
INFO:order:2023-01-14 22:48:56,522;log:post;eid:16470;call:response;type:place;order:buy;asset:Y;price:11;qty:50;orderid:od_1673580913672158;respmessg:null;message:YesSignalZeroHolding,ScalpingYes,BasicBuy,atbest+1
INFO:order:2023-01-14 22:51:06,016;log:pre;eid:16473;call:sent;type:place;order:buy;asset:N;price:51;qty:99;orderid:buysend;respmessg:null;message:NoSignalZeroHolding,ScalpingNo,BasicBuy,atbest+1
INFO:order:2023-01-14 22:51:07,021;log:post;eid:16473;call:response;type:place;order:buy;asset:N;price:51;qty:99;orderid:od_1673580913672245;respmessg:null;message:NoSignalZeroHolding,ScalpingNo,BasicBuy,atbest+1
INFO:order:2023-01-14 22:53:09,905;log:pre;eid:16476;call:sent;type:place;order:sell;asset:N;price:98;qty:36;orderid:sellsend;respmessg:null;message:HoldNoQtyChange,SellingNoNewQty,ProfitSell,atBetter
INFO:order:2023-01-14 22:53:10,904;log:post;eid:16476;call:response;type:place;order:sell;asset:N;price:98;qty:36;orderid:od_1673580913672322;respmessg:null;message:HoldNoQtyChange,SellingNoNewQty,ProfitSell,atBetter
INFO:order:2023-01-14 22:53:15,083;log:pre;eid:16476;call:sent;type:cancel;order:buy;asset:N;price:98;qty:null;orderid:od_1673580913672042;respmessg:null;message:NoFairPriceChange,NewBuyParams
INFO:order:2023-01-14 22:53:16,079;log:post;eid:16476;call:response;type:cancel;order:buy;asset:N;price:98;qty:null;orderid:od_1673580913672042;respmessg:null;message:NoFairPriceChange,NewBuyParams
INFO:order:2023-01-14 22:53:16,478;log:pre;eid:16476;call:sent;type:place;order:buy;asset:N;price:88;qty:99;orderid:buysend;respmessg:null;message:NoFairPriceChange,ScalpingNo,BasicBuy,atbest+1
INFO:order:2023-01-14 22:53:17,479;log:post;eid:16476;call:response;type:place;order:buy;asset:N;price:88;qty:99;orderid:od_1673580913672329;respmessg:null;message:NoFairPriceChange,ScalpingNo,BasicBuy,atbest+1
INFO:order:2023-01-14 22:53:18,874;log:pre;eid:16476;call:sent;type:cancel;order:sell;asset:N;price:98;qty:null;orderid:od_1673580913672322;respmessg:null;message:NoFairPriceChange,PausingSell
INFO:order:2023-01-14 22:53:19,843;log:post;eid:16476;call:response;type:cancel;order:sell;asset:N;price:98;qty:null;orderid:od_1673580913672322;respmessg:null;message:NoFairPriceChange,PausingSell
INFO:order:2023-01-14 22:55:40,919;log:pre;eid:16470;call:sent;type:cancel;order:buy;asset:Y;price:11;qty:null;orderid:od_1673580913672158;respmessg:null;message:YesSignalZeroHolding,NewBuyParams
INFO:order:2023-01-14 22:55:41,940;log:post;eid:16470;call:response;type:cancel;order:buy;asset:Y;price:11;qty:null;orderid:od_1673580913672158;respmessg:null;message:YesSignalZeroHolding,NewBuyParams
INFO:order:2023-01-14 22:55:42,367;log:pre;eid:16470;call:sent;type:place;order:buy;asset:Y;price:51;qty:50;orderid:buysend;respmessg:null;message:YesSignalZeroHolding,ScalpingYes,BasicBuy,atbest+1
INFO:order:2023-01-14 22:55:43,373;log:post;eid:16470;call:response;type:place;order:buy;asset:Y;price:51;qty:50;orderid:od_1673580913672425;respmessg:null;message:YesSignalZeroHolding,ScalpingYes,BasicBuy,atbest+1
INFO:order:2023-01-14 22:58:05,408;log:pre;eid:16473;call:sent;type:place;order:buy;asset:N;price:99;qty:20;orderid:buysend;respmessg:null;message:absorbing orderbook
INFO:order:2023-01-14 22:58:06,368;log:post;eid:16473;call:response;type:place;order:buy;asset:N;price:99;qty:20;orderid:od_1673580913672497;respmessg:null;message:absorbing orderbook
INFO:order:2023-01-14 22:58:38,903;log:pre;eid:16474;call:sent;type:cancel;order:buy;asset:N;price:2;qty:null;orderid:od_1673580913671014;respmessg:null;message:NoSignalZeroHolding,NewBuyParams
INFO:order:2023-01-14 22:58:39,875;log:post;eid:16474;call:response;type:cancel;order:buy;asset:N;price:2;qty:null;orderid:od_1673580913671014;respmessg:null;message:NoSignalZeroHolding,NewBuyParams
INFO:order:2023-01-14 22:58:40,336;log:pre;eid:16474;call:sent;type:place;order:buy;asset:N;price:51;qty:50;orderid:buysend;respmessg:null;message:NoSignalZeroHolding,ScalpingNo,BasicBuy,atbest+1
INFO:order:2023-01-14 22:58:41,302;log:post;eid:16474;call:response;type:place;order:buy;asset:N;price:51;qty:50;orderid:od_1673580913672505;respmessg:null;message:NoSignalZeroHolding,ScalpingNo,BasicBuy,atbest+1
INFO:order:2023-01-14 22:59:30,054;log:pre;eid:16475;call:sent;type:place;order:buy;asset:N;price:99;qty:9;orderid:buysend;respmessg:null;message:absorbing orderbook
INFO:order:2023-01-14 22:59:31,098;log:post;eid:16475;call:response;type:place;order:buy;asset:N;price:99;qty:9;orderid:od_1673580913672522;respmessg:null;message:absorbing orderbook
INFO:order:2023-01-14 23:00:07,792;log:pre;eid:16476;call:sent;type:place;order:buy;asset:N;price:99;qty:9;orderid:buysend;respmessg:null;message:absorbing orderbook
