INFO:order:2023-01-03 15:05:34,097;log:pre;eid:15361;call:sent;type:place;order:buy;asset:Y;price:51;qty:60;orderid:buysend;respmessg:null;message:YesSignalZeroHolding,ScalpingYes,BasicBuy,atbest+1
INFO:order:2023-01-03 15:05:35,617;log:post;eid:15361;call:response;type:place;order:buy;asset:Y;price:51;qty:60;orderid:od_1672557452831272;respmessg:null;message:YesSignalZeroHolding,ScalpingYes,BasicBuy,atbest+1
INFO:order:2023-01-03 15:06:13,375;log:pre;eid:15362;call:sent;type:place;order:buy;asset:Y;price:51;qty:60;orderid:buysend;respmessg:null;message:YesSignalZeroHolding,ScalpingYes,BasicBuy,atbest+1
INFO:order:2023-01-03 15:06:14,903;log:post;eid:15362;call:response;type:place;order:buy;asset:Y;price:51;qty:60;orderid:od_1672557452831297;respmessg:null;message:YesSignalZeroHolding,ScalpingYes,BasicBuy,atbest+1
INFO:order:2023-01-03 15:07:02,182;log:pre;eid:15363;call:sent;type:place;order:buy;asset:Y;price:51;qty:60;orderid:buysend;respmessg:null;message:YesSignalZeroHolding,ScalpingYes,BasicBuy,atbest+1
INFO:order:2023-01-03 15:07:03,711;log:post;eid:15363;call:response;type:place;order:buy;asset:Y;price:51;qty:60;orderid:od_1672557452831328;respmessg:null;message:YesSignalZeroHolding,ScalpingYes,BasicBuy,atbest+1
INFO:order:2023-01-03 15:09:11,135;log:pre;eid:15366;call:sent;type:place;order:buy;asset:N;price:6;qty:30;orderid:buysend;respmessg:null;message:NoSignalZeroHolding,ScalpingNo,BasicBuy,atbest+1
INFO:order:2023-01-03 15:09:12,745;log:post;eid:15366;call:response;type:place;order:buy;asset:N;price:6;qty:30;orderid:od_1672557452831411;respmessg:null;message:NoSignalZeroHolding,ScalpingNo,BasicBuy,atbest+1
INFO:order:2023-01-03 15:09:50,005;log:pre;eid:15367;call:sent;type:place;order:buy;asset:N;price:51;qty:45;orderid:buysend;respmessg:null;message:NoSignalZeroHolding,ScalpingNo,BasicBuy,atbest+1
INFO:order:2023-01-03 15:09:51,564;log:post;eid:15367;call:response;type:place;order:buy;asset:N;price:51;qty:45;orderid:od_1672557452831423;respmessg:null;message:NoSignalZeroHolding,ScalpingNo,BasicBuy,atbest+1
INFO:order:2023-01-03 15:10:37,985;log:pre;eid:15368;call:sent;type:place;order:buy;asset:N;price:91;qty:60;orderid:buysend;respmessg:null;message:NoSignalZeroHolding,ScalpingNo,BasicBuy,atbest+1
INFO:order:2023-01-03 15:10:39,513;log:post;eid:15368;call:response;type:place;order:buy;asset:N;price:91;qty:60;orderid:od_1672557452831444;respmessg:null;message:NoSignalZeroHolding,ScalpingNo,BasicBuy,atbest+1
INFO:order:2023-01-03 15:11:17,264;log:pre;eid:15361;call:sent;type:cancel;order:buy;asset:Y;price:51;qty:null;orderid:od_1672557452831272;respmessg:null;message:YesSignalZeroHolding,NewBuyParams
INFO:order:2023-01-03 15:11:18,880;log:post;eid:15361;call:response;type:cancel;order:buy;asset:Y;price:51;qty:null;orderid:od_1672557452831272;respmessg:null;message:YesSignalZeroHolding,NewBuyParams
INFO:order:2023-01-03 15:11:19,312;log:pre;eid:15361;call:sent;type:place;order:buy;asset:Y;price:91;qty:60;orderid:buysend;respmessg:null;message:YesSignalZeroHolding,ScalpingYes,BasicBuy,atbest+1
INFO:order:2023-01-03 15:11:20,840;log:post;eid:15361;call:response;type:place;order:buy;asset:Y;price:91;qty:60;orderid:od_1672557452831469;respmessg:null;message:YesSignalZeroHolding,ScalpingYes,BasicBuy,atbest+1
INFO:order:2023-01-03 15:12:01,789;log:pre;eid:15362;call:sent;type:cancel;order:buy;asset:Y;price:51;qty:null;orderid:od_1672557452831297;respmessg:null;message:YesSignalZeroHolding,NewBuyParams
INFO:order:2023-01-03 15:12:03,386;log:post;eid:15362;call:response;type:cancel;order:buy;asset:Y;price:51;qty:null;orderid:od_1672557452831297;respmessg:null;message:YesSignalZeroHolding,NewBuyParams
INFO:order:2023-01-03 15:12:03,820;log:pre;eid:15362;call:sent;type:place;order:buy;asset:Y;price:71;qty:60;orderid:buysend;respmessg:null;message:YesSignalZeroHolding,ScalpingYes,BasicBuy,atbest+1
INFO:order:2023-01-03 15:12:05,358;log:post;eid:15362;call:response;type:place;order:buy;asset:Y;price:71;qty:60;orderid:od_1672557452831486;respmessg:null;message:YesSignalZeroHolding,ScalpingYes,BasicBuy,atbest+1
INFO:order:2023-01-03 15:16:26,779;log:pre;eid:15368;call:sent;type:cancel;order:buy;asset:N;price:91;qty:null;orderid:od_1672557452831444;respmessg:null;message:NoSignalZeroHolding,NewBuyParams
INFO:order:2023-01-03 15:16:28,316;log:post;eid:15368;call:response;type:cancel;order:buy;asset:N;price:91;qty:null;orderid:od_1672557452831444;respmessg:null;message:NoSignalZeroHolding,NewBuyParams
INFO:order:2023-01-03 15:16:28,788;log:pre;eid:15368;call:sent;type:place;order:buy;asset:N;price:96;qty:75;orderid:buysend;respmessg:null;message:NoSignalZeroHolding,ScalpingNo,BasicBuy,atbest+1
INFO:order:2023-01-03 15:16:30,429;log:post;eid:15368;call:response;type:place;order:buy;asset:N;price:96;qty:75;orderid:od_1672557452831524;respmessg:null;message:NoSignalZeroHolding,ScalpingNo,BasicBuy,atbest+1
INFO:order:2023-01-03 15:27:53,520;log:pre;eid:15366;call:sent;type:cancel;order:buy;asset:N;price:6;qty:null;orderid:od_1672557452831411;respmessg:null;message:NoSignalZeroHolding,PausingBuy
INFO:order:2023-01-03 15:27:55,029;log:post;eid:15366;call:response;type:cancel;order:buy;asset:N;price:6;qty:null;orderid:od_1672557452831411;respmessg:null;message:NoSignalZeroHolding,PausingBuy
INFO:order:2023-01-03 15:29:21,149;log:pre;eid:15368;call:sent;type:place;order:sell;asset:N;price:97;qty:6;orderid:sellsend;respmessg:null;message:HoldNoQtyChange,SellingNoNewQty,ProfitSell,atAvgBuy+1
INFO:order:2023-01-03 15:29:22,675;log:post;eid:15368;call:response;type:place;order:sell;asset:N;price:97;qty:6;orderid:od_1672557452831586;respmessg:null;message:HoldNoQtyChange,SellingNoNewQty,ProfitSell,atAvgBuy+1
INFO:order:2023-01-03 15:29:24,531;log:pre;eid:15368;call:sent;type:cancel;order:sell;asset:N;price:97;qty:null;orderid:od_1672557452831586;respmessg:null;message:YesFairPriceChange,PausingSell
INFO:order:2023-01-03 15:29:26,047;log:post;eid:15368;call:response;type:cancel;order:sell;asset:N;price:97;qty:null;orderid:od_1672557452831586;respmessg:null;message:YesFairPriceChange,PausingSell
INFO:order:2023-01-03 15:34:36,369;log:pre;eid:15366;call:sent;type:place;order:buy;asset:N;price:7;qty:30;orderid:buysend;respmessg:null;message:NoSignalZeroHolding,ScalpingNo,BasicBuy,atbest+1
INFO:order:2023-01-03 15:34:37,919;log:post;eid:15366;call:response;type:place;order:buy;asset:N;price:7;qty:30;orderid:od_1672557452831626;respmessg:null;message:NoSignalZeroHolding,ScalpingNo,BasicBuy,atbest+1
INFO:order:2023-01-03 15:36:03,472;log:pre;eid:15368;call:sent;type:cancel;order:buy;asset:N;price:96;qty:null;orderid:od_1672557452831524;respmessg:null;message:YesFairPriceChange,NewBuyParams
INFO:order:2023-01-03 15:36:05,049;log:post;eid:15368;call:response;type:cancel;order:buy;asset:N;price:96;qty:null;orderid:od_1672557452831524;respmessg:null;message:YesFairPriceChange,NewBuyParams
INFO:order:2023-01-03 15:36:05,389;log:pre;eid:15368;call:sent;type:place;order:buy;asset:N;price:97;qty:69;orderid:buysend;respmessg:null;message:YesFairPriceChange,ScalpingNo,BasicBuy,atbest
INFO:order:2023-01-03 15:36:06,969;log:post;eid:15368;call:response;type:place;order:buy;asset:N;price:97;qty:69;orderid:od_1672557452831639;respmessg:null;message:YesFairPriceChange,ScalpingNo,BasicBuy,atbest
INFO:order:2023-01-03 15:37:44,322;log:pre;eid:15361;call:sent;type:cancel;order:buy;asset:Y;price:91;qty:null;orderid:od_1672557452831469;respmessg:null;message:YesSignalZeroHolding,NewBuyParams
INFO:order:2023-01-03 15:37:45,908;log:post;eid:15361;call:response;type:cancel;order:buy;asset:Y;price:91;qty:null;orderid:od_1672557452831469;respmessg:null;message:YesSignalZeroHolding,NewBuyParams
INFO:order:2023-01-03 15:37:46,495;log:pre;eid:15361;call:sent;type:place;order:buy;asset:Y;price:81;qty:60;orderid:buysend;respmessg:null;message:YesSignalZeroHolding,ScalpingYes,BasicBuy,atbest+1
INFO:order:2023-01-03 15:37:48,135;log:post;eid:15361;call:response;type:place;order:buy;asset:Y;price:81;qty:60;orderid:od_1672557452831659;respmessg:null;message:YesSignalZeroHolding,ScalpingYes,BasicBuy,atbest+1
INFO:order:2023-01-03 15:38:36,062;log:pre;eid:15362;call:sent;type:cancel;order:buy;asset:Y;price:71;qty:null;orderid:od_1672557452831486;respmessg:null;message:YesSignalZeroHolding,NewBuyParams
INFO:order:2023-01-03 15:38:37,626;log:post;eid:15362;call:response;type:cancel;order:buy;asset:Y;price:71;qty:null;orderid:od_1672557452831486;respmessg:null;message:YesSignalZeroHolding,NewBuyParams
INFO:order:2023-01-03 15:38:38,046;log:pre;eid:15362;call:sent;type:place;order:buy;asset:Y;price:51;qty:60;orderid:buysend;respmessg:null;message:YesSignalZeroHolding,ScalpingYes,BasicBuy,atbest+1
INFO:order:2023-01-03 15:38:39,617;log:post;eid:15362;call:response;type:place;order:buy;asset:Y;price:51;qty:60;orderid:od_1672557452831665;respmessg:null;message:YesSignalZeroHolding,ScalpingYes,BasicBuy,atbest+1
INFO:order:2023-01-03 15:41:27,269;log:pre;eid:15366;call:sent;type:cancel;order:buy;asset:N;price:7;qty:null;orderid:od_1672557452831626;respmessg:null;message:NoSignalZeroHolding,NewBuyParams
INFO:order:2023-01-03 15:41:28,865;log:post;eid:15366;call:response;type:cancel;order:buy;asset:N;price:7;qty:null;orderid:od_1672557452831626;respmessg:null;message:NoSignalZeroHolding,NewBuyParams
INFO:order:2023-01-03 15:41:29,287;log:pre;eid:15366;call:sent;type:place;order:buy;asset:N;price:9;qty:30;orderid:buysend;respmessg:null;message:NoSignalZeroHolding,ScalpingNo,BasicBuy,atbest+1
INFO:order:2023-01-03 15:41:30,853;log:post;eid:15366;call:response;type:place;order:buy;asset:N;price:9;qty:30;orderid:od_1672557452831681;respmessg:null;message:NoSignalZeroHolding,ScalpingNo,BasicBuy,atbest+1
INFO:order:2023-01-03 15:48:15,588;log:pre;eid:15366;call:sent;type:cancel;order:buy;asset:N;price:9;qty:null;orderid:od_1672557452831681;respmessg:null;message:NoSignalZeroHolding,NewBuyParams
INFO:order:2023-01-03 15:48:17,167;log:post;eid:15366;call:response;type:cancel;order:buy;asset:N;price:9;qty:null;orderid:od_1672557452831681;respmessg:null;message:NoSignalZeroHolding,NewBuyParams
INFO:order:2023-01-03 15:48:17,663;log:pre;eid:15366;call:sent;type:place;order:buy;asset:N;price:11;qty:30;orderid:buysend;respmessg:null;message:NoSignalZeroHolding,ScalpingNo,BasicBuy,atbest+1
INFO:order:2023-01-03 15:48:19,176;log:post;eid:15366;call:response;type:place;order:buy;asset:N;price:11;qty:30;orderid:od_1672557452831718;respmessg:null;message:NoSignalZeroHolding,ScalpingNo,BasicBuy,atbest+1
INFO:order:2023-01-03 15:49:47,157;log:pre;eid:15368;call:sent;type:place;order:sell;asset:N;price:98;qty:7;orderid:sellsend;respmessg:null;message:HoldNoQtyChange,SellingNoNewQty,ProfitSell,atAvgBuy+1
INFO:order:2023-01-03 15:49:48,801;log:post;eid:15368;call:response;type:place;order:sell;asset:N;price:98;qty:7;orderid:od_1672557452831729;respmessg:null;message:HoldNoQtyChange,SellingNoNewQty,ProfitSell,atAvgBuy+1
INFO:order:2023-01-03 15:49:51,784;log:pre;eid:15368;call:sent;type:cancel;order:buy;asset:N;price:97;qty:null;orderid:od_1672557452831639;respmessg:null;message:NoFairPriceChange,NewBuyParams
INFO:order:2023-01-03 15:49:53,335;log:post;eid:15368;call:response;type:cancel;order:buy;asset:N;price:97;qty:null;orderid:od_1672557452831639;respmessg:null;message:NoFairPriceChange,NewBuyParams
INFO:order:2023-01-03 15:49:53,643;log:pre;eid:15368;call:sent;type:place;order:buy;asset:N;price:96;qty:68;orderid:buysend;respmessg:null;message:NoFairPriceChange,ScalpingNo,BasicBuy,atbest+1
INFO:order:2023-01-03 15:49:55,178;log:post;eid:15368;call:response;type:place;order:buy;asset:N;price:96;qty:68;orderid:od_1672557452831732;respmessg:null;message:NoFairPriceChange,ScalpingNo,BasicBuy,atbest+1
INFO:order:2023-01-03 15:49:56,322;log:pre;eid:15368;call:sent;type:cancel;order:sell;asset:N;price:98;qty:null;orderid:od_1672557452831729;respmessg:null;message:NoFairPriceChange,PausingSell
INFO:order:2023-01-03 15:49:57,959;log:post;eid:15368;call:response;type:cancel;order:sell;asset:N;price:98;qty:null;orderid:od_1672557452831729;respmessg:null;message:NoFairPriceChange,PausingSell
INFO:order:2023-01-03 15:56:37,465;log:pre;eid:15368;call:sent;type:place;order:sell;asset:N;price:98;qty:22;orderid:sellsend;respmessg:null;message:HoldNoQtyChange,SellingNoNewQty,ProfitSell,atAvgBuy+1
INFO:order:2023-01-03 15:56:39,028;log:post;eid:15368;call:response;type:place;order:sell;asset:N;price:98;qty:22;orderid:od_1672557452831776;respmessg:null;message:HoldNoQtyChange,SellingNoNewQty,ProfitSell,atAvgBuy+1
INFO:order:2023-01-03 15:56:42,187;log:pre;eid:15368;call:sent;type:cancel;order:sell;asset:N;price:98;qty:null;orderid:od_1672557452831776;respmessg:null;message:NoFairPriceChange,PausingSell
INFO:order:2023-01-03 15:56:43,737;log:post;eid:15368;call:response;type:cancel;order:sell;asset:N;price:98;qty:null;orderid:od_1672557452831776;respmessg:null;message:NoFairPriceChange,PausingSell
INFO:order:2023-01-03 16:03:32,343;log:pre;eid:15368;call:sent;type:place;order:sell;asset:N;price:99;qty:27;orderid:sellsend;respmessg:null;message:HoldNoQtyChange,SellingNoNewQty,ProfitSell,atBetter
INFO:order:2023-01-03 16:03:33,940;log:post;eid:15368;call:response;type:place;order:sell;asset:N;price:99;qty:27;orderid:od_1672557452831864;respmessg:null;message:HoldNoQtyChange,SellingNoNewQty,ProfitSell,atBetter
INFO:order:2023-01-03 16:03:36,873;log:pre;eid:15368;call:sent;type:cancel;order:sell;asset:N;price:99;qty:null;orderid:od_1672557452831864;respmessg:null;message:YesFairPriceChange,PausingSell
INFO:order:2023-01-03 16:03:38,476;log:post;eid:15368;call:response;type:cancel;order:sell;asset:N;price:99;qty:null;orderid:od_1672557452831864;respmessg:null;message:YesFairPriceChange,PausingSell
INFO:order:2023-01-03 16:10:03,766;log:pre;eid:15368;call:sent;type:place;order:sell;asset:N;price:98;qty:29;orderid:sellsend;respmessg:null;message:HoldNoQtyChange,SellingNoNewQty,ProfitSell,atAvgBuy+1
INFO:order:2023-01-03 16:10:05,331;log:post;eid:15368;call:response;type:place;order:sell;asset:N;price:98;qty:29;orderid:od_1672557452831915;respmessg:null;message:HoldNoQtyChange,SellingNoNewQty,ProfitSell,atAvgBuy+1
INFO:order:2023-01-03 16:10:08,296;log:pre;eid:15368;call:sent;type:cancel;order:sell;asset:N;price:98;qty:null;orderid:od_1672557452831915;respmessg:null;message:YesFairPriceChange,PausingSell
INFO:order:2023-01-03 16:10:09,869;log:post;eid:15368;call:response;type:cancel;order:sell;asset:N;price:98;qty:null;orderid:od_1672557452831915;respmessg:null;message:YesFairPriceChange,PausingSell
INFO:order:2023-01-03 16:16:48,471;log:pre;eid:15368;call:sent;type:place;order:sell;asset:N;price:98;qty:40;orderid:sellsend;respmessg:null;message:HoldNoQtyChange,SellingNoNewQty,ProfitSell,atAvgBuy+1
INFO:order:2023-01-03 16:16:50,033;log:post;eid:15368;call:response;type:place;order:sell;asset:N;price:98;qty:40;orderid:od_1672557452831983;respmessg:null;message:HoldNoQtyChange,SellingNoNewQty,ProfitSell,atAvgBuy+1
INFO:order:2023-01-03 16:16:52,941;log:pre;eid:15368;call:sent;type:cancel;order:sell;asset:N;price:98;qty:null;orderid:od_1672557452831983;respmessg:null;message:NoFairPriceChange,PausingSell
INFO:order:2023-01-03 16:16:54,490;log:post;eid:15368;call:response;type:cancel;order:sell;asset:N;price:98;qty:null;orderid:od_1672557452831983;respmessg:null;message:NoFairPriceChange,PausingSell
INFO:order:2023-01-03 16:23:26,634;log:pre;eid:15368;call:sent;type:place;order:sell;asset:N;price:98;qty:41;orderid:sellsend;respmessg:null;message:HoldNoQtyChange,SellingNoNewQty,ProfitSell,atAvgBuy+1
INFO:order:2023-01-03 16:23:28,191;log:post;eid:15368;call:response;type:place;order:sell;asset:N;price:98;qty:41;orderid:od_1672557452832030;respmessg:null;message:HoldNoQtyChange,SellingNoNewQty,ProfitSell,atAvgBuy+1
INFO:order:2023-01-03 16:23:29,155;log:pre;eid:15368;call:sent;type:cancel;order:sell;asset:N;price:98;qty:null;orderid:od_1672557452832030;respmessg:null;message:NoFairPriceChange,PausingSell
INFO:order:2023-01-03 16:23:31,229;log:post;eid:15368;call:response;type:cancel;order:sell;asset:N;price:98;qty:null;orderid:od_1672557452832030;respmessg:null;message:NoFairPriceChange,PausingSell
INFO:order:2023-01-03 16:43:20,147;log:pre;eid:15368;call:sent;type:place;order:sell;asset:N;price:99;qty:42;orderid:sellsend;respmessg:null;message:HoldNoQtyChange,SellingNoNewQty,ProfitSell,atBetter
INFO:order:2023-01-03 16:43:21,696;log:post;eid:15368;call:response;type:place;order:sell;asset:N;price:99;qty:42;orderid:od_1672557452832303;respmessg:null;message:HoldNoQtyChange,SellingNoNewQty,ProfitSell,atBetter
INFO:order:2023-01-03 16:43:22,644;log:pre;eid:15368;call:sent;type:cancel;order:sell;asset:N;price:99;qty:null;orderid:od_1672557452832303;respmessg:null;message:NoFairPriceChange,PausingSell
INFO:order:2023-01-03 16:43:24,230;log:post;eid:15368;call:response;type:cancel;order:sell;asset:N;price:99;qty:null;orderid:od_1672557452832303;respmessg:null;message:NoFairPriceChange,PausingSell
INFO:order:2023-01-03 16:49:49,380;log:pre;eid:15368;call:sent;type:place;order:sell;asset:N;price:99;qty:49;orderid:sellsend;respmessg:null;message:HoldNoQtyChange,SellingNoNewQty,ProfitSell,atBetter
INFO:order:2023-01-03 16:49:50,914;log:post;eid:15368;call:response;type:place;order:sell;asset:N;price:99;qty:49;orderid:od_1672557452832476;respmessg:null;message:HoldNoQtyChange,SellingNoNewQty,ProfitSell,atBetter
INFO:order:2023-01-03 16:49:51,930;log:pre;eid:15368;call:sent;type:cancel;order:sell;asset:N;price:99;qty:null;orderid:od_1672557452832476;respmessg:null;message:NoFairPriceChange,PausingSell
INFO:order:2023-01-03 16:49:53,510;log:post;eid:15368;call:response;type:cancel;order:sell;asset:N;price:99;qty:null;orderid:od_1672557452832476;respmessg:null;message:NoFairPriceChange,PausingSell
INFO:order:2023-01-03 17:09:15,585;log:pre;eid:15368;call:sent;type:place;order:sell;asset:N;price:99;qty:50;orderid:sellsend;respmessg:null;message:HoldNoQtyChange,SellingNoNewQty,ProfitSell,atBetter
INFO:order:2023-01-03 17:09:17,148;log:post;eid:15368;call:response;type:place;order:sell;asset:N;price:99;qty:50;orderid:od_1672557452832766;respmessg:null;message:HoldNoQtyChange,SellingNoNewQty,ProfitSell,atBetter
INFO:order:2023-01-03 17:09:18,111;log:pre;eid:15368;call:sent;type:cancel;order:sell;asset:N;price:99;qty:null;orderid:od_1672557452832766;respmessg:null;message:NoFairPriceChange,PausingSell
INFO:order:2023-01-03 17:09:19,672;log:post;eid:15368;call:response;type:cancel;order:sell;asset:N;price:99;qty:null;orderid:od_1672557452832766;respmessg:null;message:NoFairPriceChange,PausingSell
INFO:order:2023-01-03 17:15:55,118;log:pre;eid:15368;call:sent;type:place;order:sell;asset:N;price:99;qty:51;orderid:sellsend;respmessg:null;message:HoldNoQtyChange,SellingNoNewQty,ProfitSell,atBetter
INFO:order:2023-01-03 17:15:56,650;log:post;eid:15368;call:response;type:place;order:sell;asset:N;price:99;qty:51;orderid:od_1672557452832821;respmessg:null;message:HoldNoQtyChange,SellingNoNewQty,ProfitSell,atBetter
INFO:order:2023-01-03 17:15:57,654;log:pre;eid:15368;call:sent;type:cancel;order:sell;asset:N;price:99;qty:null;orderid:od_1672557452832821;respmessg:null;message:NoFairPriceChange,PausingSell
INFO:order:2023-01-03 17:15:59,207;log:post;eid:15368;call:response;type:cancel;order:sell;asset:N;price:99;qty:null;orderid:od_1672557452832821;respmessg:null;message:NoFairPriceChange,PausingSell
INFO:order:2023-01-03 17:21:09,244;log:pre;eid:15366;call:sent;type:cancel;order:buy;asset:N;price:11;qty:null;orderid:od_1672557452831718;respmessg:null;message:NoSignalZeroHolding,NewBuyParams
INFO:order:2023-01-03 17:21:10,798;log:post;eid:15366;call:response;type:cancel;order:buy;asset:N;price:11;qty:null;orderid:od_1672557452831718;respmessg:null;message:NoSignalZeroHolding,NewBuyParams
INFO:order:2023-01-03 17:21:11,238;log:pre;eid:15366;call:sent;type:place;order:buy;asset:N;price:6;qty:30;orderid:buysend;respmessg:null;message:NoSignalZeroHolding,ScalpingNo,BasicBuy,atbest+1
INFO:order:2023-01-03 17:21:12,793;log:post;eid:15366;call:response;type:place;order:buy;asset:N;price:6;qty:30;orderid:od_1672557452832872;respmessg:null;message:NoSignalZeroHolding,ScalpingNo,BasicBuy,atbest+1
INFO:order:2023-01-03 18:01:41,947;log:pre;eid:15368;call:sent;type:place;order:sell;asset:N;price:99;qty:52;orderid:sellsend;respmessg:null;message:HoldNoQtyChange,SellingNoNewQty,ProfitSell,atBetter
INFO:order:2023-01-03 18:01:43,488;log:post;eid:15368;call:response;type:place;order:sell;asset:N;price:99;qty:52;orderid:od_1672557452833202;respmessg:null;message:HoldNoQtyChange,SellingNoNewQty,ProfitSell,atBetter
INFO:order:2023-01-03 18:01:44,435;log:pre;eid:15368;call:sent;type:cancel;order:sell;asset:N;price:99;qty:null;orderid:od_1672557452833202;respmessg:null;message:NoFairPriceChange,PausingSell
INFO:order:2023-01-03 18:01:46,059;log:post;eid:15368;call:response;type:cancel;order:sell;asset:N;price:99;qty:null;orderid:od_1672557452833202;respmessg:null;message:NoFairPriceChange,PausingSell
INFO:order:2023-01-03 18:14:01,479;log:pre;eid:15367;call:sent;type:place;order:sell;asset:N;price:99;qty:1;orderid:sellsend;respmessg:null;message:HoldNoQtyChange,SellingNoNewQty,ProfitSell,atBetter
INFO:order:2023-01-03 18:14:03,023;log:post;eid:15367;call:response;type:place;order:sell;asset:N;price:99;qty:1;orderid:od_1672557452833325;respmessg:null;message:HoldNoQtyChange,SellingNoNewQty,ProfitSell,atBetter
INFO:order:2023-01-03 18:14:37,163;log:pre;eid:15368;call:sent;type:place;order:sell;asset:N;price:99;qty:54;orderid:sellsend;respmessg:null;message:HoldNoQtyChange,SellingNoNewQty,ProfitSell,atBetter
INFO:order:2023-01-03 18:14:38,813;log:post;eid:15368;call:response;type:place;order:sell;asset:N;price:99;qty:54;orderid:od_1672557452833335;respmessg:null;message:HoldNoQtyChange,SellingNoNewQty,ProfitSell,atBetter
INFO:order:2023-01-03 18:14:40,020;log:pre;eid:15368;call:sent;type:cancel;order:sell;asset:N;price:99;qty:null;orderid:od_1672557452833335;respmessg:null;message:NoFairPriceChange,PausingSell
INFO:order:2023-01-03 18:14:41,669;log:post;eid:15368;call:response;type:cancel;order:sell;asset:N;price:99;qty:null;orderid:od_1672557452833335;respmessg:null;message:NoFairPriceChange,PausingSell
INFO:order:2023-01-03 18:20:38,116;log:pre;eid:15367;call:sent;type:cancel;order:sell;asset:N;price:99;qty:null;orderid:od_1672557452833325;respmessg:null;message:YesFairPriceChange,NewSellParams
INFO:order:2023-01-03 18:20:39,746;log:post;eid:15367;call:response;type:cancel;order:sell;asset:N;price:99;qty:null;orderid:od_1672557452833325;respmessg:null;message:YesFairPriceChange,NewSellParams
INFO:order:2023-01-03 18:20:40,225;log:pre;eid:15367;call:sent;type:place;order:sell;asset:N;price:99;qty:1;orderid:sellsend;respmessg:null;message:YesFairPriceChange,SellingBoughtQty,ProfitSell,atBetter
INFO:order:2023-01-03 18:20:41,815;log:post;eid:15367;call:response;type:place;order:sell;asset:N;price:99;qty:1;orderid:od_1672557452833391;respmessg:null;message:YesFairPriceChange,SellingBoughtQty,ProfitSell,atBetter
INFO:order:2023-01-03 18:27:14,497;log:pre;eid:15367;call:sent;type:cancel;order:sell;asset:N;price:99;qty:null;orderid:od_1672557452833391;respmessg:null;message:YesAvgBuyPriceChange,NewSellParams
INFO:order:2023-01-03 18:27:16,089;log:post;eid:15367;call:response;type:cancel;order:sell;asset:N;price:99;qty:null;orderid:od_1672557452833391;respmessg:null;message:YesAvgBuyPriceChange,NewSellParams
INFO:order:2023-01-03 18:27:16,608;log:pre;eid:15367;call:sent;type:place;order:sell;asset:N;price:99;qty:1;orderid:sellsend;respmessg:null;message:YesAvgBuyPriceChange,SellingBoughtQty,ProfitSell,atBetter
INFO:order:2023-01-03 18:27:18,185;log:post;eid:15367;call:response;type:place;order:sell;asset:N;price:99;qty:1;orderid:od_1672557452833448;respmessg:null;message:YesAvgBuyPriceChange,SellingBoughtQty,ProfitSell,atBetter
INFO:order:2023-01-03 18:33:50,308;log:pre;eid:15367;call:sent;type:cancel;order:sell;asset:N;price:99;qty:null;orderid:od_1672557452833448;respmessg:null;message:YesAvgBuyPriceChange,NewSellParams
INFO:order:2023-01-03 18:33:51,881;log:post;eid:15367;call:response;type:cancel;order:sell;asset:N;price:99;qty:null;orderid:od_1672557452833448;respmessg:null;message:YesAvgBuyPriceChange,NewSellParams
INFO:order:2023-01-03 18:33:52,373;log:pre;eid:15367;call:sent;type:place;order:sell;asset:N;price:99;qty:1;orderid:sellsend;respmessg:null;message:YesAvgBuyPriceChange,SellingBoughtQty,ProfitSell,atBetter
INFO:order:2023-01-03 18:33:53,948;log:post;eid:15367;call:response;type:place;order:sell;asset:N;price:99;qty:1;orderid:od_1672557452833476;respmessg:null;message:YesAvgBuyPriceChange,SellingBoughtQty,ProfitSell,atBetter
INFO:order:2023-01-03 18:40:41,354;log:pre;eid:15367;call:sent;type:cancel;order:sell;asset:N;price:99;qty:null;orderid:od_1672557452833476;respmessg:null;message:YesAvgBuyPriceChange,NewSellParams
INFO:order:2023-01-03 18:40:42,964;log:post;eid:15367;call:response;type:cancel;order:sell;asset:N;price:99;qty:null;orderid:od_1672557452833476;respmessg:null;message:YesAvgBuyPriceChange,NewSellParams
INFO:order:2023-01-03 18:40:43,502;log:pre;eid:15367;call:sent;type:place;order:sell;asset:N;price:99;qty:1;orderid:sellsend;respmessg:null;message:YesAvgBuyPriceChange,SellingBoughtQty,ProfitSell,atBetter
INFO:order:2023-01-03 18:40:45,080;log:post;eid:15367;call:response;type:place;order:sell;asset:N;price:99;qty:1;orderid:od_1672557452833512;respmessg:null;message:YesAvgBuyPriceChange,SellingBoughtQty,ProfitSell,atBetter
INFO:order:2023-01-03 18:46:31,083;log:pre;eid:15366;call:sent;type:cancel;order:buy;asset:N;price:6;qty:null;orderid:od_1672557452832872;respmessg:null;message:NoSignalZeroHolding,NewBuyParams
INFO:order:2023-01-03 18:46:32,664;log:post;eid:15366;call:response;type:cancel;order:buy;asset:N;price:6;qty:null;orderid:od_1672557452832872;respmessg:null;message:NoSignalZeroHolding,NewBuyParams
INFO:order:2023-01-03 18:46:33,120;log:pre;eid:15366;call:sent;type:place;order:buy;asset:N;price:51;qty:30;orderid:buysend;respmessg:null;message:NoSignalZeroHolding,ScalpingNo,BasicBuy,atbest+1
INFO:order:2023-01-03 18:46:34,692;log:post;eid:15366;call:response;type:place;order:buy;asset:N;price:51;qty:30;orderid:od_1672557452833576;respmessg:null;message:NoSignalZeroHolding,ScalpingNo,BasicBuy,atbest+1
INFO:order:2023-01-03 18:47:22,510;log:pre;eid:15367;call:sent;type:cancel;order:sell;asset:N;price:99;qty:null;orderid:od_1672557452833512;respmessg:null;message:YesAvgBuyPriceChange,NewSellParams
INFO:order:2023-01-03 18:47:24,111;log:post;eid:15367;call:response;type:cancel;order:sell;asset:N;price:99;qty:null;orderid:od_1672557452833512;respmessg:null;message:YesAvgBuyPriceChange,NewSellParams
INFO:order:2023-01-03 18:47:24,646;log:pre;eid:15367;call:sent;type:place;order:sell;asset:N;price:99;qty:1;orderid:sellsend;respmessg:null;message:YesAvgBuyPriceChange,SellingBoughtQty,ProfitSell,atBetter
INFO:order:2023-01-03 18:47:26,242;log:post;eid:15367;call:response;type:place;order:sell;asset:N;price:99;qty:1;orderid:od_1672557452833587;respmessg:null;message:YesAvgBuyPriceChange,SellingBoughtQty,ProfitSell,atBetter
INFO:order:2023-01-03 18:54:11,116;log:pre;eid:15367;call:sent;type:cancel;order:sell;asset:N;price:99;qty:null;orderid:od_1672557452833587;respmessg:null;message:NoFairPriceChange,NewSellParams
INFO:order:2023-01-03 18:54:12,806;log:post;eid:15367;call:response;type:cancel;order:sell;asset:N;price:99;qty:null;orderid:od_1672557452833587;respmessg:null;message:NoFairPriceChange,NewSellParams
INFO:order:2023-01-03 18:54:13,337;log:pre;eid:15367;call:sent;type:place;order:sell;asset:N;price:99;qty:1;orderid:sellsend;respmessg:null;message:NoFairPriceChange,SellingBoughtQty,ProfitSell,atBetter
INFO:order:2023-01-03 18:54:14,944;log:post;eid:15367;call:response;type:place;order:sell;asset:N;price:99;qty:1;orderid:od_1672557452833635;respmessg:null;message:NoFairPriceChange,SellingBoughtQty,ProfitSell,atBetter
INFO:order:2023-01-03 19:00:51,669;log:pre;eid:15367;call:sent;type:cancel;order:sell;asset:N;price:99;qty:null;orderid:od_1672557452833635;respmessg:null;message:YesAvgBuyPriceChange,NewSellParams
INFO:order:2023-01-03 19:00:53,310;log:post;eid:15367;call:response;type:cancel;order:sell;asset:N;price:99;qty:null;orderid:od_1672557452833635;respmessg:null;message:YesAvgBuyPriceChange,NewSellParams
INFO:order:2023-01-03 19:00:53,923;log:pre;eid:15367;call:sent;type:place;order:sell;asset:N;price:99;qty:1;orderid:sellsend;respmessg:null;message:YesAvgBuyPriceChange,SellingBoughtQty,ProfitSell,atBetter
INFO:order:2023-01-03 19:00:55,542;log:post;eid:15367;call:response;type:place;order:sell;asset:N;price:99;qty:1;orderid:od_1672557452833679;respmessg:null;message:YesAvgBuyPriceChange,SellingBoughtQty,ProfitSell,atBetter
INFO:order:2023-01-03 19:03:40,753;log:pre;eid:15362;call:sent;type:place;order:sell;asset:Y;price:99;qty:4;orderid:sellsend;respmessg:null;message:HoldYesQtyChange,SellingYesNewQty,ProfitSell,atBetter
INFO:order:2023-01-03 19:03:42,349;log:post;eid:15362;call:response;type:place;order:sell;asset:Y;price:99;qty:4;orderid:od_1672557452833705;respmessg:null;message:HoldYesQtyChange,SellingYesNewQty,ProfitSell,atBetter
INFO:order:2023-01-03 19:05:46,913;log:pre;eid:15365;call:sent;type:place;order:buy;asset:N;price:9;qty:30;orderid:buysend;respmessg:null;message:NoSignalZeroHolding,ScalpingNo,BasicBuy,atbest+1
INFO:order:2023-01-03 19:05:48,547;log:post;eid:15365;call:response;type:place;order:buy;asset:N;price:9;qty:30;orderid:od_1672557452833722;respmessg:null;message:NoSignalZeroHolding,ScalpingNo,BasicBuy,atbest+1
INFO:order:2023-01-03 19:07:18,076;log:pre;eid:15367;call:sent;type:cancel;order:sell;asset:N;price:99;qty:null;orderid:od_1672557452833679;respmessg:null;message:YesAvgBuyPriceChange,NewSellParams
INFO:order:2023-01-03 19:07:19,641;log:post;eid:15367;call:response;type:cancel;order:sell;asset:N;price:99;qty:null;orderid:od_1672557452833679;respmessg:null;message:YesAvgBuyPriceChange,NewSellParams
INFO:order:2023-01-03 19:07:20,170;log:pre;eid:15367;call:sent;type:place;order:sell;asset:N;price:99;qty:1;orderid:sellsend;respmessg:null;message:YesAvgBuyPriceChange,SellingBoughtQty,ProfitSell,atBetter
INFO:order:2023-01-03 19:07:21,734;log:post;eid:15367;call:response;type:place;order:sell;asset:N;price:99;qty:1;orderid:od_1672557452833735;respmessg:null;message:YesAvgBuyPriceChange,SellingBoughtQty,ProfitSell,atBetter
INFO:order:2023-01-03 19:07:58,261;log:pre;eid:15368;call:sent;type:place;order:sell;asset:N;price:99;qty:76;orderid:sellsend;respmessg:null;message:HoldNoQtyChange,SellingNoNewQty,ProfitSell,atBetter
INFO:order:2023-01-03 19:07:59,871;log:post;eid:15368;call:response;type:place;order:sell;asset:N;price:99;qty:76;orderid:od_1672557452833744;respmessg:null;message:HoldNoQtyChange,SellingNoNewQty,ProfitSell,atBetter
INFO:order:2023-01-03 19:08:01,045;log:pre;eid:15368;call:sent;type:cancel;order:sell;asset:N;price:99;qty:null;orderid:od_1672557452833744;respmessg:null;message:YesFairPriceChange,PausingSell
INFO:order:2023-01-03 19:08:02,718;log:post;eid:15368;call:response;type:cancel;order:sell;asset:N;price:99;qty:null;orderid:od_1672557452833744;respmessg:null;message:YesFairPriceChange,PausingSell
INFO:order:2023-01-03 19:10:18,691;log:pre;eid:15362;call:sent;type:cancel;order:sell;asset:Y;price:99;qty:null;orderid:od_1672557452833705;respmessg:null;message:HoldYesQtyChange,HoldQtyChange
INFO:order:2023-01-03 19:10:20,243;log:post;eid:15362;call:response;type:cancel;order:sell;asset:Y;price:99;qty:null;orderid:od_1672557452833705;respmessg:null;message:HoldYesQtyChange,HoldQtyChange
INFO:order:2023-01-03 19:10:20,641;log:pre;eid:15362;call:sent;type:place;order:sell;asset:Y;price:99;qty:9;orderid:sellsend;respmessg:null;message:HoldYesQtyChange,SellingYesNewQty,ProfitSell,atBetter
INFO:order:2023-01-03 19:10:22,293;log:post;eid:15362;call:response;type:place;order:sell;asset:Y;price:99;qty:9;orderid:od_1672557452833766;respmessg:null;message:HoldYesQtyChange,SellingYesNewQty,ProfitSell,atBetter
INFO:order:2023-01-03 19:10:25,447;log:pre;eid:15362;call:sent;type:cancel;order:buy;asset:Y;price:51;qty:null;orderid:od_1672557452831665;respmessg:null;message:YesFairPriceChange,NewBuyParams
INFO:order:2023-01-03 19:10:27,088;log:post;eid:15362;call:response;type:cancel;order:buy;asset:Y;price:51;qty:null;orderid:od_1672557452831665;respmessg:null;message:YesFairPriceChange,NewBuyParams
INFO:order:2023-01-03 19:10:27,632;log:pre;eid:15362;call:sent;type:place;order:buy;asset:Y;price:91;qty:51;orderid:buysend;respmessg:null;message:YesFairPriceChange,ScalpingYes,BasicBuy,atbest+1
INFO:order:2023-01-03 19:10:29,221;log:post;eid:15362;call:response;type:place;order:buy;asset:Y;price:91;qty:51;orderid:od_1672557452833771;respmessg:null;message:YesFairPriceChange,ScalpingYes,BasicBuy,atbest+1
INFO:order:2023-01-03 19:10:30,202;log:pre;eid:15362;call:sent;type:cancel;order:sell;asset:Y;price:99;qty:null;orderid:od_1672557452833766;respmessg:null;message:YesFairPriceChange,PausingSell
INFO:order:2023-01-03 19:10:31,751;log:post;eid:15362;call:response;type:cancel;order:sell;asset:Y;price:99;qty:null;orderid:od_1672557452833766;respmessg:null;message:YesFairPriceChange,PausingSell
INFO:order:2023-01-03 19:14:11,590;log:pre;eid:15367;call:sent;type:cancel;order:sell;asset:N;price:99;qty:null;orderid:od_1672557452833735;respmessg:null;message:YesAvgBuyPriceChange,NewSellParams
INFO:order:2023-01-03 19:14:13,239;log:post;eid:15367;call:response;type:cancel;order:sell;asset:N;price:99;qty:null;orderid:od_1672557452833735;respmessg:null;message:YesAvgBuyPriceChange,NewSellParams
INFO:order:2023-01-03 19:14:13,662;log:pre;eid:15367;call:sent;type:place;order:sell;asset:N;price:99;qty:1;orderid:sellsend;respmessg:null;message:YesAvgBuyPriceChange,SellingBoughtQty,ProfitSell,atBetter
INFO:order:2023-01-03 19:14:15,204;log:post;eid:15367;call:response;type:place;order:sell;asset:N;price:99;qty:1;orderid:od_1672557452833839;respmessg:null;message:YesAvgBuyPriceChange,SellingBoughtQty,ProfitSell,atBetter
INFO:order:2023-01-03 19:16:27,010;log:pre;eid:15361;call:sent;type:cancel;order:buy;asset:Y;price:81;qty:null;orderid:od_1672557452831659;respmessg:null;message:YesSignalZeroHolding,NewBuyParams
INFO:order:2023-01-03 19:16:28,661;log:post;eid:15361;call:response;type:cancel;order:buy;asset:Y;price:81;qty:null;orderid:od_1672557452831659;respmessg:null;message:YesSignalZeroHolding,NewBuyParams
INFO:order:2023-01-03 19:16:29,175;log:pre;eid:15361;call:sent;type:place;order:buy;asset:Y;price:94;qty:75;orderid:buysend;respmessg:null;message:YesSignalZeroHolding,ScalpingYes,BasicBuy,atbest+1
INFO:order:2023-01-03 19:16:30,779;log:post;eid:15361;call:response;type:place;order:buy;asset:Y;price:94;qty:75;orderid:od_1672557452833882;respmessg:null;message:YesSignalZeroHolding,ScalpingYes,BasicBuy,atbest+1
INFO:order:2023-01-03 19:20:47,680;log:pre;eid:15367;call:sent;type:cancel;order:sell;asset:N;price:99;qty:null;orderid:od_1672557452833839;respmessg:null;message:YesAvgBuyPriceChange,NewSellParams
INFO:order:2023-01-03 19:20:49,261;log:post;eid:15367;call:response;type:cancel;order:sell;asset:N;price:99;qty:null;orderid:od_1672557452833839;respmessg:null;message:YesAvgBuyPriceChange,NewSellParams
INFO:order:2023-01-03 19:20:49,659;log:pre;eid:15367;call:sent;type:place;order:sell;asset:N;price:99;qty:1;orderid:sellsend;respmessg:null;message:YesAvgBuyPriceChange,SellingBoughtQty,ProfitSell,atBetter
INFO:order:2023-01-03 19:20:51,284;log:post;eid:15367;call:response;type:place;order:sell;asset:N;price:99;qty:1;orderid:od_1672557452833944;respmessg:null;message:YesAvgBuyPriceChange,SellingBoughtQty,ProfitSell,atBetter
INFO:order:2023-01-03 19:22:57,775;log:pre;eid:15361;call:sent;type:cancel;order:buy;asset:Y;price:94;qty:null;orderid:od_1672557452833882;respmessg:null;message:YesSignalZeroHolding,NewBuyParams
INFO:order:2023-01-03 19:22:59,451;log:post;eid:15361;call:response;type:cancel;order:buy;asset:Y;price:94;qty:null;orderid:od_1672557452833882;respmessg:null;message:YesSignalZeroHolding,NewBuyParams
INFO:order:2023-01-03 19:22:59,937;log:pre;eid:15361;call:sent;type:place;order:buy;asset:Y;price:97;qty:75;orderid:buysend;respmessg:null;message:YesSignalZeroHolding,ScalpingYes,BasicBuy,atbest+1
INFO:order:2023-01-03 19:23:01,542;log:post;eid:15361;call:response;type:place;order:buy;asset:Y;price:97;qty:75;orderid:od_1672557452833958;respmessg:null;message:YesSignalZeroHolding,ScalpingYes,BasicBuy,atbest+1
INFO:order:2023-01-03 19:23:45,180;log:pre;eid:15362;call:sent;type:cancel;order:buy;asset:Y;price:91;qty:null;orderid:od_1672557452833771;respmessg:null;message:YesFairPriceChange,NewBuyParams
INFO:order:2023-01-03 19:23:46,775;log:post;eid:15362;call:response;type:cancel;order:buy;asset:Y;price:91;qty:null;orderid:od_1672557452833771;respmessg:null;message:YesFairPriceChange,NewBuyParams
INFO:order:2023-01-03 19:23:47,304;log:pre;eid:15362;call:sent;type:place;order:buy;asset:Y;price:94;qty:6;orderid:buysend;respmessg:null;message:YesFairPriceChange,ScalpingYes,BasicBuy,atbest+1
INFO:order:2023-01-03 19:23:48,874;log:post;eid:15362;call:response;type:place;order:buy;asset:Y;price:94;qty:6;orderid:od_1672557452833961;respmessg:null;message:YesFairPriceChange,ScalpingYes,BasicBuy,atbest+1
INFO:order:2023-01-03 19:25:06,582;log:pre;eid:15364;call:sent;type:place;order:buy;asset:Y;price:61;qty:45;orderid:buysend;respmessg:null;message:YesSignalZeroHolding,ScalpingYes,BasicBuy,atbest+1
INFO:order:2023-01-03 19:25:08,210;log:post;eid:15364;call:response;type:place;order:buy;asset:Y;price:61;qty:45;orderid:od_1672557452833971;respmessg:null;message:YesSignalZeroHolding,ScalpingYes,BasicBuy,atbest+1
INFO:order:2023-01-03 19:27:19,529;log:pre;eid:15367;call:sent;type:cancel;order:sell;asset:N;price:99;qty:null;orderid:od_1672557452833944;respmessg:null;message:YesAvgBuyPriceChange,NewSellParams
INFO:order:2023-01-03 19:27:21,146;log:post;eid:15367;call:response;type:cancel;order:sell;asset:N;price:99;qty:null;orderid:od_1672557452833944;respmessg:null;message:YesAvgBuyPriceChange,NewSellParams
INFO:order:2023-01-03 19:27:21,602;log:pre;eid:15367;call:sent;type:place;order:sell;asset:N;price:99;qty:1;orderid:sellsend;respmessg:null;message:YesAvgBuyPriceChange,SellingBoughtQty,ProfitSell,atBetter
INFO:order:2023-01-03 19:27:23,164;log:post;eid:15367;call:response;type:place;order:sell;asset:N;price:99;qty:1;orderid:od_1672557452833988;respmessg:null;message:YesAvgBuyPriceChange,SellingBoughtQty,ProfitSell,atBetter
INFO:order:2023-01-03 19:30:26,362;log:pre;eid:15362;call:sent;type:cancel;order:buy;asset:Y;price:94;qty:null;orderid:od_1672557452833961;respmessg:null;message:YesFairPriceChange,NewBuyParams
INFO:order:2023-01-03 19:30:28,014;log:post;eid:15362;call:response;type:cancel;order:buy;asset:Y;price:94;qty:null;orderid:od_1672557452833961;respmessg:null;message:YesFairPriceChange,NewBuyParams
INFO:order:2023-01-03 19:30:28,691;log:pre;eid:15362;call:sent;type:place;order:buy;asset:Y;price:96;qty:36;orderid:buysend;respmessg:null;message:YesFairPriceChange,ScalpingYes,BasicBuy,atbest+1
INFO:order:2023-01-03 19:30:30,243;log:post;eid:15362;call:response;type:place;order:buy;asset:Y;price:96;qty:36;orderid:od_1672557452834030;respmessg:null;message:YesFairPriceChange,ScalpingYes,BasicBuy,atbest+1
INFO:order:2023-01-03 19:31:54,472;log:pre;eid:15364;call:sent;type:cancel;order:buy;asset:Y;price:61;qty:null;orderid:od_1672557452833971;respmessg:null;message:YesSignalZeroHolding,PausingBuy
INFO:order:2023-01-03 19:31:56,143;log:post;eid:15364;call:response;type:cancel;order:buy;asset:Y;price:61;qty:null;orderid:od_1672557452833971;respmessg:null;message:YesSignalZeroHolding,PausingBuy
INFO:order:2023-01-03 19:34:10,028;log:pre;eid:15367;call:sent;type:cancel;order:sell;asset:N;price:99;qty:null;orderid:od_1672557452833988;respmessg:null;message:YesAvgBuyPriceChange,NewSellParams
INFO:order:2023-01-03 19:34:11,649;log:post;eid:15367;call:response;type:cancel;order:sell;asset:N;price:99;qty:null;orderid:od_1672557452833988;respmessg:null;message:YesAvgBuyPriceChange,NewSellParams
INFO:order:2023-01-03 19:34:12,192;log:pre;eid:15367;call:sent;type:place;order:sell;asset:N;price:99;qty:1;orderid:sellsend;respmessg:null;message:YesAvgBuyPriceChange,SellingBoughtQty,ProfitSell,atBetter
INFO:order:2023-01-03 19:34:13,764;log:post;eid:15367;call:response;type:place;order:sell;asset:N;price:99;qty:1;orderid:od_1672557452834081;respmessg:null;message:YesAvgBuyPriceChange,SellingBoughtQty,ProfitSell,atBetter
INFO:order:2023-01-03 19:38:29,625;log:pre;eid:15364;call:sent;type:place;order:buy;asset:Y;price:61;qty:45;orderid:buysend;respmessg:null;message:YesSignalZeroHolding,ScalpingYes,BasicBuy,atbest+1
INFO:order:2023-01-03 19:38:31,303;log:post;eid:15364;call:response;type:place;order:buy;asset:Y;price:61;qty:45;orderid:od_1672557452834124;respmessg:null;message:YesSignalZeroHolding,ScalpingYes,BasicBuy,atbest+1
INFO:order:2023-01-03 19:40:54,131;log:pre;eid:15367;call:sent;type:cancel;order:sell;asset:N;price:99;qty:null;orderid:od_1672557452834081;respmessg:null;message:YesAvgBuyPriceChange,NewSellParams
INFO:order:2023-01-03 19:40:55,796;log:post;eid:15367;call:response;type:cancel;order:sell;asset:N;price:99;qty:null;orderid:od_1672557452834081;respmessg:null;message:YesAvgBuyPriceChange,NewSellParams
INFO:order:2023-01-03 19:40:56,278;log:pre;eid:15367;call:sent;type:place;order:sell;asset:N;price:99;qty:1;orderid:sellsend;respmessg:null;message:YesAvgBuyPriceChange,SellingBoughtQty,ProfitSell,atBetter
INFO:order:2023-01-03 19:40:57,872;log:post;eid:15367;call:response;type:place;order:sell;asset:N;price:99;qty:1;orderid:od_1672557452834137;respmessg:null;message:YesAvgBuyPriceChange,SellingBoughtQty,ProfitSell,atBetter
INFO:order:2023-01-03 19:45:45,805;log:pre;eid:15365;call:sent;type:cancel;order:buy;asset:N;price:9;qty:null;orderid:od_1672557452833722;respmessg:null;message:NoSignalZeroHolding,PausingBuy
INFO:order:2023-01-03 19:45:47,427;log:post;eid:15365;call:response;type:cancel;order:buy;asset:N;price:9;qty:null;orderid:od_1672557452833722;respmessg:null;message:NoSignalZeroHolding,PausingBuy
INFO:order:2023-01-03 19:47:15,188;log:pre;eid:15367;call:sent;type:cancel;order:sell;asset:N;price:99;qty:null;orderid:od_1672557452834137;respmessg:null;message:YesAvgBuyPriceChange,NewSellParams
INFO:order:2023-01-03 19:47:16,759;log:post;eid:15367;call:response;type:cancel;order:sell;asset:N;price:99;qty:null;orderid:od_1672557452834137;respmessg:null;message:YesAvgBuyPriceChange,NewSellParams
INFO:order:2023-01-03 19:47:17,328;log:pre;eid:15367;call:sent;type:place;order:sell;asset:N;price:99;qty:1;orderid:sellsend;respmessg:null;message:YesAvgBuyPriceChange,SellingBoughtQty,ProfitSell,atBetter
INFO:order:2023-01-03 19:47:18,973;log:post;eid:15367;call:response;type:place;order:sell;asset:N;price:99;qty:1;orderid:od_1672557452834186;respmessg:null;message:YesAvgBuyPriceChange,SellingBoughtQty,ProfitSell,atBetter
INFO:order:2023-01-03 19:53:42,505;log:pre;eid:15367;call:sent;type:cancel;order:sell;asset:N;price:99;qty:null;orderid:od_1672557452834186;respmessg:null;message:YesAvgBuyPriceChange,NewSellParams
INFO:order:2023-01-03 19:53:44,103;log:post;eid:15367;call:response;type:cancel;order:sell;asset:N;price:99;qty:null;orderid:od_1672557452834186;respmessg:null;message:YesAvgBuyPriceChange,NewSellParams
INFO:order:2023-01-03 19:53:44,549;log:pre;eid:15367;call:sent;type:place;order:sell;asset:N;price:99;qty:1;orderid:sellsend;respmessg:null;message:YesAvgBuyPriceChange,SellingBoughtQty,ProfitSell,atBetter
INFO:order:2023-01-03 19:53:46,134;log:post;eid:15367;call:response;type:place;order:sell;asset:N;price:99;qty:1;orderid:od_1672557452834224;respmessg:null;message:YesAvgBuyPriceChange,SellingBoughtQty,ProfitSell,atBetter
INFO:order:2023-01-03 19:57:57,488;log:pre;eid:15364;call:sent;type:cancel;order:buy;asset:Y;price:61;qty:null;orderid:od_1672557452834124;respmessg:null;message:YesSignalZeroHolding,NewBuyParams
INFO:order:2023-01-03 19:57:59,049;log:post;eid:15364;call:response;type:cancel;order:buy;asset:Y;price:61;qty:null;orderid:od_1672557452834124;respmessg:null;message:YesSignalZeroHolding,NewBuyParams
INFO:order:2023-01-03 19:57:59,393;log:pre;eid:15364;call:sent;type:place;order:buy;asset:Y;price:41;qty:60;orderid:buysend;respmessg:null;message:YesSignalZeroHolding,ScalpingYes,BasicBuy,atbest+1
INFO:order:2023-01-03 19:58:00,973;log:post;eid:15364;call:response;type:place;order:buy;asset:Y;price:41;qty:60;orderid:od_1672557452834255;respmessg:null;message:YesSignalZeroHolding,ScalpingYes,BasicBuy,atbest+1
INFO:order:2023-01-03 19:59:25,126;log:pre;eid:15366;call:sent;type:cancel;order:buy;asset:N;price:51;qty:null;orderid:od_1672557452833576;respmessg:null;message:NoSignalZeroHolding,NewBuyParams
INFO:order:2023-01-03 19:59:26,654;log:post;eid:15366;call:response;type:cancel;order:buy;asset:N;price:51;qty:null;orderid:od_1672557452833576;respmessg:null;message:NoSignalZeroHolding,NewBuyParams
INFO:order:2023-01-03 19:59:27,111;log:pre;eid:15366;call:sent;type:place;order:buy;asset:N;price:6;qty:60;orderid:buysend;respmessg:null;message:NoSignalZeroHolding,ScalpingNo,BasicBuy,atbest+1
INFO:order:2023-01-03 19:59:28,634;log:post;eid:15366;call:response;type:place;order:buy;asset:N;price:6;qty:60;orderid:od_1672557452834269;respmessg:null;message:NoSignalZeroHolding,ScalpingNo,BasicBuy,atbest+1
INFO:order:2023-01-03 20:00:13,355;log:pre;eid:15367;call:sent;type:cancel;order:sell;asset:N;price:99;qty:null;orderid:od_1672557452834224;respmessg:null;message:NoFairPriceChange,NewSellParams
INFO:order:2023-01-03 20:00:14,907;log:post;eid:15367;call:response;type:cancel;order:sell;asset:N;price:99;qty:null;orderid:od_1672557452834224;respmessg:null;message:NoFairPriceChange,NewSellParams
INFO:order:2023-01-03 20:00:15,332;log:pre;eid:15367;call:sent;type:place;order:sell;asset:N;price:99;qty:1;orderid:sellsend;respmessg:null;message:NoFairPriceChange,SellingBoughtQty,ProfitSell,atBetter
INFO:order:2023-01-03 20:00:16,868;log:post;eid:15367;call:response;type:place;order:sell;asset:N;price:99;qty:1;orderid:od_1672557452834280;respmessg:null;message:NoFairPriceChange,SellingBoughtQty,ProfitSell,atBetter
INFO:order:2023-01-03 20:06:32,128;log:pre;eid:15367;call:sent;type:cancel;order:sell;asset:N;price:99;qty:null;orderid:od_1672557452834280;respmessg:null;message:YesAvgBuyPriceChange,NewSellParams
INFO:order:2023-01-03 20:06:33,653;log:post;eid:15367;call:response;type:cancel;order:sell;asset:N;price:99;qty:null;orderid:od_1672557452834280;respmessg:null;message:YesAvgBuyPriceChange,NewSellParams
INFO:order:2023-01-03 20:06:34,031;log:pre;eid:15367;call:sent;type:place;order:sell;asset:N;price:99;qty:1;orderid:sellsend;respmessg:null;message:YesAvgBuyPriceChange,SellingBoughtQty,ProfitSell,atBetter
INFO:order:2023-01-03 20:06:35,615;log:post;eid:15367;call:response;type:place;order:sell;asset:N;price:99;qty:1;orderid:od_1672557452834297;respmessg:null;message:YesAvgBuyPriceChange,SellingBoughtQty,ProfitSell,atBetter
INFO:order:2023-01-03 20:12:48,034;log:pre;eid:15367;call:sent;type:cancel;order:sell;asset:N;price:99;qty:null;orderid:od_1672557452834297;respmessg:null;message:YesAvgBuyPriceChange,NewSellParams
INFO:order:2023-01-03 20:12:49,640;log:post;eid:15367;call:response;type:cancel;order:sell;asset:N;price:99;qty:null;orderid:od_1672557452834297;respmessg:null;message:YesAvgBuyPriceChange,NewSellParams
INFO:order:2023-01-03 20:12:50,005;log:pre;eid:15367;call:sent;type:place;order:sell;asset:N;price:99;qty:1;orderid:sellsend;respmessg:null;message:YesAvgBuyPriceChange,SellingBoughtQty,ProfitSell,atBetter
INFO:order:2023-01-03 20:12:51,582;log:post;eid:15367;call:response;type:place;order:sell;asset:N;price:99;qty:1;orderid:od_1672557452834376;respmessg:null;message:YesAvgBuyPriceChange,SellingBoughtQty,ProfitSell,atBetter
INFO:order:2023-01-03 20:19:06,694;log:pre;eid:15367;call:sent;type:cancel;order:sell;asset:N;price:99;qty:null;orderid:od_1672557452834376;respmessg:null;message:YesAvgBuyPriceChange,NewSellParams
INFO:order:2023-01-03 20:19:08,219;log:post;eid:15367;call:response;type:cancel;order:sell;asset:N;price:99;qty:null;orderid:od_1672557452834376;respmessg:null;message:YesAvgBuyPriceChange,NewSellParams
INFO:order:2023-01-03 20:19:08,606;log:pre;eid:15367;call:sent;type:place;order:sell;asset:N;price:99;qty:1;orderid:sellsend;respmessg:null;message:YesAvgBuyPriceChange,SellingBoughtQty,ProfitSell,atBetter
INFO:order:2023-01-03 20:19:10,194;log:post;eid:15367;call:response;type:place;order:sell;asset:N;price:99;qty:1;orderid:od_1672557452834450;respmessg:null;message:YesAvgBuyPriceChange,SellingBoughtQty,ProfitSell,atBetter
INFO:order:2023-01-03 20:21:58,502;log:pre;eid:15362;call:sent;type:place;order:sell;asset:Y;price:96;qty:10;orderid:sellsend;respmessg:null;message:HoldYesQtyChange,SellingYesNewQty,ProfitSell,atBetter
INFO:order:2023-01-03 20:22:00,049;log:post;eid:15362;call:response;type:place;order:sell;asset:Y;price:96;qty:10;orderid:od_1672557452834488;respmessg:null;message:HoldYesQtyChange,SellingYesNewQty,ProfitSell,atBetter
INFO:order:2023-01-03 20:22:02,140;log:pre;eid:15362;call:sent;type:cancel;order:sell;asset:Y;price:96;qty:null;orderid:od_1672557452834488;respmessg:null;message:YesFairPriceChange,PausingSell
INFO:order:2023-01-03 20:22:03,686;log:post;eid:15362;call:response;type:cancel;order:sell;asset:Y;price:96;qty:null;orderid:od_1672557452834488;respmessg:null;message:YesFairPriceChange,PausingSell
INFO:order:2023-01-03 20:23:19,605;log:pre;eid:15364;call:sent;type:cancel;order:buy;asset:Y;price:41;qty:null;orderid:od_1672557452834255;respmessg:null;message:YesSignalZeroHolding,PausingBuy
INFO:order:2023-01-03 20:23:21,150;log:post;eid:15364;call:response;type:cancel;order:buy;asset:Y;price:41;qty:null;orderid:od_1672557452834255;respmessg:null;message:YesSignalZeroHolding,PausingBuy
INFO:order:2023-01-03 20:24:03,679;log:pre;eid:15365;call:sent;type:place;order:buy;asset:N;price:9;qty:30;orderid:buysend;respmessg:null;message:NoSignalZeroHolding,ScalpingNo,BasicBuy,atbest+1
INFO:order:2023-01-03 20:24:05,193;log:post;eid:15365;call:response;type:place;order:buy;asset:N;price:9;qty:30;orderid:od_1672557452834509;respmessg:null;message:NoSignalZeroHolding,ScalpingNo,BasicBuy,atbest+1
INFO:order:2023-01-03 20:25:31,351;log:pre;eid:15367;call:sent;type:cancel;order:sell;asset:N;price:99;qty:null;orderid:od_1672557452834450;respmessg:null;message:YesAvgBuyPriceChange,NewSellParams
INFO:order:2023-01-03 20:25:32,875;log:post;eid:15367;call:response;type:cancel;order:sell;asset:N;price:99;qty:null;orderid:od_1672557452834450;respmessg:null;message:YesAvgBuyPriceChange,NewSellParams
INFO:order:2023-01-03 20:25:33,331;log:pre;eid:15367;call:sent;type:place;order:sell;asset:N;price:99;qty:1;orderid:sellsend;respmessg:null;message:YesAvgBuyPriceChange,SellingBoughtQty,ProfitSell,atBetter
INFO:order:2023-01-03 20:25:34,884;log:post;eid:15367;call:response;type:place;order:sell;asset:N;price:99;qty:1;orderid:od_1672557452834518;respmessg:null;message:YesAvgBuyPriceChange,SellingBoughtQty,ProfitSell,atBetter
INFO:order:2023-01-03 20:28:56,619;log:pre;eid:15363;call:sent;type:cancel;order:buy;asset:Y;price:51;qty:null;orderid:od_1672557452831328;respmessg:null;message:YesSignalZeroHolding,NewBuyParams
INFO:order:2023-01-03 20:28:58,166;log:post;eid:15363;call:response;type:cancel;order:buy;asset:Y;price:51;qty:null;orderid:od_1672557452831328;respmessg:null;message:YesSignalZeroHolding,NewBuyParams
INFO:order:2023-01-03 20:28:58,513;log:pre;eid:15363;call:sent;type:place;order:buy;asset:Y;price:6;qty:45;orderid:buysend;respmessg:null;message:YesSignalZeroHolding,ScalpingYes,BasicBuy,atbest+1
INFO:order:2023-01-03 20:29:00,038;log:post;eid:15363;call:response;type:place;order:buy;asset:Y;price:6;qty:45;orderid:od_1672557452834539;respmessg:null;message:YesSignalZeroHolding,ScalpingYes,BasicBuy,atbest+1
INFO:order:2023-01-03 20:31:49,470;log:pre;eid:15367;call:sent;type:cancel;order:sell;asset:N;price:99;qty:null;orderid:od_1672557452834518;respmessg:null;message:YesAvgBuyPriceChange,NewSellParams
INFO:order:2023-01-03 20:31:51,824;log:post;eid:15367;call:response;type:cancel;order:sell;asset:N;price:99;qty:null;orderid:od_1672557452834518;respmessg:null;message:YesAvgBuyPriceChange,NewSellParams
INFO:order:2023-01-03 20:31:52,243;log:pre;eid:15367;call:sent;type:place;order:sell;asset:N;price:99;qty:1;orderid:sellsend;respmessg:null;message:YesAvgBuyPriceChange,SellingBoughtQty,ProfitSell,atBetter
INFO:order:2023-01-03 20:31:53,798;log:post;eid:15367;call:response;type:place;order:sell;asset:N;price:99;qty:1;orderid:od_1672557452834588;respmessg:null;message:YesAvgBuyPriceChange,SellingBoughtQty,ProfitSell,atBetter
INFO:order:2023-01-03 20:35:19,321;log:pre;eid:15363;call:sent;type:cancel;order:buy;asset:Y;price:6;qty:null;orderid:od_1672557452834539;respmessg:null;message:YesSignalZeroHolding,NewBuyParams
INFO:order:2023-01-03 20:35:20,853;log:post;eid:15363;call:response;type:cancel;order:buy;asset:Y;price:6;qty:null;orderid:od_1672557452834539;respmessg:null;message:YesSignalZeroHolding,NewBuyParams
INFO:order:2023-01-03 20:35:21,254;log:pre;eid:15363;call:sent;type:place;order:buy;asset:Y;price:9;qty:30;orderid:buysend;respmessg:null;message:YesSignalZeroHolding,ScalpingYes,BasicBuy,atbest+1
INFO:order:2023-01-03 20:35:22,767;log:post;eid:15363;call:response;type:place;order:buy;asset:Y;price:9;qty:30;orderid:od_1672557452834616;respmessg:null;message:YesSignalZeroHolding,ScalpingYes,BasicBuy,atbest+1
INFO:order:2023-01-03 20:38:08,267;log:pre;eid:15367;call:sent;type:cancel;order:sell;asset:N;price:99;qty:null;orderid:od_1672557452834588;respmessg:null;message:YesAvgBuyPriceChange,NewSellParams
INFO:order:2023-01-03 20:38:09,796;log:post;eid:15367;call:response;type:cancel;order:sell;asset:N;price:99;qty:null;orderid:od_1672557452834588;respmessg:null;message:YesAvgBuyPriceChange,NewSellParams
INFO:order:2023-01-03 20:38:10,222;log:pre;eid:15367;call:sent;type:place;order:sell;asset:N;price:99;qty:1;orderid:sellsend;respmessg:null;message:YesAvgBuyPriceChange,SellingBoughtQty,ProfitSell,atBetter
INFO:order:2023-01-03 20:38:11,739;log:post;eid:15367;call:response;type:place;order:sell;asset:N;price:99;qty:1;orderid:od_1672557452834625;respmessg:null;message:YesAvgBuyPriceChange,SellingBoughtQty,ProfitSell,atBetter
INFO:order:2023-01-03 20:40:20,708;log:pre;eid:15361;call:sent;type:cancel;order:buy;asset:Y;price:97;qty:null;orderid:od_1672557452833958;respmessg:null;message:YesSignalZeroHolding,NewBuyParams
INFO:order:2023-01-03 20:40:22,272;log:post;eid:15361;call:response;type:cancel;order:buy;asset:Y;price:97;qty:null;orderid:od_1672557452833958;respmessg:null;message:YesSignalZeroHolding,NewBuyParams
INFO:order:2023-01-03 20:40:22,577;log:pre;eid:15361;call:sent;type:place;order:buy;asset:Y;price:51;qty:75;orderid:buysend;respmessg:null;message:YesSignalZeroHolding,ScalpingYes,BasicBuy,atbest+1
INFO:order:2023-01-03 20:40:24,115;log:post;eid:15361;call:response;type:place;order:buy;asset:Y;price:51;qty:75;orderid:od_1672557452834641;respmessg:null;message:YesSignalZeroHolding,ScalpingYes,BasicBuy,atbest+1
INFO:order:2023-01-03 20:41:05,440;log:pre;eid:15362;call:sent;type:cancel;order:buy;asset:Y;price:96.0;qty:null;orderid:od_1672557452834030;respmessg:null;message:YesFairPriceChange,NewBuyParams
INFO:order:2023-01-03 20:41:05,962;log:post;eid:15362;call:response;type:cancel;order:buy;asset:Y;price:96.0;qty:null;orderid:od_1672557452834030;respmessg:notsuccess;message:YesFairPriceChange,NewBuyParams
INFO:order:2023-01-03 20:41:06,430;log:pre;eid:15362;call:sent;type:place;order:buy;asset:Y;price:98;qty:35;orderid:buysend;respmessg:null;message:YesFairPriceChange,ScalpingYes,BasicBuy,atbest+1
INFO:order:2023-01-03 20:41:07,980;log:post;eid:15362;call:response;type:place;order:buy;asset:Y;price:98;qty:35;orderid:od_1672557452834650;respmessg:null;message:YesFairPriceChange,ScalpingYes,BasicBuy,atbest+1
INFO:order:2023-01-03 20:43:51,036;log:pre;eid:15366;call:sent;type:cancel;order:buy;asset:N;price:6;qty:null;orderid:od_1672557452834269;respmessg:null;message:NoSignalZeroHolding,NewBuyParams
INFO:order:2023-01-03 20:43:52,659;log:post;eid:15366;call:response;type:cancel;order:buy;asset:N;price:6;qty:null;orderid:od_1672557452834269;respmessg:null;message:NoSignalZeroHolding,NewBuyParams
INFO:order:2023-01-03 20:43:53,094;log:pre;eid:15366;call:sent;type:place;order:buy;asset:N;price:8;qty:30;orderid:buysend;respmessg:null;message:NoSignalZeroHolding,ScalpingNo,BasicBuy,atbest+1
INFO:order:2023-01-03 20:43:54,621;log:post;eid:15366;call:response;type:place;order:buy;asset:N;price:8;qty:30;orderid:od_1672557452834684;respmessg:null;message:NoSignalZeroHolding,ScalpingNo,BasicBuy,atbest+1
INFO:order:2023-01-03 20:44:40,055;log:pre;eid:15367;call:sent;type:cancel;order:sell;asset:N;price:99;qty:null;orderid:od_1672557452834625;respmessg:null;message:NoFairPriceChange,NewSellParams
INFO:order:2023-01-03 20:44:41,642;log:post;eid:15367;call:response;type:cancel;order:sell;asset:N;price:99;qty:null;orderid:od_1672557452834625;respmessg:null;message:NoFairPriceChange,NewSellParams
INFO:order:2023-01-03 20:44:41,997;log:pre;eid:15367;call:sent;type:place;order:sell;asset:N;price:99;qty:1;orderid:sellsend;respmessg:null;message:NoFairPriceChange,SellingBoughtQty,ProfitSell,atBetter
INFO:order:2023-01-03 20:44:43,562;log:post;eid:15367;call:response;type:place;order:sell;asset:N;price:99;qty:1;orderid:od_1672557452834689;respmessg:null;message:NoFairPriceChange,SellingBoughtQty,ProfitSell,atBetter
INFO:order:2023-01-03 20:47:30,609;log:pre;eid:15362;call:sent;type:cancel;order:buy;asset:Y;price:98.0;qty:null;orderid:od_1672557452834650;respmessg:null;message:YesFairPriceChange,NewBuyParams
INFO:order:2023-01-03 20:47:31,138;log:post;eid:15362;call:response;type:cancel;order:buy;asset:Y;price:98.0;qty:null;orderid:od_1672557452834650;respmessg:notsuccess;message:YesFairPriceChange,NewBuyParams
INFO:order:2023-01-03 20:47:31,140;log:pre;eid:15362;call:sent;type:cancel;order:buy;asset:Y;price:96.0;qty:null;orderid:od_1672557452834030;respmessg:null;message:YesFairPriceChange,NewBuyParams
INFO:order:2023-01-03 20:47:31,616;log:post;eid:15362;call:response;type:cancel;order:buy;asset:Y;price:96.0;qty:null;orderid:od_1672557452834030;respmessg:notsuccess;message:YesFairPriceChange,NewBuyParams
INFO:order:2023-01-03 20:47:31,949;log:pre;eid:15362;call:sent;type:place;order:buy;asset:Y;price:99;qty:35;orderid:buysend;respmessg:null;message:YesFairPriceChange,ScalpingYes,BasicBuy,atbest+1
INFO:order:2023-01-03 20:47:33,466;log:post;eid:15362;call:response;type:place;order:buy;asset:Y;price:99;qty:35;orderid:od_1672557452834699;respmessg:null;message:YesFairPriceChange,ScalpingYes,BasicBuy,atbest+1
INFO:order:2023-01-03 20:48:10,640;log:pre;eid:15363;call:sent;type:cancel;order:buy;asset:Y;price:9;qty:null;orderid:od_1672557452834616;respmessg:null;message:YesSignalZeroHolding,NewBuyParams
INFO:order:2023-01-03 20:48:12,176;log:post;eid:15363;call:response;type:cancel;order:buy;asset:Y;price:9;qty:null;orderid:od_1672557452834616;respmessg:null;message:YesSignalZeroHolding,NewBuyParams
INFO:order:2023-01-03 20:48:12,665;log:pre;eid:15363;call:sent;type:place;order:buy;asset:Y;price:71;qty:30;orderid:buysend;respmessg:null;message:YesSignalZeroHolding,ScalpingYes,BasicBuy,atbest+1
INFO:order:2023-01-03 20:48:14,202;log:post;eid:15363;call:response;type:place;order:buy;asset:Y;price:71;qty:30;orderid:od_1672557452834704;respmessg:null;message:YesSignalZeroHolding,ScalpingYes,BasicBuy,atbest+1
INFO:order:2023-01-03 20:50:19,555;log:pre;eid:15366;call:sent;type:cancel;order:buy;asset:N;price:8;qty:null;orderid:od_1672557452834684;respmessg:null;message:NoSignalZeroHolding,NewBuyParams
INFO:order:2023-01-03 20:50:21,123;log:post;eid:15366;call:response;type:cancel;order:buy;asset:N;price:8;qty:null;orderid:od_1672557452834684;respmessg:null;message:NoSignalZeroHolding,NewBuyParams
INFO:order:2023-01-03 20:50:21,435;log:pre;eid:15366;call:sent;type:place;order:buy;asset:N;price:13;qty:30;orderid:buysend;respmessg:null;message:NoSignalZeroHolding,ScalpingNo,BasicBuy,atbest+1
INFO:order:2023-01-03 20:50:22,983;log:post;eid:15366;call:response;type:place;order:buy;asset:N;price:13;qty:30;orderid:od_1672557452834719;respmessg:null;message:NoSignalZeroHolding,ScalpingNo,BasicBuy,atbest+1
INFO:order:2023-01-03 20:51:05,721;log:pre;eid:15367;call:sent;type:cancel;order:sell;asset:N;price:99;qty:null;orderid:od_1672557452834689;respmessg:null;message:YesAvgBuyPriceChange,NewSellParams
INFO:order:2023-01-03 20:51:07,253;log:post;eid:15367;call:response;type:cancel;order:sell;asset:N;price:99;qty:null;orderid:od_1672557452834689;respmessg:null;message:YesAvgBuyPriceChange,NewSellParams
INFO:order:2023-01-03 20:51:07,624;log:pre;eid:15367;call:sent;type:place;order:sell;asset:N;price:99;qty:1;orderid:sellsend;respmessg:null;message:YesAvgBuyPriceChange,SellingBoughtQty,ProfitSell,atBetter
INFO:order:2023-01-03 20:51:09,183;log:post;eid:15367;call:response;type:place;order:sell;asset:N;price:99;qty:1;orderid:od_1672557452834728;respmessg:null;message:YesAvgBuyPriceChange,SellingBoughtQty,ProfitSell,atBetter
INFO:order:2023-01-03 20:53:55,993;log:pre;eid:15362;call:sent;type:place;order:sell;asset:Y;price:99;qty:11;orderid:sellsend;respmessg:null;message:HoldYesQtyChange,SellingYesNewQty,ProfitSell,atBetter
INFO:order:2023-01-03 20:53:57,558;log:post;eid:15362;call:response;type:place;order:sell;asset:Y;price:99;qty:11;orderid:od_1672557452834744;respmessg:null;message:HoldYesQtyChange,SellingYesNewQty,ProfitSell,atBetter
INFO:order:2023-01-03 20:54:00,601;log:pre;eid:15362;call:sent;type:cancel;order:sell;asset:Y;price:99;qty:null;orderid:od_1672557452834744;respmessg:null;message:YesFairPriceChange,PausingSell
INFO:order:2023-01-03 20:54:02,167;log:post;eid:15362;call:response;type:cancel;order:sell;asset:Y;price:99;qty:null;orderid:od_1672557452834744;respmessg:null;message:YesFairPriceChange,PausingSell
INFO:order:2023-01-03 20:56:03,544;log:pre;eid:15365;call:sent;type:place;order:sell;asset:N;price:89;qty:1;orderid:sellsend;respmessg:null;message:HoldNoQtyChange,SellingNoNewQty,ProfitSell,atBetter
INFO:order:2023-01-03 20:56:05,070;log:post;eid:15365;call:response;type:place;order:sell;asset:N;price:89;qty:1;orderid:od_1672557452834754;respmessg:null;message:HoldNoQtyChange,SellingNoNewQty,ProfitSell,atBetter
INFO:order:2023-01-03 20:56:45,176;log:pre;eid:15366;call:sent;type:cancel;order:buy;asset:N;price:13;qty:null;orderid:od_1672557452834719;respmessg:null;message:NoSignalZeroHolding,NewBuyParams
INFO:order:2023-01-03 20:56:46,730;log:post;eid:15366;call:response;type:cancel;order:buy;asset:N;price:13;qty:null;orderid:od_1672557452834719;respmessg:null;message:NoSignalZeroHolding,NewBuyParams
INFO:order:2023-01-03 20:56:47,086;log:pre;eid:15366;call:sent;type:place;order:buy;asset:N;price:17;qty:45;orderid:buysend;respmessg:null;message:NoSignalZeroHolding,ScalpingNo,BasicBuy,atbest+1
INFO:order:2023-01-03 20:56:48,616;log:post;eid:15366;call:response;type:place;order:buy;asset:N;price:17;qty:45;orderid:od_1672557452834757;respmessg:null;message:NoSignalZeroHolding,ScalpingNo,BasicBuy,atbest+1
INFO:order:2023-01-03 20:57:32,478;log:pre;eid:15367;call:sent;type:cancel;order:sell;asset:N;price:99;qty:null;orderid:od_1672557452834728;respmessg:null;message:YesAvgBuyPriceChange,NewSellParams
INFO:order:2023-01-03 20:57:34,018;log:post;eid:15367;call:response;type:cancel;order:sell;asset:N;price:99;qty:null;orderid:od_1672557452834728;respmessg:null;message:YesAvgBuyPriceChange,NewSellParams
INFO:order:2023-01-03 20:57:34,392;log:pre;eid:15367;call:sent;type:place;order:sell;asset:N;price:99;qty:1;orderid:sellsend;respmessg:null;message:YesAvgBuyPriceChange,SellingBoughtQty,ProfitSell,atBetter
INFO:order:2023-01-03 20:57:35,904;log:post;eid:15367;call:response;type:place;order:sell;asset:N;price:99;qty:1;orderid:od_1672557452834760;respmessg:null;message:YesAvgBuyPriceChange,SellingBoughtQty,ProfitSell,atBetter
INFO:order:2023-01-03 21:02:28,198;log:pre;eid:15365;call:sent;type:cancel;order:sell;asset:N;price:89;qty:null;orderid:od_1672557452834754;respmessg:null;message:YesFairPriceChange,NewSellParams
INFO:order:2023-01-03 21:02:29,762;log:post;eid:15365;call:response;type:cancel;order:sell;asset:N;price:89;qty:null;orderid:od_1672557452834754;respmessg:null;message:YesFairPriceChange,NewSellParams
INFO:order:2023-01-03 21:02:30,216;log:pre;eid:15365;call:sent;type:place;order:sell;asset:N;price:89;qty:1;orderid:sellsend;respmessg:null;message:YesFairPriceChange,SellingBoughtQty,ProfitSell,atBetter
INFO:order:2023-01-03 21:02:31,793;log:post;eid:15365;call:response;type:place;order:sell;asset:N;price:89;qty:1;orderid:od_1672557452834801;respmessg:null;message:YesFairPriceChange,SellingBoughtQty,ProfitSell,atBetter
INFO:order:2023-01-03 21:03:49,038;log:pre;eid:15367;call:sent;type:cancel;order:sell;asset:N;price:99;qty:null;orderid:od_1672557452834760;respmessg:null;message:YesAvgBuyPriceChange,NewSellParams
INFO:order:2023-01-03 21:03:50,599;log:post;eid:15367;call:response;type:cancel;order:sell;asset:N;price:99;qty:null;orderid:od_1672557452834760;respmessg:null;message:YesAvgBuyPriceChange,NewSellParams
INFO:order:2023-01-03 21:03:51,019;log:pre;eid:15367;call:sent;type:place;order:sell;asset:N;price:99;qty:1;orderid:sellsend;respmessg:null;message:YesAvgBuyPriceChange,SellingBoughtQty,ProfitSell,atBetter
INFO:order:2023-01-03 21:03:52,598;log:post;eid:15367;call:response;type:place;order:sell;asset:N;price:99;qty:1;orderid:od_1672557452834842;respmessg:null;message:YesAvgBuyPriceChange,SellingBoughtQty,ProfitSell,atBetter
INFO:order:2023-01-03 21:06:44,113;log:pre;eid:15362;call:sent;type:place;order:sell;asset:Y;price:99;qty:12;orderid:sellsend;respmessg:null;message:HoldYesQtyChange,SellingYesNewQty,ProfitSell,atBetter
INFO:order:2023-01-03 21:06:45,680;log:post;eid:15362;call:response;type:place;order:sell;asset:Y;price:99;qty:12;orderid:od_1672557452834890;respmessg:null;message:HoldYesQtyChange,SellingYesNewQty,ProfitSell,atBetter
INFO:order:2023-01-03 21:06:48,526;log:pre;eid:15362;call:sent;type:cancel;order:sell;asset:Y;price:99;qty:null;orderid:od_1672557452834890;respmessg:null;message:YesFairPriceChange,PausingSell
INFO:order:2023-01-03 21:06:50,095;log:post;eid:15362;call:response;type:cancel;order:sell;asset:Y;price:99;qty:null;orderid:od_1672557452834890;respmessg:null;message:YesFairPriceChange,PausingSell
INFO:order:2023-01-03 21:07:23,940;log:pre;eid:15363;call:sent;type:cancel;order:buy;asset:Y;price:71;qty:null;orderid:od_1672557452834704;respmessg:null;message:YesSignalZeroHolding,PausingBuy
INFO:order:2023-01-03 21:07:25,471;log:post;eid:15363;call:response;type:cancel;order:buy;asset:Y;price:71;qty:null;orderid:od_1672557452834704;respmessg:null;message:YesSignalZeroHolding,PausingBuy
INFO:order:2023-01-03 21:08:49,049;log:pre;eid:15365;call:sent;type:cancel;order:sell;asset:N;price:89;qty:null;orderid:od_1672557452834801;respmessg:null;message:YesAvgBuyPriceChange,NewSellParams
INFO:order:2023-01-03 21:08:50,671;log:post;eid:15365;call:response;type:cancel;order:sell;asset:N;price:89;qty:null;orderid:od_1672557452834801;respmessg:null;message:YesAvgBuyPriceChange,NewSellParams
INFO:order:2023-01-03 21:08:51,127;log:pre;eid:15365;call:sent;type:place;order:sell;asset:N;price:89;qty:1;orderid:sellsend;respmessg:null;message:YesAvgBuyPriceChange,SellingBoughtQty,ProfitSell,atBetter
INFO:order:2023-01-03 21:08:52,634;log:post;eid:15365;call:response;type:place;order:sell;asset:N;price:89;qty:1;orderid:od_1672557452834918;respmessg:null;message:YesAvgBuyPriceChange,SellingBoughtQty,ProfitSell,atBetter
INFO:order:2023-01-03 21:10:12,061;log:pre;eid:15367;call:sent;type:cancel;order:sell;asset:N;price:99;qty:null;orderid:od_1672557452834842;respmessg:null;message:YesAvgBuyPriceChange,NewSellParams
INFO:order:2023-01-03 21:10:13,629;log:post;eid:15367;call:response;type:cancel;order:sell;asset:N;price:99;qty:null;orderid:od_1672557452834842;respmessg:null;message:YesAvgBuyPriceChange,NewSellParams
INFO:order:2023-01-03 21:10:14,067;log:pre;eid:15367;call:sent;type:place;order:sell;asset:N;price:99;qty:1;orderid:sellsend;respmessg:null;message:YesAvgBuyPriceChange,SellingBoughtQty,ProfitSell,atBetter
INFO:order:2023-01-03 21:10:15,647;log:post;eid:15367;call:response;type:place;order:sell;asset:N;price:99;qty:1;orderid:od_1672557452834933;respmessg:null;message:YesAvgBuyPriceChange,SellingBoughtQty,ProfitSell,atBetter
INFO:order:2023-01-03 21:13:41,966;log:pre;eid:15363;call:sent;type:place;order:buy;asset:Y;price:71;qty:30;orderid:buysend;respmessg:null;message:YesSignalZeroHolding,ScalpingYes,BasicBuy,atbest+1
INFO:order:2023-01-03 21:13:43,501;log:post;eid:15363;call:response;type:place;order:buy;asset:Y;price:71;qty:30;orderid:od_1672557452834971;respmessg:null;message:YesSignalZeroHolding,ScalpingYes,BasicBuy,atbest+1
INFO:order:2023-01-03 21:15:09,500;log:pre;eid:15365;call:sent;type:cancel;order:sell;asset:N;price:89;qty:null;orderid:od_1672557452834918;respmessg:null;message:YesAvgBuyPriceChange,NewSellParams
INFO:order:2023-01-03 21:15:11,100;log:post;eid:15365;call:response;type:cancel;order:sell;asset:N;price:89;qty:null;orderid:od_1672557452834918;respmessg:null;message:YesAvgBuyPriceChange,NewSellParams
INFO:order:2023-01-03 21:15:11,478;log:pre;eid:15365;call:sent;type:place;order:sell;asset:N;price:89;qty:1;orderid:sellsend;respmessg:null;message:YesAvgBuyPriceChange,SellingBoughtQty,ProfitSell,atBetter
INFO:order:2023-01-03 21:15:13,000;log:post;eid:15365;call:response;type:place;order:sell;asset:N;price:89;qty:1;orderid:od_1672557452835001;respmessg:null;message:YesAvgBuyPriceChange,SellingBoughtQty,ProfitSell,atBetter
INFO:order:2023-01-03 21:16:30,113;log:pre;eid:15367;call:sent;type:cancel;order:sell;asset:N;price:99;qty:null;orderid:od_1672557452834933;respmessg:null;message:YesAvgBuyPriceChange,NewSellParams
INFO:order:2023-01-03 21:16:31,665;log:post;eid:15367;call:response;type:cancel;order:sell;asset:N;price:99;qty:null;orderid:od_1672557452834933;respmessg:null;message:YesAvgBuyPriceChange,NewSellParams
INFO:order:2023-01-03 21:16:32,006;log:pre;eid:15367;call:sent;type:place;order:sell;asset:N;price:99;qty:1;orderid:sellsend;respmessg:null;message:YesAvgBuyPriceChange,SellingBoughtQty,ProfitSell,atBetter
INFO:order:2023-01-03 21:16:33,569;log:post;eid:15367;call:response;type:place;order:sell;asset:N;price:99;qty:1;orderid:od_1672557452835014;respmessg:null;message:YesAvgBuyPriceChange,SellingBoughtQty,ProfitSell,atBetter
INFO:order:2023-01-03 21:21:18,285;log:pre;eid:15365;call:sent;type:cancel;order:sell;asset:N;price:89;qty:null;orderid:od_1672557452835001;respmessg:null;message:YesAvgBuyPriceChange,NewSellParams
INFO:order:2023-01-03 21:21:19,853;log:post;eid:15365;call:response;type:cancel;order:sell;asset:N;price:89;qty:null;orderid:od_1672557452835001;respmessg:null;message:YesAvgBuyPriceChange,NewSellParams
INFO:order:2023-01-03 21:21:20,322;log:pre;eid:15365;call:sent;type:place;order:sell;asset:N;price:89;qty:1;orderid:sellsend;respmessg:null;message:YesAvgBuyPriceChange,SellingBoughtQty,ProfitSell,atBetter
INFO:order:2023-01-03 21:21:21,846;log:post;eid:15365;call:response;type:place;order:sell;asset:N;price:89;qty:1;orderid:od_1672557452835074;respmessg:null;message:YesAvgBuyPriceChange,SellingBoughtQty,ProfitSell,atBetter
INFO:order:2023-01-03 21:22:38,680;log:pre;eid:15367;call:sent;type:cancel;order:sell;asset:N;price:99;qty:null;orderid:od_1672557452835014;respmessg:null;message:YesAvgBuyPriceChange,NewSellParams
INFO:order:2023-01-03 21:22:40,207;log:post;eid:15367;call:response;type:cancel;order:sell;asset:N;price:99;qty:null;orderid:od_1672557452835014;respmessg:null;message:YesAvgBuyPriceChange,NewSellParams
INFO:order:2023-01-03 21:22:40,596;log:pre;eid:15367;call:sent;type:place;order:sell;asset:N;price:99;qty:1;orderid:sellsend;respmessg:null;message:YesAvgBuyPriceChange,SellingBoughtQty,ProfitSell,atBetter
INFO:order:2023-01-03 21:22:42,143;log:post;eid:15367;call:response;type:place;order:sell;asset:N;price:99;qty:1;orderid:od_1672557452835092;respmessg:null;message:YesAvgBuyPriceChange,SellingBoughtQty,ProfitSell,atBetter
INFO:order:2023-01-03 21:27:31,171;log:pre;eid:15365;call:sent;type:cancel;order:sell;asset:N;price:89;qty:null;orderid:od_1672557452835074;respmessg:null;message:YesAvgBuyPriceChange,NewSellParams
INFO:order:2023-01-03 21:27:32,755;log:post;eid:15365;call:response;type:cancel;order:sell;asset:N;price:89;qty:null;orderid:od_1672557452835074;respmessg:null;message:YesAvgBuyPriceChange,NewSellParams
INFO:order:2023-01-03 21:27:33,140;log:pre;eid:15365;call:sent;type:place;order:sell;asset:N;price:89;qty:1;orderid:sellsend;respmessg:null;message:YesAvgBuyPriceChange,SellingBoughtQty,ProfitSell,atBetter
INFO:order:2023-01-03 21:27:34,678;log:post;eid:15365;call:response;type:place;order:sell;asset:N;price:89;qty:1;orderid:od_1672557452835139;respmessg:null;message:YesAvgBuyPriceChange,SellingBoughtQty,ProfitSell,atBetter
INFO:order:2023-01-03 21:28:52,876;log:pre;eid:15367;call:sent;type:cancel;order:sell;asset:N;price:99;qty:null;orderid:od_1672557452835092;respmessg:null;message:YesAvgBuyPriceChange,NewSellParams
INFO:order:2023-01-03 21:28:54,396;log:post;eid:15367;call:response;type:cancel;order:sell;asset:N;price:99;qty:null;orderid:od_1672557452835092;respmessg:null;message:YesAvgBuyPriceChange,NewSellParams
INFO:order:2023-01-03 21:28:54,790;log:pre;eid:15367;call:sent;type:place;order:sell;asset:N;price:99;qty:1;orderid:sellsend;respmessg:null;message:YesAvgBuyPriceChange,SellingBoughtQty,ProfitSell,atBetter
INFO:order:2023-01-03 21:28:56,313;log:post;eid:15367;call:response;type:place;order:sell;asset:N;price:99;qty:1;orderid:od_1672557452835170;respmessg:null;message:YesAvgBuyPriceChange,SellingBoughtQty,ProfitSell,atBetter
INFO:order:2023-01-03 21:35:10,375;log:pre;eid:15367;call:sent;type:cancel;order:sell;asset:N;price:99;qty:null;orderid:od_1672557452835170;respmessg:null;message:YesAvgBuyPriceChange,NewSellParams
INFO:order:2023-01-03 21:35:11,894;log:post;eid:15367;call:response;type:cancel;order:sell;asset:N;price:99;qty:null;orderid:od_1672557452835170;respmessg:null;message:YesAvgBuyPriceChange,NewSellParams
INFO:order:2023-01-03 21:35:12,421;log:pre;eid:15367;call:sent;type:place;order:sell;asset:N;price:99;qty:1;orderid:sellsend;respmessg:null;message:YesAvgBuyPriceChange,SellingBoughtQty,ProfitSell,atBetter
INFO:order:2023-01-03 21:35:13,955;log:post;eid:15367;call:response;type:place;order:sell;asset:N;price:99;qty:1;orderid:od_1672557452835250;respmessg:null;message:YesAvgBuyPriceChange,SellingBoughtQty,ProfitSell,atBetter
INFO:order:2023-01-03 21:38:02,725;log:pre;eid:15362;call:sent;type:place;order:sell;asset:Y;price:99;qty:14;orderid:sellsend;respmessg:null;message:HoldYesQtyChange,SellingYesNewQty,ProfitSell,atBetter
INFO:order:2023-01-03 21:38:04,285;log:post;eid:15362;call:response;type:place;order:sell;asset:Y;price:99;qty:14;orderid:od_1672557452835255;respmessg:null;message:HoldYesQtyChange,SellingYesNewQty,ProfitSell,atBetter
INFO:order:2023-01-03 21:38:07,164;log:pre;eid:15362;call:sent;type:cancel;order:sell;asset:Y;price:99;qty:null;orderid:od_1672557452835255;respmessg:null;message:YesFairPriceChange,PausingSell
INFO:order:2023-01-03 21:38:08,738;log:post;eid:15362;call:response;type:cancel;order:sell;asset:Y;price:99;qty:null;orderid:od_1672557452835255;respmessg:null;message:YesFairPriceChange,PausingSell
INFO:order:2023-01-03 21:41:30,388;log:pre;eid:15367;call:sent;type:cancel;order:sell;asset:N;price:99;qty:null;orderid:od_1672557452835250;respmessg:null;message:YesAvgBuyPriceChange,NewSellParams
INFO:order:2023-01-03 21:41:31,958;log:post;eid:15367;call:response;type:cancel;order:sell;asset:N;price:99;qty:null;orderid:od_1672557452835250;respmessg:null;message:YesAvgBuyPriceChange,NewSellParams
INFO:order:2023-01-03 21:41:32,315;log:pre;eid:15367;call:sent;type:place;order:sell;asset:N;price:99;qty:1;orderid:sellsend;respmessg:null;message:YesAvgBuyPriceChange,SellingBoughtQty,ProfitSell,atBetter
INFO:order:2023-01-03 21:41:33,888;log:post;eid:15367;call:response;type:place;order:sell;asset:N;price:99;qty:1;orderid:od_1672557452835274;respmessg:null;message:YesAvgBuyPriceChange,SellingBoughtQty,ProfitSell,atBetter
INFO:order:2023-01-03 21:47:59,457;log:pre;eid:15367;call:sent;type:cancel;order:sell;asset:N;price:99;qty:null;orderid:od_1672557452835274;respmessg:null;message:YesAvgBuyPriceChange,NewSellParams
INFO:order:2023-01-03 21:48:01,023;log:post;eid:15367;call:response;type:cancel;order:sell;asset:N;price:99;qty:null;orderid:od_1672557452835274;respmessg:null;message:YesAvgBuyPriceChange,NewSellParams
INFO:order:2023-01-03 21:48:01,433;log:pre;eid:15367;call:sent;type:place;order:sell;asset:N;price:99;qty:1;orderid:sellsend;respmessg:null;message:YesAvgBuyPriceChange,SellingBoughtQty,ProfitSell,atBetter
INFO:order:2023-01-03 21:48:03,027;log:post;eid:15367;call:response;type:place;order:sell;asset:N;price:99;qty:1;orderid:od_1672557452835334;respmessg:null;message:YesAvgBuyPriceChange,SellingBoughtQty,ProfitSell,atBetter
INFO:order:2023-01-03 21:54:16,461;log:pre;eid:15367;call:sent;type:cancel;order:sell;asset:N;price:99;qty:null;orderid:od_1672557452835334;respmessg:null;message:YesAvgBuyPriceChange,NewSellParams
INFO:order:2023-01-03 21:54:18,015;log:post;eid:15367;call:response;type:cancel;order:sell;asset:N;price:99;qty:null;orderid:od_1672557452835334;respmessg:null;message:YesAvgBuyPriceChange,NewSellParams
INFO:order:2023-01-03 21:54:18,380;log:pre;eid:15367;call:sent;type:place;order:sell;asset:N;price:99;qty:1;orderid:sellsend;respmessg:null;message:YesAvgBuyPriceChange,SellingBoughtQty,ProfitSell,atBetter
INFO:order:2023-01-03 21:54:19,924;log:post;eid:15367;call:response;type:place;order:sell;asset:N;price:99;qty:1;orderid:od_1672557452835406;respmessg:null;message:YesAvgBuyPriceChange,SellingBoughtQty,ProfitSell,atBetter
INFO:order:2023-01-03 21:57:10,096;log:pre;eid:15362;call:sent;type:place;order:sell;asset:Y;price:99;qty:15;orderid:sellsend;respmessg:null;message:HoldYesQtyChange,SellingYesNewQty,ProfitSell,atBetter
INFO:order:2023-01-03 21:57:11,711;log:post;eid:15362;call:response;type:place;order:sell;asset:Y;price:99;qty:15;orderid:od_1672557452835420;respmessg:null;message:HoldYesQtyChange,SellingYesNewQty,ProfitSell,atBetter
INFO:order:2023-01-03 21:57:14,714;log:pre;eid:15362;call:sent;type:cancel;order:sell;asset:Y;price:99;qty:null;orderid:od_1672557452835420;respmessg:null;message:YesFairPriceChange,PausingSell
INFO:order:2023-01-03 21:57:16,247;log:post;eid:15362;call:response;type:cancel;order:sell;asset:Y;price:99;qty:null;orderid:od_1672557452835420;respmessg:null;message:YesFairPriceChange,PausingSell
INFO:order:2023-01-03 22:00:45,487;log:pre;eid:15367;call:sent;type:cancel;order:sell;asset:N;price:99;qty:null;orderid:od_1672557452835406;respmessg:null;message:YesAvgBuyPriceChange,NewSellParams
INFO:order:2023-01-03 22:00:47,060;log:post;eid:15367;call:response;type:cancel;order:sell;asset:N;price:99;qty:null;orderid:od_1672557452835406;respmessg:null;message:YesAvgBuyPriceChange,NewSellParams
INFO:order:2023-01-03 22:00:47,445;log:pre;eid:15367;call:sent;type:place;order:sell;asset:N;price:99;qty:1;orderid:sellsend;respmessg:null;message:YesAvgBuyPriceChange,SellingBoughtQty,ProfitSell,atBetter
INFO:order:2023-01-03 22:00:48,959;log:post;eid:15367;call:response;type:place;order:sell;asset:N;price:99;qty:1;orderid:od_1672557452835446;respmessg:null;message:YesAvgBuyPriceChange,SellingBoughtQty,ProfitSell,atBetter
INFO:order:2023-01-03 22:05:46,887;log:pre;eid:15365;call:sent;type:cancel;order:buy;asset:N;price:9;qty:null;orderid:od_1672557452834509;respmessg:null;message:NoSignalZeroHolding,NewBuyParams
INFO:order:2023-01-03 22:05:48,456;log:post;eid:15365;call:response;type:cancel;order:buy;asset:N;price:9;qty:null;orderid:od_1672557452834509;respmessg:null;message:NoSignalZeroHolding,NewBuyParams
INFO:order:2023-01-03 22:05:48,829;log:pre;eid:15365;call:sent;type:place;order:buy;asset:N;price:51;qty:30;orderid:buysend;respmessg:null;message:NoSignalZeroHolding,ScalpingNo,BasicBuy,atbest+1
INFO:order:2023-01-03 22:05:50,358;log:post;eid:15365;call:response;type:place;order:buy;asset:N;price:51;qty:30;orderid:od_1672557452835515;respmessg:null;message:NoSignalZeroHolding,ScalpingNo,BasicBuy,atbest+1
INFO:order:2023-01-03 22:06:34,156;log:pre;eid:15366;call:sent;type:cancel;order:buy;asset:N;price:17;qty:null;orderid:od_1672557452834757;respmessg:null;message:NoSignalZeroHolding,NewBuyParams
INFO:order:2023-01-03 22:06:35,699;log:post;eid:15366;call:response;type:cancel;order:buy;asset:N;price:17;qty:null;orderid:od_1672557452834757;respmessg:null;message:NoSignalZeroHolding,NewBuyParams
INFO:order:2023-01-03 22:06:36,126;log:pre;eid:15366;call:sent;type:place;order:buy;asset:N;price:18;qty:45;orderid:buysend;respmessg:null;message:NoSignalZeroHolding,ScalpingNo,BasicBuy,atbest+1
INFO:order:2023-01-03 22:06:37,702;log:post;eid:15366;call:response;type:place;order:buy;asset:N;price:18;qty:45;orderid:od_1672557452835526;respmessg:null;message:NoSignalZeroHolding,ScalpingNo,BasicBuy,atbest+1
INFO:order:2023-01-03 22:07:21,714;log:pre;eid:15367;call:sent;type:cancel;order:sell;asset:N;price:99;qty:null;orderid:od_1672557452835446;respmessg:null;message:YesAvgBuyPriceChange,NewSellParams
INFO:order:2023-01-03 22:07:23,255;log:post;eid:15367;call:response;type:cancel;order:sell;asset:N;price:99;qty:null;orderid:od_1672557452835446;respmessg:null;message:YesAvgBuyPriceChange,NewSellParams
INFO:order:2023-01-03 22:07:23,673;log:pre;eid:15367;call:sent;type:place;order:sell;asset:N;price:99;qty:1;orderid:sellsend;respmessg:null;message:YesAvgBuyPriceChange,SellingBoughtQty,ProfitSell,atBetter
INFO:order:2023-01-03 22:07:25,199;log:post;eid:15367;call:response;type:place;order:sell;asset:N;price:99;qty:1;orderid:od_1672557452835536;respmessg:null;message:YesAvgBuyPriceChange,SellingBoughtQty,ProfitSell,atBetter
INFO:order:2023-01-03 22:13:37,020;log:pre;eid:15367;call:sent;type:cancel;order:sell;asset:N;price:99;qty:null;orderid:od_1672557452835536;respmessg:null;message:YesAvgBuyPriceChange,NewSellParams
INFO:order:2023-01-03 22:13:38,581;log:post;eid:15367;call:response;type:cancel;order:sell;asset:N;price:99;qty:null;orderid:od_1672557452835536;respmessg:null;message:YesAvgBuyPriceChange,NewSellParams
INFO:order:2023-01-03 22:13:38,927;log:pre;eid:15367;call:sent;type:place;order:sell;asset:N;price:99;qty:1;orderid:sellsend;respmessg:null;message:YesAvgBuyPriceChange,SellingBoughtQty,ProfitSell,atBetter
INFO:order:2023-01-03 22:13:40,484;log:post;eid:15367;call:response;type:place;order:sell;asset:N;price:99;qty:1;orderid:od_1672557452835567;respmessg:null;message:YesAvgBuyPriceChange,SellingBoughtQty,ProfitSell,atBetter
INFO:order:2023-01-03 22:19:53,898;log:pre;eid:15367;call:sent;type:cancel;order:sell;asset:N;price:99;qty:null;orderid:od_1672557452835567;respmessg:null;message:YesAvgBuyPriceChange,NewSellParams
INFO:order:2023-01-03 22:19:55,441;log:post;eid:15367;call:response;type:cancel;order:sell;asset:N;price:99;qty:null;orderid:od_1672557452835567;respmessg:null;message:YesAvgBuyPriceChange,NewSellParams
INFO:order:2023-01-03 22:19:55,867;log:pre;eid:15367;call:sent;type:place;order:sell;asset:N;price:99;qty:1;orderid:sellsend;respmessg:null;message:YesAvgBuyPriceChange,SellingBoughtQty,ProfitSell,atBetter
INFO:order:2023-01-03 22:19:57,410;log:post;eid:15367;call:response;type:place;order:sell;asset:N;price:99;qty:1;orderid:od_1672557452835594;respmessg:null;message:YesAvgBuyPriceChange,SellingBoughtQty,ProfitSell,atBetter
INFO:order:2023-01-03 22:22:07,488;log:pre;eid:15361;call:sent;type:cancel;order:buy;asset:Y;price:51;qty:null;orderid:od_1672557452834641;respmessg:null;message:YesSignalZeroHolding,NewBuyParams
INFO:order:2023-01-03 22:22:09,043;log:post;eid:15361;call:response;type:cancel;order:buy;asset:Y;price:51;qty:null;orderid:od_1672557452834641;respmessg:null;message:YesSignalZeroHolding,NewBuyParams
INFO:order:2023-01-03 22:22:09,392;log:pre;eid:15361;call:sent;type:place;order:buy;asset:Y;price:53;qty:60;orderid:buysend;respmessg:null;message:YesSignalZeroHolding,ScalpingYes,BasicBuy,atbest+1
INFO:order:2023-01-03 22:22:10,929;log:post;eid:15361;call:response;type:place;order:buy;asset:Y;price:53;qty:60;orderid:od_1672557452835626;respmessg:null;message:YesSignalZeroHolding,ScalpingYes,BasicBuy,atbest+1
INFO:order:2023-01-03 22:24:12,298;log:pre;eid:15364;call:sent;type:place;order:buy;asset:N;price:31;qty:30;orderid:buysend;respmessg:null;message:NoSignalZeroHolding,ScalpingNo,BasicBuy,atbest+1
INFO:order:2023-01-03 22:24:13,813;log:post;eid:15364;call:response;type:place;order:buy;asset:N;price:31;qty:30;orderid:od_1672557452835642;respmessg:null;message:NoSignalZeroHolding,ScalpingNo,BasicBuy,atbest+1
INFO:order:2023-01-03 22:25:39,395;log:pre;eid:15366;call:sent;type:cancel;order:buy;asset:N;price:18;qty:null;orderid:od_1672557452835526;respmessg:null;message:NoSignalZeroHolding,NewBuyParams
INFO:order:2023-01-03 22:25:40,943;log:post;eid:15366;call:response;type:cancel;order:buy;asset:N;price:18;qty:null;orderid:od_1672557452835526;respmessg:null;message:NoSignalZeroHolding,NewBuyParams
INFO:order:2023-01-03 22:25:41,359;log:pre;eid:15366;call:sent;type:place;order:buy;asset:N;price:17;qty:45;orderid:buysend;respmessg:null;message:NoSignalZeroHolding,ScalpingNo,BasicBuy,atbest+1
INFO:order:2023-01-03 22:25:42,906;log:post;eid:15366;call:response;type:place;order:buy;asset:N;price:17;qty:45;orderid:od_1672557452835667;respmessg:null;message:NoSignalZeroHolding,ScalpingNo,BasicBuy,atbest+1
INFO:order:2023-01-03 22:26:26,018;log:pre;eid:15367;call:sent;type:cancel;order:sell;asset:N;price:99;qty:null;orderid:od_1672557452835594;respmessg:null;message:YesAvgBuyPriceChange,NewSellParams
INFO:order:2023-01-03 22:26:27,629;log:post;eid:15367;call:response;type:cancel;order:sell;asset:N;price:99;qty:null;orderid:od_1672557452835594;respmessg:null;message:YesAvgBuyPriceChange,NewSellParams
INFO:order:2023-01-03 22:26:28,641;log:pre;eid:15367;call:sent;type:place;order:sell;asset:N;price:99;qty:1;orderid:sellsend;respmessg:null;message:YesAvgBuyPriceChange,SellingBoughtQty,ProfitSell,atBetter
INFO:order:2023-01-03 22:26:30,213;log:post;eid:15367;call:response;type:place;order:sell;asset:N;price:99;qty:1;orderid:od_1672557452835676;respmessg:null;message:YesAvgBuyPriceChange,SellingBoughtQty,ProfitSell,atBetter
INFO:order:2023-01-03 22:28:40,505;log:pre;eid:15361;call:sent;type:cancel;order:buy;asset:Y;price:53;qty:null;orderid:od_1672557452835626;respmessg:null;message:YesSignalZeroHolding,NewBuyParams
INFO:order:2023-01-03 22:28:42,092;log:post;eid:15361;call:response;type:cancel;order:buy;asset:Y;price:53;qty:null;orderid:od_1672557452835626;respmessg:null;message:YesSignalZeroHolding,NewBuyParams
INFO:order:2023-01-03 22:28:42,456;log:pre;eid:15361;call:sent;type:place;order:buy;asset:Y;price:60;qty:60;orderid:buysend;respmessg:null;message:YesSignalZeroHolding,ScalpingYes,BasicBuy,atbest+1
INFO:order:2023-01-03 22:28:44,059;log:post;eid:15361;call:response;type:place;order:buy;asset:Y;price:60;qty:60;orderid:od_1672557452835694;respmessg:null;message:YesSignalZeroHolding,ScalpingYes,BasicBuy,atbest+1
INFO:order:2023-01-03 22:30:02,673;log:pre;eid:15363;call:sent;type:cancel;order:buy;asset:Y;price:71;qty:null;orderid:od_1672557452834971;respmessg:null;message:YesSignalZeroHolding,PausingBuy
INFO:order:2023-01-03 22:30:04,282;log:post;eid:15363;call:response;type:cancel;order:buy;asset:Y;price:71;qty:null;orderid:od_1672557452834971;respmessg:null;message:YesSignalZeroHolding,PausingBuy
INFO:order:2023-01-03 22:33:00,136;log:pre;eid:15367;call:sent;type:cancel;order:sell;asset:N;price:99;qty:null;orderid:od_1672557452835676;respmessg:null;message:YesAvgBuyPriceChange,NewSellParams
INFO:order:2023-01-03 22:33:01,699;log:post;eid:15367;call:response;type:cancel;order:sell;asset:N;price:99;qty:null;orderid:od_1672557452835676;respmessg:null;message:YesAvgBuyPriceChange,NewSellParams
INFO:order:2023-01-03 22:33:02,106;log:pre;eid:15367;call:sent;type:place;order:sell;asset:N;price:99;qty:1;orderid:sellsend;respmessg:null;message:YesAvgBuyPriceChange,SellingBoughtQty,ProfitSell,atBetter
INFO:order:2023-01-03 22:33:03,795;log:post;eid:15367;call:response;type:place;order:sell;asset:N;price:99;qty:1;orderid:od_1672557452835716;respmessg:null;message:YesAvgBuyPriceChange,SellingBoughtQty,ProfitSell,atBetter
INFO:order:2023-01-03 22:36:28,892;log:pre;eid:15363;call:sent;type:place;order:buy;asset:Y;price:71;qty:30;orderid:buysend;respmessg:null;message:YesSignalZeroHolding,ScalpingYes,BasicBuy,atbest+1
INFO:order:2023-01-03 22:36:30,475;log:post;eid:15363;call:response;type:place;order:buy;asset:Y;price:71;qty:30;orderid:od_1672557452835731;respmessg:null;message:YesSignalZeroHolding,ScalpingYes,BasicBuy,atbest+1
INFO:order:2023-01-03 22:38:39,690;log:pre;eid:15366;call:sent;type:cancel;order:buy;asset:N;price:17;qty:null;orderid:od_1672557452835667;respmessg:null;message:NoSignalZeroHolding,NewBuyParams
INFO:order:2023-01-03 22:38:41,277;log:post;eid:15366;call:response;type:cancel;order:buy;asset:N;price:17;qty:null;orderid:od_1672557452835667;respmessg:null;message:NoSignalZeroHolding,NewBuyParams
INFO:order:2023-01-03 22:38:41,638;log:pre;eid:15366;call:sent;type:place;order:buy;asset:N;price:19;qty:45;orderid:buysend;respmessg:null;message:NoSignalZeroHolding,ScalpingNo,BasicBuy,atbest+1
INFO:order:2023-01-03 22:38:43,221;log:post;eid:15366;call:response;type:place;order:buy;asset:N;price:19;qty:45;orderid:od_1672557452835739;respmessg:null;message:NoSignalZeroHolding,ScalpingNo,BasicBuy,atbest+1
INFO:order:2023-01-03 22:39:28,625;log:pre;eid:15367;call:sent;type:cancel;order:sell;asset:N;price:99;qty:null;orderid:od_1672557452835716;respmessg:null;message:YesAvgBuyPriceChange,NewSellParams
INFO:order:2023-01-03 22:39:30,263;log:post;eid:15367;call:response;type:cancel;order:sell;asset:N;price:99;qty:null;orderid:od_1672557452835716;respmessg:null;message:YesAvgBuyPriceChange,NewSellParams
INFO:order:2023-01-03 22:39:30,741;log:pre;eid:15367;call:sent;type:place;order:sell;asset:N;price:99;qty:1;orderid:sellsend;respmessg:null;message:YesAvgBuyPriceChange,SellingBoughtQty,ProfitSell,atBetter
INFO:order:2023-01-03 22:39:32,269;log:post;eid:15367;call:response;type:place;order:sell;asset:N;price:99;qty:1;orderid:od_1672557452835746;respmessg:null;message:YesAvgBuyPriceChange,SellingBoughtQty,ProfitSell,atBetter
INFO:order:2023-01-03 22:43:42,104;log:pre;eid:15364;call:sent;type:cancel;order:buy;asset:N;price:31;qty:null;orderid:od_1672557452835642;respmessg:null;message:NoSignalZeroHolding,NewBuyParams
INFO:order:2023-01-03 22:43:43,636;log:post;eid:15364;call:response;type:cancel;order:buy;asset:N;price:31;qty:null;orderid:od_1672557452835642;respmessg:null;message:NoSignalZeroHolding,NewBuyParams
INFO:order:2023-01-03 22:43:44,021;log:pre;eid:15364;call:sent;type:place;order:buy;asset:N;price:61;qty:45;orderid:buysend;respmessg:null;message:NoSignalZeroHolding,ScalpingNo,BasicBuy,atbest+1
INFO:order:2023-01-03 22:43:45,553;log:post;eid:15364;call:response;type:place;order:buy;asset:N;price:61;qty:45;orderid:od_1672557452835770;respmessg:null;message:NoSignalZeroHolding,ScalpingNo,BasicBuy,atbest+1
INFO:order:2023-01-03 22:44:27,169;log:pre;eid:15365;call:sent;type:cancel;order:buy;asset:N;price:51;qty:null;orderid:od_1672557452835515;respmessg:null;message:NoSignalZeroHolding,NewBuyParams
INFO:order:2023-01-03 22:44:28,705;log:post;eid:15365;call:response;type:cancel;order:buy;asset:N;price:51;qty:null;orderid:od_1672557452835515;respmessg:null;message:NoSignalZeroHolding,NewBuyParams
INFO:order:2023-01-03 22:44:29,087;log:pre;eid:15365;call:sent;type:place;order:buy;asset:N;price:53;qty:60;orderid:buysend;respmessg:null;message:NoSignalZeroHolding,ScalpingNo,BasicBuy,atbest+1
INFO:order:2023-01-03 22:44:30,629;log:post;eid:15365;call:response;type:place;order:buy;asset:N;price:53;qty:60;orderid:od_1672557452835779;respmessg:null;message:NoSignalZeroHolding,ScalpingNo,BasicBuy,atbest+1
INFO:order:2023-01-03 22:45:20,349;log:pre;eid:15366;call:sent;type:place;order:buy;asset:N;price:99;qty:1;orderid:buysend;respmessg:null;message:absorbing orderbook
INFO:order:2023-01-03 22:45:21,888;log:post;eid:15366;call:response;type:place;order:buy;asset:N;price:99;qty:1;orderid:od_1672557452835787;respmessg:null;message:absorbing orderbook
INFO:order:2023-01-03 22:45:57,132;log:pre;eid:15367;call:sent;type:cancel;order:sell;asset:N;price:99;qty:null;orderid:od_1672557452835746;respmessg:null;message:NoFairPriceChange,NewSellParams
INFO:order:2023-01-03 22:45:58,680;log:post;eid:15367;call:response;type:cancel;order:sell;asset:N;price:99;qty:null;orderid:od_1672557452835746;respmessg:null;message:NoFairPriceChange,NewSellParams
INFO:order:2023-01-03 22:45:59,071;log:pre;eid:15367;call:sent;type:place;order:sell;asset:N;price:99;qty:1;orderid:sellsend;respmessg:null;message:NoFairPriceChange,SellingBoughtQty,ProfitSell,atBetter
INFO:order:2023-01-03 22:46:00,607;log:post;eid:15367;call:response;type:place;order:sell;asset:N;price:99;qty:1;orderid:od_1672557452835796;respmessg:null;message:NoFairPriceChange,SellingBoughtQty,ProfitSell,atBetter
INFO:order:2023-01-03 22:46:01,988;log:pre;eid:15367;call:sent;type:place;order:buy;asset:N;price:99;qty:1;orderid:buysend;respmessg:null;message:absorbing orderbook
INFO:order:2023-01-03 22:46:03,567;log:post;eid:15367;call:response;type:place;order:buy;asset:N;price:99;qty:1;orderid:od_1672557452835798;respmessg:null;message:absorbing orderbook
INFO:order:2023-01-03 22:48:06,905;log:pre;eid:15361;call:sent;type:cancel;order:buy;asset:Y;price:60;qty:null;orderid:od_1672557452835694;respmessg:null;message:YesSignalZeroHolding,NewBuyParams
INFO:order:2023-01-03 22:48:08,442;log:post;eid:15361;call:response;type:cancel;order:buy;asset:Y;price:60;qty:null;orderid:od_1672557452835694;respmessg:null;message:YesSignalZeroHolding,NewBuyParams
INFO:order:2023-01-03 22:48:08,788;log:pre;eid:15361;call:sent;type:place;order:buy;asset:Y;price:62;qty:60;orderid:buysend;respmessg:null;message:YesSignalZeroHolding,ScalpingYes,BasicBuy,atbest+1
INFO:order:2023-01-03 22:48:10,311;log:post;eid:15361;call:response;type:place;order:buy;asset:Y;price:62;qty:60;orderid:od_1672557452835812;respmessg:null;message:YesSignalZeroHolding,ScalpingYes,BasicBuy,atbest+1
INFO:order:2023-01-03 22:50:49,919;log:pre;eid:15365;call:sent;type:cancel;order:buy;asset:N;price:53;qty:null;orderid:od_1672557452835779;respmessg:null;message:NoSignalZeroHolding,NewBuyParams
INFO:order:2023-01-03 22:50:51,503;log:post;eid:15365;call:response;type:cancel;order:buy;asset:N;price:53;qty:null;orderid:od_1672557452835779;respmessg:null;message:NoSignalZeroHolding,NewBuyParams
INFO:order:2023-01-03 22:50:51,944;log:pre;eid:15365;call:sent;type:place;order:buy;asset:N;price:81;qty:60;orderid:buysend;respmessg:null;message:NoSignalZeroHolding,ScalpingNo,BasicBuy,atbest+1
INFO:order:2023-01-03 22:50:53,511;log:post;eid:15365;call:response;type:place;order:buy;asset:N;price:81;qty:60;orderid:od_1672557452835835;respmessg:null;message:NoSignalZeroHolding,ScalpingNo,BasicBuy,atbest+1
INFO:order:2023-01-03 22:52:14,492;log:pre;eid:15367;call:sent;type:place;order:sell;asset:N;price:99;qty:1;orderid:sellsend;respmessg:null;message:YesFairPriceChange,SellingBoughtQty,ProfitSell,atBetter
INFO:order:2023-01-03 22:52:16,042;log:post;eid:15367;call:response;type:place;order:sell;asset:N;price:99;qty:1;orderid:od_1672557452835842;respmessg:null;message:YesFairPriceChange,SellingBoughtQty,ProfitSell,atBetter
INFO:order:2023-01-03 22:52:17,376;log:pre;eid:15367;call:sent;type:place;order:buy;asset:N;price:99;qty:1;orderid:buysend;respmessg:null;message:absorbing orderbook
INFO:order:2023-01-03 22:52:18,910;log:post;eid:15367;call:response;type:place;order:buy;asset:N;price:99;qty:1;orderid:od_1672557452835844;respmessg:null;message:absorbing orderbook
INFO:order:2023-01-03 22:56:21,504;log:pre;eid:15364;call:sent;type:cancel;order:buy;asset:N;price:61;qty:null;orderid:od_1672557452835770;respmessg:null;message:NoSignalZeroHolding,NewBuyParams
INFO:order:2023-01-03 22:56:23,068;log:post;eid:15364;call:response;type:cancel;order:buy;asset:N;price:61;qty:null;orderid:od_1672557452835770;respmessg:null;message:NoSignalZeroHolding,NewBuyParams
INFO:order:2023-01-03 22:56:23,445;log:pre;eid:15364;call:sent;type:place;order:buy;asset:N;price:71;qty:60;orderid:buysend;respmessg:null;message:NoSignalZeroHolding,ScalpingNo,BasicBuy,atbest+1
INFO:order:2023-01-03 22:56:24,979;log:post;eid:15364;call:response;type:place;order:buy;asset:N;price:71;qty:60;orderid:od_1672557452835887;respmessg:null;message:NoSignalZeroHolding,ScalpingNo,BasicBuy,atbest+1
INFO:order:2023-01-03 22:56:35,001;log:pre;eid:15364;call:sent;type:place;order:buy;asset:N;price:98;qty:1;orderid:buysend;respmessg:null;message:absorbing orderbook
INFO:order:2023-01-03 22:56:36,556;log:post;eid:15364;call:response;type:place;order:buy;asset:N;price:98;qty:1;orderid:od_1672557452835889;respmessg:null;message:absorbing orderbook
INFO:order:2023-01-03 22:56:36,557;log:pre;eid:15364;call:sent;type:place;order:buy;asset:N;price:99;qty:1;orderid:buysend;respmessg:null;message:absorbing orderbook
INFO:order:2023-01-03 22:56:38,095;log:post;eid:15364;call:response;type:place;order:buy;asset:N;price:99;qty:1;orderid:od_1672557452835891;respmessg:null;message:absorbing orderbook
INFO:order:2023-01-03 22:58:28,066;log:pre;eid:15367;call:sent;type:cancel;order:buy;asset:N;price:99;qty:null;orderid:od_1672557452835844;respmessg:null;message:YesFairPriceChange,NewBuyParams
INFO:order:2023-01-03 22:58:29,652;log:post;eid:15367;call:response;type:cancel;order:buy;asset:N;price:99;qty:null;orderid:od_1672557452835844;respmessg:null;message:YesFairPriceChange,NewBuyParams
INFO:order:2023-01-03 22:58:29,655;log:pre;eid:15367;call:sent;type:cancel;order:buy;asset:N;price:51;qty:null;orderid:od_1672557452831423;respmessg:null;message:YesFairPriceChange,NewBuyParams
INFO:order:2023-01-03 22:58:31,219;log:post;eid:15367;call:response;type:cancel;order:buy;asset:N;price:51;qty:null;orderid:od_1672557452831423;respmessg:null;message:YesFairPriceChange,NewBuyParams
INFO:order:2023-01-03 22:58:31,636;log:pre;eid:15367;call:sent;type:place;order:buy;asset:N;price:51;qty:59;orderid:buysend;respmessg:null;message:YesFairPriceChange,ScalpingNo,BasicBuy,atbest+1
INFO:order:2023-01-03 22:58:33,212;log:post;eid:15367;call:response;type:place;order:buy;asset:N;price:51;qty:59;orderid:od_1672557452835901;respmessg:null;message:YesFairPriceChange,ScalpingNo,BasicBuy,atbest+1
INFO:order:2023-01-03 22:58:34,204;log:pre;eid:15367;call:sent;type:cancel;order:sell;asset:N;price:99;qty:null;orderid:od_1672557452835842;respmessg:null;message:YesFairPriceChange,PausingSell
INFO:order:2023-01-03 22:58:35,761;log:post;eid:15367;call:response;type:cancel;order:sell;asset:N;price:99;qty:null;orderid:od_1672557452835842;respmessg:null;message:YesFairPriceChange,PausingSell
