INFO:order:2023-01-10 15:14:34,585;log:pre;eid:16042;call:sent;type:place;order:buy;asset:N;price:6;qty:50;orderid:buysend;respmessg:null;message:NoSignalZeroHolding,ScalpingNo,BasicBuy,atbest+1
INFO:order:2023-01-10 15:14:35,588;log:post;eid:16042;call:response;type:place;order:buy;asset:N;price:6;qty:50;orderid:od_1673334836795265;respmessg:null;message:NoSignalZeroHolding,ScalpingNo,BasicBuy,atbest+1
INFO:order:2023-01-10 15:19:12,915;log:pre;eid:16035;call:sent;type:place;order:buy;asset:Y;price:81;qty:50;orderid:buysend;respmessg:null;message:YesSignalZeroHolding,ScalpingYes,BasicBuy,atbest+1
INFO:order:2023-01-10 15:19:13,973;log:post;eid:16035;call:response;type:place;order:buy;asset:Y;price:81;qty:50;orderid:od_1673334836795392;respmessg:null;message:YesSignalZeroHolding,ScalpingYes,BasicBuy,atbest+1
INFO:order:2023-01-10 15:20:02,134;log:pre;eid:16036;call:sent;type:place;order:buy;asset:Y;price:71;qty:75;orderid:buysend;respmessg:null;message:YesSignalZeroHolding,ScalpingYes,BasicBuy,atbest+1
INFO:order:2023-01-10 15:20:03,312;log:post;eid:16036;call:response;type:place;order:buy;asset:Y;price:71;qty:75;orderid:od_1673334836795425;respmessg:null;message:YesSignalZeroHolding,ScalpingYes,BasicBuy,atbest+1
INFO:order:2023-01-10 15:24:05,957;log:pre;eid:16041;call:sent;type:place;order:buy;asset:N;price:4;qty:50;orderid:buysend;respmessg:null;message:NoSignalZeroHolding,ScalpingNo,BasicBuy,atbest+1
INFO:order:2023-01-10 15:24:06,966;log:post;eid:16041;call:response;type:place;order:buy;asset:N;price:4;qty:50;orderid:od_1673334836795596;respmessg:null;message:NoSignalZeroHolding,ScalpingNo,BasicBuy,atbest+1
INFO:order:2023-01-10 15:24:21,380;log:pre;eid:16042;call:sent;type:cancel;order:buy;asset:N;price:6;qty:null;orderid:od_1673334836795265;respmessg:null;message:Starting fresh
INFO:order:2023-01-10 15:24:22,385;log:post;eid:16042;call:response;type:cancel;order:buy;asset:N;price:6;qty:null;orderid:od_1673334836795265;respmessg:null;message:Starting fresh
INFO:order:2023-01-10 15:24:59,321;log:pre;eid:16042;call:sent;type:place;order:buy;asset:N;price:9;qty:50;orderid:buysend;respmessg:null;message:NoSignalZeroHolding,ScalpingNo,BasicBuy,atbest+1
INFO:order:2023-01-10 15:25:00,429;log:post;eid:16042;call:response;type:place;order:buy;asset:N;price:9;qty:50;orderid:od_1673334836795621;respmessg:null;message:NoSignalZeroHolding,ScalpingNo,BasicBuy,atbest+1
INFO:order:2023-01-10 15:25:44,940;log:pre;eid:16035;call:sent;type:cancel;order:buy;asset:Y;price:81;qty:null;orderid:od_1673334836795392;respmessg:null;message:YesSignalZeroHolding,NewBuyParams
INFO:order:2023-01-10 15:25:45,952;log:post;eid:16035;call:response;type:cancel;order:buy;asset:Y;price:81;qty:null;orderid:od_1673334836795392;respmessg:null;message:YesSignalZeroHolding,NewBuyParams
INFO:order:2023-01-10 15:25:46,381;log:pre;eid:16035;call:sent;type:place;order:buy;asset:Y;price:91;qty:75;orderid:buysend;respmessg:null;message:YesSignalZeroHolding,ScalpingYes,BasicBuy,atbest+1
INFO:order:2023-01-10 15:25:47,361;log:post;eid:16035;call:response;type:place;order:buy;asset:Y;price:91;qty:75;orderid:od_1673334836795647;respmessg:null;message:YesSignalZeroHolding,ScalpingYes,BasicBuy,atbest+1
INFO:order:2023-01-10 15:31:26,890;log:pre;eid:16042;call:sent;type:cancel;order:buy;asset:N;price:9;qty:null;orderid:od_1673334836795621;respmessg:null;message:NoSignalZeroHolding,NewBuyParams
INFO:order:2023-01-10 15:31:27,880;log:post;eid:16042;call:response;type:cancel;order:buy;asset:N;price:9;qty:null;orderid:od_1673334836795621;respmessg:null;message:NoSignalZeroHolding,NewBuyParams
INFO:order:2023-01-10 15:31:28,365;log:pre;eid:16042;call:sent;type:place;order:buy;asset:N;price:11;qty:50;orderid:buysend;respmessg:null;message:NoSignalZeroHolding,ScalpingNo,BasicBuy,atbest+1
INFO:order:2023-01-10 15:31:29,362;log:post;eid:16042;call:response;type:place;order:buy;asset:N;price:11;qty:50;orderid:od_1673334836795796;respmessg:null;message:NoSignalZeroHolding,ScalpingNo,BasicBuy,atbest+1
INFO:order:2023-01-10 15:33:21,099;log:pre;eid:16035;call:sent;type:cancel;order:buy;asset:Y;price:91;qty:null;orderid:od_1673334836795647;respmessg:null;message:YesSignalZeroHolding,NewBuyParams
INFO:order:2023-01-10 15:33:22,210;log:post;eid:16035;call:response;type:cancel;order:buy;asset:Y;price:91;qty:null;orderid:od_1673334836795647;respmessg:null;message:YesSignalZeroHolding,NewBuyParams
INFO:order:2023-01-10 15:33:22,796;log:pre;eid:16035;call:sent;type:place;order:buy;asset:Y;price:94;qty:75;orderid:buysend;respmessg:null;message:YesSignalZeroHolding,ScalpingYes,BasicBuy,atbest+1
INFO:order:2023-01-10 15:33:23,847;log:post;eid:16035;call:response;type:place;order:buy;asset:Y;price:94;qty:75;orderid:od_1673334836795875;respmessg:null;message:YesSignalZeroHolding,ScalpingYes,BasicBuy,atbest+1
INFO:order:2023-01-10 15:39:03,412;log:pre;eid:16042;call:sent;type:cancel;order:buy;asset:N;price:11;qty:null;orderid:od_1673334836795796;respmessg:null;message:NoSignalZeroHolding,NewBuyParams
INFO:order:2023-01-10 15:39:04,555;log:post;eid:16042;call:response;type:cancel;order:buy;asset:N;price:11;qty:null;orderid:od_1673334836795796;respmessg:null;message:NoSignalZeroHolding,NewBuyParams
INFO:order:2023-01-10 15:39:05,192;log:pre;eid:16042;call:sent;type:place;order:buy;asset:N;price:16;qty:50;orderid:buysend;respmessg:null;message:NoSignalZeroHolding,ScalpingNo,BasicBuy,atbest+1
INFO:order:2023-01-10 15:39:06,393;log:post;eid:16042;call:response;type:place;order:buy;asset:N;price:16;qty:50;orderid:od_1673334836796108;respmessg:null;message:NoSignalZeroHolding,ScalpingNo,BasicBuy,atbest+1
INFO:order:2023-01-10 15:41:00,794;log:pre;eid:16035;call:sent;type:cancel;order:buy;asset:Y;price:94;qty:null;orderid:od_1673334836795875;respmessg:null;message:YesSignalZeroHolding,NewBuyParams
INFO:order:2023-01-10 15:41:01,914;log:post;eid:16035;call:response;type:cancel;order:buy;asset:Y;price:94;qty:null;orderid:od_1673334836795875;respmessg:null;message:YesSignalZeroHolding,NewBuyParams
INFO:order:2023-01-10 15:41:02,572;log:pre;eid:16035;call:sent;type:place;order:buy;asset:Y;price:6;qty:75;orderid:buysend;respmessg:null;message:YesSignalZeroHolding,ScalpingYes,BasicBuy,atbest+1
INFO:order:2023-01-10 15:41:03,663;log:post;eid:16035;call:response;type:place;order:buy;asset:Y;price:6;qty:75;orderid:od_1673334836796166;respmessg:null;message:YesSignalZeroHolding,ScalpingYes,BasicBuy,atbest+1
INFO:order:2023-01-10 15:41:55,756;log:pre;eid:16036;call:sent;type:cancel;order:buy;asset:Y;price:71;qty:null;orderid:od_1673334836795425;respmessg:null;message:YesSignalZeroHolding,PausingBuy
INFO:order:2023-01-10 15:41:56,911;log:post;eid:16036;call:response;type:cancel;order:buy;asset:Y;price:71;qty:null;orderid:od_1673334836795425;respmessg:null;message:YesSignalZeroHolding,PausingBuy
INFO:order:2023-01-10 15:46:16,144;log:pre;eid:16041;call:sent;type:cancel;order:buy;asset:N;price:4;qty:null;orderid:od_1673334836795596;respmessg:null;message:NoSignalZeroHolding,NewBuyParams
INFO:order:2023-01-10 15:46:17,131;log:post;eid:16041;call:response;type:cancel;order:buy;asset:N;price:4;qty:null;orderid:od_1673334836795596;respmessg:null;message:NoSignalZeroHolding,NewBuyParams
INFO:order:2023-01-10 15:46:17,580;log:pre;eid:16041;call:sent;type:place;order:buy;asset:N;price:2;qty:50;orderid:buysend;respmessg:null;message:NoSignalZeroHolding,ScalpingNo,BasicBuy,atbest+1
INFO:order:2023-01-10 15:46:18,583;log:post;eid:16041;call:response;type:place;order:buy;asset:N;price:2;qty:50;orderid:od_1673334836796351;respmessg:null;message:NoSignalZeroHolding,ScalpingNo,BasicBuy,atbest+1
INFO:order:2023-01-10 15:47:07,070;log:pre;eid:16042;call:sent;type:cancel;order:buy;asset:N;price:16;qty:null;orderid:od_1673334836796108;respmessg:null;message:NoSignalZeroHolding,NewBuyParams
INFO:order:2023-01-10 15:47:08,104;log:post;eid:16042;call:response;type:cancel;order:buy;asset:N;price:16;qty:null;orderid:od_1673334836796108;respmessg:null;message:NoSignalZeroHolding,NewBuyParams
INFO:order:2023-01-10 15:47:08,544;log:pre;eid:16042;call:sent;type:place;order:buy;asset:N;price:2;qty:75;orderid:buysend;respmessg:null;message:NoSignalZeroHolding,ScalpingNo,BasicBuy,atbest+1
INFO:order:2023-01-10 15:47:09,530;log:post;eid:16042;call:response;type:place;order:buy;asset:N;price:2;qty:75;orderid:od_1673334836796371;respmessg:null;message:NoSignalZeroHolding,ScalpingNo,BasicBuy,atbest+1
INFO:order:2023-01-10 15:56:58,735;log:pre;eid:16036;call:sent;type:place;order:buy;asset:Y;price:6;qty:50;orderid:buysend;respmessg:null;message:YesSignalZeroHolding,ScalpingYes,BasicBuy,atbest+1
INFO:order:2023-01-10 15:56:59,744;log:post;eid:16036;call:response;type:place;order:buy;asset:Y;price:6;qty:50;orderid:od_1673334836796630;respmessg:null;message:YesSignalZeroHolding,ScalpingYes,BasicBuy,atbest+1
INFO:order:2023-01-10 16:08:26,213;log:pre;eid:16041;call:sent;type:cancel;order:buy;asset:N;price:2;qty:null;orderid:od_1673334836796351;respmessg:null;message:NoSignalZeroHolding,PausingBuy
INFO:order:2023-01-10 16:08:27,283;log:post;eid:16041;call:response;type:cancel;order:buy;asset:N;price:2;qty:null;orderid:od_1673334836796351;respmessg:null;message:NoSignalZeroHolding,PausingBuy
INFO:order:2023-01-10 17:01:22,471;log:pre;eid:16041;call:sent;type:place;order:buy;asset:N;price:2;qty:50;orderid:buysend;respmessg:null;message:NoSignalZeroHolding,ScalpingNo,BasicBuy,atbest+1
INFO:order:2023-01-10 17:01:23,437;log:post;eid:16041;call:response;type:place;order:buy;asset:N;price:2;qty:50;orderid:od_1673334836797116;respmessg:null;message:NoSignalZeroHolding,ScalpingNo,BasicBuy,atbest+1
INFO:order:2023-01-10 17:49:27,370;log:pre;eid:16035;call:sent;type:cancel;order:buy;asset:Y;price:6;qty:null;orderid:od_1673334836796166;respmessg:null;message:YesSignalZeroHolding,NewBuyParams
INFO:order:2023-01-10 17:49:28,395;log:post;eid:16035;call:response;type:cancel;order:buy;asset:Y;price:6;qty:null;orderid:od_1673334836796166;respmessg:null;message:YesSignalZeroHolding,NewBuyParams
INFO:order:2023-01-10 17:49:28,918;log:pre;eid:16035;call:sent;type:place;order:buy;asset:Y;price:71;qty:50;orderid:buysend;respmessg:null;message:YesSignalZeroHolding,ScalpingYes,BasicBuy,atbest+1
INFO:order:2023-01-10 17:49:29,913;log:post;eid:16035;call:response;type:place;order:buy;asset:Y;price:71;qty:50;orderid:od_1673334836797392;respmessg:null;message:YesSignalZeroHolding,ScalpingYes,BasicBuy,atbest+1
INFO:order:2023-01-10 17:55:18,431;log:pre;eid:16042;call:sent;type:cancel;order:buy;asset:N;price:2;qty:null;orderid:od_1673334836796371;respmessg:null;message:NoSignalZeroHolding,NewBuyParams
INFO:order:2023-01-10 17:55:19,415;log:post;eid:16042;call:response;type:cancel;order:buy;asset:N;price:2;qty:null;orderid:od_1673334836796371;respmessg:null;message:NoSignalZeroHolding,NewBuyParams
INFO:order:2023-01-10 17:55:19,811;log:pre;eid:16042;call:sent;type:place;order:buy;asset:N;price:3;qty:50;orderid:buysend;respmessg:null;message:NoSignalZeroHolding,ScalpingNo,BasicBuy,atbest+1
INFO:order:2023-01-10 17:55:20,805;log:post;eid:16042;call:response;type:place;order:buy;asset:N;price:3;qty:50;orderid:od_1673334836797528;respmessg:null;message:NoSignalZeroHolding,ScalpingNo,BasicBuy,atbest+1
INFO:order:2023-01-10 18:03:12,356;log:pre;eid:16042;call:sent;type:cancel;order:buy;asset:N;price:3;qty:null;orderid:od_1673334836797528;respmessg:null;message:NoSignalZeroHolding,NewBuyParams
INFO:order:2023-01-10 18:03:13,579;log:post;eid:16042;call:response;type:cancel;order:buy;asset:N;price:3;qty:null;orderid:od_1673334836797528;respmessg:null;message:NoSignalZeroHolding,NewBuyParams
INFO:order:2023-01-10 18:03:14,216;log:pre;eid:16042;call:sent;type:place;order:buy;asset:N;price:2;qty:50;orderid:buysend;respmessg:null;message:NoSignalZeroHolding,ScalpingNo,BasicBuy,atbest+1
INFO:order:2023-01-10 18:03:15,331;log:post;eid:16042;call:response;type:place;order:buy;asset:N;price:2;qty:50;orderid:od_1673334836797695;respmessg:null;message:NoSignalZeroHolding,ScalpingNo,BasicBuy,atbest+1
INFO:order:2023-01-10 18:05:58,221;log:pre;eid:16036;call:sent;type:cancel;order:buy;asset:Y;price:6;qty:null;orderid:od_1673334836796630;respmessg:null;message:YesSignalZeroHolding,PausingBuy
INFO:order:2023-01-10 18:05:59,360;log:post;eid:16036;call:response;type:cancel;order:buy;asset:Y;price:6;qty:null;orderid:od_1673334836796630;respmessg:null;message:YesSignalZeroHolding,PausingBuy
INFO:order:2023-01-10 18:13:31,803;log:pre;eid:16036;call:sent;type:place;order:buy;asset:Y;price:6;qty:50;orderid:buysend;respmessg:null;message:YesSignalZeroHolding,ScalpingYes,BasicBuy,atbest+1
INFO:order:2023-01-10 18:13:32,811;log:post;eid:16036;call:response;type:place;order:buy;asset:Y;price:6;qty:50;orderid:od_1673334836797914;respmessg:null;message:YesSignalZeroHolding,ScalpingYes,BasicBuy,atbest+1
INFO:order:2023-01-10 18:27:12,562;log:pre;eid:16035;call:sent;type:place;order:sell;asset:Y;price:91;qty:1;orderid:sellsend;respmessg:null;message:HoldYesQtyChange,SellingYesNewQty,ProfitSell,atBetter
INFO:order:2023-01-10 18:27:13,543;log:post;eid:16035;call:response;type:place;order:sell;asset:Y;price:91;qty:1;orderid:od_1673334836798232;respmessg:null;message:HoldYesQtyChange,SellingYesNewQty,ProfitSell,atBetter
INFO:order:2023-01-10 18:27:55,973;log:pre;eid:16036;call:sent;type:cancel;order:buy;asset:Y;price:6;qty:null;orderid:od_1673334836797914;respmessg:null;message:YesSignalZeroHolding,PausingBuy
INFO:order:2023-01-10 18:27:56,965;log:post;eid:16036;call:response;type:cancel;order:buy;asset:Y;price:6;qty:null;orderid:od_1673334836797914;respmessg:null;message:YesSignalZeroHolding,PausingBuy
INFO:order:2023-01-10 18:34:17,937;log:pre;eid:16035;call:sent;type:cancel;order:buy;asset:Y;price:71;qty:null;orderid:od_1673334836797392;respmessg:null;message:YesSignalZeroHolding,NewBuyParams
INFO:order:2023-01-10 18:34:18,946;log:post;eid:16035;call:response;type:cancel;order:buy;asset:Y;price:71;qty:null;orderid:od_1673334836797392;respmessg:null;message:YesSignalZeroHolding,NewBuyParams
INFO:order:2023-01-10 18:34:19,371;log:pre;eid:16035;call:sent;type:place;order:buy;asset:Y;price:93;qty:75;orderid:buysend;respmessg:null;message:YesSignalZeroHolding,ScalpingYes,BasicBuy,atbest+1
INFO:order:2023-01-10 18:34:20,368;log:post;eid:16035;call:response;type:place;order:buy;asset:Y;price:93;qty:75;orderid:od_1673334836798382;respmessg:null;message:YesSignalZeroHolding,ScalpingYes,BasicBuy,atbest+1
INFO:order:2023-01-10 18:42:22,327;log:pre;eid:16036;call:sent;type:place;order:buy;asset:Y;price:6;qty:50;orderid:buysend;respmessg:null;message:YesSignalZeroHolding,ScalpingYes,BasicBuy,atbest+1
INFO:order:2023-01-10 18:42:23,327;log:post;eid:16036;call:response;type:place;order:buy;asset:Y;price:6;qty:50;orderid:od_1673334836798553;respmessg:null;message:YesSignalZeroHolding,ScalpingYes,BasicBuy,atbest+1
INFO:order:2023-01-10 18:49:29,700;log:pre;eid:16036;call:sent;type:cancel;order:buy;asset:Y;price:6;qty:null;orderid:od_1673334836798553;respmessg:null;message:YesSignalZeroHolding,PausingBuy
INFO:order:2023-01-10 18:49:30,683;log:post;eid:16036;call:response;type:cancel;order:buy;asset:Y;price:6;qty:null;orderid:od_1673334836798553;respmessg:null;message:YesSignalZeroHolding,PausingBuy
INFO:order:2023-01-10 18:56:06,926;log:pre;eid:16035;call:sent;type:cancel;order:buy;asset:Y;price:93;qty:null;orderid:od_1673334836798382;respmessg:null;message:YesSignalZeroHolding,NewBuyParams
INFO:order:2023-01-10 18:56:07,903;log:post;eid:16035;call:response;type:cancel;order:buy;asset:Y;price:93;qty:null;orderid:od_1673334836798382;respmessg:null;message:YesSignalZeroHolding,NewBuyParams
INFO:order:2023-01-10 18:56:08,297;log:pre;eid:16035;call:sent;type:place;order:buy;asset:Y;price:95;qty:30;orderid:buysend;respmessg:null;message:YesSignalZeroHolding,ScalpingYes,BasicBuy,atbest
INFO:order:2023-01-10 18:56:09,305;log:post;eid:16035;call:response;type:place;order:buy;asset:Y;price:95;qty:30;orderid:od_1673334836798876;respmessg:null;message:YesSignalZeroHolding,ScalpingYes,BasicBuy,atbest
INFO:order:2023-01-10 18:56:53,078;log:pre;eid:16036;call:sent;type:place;order:buy;asset:Y;price:6;qty:50;orderid:buysend;respmessg:null;message:YesSignalZeroHolding,ScalpingYes,BasicBuy,atbest+1
INFO:order:2023-01-10 18:56:54,071;log:post;eid:16036;call:response;type:place;order:buy;asset:Y;price:6;qty:50;orderid:od_1673334836798897;respmessg:null;message:YesSignalZeroHolding,ScalpingYes,BasicBuy,atbest+1
INFO:order:2023-01-10 19:03:19,156;log:pre;eid:16035;call:sent;type:place;order:sell;asset:Y;price:96;qty:30;orderid:sellsend;respmessg:null;message:HoldYesQtyChange,SellingYesNewQty,ProfitSell,atAvgBuy+1
INFO:order:2023-01-10 19:03:20,235;log:post;eid:16035;call:response;type:place;order:sell;asset:Y;price:96;qty:30;orderid:od_1673334836798994;respmessg:null;message:HoldYesQtyChange,SellingYesNewQty,ProfitSell,atAvgBuy+1
INFO:order:2023-01-10 19:03:23,957;log:pre;eid:16035;call:sent;type:place;order:buy;asset:Y;price:71;qty:28;orderid:buysend;respmessg:null;message:YesFairPriceChange,ScalpingYes,BasicBuy,atbest+1
INFO:order:2023-01-10 19:03:24,931;log:post;eid:16035;call:response;type:place;order:buy;asset:Y;price:71;qty:28;orderid:od_1673334836798998;respmessg:null;message:YesFairPriceChange,ScalpingYes,BasicBuy,atbest+1
INFO:order:2023-01-10 19:04:53,606;log:pre;eid:16037;call:sent;type:place;order:buy;asset:Y;price:6;qty:50;orderid:buysend;respmessg:null;message:YesSignalZeroHolding,ScalpingYes,BasicBuy,atbest+1
INFO:order:2023-01-10 19:04:54,688;log:post;eid:16037;call:response;type:place;order:buy;asset:Y;price:6;qty:50;orderid:od_1673334836799010;respmessg:null;message:YesSignalZeroHolding,ScalpingYes,BasicBuy,atbest+1
INFO:order:2023-01-10 19:07:15,195;log:pre;eid:16040;call:sent;type:place;order:buy;asset:N;price:6;qty:50;orderid:buysend;respmessg:null;message:NoSignalZeroHolding,ScalpingNo,BasicBuy,atbest+1
INFO:order:2023-01-10 19:07:16,182;log:post;eid:16040;call:response;type:place;order:buy;asset:N;price:6;qty:50;orderid:od_1673334836799029;respmessg:null;message:NoSignalZeroHolding,ScalpingNo,BasicBuy,atbest+1
INFO:order:2023-01-10 19:08:51,610;log:pre;eid:16042;call:sent;type:cancel;order:buy;asset:N;price:2;qty:null;orderid:od_1673334836797695;respmessg:null;message:NoSignalZeroHolding,NewBuyParams
INFO:order:2023-01-10 19:08:52,708;log:post;eid:16042;call:response;type:cancel;order:buy;asset:N;price:2;qty:null;orderid:od_1673334836797695;respmessg:null;message:NoSignalZeroHolding,NewBuyParams
INFO:order:2023-01-10 19:08:53,295;log:pre;eid:16042;call:sent;type:place;order:buy;asset:N;price:3;qty:50;orderid:buysend;respmessg:null;message:NoSignalZeroHolding,ScalpingNo,BasicBuy,atbest+1
INFO:order:2023-01-10 19:08:54,428;log:post;eid:16042;call:response;type:place;order:buy;asset:N;price:3;qty:50;orderid:od_1673334836799055;respmessg:null;message:NoSignalZeroHolding,ScalpingNo,BasicBuy,atbest+1
INFO:order:2023-01-10 19:10:44,200;log:pre;eid:16035;call:sent;type:cancel;order:buy;asset:Y;price:71;qty:null;orderid:od_1673334836798998;respmessg:null;message:YesFairPriceChange,NewBuyParams
INFO:order:2023-01-10 19:10:45,228;log:post;eid:16035;call:response;type:cancel;order:buy;asset:Y;price:71;qty:null;orderid:od_1673334836798998;respmessg:null;message:YesFairPriceChange,NewBuyParams
INFO:order:2023-01-10 19:10:45,714;log:pre;eid:16035;call:sent;type:place;order:buy;asset:Y;price:94;qty:48;orderid:buysend;respmessg:null;message:YesFairPriceChange,ScalpingYes,BasicBuy,atbest+1
INFO:order:2023-01-10 19:10:46,679;log:post;eid:16035;call:response;type:place;order:buy;asset:Y;price:94;qty:48;orderid:od_1673334836799095;respmessg:null;message:YesFairPriceChange,ScalpingYes,BasicBuy,atbest+1
INFO:order:2023-01-10 19:10:47,805;log:pre;eid:16035;call:sent;type:cancel;order:sell;asset:Y;price:96;qty:null;orderid:od_1673334836798994;respmessg:null;message:YesFairPriceChange,PausingSell
INFO:order:2023-01-10 19:10:48,809;log:post;eid:16035;call:response;type:cancel;order:sell;asset:Y;price:96;qty:null;orderid:od_1673334836798994;respmessg:null;message:YesFairPriceChange,PausingSell
INFO:order:2023-01-10 19:18:00,202;log:pre;eid:16035;call:sent;type:cancel;order:buy;asset:Y;price:94;qty:null;orderid:od_1673334836799095;respmessg:null;message:YesFairPriceChange,NewBuyParams
INFO:order:2023-01-10 19:18:01,274;log:post;eid:16035;call:response;type:cancel;order:buy;asset:Y;price:94;qty:null;orderid:od_1673334836799095;respmessg:null;message:YesFairPriceChange,NewBuyParams
INFO:order:2023-01-10 19:18:01,669;log:pre;eid:16035;call:sent;type:place;order:buy;asset:Y;price:96;qty:51;orderid:buysend;respmessg:null;message:YesFairPriceChange,ScalpingYes,BasicBuy,atbest+1
INFO:order:2023-01-10 19:18:04,838;log:post;eid:16035;call:response;type:place;order:buy;asset:Y;price:96;qty:51;orderid:od_1673334836799277;respmessg:null;message:YesFairPriceChange,ScalpingYes,BasicBuy,atbest+1
INFO:order:2023-01-10 19:32:30,937;log:pre;eid:16035;call:sent;type:place;order:sell;asset:Y;price:98;qty:40;orderid:sellsend;respmessg:null;message:HoldYesQtyChange,SellingYesNewQty,ProfitSell,atBetter
INFO:order:2023-01-10 19:32:32,078;log:post;eid:16035;call:response;type:place;order:sell;asset:Y;price:98;qty:40;orderid:od_1673334836799555;respmessg:null;message:HoldYesQtyChange,SellingYesNewQty,ProfitSell,atBetter
INFO:order:2023-01-10 19:32:35,708;log:pre;eid:16035;call:sent;type:cancel;order:buy;asset:Y;price:96;qty:null;orderid:od_1673334836799277;respmessg:null;message:YesFairPriceChange,NewBuyParams
INFO:order:2023-01-10 19:32:36,859;log:post;eid:16035;call:response;type:cancel;order:buy;asset:Y;price:96;qty:null;orderid:od_1673334836799277;respmessg:null;message:YesFairPriceChange,NewBuyParams
INFO:order:2023-01-10 19:32:37,467;log:pre;eid:16035;call:sent;type:place;order:buy;asset:Y;price:91;qty:45;orderid:buysend;respmessg:null;message:YesFairPriceChange,ScalpingYes,BasicBuy,atbest+1
INFO:order:2023-01-10 19:32:38,547;log:post;eid:16035;call:response;type:place;order:buy;asset:Y;price:91;qty:45;orderid:od_1673334836799558;respmessg:null;message:YesFairPriceChange,ScalpingYes,BasicBuy,atbest+1
INFO:order:2023-01-10 19:32:39,805;log:pre;eid:16035;call:sent;type:cancel;order:sell;asset:Y;price:98;qty:null;orderid:od_1673334836799555;respmessg:null;message:YesFairPriceChange,PausingSell
INFO:order:2023-01-10 19:32:40,923;log:post;eid:16035;call:response;type:cancel;order:sell;asset:Y;price:98;qty:null;orderid:od_1673334836799555;respmessg:null;message:YesFairPriceChange,PausingSell
INFO:order:2023-01-10 19:37:16,885;log:pre;eid:16041;call:sent;type:place;order:sell;asset:N;price:98;qty:1;orderid:sellsend;respmessg:null;message:HoldNoQtyChange,SellingNoNewQty,ProfitSell,atBetter
INFO:order:2023-01-10 19:37:17,869;log:post;eid:16041;call:response;type:place;order:sell;asset:N;price:98;qty:1;orderid:od_1673334836799605;respmessg:null;message:HoldNoQtyChange,SellingNoNewQty,ProfitSell,atBetter
INFO:order:2023-01-10 19:37:21,221;log:pre;eid:16041;call:sent;type:cancel;order:buy;asset:N;price:2;qty:null;orderid:od_1673334836797116;respmessg:null;message:YesFairPriceChange,NewBuyParams
INFO:order:2023-01-10 19:37:22,214;log:post;eid:16041;call:response;type:cancel;order:buy;asset:N;price:2;qty:null;orderid:od_1673334836797116;respmessg:null;message:YesFairPriceChange,NewBuyParams
INFO:order:2023-01-10 19:37:22,654;log:pre;eid:16041;call:sent;type:place;order:buy;asset:N;price:51;qty:50;orderid:buysend;respmessg:null;message:YesFairPriceChange,ScalpingNo,BasicBuy,atbest+1
INFO:order:2023-01-10 19:37:23,635;log:post;eid:16041;call:response;type:place;order:buy;asset:N;price:51;qty:50;orderid:od_1673334836799611;respmessg:null;message:YesFairPriceChange,ScalpingNo,BasicBuy,atbest+1
INFO:order:2023-01-10 19:37:25,811;log:pre;eid:16041;call:sent;type:cancel;order:sell;asset:N;price:98;qty:null;orderid:od_1673334836799605;respmessg:null;message:YesFairPriceChange,NewSellParams
INFO:order:2023-01-10 19:37:26,819;log:post;eid:16041;call:response;type:cancel;order:sell;asset:N;price:98;qty:null;orderid:od_1673334836799605;respmessg:null;message:YesFairPriceChange,NewSellParams
INFO:order:2023-01-10 19:37:27,201;log:pre;eid:16041;call:sent;type:place;order:sell;asset:N;price:98;qty:1;orderid:sellsend;respmessg:null;message:YesFairPriceChange,SellingBoughtQty,ProfitSell,atBetter
INFO:order:2023-01-10 19:37:28,170;log:post;eid:16041;call:response;type:place;order:sell;asset:N;price:98;qty:1;orderid:od_1673334836799614;respmessg:null;message:YesFairPriceChange,SellingBoughtQty,ProfitSell,atBetter
INFO:order:2023-01-10 19:39:58,683;log:pre;eid:16035;call:sent;type:cancel;order:buy;asset:Y;price:91.0;qty:null;orderid:od_1673334836799558;respmessg:null;message:YesFairPriceChange,NewBuyParams
INFO:order:2023-01-10 19:39:59,308;log:post;eid:16035;call:response;type:cancel;order:buy;asset:Y;price:91.0;qty:null;orderid:od_1673334836799558;respmessg:notsuccess;message:YesFairPriceChange,NewBuyParams
INFO:order:2023-01-10 19:39:59,951;log:pre;eid:16035;call:sent;type:place;order:buy;asset:Y;price:98;qty:45;orderid:buysend;respmessg:null;message:YesFairPriceChange,ScalpingYes,BasicBuy,atbest+1
INFO:order:2023-01-10 19:40:01,031;log:post;eid:16035;call:response;type:place;order:buy;asset:Y;price:98;qty:45;orderid:od_1673334836799667;respmessg:null;message:YesFairPriceChange,ScalpingYes,BasicBuy,atbest+1
INFO:order:2023-01-10 19:43:43,519;log:pre;eid:16040;call:sent;type:cancel;order:buy;asset:N;price:6;qty:null;orderid:od_1673334836799029;respmessg:null;message:NoSignalZeroHolding,PausingBuy
INFO:order:2023-01-10 19:43:44,539;log:post;eid:16040;call:response;type:cancel;order:buy;asset:N;price:6;qty:null;orderid:od_1673334836799029;respmessg:null;message:NoSignalZeroHolding,PausingBuy
INFO:order:2023-01-10 19:44:35,257;log:pre;eid:16041;call:sent;type:cancel;order:sell;asset:N;price:98;qty:null;orderid:od_1673334836799614;respmessg:null;message:YesFairPriceChange,NewSellParams
INFO:order:2023-01-10 19:44:36,289;log:post;eid:16041;call:response;type:cancel;order:sell;asset:N;price:98;qty:null;orderid:od_1673334836799614;respmessg:null;message:YesFairPriceChange,NewSellParams
INFO:order:2023-01-10 19:44:36,766;log:pre;eid:16041;call:sent;type:place;order:sell;asset:N;price:98;qty:1;orderid:sellsend;respmessg:null;message:YesFairPriceChange,SellingBoughtQty,ProfitSell,atBetter
INFO:order:2023-01-10 19:44:37,767;log:post;eid:16041;call:response;type:place;order:sell;asset:N;price:98;qty:1;orderid:od_1673334836799784;respmessg:null;message:YesFairPriceChange,SellingBoughtQty,ProfitSell,atBetter
INFO:order:2023-01-10 19:47:11,340;log:pre;eid:16035;call:sent;type:place;order:sell;asset:Y;price:99;qty:48;orderid:sellsend;respmessg:null;message:HoldYesQtyChange,SellingYesNewQty,ProfitSell,atBetter
INFO:order:2023-01-10 19:47:12,473;log:post;eid:16035;call:response;type:place;order:sell;asset:Y;price:99;qty:48;orderid:od_1673334836799851;respmessg:null;message:HoldYesQtyChange,SellingYesNewQty,ProfitSell,atBetter
INFO:order:2023-01-10 19:47:16,158;log:pre;eid:16035;call:sent;type:cancel;order:sell;asset:Y;price:99;qty:null;orderid:od_1673334836799851;respmessg:null;message:YesFairPriceChange,PausingSell
INFO:order:2023-01-10 19:47:17,252;log:post;eid:16035;call:response;type:cancel;order:sell;asset:Y;price:99;qty:null;orderid:od_1673334836799851;respmessg:null;message:YesFairPriceChange,PausingSell
INFO:order:2023-01-10 19:51:10,098;log:pre;eid:16040;call:sent;type:place;order:buy;asset:N;price:6;qty:50;orderid:buysend;respmessg:null;message:NoSignalZeroHolding,ScalpingNo,BasicBuy,atbest+1
INFO:order:2023-01-10 19:51:11,067;log:post;eid:16040;call:response;type:place;order:buy;asset:N;price:6;qty:50;orderid:od_1673334836799948;respmessg:null;message:NoSignalZeroHolding,ScalpingNo,BasicBuy,atbest+1
INFO:order:2023-01-10 19:52:00,739;log:pre;eid:16041;call:sent;type:cancel;order:sell;asset:N;price:98;qty:null;orderid:od_1673334836799784;respmessg:null;message:HoldNoQtyChange,HoldQtyChange
INFO:order:2023-01-10 19:52:01,852;log:post;eid:16041;call:response;type:cancel;order:sell;asset:N;price:98;qty:null;orderid:od_1673334836799784;respmessg:null;message:HoldNoQtyChange,HoldQtyChange
INFO:order:2023-01-10 19:52:02,446;log:pre;eid:16041;call:sent;type:place;order:sell;asset:N;price:98;qty:3;orderid:sellsend;respmessg:null;message:HoldNoQtyChange,SellingNoNewQty,ProfitSell,atBetter
INFO:order:2023-01-10 19:52:03,542;log:post;eid:16041;call:response;type:place;order:sell;asset:N;price:98;qty:3;orderid:od_1673334836799972;respmessg:null;message:HoldNoQtyChange,SellingNoNewQty,ProfitSell,atBetter
INFO:order:2023-01-10 19:54:37,130;log:pre;eid:16035;call:sent;type:cancel;order:buy;asset:Y;price:98.0;qty:null;orderid:od_1673334836799667;respmessg:null;message:YesFairPriceChange,NewBuyParams
INFO:order:2023-01-10 19:54:37,781;log:post;eid:16035;call:response;type:cancel;order:buy;asset:Y;price:98.0;qty:null;orderid:od_1673334836799667;respmessg:notsuccess;message:YesFairPriceChange,NewBuyParams
INFO:order:2023-01-10 19:54:37,785;log:pre;eid:16035;call:sent;type:cancel;order:buy;asset:Y;price:91.0;qty:null;orderid:od_1673334836799558;respmessg:null;message:YesFairPriceChange,NewBuyParams
INFO:order:2023-01-10 19:54:38,441;log:post;eid:16035;call:response;type:cancel;order:buy;asset:Y;price:91.0;qty:null;orderid:od_1673334836799558;respmessg:notsuccess;message:YesFairPriceChange,NewBuyParams
INFO:order:2023-01-10 19:54:39,065;log:pre;eid:16035;call:sent;type:place;order:buy;asset:Y;price:99;qty:36;orderid:buysend;respmessg:null;message:YesFairPriceChange,ScalpingYes,BasicBuy,atbest+1
INFO:order:2023-01-10 19:54:40,184;log:post;eid:16035;call:response;type:place;order:buy;asset:Y;price:99;qty:36;orderid:od_1673334836800032;respmessg:null;message:YesFairPriceChange,ScalpingYes,BasicBuy,atbest+1
INFO:order:2023-01-10 19:59:17,443;log:pre;eid:16041;call:sent;type:cancel;order:sell;asset:N;price:98;qty:null;orderid:od_1673334836799972;respmessg:null;message:YesFairPriceChange,NewSellParams
INFO:order:2023-01-10 19:59:18,435;log:post;eid:16041;call:response;type:cancel;order:sell;asset:N;price:98;qty:null;orderid:od_1673334836799972;respmessg:null;message:YesFairPriceChange,NewSellParams
INFO:order:2023-01-10 19:59:18,875;log:pre;eid:16041;call:sent;type:place;order:sell;asset:N;price:98;qty:3;orderid:sellsend;respmessg:null;message:YesFairPriceChange,SellingBoughtQty,ProfitSell,atBetter
INFO:order:2023-01-10 19:59:19,899;log:post;eid:16041;call:response;type:place;order:sell;asset:N;price:98;qty:3;orderid:od_1673334836800147;respmessg:null;message:YesFairPriceChange,SellingBoughtQty,ProfitSell,atBetter
INFO:order:2023-01-10 20:00:06,209;log:pre;eid:16042;call:sent;type:cancel;order:buy;asset:N;price:3;qty:null;orderid:od_1673334836799055;respmessg:null;message:YesAvgBuyPriceChange,NewBuyParams
INFO:order:2023-01-10 20:00:07,219;log:post;eid:16042;call:response;type:cancel;order:buy;asset:N;price:3;qty:null;orderid:od_1673334836799055;respmessg:null;message:YesAvgBuyPriceChange,NewBuyParams
INFO:order:2023-01-10 20:00:07,631;log:pre;eid:16042;call:sent;type:place;order:buy;asset:N;price:9;qty:50;orderid:buysend;respmessg:null;message:YesAvgBuyPriceChange,ScalpingNo,BasicBuy,atbest+1
INFO:order:2023-01-10 20:00:08,618;log:post;eid:16042;call:response;type:place;order:buy;asset:N;price:9;qty:50;orderid:od_1673334836800171;respmessg:null;message:YesAvgBuyPriceChange,ScalpingNo,BasicBuy,atbest+1
INFO:order:2023-01-10 20:01:49,926;log:pre;eid:16035;call:sent;type:place;order:sell;asset:Y;price:99;qty:78;orderid:sellsend;respmessg:null;message:HoldYesQtyChange,SellingYesNewQty,ProfitSell,atBetter
INFO:order:2023-01-10 20:01:50,904;log:post;eid:16035;call:response;type:place;order:sell;asset:Y;price:99;qty:78;orderid:od_1673334836800211;respmessg:null;message:HoldYesQtyChange,SellingYesNewQty,ProfitSell,atBetter
INFO:order:2023-01-10 20:01:54,744;log:pre;eid:16035;call:sent;type:cancel;order:sell;asset:Y;price:99;qty:null;orderid:od_1673334836800211;respmessg:null;message:YesFairPriceChange,PausingSell
INFO:order:2023-01-10 20:01:56,234;log:post;eid:16035;call:response;type:cancel;order:sell;asset:Y;price:99;qty:null;orderid:od_1673334836800211;respmessg:null;message:YesFairPriceChange,PausingSell
INFO:order:2023-01-10 20:05:44,073;log:pre;eid:16040;call:sent;type:cancel;order:buy;asset:N;price:6;qty:null;orderid:od_1673334836799948;respmessg:null;message:NoSignalZeroHolding,PausingBuy
INFO:order:2023-01-10 20:05:45,082;log:post;eid:16040;call:response;type:cancel;order:buy;asset:N;price:6;qty:null;orderid:od_1673334836799948;respmessg:null;message:NoSignalZeroHolding,PausingBuy
INFO:order:2023-01-10 20:06:35,597;log:pre;eid:16041;call:sent;type:cancel;order:sell;asset:N;price:98;qty:null;orderid:od_1673334836800147;respmessg:null;message:YesFairPriceChange,NewSellParams
INFO:order:2023-01-10 20:06:36,595;log:post;eid:16041;call:response;type:cancel;order:sell;asset:N;price:98;qty:null;orderid:od_1673334836800147;respmessg:null;message:YesFairPriceChange,NewSellParams
INFO:order:2023-01-10 20:06:36,968;log:pre;eid:16041;call:sent;type:place;order:sell;asset:N;price:98;qty:3;orderid:sellsend;respmessg:null;message:YesFairPriceChange,SellingBoughtQty,ProfitSell,atBetter
INFO:order:2023-01-10 20:06:37,951;log:post;eid:16041;call:response;type:place;order:sell;asset:N;price:98;qty:3;orderid:od_1673334836800354;respmessg:null;message:YesFairPriceChange,SellingBoughtQty,ProfitSell,atBetter
INFO:order:2023-01-10 20:07:16,200;log:pre;eid:16042;call:sent;type:cancel;order:buy;asset:N;price:9;qty:null;orderid:od_1673334836800171;respmessg:null;message:NoSignalZeroHolding,NewBuyParams
INFO:order:2023-01-10 20:07:17,198;log:post;eid:16042;call:response;type:cancel;order:buy;asset:N;price:9;qty:null;orderid:od_1673334836800171;respmessg:null;message:NoSignalZeroHolding,NewBuyParams
INFO:order:2023-01-10 20:07:17,612;log:pre;eid:16042;call:sent;type:place;order:buy;asset:N;price:51;qty:50;orderid:buysend;respmessg:null;message:NoSignalZeroHolding,ScalpingNo,BasicBuy,atbest+1
INFO:order:2023-01-10 20:07:18,616;log:post;eid:16042;call:response;type:place;order:buy;asset:N;price:51;qty:50;orderid:od_1673334836800372;respmessg:null;message:NoSignalZeroHolding,ScalpingNo,BasicBuy,atbest+1
INFO:order:2023-01-10 20:13:37,051;log:pre;eid:16041;call:sent;type:cancel;order:sell;asset:N;price:98;qty:null;orderid:od_1673334836800354;respmessg:null;message:YesAvgBuyPriceChange,NewSellParams
INFO:order:2023-01-10 20:13:38,042;log:post;eid:16041;call:response;type:cancel;order:sell;asset:N;price:98;qty:null;orderid:od_1673334836800354;respmessg:null;message:YesAvgBuyPriceChange,NewSellParams
INFO:order:2023-01-10 20:13:38,481;log:pre;eid:16041;call:sent;type:place;order:sell;asset:N;price:98;qty:3;orderid:sellsend;respmessg:null;message:YesAvgBuyPriceChange,SellingBoughtQty,ProfitSell,atBetter
INFO:order:2023-01-10 20:13:39,464;log:post;eid:16041;call:response;type:place;order:sell;asset:N;price:98;qty:3;orderid:od_1673334836800524;respmessg:null;message:YesAvgBuyPriceChange,SellingBoughtQty,ProfitSell,atBetter
INFO:order:2023-01-10 20:14:20,642;log:pre;eid:16042;call:sent;type:cancel;order:buy;asset:N;price:51;qty:null;orderid:od_1673334836800372;respmessg:null;message:NoSignalZeroHolding,NewBuyParams
INFO:order:2023-01-10 20:14:21,662;log:post;eid:16042;call:response;type:cancel;order:buy;asset:N;price:51;qty:null;orderid:od_1673334836800372;respmessg:null;message:NoSignalZeroHolding,NewBuyParams
INFO:order:2023-01-10 20:14:22,080;log:pre;eid:16042;call:sent;type:place;order:buy;asset:N;price:3;qty:99;orderid:buysend;respmessg:null;message:NoSignalZeroHolding,ScalpingNo,BasicBuy,atbest+1
INFO:order:2023-01-10 20:14:23,081;log:post;eid:16042;call:response;type:place;order:buy;asset:N;price:3;qty:99;orderid:od_1673334836800545;respmessg:null;message:NoSignalZeroHolding,ScalpingNo,BasicBuy,atbest+1
INFO:order:2023-01-10 20:19:57,970;log:pre;eid:16040;call:sent;type:place;order:buy;asset:N;price:6;qty:50;orderid:buysend;respmessg:null;message:NoSignalZeroHolding,ScalpingNo,BasicBuy,atbest+1
INFO:order:2023-01-10 20:19:59,014;log:post;eid:16040;call:response;type:place;order:buy;asset:N;price:6;qty:50;orderid:od_1673334836800674;respmessg:null;message:NoSignalZeroHolding,ScalpingNo,BasicBuy,atbest+1
INFO:order:2023-01-10 20:20:47,934;log:pre;eid:16041;call:sent;type:cancel;order:sell;asset:N;price:98;qty:null;orderid:od_1673334836800524;respmessg:null;message:YesAvgBuyPriceChange,NewSellParams
INFO:order:2023-01-10 20:20:48,950;log:post;eid:16041;call:response;type:cancel;order:sell;asset:N;price:98;qty:null;orderid:od_1673334836800524;respmessg:null;message:YesAvgBuyPriceChange,NewSellParams
INFO:order:2023-01-10 20:20:49,432;log:pre;eid:16041;call:sent;type:place;order:sell;asset:N;price:98;qty:3;orderid:sellsend;respmessg:null;message:YesAvgBuyPriceChange,SellingBoughtQty,ProfitSell,atBetter
INFO:order:2023-01-10 20:20:50,415;log:post;eid:16041;call:response;type:place;order:sell;asset:N;price:98;qty:3;orderid:od_1673334836800692;respmessg:null;message:YesAvgBuyPriceChange,SellingBoughtQty,ProfitSell,atBetter
INFO:order:2023-01-10 20:23:15,230;log:pre;eid:16035;call:sent;type:place;order:sell;asset:Y;price:99;qty:110;orderid:sellsend;respmessg:null;message:HoldYesQtyChange,SellingYesNewQty,ProfitSell,atAvgBuy+1
INFO:order:2023-01-10 20:23:16,292;log:post;eid:16035;call:response;type:place;order:sell;asset:Y;price:99;qty:110;orderid:od_1673334836800744;respmessg:null;message:HoldYesQtyChange,SellingYesNewQty,ProfitSell,atAvgBuy+1
INFO:order:2023-01-10 20:23:19,899;log:pre;eid:16035;call:sent;type:cancel;order:buy;asset:Y;price:98;qty:null;orderid:od_1673334836799667;respmessg:null;message:YesFairPriceChange,NewBuyParams
INFO:order:2023-01-10 20:23:20,989;log:post;eid:16035;call:response;type:cancel;order:buy;asset:Y;price:98;qty:null;orderid:od_1673334836799667;respmessg:null;message:YesFairPriceChange,NewBuyParams
INFO:order:2023-01-10 20:23:20,992;log:pre;eid:16035;call:sent;type:cancel;order:buy;asset:Y;price:91;qty:null;orderid:od_1673334836799558;respmessg:null;message:YesFairPriceChange,NewBuyParams
INFO:order:2023-01-10 20:23:22,105;log:post;eid:16035;call:response;type:cancel;order:buy;asset:Y;price:91;qty:null;orderid:od_1673334836799558;respmessg:null;message:YesFairPriceChange,NewBuyParams
INFO:order:2023-01-10 20:23:22,684;log:pre;eid:16035;call:sent;type:place;order:buy;asset:Y;price:98;qty:75;orderid:buysend;respmessg:null;message:YesFairPriceChange,ScalpingYes,BasicBuy,atbest
INFO:order:2023-01-10 20:23:23,779;log:post;eid:16035;call:response;type:place;order:buy;asset:Y;price:98;qty:75;orderid:od_1673334836800748;respmessg:null;message:YesFairPriceChange,ScalpingYes,BasicBuy,atbest
INFO:order:2023-01-10 20:23:25,001;log:pre;eid:16035;call:sent;type:cancel;order:sell;asset:Y;price:99;qty:null;orderid:od_1673334836800744;respmessg:null;message:YesFairPriceChange,PausingSell
INFO:order:2023-01-10 20:23:26,079;log:post;eid:16035;call:response;type:cancel;order:sell;asset:Y;price:99;qty:null;orderid:od_1673334836800744;respmessg:null;message:YesFairPriceChange,PausingSell
INFO:order:2023-01-10 20:28:10,507;log:pre;eid:16041;call:sent;type:cancel;order:sell;asset:N;price:98;qty:null;orderid:od_1673334836800692;respmessg:null;message:YesAvgBuyPriceChange,NewSellParams
INFO:order:2023-01-10 20:28:11,597;log:post;eid:16041;call:response;type:cancel;order:sell;asset:N;price:98;qty:null;orderid:od_1673334836800692;respmessg:null;message:YesAvgBuyPriceChange,NewSellParams
INFO:order:2023-01-10 20:28:12,216;log:pre;eid:16041;call:sent;type:place;order:sell;asset:N;price:98;qty:3;orderid:sellsend;respmessg:null;message:YesAvgBuyPriceChange,SellingBoughtQty,ProfitSell,atBetter
INFO:order:2023-01-10 20:28:13,347;log:post;eid:16041;call:response;type:place;order:sell;asset:N;price:98;qty:3;orderid:od_1673334836800861;respmessg:null;message:YesAvgBuyPriceChange,SellingBoughtQty,ProfitSell,atBetter
INFO:order:2023-01-10 20:30:40,573;log:pre;eid:16035;call:sent;type:place;order:sell;asset:Y;price:99;qty:111;orderid:sellsend;respmessg:null;message:HoldYesQtyChange,SellingYesNewQty,ProfitSell,atAvgBuy+1
INFO:order:2023-01-10 20:30:41,539;log:post;eid:16035;call:response;type:place;order:sell;asset:Y;price:99;qty:111;orderid:od_1673334836800910;respmessg:null;message:HoldYesQtyChange,SellingYesNewQty,ProfitSell,atAvgBuy+1
INFO:order:2023-01-10 20:30:44,978;log:pre;eid:16035;call:sent;type:cancel;order:buy;asset:Y;price:98;qty:null;orderid:od_1673334836800748;respmessg:null;message:YesFairPriceChange,NewBuyParams
INFO:order:2023-01-10 20:30:45,965;log:post;eid:16035;call:response;type:cancel;order:buy;asset:Y;price:98;qty:null;orderid:od_1673334836800748;respmessg:null;message:YesFairPriceChange,NewBuyParams
INFO:order:2023-01-10 20:30:46,329;log:pre;eid:16035;call:sent;type:place;order:buy;asset:Y;price:98;qty:75;orderid:buysend;respmessg:null;message:YesFairPriceChange,ScalpingYes,BasicBuy,atbest
INFO:order:2023-01-10 20:30:47,357;log:post;eid:16035;call:response;type:place;order:buy;asset:Y;price:98;qty:75;orderid:od_1673334836800913;respmessg:null;message:YesFairPriceChange,ScalpingYes,BasicBuy,atbest
INFO:order:2023-01-10 20:30:48,559;log:pre;eid:16035;call:sent;type:cancel;order:sell;asset:Y;price:99;qty:null;orderid:od_1673334836800910;respmessg:null;message:YesFairPriceChange,PausingSell
INFO:order:2023-01-10 20:30:49,568;log:post;eid:16035;call:response;type:cancel;order:sell;asset:Y;price:99;qty:null;orderid:od_1673334836800910;respmessg:null;message:YesFairPriceChange,PausingSell
INFO:order:2023-01-10 20:34:35,567;log:pre;eid:16040;call:sent;type:cancel;order:buy;asset:N;price:6;qty:null;orderid:od_1673334836800674;respmessg:null;message:NoSignalZeroHolding,PausingBuy
INFO:order:2023-01-10 20:34:36,655;log:post;eid:16040;call:response;type:cancel;order:buy;asset:N;price:6;qty:null;orderid:od_1673334836800674;respmessg:null;message:NoSignalZeroHolding,PausingBuy
INFO:order:2023-01-10 20:35:26,279;log:pre;eid:16041;call:sent;type:cancel;order:sell;asset:N;price:98;qty:null;orderid:od_1673334836800861;respmessg:null;message:YesAvgBuyPriceChange,NewSellParams
INFO:order:2023-01-10 20:35:27,344;log:post;eid:16041;call:response;type:cancel;order:sell;asset:N;price:98;qty:null;orderid:od_1673334836800861;respmessg:null;message:YesAvgBuyPriceChange,NewSellParams
INFO:order:2023-01-10 20:35:27,798;log:pre;eid:16041;call:sent;type:place;order:sell;asset:N;price:98;qty:3;orderid:sellsend;respmessg:null;message:YesAvgBuyPriceChange,SellingBoughtQty,ProfitSell,atBetter
INFO:order:2023-01-10 20:35:28,766;log:post;eid:16041;call:response;type:place;order:sell;asset:N;price:98;qty:3;orderid:od_1673334836801014;respmessg:null;message:YesAvgBuyPriceChange,SellingBoughtQty,ProfitSell,atBetter
INFO:order:2023-01-10 20:37:58,201;log:pre;eid:16035;call:sent;type:cancel;order:buy;asset:Y;price:98.0;qty:null;orderid:od_1673334836800913;respmessg:null;message:NoAvgBuyPriceChange,NewBuyParams
INFO:order:2023-01-10 20:37:58,849;log:post;eid:16035;call:response;type:cancel;order:buy;asset:Y;price:98.0;qty:null;orderid:od_1673334836800913;respmessg:notsuccess;message:NoAvgBuyPriceChange,NewBuyParams
INFO:order:2023-01-10 20:37:59,479;log:pre;eid:16035;call:sent;type:place;order:buy;asset:Y;price:99;qty:42;orderid:buysend;respmessg:null;message:NoAvgBuyPriceChange,ScalpingYes,BasicBuy,atbest+1
INFO:order:2023-01-10 20:38:00,557;log:post;eid:16035;call:response;type:place;order:buy;asset:Y;price:99;qty:42;orderid:od_1673334836801077;respmessg:null;message:NoAvgBuyPriceChange,ScalpingYes,BasicBuy,atbest+1
INFO:order:2023-01-10 20:42:37,968;log:pre;eid:16041;call:sent;type:cancel;order:sell;asset:N;price:98;qty:null;orderid:od_1673334836801014;respmessg:null;message:YesAvgBuyPriceChange,NewSellParams
INFO:order:2023-01-10 20:42:38,984;log:post;eid:16041;call:response;type:cancel;order:sell;asset:N;price:98;qty:null;orderid:od_1673334836801014;respmessg:null;message:YesAvgBuyPriceChange,NewSellParams
INFO:order:2023-01-10 20:42:39,428;log:pre;eid:16041;call:sent;type:place;order:sell;asset:N;price:98;qty:3;orderid:sellsend;respmessg:null;message:YesAvgBuyPriceChange,SellingBoughtQty,ProfitSell,atBetter
INFO:order:2023-01-10 20:42:40,443;log:post;eid:16041;call:response;type:place;order:sell;asset:N;price:98;qty:3;orderid:od_1673334836801142;respmessg:null;message:YesAvgBuyPriceChange,SellingBoughtQty,ProfitSell,atBetter
INFO:order:2023-01-10 20:47:12,331;log:pre;eid:16038;call:sent;type:place;order:buy;asset:Y;price:4;qty:50;orderid:buysend;respmessg:null;message:YesSignalZeroHolding,ScalpingYes,BasicBuy,atbest+1
INFO:order:2023-01-10 20:47:13,319;log:post;eid:16038;call:response;type:place;order:buy;asset:Y;price:4;qty:50;orderid:od_1673334836801157;respmessg:null;message:YesSignalZeroHolding,ScalpingYes,BasicBuy,atbest+1
INFO:order:2023-01-10 20:49:35,480;log:pre;eid:16041;call:sent;type:cancel;order:sell;asset:N;price:98;qty:null;orderid:od_1673334836801142;respmessg:null;message:YesAvgBuyPriceChange,NewSellParams
INFO:order:2023-01-10 20:49:36,513;log:post;eid:16041;call:response;type:cancel;order:sell;asset:N;price:98;qty:null;orderid:od_1673334836801142;respmessg:null;message:YesAvgBuyPriceChange,NewSellParams
INFO:order:2023-01-10 20:49:36,912;log:pre;eid:16041;call:sent;type:place;order:sell;asset:N;price:98;qty:3;orderid:sellsend;respmessg:null;message:YesAvgBuyPriceChange,SellingBoughtQty,ProfitSell,atBetter
INFO:order:2023-01-10 20:49:37,908;log:post;eid:16041;call:response;type:place;order:sell;asset:N;price:98;qty:3;orderid:od_1673334836801175;respmessg:null;message:YesAvgBuyPriceChange,SellingBoughtQty,ProfitSell,atBetter
INFO:order:2023-01-10 20:56:52,253;log:pre;eid:16041;call:sent;type:cancel;order:sell;asset:N;price:98;qty:null;orderid:od_1673334836801175;respmessg:null;message:YesAvgBuyPriceChange,NewSellParams
INFO:order:2023-01-10 20:56:53,275;log:post;eid:16041;call:response;type:cancel;order:sell;asset:N;price:98;qty:null;orderid:od_1673334836801175;respmessg:null;message:YesAvgBuyPriceChange,NewSellParams
INFO:order:2023-01-10 20:56:53,716;log:pre;eid:16041;call:sent;type:place;order:sell;asset:N;price:98;qty:3;orderid:sellsend;respmessg:null;message:YesAvgBuyPriceChange,SellingBoughtQty,ProfitSell,atBetter
INFO:order:2023-01-10 20:56:54,693;log:post;eid:16041;call:response;type:place;order:sell;asset:N;price:98;qty:3;orderid:od_1673334836801221;respmessg:null;message:YesAvgBuyPriceChange,SellingBoughtQty,ProfitSell,atBetter
INFO:order:2023-01-10 21:03:52,857;log:pre;eid:16041;call:sent;type:cancel;order:sell;asset:N;price:98;qty:null;orderid:od_1673334836801221;respmessg:null;message:YesAvgBuyPriceChange,NewSellParams
INFO:order:2023-01-10 21:03:53,882;log:post;eid:16041;call:response;type:cancel;order:sell;asset:N;price:98;qty:null;orderid:od_1673334836801221;respmessg:null;message:YesAvgBuyPriceChange,NewSellParams
INFO:order:2023-01-10 21:03:54,291;log:pre;eid:16041;call:sent;type:place;order:sell;asset:N;price:98;qty:3;orderid:sellsend;respmessg:null;message:YesAvgBuyPriceChange,SellingBoughtQty,ProfitSell,atBetter
INFO:order:2023-01-10 21:03:55,293;log:post;eid:16041;call:response;type:place;order:sell;asset:N;price:98;qty:3;orderid:od_1673334836801325;respmessg:null;message:YesAvgBuyPriceChange,SellingBoughtQty,ProfitSell,atBetter
INFO:order:2023-01-10 21:06:19,452;log:pre;eid:16035;call:sent;type:place;order:sell;asset:Y;price:99;qty:153;orderid:sellsend;respmessg:null;message:HoldYesQtyChange,SellingYesNewQty,ProfitSell,atAvgBuy+1
INFO:order:2023-01-10 21:06:20,458;log:post;eid:16035;call:response;type:place;order:sell;asset:Y;price:99;qty:153;orderid:od_1673334836801355;respmessg:null;message:HoldYesQtyChange,SellingYesNewQty,ProfitSell,atAvgBuy+1
INFO:order:2023-01-10 21:06:23,870;log:pre;eid:16035;call:sent;type:cancel;order:buy;asset:Y;price:98;qty:null;orderid:od_1673334836800913;respmessg:null;message:YesFairPriceChange,NewBuyParams
INFO:order:2023-01-10 21:06:24,856;log:post;eid:16035;call:response;type:cancel;order:buy;asset:Y;price:98;qty:null;orderid:od_1673334836800913;respmessg:null;message:YesFairPriceChange,NewBuyParams
INFO:order:2023-01-10 21:06:25,268;log:pre;eid:16035;call:sent;type:place;order:buy;asset:Y;price:98;qty:27;orderid:buysend;respmessg:null;message:YesFairPriceChange,ScalpingYes,BasicBuy,atbest
INFO:order:2023-01-10 21:06:26,261;log:post;eid:16035;call:response;type:place;order:buy;asset:Y;price:98;qty:27;orderid:od_1673334836801361;respmessg:null;message:YesFairPriceChange,ScalpingYes,BasicBuy,atbest
INFO:order:2023-01-10 21:06:27,376;log:pre;eid:16035;call:sent;type:cancel;order:sell;asset:Y;price:99;qty:null;orderid:od_1673334836801355;respmessg:null;message:YesFairPriceChange,PausingSell
INFO:order:2023-01-10 21:06:28,408;log:post;eid:16035;call:response;type:cancel;order:sell;asset:Y;price:99;qty:null;orderid:od_1673334836801355;respmessg:null;message:YesFairPriceChange,PausingSell
INFO:order:2023-01-10 21:08:43,101;log:pre;eid:16038;call:sent;type:cancel;order:buy;asset:Y;price:4;qty:null;orderid:od_1673334836801157;respmessg:null;message:YesSignalZeroHolding,PausingBuy
INFO:order:2023-01-10 21:08:44,101;log:post;eid:16038;call:response;type:cancel;order:buy;asset:Y;price:4;qty:null;orderid:od_1673334836801157;respmessg:null;message:YesSignalZeroHolding,PausingBuy
INFO:order:2023-01-10 21:10:16,369;log:pre;eid:16040;call:sent;type:place;order:buy;asset:N;price:6;qty:50;orderid:buysend;respmessg:null;message:NoSignalZeroHolding,ScalpingNo,BasicBuy,atbest+1
INFO:order:2023-01-10 21:10:17,460;log:post;eid:16040;call:response;type:place;order:buy;asset:N;price:6;qty:50;orderid:od_1673334836801408;respmessg:null;message:NoSignalZeroHolding,ScalpingNo,BasicBuy,atbest+1
INFO:order:2023-01-10 21:11:10,139;log:pre;eid:16041;call:sent;type:cancel;order:sell;asset:N;price:98;qty:null;orderid:od_1673334836801325;respmessg:null;message:NoFairPriceChange,NewSellParams
INFO:order:2023-01-10 21:11:11,139;log:post;eid:16041;call:response;type:cancel;order:sell;asset:N;price:98;qty:null;orderid:od_1673334836801325;respmessg:null;message:NoFairPriceChange,NewSellParams
INFO:order:2023-01-10 21:11:11,578;log:pre;eid:16041;call:sent;type:place;order:sell;asset:N;price:98;qty:3;orderid:sellsend;respmessg:null;message:NoFairPriceChange,SellingBoughtQty,ProfitSell,atBetter
INFO:order:2023-01-10 21:11:12,591;log:post;eid:16041;call:response;type:place;order:sell;asset:N;price:98;qty:3;orderid:od_1673334836801424;respmessg:null;message:NoFairPriceChange,SellingBoughtQty,ProfitSell,atBetter
INFO:order:2023-01-10 21:13:39,150;log:pre;eid:16035;call:sent;type:cancel;order:buy;asset:Y;price:98.0;qty:null;orderid:od_1673334836801361;respmessg:null;message:YesFairPriceChange,NewBuyParams
INFO:order:2023-01-10 21:13:39,680;log:post;eid:16035;call:response;type:cancel;order:buy;asset:Y;price:98.0;qty:null;orderid:od_1673334836801361;respmessg:notsuccess;message:YesFairPriceChange,NewBuyParams
INFO:order:2023-01-10 21:13:40,049;log:pre;eid:16035;call:sent;type:place;order:buy;asset:Y;price:99;qty:54;orderid:buysend;respmessg:null;message:YesFairPriceChange,ScalpingYes,BasicBuy,atbest+1
INFO:order:2023-01-10 21:13:41,018;log:post;eid:16035;call:response;type:place;order:buy;asset:Y;price:99;qty:54;orderid:od_1673334836801437;respmessg:null;message:YesFairPriceChange,ScalpingYes,BasicBuy,atbest+1
INFO:order:2023-01-10 21:18:26,762;log:pre;eid:16041;call:sent;type:cancel;order:sell;asset:N;price:98;qty:null;orderid:od_1673334836801424;respmessg:null;message:NoFairPriceChange,NewSellParams
INFO:order:2023-01-10 21:18:27,737;log:post;eid:16041;call:response;type:cancel;order:sell;asset:N;price:98;qty:null;orderid:od_1673334836801424;respmessg:null;message:NoFairPriceChange,NewSellParams
INFO:order:2023-01-10 21:18:28,058;log:pre;eid:16041;call:sent;type:place;order:sell;asset:N;price:98;qty:3;orderid:sellsend;respmessg:null;message:NoFairPriceChange,SellingBoughtQty,ProfitSell,atBetter
INFO:order:2023-01-10 21:18:29,064;log:post;eid:16041;call:response;type:place;order:sell;asset:N;price:98;qty:3;orderid:od_1673334836801474;respmessg:null;message:NoFairPriceChange,SellingBoughtQty,ProfitSell,atBetter
INFO:order:2023-01-10 21:21:34,279;log:pre;eid:16036;call:sent;type:cancel;order:buy;asset:Y;price:6;qty:null;orderid:od_1673334836798897;respmessg:null;message:YesSignalZeroHolding,NewBuyParams
INFO:order:2023-01-10 21:21:35,310;log:post;eid:16036;call:response;type:cancel;order:buy;asset:Y;price:6;qty:null;orderid:od_1673334836798897;respmessg:null;message:YesSignalZeroHolding,NewBuyParams
INFO:order:2023-01-10 21:21:35,682;log:pre;eid:16036;call:sent;type:place;order:buy;asset:Y;price:51;qty:50;orderid:buysend;respmessg:null;message:YesSignalZeroHolding,ScalpingYes,BasicBuy,atbest+1
INFO:order:2023-01-10 21:21:36,717;log:post;eid:16036;call:response;type:place;order:buy;asset:Y;price:51;qty:50;orderid:od_1673334836801506;respmessg:null;message:YesSignalZeroHolding,ScalpingYes,BasicBuy,atbest+1
INFO:order:2023-01-10 21:23:12,133;log:pre;eid:16038;call:sent;type:place;order:buy;asset:Y;price:4;qty:50;orderid:buysend;respmessg:null;message:YesSignalZeroHolding,ScalpingYes,BasicBuy,atbest+1
INFO:order:2023-01-10 21:23:13,127;log:post;eid:16038;call:response;type:place;order:buy;asset:Y;price:4;qty:50;orderid:od_1673334836801521;respmessg:null;message:YesSignalZeroHolding,ScalpingYes,BasicBuy,atbest+1
INFO:order:2023-01-10 21:25:38,597;log:pre;eid:16041;call:sent;type:cancel;order:sell;asset:N;price:98;qty:null;orderid:od_1673334836801474;respmessg:null;message:YesAvgBuyPriceChange,NewSellParams
INFO:order:2023-01-10 21:25:39,589;log:post;eid:16041;call:response;type:cancel;order:sell;asset:N;price:98;qty:null;orderid:od_1673334836801474;respmessg:null;message:YesAvgBuyPriceChange,NewSellParams
INFO:order:2023-01-10 21:25:40,023;log:pre;eid:16041;call:sent;type:place;order:sell;asset:N;price:98;qty:3;orderid:sellsend;respmessg:null;message:YesAvgBuyPriceChange,SellingBoughtQty,ProfitSell,atBetter
INFO:order:2023-01-10 21:25:41,036;log:post;eid:16041;call:response;type:place;order:sell;asset:N;price:98;qty:3;orderid:od_1673334836801538;respmessg:null;message:YesAvgBuyPriceChange,SellingBoughtQty,ProfitSell,atBetter
INFO:order:2023-01-10 21:28:39,647;log:pre;eid:16036;call:sent;type:cancel;order:buy;asset:Y;price:51;qty:null;orderid:od_1673334836801506;respmessg:null;message:YesSignalZeroHolding,NewBuyParams
INFO:order:2023-01-10 21:28:40,666;log:post;eid:16036;call:response;type:cancel;order:buy;asset:Y;price:51;qty:null;orderid:od_1673334836801506;respmessg:null;message:YesSignalZeroHolding,NewBuyParams
INFO:order:2023-01-10 21:28:41,055;log:pre;eid:16036;call:sent;type:place;order:buy;asset:Y;price:61;qty:75;orderid:buysend;respmessg:null;message:YesSignalZeroHolding,ScalpingYes,BasicBuy,atbest+1
INFO:order:2023-01-10 21:28:42,035;log:post;eid:16036;call:response;type:place;order:buy;asset:Y;price:61;qty:75;orderid:od_1673334836801551;respmessg:null;message:YesSignalZeroHolding,ScalpingYes,BasicBuy,atbest+1
INFO:order:2023-01-10 21:31:59,065;log:pre;eid:16040;call:sent;type:cancel;order:buy;asset:N;price:6;qty:null;orderid:od_1673334836801408;respmessg:null;message:NoSignalZeroHolding,PausingBuy
INFO:order:2023-01-10 21:32:00,111;log:post;eid:16040;call:response;type:cancel;order:buy;asset:N;price:6;qty:null;orderid:od_1673334836801408;respmessg:null;message:NoSignalZeroHolding,PausingBuy
INFO:order:2023-01-10 21:32:49,719;log:pre;eid:16041;call:sent;type:cancel;order:sell;asset:N;price:98;qty:null;orderid:od_1673334836801538;respmessg:null;message:YesAvgBuyPriceChange,NewSellParams
INFO:order:2023-01-10 21:32:50,701;log:post;eid:16041;call:response;type:cancel;order:sell;asset:N;price:98;qty:null;orderid:od_1673334836801538;respmessg:null;message:YesAvgBuyPriceChange,NewSellParams
INFO:order:2023-01-10 21:32:51,110;log:pre;eid:16041;call:sent;type:place;order:sell;asset:N;price:98;qty:3;orderid:sellsend;respmessg:null;message:YesAvgBuyPriceChange,SellingBoughtQty,ProfitSell,atBetter
INFO:order:2023-01-10 21:32:52,139;log:post;eid:16041;call:response;type:place;order:sell;asset:N;price:98;qty:3;orderid:od_1673334836801571;respmessg:null;message:YesAvgBuyPriceChange,SellingBoughtQty,ProfitSell,atBetter
INFO:order:2023-01-10 21:40:02,245;log:pre;eid:16041;call:sent;type:cancel;order:sell;asset:N;price:98;qty:null;orderid:od_1673334836801571;respmessg:null;message:YesAvgBuyPriceChange,NewSellParams
INFO:order:2023-01-10 21:40:03,276;log:post;eid:16041;call:response;type:cancel;order:sell;asset:N;price:98;qty:null;orderid:od_1673334836801571;respmessg:null;message:YesAvgBuyPriceChange,NewSellParams
INFO:order:2023-01-10 21:40:03,757;log:pre;eid:16041;call:sent;type:place;order:sell;asset:N;price:98;qty:3;orderid:sellsend;respmessg:null;message:YesAvgBuyPriceChange,SellingBoughtQty,ProfitSell,atBetter
INFO:order:2023-01-10 21:40:04,746;log:post;eid:16041;call:response;type:place;order:sell;asset:N;price:98;qty:3;orderid:od_1673334836801602;respmessg:null;message:YesAvgBuyPriceChange,SellingBoughtQty,ProfitSell,atBetter
INFO:order:2023-01-10 21:43:12,417;log:pre;eid:16036;call:sent;type:cancel;order:buy;asset:Y;price:61;qty:null;orderid:od_1673334836801551;respmessg:null;message:YesSignalZeroHolding,NewBuyParams
INFO:order:2023-01-10 21:43:13,512;log:post;eid:16036;call:response;type:cancel;order:buy;asset:Y;price:61;qty:null;orderid:od_1673334836801551;respmessg:null;message:YesSignalZeroHolding,NewBuyParams
INFO:order:2023-01-10 21:43:14,149;log:pre;eid:16036;call:sent;type:place;order:buy;asset:Y;price:6;qty:99;orderid:buysend;respmessg:null;message:YesSignalZeroHolding,ScalpingYes,BasicBuy,atbest+1
INFO:order:2023-01-10 21:43:15,255;log:post;eid:16036;call:response;type:place;order:buy;asset:Y;price:6;qty:99;orderid:od_1673334836801639;respmessg:null;message:YesSignalZeroHolding,ScalpingYes,BasicBuy,atbest+1
INFO:order:2023-01-10 21:47:19,698;log:pre;eid:16041;call:sent;type:cancel;order:sell;asset:N;price:98;qty:null;orderid:od_1673334836801602;respmessg:null;message:YesAvgBuyPriceChange,NewSellParams
INFO:order:2023-01-10 21:47:20,809;log:post;eid:16041;call:response;type:cancel;order:sell;asset:N;price:98;qty:null;orderid:od_1673334836801602;respmessg:null;message:YesAvgBuyPriceChange,NewSellParams
INFO:order:2023-01-10 21:47:21,432;log:pre;eid:16041;call:sent;type:place;order:sell;asset:N;price:98;qty:3;orderid:sellsend;respmessg:null;message:YesAvgBuyPriceChange,SellingBoughtQty,ProfitSell,atBetter
INFO:order:2023-01-10 21:47:22,533;log:post;eid:16041;call:response;type:place;order:sell;asset:N;price:98;qty:3;orderid:od_1673334836801656;respmessg:null;message:YesAvgBuyPriceChange,SellingBoughtQty,ProfitSell,atBetter
INFO:order:2023-01-10 21:54:29,240;log:pre;eid:16041;call:sent;type:cancel;order:sell;asset:N;price:98;qty:null;orderid:od_1673334836801656;respmessg:null;message:YesAvgBuyPriceChange,NewSellParams
INFO:order:2023-01-10 21:54:30,279;log:post;eid:16041;call:response;type:cancel;order:sell;asset:N;price:98;qty:null;orderid:od_1673334836801656;respmessg:null;message:YesAvgBuyPriceChange,NewSellParams
INFO:order:2023-01-10 21:54:30,652;log:pre;eid:16041;call:sent;type:place;order:sell;asset:N;price:98;qty:3;orderid:sellsend;respmessg:null;message:YesAvgBuyPriceChange,SellingBoughtQty,ProfitSell,atBetter
INFO:order:2023-01-10 21:54:31,639;log:post;eid:16041;call:response;type:place;order:sell;asset:N;price:98;qty:3;orderid:od_1673334836801705;respmessg:null;message:YesAvgBuyPriceChange,SellingBoughtQty,ProfitSell,atBetter
INFO:order:2023-01-10 22:00:50,433;log:pre;eid:16040;call:sent;type:place;order:buy;asset:N;price:6;qty:50;orderid:buysend;respmessg:null;message:NoSignalZeroHolding,ScalpingNo,BasicBuy,atbest+1
INFO:order:2023-01-10 22:00:51,425;log:post;eid:16040;call:response;type:place;order:buy;asset:N;price:6;qty:50;orderid:od_1673334836801737;respmessg:null;message:NoSignalZeroHolding,ScalpingNo,BasicBuy,atbest+1
INFO:order:2023-01-10 22:01:40,388;log:pre;eid:16041;call:sent;type:cancel;order:sell;asset:N;price:98;qty:null;orderid:od_1673334836801705;respmessg:null;message:NoFairPriceChange,NewSellParams
INFO:order:2023-01-10 22:01:41,459;log:post;eid:16041;call:response;type:cancel;order:sell;asset:N;price:98;qty:null;orderid:od_1673334836801705;respmessg:null;message:NoFairPriceChange,NewSellParams
INFO:order:2023-01-10 22:01:41,914;log:pre;eid:16041;call:sent;type:place;order:sell;asset:N;price:98;qty:3;orderid:sellsend;respmessg:null;message:NoFairPriceChange,SellingBoughtQty,ProfitSell,atBetter
INFO:order:2023-01-10 22:01:42,912;log:post;eid:16041;call:response;type:place;order:sell;asset:N;price:98;qty:3;orderid:od_1673334836801746;respmessg:null;message:NoFairPriceChange,SellingBoughtQty,ProfitSell,atBetter
INFO:order:2023-01-10 22:08:42,182;log:pre;eid:16041;call:sent;type:cancel;order:sell;asset:N;price:98;qty:null;orderid:od_1673334836801746;respmessg:null;message:YesAvgBuyPriceChange,NewSellParams
INFO:order:2023-01-10 22:08:43,202;log:post;eid:16041;call:response;type:cancel;order:sell;asset:N;price:98;qty:null;orderid:od_1673334836801746;respmessg:null;message:YesAvgBuyPriceChange,NewSellParams
INFO:order:2023-01-10 22:08:43,715;log:pre;eid:16041;call:sent;type:place;order:sell;asset:N;price:98;qty:3;orderid:sellsend;respmessg:null;message:YesAvgBuyPriceChange,SellingBoughtQty,ProfitSell,atBetter
INFO:order:2023-01-10 22:08:44,727;log:post;eid:16041;call:response;type:place;order:sell;asset:N;price:98;qty:3;orderid:od_1673334836801816;respmessg:null;message:YesAvgBuyPriceChange,SellingBoughtQty,ProfitSell,atBetter
INFO:order:2023-01-10 22:09:22,892;log:pre;eid:16042;call:sent;type:cancel;order:buy;asset:N;price:3;qty:null;orderid:od_1673334836800545;respmessg:null;message:NoSignalZeroHolding,NewBuyParams
INFO:order:2023-01-10 22:09:24,052;log:post;eid:16042;call:response;type:cancel;order:buy;asset:N;price:3;qty:null;orderid:od_1673334836800545;respmessg:null;message:NoSignalZeroHolding,NewBuyParams
INFO:order:2023-01-10 22:09:24,702;log:pre;eid:16042;call:sent;type:place;order:buy;asset:N;price:11;qty:50;orderid:buysend;respmessg:null;message:NoSignalZeroHolding,ScalpingNo,BasicBuy,atbest+1
INFO:order:2023-01-10 22:09:25,887;log:post;eid:16042;call:response;type:place;order:buy;asset:N;price:11;qty:50;orderid:od_1673334836801820;respmessg:null;message:NoSignalZeroHolding,ScalpingNo,BasicBuy,atbest+1
INFO:order:2023-01-10 22:11:57,260;log:pre;eid:16036;call:sent;type:cancel;order:buy;asset:Y;price:6;qty:null;orderid:od_1673334836801639;respmessg:null;message:YesSignalZeroHolding,NewBuyParams
INFO:order:2023-01-10 22:11:58,239;log:post;eid:16036;call:response;type:cancel;order:buy;asset:Y;price:6;qty:null;orderid:od_1673334836801639;respmessg:null;message:YesSignalZeroHolding,NewBuyParams
INFO:order:2023-01-10 22:11:58,630;log:pre;eid:16036;call:sent;type:place;order:buy;asset:Y;price:81;qty:50;orderid:buysend;respmessg:null;message:YesSignalZeroHolding,ScalpingYes,BasicBuy,atbest+1
INFO:order:2023-01-10 22:11:59,602;log:post;eid:16036;call:response;type:place;order:buy;asset:Y;price:81;qty:50;orderid:od_1673334836801831;respmessg:null;message:YesSignalZeroHolding,ScalpingYes,BasicBuy,atbest+1
INFO:order:2023-01-10 22:12:48,174;log:pre;eid:16037;call:sent;type:cancel;order:buy;asset:Y;price:6;qty:null;orderid:od_1673334836799010;respmessg:null;message:YesSignalZeroHolding,NewBuyParams
INFO:order:2023-01-10 22:12:49,167;log:post;eid:16037;call:response;type:cancel;order:buy;asset:Y;price:6;qty:null;orderid:od_1673334836799010;respmessg:null;message:YesSignalZeroHolding,NewBuyParams
INFO:order:2023-01-10 22:12:49,602;log:pre;eid:16037;call:sent;type:place;order:buy;asset:Y;price:51;qty:50;orderid:buysend;respmessg:null;message:YesSignalZeroHolding,ScalpingYes,BasicBuy,atbest+1
INFO:order:2023-01-10 22:12:50,582;log:post;eid:16037;call:response;type:place;order:buy;asset:Y;price:51;qty:50;orderid:od_1673334836801834;respmessg:null;message:YesSignalZeroHolding,ScalpingYes,BasicBuy,atbest+1
INFO:order:2023-01-10 22:15:59,893;log:pre;eid:16041;call:sent;type:cancel;order:sell;asset:N;price:98;qty:null;orderid:od_1673334836801816;respmessg:null;message:YesAvgBuyPriceChange,NewSellParams
INFO:order:2023-01-10 22:16:00,879;log:post;eid:16041;call:response;type:cancel;order:sell;asset:N;price:98;qty:null;orderid:od_1673334836801816;respmessg:null;message:YesAvgBuyPriceChange,NewSellParams
INFO:order:2023-01-10 22:16:01,546;log:pre;eid:16041;call:sent;type:place;order:sell;asset:N;price:98;qty:3;orderid:sellsend;respmessg:null;message:YesAvgBuyPriceChange,SellingBoughtQty,ProfitSell,atBetter
INFO:order:2023-01-10 22:16:02,569;log:post;eid:16041;call:response;type:place;order:sell;asset:N;price:98;qty:3;orderid:od_1673334836801859;respmessg:null;message:YesAvgBuyPriceChange,SellingBoughtQty,ProfitSell,atBetter
INFO:order:2023-01-10 22:23:09,434;log:pre;eid:16041;call:sent;type:cancel;order:sell;asset:N;price:98;qty:null;orderid:od_1673334836801859;respmessg:null;message:YesAvgBuyPriceChange,NewSellParams
INFO:order:2023-01-10 22:23:10,476;log:post;eid:16041;call:response;type:cancel;order:sell;asset:N;price:98;qty:null;orderid:od_1673334836801859;respmessg:null;message:YesAvgBuyPriceChange,NewSellParams
INFO:order:2023-01-10 22:23:10,903;log:pre;eid:16041;call:sent;type:place;order:sell;asset:N;price:98;qty:3;orderid:sellsend;respmessg:null;message:YesAvgBuyPriceChange,SellingBoughtQty,ProfitSell,atBetter
INFO:order:2023-01-10 22:23:11,947;log:post;eid:16041;call:response;type:place;order:sell;asset:N;price:98;qty:3;orderid:od_1673334836801901;respmessg:null;message:YesAvgBuyPriceChange,SellingBoughtQty,ProfitSell,atBetter
INFO:order:2023-01-10 22:25:41,979;log:pre;eid:16035;call:sent;type:place;order:sell;asset:Y;price:99;qty:158;orderid:sellsend;respmessg:null;message:HoldYesQtyChange,SellingYesNewQty,ProfitSell,atAvgBuy+1
INFO:order:2023-01-10 22:25:43,085;log:post;eid:16035;call:response;type:place;order:sell;asset:Y;price:99;qty:158;orderid:od_1673334836801922;respmessg:null;message:HoldYesQtyChange,SellingYesNewQty,ProfitSell,atAvgBuy+1
INFO:order:2023-01-10 22:25:46,751;log:pre;eid:16035;call:sent;type:cancel;order:sell;asset:Y;price:99;qty:null;orderid:od_1673334836801922;respmessg:null;message:YesFairPriceChange,PausingSell
INFO:order:2023-01-10 22:25:47,846;log:post;eid:16035;call:response;type:cancel;order:sell;asset:Y;price:99;qty:null;orderid:od_1673334836801922;respmessg:null;message:YesFairPriceChange,PausingSell
INFO:order:2023-01-10 22:29:38,666;log:pre;eid:16040;call:sent;type:cancel;order:buy;asset:N;price:6;qty:null;orderid:od_1673334836801737;respmessg:null;message:NoSignalZeroHolding,NewBuyParams
INFO:order:2023-01-10 22:29:39,694;log:post;eid:16040;call:response;type:cancel;order:buy;asset:N;price:6;qty:null;orderid:od_1673334836801737;respmessg:null;message:NoSignalZeroHolding,NewBuyParams
INFO:order:2023-01-10 22:29:40,158;log:pre;eid:16040;call:sent;type:place;order:buy;asset:N;price:2;qty:50;orderid:buysend;respmessg:null;message:NoSignalZeroHolding,ScalpingNo,BasicBuy,atbest+1
INFO:order:2023-01-10 22:29:41,165;log:post;eid:16040;call:response;type:place;order:buy;asset:N;price:2;qty:50;orderid:od_1673334836801943;respmessg:null;message:NoSignalZeroHolding,ScalpingNo,BasicBuy,atbest+1
INFO:order:2023-01-10 22:30:30,267;log:pre;eid:16041;call:sent;type:cancel;order:sell;asset:N;price:98;qty:null;orderid:od_1673334836801901;respmessg:null;message:YesAvgBuyPriceChange,NewSellParams
INFO:order:2023-01-10 22:30:31,374;log:post;eid:16041;call:response;type:cancel;order:sell;asset:N;price:98;qty:null;orderid:od_1673334836801901;respmessg:null;message:YesAvgBuyPriceChange,NewSellParams
INFO:order:2023-01-10 22:30:32,009;log:pre;eid:16041;call:sent;type:place;order:sell;asset:N;price:98;qty:3;orderid:sellsend;respmessg:null;message:YesAvgBuyPriceChange,SellingBoughtQty,ProfitSell,atBetter
INFO:order:2023-01-10 22:30:33,066;log:post;eid:16041;call:response;type:place;order:sell;asset:N;price:98;qty:3;orderid:od_1673334836801946;respmessg:null;message:YesAvgBuyPriceChange,SellingBoughtQty,ProfitSell,atBetter
INFO:order:2023-01-10 22:36:55,279;log:pre;eid:16040;call:sent;type:cancel;order:buy;asset:N;price:2;qty:null;orderid:od_1673334836801943;respmessg:null;message:NoSignalZeroHolding,NewBuyParams
INFO:order:2023-01-10 22:36:56,448;log:post;eid:16040;call:response;type:cancel;order:buy;asset:N;price:2;qty:null;orderid:od_1673334836801943;respmessg:null;message:NoSignalZeroHolding,NewBuyParams
INFO:order:2023-01-10 22:36:57,028;log:pre;eid:16040;call:sent;type:place;order:buy;asset:N;price:4;qty:50;orderid:buysend;respmessg:null;message:NoSignalZeroHolding,ScalpingNo,BasicBuy,atbest+1
INFO:order:2023-01-10 22:36:58,088;log:post;eid:16040;call:response;type:place;order:buy;asset:N;price:4;qty:50;orderid:od_1673334836802459;respmessg:null;message:NoSignalZeroHolding,ScalpingNo,BasicBuy,atbest+1
INFO:order:2023-01-10 22:37:50,709;log:pre;eid:16041;call:sent;type:cancel;order:sell;asset:N;price:98;qty:null;orderid:od_1673334836801946;respmessg:null;message:YesAvgBuyPriceChange,NewSellParams
INFO:order:2023-01-10 22:37:51,717;log:post;eid:16041;call:response;type:cancel;order:sell;asset:N;price:98;qty:null;orderid:od_1673334836801946;respmessg:null;message:YesAvgBuyPriceChange,NewSellParams
INFO:order:2023-01-10 22:37:52,061;log:pre;eid:16041;call:sent;type:place;order:sell;asset:N;price:98;qty:3;orderid:sellsend;respmessg:null;message:YesAvgBuyPriceChange,SellingBoughtQty,ProfitSell,atBetter
INFO:order:2023-01-10 22:37:53,039;log:post;eid:16041;call:response;type:place;order:sell;asset:N;price:98;qty:3;orderid:od_1673334836802585;respmessg:null;message:YesAvgBuyPriceChange,SellingBoughtQty,ProfitSell,atBetter
INFO:order:2023-01-10 22:40:24,482;log:pre;eid:16035;call:sent;type:place;order:sell;asset:Y;price:99;qty:160;orderid:sellsend;respmessg:null;message:HoldYesQtyChange,SellingYesNewQty,ProfitSell,atAvgBuy+1
INFO:order:2023-01-10 22:40:25,480;log:post;eid:16035;call:response;type:place;order:sell;asset:Y;price:99;qty:160;orderid:od_1673334836803597;respmessg:null;message:HoldYesQtyChange,SellingYesNewQty,ProfitSell,atAvgBuy+1
INFO:order:2023-01-10 22:40:28,779;log:pre;eid:16035;call:sent;type:cancel;order:sell;asset:Y;price:99;qty:null;orderid:od_1673334836803597;respmessg:null;message:YesFairPriceChange,PausingSell
INFO:order:2023-01-10 22:40:29,783;log:post;eid:16035;call:response;type:cancel;order:sell;asset:Y;price:99;qty:null;orderid:od_1673334836803597;respmessg:null;message:YesFairPriceChange,PausingSell
INFO:order:2023-01-10 22:41:10,545;log:pre;eid:16036;call:sent;type:cancel;order:buy;asset:Y;price:81;qty:null;orderid:od_1673334836801831;respmessg:null;message:YesSignalZeroHolding,NewBuyParams
INFO:order:2023-01-10 22:41:11,537;log:post;eid:16036;call:response;type:cancel;order:buy;asset:Y;price:81;qty:null;orderid:od_1673334836801831;respmessg:null;message:YesSignalZeroHolding,NewBuyParams
INFO:order:2023-01-10 22:41:11,880;log:pre;eid:16036;call:sent;type:place;order:buy;asset:Y;price:2;qty:99;orderid:buysend;respmessg:null;message:YesSignalZeroHolding,ScalpingYes,BasicBuy,atbest+1
INFO:order:2023-01-10 22:41:12,891;log:post;eid:16036;call:response;type:place;order:buy;asset:Y;price:2;qty:99;orderid:od_1673334836804060;respmessg:null;message:YesSignalZeroHolding,ScalpingYes,BasicBuy,atbest+1
INFO:order:2023-01-10 22:42:01,479;log:pre;eid:16037;call:sent;type:cancel;order:buy;asset:Y;price:51;qty:null;orderid:od_1673334836801834;respmessg:null;message:YesSignalZeroHolding,NewBuyParams
INFO:order:2023-01-10 22:42:02,520;log:post;eid:16037;call:response;type:cancel;order:buy;asset:Y;price:51;qty:null;orderid:od_1673334836801834;respmessg:null;message:YesSignalZeroHolding,NewBuyParams
INFO:order:2023-01-10 22:42:02,932;log:pre;eid:16037;call:sent;type:place;order:buy;asset:Y;price:3;qty:99;orderid:buysend;respmessg:null;message:YesSignalZeroHolding,ScalpingYes,BasicBuy,atbest+1
INFO:order:2023-01-10 22:42:03,992;log:post;eid:16037;call:response;type:place;order:buy;asset:Y;price:3;qty:99;orderid:od_1673334836804443;respmessg:null;message:YesSignalZeroHolding,ScalpingYes,BasicBuy,atbest+1
INFO:order:2023-01-10 22:45:18,793;log:pre;eid:16041;call:sent;type:cancel;order:sell;asset:N;price:98;qty:null;orderid:od_1673334836802585;respmessg:null;message:YesFairPriceChange,NewSellParams
INFO:order:2023-01-10 22:45:19,933;log:post;eid:16041;call:response;type:cancel;order:sell;asset:N;price:98;qty:null;orderid:od_1673334836802585;respmessg:null;message:YesFairPriceChange,NewSellParams
INFO:order:2023-01-10 22:45:20,532;log:pre;eid:16041;call:sent;type:place;order:sell;asset:N;price:98;qty:3;orderid:sellsend;respmessg:null;message:YesFairPriceChange,SellingBoughtQty,ProfitSell,atBetter
INFO:order:2023-01-10 22:45:21,610;log:post;eid:16041;call:response;type:place;order:sell;asset:N;price:98;qty:3;orderid:od_1673334836805485;respmessg:null;message:YesFairPriceChange,SellingBoughtQty,ProfitSell,atBetter
INFO:order:2023-01-10 22:46:05,552;log:pre;eid:16042;call:sent;type:cancel;order:buy;asset:N;price:11;qty:null;orderid:od_1673334836801820;respmessg:null;message:NoSignalZeroHolding,NewBuyParams
INFO:order:2023-01-10 22:46:06,784;log:post;eid:16042;call:response;type:cancel;order:buy;asset:N;price:11;qty:null;orderid:od_1673334836801820;respmessg:null;message:NoSignalZeroHolding,NewBuyParams
INFO:order:2023-01-10 22:46:07,419;log:pre;eid:16042;call:sent;type:place;order:buy;asset:N;price:9;qty:50;orderid:buysend;respmessg:null;message:NoSignalZeroHolding,ScalpingNo,BasicBuy,atbest+1
INFO:order:2023-01-10 22:46:08,532;log:post;eid:16042;call:response;type:place;order:buy;asset:N;price:9;qty:50;orderid:od_1673334836805530;respmessg:null;message:NoSignalZeroHolding,ScalpingNo,BasicBuy,atbest+1
INFO:order:2023-01-10 22:46:20,603;log:pre;eid:16042;call:sent;type:place;order:buy;asset:N;price:99;qty:1;orderid:buysend;respmessg:null;message:absorbing orderbook
INFO:order:2023-01-10 22:46:21,660;log:post;eid:16042;call:response;type:place;order:buy;asset:N;price:99;qty:1;orderid:od_1673334836805540;respmessg:null;message:absorbing orderbook
INFO:order:2023-01-10 22:48:38,493;log:pre;eid:16036;call:sent;type:cancel;order:buy;asset:Y;price:2;qty:null;orderid:od_1673334836804060;respmessg:null;message:YesSignalZeroHolding,NewBuyParams
INFO:order:2023-01-10 22:48:39,489;log:post;eid:16036;call:response;type:cancel;order:buy;asset:Y;price:2;qty:null;orderid:od_1673334836804060;respmessg:null;message:YesSignalZeroHolding,NewBuyParams
INFO:order:2023-01-10 22:48:39,863;log:pre;eid:16036;call:sent;type:place;order:buy;asset:Y;price:11;qty:50;orderid:buysend;respmessg:null;message:YesSignalZeroHolding,ScalpingYes,BasicBuy,atbest+1
INFO:order:2023-01-10 22:48:40,851;log:post;eid:16036;call:response;type:place;order:buy;asset:Y;price:11;qty:50;orderid:od_1673334836805575;respmessg:null;message:YesSignalZeroHolding,ScalpingYes,BasicBuy,atbest+1
INFO:order:2023-01-10 22:49:40,104;log:pre;eid:16037;call:sent;type:place;order:buy;asset:Y;price:99;qty:25;orderid:buysend;respmessg:null;message:absorbing orderbook
INFO:order:2023-01-10 22:49:41,193;log:post;eid:16037;call:response;type:place;order:buy;asset:Y;price:99;qty:25;orderid:od_1673334836805599;respmessg:null;message:absorbing orderbook
INFO:order:2023-01-10 22:52:43,659;log:pre;eid:16041;call:sent;type:cancel;order:sell;asset:N;price:98;qty:null;orderid:od_1673334836805485;respmessg:null;message:YesFairPriceChange,NewSellParams
INFO:order:2023-01-10 22:52:44,695;log:post;eid:16041;call:response;type:cancel;order:sell;asset:N;price:98;qty:null;orderid:od_1673334836805485;respmessg:null;message:YesFairPriceChange,NewSellParams
INFO:order:2023-01-10 22:52:45,159;log:pre;eid:16041;call:sent;type:place;order:sell;asset:N;price:98;qty:3;orderid:sellsend;respmessg:null;message:YesFairPriceChange,SellingBoughtQty,ProfitSell,atBetter
INFO:order:2023-01-10 22:52:46,149;log:post;eid:16041;call:response;type:place;order:sell;asset:N;price:98;qty:3;orderid:od_1673334836805614;respmessg:null;message:YesFairPriceChange,SellingBoughtQty,ProfitSell,atBetter
INFO:order:2023-01-10 22:52:47,727;log:pre;eid:16041;call:sent;type:place;order:buy;asset:N;price:98;qty:3;orderid:buysend;respmessg:null;message:absorbing orderbook
INFO:order:2023-01-10 22:52:48,744;log:post;eid:16041;call:response;type:place;order:buy;asset:N;price:98;qty:3;orderid:od_1673334836805616;respmessg:null;message:absorbing orderbook
INFO:order:2023-01-10 22:52:48,746;log:pre;eid:16041;call:sent;type:place;order:buy;asset:N;price:99;qty:6;orderid:buysend;respmessg:null;message:absorbing orderbook
INFO:order:2023-01-10 22:52:49,721;log:post;eid:16041;call:response;type:place;order:buy;asset:N;price:99;qty:6;orderid:od_1673334836805618;respmessg:null;message:absorbing orderbook
INFO:order:2023-01-10 22:53:32,244;log:pre;eid:16042;call:sent;type:place;order:buy;asset:N;price:98;qty:1;orderid:buysend;respmessg:null;message:absorbing orderbook
INFO:order:2023-01-10 22:53:33,239;log:post;eid:16042;call:response;type:place;order:buy;asset:N;price:98;qty:1;orderid:od_1673334836805622;respmessg:null;message:absorbing orderbook
INFO:order:2023-01-10 22:55:09,367;log:pre;eid:16035;call:sent;type:place;order:sell;asset:Y;price:99;qty:161;orderid:sellsend;respmessg:null;message:HoldYesQtyChange,SellingYesNewQty,ProfitSell,atAvgBuy+1
INFO:order:2023-01-10 22:55:10,371;log:post;eid:16035;call:response;type:place;order:sell;asset:Y;price:99;qty:161;orderid:od_1673334836805642;respmessg:null;message:HoldYesQtyChange,SellingYesNewQty,ProfitSell,atAvgBuy+1
INFO:order:2023-01-10 22:55:13,739;log:pre;eid:16035;call:sent;type:cancel;order:sell;asset:Y;price:99;qty:null;orderid:od_1673334836805642;respmessg:null;message:YesFairPriceChange,PausingSell
INFO:order:2023-01-10 22:55:14,741;log:post;eid:16035;call:response;type:cancel;order:sell;asset:Y;price:99;qty:null;orderid:od_1673334836805642;respmessg:null;message:YesFairPriceChange,PausingSell
INFO:order:2023-01-10 22:57:36,557;log:pre;eid:16038;call:sent;type:place;order:buy;asset:Y;price:99;qty:25;orderid:buysend;respmessg:null;message:absorbing orderbook
INFO:order:2023-01-10 22:57:37,644;log:post;eid:16038;call:response;type:place;order:buy;asset:Y;price:99;qty:25;orderid:od_1673334836805676;respmessg:null;message:absorbing orderbook
INFO:order:2023-01-10 22:59:45,077;log:pre;eid:16041;call:sent;type:cancel;order:sell;asset:N;price:98;qty:null;orderid:od_1673334836805614;respmessg:null;message:HoldNoQtyChange,HoldQtyChange
INFO:order:2023-01-10 22:59:46,101;log:post;eid:16041;call:response;type:cancel;order:sell;asset:N;price:98;qty:null;orderid:od_1673334836805614;respmessg:null;message:HoldNoQtyChange,HoldQtyChange
INFO:order:2023-01-10 22:59:46,486;log:pre;eid:16041;call:sent;type:place;order:sell;asset:N;price:99;qty:9;orderid:sellsend;respmessg:null;message:HoldNoQtyChange,SellingNoNewQty,ProfitSell,atBetter
INFO:order:2023-01-10 22:59:47,483;log:post;eid:16041;call:response;type:place;order:sell;asset:N;price:99;qty:9;orderid:od_1673334836805692;respmessg:null;message:HoldNoQtyChange,SellingNoNewQty,ProfitSell,atBetter
INFO:order:2023-01-10 22:59:50,754;log:pre;eid:16041;call:sent;type:cancel;order:buy;asset:N;price:98;qty:null;orderid:od_1673334836805616;respmessg:null;message:YesFairPriceChange,NewBuyParams
INFO:order:2023-01-10 22:59:51,758;log:post;eid:16041;call:response;type:cancel;order:buy;asset:N;price:98;qty:null;orderid:od_1673334836805616;respmessg:null;message:YesFairPriceChange,NewBuyParams
INFO:order:2023-01-10 22:59:51,761;log:pre;eid:16041;call:sent;type:cancel;order:buy;asset:N;price:51;qty:null;orderid:od_1673334836799611;respmessg:null;message:YesFairPriceChange,NewBuyParams
INFO:order:2023-01-10 22:59:52,749;log:post;eid:16041;call:response;type:cancel;order:buy;asset:N;price:51;qty:null;orderid:od_1673334836799611;respmessg:null;message:YesFairPriceChange,NewBuyParams
INFO:order:2023-01-10 22:59:53,197;log:pre;eid:16041;call:sent;type:place;order:buy;asset:N;price:51;qty:75;orderid:buysend;respmessg:null;message:YesFairPriceChange,ScalpingNo,BasicBuy,atbest+1
INFO:order:2023-01-10 22:59:54,332;log:post;eid:16041;call:response;type:place;order:buy;asset:N;price:51;qty:75;orderid:od_1673334836805696;respmessg:null;message:YesFairPriceChange,ScalpingNo,BasicBuy,atbest+1
INFO:order:2023-01-10 22:59:55,471;log:pre;eid:16041;call:sent;type:cancel;order:sell;asset:N;price:99;qty:null;orderid:od_1673334836805692;respmessg:null;message:YesFairPriceChange,PausingSell
INFO:order:2023-01-10 22:59:56,495;log:post;eid:16041;call:response;type:cancel;order:sell;asset:N;price:99;qty:null;orderid:od_1673334836805692;respmessg:null;message:YesFairPriceChange,PausingSell
