INFO:order:2023-01-11 15:03:18,028;log:pre;eid:16121;call:sent;type:place;order:buy;asset:Y;price:51;qty:99;orderid:buysend;respmessg:null;message:YesSignalZeroHolding,ScalpingYes,BasicBuy,atbest+1
INFO:order:2023-01-11 15:03:19,132;log:post;eid:16121;call:response;type:place;order:buy;asset:Y;price:51;qty:99;orderid:od_1673334836813800;respmessg:null;message:YesSignalZeroHolding,ScalpingYes,BasicBuy,atbest+1
INFO:order:2023-01-11 15:04:10,592;log:pre;eid:16122;call:sent;type:place;order:buy;asset:Y;price:1;qty:50;orderid:buysend;respmessg:null;message:YesSignalZeroHolding,ScalpingYes,BasicBuy,atbest+1
INFO:order:2023-01-11 15:04:11,712;log:post;eid:16122;call:response;type:place;order:buy;asset:Y;price:1;qty:50;orderid:od_1673334836813831;respmessg:null;message:YesSignalZeroHolding,ScalpingYes,BasicBuy,atbest+1
INFO:order:2023-01-11 15:08:05,407;log:pre;eid:16127;call:sent;type:place;order:buy;asset:N;price:1;qty:50;orderid:buysend;respmessg:null;message:NoSignalZeroHolding,ScalpingNo,BasicBuy,atbest+1
INFO:order:2023-01-11 15:08:06,438;log:post;eid:16127;call:response;type:place;order:buy;asset:N;price:1;qty:50;orderid:od_1673334836813904;respmessg:null;message:NoSignalZeroHolding,ScalpingNo,BasicBuy,atbest+1
INFO:order:2023-01-11 15:08:55,683;log:pre;eid:16128;call:sent;type:place;order:buy;asset:N;price:2;qty:50;orderid:buysend;respmessg:null;message:NoSignalZeroHolding,ScalpingNo,BasicBuy,atbest+1
INFO:order:2023-01-11 15:08:56,820;log:post;eid:16128;call:response;type:place;order:buy;asset:N;price:2;qty:50;orderid:od_1673334836813912;respmessg:null;message:NoSignalZeroHolding,ScalpingNo,BasicBuy,atbest+1
INFO:order:2023-01-11 15:10:34,274;log:pre;eid:16122;call:sent;type:cancel;order:buy;asset:Y;price:1;qty:null;orderid:od_1673334836813831;respmessg:null;message:YesSignalZeroHolding,NewBuyParams
INFO:order:2023-01-11 15:10:35,454;log:post;eid:16122;call:response;type:cancel;order:buy;asset:Y;price:1;qty:null;orderid:od_1673334836813831;respmessg:null;message:YesSignalZeroHolding,NewBuyParams
INFO:order:2023-01-11 15:10:37,064;log:pre;eid:16122;call:sent;type:place;order:buy;asset:Y;price:51;qty:50;orderid:buysend;respmessg:null;message:YesSignalZeroHolding,ScalpingYes,BasicBuy,atbest+1
INFO:order:2023-01-11 15:10:38,198;log:post;eid:16122;call:response;type:place;order:buy;asset:Y;price:51;qty:50;orderid:od_1673334836813933;respmessg:null;message:YesSignalZeroHolding,ScalpingYes,BasicBuy,atbest+1
INFO:order:2023-01-11 15:14:30,945;log:pre;eid:16127;call:sent;type:cancel;order:buy;asset:N;price:1;qty:null;orderid:od_1673334836813904;respmessg:null;message:NoSignalZeroHolding,NewBuyParams
INFO:order:2023-01-11 15:14:33,161;log:post;eid:16127;call:response;type:cancel;order:buy;asset:N;price:1;qty:null;orderid:od_1673334836813904;respmessg:null;message:NoSignalZeroHolding,NewBuyParams
INFO:order:2023-01-11 15:14:33,675;log:pre;eid:16127;call:sent;type:place;order:buy;asset:N;price:51;qty:50;orderid:buysend;respmessg:null;message:NoSignalZeroHolding,ScalpingNo,BasicBuy,atbest+1
INFO:order:2023-01-11 15:14:34,705;log:post;eid:16127;call:response;type:place;order:buy;asset:N;price:51;qty:50;orderid:od_1673334836813986;respmessg:null;message:NoSignalZeroHolding,ScalpingNo,BasicBuy,atbest+1
INFO:order:2023-01-11 15:15:25,027;log:pre;eid:16128;call:sent;type:cancel;order:buy;asset:N;price:2;qty:null;orderid:od_1673334836813912;respmessg:null;message:NoSignalZeroHolding,NewBuyParams
INFO:order:2023-01-11 15:15:26,231;log:post;eid:16128;call:response;type:cancel;order:buy;asset:N;price:2;qty:null;orderid:od_1673334836813912;respmessg:null;message:NoSignalZeroHolding,NewBuyParams
INFO:order:2023-01-11 15:15:27,050;log:pre;eid:16128;call:sent;type:place;order:buy;asset:N;price:51;qty:50;orderid:buysend;respmessg:null;message:NoSignalZeroHolding,ScalpingNo,BasicBuy,atbest+1
INFO:order:2023-01-11 15:15:28,339;log:post;eid:16128;call:response;type:place;order:buy;asset:N;price:51;qty:50;orderid:od_1673334836813994;respmessg:null;message:NoSignalZeroHolding,ScalpingNo,BasicBuy,atbest+1
INFO:order:2023-01-11 15:54:36,548;log:pre;eid:16128;call:sent;type:place;order:sell;asset:N;price:93;qty:1;orderid:sellsend;respmessg:null;message:HoldNoQtyChange,SellingNoNewQty,ProfitSell,atBetter
INFO:order:2023-01-11 15:54:37,685;log:post;eid:16128;call:response;type:place;order:sell;asset:N;price:93;qty:1;orderid:od_1673334836814243;respmessg:null;message:HoldNoQtyChange,SellingNoNewQty,ProfitSell,atBetter
INFO:order:2023-01-11 16:02:30,723;log:pre;eid:16128;call:sent;type:cancel;order:sell;asset:N;price:93;qty:null;orderid:od_1673334836814243;respmessg:null;message:YesFairPriceChange,NewSellParams
INFO:order:2023-01-11 16:02:31,991;log:post;eid:16128;call:response;type:cancel;order:sell;asset:N;price:93;qty:null;orderid:od_1673334836814243;respmessg:null;message:YesFairPriceChange,NewSellParams
INFO:order:2023-01-11 16:02:32,851;log:pre;eid:16128;call:sent;type:place;order:sell;asset:N;price:93;qty:1;orderid:sellsend;respmessg:null;message:YesFairPriceChange,SellingBoughtQty,ProfitSell,atBetter
INFO:order:2023-01-11 16:02:33,882;log:post;eid:16128;call:response;type:place;order:sell;asset:N;price:93;qty:1;orderid:od_1673334836814381;respmessg:null;message:YesFairPriceChange,SellingBoughtQty,ProfitSell,atBetter
INFO:order:2023-01-11 16:04:16,840;log:pre;eid:16121;call:sent;type:cancel;order:buy;asset:Y;price:51;qty:null;orderid:od_1673334836813800;respmessg:null;message:YesSignalZeroHolding,NewBuyParams
INFO:order:2023-01-11 16:04:18,074;log:post;eid:16121;call:response;type:cancel;order:buy;asset:Y;price:51;qty:null;orderid:od_1673334836813800;respmessg:null;message:YesSignalZeroHolding,NewBuyParams
INFO:order:2023-01-11 16:04:18,971;log:pre;eid:16121;call:sent;type:place;order:buy;asset:Y;price:91;qty:99;orderid:buysend;respmessg:null;message:YesSignalZeroHolding,ScalpingYes,BasicBuy,atbest+1
INFO:order:2023-01-11 16:04:20,356;log:post;eid:16121;call:response;type:place;order:buy;asset:Y;price:91;qty:99;orderid:od_1673334836814414;respmessg:null;message:YesSignalZeroHolding,ScalpingYes,BasicBuy,atbest+1
INFO:order:2023-01-11 16:05:15,444;log:pre;eid:16122;call:sent;type:cancel;order:buy;asset:Y;price:51;qty:null;orderid:od_1673334836813933;respmessg:null;message:YesSignalZeroHolding,NewBuyParams
INFO:order:2023-01-11 16:05:16,519;log:post;eid:16122;call:response;type:cancel;order:buy;asset:Y;price:51;qty:null;orderid:od_1673334836813933;respmessg:null;message:YesSignalZeroHolding,NewBuyParams
INFO:order:2023-01-11 16:05:17,081;log:pre;eid:16122;call:sent;type:place;order:buy;asset:Y;price:71;qty:99;orderid:buysend;respmessg:null;message:YesSignalZeroHolding,ScalpingYes,BasicBuy,atbest+1
INFO:order:2023-01-11 16:05:18,170;log:post;eid:16122;call:response;type:place;order:buy;asset:Y;price:71;qty:99;orderid:od_1673334836814436;respmessg:null;message:YesSignalZeroHolding,ScalpingYes,BasicBuy,atbest+1
INFO:order:2023-01-11 16:10:23,874;log:pre;eid:16128;call:sent;type:place;order:sell;asset:N;price:52;qty:1;orderid:sellsend;respmessg:null;message:YesFairPriceChange,SellingBoughtQty,NullAvgBuySell,atNoBest+1
INFO:order:2023-01-11 16:10:24,938;api call response not recorded
INFO:order:2023-01-11 16:10:24,939;log:post;eid:16128;call:response;type:place;order:sell;asset:N;price:52;qty:1;orderid:noresponse_Taking time. Please try again!;respmessg:null;message:YesFairPriceChange,SellingBoughtQty,NullAvgBuySell,atNoBest+1
INFO:order:2023-01-11 16:17:49,384;log:pre;eid:16128;call:sent;type:place;order:sell;asset:N;price:98;qty:1;orderid:sellsend;respmessg:null;message:YesFairPriceChange,SellingBoughtQty,ProfitSell,atBetter
INFO:order:2023-01-11 16:17:50,364;log:post;eid:16128;call:response;type:place;order:sell;asset:N;price:98;qty:1;orderid:od_1673334836814652;respmessg:null;message:YesFairPriceChange,SellingBoughtQty,ProfitSell,atBetter
INFO:order:2023-01-11 16:25:46,299;log:pre;eid:16128;call:sent;type:cancel;order:sell;asset:N;price:98;qty:null;orderid:od_1673334836814652;respmessg:null;message:YesFairPriceChange,NewSellParams
INFO:order:2023-01-11 16:25:47,299;log:post;eid:16128;call:response;type:cancel;order:sell;asset:N;price:98;qty:null;orderid:od_1673334836814652;respmessg:null;message:YesFairPriceChange,NewSellParams
INFO:order:2023-01-11 16:25:47,764;log:pre;eid:16128;call:sent;type:place;order:sell;asset:N;price:98;qty:1;orderid:sellsend;respmessg:null;message:YesFairPriceChange,SellingBoughtQty,ProfitSell,atBetter
INFO:order:2023-01-11 16:25:48,798;log:post;eid:16128;call:response;type:place;order:sell;asset:N;price:98;qty:1;orderid:od_1673334836814767;respmessg:null;message:YesFairPriceChange,SellingBoughtQty,ProfitSell,atBetter
INFO:order:2023-01-11 16:41:11,172;log:pre;eid:16128;call:sent;type:cancel;order:buy;asset:N;price:51;qty:null;orderid:od_1673334836813994;respmessg:null;message:NoSignalZeroHolding,NewBuyParams
INFO:order:2023-01-11 16:41:12,209;log:post;eid:16128;call:response;type:cancel;order:buy;asset:N;price:51;qty:null;orderid:od_1673334836813994;respmessg:null;message:NoSignalZeroHolding,NewBuyParams
INFO:order:2023-01-11 16:41:12,632;log:pre;eid:16128;call:sent;type:place;order:buy;asset:N;price:6;qty:75;orderid:buysend;respmessg:null;message:NoSignalZeroHolding,ScalpingNo,BasicBuy,atbest+1
INFO:order:2023-01-11 16:41:13,609;log:post;eid:16128;call:response;type:place;order:buy;asset:N;price:6;qty:75;orderid:od_1673334836814986;respmessg:null;message:NoSignalZeroHolding,ScalpingNo,BasicBuy,atbest+1
INFO:order:2023-01-11 17:02:49,641;log:pre;eid:16126;call:sent;type:place;order:buy;asset:N;price:6;qty:50;orderid:buysend;respmessg:null;message:NoSignalZeroHolding,ScalpingNo,BasicBuy,atbest+1
INFO:order:2023-01-11 17:02:50,655;log:post;eid:16126;call:response;type:place;order:buy;asset:N;price:6;qty:50;orderid:od_1673334836815034;respmessg:null;message:NoSignalZeroHolding,ScalpingNo,BasicBuy,atbest+1
INFO:order:2023-01-11 17:11:40,436;log:pre;eid:16127;call:sent;type:cancel;order:buy;asset:N;price:51;qty:null;orderid:od_1673334836813986;respmessg:null;message:NoSignalZeroHolding,NewBuyParams
INFO:order:2023-01-11 17:11:41,462;log:post;eid:16127;call:response;type:cancel;order:buy;asset:N;price:51;qty:null;orderid:od_1673334836813986;respmessg:null;message:NoSignalZeroHolding,NewBuyParams
INFO:order:2023-01-11 17:11:42,072;log:pre;eid:16127;call:sent;type:place;order:buy;asset:N;price:6;qty:75;orderid:buysend;respmessg:null;message:NoSignalZeroHolding,ScalpingNo,BasicBuy,atbest+1
INFO:order:2023-01-11 17:11:43,202;log:post;eid:16127;call:response;type:place;order:buy;asset:N;price:6;qty:75;orderid:od_1673334836815073;respmessg:null;message:NoSignalZeroHolding,ScalpingNo,BasicBuy,atbest+1
INFO:order:2023-01-11 17:50:26,387;log:pre;eid:16128;call:sent;type:cancel;order:buy;asset:N;price:6;qty:null;orderid:od_1673334836814986;respmessg:null;message:NoSignalZeroHolding,NewBuyParams
INFO:order:2023-01-11 17:50:27,481;log:post;eid:16128;call:response;type:cancel;order:buy;asset:N;price:6;qty:null;orderid:od_1673334836814986;respmessg:null;message:NoSignalZeroHolding,NewBuyParams
INFO:order:2023-01-11 17:50:28,013;log:pre;eid:16128;call:sent;type:place;order:buy;asset:N;price:81;qty:50;orderid:buysend;respmessg:null;message:NoSignalZeroHolding,ScalpingNo,BasicBuy,atbest+1
INFO:order:2023-01-11 17:50:29,085;log:post;eid:16128;call:response;type:place;order:buy;asset:N;price:81;qty:50;orderid:od_1673334836815799;respmessg:null;message:NoSignalZeroHolding,ScalpingNo,BasicBuy,atbest+1
INFO:order:2023-01-11 17:57:59,955;log:pre;eid:16128;call:sent;type:cancel;order:buy;asset:N;price:81;qty:null;orderid:od_1673334836815799;respmessg:null;message:NoSignalZeroHolding,NewBuyParams
INFO:order:2023-01-11 17:58:01,092;log:post;eid:16128;call:response;type:cancel;order:buy;asset:N;price:81;qty:null;orderid:od_1673334836815799;respmessg:null;message:NoSignalZeroHolding,NewBuyParams
INFO:order:2023-01-11 17:58:01,701;log:pre;eid:16128;call:sent;type:place;order:buy;asset:N;price:86;qty:99;orderid:buysend;respmessg:null;message:NoSignalZeroHolding,ScalpingNo,BasicBuy,atbest+1
INFO:order:2023-01-11 17:58:02,946;log:post;eid:16128;call:response;type:place;order:buy;asset:N;price:86;qty:99;orderid:od_1673334836815983;respmessg:null;message:NoSignalZeroHolding,ScalpingNo,BasicBuy,atbest+1
INFO:order:2023-01-11 18:50:09,486;log:pre;eid:16128;call:sent;type:cancel;order:buy;asset:N;price:86;qty:null;orderid:od_1673334836815983;respmessg:null;message:NoSignalZeroHolding,NewBuyParams
INFO:order:2023-01-11 18:50:10,500;log:post;eid:16128;call:response;type:cancel;order:buy;asset:N;price:86;qty:null;orderid:od_1673334836815983;respmessg:null;message:NoSignalZeroHolding,NewBuyParams
INFO:order:2023-01-11 18:50:10,898;log:pre;eid:16128;call:sent;type:place;order:buy;asset:N;price:93;qty:99;orderid:buysend;respmessg:null;message:NoSignalZeroHolding,ScalpingNo,BasicBuy,atbest+1
INFO:order:2023-01-11 18:50:11,912;log:post;eid:16128;call:response;type:place;order:buy;asset:N;price:93;qty:99;orderid:od_1673334836817034;respmessg:null;message:NoSignalZeroHolding,ScalpingNo,BasicBuy,atbest+1
INFO:order:2023-01-11 18:57:33,699;log:pre;eid:16128;call:sent;type:cancel;order:buy;asset:N;price:93;qty:null;orderid:od_1673334836817034;respmessg:null;message:NoSignalZeroHolding,NewBuyParams
INFO:order:2023-01-11 18:57:34,713;log:post;eid:16128;call:response;type:cancel;order:buy;asset:N;price:93;qty:null;orderid:od_1673334836817034;respmessg:null;message:NoSignalZeroHolding,NewBuyParams
INFO:order:2023-01-11 18:57:35,169;log:pre;eid:16128;call:sent;type:place;order:buy;asset:N;price:96;qty:99;orderid:buysend;respmessg:null;message:NoSignalZeroHolding,ScalpingNo,BasicBuy,atbest+1
INFO:order:2023-01-11 18:57:36,150;log:post;eid:16128;call:response;type:place;order:buy;asset:N;price:96;qty:99;orderid:od_1673334836817196;respmessg:null;message:NoSignalZeroHolding,ScalpingNo,BasicBuy,atbest+1
INFO:order:2023-01-11 19:04:56,033;log:pre;eid:16128;call:sent;type:place;order:sell;asset:N;price:97;qty:2;orderid:sellsend;respmessg:null;message:HoldNoQtyChange,SellingNoNewQty,ProfitSell,atBetter
INFO:order:2023-01-11 19:04:57,073;log:post;eid:16128;call:response;type:place;order:sell;asset:N;price:97;qty:2;orderid:od_1673334836817273;respmessg:null;message:HoldNoQtyChange,SellingNoNewQty,ProfitSell,atBetter
INFO:order:2023-01-11 19:05:00,985;log:pre;eid:16128;call:sent;type:cancel;order:sell;asset:N;price:97;qty:null;orderid:od_1673334836817273;respmessg:null;message:YesFairPriceChange,PausingSell
INFO:order:2023-01-11 19:05:02,204;log:post;eid:16128;call:response;type:cancel;order:sell;asset:N;price:97;qty:null;orderid:od_1673334836817273;respmessg:null;message:YesFairPriceChange,PausingSell
INFO:order:2023-01-11 19:12:22,479;log:pre;eid:16128;call:sent;type:place;order:sell;asset:N;price:96;qty:5;orderid:sellsend;respmessg:null;message:HoldNoQtyChange,SellingNoNewQty,ProfitSell,atBetter
INFO:order:2023-01-11 19:12:23,500;log:post;eid:16128;call:response;type:place;order:sell;asset:N;price:96;qty:5;orderid:od_1673334836817438;respmessg:null;message:HoldNoQtyChange,SellingNoNewQty,ProfitSell,atBetter
INFO:order:2023-01-11 19:12:26,834;log:pre;eid:16128;call:sent;type:cancel;order:sell;asset:N;price:96;qty:null;orderid:od_1673334836817438;respmessg:null;message:YesFairPriceChange,PausingSell
INFO:order:2023-01-11 19:12:27,851;log:post;eid:16128;call:response;type:cancel;order:sell;asset:N;price:96;qty:null;orderid:od_1673334836817438;respmessg:null;message:YesFairPriceChange,PausingSell
INFO:order:2023-01-11 19:19:37,793;log:pre;eid:16128;call:sent;type:cancel;order:buy;asset:N;price:96;qty:null;orderid:od_1673334836817196;respmessg:null;message:YesFairPriceChange,NewBuyParams
INFO:order:2023-01-11 19:19:38,945;log:post;eid:16128;call:response;type:cancel;order:buy;asset:N;price:96;qty:null;orderid:od_1673334836817196;respmessg:null;message:YesFairPriceChange,NewBuyParams
INFO:order:2023-01-11 19:19:39,581;log:pre;eid:16128;call:sent;type:place;order:buy;asset:N;price:6;qty:99;orderid:buysend;respmessg:null;message:YesFairPriceChange,ScalpingNo,BasicBuy,atbest+1
INFO:order:2023-01-11 19:19:40,650;log:post;eid:16128;call:response;type:place;order:buy;asset:N;price:6;qty:99;orderid:od_1673334836817588;respmessg:null;message:YesFairPriceChange,ScalpingNo,BasicBuy,atbest+1
INFO:order:2023-01-11 19:21:21,481;log:pre;eid:16121;call:sent;type:cancel;order:buy;asset:Y;price:91;qty:null;orderid:od_1673334836814414;respmessg:null;message:YesSignalZeroHolding,NewBuyParams
INFO:order:2023-01-11 19:21:22,456;log:post;eid:16121;call:response;type:cancel;order:buy;asset:Y;price:91;qty:null;orderid:od_1673334836814414;respmessg:null;message:YesSignalZeroHolding,NewBuyParams
INFO:order:2023-01-11 19:21:22,869;log:pre;eid:16121;call:sent;type:place;order:buy;asset:Y;price:51;qty:99;orderid:buysend;respmessg:null;message:YesSignalZeroHolding,ScalpingYes,BasicBuy,atbest+1
INFO:order:2023-01-11 19:21:23,900;log:post;eid:16121;call:response;type:place;order:buy;asset:Y;price:51;qty:99;orderid:od_1673334836817617;respmessg:null;message:YesSignalZeroHolding,ScalpingYes,BasicBuy,atbest+1
INFO:order:2023-01-11 19:22:13,903;log:pre;eid:16122;call:sent;type:cancel;order:buy;asset:Y;price:71;qty:null;orderid:od_1673334836814436;respmessg:null;message:YesSignalZeroHolding,NewBuyParams
INFO:order:2023-01-11 19:22:15,029;log:post;eid:16122;call:response;type:cancel;order:buy;asset:Y;price:71;qty:null;orderid:od_1673334836814436;respmessg:null;message:YesSignalZeroHolding,NewBuyParams
INFO:order:2023-01-11 19:22:15,572;log:pre;eid:16122;call:sent;type:place;order:buy;asset:Y;price:51;qty:99;orderid:buysend;respmessg:null;message:YesSignalZeroHolding,ScalpingYes,BasicBuy,atbest+1
INFO:order:2023-01-11 19:22:16,656;log:post;eid:16122;call:response;type:place;order:buy;asset:Y;price:51;qty:99;orderid:od_1673334836817635;respmessg:null;message:YesSignalZeroHolding,ScalpingYes,BasicBuy,atbest+1
INFO:order:2023-01-11 19:27:07,916;log:pre;eid:16128;call:sent;type:place;order:sell;asset:N;price:97;qty:5;orderid:sellsend;respmessg:null;message:NoFairPriceChange,SellingBoughtQty,ProfitSell,atBetter
INFO:order:2023-01-11 19:27:08,905;log:post;eid:16128;call:response;type:place;order:sell;asset:N;price:97;qty:5;orderid:od_1673334836817734;respmessg:null;message:NoFairPriceChange,SellingBoughtQty,ProfitSell,atBetter
INFO:order:2023-01-11 19:34:18,608;log:pre;eid:16128;call:sent;type:cancel;order:sell;asset:N;price:97;qty:null;orderid:od_1673334836817734;respmessg:null;message:YesFairPriceChange,NewSellParams
INFO:order:2023-01-11 19:34:19,620;log:post;eid:16128;call:response;type:cancel;order:sell;asset:N;price:97;qty:null;orderid:od_1673334836817734;respmessg:null;message:YesFairPriceChange,NewSellParams
INFO:order:2023-01-11 19:34:20,087;log:pre;eid:16128;call:sent;type:place;order:sell;asset:N;price:97;qty:5;orderid:sellsend;respmessg:null;message:YesFairPriceChange,SellingBoughtQty,ProfitSell,atBetter
INFO:order:2023-01-11 19:34:21,101;log:post;eid:16128;call:response;type:place;order:sell;asset:N;price:97;qty:5;orderid:od_1673334836817875;respmessg:null;message:YesFairPriceChange,SellingBoughtQty,ProfitSell,atBetter
INFO:order:2023-01-11 19:41:33,388;log:pre;eid:16128;call:sent;type:cancel;order:buy;asset:N;price:6;qty:null;orderid:od_1673334836817588;respmessg:null;message:YesFairPriceChange,NewBuyParams
INFO:order:2023-01-11 19:41:34,514;log:post;eid:16128;call:response;type:cancel;order:buy;asset:N;price:6;qty:null;orderid:od_1673334836817588;respmessg:null;message:YesFairPriceChange,NewBuyParams
INFO:order:2023-01-11 19:41:35,223;log:pre;eid:16128;call:sent;type:place;order:buy;asset:N;price:24;qty:50;orderid:buysend;respmessg:null;message:YesFairPriceChange,ScalpingNo,BasicBuy,atbest+1
INFO:order:2023-01-11 19:41:36,359;log:post;eid:16128;call:response;type:place;order:buy;asset:N;price:24;qty:50;orderid:od_1673334836818026;respmessg:null;message:YesFairPriceChange,ScalpingNo,BasicBuy,atbest+1
INFO:order:2023-01-11 19:41:38,922;log:pre;eid:16128;call:sent;type:cancel;order:sell;asset:N;price:97;qty:null;orderid:od_1673334836817875;respmessg:null;message:YesFairPriceChange,NewSellParams
INFO:order:2023-01-11 19:41:40,036;log:post;eid:16128;call:response;type:cancel;order:sell;asset:N;price:97;qty:null;orderid:od_1673334836817875;respmessg:null;message:YesFairPriceChange,NewSellParams
INFO:order:2023-01-11 19:41:40,651;log:pre;eid:16128;call:sent;type:place;order:sell;asset:N;price:97;qty:5;orderid:sellsend;respmessg:null;message:YesFairPriceChange,SellingBoughtQty,ProfitSell,atBetter
INFO:order:2023-01-11 19:41:41,743;log:post;eid:16128;call:response;type:place;order:sell;asset:N;price:97;qty:5;orderid:od_1673334836818031;respmessg:null;message:YesFairPriceChange,SellingBoughtQty,ProfitSell,atBetter
INFO:order:2023-01-11 19:48:57,807;log:pre;eid:16128;call:sent;type:cancel;order:sell;asset:N;price:97;qty:null;orderid:od_1673334836818031;respmessg:null;message:NoFairPriceChange,NewSellParams
INFO:order:2023-01-11 19:48:58,991;log:post;eid:16128;call:response;type:cancel;order:sell;asset:N;price:97;qty:null;orderid:od_1673334836818031;respmessg:null;message:NoFairPriceChange,NewSellParams
INFO:order:2023-01-11 19:48:59,749;log:pre;eid:16128;call:sent;type:place;order:sell;asset:N;price:97;qty:5;orderid:sellsend;respmessg:null;message:NoFairPriceChange,SellingBoughtQty,ProfitSell,atBetter
INFO:order:2023-01-11 19:49:00,924;log:post;eid:16128;call:response;type:place;order:sell;asset:N;price:97;qty:5;orderid:od_1673334836818178;respmessg:null;message:NoFairPriceChange,SellingBoughtQty,ProfitSell,atBetter
INFO:order:2023-01-11 19:56:23,567;log:pre;eid:16128;call:sent;type:cancel;order:sell;asset:N;price:97;qty:null;orderid:od_1673334836818178;respmessg:null;message:NoFairPriceChange,NewSellParams
INFO:order:2023-01-11 19:56:24,556;log:post;eid:16128;call:response;type:cancel;order:sell;asset:N;price:97;qty:null;orderid:od_1673334836818178;respmessg:null;message:NoFairPriceChange,NewSellParams
INFO:order:2023-01-11 19:56:25,071;log:pre;eid:16128;call:sent;type:place;order:sell;asset:N;price:97;qty:5;orderid:sellsend;respmessg:null;message:NoFairPriceChange,SellingBoughtQty,ProfitSell,atBetter
INFO:order:2023-01-11 19:56:26,071;log:post;eid:16128;call:response;type:place;order:sell;asset:N;price:97;qty:5;orderid:od_1673334836818314;respmessg:null;message:NoFairPriceChange,SellingBoughtQty,ProfitSell,atBetter
INFO:order:2023-01-11 20:03:39,174;log:pre;eid:16128;call:sent;type:cancel;order:buy;asset:N;price:24;qty:null;orderid:od_1673334836818026;respmessg:null;message:NoFairPriceChange,NewBuyParams
INFO:order:2023-01-11 20:03:40,180;log:post;eid:16128;call:response;type:cancel;order:buy;asset:N;price:24;qty:null;orderid:od_1673334836818026;respmessg:null;message:NoFairPriceChange,NewBuyParams
INFO:order:2023-01-11 20:03:40,608;log:pre;eid:16128;call:sent;type:place;order:buy;asset:N;price:51;qty:75;orderid:buysend;respmessg:null;message:NoFairPriceChange,ScalpingNo,BasicBuy,atbest+1
INFO:order:2023-01-11 20:03:41,631;log:post;eid:16128;call:response;type:place;order:buy;asset:N;price:51;qty:75;orderid:od_1673334836818565;respmessg:null;message:NoFairPriceChange,ScalpingNo,BasicBuy,atbest+1
INFO:order:2023-01-11 20:03:43,985;log:pre;eid:16128;call:sent;type:cancel;order:sell;asset:N;price:97;qty:null;orderid:od_1673334836818314;respmessg:null;message:NoFairPriceChange,NewSellParams
INFO:order:2023-01-11 20:03:45,114;log:post;eid:16128;call:response;type:cancel;order:sell;asset:N;price:97;qty:null;orderid:od_1673334836818314;respmessg:null;message:NoFairPriceChange,NewSellParams
INFO:order:2023-01-11 20:03:45,686;log:pre;eid:16128;call:sent;type:place;order:sell;asset:N;price:97;qty:5;orderid:sellsend;respmessg:null;message:NoFairPriceChange,SellingBoughtQty,ProfitSell,atBetter
INFO:order:2023-01-11 20:03:46,790;log:post;eid:16128;call:response;type:place;order:sell;asset:N;price:97;qty:5;orderid:od_1673334836818570;respmessg:null;message:NoFairPriceChange,SellingBoughtQty,ProfitSell,atBetter
INFO:order:2023-01-11 20:10:58,022;log:pre;eid:16128;call:sent;type:cancel;order:sell;asset:N;price:97;qty:null;orderid:od_1673334836818570;respmessg:null;message:NoFairPriceChange,NewSellParams
INFO:order:2023-01-11 20:10:59,029;log:post;eid:16128;call:response;type:cancel;order:sell;asset:N;price:97;qty:null;orderid:od_1673334836818570;respmessg:null;message:NoFairPriceChange,NewSellParams
INFO:order:2023-01-11 20:10:59,525;log:pre;eid:16128;call:sent;type:place;order:sell;asset:N;price:97;qty:5;orderid:sellsend;respmessg:null;message:NoFairPriceChange,SellingBoughtQty,ProfitSell,atBetter
INFO:order:2023-01-11 20:11:00,592;log:post;eid:16128;call:response;type:place;order:sell;asset:N;price:97;qty:5;orderid:od_1673334836818720;respmessg:null;message:NoFairPriceChange,SellingBoughtQty,ProfitSell,atBetter
INFO:order:2023-01-11 20:17:53,639;log:pre;eid:16128;call:sent;type:cancel;order:sell;asset:N;price:97;qty:null;orderid:od_1673334836818720;respmessg:null;message:YesAvgBuyPriceChange,NewSellParams
INFO:order:2023-01-11 20:17:54,630;log:post;eid:16128;call:response;type:cancel;order:sell;asset:N;price:97;qty:null;orderid:od_1673334836818720;respmessg:null;message:YesAvgBuyPriceChange,NewSellParams
INFO:order:2023-01-11 20:17:55,005;log:pre;eid:16128;call:sent;type:place;order:sell;asset:N;price:97;qty:5;orderid:sellsend;respmessg:null;message:YesAvgBuyPriceChange,SellingBoughtQty,ProfitSell,atBetter
INFO:order:2023-01-11 20:17:56,010;log:post;eid:16128;call:response;type:place;order:sell;asset:N;price:97;qty:5;orderid:od_1673334836818962;respmessg:null;message:YesAvgBuyPriceChange,SellingBoughtQty,ProfitSell,atBetter
INFO:order:2023-01-11 20:24:13,765;log:pre;eid:16128;call:sent;type:cancel;order:sell;asset:N;price:97;qty:null;orderid:od_1673334836818962;respmessg:null;message:YesAvgBuyPriceChange,NewSellParams
INFO:order:2023-01-11 20:24:14,791;log:post;eid:16128;call:response;type:cancel;order:sell;asset:N;price:97;qty:null;orderid:od_1673334836818962;respmessg:null;message:YesAvgBuyPriceChange,NewSellParams
INFO:order:2023-01-11 20:24:15,290;log:pre;eid:16128;call:sent;type:place;order:sell;asset:N;price:97;qty:5;orderid:sellsend;respmessg:null;message:YesAvgBuyPriceChange,SellingBoughtQty,ProfitSell,atBetter
INFO:order:2023-01-11 20:24:16,276;log:post;eid:16128;call:response;type:place;order:sell;asset:N;price:97;qty:5;orderid:od_1673334836819252;respmessg:null;message:YesAvgBuyPriceChange,SellingBoughtQty,ProfitSell,atBetter
INFO:order:2023-01-11 20:25:56,459;log:pre;eid:16121;call:sent;type:cancel;order:buy;asset:Y;price:51;qty:null;orderid:od_1673334836817617;respmessg:null;message:YesSignalZeroHolding,NewBuyParams
INFO:order:2023-01-11 20:25:57,660;log:post;eid:16121;call:response;type:cancel;order:buy;asset:Y;price:51;qty:null;orderid:od_1673334836817617;respmessg:null;message:YesSignalZeroHolding,NewBuyParams
INFO:order:2023-01-11 20:25:58,313;log:pre;eid:16121;call:sent;type:place;order:buy;asset:Y;price:6;qty:99;orderid:buysend;respmessg:null;message:YesSignalZeroHolding,ScalpingYes,BasicBuy,atbest+1
INFO:order:2023-01-11 20:25:59,444;log:post;eid:16121;call:response;type:place;order:buy;asset:Y;price:6;qty:99;orderid:od_1673334836819334;respmessg:null;message:YesSignalZeroHolding,ScalpingYes,BasicBuy,atbest+1
INFO:order:2023-01-11 20:26:50,110;log:pre;eid:16122;call:sent;type:cancel;order:buy;asset:Y;price:51;qty:null;orderid:od_1673334836817635;respmessg:null;message:YesSignalZeroHolding,NewBuyParams
INFO:order:2023-01-11 20:26:51,134;log:post;eid:16122;call:response;type:cancel;order:buy;asset:Y;price:51;qty:null;orderid:od_1673334836817635;respmessg:null;message:YesSignalZeroHolding,NewBuyParams
INFO:order:2023-01-11 20:26:51,528;log:pre;eid:16122;call:sent;type:place;order:buy;asset:Y;price:2;qty:75;orderid:buysend;respmessg:null;message:YesSignalZeroHolding,ScalpingYes,BasicBuy,atbest+1
INFO:order:2023-01-11 20:26:52,556;log:post;eid:16122;call:response;type:place;order:buy;asset:Y;price:2;qty:75;orderid:od_1673334836819365;respmessg:null;message:YesSignalZeroHolding,ScalpingYes,BasicBuy,atbest+1
INFO:order:2023-01-11 20:31:21,487;log:pre;eid:16128;call:sent;type:cancel;order:sell;asset:N;price:97;qty:null;orderid:od_1673334836819252;respmessg:null;message:YesAvgBuyPriceChange,NewSellParams
INFO:order:2023-01-11 20:31:22,691;log:post;eid:16128;call:response;type:cancel;order:sell;asset:N;price:97;qty:null;orderid:od_1673334836819252;respmessg:null;message:YesAvgBuyPriceChange,NewSellParams
INFO:order:2023-01-11 20:31:23,430;log:pre;eid:16128;call:sent;type:place;order:sell;asset:N;price:97;qty:5;orderid:sellsend;respmessg:null;message:YesAvgBuyPriceChange,SellingBoughtQty,ProfitSell,atBetter
INFO:order:2023-01-11 20:31:24,564;log:post;eid:16128;call:response;type:place;order:sell;asset:N;price:97;qty:5;orderid:od_1673334836819505;respmessg:null;message:YesAvgBuyPriceChange,SellingBoughtQty,ProfitSell,atBetter
INFO:order:2023-01-11 20:39:09,625;log:pre;eid:16128;call:sent;type:cancel;order:sell;asset:N;price:97;qty:null;orderid:od_1673334836819505;respmessg:null;message:YesAvgBuyPriceChange,NewSellParams
INFO:order:2023-01-11 20:39:10,684;log:post;eid:16128;call:response;type:cancel;order:sell;asset:N;price:97;qty:null;orderid:od_1673334836819505;respmessg:null;message:YesAvgBuyPriceChange,NewSellParams
INFO:order:2023-01-11 20:39:11,148;log:pre;eid:16128;call:sent;type:place;order:sell;asset:N;price:97;qty:5;orderid:sellsend;respmessg:null;message:YesAvgBuyPriceChange,SellingBoughtQty,ProfitSell,atBetter
INFO:order:2023-01-11 20:39:12,150;log:post;eid:16128;call:response;type:place;order:sell;asset:N;price:97;qty:5;orderid:od_1673334836819672;respmessg:null;message:YesAvgBuyPriceChange,SellingBoughtQty,ProfitSell,atBetter
INFO:order:2023-01-11 20:46:40,960;log:pre;eid:16128;call:sent;type:cancel;order:sell;asset:N;price:97;qty:null;orderid:od_1673334836819672;respmessg:null;message:YesAvgBuyPriceChange,NewSellParams
INFO:order:2023-01-11 20:46:42,125;log:post;eid:16128;call:response;type:cancel;order:sell;asset:N;price:97;qty:null;orderid:od_1673334836819672;respmessg:null;message:YesAvgBuyPriceChange,NewSellParams
INFO:order:2023-01-11 20:46:42,843;log:pre;eid:16128;call:sent;type:place;order:sell;asset:N;price:97;qty:5;orderid:sellsend;respmessg:null;message:YesAvgBuyPriceChange,SellingBoughtQty,ProfitSell,atBetter
INFO:order:2023-01-11 20:46:43,943;log:post;eid:16128;call:response;type:place;order:sell;asset:N;price:97;qty:5;orderid:od_1673334836819697;respmessg:null;message:YesAvgBuyPriceChange,SellingBoughtQty,ProfitSell,atBetter
INFO:order:2023-01-11 21:04:53,275;log:pre;eid:16123;call:sent;type:place;order:buy;asset:Y;price:6;qty:50;orderid:buysend;respmessg:null;message:YesSignalZeroHolding,ScalpingYes,BasicBuy,atbest+1
INFO:order:2023-01-11 21:04:54,431;log:post;eid:16123;call:response;type:place;order:buy;asset:Y;price:6;qty:50;orderid:od_1673334836819937;respmessg:null;message:YesSignalZeroHolding,ScalpingYes,BasicBuy,atbest+1
INFO:order:2023-01-11 21:06:41,081;log:pre;eid:16125;call:sent;type:place;order:buy;asset:N;price:5;qty:50;orderid:buysend;respmessg:null;message:NoSignalZeroHolding,ScalpingNo,BasicBuy,atbest+1
INFO:order:2023-01-11 21:06:42,068;log:post;eid:16125;call:response;type:place;order:buy;asset:N;price:5;qty:50;orderid:od_1673334836819997;respmessg:null;message:NoSignalZeroHolding,ScalpingNo,BasicBuy,atbest+1
INFO:order:2023-01-11 21:09:14,122;log:pre;eid:16128;call:sent;type:cancel;order:buy;asset:N;price:51;qty:null;orderid:od_1673334836818565;respmessg:null;message:NoSignalZeroHolding,NewBuyParams
INFO:order:2023-01-11 21:09:15,222;log:post;eid:16128;call:response;type:cancel;order:buy;asset:N;price:51;qty:null;orderid:od_1673334836818565;respmessg:null;message:NoSignalZeroHolding,NewBuyParams
INFO:order:2023-01-11 21:09:15,851;log:pre;eid:16128;call:sent;type:place;order:buy;asset:N;price:53;qty:75;orderid:buysend;respmessg:null;message:NoSignalZeroHolding,ScalpingNo,BasicBuy,atbest+1
INFO:order:2023-01-11 21:09:17,022;log:post;eid:16128;call:response;type:place;order:buy;asset:N;price:53;qty:75;orderid:od_1673334836820067;respmessg:null;message:NoSignalZeroHolding,ScalpingNo,BasicBuy,atbest+1
INFO:order:2023-01-11 21:12:42,498;log:pre;eid:16123;call:sent;type:cancel;order:buy;asset:Y;price:6;qty:null;orderid:od_1673334836819937;respmessg:null;message:YesSignalZeroHolding,PausingBuy
INFO:order:2023-01-11 21:12:43,511;log:post;eid:16123;call:response;type:cancel;order:buy;asset:Y;price:6;qty:null;orderid:od_1673334836819937;respmessg:null;message:YesSignalZeroHolding,PausingBuy
INFO:order:2023-01-11 21:23:17,519;log:pre;eid:16127;call:sent;type:cancel;order:buy;asset:N;price:6;qty:null;orderid:od_1673334836815073;respmessg:null;message:NoSignalZeroHolding,NewBuyParams
INFO:order:2023-01-11 21:23:18,497;log:post;eid:16127;call:response;type:cancel;order:buy;asset:N;price:6;qty:null;orderid:od_1673334836815073;respmessg:null;message:NoSignalZeroHolding,NewBuyParams
INFO:order:2023-01-11 21:23:19,128;log:pre;eid:16127;call:sent;type:place;order:buy;asset:N;price:51;qty:75;orderid:buysend;respmessg:null;message:NoSignalZeroHolding,ScalpingNo,BasicBuy,atbest+1
INFO:order:2023-01-11 21:23:20,326;log:post;eid:16127;call:response;type:place;order:buy;asset:N;price:51;qty:75;orderid:od_1673334836820319;respmessg:null;message:NoSignalZeroHolding,ScalpingNo,BasicBuy,atbest+1
INFO:order:2023-01-11 21:28:22,056;log:pre;eid:16124;call:sent;type:place;order:buy;asset:N;price:1;qty:50;orderid:buysend;respmessg:null;message:NoSignalZeroHolding,ScalpingNo,BasicBuy,atbest+1
INFO:order:2023-01-11 21:28:23,058;log:post;eid:16124;call:response;type:place;order:buy;asset:N;price:1;qty:50;orderid:od_1673334836820436;respmessg:null;message:NoSignalZeroHolding,ScalpingNo,BasicBuy,atbest+1
INFO:order:2023-01-11 21:35:51,711;log:pre;eid:16124;call:sent;type:cancel;order:buy;asset:N;price:1;qty:null;orderid:od_1673334836820436;respmessg:null;message:NoSignalZeroHolding,PausingBuy
INFO:order:2023-01-11 21:35:52,734;log:post;eid:16124;call:response;type:cancel;order:buy;asset:N;price:1;qty:null;orderid:od_1673334836820436;respmessg:null;message:NoSignalZeroHolding,PausingBuy
INFO:order:2023-01-11 22:01:37,717;log:pre;eid:16128;call:sent;type:place;order:sell;asset:N;price:97;qty:1;orderid:sellsend;respmessg:null;message:HoldNoQtyChange,SellingNoNewQty,ProfitSell,atBetter
INFO:order:2023-01-11 22:01:38,715;log:post;eid:16128;call:response;type:place;order:sell;asset:N;price:97;qty:1;orderid:od_1673334836820893;respmessg:null;message:HoldNoQtyChange,SellingNoNewQty,ProfitSell,atBetter
INFO:order:2023-01-11 22:01:43,630;log:pre;eid:16128;call:sent;type:place;order:buy;asset:N;price:97;qty:1;orderid:buysend;respmessg:null;message:absorbing orderbook
INFO:order:2023-01-11 22:01:44,710;log:post;eid:16128;call:response;type:place;order:buy;asset:N;price:97;qty:1;orderid:od_1673334836820895;respmessg:null;message:absorbing orderbook
INFO:order:2023-01-11 22:01:44,712;log:pre;eid:16128;call:sent;type:place;order:buy;asset:N;price:98;qty:1;orderid:buysend;respmessg:null;message:absorbing orderbook
INFO:order:2023-01-11 22:01:45,735;log:post;eid:16128;call:response;type:place;order:buy;asset:N;price:98;qty:1;orderid:od_1673334836820897;respmessg:null;message:absorbing orderbook
INFO:order:2023-01-11 22:01:45,736;log:pre;eid:16128;call:sent;type:place;order:buy;asset:N;price:99;qty:12;orderid:buysend;respmessg:null;message:absorbing orderbook
INFO:order:2023-01-11 22:01:46,723;log:post;eid:16128;call:response;type:place;order:buy;asset:N;price:99;qty:12;orderid:od_1673334836820899;respmessg:null;message:absorbing orderbook
INFO:order:2023-01-11 22:03:23,756;log:pre;eid:16121;call:sent;type:cancel;order:buy;asset:Y;price:6;qty:null;orderid:od_1673334836819334;respmessg:null;message:YesSignalZeroHolding,NewBuyParams
INFO:order:2023-01-11 22:03:24,787;log:post;eid:16121;call:response;type:cancel;order:buy;asset:Y;price:6;qty:null;orderid:od_1673334836819334;respmessg:null;message:YesSignalZeroHolding,NewBuyParams
INFO:order:2023-01-11 22:03:25,182;log:pre;eid:16121;call:sent;type:place;order:buy;asset:Y;price:11;qty:50;orderid:buysend;respmessg:null;message:YesSignalZeroHolding,ScalpingYes,BasicBuy,atbest+1
INFO:order:2023-01-11 22:03:26,190;log:post;eid:16121;call:response;type:place;order:buy;asset:Y;price:11;qty:50;orderid:od_1673334836820915;respmessg:null;message:YesSignalZeroHolding,ScalpingYes,BasicBuy,atbest+1
INFO:order:2023-01-11 22:05:06,380;log:pre;eid:16123;call:sent;type:place;order:buy;asset:Y;price:2;qty:50;orderid:buysend;respmessg:null;message:YesSignalZeroHolding,ScalpingYes,BasicBuy,atbest+1
INFO:order:2023-01-11 22:05:07,424;log:post;eid:16123;call:response;type:place;order:buy;asset:Y;price:2;qty:50;orderid:od_1673334836820931;respmessg:null;message:YesSignalZeroHolding,ScalpingYes,BasicBuy,atbest+1
INFO:order:2023-01-11 22:07:37,827;log:pre;eid:16126;call:sent;type:cancel;order:buy;asset:N;price:6;qty:null;orderid:od_1673334836815034;respmessg:null;message:NoSignalZeroHolding,NewBuyParams
INFO:order:2023-01-11 22:07:38,889;log:post;eid:16126;call:response;type:cancel;order:buy;asset:N;price:6;qty:null;orderid:od_1673334836815034;respmessg:null;message:NoSignalZeroHolding,NewBuyParams
INFO:order:2023-01-11 22:07:39,365;log:pre;eid:16126;call:sent;type:place;order:buy;asset:N;price:2;qty:50;orderid:buysend;respmessg:null;message:NoSignalZeroHolding,ScalpingNo,BasicBuy,atbest+1
INFO:order:2023-01-11 22:07:40,395;log:post;eid:16126;call:response;type:place;order:buy;asset:N;price:2;qty:50;orderid:od_1673334836820952;respmessg:null;message:NoSignalZeroHolding,ScalpingNo,BasicBuy,atbest+1
INFO:order:2023-01-11 22:09:23,420;log:pre;eid:16128;call:sent;type:cancel;order:sell;asset:N;price:97;qty:null;orderid:od_1673334836820893;respmessg:null;message:HoldNoQtyChange,HoldQtyChange
INFO:order:2023-01-11 22:09:24,541;log:post;eid:16128;call:response;type:cancel;order:sell;asset:N;price:97;qty:null;orderid:od_1673334836820893;respmessg:null;message:HoldNoQtyChange,HoldQtyChange
INFO:order:2023-01-11 22:09:24,996;log:pre;eid:16128;call:sent;type:place;order:sell;asset:N;price:99;qty:15;orderid:sellsend;respmessg:null;message:HoldNoQtyChange,SellingNoNewQty,ProfitSell,atBetter
INFO:order:2023-01-11 22:09:26,071;log:post;eid:16128;call:response;type:place;order:sell;asset:N;price:99;qty:15;orderid:od_1673334836820962;respmessg:null;message:HoldNoQtyChange,SellingNoNewQty,ProfitSell,atBetter
INFO:order:2023-01-11 22:09:31,433;log:pre;eid:16128;call:sent;type:place;order:buy;asset:N;price:99;qty:15;orderid:buysend;respmessg:null;message:absorbing orderbook
INFO:order:2023-01-11 22:09:32,573;log:post;eid:16128;call:response;type:place;order:buy;asset:N;price:99;qty:15;orderid:od_1673334836820964;respmessg:null;message:absorbing orderbook
INFO:order:2023-01-11 22:11:12,751;log:pre;eid:16121;call:sent;type:cancel;order:buy;asset:Y;price:11;qty:null;orderid:od_1673334836820915;respmessg:null;message:YesSignalZeroHolding,NewBuyParams
INFO:order:2023-01-11 22:11:13,856;log:post;eid:16121;call:response;type:cancel;order:buy;asset:Y;price:11;qty:null;orderid:od_1673334836820915;respmessg:null;message:YesSignalZeroHolding,NewBuyParams
INFO:order:2023-01-11 22:11:14,500;log:pre;eid:16121;call:sent;type:place;order:buy;asset:Y;price:51;qty:50;orderid:buysend;respmessg:null;message:YesSignalZeroHolding,ScalpingYes,BasicBuy,atbest+1
INFO:order:2023-01-11 22:11:15,652;log:post;eid:16121;call:response;type:place;order:buy;asset:Y;price:51;qty:50;orderid:od_1673334836820973;respmessg:null;message:YesSignalZeroHolding,ScalpingYes,BasicBuy,atbest+1
INFO:order:2023-01-11 22:12:07,473;log:pre;eid:16122;call:sent;type:cancel;order:buy;asset:Y;price:2;qty:null;orderid:od_1673334836819365;respmessg:null;message:YesSignalZeroHolding,NewBuyParams
INFO:order:2023-01-11 22:12:08,594;log:post;eid:16122;call:response;type:cancel;order:buy;asset:Y;price:2;qty:null;orderid:od_1673334836819365;respmessg:null;message:YesSignalZeroHolding,NewBuyParams
INFO:order:2023-01-11 22:12:09,246;log:pre;eid:16122;call:sent;type:place;order:buy;asset:Y;price:50;qty:50;orderid:buysend;respmessg:null;message:YesSignalZeroHolding,ScalpingYes,BasicBuy,atbest+1
INFO:order:2023-01-11 22:12:10,366;log:post;eid:16122;call:response;type:place;order:buy;asset:Y;price:50;qty:50;orderid:od_1673334836820979;respmessg:null;message:YesSignalZeroHolding,ScalpingYes,BasicBuy,atbest+1
INFO:order:2023-01-11 22:16:58,507;log:pre;eid:16128;call:sent;type:cancel;order:sell;asset:N;price:99;qty:null;orderid:od_1673334836820962;respmessg:null;message:YesFairPriceChange,PausingSell
INFO:order:2023-01-11 22:16:59,520;log:post;eid:16128;call:response;type:cancel;order:sell;asset:N;price:99;qty:null;orderid:od_1673334836820962;respmessg:null;message:YesFairPriceChange,PausingSell
INFO:order:2023-01-11 22:18:40,378;log:pre;eid:16121;call:sent;type:cancel;order:buy;asset:Y;price:51;qty:null;orderid:od_1673334836820973;respmessg:null;message:YesSignalZeroHolding,NewBuyParams
INFO:order:2023-01-11 22:18:41,374;log:post;eid:16121;call:response;type:cancel;order:buy;asset:Y;price:51;qty:null;orderid:od_1673334836820973;respmessg:null;message:YesSignalZeroHolding,NewBuyParams
INFO:order:2023-01-11 22:18:41,745;log:pre;eid:16121;call:sent;type:place;order:buy;asset:Y;price:11;qty:99;orderid:buysend;respmessg:null;message:YesSignalZeroHolding,ScalpingYes,BasicBuy,atbest+1
INFO:order:2023-01-11 22:18:42,836;log:post;eid:16121;call:response;type:place;order:buy;asset:Y;price:11;qty:99;orderid:od_1673334836821035;respmessg:null;message:YesSignalZeroHolding,ScalpingYes,BasicBuy,atbest+1
INFO:order:2023-01-11 22:20:19,276;log:pre;eid:16123;call:sent;type:cancel;order:buy;asset:Y;price:2;qty:null;orderid:od_1673334836820931;respmessg:null;message:YesSignalZeroHolding,NewBuyParams
INFO:order:2023-01-11 22:20:20,327;log:post;eid:16123;call:response;type:cancel;order:buy;asset:Y;price:2;qty:null;orderid:od_1673334836820931;respmessg:null;message:YesSignalZeroHolding,NewBuyParams
INFO:order:2023-01-11 22:20:20,714;log:pre;eid:16123;call:sent;type:place;order:buy;asset:Y;price:51;qty:50;orderid:buysend;respmessg:null;message:YesSignalZeroHolding,ScalpingYes,BasicBuy,atbest+1
INFO:order:2023-01-11 22:20:21,699;log:post;eid:16123;call:response;type:place;order:buy;asset:Y;price:51;qty:50;orderid:od_1673334836821053;respmessg:null;message:YesSignalZeroHolding,ScalpingYes,BasicBuy,atbest+1
INFO:order:2023-01-11 22:22:47,256;log:pre;eid:16126;call:sent;type:cancel;order:buy;asset:N;price:2;qty:null;orderid:od_1673334836820952;respmessg:null;message:NoSignalZeroHolding,NewBuyParams
INFO:order:2023-01-11 22:22:48,831;log:post;eid:16126;call:response;type:cancel;order:buy;asset:N;price:2;qty:null;orderid:od_1673334836820952;respmessg:null;message:NoSignalZeroHolding,NewBuyParams
INFO:order:2023-01-11 22:22:49,460;log:pre;eid:16126;call:sent;type:place;order:buy;asset:N;price:51;qty:50;orderid:buysend;respmessg:null;message:NoSignalZeroHolding,ScalpingNo,BasicBuy,atbest+1
INFO:order:2023-01-11 22:22:50,445;log:post;eid:16126;call:response;type:place;order:buy;asset:N;price:51;qty:50;orderid:od_1673334836821081;respmessg:null;message:NoSignalZeroHolding,ScalpingNo,BasicBuy,atbest+1
INFO:order:2023-01-11 22:23:37,755;log:pre;eid:16127;call:sent;type:cancel;order:buy;asset:N;price:51;qty:null;orderid:od_1673334836820319;respmessg:null;message:NoSignalZeroHolding,NewBuyParams
INFO:order:2023-01-11 22:23:38,805;log:post;eid:16127;call:response;type:cancel;order:buy;asset:N;price:51;qty:null;orderid:od_1673334836820319;respmessg:null;message:NoSignalZeroHolding,NewBuyParams
INFO:order:2023-01-11 22:23:39,154;log:pre;eid:16127;call:sent;type:place;order:buy;asset:N;price:2;qty:75;orderid:buysend;respmessg:null;message:NoSignalZeroHolding,ScalpingNo,BasicBuy,atbest+1
INFO:order:2023-01-11 22:23:40,139;log:post;eid:16127;call:response;type:place;order:buy;asset:N;price:2;qty:75;orderid:od_1673334836821092;respmessg:null;message:NoSignalZeroHolding,ScalpingNo,BasicBuy,atbest+1
INFO:order:2023-01-11 22:24:28,883;log:pre;eid:16128;call:sent;type:place;order:sell;asset:N;price:99;qty:23;orderid:sellsend;respmessg:null;message:HoldNoQtyChange,SellingNoNewQty,ProfitSell,atBetter
INFO:order:2023-01-11 22:24:30,056;log:post;eid:16128;call:response;type:place;order:sell;asset:N;price:99;qty:23;orderid:od_1673334836821107;respmessg:null;message:HoldNoQtyChange,SellingNoNewQty,ProfitSell,atBetter
INFO:order:2023-01-11 22:24:33,861;log:pre;eid:16128;call:sent;type:cancel;order:sell;asset:N;price:99;qty:null;orderid:od_1673334836821107;respmessg:null;message:YesFairPriceChange,PausingSell
INFO:order:2023-01-11 22:24:35,020;log:post;eid:16128;call:response;type:cancel;order:sell;asset:N;price:99;qty:null;orderid:od_1673334836821107;respmessg:null;message:YesFairPriceChange,PausingSell
INFO:order:2023-01-11 22:27:03,963;log:pre;eid:16122;call:sent;type:cancel;order:buy;asset:Y;price:50;qty:null;orderid:od_1673334836820979;respmessg:null;message:YesSignalZeroHolding,NewBuyParams
INFO:order:2023-01-11 22:27:04,999;log:post;eid:16122;call:response;type:cancel;order:buy;asset:Y;price:50;qty:null;orderid:od_1673334836820979;respmessg:null;message:YesSignalZeroHolding,NewBuyParams
INFO:order:2023-01-11 22:27:05,394;log:pre;eid:16122;call:sent;type:place;order:buy;asset:Y;price:2;qty:75;orderid:buysend;respmessg:null;message:YesSignalZeroHolding,ScalpingYes,BasicBuy,atbest+1
INFO:order:2023-01-11 22:27:06,514;log:post;eid:16122;call:response;type:place;order:buy;asset:Y;price:2;qty:75;orderid:od_1673334836821116;respmessg:null;message:YesSignalZeroHolding,ScalpingYes,BasicBuy,atbest+1
INFO:order:2023-01-11 22:30:12,272;log:pre;eid:16126;call:sent;type:cancel;order:buy;asset:N;price:51;qty:null;orderid:od_1673334836821081;respmessg:null;message:NoSignalZeroHolding,NewBuyParams
INFO:order:2023-01-11 22:30:13,268;log:post;eid:16126;call:response;type:cancel;order:buy;asset:N;price:51;qty:null;orderid:od_1673334836821081;respmessg:null;message:NoSignalZeroHolding,NewBuyParams
INFO:order:2023-01-11 22:30:13,801;log:pre;eid:16126;call:sent;type:place;order:buy;asset:N;price:2;qty:99;orderid:buysend;respmessg:null;message:NoSignalZeroHolding,ScalpingNo,BasicBuy,atbest+1
INFO:order:2023-01-11 22:30:14,788;log:post;eid:16126;call:response;type:place;order:buy;asset:N;price:2;qty:99;orderid:od_1673334836821124;respmessg:null;message:NoSignalZeroHolding,ScalpingNo,BasicBuy,atbest+1
INFO:order:2023-01-11 22:32:03,364;log:pre;eid:16128;call:sent;type:place;order:sell;asset:N;price:98;qty:30;orderid:sellsend;respmessg:null;message:HoldNoQtyChange,SellingNoNewQty,ProfitSell,atBetter
INFO:order:2023-01-11 22:32:04,678;log:post;eid:16128;call:response;type:place;order:sell;asset:N;price:98;qty:30;orderid:od_1673334836821139;respmessg:null;message:HoldNoQtyChange,SellingNoNewQty,ProfitSell,atBetter
INFO:order:2023-01-11 22:32:08,614;log:pre;eid:16128;call:sent;type:cancel;order:buy;asset:N;price:53;qty:null;orderid:od_1673334836820067;respmessg:null;message:YesFairPriceChange,NewBuyParams
INFO:order:2023-01-11 22:32:09,636;log:post;eid:16128;call:response;type:cancel;order:buy;asset:N;price:53;qty:null;orderid:od_1673334836820067;respmessg:null;message:YesFairPriceChange,NewBuyParams
INFO:order:2023-01-11 22:32:10,085;log:pre;eid:16128;call:sent;type:place;order:buy;asset:N;price:53;qty:75;orderid:buysend;respmessg:null;message:YesFairPriceChange,ScalpingNo,BasicBuy,atbest+1
INFO:order:2023-01-11 22:32:11,115;log:post;eid:16128;call:response;type:place;order:buy;asset:N;price:53;qty:75;orderid:od_1673334836821144;respmessg:null;message:YesFairPriceChange,ScalpingNo,BasicBuy,atbest+1
INFO:order:2023-01-11 22:32:12,254;log:pre;eid:16128;call:sent;type:cancel;order:sell;asset:N;price:98;qty:null;orderid:od_1673334836821139;respmessg:null;message:YesFairPriceChange,PausingSell
INFO:order:2023-01-11 22:32:13,270;log:post;eid:16128;call:response;type:cancel;order:sell;asset:N;price:98;qty:null;orderid:od_1673334836821139;respmessg:null;message:YesFairPriceChange,PausingSell
INFO:order:2023-01-11 22:32:15,260;log:pre;eid:16128;call:sent;type:place;order:buy;asset:N;price:99;qty:9;orderid:buysend;respmessg:null;message:absorbing orderbook
INFO:order:2023-01-11 22:32:16,263;log:post;eid:16128;call:response;type:place;order:buy;asset:N;price:99;qty:9;orderid:od_1673334836821147;respmessg:null;message:absorbing orderbook
INFO:order:2023-01-11 22:36:19,782;log:pre;eid:16124;call:sent;type:place;order:buy;asset:N;price:51;qty:99;orderid:buysend;respmessg:null;message:NoSignalZeroHolding,ScalpingNo,BasicBuy,atbest+1
INFO:order:2023-01-11 22:36:20,788;log:post;eid:16124;call:response;type:place;order:buy;asset:N;price:51;qty:99;orderid:od_1673334836821163;respmessg:null;message:NoSignalZeroHolding,ScalpingNo,BasicBuy,atbest+1
INFO:order:2023-01-11 22:39:41,236;log:pre;eid:16128;call:sent;type:place;order:sell;asset:N;price:99;qty:32;orderid:sellsend;respmessg:null;message:HoldNoQtyChange,SellingNoNewQty,ProfitSell,atBetter
INFO:order:2023-01-11 22:39:42,321;log:post;eid:16128;call:response;type:place;order:sell;asset:N;price:99;qty:32;orderid:od_1673334836821181;respmessg:null;message:HoldNoQtyChange,SellingNoNewQty,ProfitSell,atBetter
INFO:order:2023-01-11 22:39:48,510;log:pre;eid:16128;call:sent;type:place;order:buy;asset:N;price:99;qty:32;orderid:buysend;respmessg:null;message:absorbing orderbook
INFO:order:2023-01-11 22:39:49,620;log:post;eid:16128;call:response;type:place;order:buy;asset:N;price:99;qty:32;orderid:od_1673334836821183;respmessg:null;message:absorbing orderbook
INFO:order:2023-01-11 22:43:53,341;log:pre;eid:16124;call:sent;type:cancel;order:buy;asset:N;price:51;qty:null;orderid:od_1673334836821163;respmessg:null;message:NoSignalZeroHolding,PausingBuy
INFO:order:2023-01-11 22:43:54,382;log:post;eid:16124;call:response;type:cancel;order:buy;asset:N;price:51;qty:null;orderid:od_1673334836821163;respmessg:null;message:NoSignalZeroHolding,PausingBuy
INFO:order:2023-01-11 22:44:48,015;log:pre;eid:16125;call:sent;type:cancel;order:buy;asset:N;price:5;qty:null;orderid:od_1673334836819997;respmessg:null;message:NoSignalZeroHolding,NewBuyParams
INFO:order:2023-01-11 22:44:49,248;log:post;eid:16125;call:response;type:cancel;order:buy;asset:N;price:5;qty:null;orderid:od_1673334836819997;respmessg:null;message:NoSignalZeroHolding,NewBuyParams
INFO:order:2023-01-11 22:44:50,069;log:pre;eid:16125;call:sent;type:place;order:buy;asset:N;price:26;qty:50;orderid:buysend;respmessg:null;message:NoSignalZeroHolding,ScalpingNo,BasicBuy,atbest+1
INFO:order:2023-01-11 22:44:51,261;log:post;eid:16125;call:response;type:place;order:buy;asset:N;price:26;qty:50;orderid:od_1673334836821213;respmessg:null;message:NoSignalZeroHolding,ScalpingNo,BasicBuy,atbest+1
INFO:order:2023-01-11 22:45:45,477;log:pre;eid:16126;call:sent;type:cancel;order:buy;asset:N;price:2;qty:null;orderid:od_1673334836821124;respmessg:null;message:NoSignalZeroHolding,NewBuyParams
INFO:order:2023-01-11 22:45:46,489;log:post;eid:16126;call:response;type:cancel;order:buy;asset:N;price:2;qty:null;orderid:od_1673334836821124;respmessg:null;message:NoSignalZeroHolding,NewBuyParams
INFO:order:2023-01-11 22:45:46,952;log:pre;eid:16126;call:sent;type:place;order:buy;asset:N;price:51;qty:50;orderid:buysend;respmessg:null;message:NoSignalZeroHolding,ScalpingNo,BasicBuy,atbest+1
INFO:order:2023-01-11 22:45:48,052;log:post;eid:16126;call:response;type:place;order:buy;asset:N;price:51;qty:50;orderid:od_1673334836821220;respmessg:null;message:NoSignalZeroHolding,ScalpingNo,BasicBuy,atbest+1
INFO:order:2023-01-11 22:46:36,684;log:pre;eid:16127;call:sent;type:cancel;order:buy;asset:N;price:2;qty:null;orderid:od_1673334836821092;respmessg:null;message:NoSignalZeroHolding,NewBuyParams
INFO:order:2023-01-11 22:46:37,704;log:post;eid:16127;call:response;type:cancel;order:buy;asset:N;price:2;qty:null;orderid:od_1673334836821092;respmessg:null;message:NoSignalZeroHolding,NewBuyParams
INFO:order:2023-01-11 22:46:38,218;log:pre;eid:16127;call:sent;type:place;order:buy;asset:N;price:51;qty:50;orderid:buysend;respmessg:null;message:NoSignalZeroHolding,ScalpingNo,BasicBuy,atbest+1
INFO:order:2023-01-11 22:46:39,223;log:post;eid:16127;call:response;type:place;order:buy;asset:N;price:51;qty:50;orderid:od_1673334836821223;respmessg:null;message:NoSignalZeroHolding,ScalpingNo,BasicBuy,atbest+1
INFO:order:2023-01-11 22:47:27,852;log:pre;eid:16128;call:sent;type:cancel;order:sell;asset:N;price:99;qty:null;orderid:od_1673334836821181;respmessg:null;message:HoldNoQtyChange,HoldQtyChange
INFO:order:2023-01-11 22:47:28,923;log:post;eid:16128;call:response;type:cancel;order:sell;asset:N;price:99;qty:null;orderid:od_1673334836821181;respmessg:null;message:HoldNoQtyChange,HoldQtyChange
INFO:order:2023-01-11 22:47:29,315;log:pre;eid:16128;call:sent;type:place;order:sell;asset:N;price:99;qty:33;orderid:sellsend;respmessg:null;message:HoldNoQtyChange,SellingNoNewQty,ProfitSell,atBetter
INFO:order:2023-01-11 22:47:30,301;log:post;eid:16128;call:response;type:place;order:sell;asset:N;price:99;qty:33;orderid:od_1673334836821226;respmessg:null;message:HoldNoQtyChange,SellingNoNewQty,ProfitSell,atBetter
INFO:order:2023-01-11 22:47:33,764;log:pre;eid:16128;call:sent;type:cancel;order:buy;asset:N;price:99;qty:null;orderid:od_1673334836821183;respmessg:null;message:YesFairPriceChange,NewBuyParams
INFO:order:2023-01-11 22:47:34,795;log:post;eid:16128;call:response;type:cancel;order:buy;asset:N;price:99;qty:null;orderid:od_1673334836821183;respmessg:null;message:YesFairPriceChange,NewBuyParams
INFO:order:2023-01-11 22:47:34,797;log:pre;eid:16128;call:sent;type:cancel;order:buy;asset:N;price:53;qty:null;orderid:od_1673334836821144;respmessg:null;message:YesFairPriceChange,NewBuyParams
INFO:order:2023-01-11 22:47:35,916;log:post;eid:16128;call:response;type:cancel;order:buy;asset:N;price:53;qty:null;orderid:od_1673334836821144;respmessg:null;message:YesFairPriceChange,NewBuyParams
INFO:order:2023-01-11 22:47:36,530;log:pre;eid:16128;call:sent;type:place;order:buy;asset:N;price:53;qty:99;orderid:buysend;respmessg:null;message:YesFairPriceChange,ScalpingNo,BasicBuy,atbest+1
INFO:order:2023-01-11 22:47:37,516;log:post;eid:16128;call:response;type:place;order:buy;asset:N;price:53;qty:99;orderid:od_1673334836821230;respmessg:null;message:YesFairPriceChange,ScalpingNo,BasicBuy,atbest+1
INFO:order:2023-01-11 22:47:38,698;log:pre;eid:16128;call:sent;type:cancel;order:sell;asset:N;price:99;qty:null;orderid:od_1673334836821226;respmessg:null;message:YesFairPriceChange,PausingSell
INFO:order:2023-01-11 22:47:39,905;log:post;eid:16128;call:response;type:cancel;order:sell;asset:N;price:99;qty:null;orderid:od_1673334836821226;respmessg:null;message:YesFairPriceChange,PausingSell
INFO:order:2023-01-11 22:49:20,692;log:pre;eid:16121;call:sent;type:cancel;order:buy;asset:Y;price:11;qty:null;orderid:od_1673334836821035;respmessg:null;message:YesSignalZeroHolding,NewBuyParams
INFO:order:2023-01-11 22:49:21,704;log:post;eid:16121;call:response;type:cancel;order:buy;asset:Y;price:11;qty:null;orderid:od_1673334836821035;respmessg:null;message:YesSignalZeroHolding,NewBuyParams
INFO:order:2023-01-11 22:49:22,166;log:pre;eid:16121;call:sent;type:place;order:buy;asset:Y;price:51;qty:75;orderid:buysend;respmessg:null;message:YesSignalZeroHolding,ScalpingYes,BasicBuy,atbest+1
INFO:order:2023-01-11 22:49:23,160;log:post;eid:16121;call:response;type:place;order:buy;asset:Y;price:51;qty:75;orderid:od_1673334836821248;respmessg:null;message:YesSignalZeroHolding,ScalpingYes,BasicBuy,atbest+1
INFO:order:2023-01-11 22:50:15,823;log:pre;eid:16122;call:sent;type:cancel;order:buy;asset:Y;price:2;qty:null;orderid:od_1673334836821116;respmessg:null;message:YesSignalZeroHolding,NewBuyParams
INFO:order:2023-01-11 22:50:16,822;log:post;eid:16122;call:response;type:cancel;order:buy;asset:Y;price:2;qty:null;orderid:od_1673334836821116;respmessg:null;message:YesSignalZeroHolding,NewBuyParams
INFO:order:2023-01-11 22:50:17,309;log:pre;eid:16122;call:sent;type:place;order:buy;asset:Y;price:26;qty:50;orderid:buysend;respmessg:null;message:YesSignalZeroHolding,ScalpingYes,BasicBuy,atbest+1
INFO:order:2023-01-11 22:50:18,302;log:post;eid:16122;call:response;type:place;order:buy;asset:Y;price:26;qty:50;orderid:od_1673334836821254;respmessg:null;message:YesSignalZeroHolding,ScalpingYes,BasicBuy,atbest+1
INFO:order:2023-01-11 22:55:16,162;log:pre;eid:16128;call:sent;type:cancel;order:buy;asset:N;price:53.0;qty:null;orderid:od_1673334836821230;respmessg:null;message:YesFairPriceChange,NewBuyParams
INFO:order:2023-01-11 22:55:16,810;log:post;eid:16128;call:response;type:cancel;order:buy;asset:N;price:53.0;qty:null;orderid:od_1673334836821230;respmessg:notsuccess;message:YesFairPriceChange,NewBuyParams
INFO:order:2023-01-11 22:55:17,355;log:pre;eid:16128;call:sent;type:place;order:buy;asset:N;price:71;qty:75;orderid:buysend;respmessg:null;message:YesFairPriceChange,ScalpingNo,BasicBuy,atbest+1
INFO:order:2023-01-11 22:55:18,380;log:post;eid:16128;call:response;type:place;order:buy;asset:N;price:71;qty:75;orderid:od_1673334836821295;respmessg:null;message:YesFairPriceChange,ScalpingNo,BasicBuy,atbest+1
INFO:order:2023-01-11 22:55:21,116;log:pre;eid:16128;call:sent;type:place;order:sell;asset:N;price:99;qty:33;orderid:sellsend;respmessg:null;message:YesFairPriceChange,SellingBoughtQty,ProfitSell,atBetter
INFO:order:2023-01-11 22:55:22,094;log:post;eid:16128;call:response;type:place;order:sell;asset:N;price:99;qty:33;orderid:od_1673334836821297;respmessg:null;message:YesFairPriceChange,SellingBoughtQty,ProfitSell,atBetter
INFO:order:2023-01-11 22:55:23,657;log:pre;eid:16128;call:sent;type:place;order:buy;asset:N;price:99;qty:33;orderid:buysend;respmessg:null;message:absorbing orderbook
INFO:order:2023-01-11 22:55:24,672;log:post;eid:16128;call:response;type:place;order:buy;asset:N;price:99;qty:33;orderid:od_1673334836821301;respmessg:null;message:absorbing orderbook
INFO:order:2023-01-11 22:58:46,310;log:pre;eid:16123;call:sent;type:cancel;order:buy;asset:Y;price:51;qty:null;orderid:od_1673334836821053;respmessg:null;message:YesSignalZeroHolding,NewBuyParams
INFO:order:2023-01-11 22:58:47,427;log:post;eid:16123;call:response;type:cancel;order:buy;asset:Y;price:51;qty:null;orderid:od_1673334836821053;respmessg:null;message:YesSignalZeroHolding,NewBuyParams
INFO:order:2023-01-11 22:58:48,169;log:pre;eid:16123;call:sent;type:place;order:buy;asset:Y;price:61;qty:75;orderid:buysend;respmessg:null;message:YesSignalZeroHolding,ScalpingYes,BasicBuy,atbest+1
INFO:order:2023-01-11 22:58:49,296;log:post;eid:16123;call:response;type:place;order:buy;asset:Y;price:61;qty:75;orderid:od_1673334836821334;respmessg:null;message:YesSignalZeroHolding,ScalpingYes,BasicBuy,atbest+1
INFO:order:2023-01-11 22:59:02,329;log:pre;eid:16123;call:sent;type:place;order:buy;asset:Y;price:99;qty:25;orderid:buysend;respmessg:null;message:absorbing orderbook
INFO:order:2023-01-11 22:59:03,574;log:post;eid:16123;call:response;type:place;order:buy;asset:Y;price:99;qty:25;orderid:od_1673334836821336;respmessg:null;message:absorbing orderbook
INFO:order:2023-01-11 22:59:45,913;log:pre;eid:16124;call:sent;type:place;order:buy;asset:N;price:51;qty:99;orderid:buysend;respmessg:null;message:NoSignalZeroHolding,ScalpingNo,BasicBuy,atbest+1
INFO:order:2023-01-11 22:59:47,024;log:post;eid:16124;call:response;type:place;order:buy;asset:N;price:51;qty:99;orderid:od_1673334836821341;respmessg:null;message:NoSignalZeroHolding,ScalpingNo,BasicBuy,atbest+1
INFO:order:2023-01-11 22:59:58,289;log:pre;eid:16124;call:sent;type:place;order:buy;asset:N;price:99;qty:2;orderid:buysend;respmessg:null;message:absorbing orderbook
INFO:order:2023-01-11 22:59:59,301;log:post;eid:16124;call:response;type:place;order:buy;asset:N;price:99;qty:2;orderid:od_1673334836821343;respmessg:null;message:absorbing orderbook
INFO:order:2023-01-11 23:00:52,087;log:pre;eid:16125;call:sent;type:place;order:buy;asset:N;price:99;qty:2;orderid:buysend;respmessg:null;message:absorbing orderbook
INFO:order:2023-01-11 23:03:32,996;log:pre;eid:16128;call:sent;type:cancel;order:buy;asset:N;price:99;qty:null;orderid:od_1673334836821301;respmessg:null;message:YesFairPriceChange,NewBuyParams
