INFO:order:2023-01-09 15:21:46,550;log:pre;eid:15941;call:sent;type:place;order:buy;asset:Y;price:2;qty:75;orderid:buysend;respmessg:null;message:YesSignalZeroHolding,ScalpingYes,BasicBuy,atbest+1
INFO:order:2023-01-09 15:21:47,545;log:post;eid:15941;call:response;type:place;order:buy;asset:Y;price:2;qty:75;orderid:od_1673165677443725;respmessg:null;message:YesSignalZeroHolding,ScalpingYes,BasicBuy,atbest+1
INFO:order:2023-01-09 15:22:37,018;log:pre;eid:15940;call:sent;type:place;order:buy;asset:Y;price:76;qty:99;orderid:buysend;respmessg:null;message:YesSignalZeroHolding,ScalpingYes,BasicBuy,atbest+1
INFO:order:2023-01-09 15:22:38,074;log:post;eid:15940;call:response;type:place;order:buy;asset:Y;price:76;qty:99;orderid:od_1673165677443732;respmessg:null;message:YesSignalZeroHolding,ScalpingYes,BasicBuy,atbest+1
INFO:order:2023-01-09 15:23:24,999;log:pre;eid:15939;call:sent;type:place;order:buy;asset:Y;price:81;qty:50;orderid:buysend;respmessg:null;message:YesSignalZeroHolding,ScalpingYes,BasicBuy,atbest+1
INFO:order:2023-01-09 15:23:26,043;log:post;eid:15939;call:response;type:place;order:buy;asset:Y;price:81;qty:50;orderid:od_1673165677443747;respmessg:null;message:YesSignalZeroHolding,ScalpingYes,BasicBuy,atbest+1
INFO:order:2023-01-09 15:24:11,563;log:pre;eid:15923;call:sent;type:place;order:buy;asset:Y;price:81;qty:50;orderid:buysend;respmessg:null;message:YesSignalZeroHolding,ScalpingYes,BasicBuy,atbest+1
INFO:order:2023-01-09 15:24:12,552;log:post;eid:15923;call:response;type:place;order:buy;asset:Y;price:81;qty:50;orderid:od_1673165677443758;respmessg:null;message:YesSignalZeroHolding,ScalpingYes,BasicBuy,atbest+1
INFO:order:2023-01-09 15:36:45,384;log:pre;eid:15941;call:sent;type:cancel;order:buy;asset:Y;price:2;qty:null;orderid:od_1673165677443725;respmessg:null;message:YesSignalZeroHolding,NewBuyParams
INFO:order:2023-01-09 15:36:46,460;log:post;eid:15941;call:response;type:cancel;order:buy;asset:Y;price:2;qty:null;orderid:od_1673165677443725;respmessg:null;message:YesSignalZeroHolding,NewBuyParams
INFO:order:2023-01-09 15:36:47,078;log:pre;eid:15941;call:sent;type:place;order:buy;asset:Y;price:6;qty:50;orderid:buysend;respmessg:null;message:YesSignalZeroHolding,ScalpingYes,BasicBuy,atbest+1
INFO:order:2023-01-09 15:36:48,308;log:post;eid:15941;call:response;type:place;order:buy;asset:Y;price:6;qty:50;orderid:od_1673165677444068;respmessg:null;message:YesSignalZeroHolding,ScalpingYes,BasicBuy,atbest+1
INFO:order:2023-01-09 15:38:33,690;log:pre;eid:15939;call:sent;type:cancel;order:buy;asset:Y;price:81;qty:null;orderid:od_1673165677443747;respmessg:null;message:YesSignalZeroHolding,NewBuyParams
INFO:order:2023-01-09 15:38:34,715;log:post;eid:15939;call:response;type:cancel;order:buy;asset:Y;price:81;qty:null;orderid:od_1673165677443747;respmessg:null;message:YesSignalZeroHolding,NewBuyParams
INFO:order:2023-01-09 15:38:35,184;log:pre;eid:15939;call:sent;type:place;order:buy;asset:Y;price:86;qty:99;orderid:buysend;respmessg:null;message:YesSignalZeroHolding,ScalpingYes,BasicBuy,atbest+1
INFO:order:2023-01-09 15:38:36,185;log:post;eid:15939;call:response;type:place;order:buy;asset:Y;price:86;qty:99;orderid:od_1673165677444131;respmessg:null;message:YesSignalZeroHolding,ScalpingYes,BasicBuy,atbest+1
INFO:order:2023-01-09 16:03:40,110;log:pre;eid:15939;call:sent;type:cancel;order:buy;asset:Y;price:86;qty:null;orderid:od_1673165677444131;respmessg:null;message:YesSignalZeroHolding,NewBuyParams
INFO:order:2023-01-09 16:03:41,118;log:post;eid:15939;call:response;type:cancel;order:buy;asset:Y;price:86;qty:null;orderid:od_1673165677444131;respmessg:null;message:YesSignalZeroHolding,NewBuyParams
INFO:order:2023-01-09 16:03:41,607;log:pre;eid:15939;call:sent;type:place;order:buy;asset:Y;price:81;qty:99;orderid:buysend;respmessg:null;message:YesSignalZeroHolding,ScalpingYes,BasicBuy,atbest+1
INFO:order:2023-01-09 16:03:42,599;log:post;eid:15939;call:response;type:place;order:buy;asset:Y;price:81;qty:99;orderid:od_1673165677444432;respmessg:null;message:YesSignalZeroHolding,ScalpingYes,BasicBuy,atbest+1
INFO:order:2023-01-09 16:04:37,335;log:pre;eid:15923;call:sent;type:cancel;order:buy;asset:Y;price:81;qty:null;orderid:od_1673165677443758;respmessg:null;message:YesSignalZeroHolding,NewBuyParams
INFO:order:2023-01-09 16:04:38,412;log:post;eid:15923;call:response;type:cancel;order:buy;asset:Y;price:81;qty:null;orderid:od_1673165677443758;respmessg:null;message:YesSignalZeroHolding,NewBuyParams
INFO:order:2023-01-09 16:04:39,032;log:pre;eid:15923;call:sent;type:place;order:buy;asset:Y;price:91;qty:99;orderid:buysend;respmessg:null;message:YesSignalZeroHolding,ScalpingYes,BasicBuy,atbest+1
INFO:order:2023-01-09 16:04:40,172;log:post;eid:15923;call:response;type:place;order:buy;asset:Y;price:91;qty:99;orderid:od_1673165677444445;respmessg:null;message:YesSignalZeroHolding,ScalpingYes,BasicBuy,atbest+1
INFO:order:2023-01-09 17:06:42,872;log:pre;eid:15942;call:sent;type:place;order:buy;asset:Y;price:41;qty:50;orderid:buysend;respmessg:null;message:YesSignalZeroHolding,ScalpingYes,BasicBuy,atbest+1
INFO:order:2023-01-09 17:06:43,962;log:post;eid:15942;call:response;type:place;order:buy;asset:Y;price:41;qty:50;orderid:od_1673165677445090;respmessg:null;message:YesSignalZeroHolding,ScalpingYes,BasicBuy,atbest+1
INFO:order:2023-01-09 17:09:51,965;log:pre;eid:15923;call:sent;type:cancel;order:buy;asset:Y;price:91;qty:null;orderid:od_1673165677444445;respmessg:null;message:YesSignalZeroHolding,NewBuyParams
INFO:order:2023-01-09 17:09:52,949;log:post;eid:15923;call:response;type:cancel;order:buy;asset:Y;price:91;qty:null;orderid:od_1673165677444445;respmessg:null;message:YesSignalZeroHolding,NewBuyParams
INFO:order:2023-01-09 17:09:53,351;log:pre;eid:15923;call:sent;type:place;order:buy;asset:Y;price:93;qty:99;orderid:buysend;respmessg:null;message:YesSignalZeroHolding,ScalpingYes,BasicBuy,atbest+1
INFO:order:2023-01-09 17:09:54,358;log:post;eid:15923;call:response;type:place;order:buy;asset:Y;price:93;qty:99;orderid:od_1673165677445107;respmessg:null;message:YesSignalZeroHolding,ScalpingYes,BasicBuy,atbest+1
INFO:order:2023-01-09 17:17:22,529;log:pre;eid:15923;call:sent;type:cancel;order:buy;asset:Y;price:93;qty:null;orderid:od_1673165677445107;respmessg:null;message:YesFairPriceChange,NewBuyParams
INFO:order:2023-01-09 17:17:23,580;log:post;eid:15923;call:response;type:cancel;order:buy;asset:Y;price:93;qty:null;orderid:od_1673165677445107;respmessg:null;message:YesFairPriceChange,NewBuyParams
INFO:order:2023-01-09 17:17:24,046;log:pre;eid:15923;call:sent;type:place;order:buy;asset:Y;price:81;qty:99;orderid:buysend;respmessg:null;message:YesFairPriceChange,ScalpingYes,BasicBuy,atbest+1
INFO:order:2023-01-09 17:17:25,048;log:post;eid:15923;call:response;type:place;order:buy;asset:Y;price:81;qty:99;orderid:od_1673165677445141;respmessg:null;message:YesFairPriceChange,ScalpingYes,BasicBuy,atbest+1
INFO:order:2023-01-09 17:24:27,223;log:pre;eid:15923;call:sent;type:cancel;order:buy;asset:Y;price:81;qty:null;orderid:od_1673165677445141;respmessg:null;message:YesSignalZeroHolding,NewBuyParams
INFO:order:2023-01-09 17:24:28,488;log:post;eid:15923;call:response;type:cancel;order:buy;asset:Y;price:81;qty:null;orderid:od_1673165677445141;respmessg:null;message:YesSignalZeroHolding,NewBuyParams
INFO:order:2023-01-09 17:24:29,213;log:pre;eid:15923;call:sent;type:place;order:buy;asset:Y;price:91;qty:99;orderid:buysend;respmessg:null;message:YesSignalZeroHolding,ScalpingYes,BasicBuy,atbest+1
INFO:order:2023-01-09 17:24:30,317;log:post;eid:15923;call:response;type:place;order:buy;asset:Y;price:91;qty:99;orderid:od_1673165677445189;respmessg:null;message:YesSignalZeroHolding,ScalpingYes,BasicBuy,atbest+1
INFO:order:2023-01-09 17:35:29,547;log:pre;eid:15942;call:sent;type:cancel;order:buy;asset:Y;price:41;qty:null;orderid:od_1673165677445090;respmessg:null;message:YesSignalZeroHolding,PausingBuy
INFO:order:2023-01-09 17:35:30,568;log:post;eid:15942;call:response;type:cancel;order:buy;asset:Y;price:41;qty:null;orderid:od_1673165677445090;respmessg:null;message:YesSignalZeroHolding,PausingBuy
INFO:order:2023-01-09 18:41:50,134;log:pre;eid:15940;call:sent;type:cancel;order:buy;asset:Y;price:76;qty:null;orderid:od_1673165677443732;respmessg:null;message:YesSignalZeroHolding,NewBuyParams
INFO:order:2023-01-09 18:41:51,138;log:post;eid:15940;call:response;type:cancel;order:buy;asset:Y;price:76;qty:null;orderid:od_1673165677443732;respmessg:null;message:YesSignalZeroHolding,NewBuyParams
INFO:order:2023-01-09 18:41:51,525;log:pre;eid:15940;call:sent;type:place;order:buy;asset:Y;price:2;qty:75;orderid:buysend;respmessg:null;message:YesSignalZeroHolding,ScalpingYes,BasicBuy,atbest+1
INFO:order:2023-01-09 18:41:52,495;log:post;eid:15940;call:response;type:place;order:buy;asset:Y;price:2;qty:75;orderid:od_1673165677445970;respmessg:null;message:YesSignalZeroHolding,ScalpingYes,BasicBuy,atbest+1
INFO:order:2023-01-09 19:00:30,008;log:pre;eid:15942;call:sent;type:place;order:buy;asset:Y;price:41;qty:50;orderid:buysend;respmessg:null;message:YesSignalZeroHolding,ScalpingYes,BasicBuy,atbest+1
INFO:order:2023-01-09 19:00:31,003;log:post;eid:15942;call:response;type:place;order:buy;asset:Y;price:41;qty:50;orderid:od_1673165677446312;respmessg:null;message:YesSignalZeroHolding,ScalpingYes,BasicBuy,atbest+1
INFO:order:2023-01-09 19:01:17,123;log:pre;eid:15941;call:sent;type:cancel;order:buy;asset:Y;price:6;qty:null;orderid:od_1673165677444068;respmessg:null;message:YesSignalZeroHolding,NewBuyParams
INFO:order:2023-01-09 19:01:18,135;log:post;eid:15941;call:response;type:cancel;order:buy;asset:Y;price:6;qty:null;orderid:od_1673165677444068;respmessg:null;message:YesSignalZeroHolding,NewBuyParams
INFO:order:2023-01-09 19:01:18,510;log:pre;eid:15941;call:sent;type:place;order:buy;asset:Y;price:8;qty:50;orderid:buysend;respmessg:null;message:YesSignalZeroHolding,ScalpingYes,BasicBuy,atbest+1
INFO:order:2023-01-09 19:01:19,486;log:post;eid:15941;call:response;type:place;order:buy;asset:Y;price:8;qty:50;orderid:od_1673165677446351;respmessg:null;message:YesSignalZeroHolding,ScalpingYes,BasicBuy,atbest+1
INFO:order:2023-01-09 19:02:02,819;log:pre;eid:15940;call:sent;type:cancel;order:buy;asset:Y;price:2;qty:null;orderid:od_1673165677445970;respmessg:null;message:YesSignalZeroHolding,NewBuyParams
INFO:order:2023-01-09 19:02:03,846;log:post;eid:15940;call:response;type:cancel;order:buy;asset:Y;price:2;qty:null;orderid:od_1673165677445970;respmessg:null;message:YesSignalZeroHolding,NewBuyParams
INFO:order:2023-01-09 19:02:04,250;log:pre;eid:15940;call:sent;type:place;order:buy;asset:Y;price:6;qty:50;orderid:buysend;respmessg:null;message:YesSignalZeroHolding,ScalpingYes,BasicBuy,atbest+1
INFO:order:2023-01-09 19:02:05,229;log:post;eid:15940;call:response;type:place;order:buy;asset:Y;price:6;qty:50;orderid:od_1673165677446376;respmessg:null;message:YesSignalZeroHolding,ScalpingYes,BasicBuy,atbest+1
INFO:order:2023-01-09 19:06:42,049;log:pre;eid:15943;call:sent;type:place;order:buy;asset:Y;price:4;qty:50;orderid:buysend;respmessg:null;message:YesSignalZeroHolding,ScalpingYes,BasicBuy,atbest+1
INFO:order:2023-01-09 19:06:43,048;log:post;eid:15943;call:response;type:place;order:buy;asset:Y;price:4;qty:50;orderid:od_1673165677446445;respmessg:null;message:YesSignalZeroHolding,ScalpingYes,BasicBuy,atbest+1
INFO:order:2023-01-09 19:20:27,078;log:pre;eid:15943;call:sent;type:cancel;order:buy;asset:Y;price:4;qty:null;orderid:od_1673165677446445;respmessg:null;message:YesSignalZeroHolding,PausingBuy
INFO:order:2023-01-09 19:20:28,057;log:post;eid:15943;call:response;type:cancel;order:buy;asset:Y;price:4;qty:null;orderid:od_1673165677446445;respmessg:null;message:YesSignalZeroHolding,PausingBuy
INFO:order:2023-01-09 19:21:10,670;log:pre;eid:15942;call:sent;type:cancel;order:buy;asset:Y;price:41;qty:null;orderid:od_1673165677446312;respmessg:null;message:YesSignalZeroHolding,NewBuyParams
INFO:order:2023-01-09 19:21:11,648;log:post;eid:15942;call:response;type:cancel;order:buy;asset:Y;price:41;qty:null;orderid:od_1673165677446312;respmessg:null;message:YesSignalZeroHolding,NewBuyParams
INFO:order:2023-01-09 19:21:12,087;log:pre;eid:15942;call:sent;type:place;order:buy;asset:Y;price:91;qty:50;orderid:buysend;respmessg:null;message:YesSignalZeroHolding,ScalpingYes,BasicBuy,atbest+1
INFO:order:2023-01-09 19:21:13,052;log:post;eid:15942;call:response;type:place;order:buy;asset:Y;price:91;qty:50;orderid:od_1673165677446687;respmessg:null;message:YesSignalZeroHolding,ScalpingYes,BasicBuy,atbest+1
INFO:order:2023-01-09 19:25:45,687;log:pre;eid:15945;call:sent;type:place;order:buy;asset:N;price:6;qty:50;orderid:buysend;respmessg:null;message:NoSignalZeroHolding,ScalpingNo,BasicBuy,atbest+1
INFO:order:2023-01-09 19:25:46,678;log:post;eid:15945;call:response;type:place;order:buy;asset:N;price:6;qty:50;orderid:od_1673165677446781;respmessg:null;message:NoSignalZeroHolding,ScalpingNo,BasicBuy,atbest+1
INFO:order:2023-01-09 19:27:56,562;log:pre;eid:15942;call:sent;type:place;order:sell;asset:Y;price:98;qty:6;orderid:sellsend;respmessg:null;message:HoldYesQtyChange,SellingYesNewQty,ProfitSell,atBetter
INFO:order:2023-01-09 19:27:57,605;log:post;eid:15942;call:response;type:place;order:sell;asset:Y;price:98;qty:6;orderid:od_1673165677446822;respmessg:null;message:HoldYesQtyChange,SellingYesNewQty,ProfitSell,atBetter
INFO:order:2023-01-09 19:28:01,002;log:pre;eid:15942;call:sent;type:cancel;order:sell;asset:Y;price:98;qty:null;orderid:od_1673165677446822;respmessg:null;message:YesFairPriceChange,PausingSell
INFO:order:2023-01-09 19:28:02,136;log:post;eid:15942;call:response;type:cancel;order:sell;asset:Y;price:98;qty:null;orderid:od_1673165677446822;respmessg:null;message:YesFairPriceChange,PausingSell
INFO:order:2023-01-09 19:34:47,013;log:pre;eid:15942;call:sent;type:cancel;order:buy;asset:Y;price:91;qty:null;orderid:od_1673165677446687;respmessg:null;message:YesFairPriceChange,NewBuyParams
INFO:order:2023-01-09 19:34:48,035;log:post;eid:15942;call:response;type:cancel;order:buy;asset:Y;price:91;qty:null;orderid:od_1673165677446687;respmessg:null;message:YesFairPriceChange,NewBuyParams
INFO:order:2023-01-09 19:34:48,531;log:pre;eid:15942;call:sent;type:place;order:buy;asset:Y;price:93;qty:75;orderid:buysend;respmessg:null;message:YesFairPriceChange,ScalpingYes,BasicBuy,atbest+1
INFO:order:2023-01-09 19:34:49,529;log:post;eid:15942;call:response;type:place;order:buy;asset:Y;price:93;qty:75;orderid:od_1673165677446913;respmessg:null;message:YesFairPriceChange,ScalpingYes,BasicBuy,atbest+1
INFO:order:2023-01-09 19:39:13,650;log:pre;eid:15945;call:sent;type:cancel;order:buy;asset:N;price:6;qty:null;orderid:od_1673165677446781;respmessg:null;message:NoSignalZeroHolding,NewBuyParams
INFO:order:2023-01-09 19:39:14,649;log:post;eid:15945;call:response;type:cancel;order:buy;asset:N;price:6;qty:null;orderid:od_1673165677446781;respmessg:null;message:NoSignalZeroHolding,NewBuyParams
INFO:order:2023-01-09 19:39:15,088;log:pre;eid:15945;call:sent;type:place;order:buy;asset:N;price:2;qty:50;orderid:buysend;respmessg:null;message:NoSignalZeroHolding,ScalpingNo,BasicBuy,atbest+1
INFO:order:2023-01-09 19:39:16,083;log:post;eid:15945;call:response;type:place;order:buy;asset:N;price:2;qty:50;orderid:od_1673165677447020;respmessg:null;message:NoSignalZeroHolding,ScalpingNo,BasicBuy,atbest+1
INFO:order:2023-01-09 19:41:28,087;log:pre;eid:15942;call:sent;type:cancel;order:buy;asset:Y;price:93;qty:null;orderid:od_1673165677446913;respmessg:null;message:YesFairPriceChange,NewBuyParams
INFO:order:2023-01-09 19:41:29,160;log:post;eid:15942;call:response;type:cancel;order:buy;asset:Y;price:93;qty:null;orderid:od_1673165677446913;respmessg:null;message:YesFairPriceChange,NewBuyParams
INFO:order:2023-01-09 19:41:29,786;log:pre;eid:15942;call:sent;type:place;order:buy;asset:Y;price:95;qty:75;orderid:buysend;respmessg:null;message:YesFairPriceChange,ScalpingYes,BasicBuy,atbest+1
INFO:order:2023-01-09 19:41:30,885;log:post;eid:15942;call:response;type:place;order:buy;asset:Y;price:95;qty:75;orderid:od_1673165677447079;respmessg:null;message:YesFairPriceChange,ScalpingYes,BasicBuy,atbest+1
INFO:order:2023-01-09 19:50:47,512;log:pre;eid:15939;call:sent;type:cancel;order:buy;asset:Y;price:81;qty:null;orderid:od_1673165677444432;respmessg:null;message:YesSignalZeroHolding,NewBuyParams
INFO:order:2023-01-09 19:50:48,526;log:post;eid:15939;call:response;type:cancel;order:buy;asset:Y;price:81;qty:null;orderid:od_1673165677444432;respmessg:null;message:YesSignalZeroHolding,NewBuyParams
INFO:order:2023-01-09 19:50:48,883;log:pre;eid:15939;call:sent;type:place;order:buy;asset:Y;price:2;qty:75;orderid:buysend;respmessg:null;message:YesSignalZeroHolding,ScalpingYes,BasicBuy,atbest+1
INFO:order:2023-01-09 19:50:49,876;log:post;eid:15939;call:response;type:place;order:buy;asset:Y;price:2;qty:75;orderid:od_1673165677447356;respmessg:null;message:YesSignalZeroHolding,ScalpingYes,BasicBuy,atbest+1
INFO:order:2023-01-09 19:51:35,042;log:pre;eid:15923;call:sent;type:cancel;order:buy;asset:Y;price:91;qty:null;orderid:od_1673165677445189;respmessg:null;message:YesSignalZeroHolding,NewBuyParams
INFO:order:2023-01-09 19:51:36,010;log:post;eid:15923;call:response;type:cancel;order:buy;asset:Y;price:91;qty:null;orderid:od_1673165677445189;respmessg:null;message:YesSignalZeroHolding,NewBuyParams
INFO:order:2023-01-09 19:51:36,439;log:pre;eid:15923;call:sent;type:place;order:buy;asset:Y;price:81;qty:99;orderid:buysend;respmessg:null;message:YesSignalZeroHolding,ScalpingYes,BasicBuy,atbest+1
INFO:order:2023-01-09 19:51:37,419;log:post;eid:15923;call:response;type:place;order:buy;asset:Y;price:81;qty:99;orderid:od_1673165677447389;respmessg:null;message:YesSignalZeroHolding,ScalpingYes,BasicBuy,atbest+1
INFO:order:2023-01-09 19:53:20,291;log:pre;eid:15945;call:sent;type:cancel;order:buy;asset:N;price:2;qty:null;orderid:od_1673165677447020;respmessg:null;message:NoSignalZeroHolding,PausingBuy
INFO:order:2023-01-09 19:53:21,311;log:post;eid:15945;call:response;type:cancel;order:buy;asset:N;price:2;qty:null;orderid:od_1673165677447020;respmessg:null;message:NoSignalZeroHolding,PausingBuy
INFO:order:2023-01-09 20:14:15,493;log:pre;eid:15945;call:sent;type:place;order:buy;asset:N;price:2;qty:50;orderid:buysend;respmessg:null;message:NoSignalZeroHolding,ScalpingNo,BasicBuy,atbest+1
INFO:order:2023-01-09 20:14:16,452;log:post;eid:15945;call:response;type:place;order:buy;asset:N;price:2;qty:50;orderid:od_1673165677447936;respmessg:null;message:NoSignalZeroHolding,ScalpingNo,BasicBuy,atbest+1
INFO:order:2023-01-09 20:16:33,172;log:pre;eid:15942;call:sent;type:place;order:sell;asset:Y;price:98;qty:11;orderid:sellsend;respmessg:null;message:HoldYesQtyChange,SellingYesNewQty,ProfitSell,atBetter
INFO:order:2023-01-09 20:16:34,244;log:post;eid:15942;call:response;type:place;order:sell;asset:Y;price:98;qty:11;orderid:od_1673165677447946;respmessg:null;message:HoldYesQtyChange,SellingYesNewQty,ProfitSell,atBetter
INFO:order:2023-01-09 20:16:37,604;log:pre;eid:15942;call:sent;type:cancel;order:sell;asset:Y;price:98;qty:null;orderid:od_1673165677447946;respmessg:null;message:YesFairPriceChange,PausingSell
INFO:order:2023-01-09 20:16:38,687;log:post;eid:15942;call:response;type:cancel;order:sell;asset:Y;price:98;qty:null;orderid:od_1673165677447946;respmessg:null;message:YesFairPriceChange,PausingSell
INFO:order:2023-01-09 20:21:15,452;log:pre;eid:15945;call:sent;type:cancel;order:buy;asset:N;price:2;qty:null;orderid:od_1673165677447936;respmessg:null;message:NoSignalZeroHolding,PausingBuy
INFO:order:2023-01-09 20:21:16,430;log:post;eid:15945;call:response;type:cancel;order:buy;asset:N;price:2;qty:null;orderid:od_1673165677447936;respmessg:null;message:NoSignalZeroHolding,PausingBuy
INFO:order:2023-01-09 20:36:37,090;log:pre;eid:15943;call:sent;type:place;order:buy;asset:Y;price:3;qty:50;orderid:buysend;respmessg:null;message:YesSignalZeroHolding,ScalpingYes,BasicBuy,atbest+1
INFO:order:2023-01-09 20:36:38,062;log:post;eid:15943;call:response;type:place;order:buy;asset:Y;price:3;qty:50;orderid:od_1673165677448196;respmessg:null;message:YesSignalZeroHolding,ScalpingYes,BasicBuy,atbest+1
INFO:order:2023-01-09 20:39:33,107;log:pre;eid:15939;call:sent;type:cancel;order:buy;asset:Y;price:2;qty:null;orderid:od_1673165677447356;respmessg:null;message:YesSignalZeroHolding,NewBuyParams
INFO:order:2023-01-09 20:39:34,085;log:post;eid:15939;call:response;type:cancel;order:buy;asset:Y;price:2;qty:null;orderid:od_1673165677447356;respmessg:null;message:YesSignalZeroHolding,NewBuyParams
INFO:order:2023-01-09 20:39:34,487;log:pre;eid:15939;call:sent;type:place;order:buy;asset:Y;price:6;qty:50;orderid:buysend;respmessg:null;message:YesSignalZeroHolding,ScalpingYes,BasicBuy,atbest+1
INFO:order:2023-01-09 20:39:35,449;log:post;eid:15939;call:response;type:place;order:buy;asset:Y;price:6;qty:50;orderid:od_1673165677448278;respmessg:null;message:YesSignalZeroHolding,ScalpingYes,BasicBuy,atbest+1
INFO:order:2023-01-09 20:50:28,290;log:pre;eid:15943;call:sent;type:cancel;order:buy;asset:Y;price:3;qty:null;orderid:od_1673165677448196;respmessg:null;message:YesSignalZeroHolding,PausingBuy
INFO:order:2023-01-09 20:50:29,319;log:post;eid:15943;call:response;type:cancel;order:buy;asset:Y;price:3;qty:null;orderid:od_1673165677448196;respmessg:null;message:YesSignalZeroHolding,PausingBuy
INFO:order:2023-01-09 21:02:50,840;log:pre;eid:15945;call:sent;type:place;order:buy;asset:N;price:31;qty:50;orderid:buysend;respmessg:null;message:NoSignalZeroHolding,ScalpingNo,BasicBuy,atbest+1
INFO:order:2023-01-09 21:02:51,864;log:post;eid:15945;call:response;type:place;order:buy;asset:N;price:31;qty:50;orderid:od_1673165677448680;respmessg:null;message:NoSignalZeroHolding,ScalpingNo,BasicBuy,atbest+1
INFO:order:2023-01-09 21:10:07,596;log:pre;eid:15945;call:sent;type:cancel;order:buy;asset:N;price:31;qty:null;orderid:od_1673165677448680;respmessg:null;message:NoSignalZeroHolding,PausingBuy
INFO:order:2023-01-09 21:10:08,602;log:post;eid:15945;call:response;type:cancel;order:buy;asset:N;price:31;qty:null;orderid:od_1673165677448680;respmessg:null;message:NoSignalZeroHolding,PausingBuy
INFO:order:2023-01-09 21:11:38,251;log:pre;eid:15943;call:sent;type:place;order:buy;asset:Y;price:3;qty:50;orderid:buysend;respmessg:null;message:YesSignalZeroHolding,ScalpingYes,BasicBuy,atbest+1
INFO:order:2023-01-09 21:11:39,258;log:post;eid:15943;call:response;type:place;order:buy;asset:Y;price:3;qty:50;orderid:od_1673165677448745;respmessg:null;message:YesSignalZeroHolding,ScalpingYes,BasicBuy,atbest+1
INFO:order:2023-01-09 21:26:21,492;log:pre;eid:15942;call:sent;type:cancel;order:buy;asset:Y;price:95.0;qty:null;orderid:od_1673165677447079;respmessg:null;message:YesFairPriceChange,NewBuyParams
INFO:order:2023-01-09 21:26:22,047;log:post;eid:15942;call:response;type:cancel;order:buy;asset:Y;price:95.0;qty:null;orderid:od_1673165677447079;respmessg:notsuccess;message:YesFairPriceChange,NewBuyParams
INFO:order:2023-01-09 21:26:22,388;log:pre;eid:15942;call:sent;type:place;order:buy;asset:Y;price:96;qty:75;orderid:buysend;respmessg:null;message:YesFairPriceChange,ScalpingYes,BasicBuy,atbest+1
INFO:order:2023-01-09 21:26:23,341;log:post;eid:15942;call:response;type:place;order:buy;asset:Y;price:96;qty:75;orderid:od_1673165677448820;respmessg:null;message:YesFairPriceChange,ScalpingYes,BasicBuy,atbest+1
INFO:order:2023-01-09 21:31:10,405;log:pre;eid:15945;call:sent;type:place;order:buy;asset:N;price:2;qty:50;orderid:buysend;respmessg:null;message:NoSignalZeroHolding,ScalpingNo,BasicBuy,atbest+1
INFO:order:2023-01-09 21:31:11,387;log:post;eid:15945;call:response;type:place;order:buy;asset:N;price:2;qty:50;orderid:od_1673165677448845;respmessg:null;message:NoSignalZeroHolding,ScalpingNo,BasicBuy,atbest+1
INFO:order:2023-01-09 21:36:37,543;log:pre;eid:15923;call:sent;type:place;order:buy;asset:Y;price:99;qty:2;orderid:buysend;respmessg:null;message:absorbing orderbook
INFO:order:2023-01-09 21:36:38,621;log:post;eid:15923;call:response;type:place;order:buy;asset:Y;price:99;qty:2;orderid:od_1673165677448925;respmessg:null;message:absorbing orderbook
INFO:order:2023-01-09 21:45:15,654;log:pre;eid:15945;call:sent;type:cancel;order:buy;asset:N;price:2;qty:null;orderid:od_1673165677448845;respmessg:null;message:NoSignalZeroHolding,PausingBuy
INFO:order:2023-01-09 21:45:16,619;log:post;eid:15945;call:response;type:cancel;order:buy;asset:N;price:2;qty:null;orderid:od_1673165677448845;respmessg:null;message:NoSignalZeroHolding,PausingBuy
INFO:order:2023-01-09 21:59:57,143;log:pre;eid:15944;call:sent;type:place;order:buy;asset:Y;price:3;qty:50;orderid:buysend;respmessg:null;message:YesSignalZeroHolding,ScalpingYes,BasicBuy,atbest+1
INFO:order:2023-01-09 21:59:58,378;log:post;eid:15944;call:response;type:place;order:buy;asset:Y;price:3;qty:50;orderid:od_1673165677449058;respmessg:null;message:YesSignalZeroHolding,ScalpingYes,BasicBuy,atbest+1
INFO:order:2023-01-09 22:02:15,250;log:pre;eid:15941;call:sent;type:cancel;order:buy;asset:Y;price:8;qty:null;orderid:od_1673165677446351;respmessg:null;message:YesSignalZeroHolding,NewBuyParams
INFO:order:2023-01-09 22:02:16,216;log:post;eid:15941;call:response;type:cancel;order:buy;asset:Y;price:8;qty:null;orderid:od_1673165677446351;respmessg:null;message:YesSignalZeroHolding,NewBuyParams
INFO:order:2023-01-09 22:02:16,571;log:pre;eid:15941;call:sent;type:place;order:buy;asset:Y;price:51;qty:50;orderid:buysend;respmessg:null;message:YesSignalZeroHolding,ScalpingYes,BasicBuy,atbest+1
INFO:order:2023-01-09 22:02:17,552;log:post;eid:15941;call:response;type:place;order:buy;asset:Y;price:51;qty:50;orderid:od_1673165677449082;respmessg:null;message:YesSignalZeroHolding,ScalpingYes,BasicBuy,atbest+1
INFO:order:2023-01-09 22:07:07,700;log:pre;eid:15944;call:sent;type:cancel;order:buy;asset:Y;price:3;qty:null;orderid:od_1673165677449058;respmessg:null;message:YesSignalZeroHolding,NewBuyParams
INFO:order:2023-01-09 22:07:08,673;log:post;eid:15944;call:response;type:cancel;order:buy;asset:Y;price:3;qty:null;orderid:od_1673165677449058;respmessg:null;message:YesSignalZeroHolding,NewBuyParams
INFO:order:2023-01-09 22:07:09,120;log:pre;eid:15944;call:sent;type:place;order:buy;asset:Y;price:51;qty:50;orderid:buysend;respmessg:null;message:YesSignalZeroHolding,ScalpingYes,BasicBuy,atbest+1
INFO:order:2023-01-09 22:07:10,090;log:post;eid:15944;call:response;type:place;order:buy;asset:Y;price:51;qty:50;orderid:od_1673165677449212;respmessg:null;message:YesSignalZeroHolding,ScalpingYes,BasicBuy,atbest+1
INFO:order:2023-01-09 22:10:14,261;log:pre;eid:15940;call:sent;type:cancel;order:buy;asset:Y;price:6;qty:null;orderid:od_1673165677446376;respmessg:null;message:YesSignalZeroHolding,NewBuyParams
INFO:order:2023-01-09 22:10:15,240;log:post;eid:15940;call:response;type:cancel;order:buy;asset:Y;price:6;qty:null;orderid:od_1673165677446376;respmessg:null;message:YesSignalZeroHolding,NewBuyParams
INFO:order:2023-01-09 22:10:15,582;log:pre;eid:15940;call:sent;type:place;order:buy;asset:Y;price:8;qty:50;orderid:buysend;respmessg:null;message:YesSignalZeroHolding,ScalpingYes,BasicBuy,atbest+1
INFO:order:2023-01-09 22:10:16,550;log:post;eid:15940;call:response;type:place;order:buy;asset:Y;price:8;qty:50;orderid:od_1673165677449288;respmessg:null;message:YesSignalZeroHolding,ScalpingYes,BasicBuy,atbest+1
INFO:order:2023-01-09 22:11:05,559;log:pre;eid:15939;call:sent;type:cancel;order:buy;asset:Y;price:6;qty:null;orderid:od_1673165677448278;respmessg:null;message:YesSignalZeroHolding,NewBuyParams
INFO:order:2023-01-09 22:11:06,640;log:post;eid:15939;call:response;type:cancel;order:buy;asset:Y;price:6;qty:null;orderid:od_1673165677448278;respmessg:null;message:YesSignalZeroHolding,NewBuyParams
INFO:order:2023-01-09 22:11:07,166;log:pre;eid:15939;call:sent;type:place;order:buy;asset:Y;price:8;qty:50;orderid:buysend;respmessg:null;message:YesSignalZeroHolding,ScalpingYes,BasicBuy,atbest+1
INFO:order:2023-01-09 22:11:08,362;log:post;eid:15939;call:response;type:place;order:buy;asset:Y;price:8;qty:50;orderid:od_1673165677449319;respmessg:null;message:YesSignalZeroHolding,ScalpingYes,BasicBuy,atbest+1
INFO:order:2023-01-09 22:11:56,189;log:pre;eid:15923;call:sent;type:place;order:sell;asset:Y;price:99;qty:5;orderid:sellsend;respmessg:null;message:HoldYesQtyChange,SellingYesNewQty,ProfitSell,atBetter
INFO:order:2023-01-09 22:11:57,172;log:post;eid:15923;call:response;type:place;order:sell;asset:Y;price:99;qty:5;orderid:od_1673165677449343;respmessg:null;message:HoldYesQtyChange,SellingYesNewQty,ProfitSell,atBetter
INFO:order:2023-01-09 22:12:01,971;log:pre;eid:15923;call:sent;type:place;order:buy;asset:Y;price:99;qty:5;orderid:buysend;respmessg:null;message:absorbing orderbook
INFO:order:2023-01-09 22:12:03,302;log:post;eid:15923;call:response;type:place;order:buy;asset:Y;price:99;qty:5;orderid:od_1673165677449350;respmessg:null;message:absorbing orderbook
INFO:order:2023-01-09 22:15:59,790;log:pre;eid:15942;call:sent;type:place;order:sell;asset:Y;price:98;qty:16;orderid:sellsend;respmessg:null;message:HoldYesQtyChange,SellingYesNewQty,ProfitSell,atBetter
INFO:order:2023-01-09 22:16:00,868;log:post;eid:15942;call:response;type:place;order:sell;asset:Y;price:98;qty:16;orderid:od_1673165677449470;respmessg:null;message:HoldYesQtyChange,SellingYesNewQty,ProfitSell,atBetter
INFO:order:2023-01-09 22:16:04,227;log:pre;eid:15942;call:sent;type:cancel;order:sell;asset:Y;price:98;qty:null;orderid:od_1673165677449470;respmessg:null;message:YesFairPriceChange,PausingSell
INFO:order:2023-01-09 22:16:05,214;log:post;eid:15942;call:response;type:cancel;order:sell;asset:Y;price:98;qty:null;orderid:od_1673165677449470;respmessg:null;message:YesFairPriceChange,PausingSell
INFO:order:2023-01-09 22:16:37,539;log:pre;eid:15941;call:sent;type:cancel;order:buy;asset:Y;price:51;qty:null;orderid:od_1673165677449082;respmessg:null;message:YesSignalZeroHolding,NewBuyParams
INFO:order:2023-01-09 22:16:38,539;log:post;eid:15941;call:response;type:cancel;order:buy;asset:Y;price:51;qty:null;orderid:od_1673165677449082;respmessg:null;message:YesSignalZeroHolding,NewBuyParams
INFO:order:2023-01-09 22:16:38,904;log:pre;eid:15941;call:sent;type:place;order:buy;asset:Y;price:61;qty:75;orderid:buysend;respmessg:null;message:YesSignalZeroHolding,ScalpingYes,BasicBuy,atbest+1
INFO:order:2023-01-09 22:16:39,940;log:post;eid:15941;call:response;type:place;order:buy;asset:Y;price:61;qty:75;orderid:od_1673165677449488;respmessg:null;message:YesSignalZeroHolding,ScalpingYes,BasicBuy,atbest+1
INFO:order:2023-01-09 22:17:29,225;log:pre;eid:15940;call:sent;type:cancel;order:buy;asset:Y;price:8;qty:null;orderid:od_1673165677449288;respmessg:null;message:YesSignalZeroHolding,NewBuyParams
INFO:order:2023-01-09 22:17:30,322;log:post;eid:15940;call:response;type:cancel;order:buy;asset:Y;price:8;qty:null;orderid:od_1673165677449288;respmessg:null;message:YesSignalZeroHolding,NewBuyParams
INFO:order:2023-01-09 22:17:30,948;log:pre;eid:15940;call:sent;type:place;order:buy;asset:Y;price:51;qty:50;orderid:buysend;respmessg:null;message:YesSignalZeroHolding,ScalpingYes,BasicBuy,atbest+1
INFO:order:2023-01-09 22:17:32,060;log:post;eid:15940;call:response;type:place;order:buy;asset:Y;price:51;qty:50;orderid:od_1673165677449513;respmessg:null;message:YesSignalZeroHolding,ScalpingYes,BasicBuy,atbest+1
INFO:order:2023-01-09 22:19:11,762;log:pre;eid:15923;call:sent;type:cancel;order:buy;asset:Y;price:99;qty:null;orderid:od_1673165677449350;respmessg:null;message:YesFairPriceChange,NewBuyParams
INFO:order:2023-01-09 22:19:12,933;log:post;eid:15923;call:response;type:cancel;order:buy;asset:Y;price:99;qty:null;orderid:od_1673165677449350;respmessg:null;message:YesFairPriceChange,NewBuyParams
INFO:order:2023-01-09 22:19:12,940;log:pre;eid:15923;call:sent;type:cancel;order:buy;asset:Y;price:81;qty:null;orderid:od_1673165677447389;respmessg:null;message:YesFairPriceChange,NewBuyParams
INFO:order:2023-01-09 22:19:13,951;log:post;eid:15923;call:response;type:cancel;order:buy;asset:Y;price:81;qty:null;orderid:od_1673165677447389;respmessg:null;message:YesFairPriceChange,NewBuyParams
INFO:order:2023-01-09 22:19:14,482;log:pre;eid:15923;call:sent;type:place;order:buy;asset:Y;price:81;qty:75;orderid:buysend;respmessg:null;message:YesFairPriceChange,ScalpingYes,BasicBuy,atbest+1
INFO:order:2023-01-09 22:19:15,482;log:post;eid:15923;call:response;type:place;order:buy;asset:Y;price:81;qty:75;orderid:od_1673165677449570;respmessg:null;message:YesFairPriceChange,ScalpingYes,BasicBuy,atbest+1
INFO:order:2023-01-09 22:19:16,480;log:pre;eid:15923;call:sent;type:cancel;order:sell;asset:Y;price:99;qty:null;orderid:od_1673165677449343;respmessg:null;message:YesFairPriceChange,PausingSell
INFO:order:2023-01-09 22:19:17,476;log:post;eid:15923;call:response;type:cancel;order:sell;asset:Y;price:99;qty:null;orderid:od_1673165677449343;respmessg:null;message:YesFairPriceChange,PausingSell
INFO:order:2023-01-09 22:23:26,297;log:pre;eid:15941;call:sent;type:cancel;order:buy;asset:Y;price:61;qty:null;orderid:od_1673165677449488;respmessg:null;message:YesSignalZeroHolding,NewBuyParams
INFO:order:2023-01-09 22:23:27,299;log:post;eid:15941;call:response;type:cancel;order:buy;asset:Y;price:61;qty:null;orderid:od_1673165677449488;respmessg:null;message:YesSignalZeroHolding,NewBuyParams
INFO:order:2023-01-09 22:23:27,653;log:pre;eid:15941;call:sent;type:place;order:buy;asset:Y;price:51;qty:99;orderid:buysend;respmessg:null;message:YesSignalZeroHolding,ScalpingYes,BasicBuy,atbest+1
INFO:order:2023-01-09 22:23:28,623;log:post;eid:15941;call:response;type:place;order:buy;asset:Y;price:51;qty:99;orderid:od_1673165677449667;respmessg:null;message:YesSignalZeroHolding,ScalpingYes,BasicBuy,atbest+1
INFO:order:2023-01-09 22:25:02,304;log:pre;eid:15939;call:sent;type:cancel;order:buy;asset:Y;price:8;qty:null;orderid:od_1673165677449319;respmessg:null;message:YesSignalZeroHolding,NewBuyParams
INFO:order:2023-01-09 22:25:03,401;log:post;eid:15939;call:response;type:cancel;order:buy;asset:Y;price:8;qty:null;orderid:od_1673165677449319;respmessg:null;message:YesSignalZeroHolding,NewBuyParams
INFO:order:2023-01-09 22:25:04,143;log:pre;eid:15939;call:sent;type:place;order:buy;asset:Y;price:96;qty:50;orderid:buysend;respmessg:null;message:YesSignalZeroHolding,ScalpingYes,BasicBuy,atbest+1
INFO:order:2023-01-09 22:25:05,202;log:post;eid:15939;call:response;type:place;order:buy;asset:Y;price:96;qty:50;orderid:od_1673165677449713;respmessg:null;message:YesSignalZeroHolding,ScalpingYes,BasicBuy,atbest+1
INFO:order:2023-01-09 22:25:51,704;log:pre;eid:15923;call:sent;type:place;order:sell;asset:Y;price:99;qty:5;orderid:sellsend;respmessg:null;message:YesFairPriceChange,SellingBoughtQty,ProfitSell,atBetter
INFO:order:2023-01-09 22:25:52,716;log:post;eid:15923;call:response;type:place;order:sell;asset:Y;price:99;qty:5;orderid:od_1673165677449730;respmessg:null;message:YesFairPriceChange,SellingBoughtQty,ProfitSell,atBetter
INFO:order:2023-01-09 22:25:54,175;log:pre;eid:15923;call:sent;type:place;order:buy;asset:Y;price:99;qty:5;orderid:buysend;respmessg:null;message:absorbing orderbook
INFO:order:2023-01-09 22:25:55,148;log:post;eid:15923;call:response;type:place;order:buy;asset:Y;price:99;qty:5;orderid:od_1673165677449732;respmessg:null;message:absorbing orderbook
INFO:order:2023-01-09 22:32:04,747;log:pre;eid:15939;call:sent;type:cancel;order:buy;asset:Y;price:96;qty:null;orderid:od_1673165677449713;respmessg:null;message:YesSignalZeroHolding,NewBuyParams
INFO:order:2023-01-09 22:32:05,734;log:post;eid:15939;call:response;type:cancel;order:buy;asset:Y;price:96;qty:null;orderid:od_1673165677449713;respmessg:null;message:YesSignalZeroHolding,NewBuyParams
INFO:order:2023-01-09 22:32:06,107;log:pre;eid:15939;call:sent;type:place;order:buy;asset:Y;price:51;qty:75;orderid:buysend;respmessg:null;message:YesSignalZeroHolding,ScalpingYes,BasicBuy,atbest+1
INFO:order:2023-01-09 22:32:07,079;log:post;eid:15939;call:response;type:place;order:buy;asset:Y;price:51;qty:75;orderid:od_1673165677449874;respmessg:null;message:YesSignalZeroHolding,ScalpingYes,BasicBuy,atbest+1
INFO:order:2023-01-09 22:32:50,713;log:pre;eid:15923;call:sent;type:cancel;order:sell;asset:Y;price:99;qty:null;orderid:od_1673165677449730;respmessg:null;message:HoldYesQtyChange,HoldQtyChange
INFO:order:2023-01-09 22:32:51,707;log:post;eid:15923;call:response;type:cancel;order:sell;asset:Y;price:99;qty:null;orderid:od_1673165677449730;respmessg:null;message:HoldYesQtyChange,HoldQtyChange
INFO:order:2023-01-09 22:32:52,125;log:pre;eid:15923;call:sent;type:place;order:sell;asset:Y;price:99;qty:4;orderid:sellsend;respmessg:null;message:HoldYesQtyChange,SellingYesNewQty,ProfitSell,atBetter
INFO:order:2023-01-09 22:32:53,107;log:post;eid:15923;call:response;type:place;order:sell;asset:Y;price:99;qty:4;orderid:od_1673165677449881;respmessg:null;message:HoldYesQtyChange,SellingYesNewQty,ProfitSell,atBetter
INFO:order:2023-01-09 22:32:56,265;log:pre;eid:15923;call:sent;type:cancel;order:buy;asset:Y;price:99;qty:null;orderid:od_1673165677449732;respmessg:null;message:YesFairPriceChange,NewBuyParams
INFO:order:2023-01-09 22:32:57,268;log:post;eid:15923;call:response;type:cancel;order:buy;asset:Y;price:99;qty:null;orderid:od_1673165677449732;respmessg:null;message:YesFairPriceChange,NewBuyParams
INFO:order:2023-01-09 22:32:57,271;log:pre;eid:15923;call:sent;type:cancel;order:buy;asset:Y;price:81;qty:null;orderid:od_1673165677449570;respmessg:null;message:YesFairPriceChange,NewBuyParams
INFO:order:2023-01-09 22:32:58,260;log:post;eid:15923;call:response;type:cancel;order:buy;asset:Y;price:81;qty:null;orderid:od_1673165677449570;respmessg:null;message:YesFairPriceChange,NewBuyParams
INFO:order:2023-01-09 22:32:58,631;log:pre;eid:15923;call:sent;type:place;order:buy;asset:Y;price:81;qty:75;orderid:buysend;respmessg:null;message:YesFairPriceChange,ScalpingYes,BasicBuy,atbest+1
INFO:order:2023-01-09 22:32:59,601;log:post;eid:15923;call:response;type:place;order:buy;asset:Y;price:81;qty:75;orderid:od_1673165677449887;respmessg:null;message:YesFairPriceChange,ScalpingYes,BasicBuy,atbest+1
INFO:order:2023-01-09 22:33:00,614;log:pre;eid:15923;call:sent;type:cancel;order:sell;asset:Y;price:99;qty:null;orderid:od_1673165677449881;respmessg:null;message:YesFairPriceChange,PausingSell
INFO:order:2023-01-09 22:33:03,508;log:post;eid:15923;call:response;type:cancel;order:sell;asset:Y;price:99;qty:null;orderid:od_1673165677449881;respmessg:null;message:YesFairPriceChange,PausingSell
INFO:order:2023-01-09 22:37:03,107;log:pre;eid:15942;call:sent;type:cancel;order:buy;asset:Y;price:96.0;qty:null;orderid:od_1673165677448820;respmessg:null;message:YesFairPriceChange,NewBuyParams
INFO:order:2023-01-09 22:37:03,612;log:post;eid:15942;call:response;type:cancel;order:buy;asset:Y;price:96.0;qty:null;orderid:od_1673165677448820;respmessg:notsuccess;message:YesFairPriceChange,NewBuyParams
INFO:order:2023-01-09 22:37:03,615;log:pre;eid:15942;call:sent;type:cancel;order:buy;asset:Y;price:95.0;qty:null;orderid:od_1673165677447079;respmessg:null;message:YesFairPriceChange,NewBuyParams
INFO:order:2023-01-09 22:37:04,094;log:post;eid:15942;call:response;type:cancel;order:buy;asset:Y;price:95.0;qty:null;orderid:od_1673165677447079;respmessg:notsuccess;message:YesFairPriceChange,NewBuyParams
INFO:order:2023-01-09 22:37:04,409;log:pre;eid:15942;call:sent;type:place;order:buy;asset:Y;price:98;qty:75;orderid:buysend;respmessg:null;message:YesFairPriceChange,ScalpingYes,BasicBuy,atbest+1
INFO:order:2023-01-09 22:37:05,337;log:post;eid:15942;call:response;type:place;order:buy;asset:Y;price:98;qty:75;orderid:od_1673165677449918;respmessg:null;message:YesFairPriceChange,ScalpingYes,BasicBuy,atbest+1
INFO:order:2023-01-09 22:39:16,290;log:pre;eid:15939;call:sent;type:cancel;order:buy;asset:Y;price:51;qty:null;orderid:od_1673165677449874;respmessg:null;message:YesSignalZeroHolding,NewBuyParams
INFO:order:2023-01-09 22:39:17,298;log:post;eid:15939;call:response;type:cancel;order:buy;asset:Y;price:51;qty:null;orderid:od_1673165677449874;respmessg:null;message:YesSignalZeroHolding,NewBuyParams
INFO:order:2023-01-09 22:39:17,692;log:pre;eid:15939;call:sent;type:place;order:buy;asset:Y;price:8;qty:75;orderid:buysend;respmessg:null;message:YesSignalZeroHolding,ScalpingYes,BasicBuy,atbest+1
INFO:order:2023-01-09 22:39:18,669;log:post;eid:15939;call:response;type:place;order:buy;asset:Y;price:8;qty:75;orderid:od_1673165677449935;respmessg:null;message:YesSignalZeroHolding,ScalpingYes,BasicBuy,atbest+1
INFO:order:2023-01-09 22:40:09,411;log:pre;eid:15923;call:sent;type:place;order:sell;asset:Y;price:99;qty:4;orderid:sellsend;respmessg:null;message:YesFairPriceChange,SellingBoughtQty,ProfitSell,atBetter
INFO:order:2023-01-09 22:40:10,364;log:post;eid:15923;call:response;type:place;order:sell;asset:Y;price:99;qty:4;orderid:od_1673165677449937;respmessg:null;message:YesFairPriceChange,SellingBoughtQty,ProfitSell,atBetter
INFO:order:2023-01-09 22:40:11,901;log:pre;eid:15923;call:sent;type:place;order:buy;asset:Y;price:99;qty:4;orderid:buysend;respmessg:null;message:absorbing orderbook
INFO:order:2023-01-09 22:40:12,948;log:post;eid:15923;call:response;type:place;order:buy;asset:Y;price:99;qty:4;orderid:od_1673165677449939;respmessg:null;message:absorbing orderbook
INFO:order:2023-01-09 22:47:12,541;log:pre;eid:15923;call:sent;type:cancel;order:buy;asset:Y;price:99;qty:null;orderid:od_1673165677449939;respmessg:null;message:YesFairPriceChange,NewBuyParams
INFO:order:2023-01-09 22:47:13,524;log:post;eid:15923;call:response;type:cancel;order:buy;asset:Y;price:99;qty:null;orderid:od_1673165677449939;respmessg:null;message:YesFairPriceChange,NewBuyParams
INFO:order:2023-01-09 22:47:13,527;log:pre;eid:15923;call:sent;type:cancel;order:buy;asset:Y;price:81;qty:null;orderid:od_1673165677449887;respmessg:null;message:YesFairPriceChange,NewBuyParams
INFO:order:2023-01-09 22:47:14,525;log:post;eid:15923;call:response;type:cancel;order:buy;asset:Y;price:81;qty:null;orderid:od_1673165677449887;respmessg:null;message:YesFairPriceChange,NewBuyParams
INFO:order:2023-01-09 22:47:14,938;log:pre;eid:15923;call:sent;type:place;order:buy;asset:Y;price:81;qty:75;orderid:buysend;respmessg:null;message:YesFairPriceChange,ScalpingYes,BasicBuy,atbest+1
INFO:order:2023-01-09 22:47:15,930;log:post;eid:15923;call:response;type:place;order:buy;asset:Y;price:81;qty:75;orderid:od_1673165677449967;respmessg:null;message:YesFairPriceChange,ScalpingYes,BasicBuy,atbest+1
INFO:order:2023-01-09 22:47:16,981;log:pre;eid:15923;call:sent;type:cancel;order:sell;asset:Y;price:99;qty:null;orderid:od_1673165677449937;respmessg:null;message:YesFairPriceChange,PausingSell
INFO:order:2023-01-09 22:47:17,959;log:post;eid:15923;call:response;type:cancel;order:sell;asset:Y;price:99;qty:null;orderid:od_1673165677449937;respmessg:null;message:YesFairPriceChange,PausingSell
INFO:order:2023-01-09 22:49:40,311;log:pre;eid:15944;call:sent;type:cancel;order:buy;asset:Y;price:51;qty:null;orderid:od_1673165677449212;respmessg:null;message:YesSignalZeroHolding,NewBuyParams
INFO:order:2023-01-09 22:49:41,309;log:post;eid:15944;call:response;type:cancel;order:buy;asset:Y;price:51;qty:null;orderid:od_1673165677449212;respmessg:null;message:YesSignalZeroHolding,NewBuyParams
INFO:order:2023-01-09 22:49:41,737;log:pre;eid:15944;call:sent;type:place;order:buy;asset:Y;price:76;qty:75;orderid:buysend;respmessg:null;message:YesSignalZeroHolding,ScalpingYes,BasicBuy,atbest+1
INFO:order:2023-01-09 22:49:42,752;log:post;eid:15944;call:response;type:place;order:buy;asset:Y;price:76;qty:75;orderid:od_1673165677449985;respmessg:null;message:YesSignalZeroHolding,ScalpingYes,BasicBuy,atbest+1
INFO:order:2023-01-09 22:50:39,063;log:pre;eid:15943;call:sent;type:place;order:buy;asset:Y;price:99;qty:13;orderid:buysend;respmessg:null;message:absorbing orderbook
INFO:order:2023-01-09 22:50:40,045;log:post;eid:15943;call:response;type:place;order:buy;asset:Y;price:99;qty:13;orderid:od_1673165677449993;respmessg:null;message:absorbing orderbook
INFO:order:2023-01-09 22:51:17,019;log:pre;eid:15942;call:sent;type:cancel;order:buy;asset:Y;price:98.0;qty:null;orderid:od_1673165677449918;respmessg:null;message:YesFairPriceChange,NewBuyParams
INFO:order:2023-01-09 22:51:17,533;log:post;eid:15942;call:response;type:cancel;order:buy;asset:Y;price:98.0;qty:null;orderid:od_1673165677449918;respmessg:notsuccess;message:YesFairPriceChange,NewBuyParams
INFO:order:2023-01-09 22:51:17,535;log:pre;eid:15942;call:sent;type:cancel;order:buy;asset:Y;price:96.0;qty:null;orderid:od_1673165677448820;respmessg:null;message:YesFairPriceChange,NewBuyParams
INFO:order:2023-01-09 22:51:18,069;log:post;eid:15942;call:response;type:cancel;order:buy;asset:Y;price:96.0;qty:null;orderid:od_1673165677448820;respmessg:notsuccess;message:YesFairPriceChange,NewBuyParams
INFO:order:2023-01-09 22:51:18,075;log:pre;eid:15942;call:sent;type:cancel;order:buy;asset:Y;price:95.0;qty:null;orderid:od_1673165677447079;respmessg:null;message:YesFairPriceChange,NewBuyParams
INFO:order:2023-01-09 22:51:18,580;log:post;eid:15942;call:response;type:cancel;order:buy;asset:Y;price:95.0;qty:null;orderid:od_1673165677447079;respmessg:notsuccess;message:YesFairPriceChange,NewBuyParams
INFO:order:2023-01-09 22:51:18,946;log:pre;eid:15942;call:sent;type:place;order:buy;asset:Y;price:99;qty:99;orderid:buysend;respmessg:null;message:YesFairPriceChange,ScalpingYes,BasicBuy,atbest
INFO:order:2023-01-09 22:51:20,962;log:post;eid:15942;call:response;type:place;order:buy;asset:Y;price:99;qty:99;orderid:od_1673165677450001;respmessg:null;message:YesFairPriceChange,ScalpingYes,BasicBuy,atbest
INFO:order:2023-01-09 22:54:18,539;log:pre;eid:15923;call:sent;type:place;order:sell;asset:Y;price:99;qty:4;orderid:sellsend;respmessg:null;message:YesFairPriceChange,SellingBoughtQty,ProfitSell,atBetter
INFO:order:2023-01-09 22:54:19,515;log:post;eid:15923;call:response;type:place;order:sell;asset:Y;price:99;qty:4;orderid:od_1673165677450029;respmessg:null;message:YesFairPriceChange,SellingBoughtQty,ProfitSell,atBetter
INFO:order:2023-01-09 22:54:20,934;log:pre;eid:15923;call:sent;type:place;order:buy;asset:Y;price:99;qty:4;orderid:buysend;respmessg:null;message:absorbing orderbook
INFO:order:2023-01-09 22:54:21,925;log:post;eid:15923;call:response;type:place;order:buy;asset:Y;price:99;qty:4;orderid:od_1673165677450031;respmessg:null;message:absorbing orderbook
INFO:order:2023-01-09 22:56:53,579;log:pre;eid:15944;call:sent;type:place;order:buy;asset:Y;price:99;qty:100;orderid:buysend;respmessg:null;message:absorbing orderbook
INFO:order:2023-01-09 22:56:54,561;log:post;eid:15944;call:response;type:place;order:buy;asset:Y;price:99;qty:100;orderid:od_1673165677450072;respmessg:null;message:absorbing orderbook
INFO:order:2023-01-09 22:59:35,817;log:pre;eid:15940;call:sent;type:place;order:sell;asset:Y;price:99;qty:1;orderid:sellsend;respmessg:null;message:HoldYesQtyChange,SellingYesNewQty,ProfitSell,atBetter
INFO:order:2023-01-09 22:59:36,906;log:post;eid:15940;call:response;type:place;order:sell;asset:Y;price:99;qty:1;orderid:od_1673165677450115;respmessg:null;message:HoldYesQtyChange,SellingYesNewQty,ProfitSell,atBetter
INFO:order:2023-01-09 22:59:41,874;log:pre;eid:15940;call:sent;type:place;order:buy;asset:Y;price:99;qty:1;orderid:buysend;respmessg:null;message:absorbing orderbook
INFO:order:2023-01-09 22:59:42,981;log:post;eid:15940;call:response;type:place;order:buy;asset:Y;price:99;qty:1;orderid:od_1673165677450118;respmessg:null;message:absorbing orderbook
INFO:order:2023-01-09 23:01:05,133;log:pre;eid:15923;call:sent;type:cancel;order:buy;asset:Y;price:99;qty:null;orderid:od_1673165677450031;respmessg:null;message:YesFairPriceChange,NewBuyParams
