INFO:order:2023-01-12 17:04:58,279;log:pre;eid:16239;call:sent;type:place;order:buy;asset:Y;price:11;qty:50;orderid:buysend;respmessg:null;message:YesSignalZeroHolding,ScalpingYes,BasicBuy,atbest+1
INFO:order:2023-01-12 17:04:59,387;log:post;eid:16239;call:response;type:place;order:buy;asset:Y;price:11;qty:50;orderid:od_1673334836832565;respmessg:null;message:YesSignalZeroHolding,ScalpingYes,BasicBuy,atbest+1
INFO:order:2023-01-12 17:05:59,547;log:pre;eid:16240;call:sent;type:place;order:buy;asset:Y;price:51;qty:99;orderid:buysend;respmessg:null;message:YesSignalZeroHolding,ScalpingYes,BasicBuy,atbest+1
INFO:order:2023-01-12 17:06:00,676;log:post;eid:16240;call:response;type:place;order:buy;asset:Y;price:51;qty:99;orderid:od_1673334836832598;respmessg:null;message:YesSignalZeroHolding,ScalpingYes,BasicBuy,atbest+1
INFO:order:2023-01-12 17:06:53,334;log:pre;eid:16241;call:sent;type:place;order:buy;asset:Y;price:61;qty:99;orderid:buysend;respmessg:null;message:YesSignalZeroHolding,ScalpingYes,BasicBuy,atbest+1
INFO:order:2023-01-12 17:06:54,343;log:post;eid:16241;call:response;type:place;order:buy;asset:Y;price:61;qty:99;orderid:od_1673334836832624;respmessg:null;message:YesSignalZeroHolding,ScalpingYes,BasicBuy,atbest+1
INFO:order:2023-01-12 17:07:48,150;log:pre;eid:16242;call:sent;type:place;order:buy;asset:Y;price:6;qty:50;orderid:buysend;respmessg:null;message:YesSignalZeroHolding,ScalpingYes,BasicBuy,atbest+1
INFO:order:2023-01-12 17:07:49,142;log:post;eid:16242;call:response;type:place;order:buy;asset:Y;price:6;qty:50;orderid:od_1673334836832649;respmessg:null;message:YesSignalZeroHolding,ScalpingYes,BasicBuy,atbest+1
INFO:order:2023-01-12 17:13:57,442;log:pre;eid:16240;call:sent;type:cancel;order:buy;asset:Y;price:51;qty:null;orderid:od_1673334836832598;respmessg:null;message:YesSignalZeroHolding,NewBuyParams
INFO:order:2023-01-12 17:13:58,605;log:post;eid:16240;call:response;type:cancel;order:buy;asset:Y;price:51;qty:null;orderid:od_1673334836832598;respmessg:null;message:YesSignalZeroHolding,NewBuyParams
INFO:order:2023-01-12 17:13:59,346;log:pre;eid:16240;call:sent;type:place;order:buy;asset:Y;price:61;qty:99;orderid:buysend;respmessg:null;message:YesSignalZeroHolding,ScalpingYes,BasicBuy,atbest+1
INFO:order:2023-01-12 17:14:00,462;log:post;eid:16240;call:response;type:place;order:buy;asset:Y;price:61;qty:99;orderid:od_1673334836832911;respmessg:null;message:YesSignalZeroHolding,ScalpingYes,BasicBuy,atbest+1
INFO:order:2023-01-12 17:14:55,752;log:pre;eid:16241;call:sent;type:cancel;order:buy;asset:Y;price:61;qty:null;orderid:od_1673334836832624;respmessg:null;message:YesSignalZeroHolding,NewBuyParams
INFO:order:2023-01-12 17:14:56,838;log:post;eid:16241;call:response;type:cancel;order:buy;asset:Y;price:61;qty:null;orderid:od_1673334836832624;respmessg:null;message:YesSignalZeroHolding,NewBuyParams
INFO:order:2023-01-12 17:14:57,439;log:pre;eid:16241;call:sent;type:place;order:buy;asset:Y;price:6;qty:99;orderid:buysend;respmessg:null;message:YesSignalZeroHolding,ScalpingYes,BasicBuy,atbest+1
INFO:order:2023-01-12 17:14:58,518;log:post;eid:16241;call:response;type:place;order:buy;asset:Y;price:6;qty:99;orderid:od_1673334836832959;respmessg:null;message:YesSignalZeroHolding,ScalpingYes,BasicBuy,atbest+1
INFO:order:2023-01-12 17:20:54,970;log:pre;eid:16239;call:sent;type:cancel;order:buy;asset:Y;price:11;qty:null;orderid:od_1673334836832565;respmessg:null;message:YesSignalZeroHolding,NewBuyParams
INFO:order:2023-01-12 17:20:56,002;log:post;eid:16239;call:response;type:cancel;order:buy;asset:Y;price:11;qty:null;orderid:od_1673334836832565;respmessg:null;message:YesSignalZeroHolding,NewBuyParams
INFO:order:2023-01-12 17:20:57,110;log:pre;eid:16239;call:sent;type:place;order:buy;asset:Y;price:10;qty:50;orderid:buysend;respmessg:null;message:YesSignalZeroHolding,ScalpingYes,BasicBuy,atbest+1
INFO:order:2023-01-12 17:20:58,138;log:post;eid:16239;call:response;type:place;order:buy;asset:Y;price:10;qty:50;orderid:od_1673334836833669;respmessg:null;message:YesSignalZeroHolding,ScalpingYes,BasicBuy,atbest+1
INFO:order:2023-01-12 17:21:49,389;log:pre;eid:16240;call:sent;type:cancel;order:buy;asset:Y;price:61;qty:null;orderid:od_1673334836832911;respmessg:null;message:YesSignalZeroHolding,NewBuyParams
INFO:order:2023-01-12 17:21:50,420;log:post;eid:16240;call:response;type:cancel;order:buy;asset:Y;price:61;qty:null;orderid:od_1673334836832911;respmessg:null;message:YesSignalZeroHolding,NewBuyParams
INFO:order:2023-01-12 17:21:50,824;log:pre;eid:16240;call:sent;type:place;order:buy;asset:Y;price:81;qty:99;orderid:buysend;respmessg:null;message:YesSignalZeroHolding,ScalpingYes,BasicBuy,atbest+1
INFO:order:2023-01-12 17:21:51,813;log:post;eid:16240;call:response;type:place;order:buy;asset:Y;price:81;qty:99;orderid:od_1673334836833718;respmessg:null;message:YesSignalZeroHolding,ScalpingYes,BasicBuy,atbest+1
INFO:order:2023-01-12 17:30:36,978;log:pre;eid:16241;call:sent;type:cancel;order:buy;asset:Y;price:6;qty:null;orderid:od_1673334836832959;respmessg:null;message:YesSignalZeroHolding,PausingBuy
INFO:order:2023-01-12 17:30:38,038;log:post;eid:16241;call:response;type:cancel;order:buy;asset:Y;price:6;qty:null;orderid:od_1673334836832959;respmessg:null;message:YesSignalZeroHolding,PausingBuy
INFO:order:2023-01-12 17:31:25,115;log:pre;eid:16242;call:sent;type:cancel;order:buy;asset:Y;price:6;qty:null;orderid:od_1673334836832649;respmessg:null;message:YesSignalZeroHolding,PausingBuy
INFO:order:2023-01-12 17:31:26,128;log:post;eid:16242;call:response;type:cancel;order:buy;asset:Y;price:6;qty:null;orderid:od_1673334836832649;respmessg:null;message:YesSignalZeroHolding,PausingBuy
INFO:order:2023-01-12 17:36:41,500;log:pre;eid:16239;call:sent;type:cancel;order:buy;asset:Y;price:10;qty:null;orderid:od_1673334836833669;respmessg:null;message:YesSignalZeroHolding,NewBuyParams
INFO:order:2023-01-12 17:36:42,618;log:post;eid:16239;call:response;type:cancel;order:buy;asset:Y;price:10;qty:null;orderid:od_1673334836833669;respmessg:null;message:YesSignalZeroHolding,NewBuyParams
INFO:order:2023-01-12 17:36:43,324;log:pre;eid:16239;call:sent;type:place;order:buy;asset:Y;price:71;qty:75;orderid:buysend;respmessg:null;message:YesSignalZeroHolding,ScalpingYes,BasicBuy,atbest+1
INFO:order:2023-01-12 17:36:44,409;log:post;eid:16239;call:response;type:place;order:buy;asset:Y;price:71;qty:75;orderid:od_1673334836834000;respmessg:null;message:YesSignalZeroHolding,ScalpingYes,BasicBuy,atbest+1
INFO:order:2023-01-12 17:37:35,032;log:pre;eid:16240;call:sent;type:cancel;order:buy;asset:Y;price:81;qty:null;orderid:od_1673334836833718;respmessg:null;message:YesSignalZeroHolding,PausingBuy
INFO:order:2023-01-12 17:37:36,058;log:post;eid:16240;call:response;type:cancel;order:buy;asset:Y;price:81;qty:null;orderid:od_1673334836833718;respmessg:null;message:YesSignalZeroHolding,PausingBuy
INFO:order:2023-01-12 19:01:23,997;log:pre;eid:16240;call:sent;type:place;order:buy;asset:Y;price:81;qty:99;orderid:buysend;respmessg:null;message:YesSignalZeroHolding,ScalpingYes,BasicBuy,atbest+1
INFO:order:2023-01-12 19:01:25,047;log:post;eid:16240;call:response;type:place;order:buy;asset:Y;price:81;qty:99;orderid:od_1673334836835592;respmessg:null;message:YesSignalZeroHolding,ScalpingYes,BasicBuy,atbest+1
INFO:order:2023-01-12 19:02:19,934;log:pre;eid:16241;call:sent;type:place;order:buy;asset:Y;price:6;qty:50;orderid:buysend;respmessg:null;message:YesSignalZeroHolding,ScalpingYes,BasicBuy,atbest+1
INFO:order:2023-01-12 19:02:20,990;log:post;eid:16241;call:response;type:place;order:buy;asset:Y;price:6;qty:50;orderid:od_1673334836835612;respmessg:null;message:YesSignalZeroHolding,ScalpingYes,BasicBuy,atbest+1
INFO:order:2023-01-12 19:08:06,841;log:pre;eid:16239;call:sent;type:cancel;order:buy;asset:Y;price:71;qty:null;orderid:od_1673334836834000;respmessg:null;message:YesSignalZeroHolding,NewBuyParams
INFO:order:2023-01-12 19:08:08,036;log:post;eid:16239;call:response;type:cancel;order:buy;asset:Y;price:71;qty:null;orderid:od_1673334836834000;respmessg:null;message:YesSignalZeroHolding,NewBuyParams
INFO:order:2023-01-12 19:08:08,753;log:pre;eid:16239;call:sent;type:place;order:buy;asset:Y;price:51;qty:99;orderid:buysend;respmessg:null;message:YesSignalZeroHolding,ScalpingYes,BasicBuy,atbest+1
INFO:order:2023-01-12 19:08:09,911;log:post;eid:16239;call:response;type:place;order:buy;asset:Y;price:51;qty:99;orderid:od_1673334836835691;respmessg:null;message:YesSignalZeroHolding,ScalpingYes,BasicBuy,atbest+1
INFO:order:2023-01-12 19:25:41,915;log:pre;eid:16242;call:sent;type:place;order:buy;asset:Y;price:6;qty:50;orderid:buysend;respmessg:null;message:YesSignalZeroHolding,ScalpingYes,BasicBuy,atbest+1
INFO:order:2023-01-12 19:25:42,922;log:post;eid:16242;call:response;type:place;order:buy;asset:Y;price:6;qty:50;orderid:od_1673334836836154;respmessg:null;message:YesSignalZeroHolding,ScalpingYes,BasicBuy,atbest+1
INFO:order:2023-01-12 19:31:30,446;log:pre;eid:16240;call:sent;type:place;order:sell;asset:Y;price:97;qty:1;orderid:sellsend;respmessg:null;message:HoldYesQtyChange,SellingYesNewQty,ProfitSell,atBetter
INFO:order:2023-01-12 19:31:31,456;log:post;eid:16240;call:response;type:place;order:sell;asset:Y;price:97;qty:1;orderid:od_1673334836836358;respmessg:null;message:HoldYesQtyChange,SellingYesNewQty,ProfitSell,atBetter
INFO:order:2023-01-12 19:38:58,563;log:pre;eid:16240;call:sent;type:cancel;order:sell;asset:Y;price:97;qty:null;orderid:od_1673334836836358;respmessg:null;message:NoFairPriceChange,NewSellParams
INFO:order:2023-01-12 19:38:59,563;log:post;eid:16240;call:response;type:cancel;order:sell;asset:Y;price:97;qty:null;orderid:od_1673334836836358;respmessg:null;message:NoFairPriceChange,NewSellParams
INFO:order:2023-01-12 19:38:59,974;log:pre;eid:16240;call:sent;type:place;order:sell;asset:Y;price:97;qty:1;orderid:sellsend;respmessg:null;message:NoFairPriceChange,SellingBoughtQty,ProfitSell,atBetter
INFO:order:2023-01-12 19:39:01,043;log:post;eid:16240;call:response;type:place;order:sell;asset:Y;price:97;qty:1;orderid:od_1673334836836518;respmessg:null;message:NoFairPriceChange,SellingBoughtQty,ProfitSell,atBetter
INFO:order:2023-01-12 19:45:40,412;log:pre;eid:16239;call:sent;type:cancel;order:buy;asset:Y;price:51;qty:null;orderid:od_1673334836835691;respmessg:null;message:YesSignalZeroHolding,NewBuyParams
INFO:order:2023-01-12 19:45:41,602;log:post;eid:16239;call:response;type:cancel;order:buy;asset:Y;price:51;qty:null;orderid:od_1673334836835691;respmessg:null;message:YesSignalZeroHolding,NewBuyParams
INFO:order:2023-01-12 19:45:42,271;log:pre;eid:16239;call:sent;type:place;order:buy;asset:Y;price:91;qty:99;orderid:buysend;respmessg:null;message:YesSignalZeroHolding,ScalpingYes,BasicBuy,atbest+1
INFO:order:2023-01-12 19:45:43,556;log:post;eid:16239;call:response;type:place;order:buy;asset:Y;price:91;qty:99;orderid:od_1673334836836635;respmessg:null;message:YesSignalZeroHolding,ScalpingYes,BasicBuy,atbest+1
INFO:order:2023-01-12 19:46:37,112;log:pre;eid:16240;call:sent;type:cancel;order:sell;asset:Y;price:97;qty:null;orderid:od_1673334836836518;respmessg:null;message:NoAvgBuyPriceChange,NewSellParams
INFO:order:2023-01-12 19:46:38,353;log:post;eid:16240;call:response;type:cancel;order:sell;asset:Y;price:97;qty:null;orderid:od_1673334836836518;respmessg:null;message:NoAvgBuyPriceChange,NewSellParams
INFO:order:2023-01-12 19:46:39,134;log:pre;eid:16240;call:sent;type:place;order:sell;asset:Y;price:97;qty:1;orderid:sellsend;respmessg:null;message:NoAvgBuyPriceChange,SellingBoughtQty,ProfitSell,atBetter
INFO:order:2023-01-12 19:46:40,342;log:post;eid:16240;call:response;type:place;order:sell;asset:Y;price:97;qty:1;orderid:od_1673334836836660;respmessg:null;message:NoAvgBuyPriceChange,SellingBoughtQty,ProfitSell,atBetter
INFO:order:2023-01-12 19:54:15,127;log:pre;eid:16240;call:sent;type:cancel;order:sell;asset:Y;price:97;qty:null;orderid:od_1673334836836660;respmessg:null;message:NoAvgBuyPriceChange,NewSellParams
INFO:order:2023-01-12 19:54:16,327;log:post;eid:16240;call:response;type:cancel;order:sell;asset:Y;price:97;qty:null;orderid:od_1673334836836660;respmessg:null;message:NoAvgBuyPriceChange,NewSellParams
INFO:order:2023-01-12 19:54:17,190;log:pre;eid:16240;call:sent;type:place;order:sell;asset:Y;price:97;qty:1;orderid:sellsend;respmessg:null;message:NoAvgBuyPriceChange,SellingBoughtQty,ProfitSell,atBetter
INFO:order:2023-01-12 19:54:18,289;log:post;eid:16240;call:response;type:place;order:sell;asset:Y;price:97;qty:1;orderid:od_1673334836837002;respmessg:null;message:NoAvgBuyPriceChange,SellingBoughtQty,ProfitSell,atBetter
INFO:order:2023-01-12 19:55:51,544;log:pre;eid:16242;call:sent;type:cancel;order:buy;asset:Y;price:6;qty:null;orderid:od_1673334836836154;respmessg:null;message:YesSignalZeroHolding,PausingBuy
INFO:order:2023-01-12 19:55:52,724;log:post;eid:16242;call:response;type:cancel;order:buy;asset:Y;price:6;qty:null;orderid:od_1673334836836154;respmessg:null;message:YesSignalZeroHolding,PausingBuy
INFO:order:2023-01-12 20:01:00,973;log:pre;eid:16239;call:sent;type:cancel;order:buy;asset:Y;price:91;qty:null;orderid:od_1673334836836635;respmessg:null;message:YesSignalZeroHolding,NewBuyParams
INFO:order:2023-01-12 20:01:02,061;log:post;eid:16239;call:response;type:cancel;order:buy;asset:Y;price:91;qty:null;orderid:od_1673334836836635;respmessg:null;message:YesSignalZeroHolding,NewBuyParams
INFO:order:2023-01-12 20:01:02,492;log:pre;eid:16239;call:sent;type:place;order:buy;asset:Y;price:51;qty:99;orderid:buysend;respmessg:null;message:YesSignalZeroHolding,ScalpingYes,BasicBuy,atbest+1
INFO:order:2023-01-12 20:01:03,499;log:post;eid:16239;call:response;type:place;order:buy;asset:Y;price:51;qty:99;orderid:od_1673334836837127;respmessg:null;message:YesSignalZeroHolding,ScalpingYes,BasicBuy,atbest+1
INFO:order:2023-01-12 20:01:54,003;log:pre;eid:16240;call:sent;type:cancel;order:sell;asset:Y;price:97;qty:null;orderid:od_1673334836837002;respmessg:null;message:NoAvgBuyPriceChange,NewSellParams
INFO:order:2023-01-12 20:01:55,043;log:post;eid:16240;call:response;type:cancel;order:sell;asset:Y;price:97;qty:null;orderid:od_1673334836837002;respmessg:null;message:NoAvgBuyPriceChange,NewSellParams
INFO:order:2023-01-12 20:01:55,569;log:pre;eid:16240;call:sent;type:place;order:sell;asset:Y;price:97;qty:1;orderid:sellsend;respmessg:null;message:NoAvgBuyPriceChange,SellingBoughtQty,ProfitSell,atBetter
INFO:order:2023-01-12 20:01:56,559;log:post;eid:16240;call:response;type:place;order:sell;asset:Y;price:97;qty:1;orderid:od_1673334836837136;respmessg:null;message:NoAvgBuyPriceChange,SellingBoughtQty,ProfitSell,atBetter
INFO:order:2023-01-12 20:09:23,947;log:pre;eid:16240;call:sent;type:cancel;order:sell;asset:Y;price:97;qty:null;orderid:od_1673334836837136;respmessg:null;message:HoldYesQtyChange,HoldQtyChange
INFO:order:2023-01-12 20:09:24,952;log:post;eid:16240;call:response;type:cancel;order:sell;asset:Y;price:97;qty:null;orderid:od_1673334836837136;respmessg:null;message:HoldYesQtyChange,HoldQtyChange
INFO:order:2023-01-12 20:09:25,530;log:pre;eid:16240;call:sent;type:place;order:sell;asset:Y;price:97;qty:6;orderid:sellsend;respmessg:null;message:HoldYesQtyChange,SellingYesNewQty,ProfitSell,atBetter
INFO:order:2023-01-12 20:09:26,524;log:post;eid:16240;call:response;type:place;order:sell;asset:Y;price:97;qty:6;orderid:od_1673334836837295;respmessg:null;message:HoldYesQtyChange,SellingYesNewQty,ProfitSell,atBetter
INFO:order:2023-01-12 20:09:29,974;log:pre;eid:16240;call:sent;type:cancel;order:buy;asset:Y;price:81;qty:null;orderid:od_1673334836835592;respmessg:null;message:YesFairPriceChange,NewBuyParams
INFO:order:2023-01-12 20:09:31,293;log:post;eid:16240;call:response;type:cancel;order:buy;asset:Y;price:81;qty:null;orderid:od_1673334836835592;respmessg:null;message:YesFairPriceChange,NewBuyParams
INFO:order:2023-01-12 20:09:31,791;log:pre;eid:16240;call:sent;type:place;order:buy;asset:Y;price:51;qty:99;orderid:buysend;respmessg:null;message:YesFairPriceChange,ScalpingYes,BasicBuy,atbest+1
INFO:order:2023-01-12 20:09:32,809;log:post;eid:16240;call:response;type:place;order:buy;asset:Y;price:51;qty:99;orderid:od_1673334836837299;respmessg:null;message:YesFairPriceChange,ScalpingYes,BasicBuy,atbest+1
INFO:order:2023-01-12 20:09:35,264;log:pre;eid:16240;call:sent;type:cancel;order:sell;asset:Y;price:97;qty:null;orderid:od_1673334836837295;respmessg:null;message:YesFairPriceChange,NewSellParams
INFO:order:2023-01-12 20:09:36,370;log:post;eid:16240;call:response;type:cancel;order:sell;asset:Y;price:97;qty:null;orderid:od_1673334836837295;respmessg:null;message:YesFairPriceChange,NewSellParams
INFO:order:2023-01-12 20:09:36,801;log:pre;eid:16240;call:sent;type:place;order:sell;asset:Y;price:97;qty:6;orderid:sellsend;respmessg:null;message:YesFairPriceChange,SellingBoughtQty,ProfitSell,atBetter
INFO:order:2023-01-12 20:09:37,803;log:post;eid:16240;call:response;type:place;order:sell;asset:Y;price:97;qty:6;orderid:od_1673334836837305;respmessg:null;message:YesFairPriceChange,SellingBoughtQty,ProfitSell,atBetter
INFO:order:2023-01-12 20:10:18,510;log:pre;eid:16241;call:sent;type:cancel;order:buy;asset:Y;price:6;qty:null;orderid:od_1673334836835612;respmessg:null;message:YesSignalZeroHolding,PausingBuy
INFO:order:2023-01-12 20:10:19,523;log:post;eid:16241;call:response;type:cancel;order:buy;asset:Y;price:6;qty:null;orderid:od_1673334836835612;respmessg:null;message:YesSignalZeroHolding,PausingBuy
INFO:order:2023-01-12 20:14:21,840;log:pre;eid:16246;call:sent;type:place;order:buy;asset:N;price:6;qty:50;orderid:buysend;respmessg:null;message:NoSignalZeroHolding,ScalpingNo,BasicBuy,atbest+1
INFO:order:2023-01-12 20:14:22,835;log:post;eid:16246;call:response;type:place;order:buy;asset:N;price:6;qty:50;orderid:od_1673334836837479;respmessg:null;message:NoSignalZeroHolding,ScalpingNo,BasicBuy,atbest+1
INFO:order:2023-01-12 20:16:59,348;log:pre;eid:16240;call:sent;type:cancel;order:buy;asset:Y;price:51;qty:null;orderid:od_1673334836837299;respmessg:null;message:YesFairPriceChange,PausingBuy
INFO:order:2023-01-12 20:17:00,551;log:post;eid:16240;call:response;type:cancel;order:buy;asset:Y;price:51;qty:null;orderid:od_1673334836837299;respmessg:null;message:YesFairPriceChange,PausingBuy
INFO:order:2023-01-12 20:17:04,045;log:pre;eid:16240;call:sent;type:cancel;order:sell;asset:Y;price:97;qty:null;orderid:od_1673334836837305;respmessg:null;message:YesFairPriceChange,NewSellParams
INFO:order:2023-01-12 20:17:05,921;log:post;eid:16240;call:response;type:cancel;order:sell;asset:Y;price:97;qty:null;orderid:od_1673334836837305;respmessg:null;message:YesFairPriceChange,NewSellParams
INFO:order:2023-01-12 20:17:06,507;log:pre;eid:16240;call:sent;type:place;order:sell;asset:Y;price:97;qty:6;orderid:sellsend;respmessg:null;message:YesFairPriceChange,SellingBoughtQty,ProfitSell,atBetter
INFO:order:2023-01-12 20:17:07,699;log:post;eid:16240;call:response;type:place;order:sell;asset:Y;price:97;qty:6;orderid:od_1673334836837564;respmessg:null;message:YesFairPriceChange,SellingBoughtQty,ProfitSell,atBetter
INFO:order:2023-01-12 20:24:39,916;log:pre;eid:16240;call:sent;type:cancel;order:sell;asset:Y;price:97;qty:null;orderid:od_1673334836837564;respmessg:null;message:YesFairPriceChange,NewSellParams
INFO:order:2023-01-12 20:24:40,955;log:post;eid:16240;call:response;type:cancel;order:sell;asset:Y;price:97;qty:null;orderid:od_1673334836837564;respmessg:null;message:YesFairPriceChange,NewSellParams
INFO:order:2023-01-12 20:24:41,444;log:pre;eid:16240;call:sent;type:place;order:sell;asset:Y;price:97;qty:6;orderid:sellsend;respmessg:null;message:YesFairPriceChange,SellingBoughtQty,ProfitSell,atBetter
INFO:order:2023-01-12 20:24:42,424;log:post;eid:16240;call:response;type:place;order:sell;asset:Y;price:97;qty:6;orderid:od_1673334836837780;respmessg:null;message:YesFairPriceChange,SellingBoughtQty,ProfitSell,atBetter
INFO:order:2023-01-12 20:32:05,645;log:pre;eid:16240;call:sent;type:cancel;order:sell;asset:Y;price:97;qty:null;orderid:od_1673334836837780;respmessg:null;message:YesFairPriceChange,NewSellParams
INFO:order:2023-01-12 20:32:06,785;log:post;eid:16240;call:response;type:cancel;order:sell;asset:Y;price:97;qty:null;orderid:od_1673334836837780;respmessg:null;message:YesFairPriceChange,NewSellParams
INFO:order:2023-01-12 20:32:07,477;log:pre;eid:16240;call:sent;type:place;order:sell;asset:Y;price:97;qty:6;orderid:sellsend;respmessg:null;message:YesFairPriceChange,SellingBoughtQty,ProfitSell,atBetter
INFO:order:2023-01-12 20:32:08,674;log:post;eid:16240;call:response;type:place;order:sell;asset:Y;price:97;qty:6;orderid:od_1673334836837992;respmessg:null;message:YesFairPriceChange,SellingBoughtQty,ProfitSell,atBetter
INFO:order:2023-01-12 20:39:34,800;log:pre;eid:16240;call:sent;type:place;order:buy;asset:Y;price:66;qty:99;orderid:buysend;respmessg:null;message:YesFairPriceChange,ScalpingYes,BasicBuy,atbest+1
INFO:order:2023-01-12 20:39:35,956;log:post;eid:16240;call:response;type:place;order:buy;asset:Y;price:66;qty:99;orderid:od_1673334836838162;respmessg:null;message:YesFairPriceChange,ScalpingYes,BasicBuy,atbest+1
INFO:order:2023-01-12 20:39:38,422;log:pre;eid:16240;call:sent;type:cancel;order:sell;asset:Y;price:97;qty:null;orderid:od_1673334836837992;respmessg:null;message:YesFairPriceChange,NewSellParams
INFO:order:2023-01-12 20:39:39,441;log:post;eid:16240;call:response;type:cancel;order:sell;asset:Y;price:97;qty:null;orderid:od_1673334836837992;respmessg:null;message:YesFairPriceChange,NewSellParams
INFO:order:2023-01-12 20:39:39,878;log:pre;eid:16240;call:sent;type:place;order:sell;asset:Y;price:97;qty:6;orderid:sellsend;respmessg:null;message:YesFairPriceChange,SellingBoughtQty,ProfitSell,atBetter
INFO:order:2023-01-12 20:39:40,942;log:post;eid:16240;call:response;type:place;order:sell;asset:Y;price:97;qty:6;orderid:od_1673334836838168;respmessg:null;message:YesFairPriceChange,SellingBoughtQty,ProfitSell,atBetter
INFO:order:2023-01-12 20:44:19,988;log:pre;eid:16246;call:sent;type:cancel;order:buy;asset:N;price:6;qty:null;orderid:od_1673334836837479;respmessg:null;message:NoSignalZeroHolding,PausingBuy
INFO:order:2023-01-12 20:44:21,112;log:post;eid:16246;call:response;type:cancel;order:buy;asset:N;price:6;qty:null;orderid:od_1673334836837479;respmessg:null;message:NoSignalZeroHolding,PausingBuy
INFO:order:2023-01-12 20:47:09,227;log:pre;eid:16240;call:sent;type:cancel;order:sell;asset:Y;price:97;qty:null;orderid:od_1673334836838168;respmessg:null;message:YesFairPriceChange,NewSellParams
INFO:order:2023-01-12 20:47:10,359;log:post;eid:16240;call:response;type:cancel;order:sell;asset:Y;price:97;qty:null;orderid:od_1673334836838168;respmessg:null;message:YesFairPriceChange,NewSellParams
INFO:order:2023-01-12 20:47:11,065;log:pre;eid:16240;call:sent;type:place;order:sell;asset:Y;price:97;qty:6;orderid:sellsend;respmessg:null;message:YesFairPriceChange,SellingBoughtQty,ProfitSell,atBetter
INFO:order:2023-01-12 20:47:12,212;log:post;eid:16240;call:response;type:place;order:sell;asset:Y;price:97;qty:6;orderid:od_1673334836838373;respmessg:null;message:YesFairPriceChange,SellingBoughtQty,ProfitSell,atBetter
INFO:order:2023-01-12 20:54:35,175;log:pre;eid:16240;call:sent;type:cancel;order:sell;asset:Y;price:97;qty:null;orderid:od_1673334836838373;respmessg:null;message:NoAvgBuyPriceChange,NewSellParams
INFO:order:2023-01-12 20:54:36,194;log:post;eid:16240;call:response;type:cancel;order:sell;asset:Y;price:97;qty:null;orderid:od_1673334836838373;respmessg:null;message:NoAvgBuyPriceChange,NewSellParams
INFO:order:2023-01-12 20:54:36,687;log:pre;eid:16240;call:sent;type:place;order:sell;asset:Y;price:97;qty:6;orderid:sellsend;respmessg:null;message:NoAvgBuyPriceChange,SellingBoughtQty,ProfitSell,atBetter
INFO:order:2023-01-12 20:54:37,701;log:post;eid:16240;call:response;type:place;order:sell;asset:Y;price:97;qty:6;orderid:od_1673334836838632;respmessg:null;message:NoAvgBuyPriceChange,SellingBoughtQty,ProfitSell,atBetter
INFO:order:2023-01-12 21:01:46,644;log:pre;eid:16240;call:sent;type:cancel;order:sell;asset:Y;price:97;qty:null;orderid:od_1673334836838632;respmessg:null;message:NoAvgBuyPriceChange,NewSellParams
INFO:order:2023-01-12 21:01:47,654;log:post;eid:16240;call:response;type:cancel;order:sell;asset:Y;price:97;qty:null;orderid:od_1673334836838632;respmessg:null;message:NoAvgBuyPriceChange,NewSellParams
INFO:order:2023-01-12 21:01:48,189;log:pre;eid:16240;call:sent;type:place;order:sell;asset:Y;price:97;qty:6;orderid:sellsend;respmessg:null;message:NoAvgBuyPriceChange,SellingBoughtQty,ProfitSell,atBetter
INFO:order:2023-01-12 21:01:49,203;log:post;eid:16240;call:response;type:place;order:sell;asset:Y;price:97;qty:6;orderid:od_1673334836838973;respmessg:null;message:NoAvgBuyPriceChange,SellingBoughtQty,ProfitSell,atBetter
INFO:order:2023-01-12 21:02:29,015;log:pre;eid:16241;call:sent;type:place;order:buy;asset:Y;price:6;qty:50;orderid:buysend;respmessg:null;message:YesSignalZeroHolding,ScalpingYes,BasicBuy,atbest+1
INFO:order:2023-01-12 21:02:30,104;log:post;eid:16241;call:response;type:place;order:buy;asset:Y;price:6;qty:50;orderid:od_1673334836839008;respmessg:null;message:YesSignalZeroHolding,ScalpingYes,BasicBuy,atbest+1
INFO:order:2023-01-12 21:05:48,225;log:pre;eid:16245;call:sent;type:place;order:buy;asset:N;price:6;qty:50;orderid:buysend;respmessg:null;message:NoSignalZeroHolding,ScalpingNo,BasicBuy,atbest+1
INFO:order:2023-01-12 21:05:49,376;log:post;eid:16245;call:response;type:place;order:buy;asset:N;price:6;qty:50;orderid:od_1673334836839185;respmessg:null;message:NoSignalZeroHolding,ScalpingNo,BasicBuy,atbest+1
INFO:order:2023-01-12 21:06:44,992;log:pre;eid:16246;call:sent;type:place;order:buy;asset:N;price:6;qty:50;orderid:buysend;respmessg:null;message:NoSignalZeroHolding,ScalpingNo,BasicBuy,atbest+1
INFO:order:2023-01-12 21:06:46,099;log:post;eid:16246;call:response;type:place;order:buy;asset:N;price:6;qty:50;orderid:od_1673334836839211;respmessg:null;message:NoSignalZeroHolding,ScalpingNo,BasicBuy,atbest+1
INFO:order:2023-01-12 21:09:27,799;log:pre;eid:16240;call:sent;type:cancel;order:sell;asset:Y;price:97;qty:null;orderid:od_1673334836838973;respmessg:null;message:NoAvgBuyPriceChange,NewSellParams
INFO:order:2023-01-12 21:09:28,915;log:post;eid:16240;call:response;type:cancel;order:sell;asset:Y;price:97;qty:null;orderid:od_1673334836838973;respmessg:null;message:NoAvgBuyPriceChange,NewSellParams
INFO:order:2023-01-12 21:09:29,418;log:pre;eid:16240;call:sent;type:place;order:sell;asset:Y;price:97;qty:6;orderid:sellsend;respmessg:null;message:NoAvgBuyPriceChange,SellingBoughtQty,ProfitSell,atBetter
INFO:order:2023-01-12 21:09:30,422;log:post;eid:16240;call:response;type:place;order:sell;asset:Y;price:97;qty:6;orderid:od_1673334836839252;respmessg:null;message:NoAvgBuyPriceChange,SellingBoughtQty,ProfitSell,atBetter
INFO:order:2023-01-12 21:13:28,620;log:pre;eid:16245;call:sent;type:cancel;order:buy;asset:N;price:6;qty:null;orderid:od_1673334836839185;respmessg:null;message:NoSignalZeroHolding,PausingBuy
INFO:order:2023-01-12 21:13:29,766;log:post;eid:16245;call:response;type:cancel;order:buy;asset:N;price:6;qty:null;orderid:od_1673334836839185;respmessg:null;message:NoSignalZeroHolding,PausingBuy
INFO:order:2023-01-12 21:17:08,538;log:pre;eid:16240;call:sent;type:cancel;order:sell;asset:Y;price:97;qty:null;orderid:od_1673334836839252;respmessg:null;message:NoAvgBuyPriceChange,NewSellParams
INFO:order:2023-01-12 21:17:09,581;log:post;eid:16240;call:response;type:cancel;order:sell;asset:Y;price:97;qty:null;orderid:od_1673334836839252;respmessg:null;message:NoAvgBuyPriceChange,NewSellParams
INFO:order:2023-01-12 21:17:09,992;log:pre;eid:16240;call:sent;type:place;order:sell;asset:Y;price:97;qty:6;orderid:sellsend;respmessg:null;message:NoAvgBuyPriceChange,SellingBoughtQty,ProfitSell,atBetter
INFO:order:2023-01-12 21:17:11,065;log:post;eid:16240;call:response;type:place;order:sell;asset:Y;price:97;qty:6;orderid:od_1673334836839556;respmessg:null;message:NoAvgBuyPriceChange,SellingBoughtQty,ProfitSell,atBetter
INFO:order:2023-01-12 21:24:51,457;log:pre;eid:16240;call:sent;type:cancel;order:buy;asset:Y;price:66;qty:null;orderid:od_1673334836838162;respmessg:null;message:YesFairPriceChange,NewBuyParams
INFO:order:2023-01-12 21:24:52,573;log:post;eid:16240;call:response;type:cancel;order:buy;asset:Y;price:66;qty:null;orderid:od_1673334836838162;respmessg:null;message:YesFairPriceChange,NewBuyParams
INFO:order:2023-01-12 21:24:53,277;log:pre;eid:16240;call:sent;type:place;order:buy;asset:Y;price:96;qty:99;orderid:buysend;respmessg:null;message:YesFairPriceChange,ScalpingYes,BasicBuy,atbest+1
INFO:order:2023-01-12 21:24:54,386;log:post;eid:16240;call:response;type:place;order:buy;asset:Y;price:96;qty:99;orderid:od_1673334836839834;respmessg:null;message:YesFairPriceChange,ScalpingYes,BasicBuy,atbest+1
INFO:order:2023-01-12 21:24:55,642;log:pre;eid:16240;call:sent;type:cancel;order:sell;asset:Y;price:97;qty:null;orderid:od_1673334836839556;respmessg:null;message:YesFairPriceChange,PausingSell
INFO:order:2023-01-12 21:24:56,772;log:post;eid:16240;call:response;type:cancel;order:sell;asset:Y;price:97;qty:null;orderid:od_1673334836839556;respmessg:null;message:YesFairPriceChange,PausingSell
INFO:order:2023-01-12 21:32:31,010;log:pre;eid:16240;call:sent;type:cancel;order:buy;asset:Y;price:96;qty:null;orderid:od_1673334836839834;respmessg:null;message:YesFairPriceChange,NewBuyParams
INFO:order:2023-01-12 21:32:32,129;log:post;eid:16240;call:response;type:cancel;order:buy;asset:Y;price:96;qty:null;orderid:od_1673334836839834;respmessg:null;message:YesFairPriceChange,NewBuyParams
INFO:order:2023-01-12 21:32:32,809;log:pre;eid:16240;call:sent;type:place;order:buy;asset:Y;price:66;qty:99;orderid:buysend;respmessg:null;message:YesFairPriceChange,ScalpingYes,BasicBuy,atbest+1
INFO:order:2023-01-12 21:32:33,963;log:post;eid:16240;call:response;type:place;order:buy;asset:Y;price:66;qty:99;orderid:od_1673334836840080;respmessg:null;message:YesFairPriceChange,ScalpingYes,BasicBuy,atbest+1
INFO:order:2023-01-12 21:37:23,638;log:pre;eid:16246;call:sent;type:place;order:sell;asset:N;price:98;qty:11;orderid:sellsend;respmessg:null;message:HoldNoQtyChange,SellingNoNewQty,ProfitSell,atBetter
INFO:order:2023-01-12 21:37:24,810;log:post;eid:16246;call:response;type:place;order:sell;asset:N;price:98;qty:11;orderid:od_1673334836840180;respmessg:null;message:HoldNoQtyChange,SellingNoNewQty,ProfitSell,atBetter
INFO:order:2023-01-12 21:37:28,717;log:pre;eid:16246;call:sent;type:cancel;order:buy;asset:N;price:6;qty:null;orderid:od_1673334836839211;respmessg:null;message:YesFairPriceChange,NewBuyParams
INFO:order:2023-01-12 21:37:29,961;log:post;eid:16246;call:response;type:cancel;order:buy;asset:N;price:6;qty:null;orderid:od_1673334836839211;respmessg:null;message:YesFairPriceChange,NewBuyParams
INFO:order:2023-01-12 21:37:30,697;log:pre;eid:16246;call:sent;type:place;order:buy;asset:N;price:6;qty:50;orderid:buysend;respmessg:null;message:YesFairPriceChange,ScalpingNo,BasicBuy,atbest+1
INFO:order:2023-01-12 21:37:31,861;log:post;eid:16246;call:response;type:place;order:buy;asset:N;price:6;qty:50;orderid:od_1673334836840185;respmessg:null;message:YesFairPriceChange,ScalpingNo,BasicBuy,atbest+1
INFO:order:2023-01-12 21:37:33,092;log:pre;eid:16246;call:sent;type:cancel;order:sell;asset:N;price:98;qty:null;orderid:od_1673334836840180;respmessg:null;message:YesFairPriceChange,PausingSell
INFO:order:2023-01-12 21:37:34,281;log:post;eid:16246;call:response;type:cancel;order:sell;asset:N;price:98;qty:null;orderid:od_1673334836840180;respmessg:null;message:YesFairPriceChange,PausingSell
INFO:order:2023-01-12 21:40:17,438;log:pre;eid:16240;call:sent;type:place;order:sell;asset:Y;price:97;qty:6;orderid:sellsend;respmessg:null;message:YesFairPriceChange,SellingBoughtQty,ProfitSell,atBetter
INFO:order:2023-01-12 21:40:18,679;log:post;eid:16240;call:response;type:place;order:sell;asset:Y;price:97;qty:6;orderid:od_1673334836840243;respmessg:null;message:YesFairPriceChange,SellingBoughtQty,ProfitSell,atBetter
INFO:order:2023-01-12 21:45:14,882;log:pre;eid:16246;call:sent;type:place;order:sell;asset:N;price:98;qty:7;orderid:sellsend;respmessg:null;message:HoldNoQtyChange,SellingNoNewQty,ProfitSell,atBetter
INFO:order:2023-01-12 21:45:15,950;log:post;eid:16246;call:response;type:place;order:sell;asset:N;price:98;qty:7;orderid:od_1673334836840335;respmessg:null;message:HoldNoQtyChange,SellingNoNewQty,ProfitSell,atBetter
INFO:order:2023-01-12 21:45:19,835;log:pre;eid:16246;call:sent;type:cancel;order:buy;asset:N;price:6;qty:null;orderid:od_1673334836840185;respmessg:null;message:YesFairPriceChange,NewBuyParams
INFO:order:2023-01-12 21:45:20,859;log:post;eid:16246;call:response;type:cancel;order:buy;asset:N;price:6;qty:null;orderid:od_1673334836840185;respmessg:null;message:YesFairPriceChange,NewBuyParams
INFO:order:2023-01-12 21:45:21,355;log:pre;eid:16246;call:sent;type:place;order:buy;asset:N;price:96;qty:75;orderid:buysend;respmessg:null;message:YesFairPriceChange,ScalpingNo,BasicBuy,atbest+1
INFO:order:2023-01-12 21:45:22,409;log:post;eid:16246;call:response;type:place;order:buy;asset:N;price:96;qty:75;orderid:od_1673334836840338;respmessg:null;message:YesFairPriceChange,ScalpingNo,BasicBuy,atbest+1
INFO:order:2023-01-12 21:45:23,637;log:pre;eid:16246;call:sent;type:cancel;order:sell;asset:N;price:98;qty:null;orderid:od_1673334836840335;respmessg:null;message:YesFairPriceChange,PausingSell
INFO:order:2023-01-12 21:45:24,693;log:post;eid:16246;call:response;type:cancel;order:sell;asset:N;price:98;qty:null;orderid:od_1673334836840335;respmessg:null;message:YesFairPriceChange,PausingSell
INFO:order:2023-01-12 21:47:45,663;log:pre;eid:16240;call:sent;type:cancel;order:sell;asset:Y;price:97;qty:null;orderid:od_1673334836840243;respmessg:null;message:YesFairPriceChange,NewSellParams
INFO:order:2023-01-12 21:47:46,945;log:post;eid:16240;call:response;type:cancel;order:sell;asset:Y;price:97;qty:null;orderid:od_1673334836840243;respmessg:null;message:YesFairPriceChange,NewSellParams
INFO:order:2023-01-12 21:47:47,795;log:pre;eid:16240;call:sent;type:place;order:sell;asset:Y;price:97;qty:6;orderid:sellsend;respmessg:null;message:YesFairPriceChange,SellingBoughtQty,ProfitSell,atBetter
INFO:order:2023-01-12 21:47:48,920;log:post;eid:16240;call:response;type:place;order:sell;asset:Y;price:97;qty:6;orderid:od_1673334836840386;respmessg:null;message:YesFairPriceChange,SellingBoughtQty,ProfitSell,atBetter
INFO:order:2023-01-12 21:51:46,720;log:pre;eid:16246;call:sent;type:place;order:sell;asset:N;price:98;qty:8;orderid:sellsend;respmessg:null;message:HoldNoQtyChange,SellingNoNewQty,ProfitSell,atBetter
INFO:order:2023-01-12 21:51:47,736;log:post;eid:16246;call:response;type:place;order:sell;asset:N;price:98;qty:8;orderid:od_1673334836840454;respmessg:null;message:HoldNoQtyChange,SellingNoNewQty,ProfitSell,atBetter
INFO:order:2023-01-12 21:51:51,123;log:pre;eid:16246;call:sent;type:cancel;order:buy;asset:N;price:96;qty:null;orderid:od_1673334836840338;respmessg:null;message:NoFairPriceChange,NewBuyParams
INFO:order:2023-01-12 21:51:52,144;log:post;eid:16246;call:response;type:cancel;order:buy;asset:N;price:96;qty:null;orderid:od_1673334836840338;respmessg:null;message:NoFairPriceChange,NewBuyParams
INFO:order:2023-01-12 21:51:53,827;log:pre;eid:16246;call:sent;type:place;order:buy;asset:N;price:6;qty:99;orderid:buysend;respmessg:null;message:NoFairPriceChange,ScalpingNo,BasicBuy,atbest+1
INFO:order:2023-01-12 21:51:54,851;log:post;eid:16246;call:response;type:place;order:buy;asset:N;price:6;qty:99;orderid:od_1673334836840459;respmessg:null;message:NoFairPriceChange,ScalpingNo,BasicBuy,atbest+1
INFO:order:2023-01-12 21:51:56,117;log:pre;eid:16246;call:sent;type:cancel;order:sell;asset:N;price:98;qty:null;orderid:od_1673334836840454;respmessg:null;message:NoFairPriceChange,PausingSell
INFO:order:2023-01-12 21:51:57,241;log:post;eid:16246;call:response;type:cancel;order:sell;asset:N;price:98;qty:null;orderid:od_1673334836840454;respmessg:null;message:NoFairPriceChange,PausingSell
INFO:order:2023-01-12 21:54:27,662;log:pre;eid:16240;call:sent;type:cancel;order:sell;asset:Y;price:97;qty:null;orderid:od_1673334836840386;respmessg:null;message:NoAvgBuyPriceChange,NewSellParams
INFO:order:2023-01-12 21:54:28,848;log:post;eid:16240;call:response;type:cancel;order:sell;asset:Y;price:97;qty:null;orderid:od_1673334836840386;respmessg:null;message:NoAvgBuyPriceChange,NewSellParams
INFO:order:2023-01-12 21:54:29,611;log:pre;eid:16240;call:sent;type:place;order:sell;asset:Y;price:97;qty:6;orderid:sellsend;respmessg:null;message:NoAvgBuyPriceChange,SellingBoughtQty,ProfitSell,atBetter
INFO:order:2023-01-12 21:54:30,730;log:post;eid:16240;call:response;type:place;order:sell;asset:Y;price:97;qty:6;orderid:od_1673334836840483;respmessg:null;message:NoAvgBuyPriceChange,SellingBoughtQty,ProfitSell,atBetter
INFO:order:2023-01-12 21:59:05,276;log:pre;eid:16246;call:sent;type:cancel;order:buy;asset:N;price:6.0;qty:null;orderid:od_1673334836840459;respmessg:null;message:NoFairPriceChange,NewBuyParams
INFO:order:2023-01-12 21:59:05,843;log:post;eid:16246;call:response;type:cancel;order:buy;asset:N;price:6.0;qty:null;orderid:od_1673334836840459;respmessg:notsuccess;message:NoFairPriceChange,NewBuyParams
INFO:order:2023-01-12 21:59:06,330;log:pre;eid:16246;call:sent;type:place;order:buy;asset:N;price:96;qty:50;orderid:buysend;respmessg:null;message:NoFairPriceChange,ScalpingNo,BasicBuy,atbest+1
INFO:order:2023-01-12 21:59:07,353;log:post;eid:16246;call:response;type:place;order:buy;asset:N;price:96;qty:50;orderid:od_1673334836840557;respmessg:null;message:NoFairPriceChange,ScalpingNo,BasicBuy,atbest+1
INFO:order:2023-01-12 22:01:42,054;log:pre;eid:16240;call:sent;type:cancel;order:sell;asset:Y;price:97;qty:null;orderid:od_1673334836840483;respmessg:null;message:NoAvgBuyPriceChange,NewSellParams
INFO:order:2023-01-12 22:01:43,241;log:post;eid:16240;call:response;type:cancel;order:sell;asset:Y;price:97;qty:null;orderid:od_1673334836840483;respmessg:null;message:NoAvgBuyPriceChange,NewSellParams
INFO:order:2023-01-12 22:01:44,111;log:pre;eid:16240;call:sent;type:place;order:sell;asset:Y;price:97;qty:6;orderid:sellsend;respmessg:null;message:NoAvgBuyPriceChange,SellingBoughtQty,ProfitSell,atBetter
INFO:order:2023-01-12 22:01:45,322;log:post;eid:16240;call:response;type:place;order:sell;asset:Y;price:97;qty:6;orderid:od_1673334836840564;respmessg:null;message:NoAvgBuyPriceChange,SellingBoughtQty,ProfitSell,atBetter
INFO:order:2023-01-12 22:03:19,568;log:pre;eid:16242;call:sent;type:place;order:buy;asset:Y;price:2;qty:50;orderid:buysend;respmessg:null;message:YesSignalZeroHolding,ScalpingYes,BasicBuy,atbest+1
INFO:order:2023-01-12 22:03:20,654;log:post;eid:16242;call:response;type:place;order:buy;asset:Y;price:2;qty:50;orderid:od_1673334836840576;respmessg:null;message:YesSignalZeroHolding,ScalpingYes,BasicBuy,atbest+1
INFO:order:2023-01-12 22:06:23,794;log:pre;eid:16246;call:sent;type:cancel;order:buy;asset:N;price:96.0;qty:null;orderid:od_1673334836840557;respmessg:null;message:NoFairPriceChange,NewBuyParams
INFO:order:2023-01-12 22:06:24,541;log:post;eid:16246;call:response;type:cancel;order:buy;asset:N;price:96.0;qty:null;orderid:od_1673334836840557;respmessg:notsuccess;message:NoFairPriceChange,NewBuyParams
INFO:order:2023-01-12 22:06:24,544;log:pre;eid:16246;call:sent;type:cancel;order:buy;asset:N;price:6.0;qty:null;orderid:od_1673334836840459;respmessg:null;message:NoFairPriceChange,NewBuyParams
INFO:order:2023-01-12 22:06:25,189;log:post;eid:16246;call:response;type:cancel;order:buy;asset:N;price:6.0;qty:null;orderid:od_1673334836840459;respmessg:notsuccess;message:NoFairPriceChange,NewBuyParams
INFO:order:2023-01-12 22:06:25,901;log:pre;eid:16246;call:sent;type:place;order:buy;asset:N;price:97;qty:75;orderid:buysend;respmessg:null;message:NoFairPriceChange,ScalpingNo,BasicBuy,atbest+1
INFO:order:2023-01-12 22:06:27,003;log:post;eid:16246;call:response;type:place;order:buy;asset:N;price:97;qty:75;orderid:od_1673334836840635;respmessg:null;message:NoFairPriceChange,ScalpingNo,BasicBuy,atbest+1
INFO:order:2023-01-12 22:25:15,230;log:pre;eid:16242;call:sent;type:cancel;order:buy;asset:Y;price:2;qty:null;orderid:od_1673334836840576;respmessg:null;message:YesSignalZeroHolding,NewBuyParams
INFO:order:2023-01-12 22:25:16,480;log:post;eid:16242;call:response;type:cancel;order:buy;asset:Y;price:2;qty:null;orderid:od_1673334836840576;respmessg:null;message:YesSignalZeroHolding,NewBuyParams
INFO:order:2023-01-12 22:25:17,234;log:pre;eid:16242;call:sent;type:place;order:buy;asset:Y;price:4;qty:50;orderid:buysend;respmessg:null;message:YesSignalZeroHolding,ScalpingYes,BasicBuy,atbest+1
INFO:order:2023-01-12 22:25:18,515;log:post;eid:16242;call:response;type:place;order:buy;asset:Y;price:4;qty:50;orderid:od_1673334836841090;respmessg:null;message:YesSignalZeroHolding,ScalpingYes,BasicBuy,atbest+1
INFO:order:2023-01-12 22:35:38,380;log:pre;eid:16245;call:sent;type:place;order:buy;asset:N;price:11;qty:50;orderid:buysend;respmessg:null;message:NoSignalZeroHolding,ScalpingNo,BasicBuy,atbest+1
INFO:order:2023-01-12 22:35:39,483;log:post;eid:16245;call:response;type:place;order:buy;asset:N;price:11;qty:50;orderid:od_1673334836841408;respmessg:null;message:NoSignalZeroHolding,ScalpingNo,BasicBuy,atbest+1
INFO:order:2023-01-12 22:39:55,425;log:pre;eid:16241;call:sent;type:cancel;order:buy;asset:Y;price:6;qty:null;orderid:od_1673334836839008;respmessg:null;message:YesSignalZeroHolding,NewBuyParams
INFO:order:2023-01-12 22:39:56,585;log:post;eid:16241;call:response;type:cancel;order:buy;asset:Y;price:6;qty:null;orderid:od_1673334836839008;respmessg:null;message:YesSignalZeroHolding,NewBuyParams
INFO:order:2023-01-12 22:39:57,109;log:pre;eid:16241;call:sent;type:place;order:buy;asset:Y;price:4;qty:50;orderid:buysend;respmessg:null;message:YesSignalZeroHolding,ScalpingYes,BasicBuy,atbest+1
INFO:order:2023-01-12 22:39:58,197;log:post;eid:16241;call:response;type:place;order:buy;asset:Y;price:4;qty:50;orderid:od_1673334836841526;respmessg:null;message:YesSignalZeroHolding,ScalpingYes,BasicBuy,atbest+1
INFO:order:2023-01-12 22:43:16,417;log:pre;eid:16245;call:sent;type:cancel;order:buy;asset:N;price:11;qty:null;orderid:od_1673334836841408;respmessg:null;message:NoSignalZeroHolding,PausingBuy
INFO:order:2023-01-12 22:43:17,414;log:post;eid:16245;call:response;type:cancel;order:buy;asset:N;price:11;qty:null;orderid:od_1673334836841408;respmessg:null;message:NoSignalZeroHolding,PausingBuy
INFO:order:2023-01-12 22:49:25,507;log:pre;eid:16243;call:sent;type:place;order:buy;asset:Y;price:1;qty:50;orderid:buysend;respmessg:null;message:YesSignalZeroHolding,ScalpingYes,BasicBuy,atbest+1
INFO:order:2023-01-12 22:49:26,555;log:post;eid:16243;call:response;type:place;order:buy;asset:Y;price:1;qty:50;orderid:od_1673334836841759;respmessg:null;message:YesSignalZeroHolding,ScalpingYes,BasicBuy,atbest+1
INFO:order:2023-01-12 22:51:47,098;log:pre;eid:16246;call:sent;type:place;order:sell;asset:N;price:98;qty:11;orderid:sellsend;respmessg:null;message:HoldNoQtyChange,SellingNoNewQty,ProfitSell,atBetter
INFO:order:2023-01-12 22:51:48,251;log:post;eid:16246;call:response;type:place;order:sell;asset:N;price:98;qty:11;orderid:od_1673334836841807;respmessg:null;message:HoldNoQtyChange,SellingNoNewQty,ProfitSell,atBetter
INFO:order:2023-01-12 22:51:52,387;log:pre;eid:16246;call:sent;type:cancel;order:sell;asset:N;price:98;qty:null;orderid:od_1673334836841807;respmessg:null;message:NoFairPriceChange,PausingSell
INFO:order:2023-01-12 22:51:53,556;log:post;eid:16246;call:response;type:cancel;order:sell;asset:N;price:98;qty:null;orderid:od_1673334836841807;respmessg:null;message:NoFairPriceChange,PausingSell
INFO:order:2023-01-12 22:54:40,083;log:pre;eid:16240;call:sent;type:place;order:buy;asset:Y;price:98;qty:1;orderid:buysend;respmessg:null;message:absorbing orderbook
INFO:order:2023-01-12 22:54:41,137;log:post;eid:16240;call:response;type:place;order:buy;asset:Y;price:98;qty:1;orderid:od_1673334836841872;respmessg:null;message:absorbing orderbook
INFO:order:2023-01-12 22:54:41,138;log:pre;eid:16240;call:sent;type:place;order:buy;asset:Y;price:99;qty:1;orderid:buysend;respmessg:null;message:absorbing orderbook
INFO:order:2023-01-12 22:54:42,184;log:post;eid:16240;call:response;type:place;order:buy;asset:Y;price:99;qty:1;orderid:od_1673334836841874;respmessg:null;message:absorbing orderbook
INFO:order:2023-01-12 22:55:31,758;log:pre;eid:16241;call:sent;type:place;order:buy;asset:Y;price:99;qty:1;orderid:buysend;respmessg:null;message:absorbing orderbook
INFO:order:2023-01-12 22:55:32,808;log:post;eid:16241;call:response;type:place;order:buy;asset:Y;price:99;qty:1;orderid:od_1673334836841903;respmessg:null;message:absorbing orderbook
INFO:order:2023-01-12 22:57:58,613;log:pre;eid:16244;call:sent;type:place;order:buy;asset:Y;price:2;qty:50;orderid:buysend;respmessg:null;message:YesSignalZeroHolding,ScalpingYes,BasicBuy,atbest+1
INFO:order:2023-01-12 22:57:59,673;log:post;eid:16244;call:response;type:place;order:buy;asset:Y;price:2;qty:50;orderid:od_1673334836841962;respmessg:null;message:YesSignalZeroHolding,ScalpingYes,BasicBuy,atbest+1
INFO:order:2023-01-12 22:58:45,532;log:pre;eid:16245;call:sent;type:place;order:buy;asset:N;price:11;qty:50;orderid:buysend;respmessg:null;message:NoSignalZeroHolding,ScalpingNo,BasicBuy,atbest+1
INFO:order:2023-01-12 22:58:46,668;log:post;eid:16245;call:response;type:place;order:buy;asset:N;price:11;qty:50;orderid:od_1673334836841986;respmessg:null;message:NoSignalZeroHolding,ScalpingNo,BasicBuy,atbest+1
INFO:order:2023-01-12 22:59:41,544;log:pre;eid:16246;call:sent;type:place;order:buy;asset:N;price:98;qty:2;orderid:buysend;respmessg:null;message:absorbing orderbook
INFO:order:2023-01-12 22:59:42,688;log:post;eid:16246;call:response;type:place;order:buy;asset:N;price:98;qty:2;orderid:od_1673334836841995;respmessg:null;message:absorbing orderbook
INFO:order:2023-01-12 22:59:42,689;log:pre;eid:16246;call:sent;type:place;order:buy;asset:N;price:99;qty:1;orderid:buysend;respmessg:null;message:absorbing orderbook
INFO:order:2023-01-12 22:59:43,725;log:post;eid:16246;call:response;type:place;order:buy;asset:N;price:99;qty:1;orderid:od_1673334836841997;respmessg:null;message:absorbing orderbook
