INFO:order:2022-12-23 16:02:35,457;log:pre;eid:14521;call:sent;type:place;order:buy;asset:Y;price:51;qty:5;orderid:buysend;respmessg:null;message:YesSignalZeroHolding,ScalpingYes,BasicBuy,atbest+1
INFO:order:2022-12-23 16:02:36,974;log:post;eid:14521;call:response;type:place;order:buy;asset:Y;price:51;qty:5;orderid:od_1671259060346788;respmessg:null;message:YesSignalZeroHolding,ScalpingYes,BasicBuy,atbest+1
INFO:order:2022-12-23 16:03:14,372;log:pre;eid:14522;call:sent;type:place;order:buy;asset:Y;price:51;qty:5;orderid:buysend;respmessg:null;message:YesSignalZeroHolding,ScalpingYes,BasicBuy,atbest+1
INFO:order:2022-12-23 16:03:16,685;log:post;eid:14522;call:response;type:place;order:buy;asset:Y;price:51;qty:5;orderid:od_1671259060346798;respmessg:null;message:YesSignalZeroHolding,ScalpingYes,BasicBuy,atbest+1
INFO:order:2022-12-23 16:03:53,292;log:pre;eid:14523;call:sent;type:place;order:buy;asset:Y;price:1;qty:5;orderid:buysend;respmessg:null;message:YesSignalZeroHolding,ScalpingYes,BasicBuy,atbest+1
INFO:order:2022-12-23 16:03:54,888;log:post;eid:14523;call:response;type:place;order:buy;asset:Y;price:1;qty:5;orderid:od_1671259060346816;respmessg:null;message:YesSignalZeroHolding,ScalpingYes,BasicBuy,atbest+1
INFO:order:2022-12-23 16:04:31,009;log:pre;eid:14524;call:sent;type:place;order:buy;asset:Y;price:11;qty:5;orderid:buysend;respmessg:null;message:YesSignalZeroHolding,ScalpingYes,BasicBuy,atbest+1
INFO:order:2022-12-23 16:04:32,535;log:post;eid:14524;call:response;type:place;order:buy;asset:Y;price:11;qty:5;orderid:od_1671259060346825;respmessg:null;message:YesSignalZeroHolding,ScalpingYes,BasicBuy,atbest+1
INFO:order:2022-12-23 16:05:08,330;log:pre;eid:14525;call:sent;type:place;order:buy;asset:N;price:16;qty:5;orderid:buysend;respmessg:null;message:NoSignalZeroHolding,ScalpingNo,BasicBuy,atbest+1
INFO:order:2022-12-23 16:05:09,910;log:post;eid:14525;call:response;type:place;order:buy;asset:N;price:16;qty:5;orderid:od_1671259060346833;respmessg:null;message:NoSignalZeroHolding,ScalpingNo,BasicBuy,atbest+1
INFO:order:2022-12-23 16:05:47,156;log:pre;eid:14526;call:sent;type:place;order:buy;asset:N;price:51;qty:5;orderid:buysend;respmessg:null;message:NoSignalZeroHolding,ScalpingNo,BasicBuy,atbest+1
INFO:order:2022-12-23 16:05:48,639;log:post;eid:14526;call:response;type:place;order:buy;asset:N;price:51;qty:5;orderid:od_1671259060346846;respmessg:null;message:NoSignalZeroHolding,ScalpingNo,BasicBuy,atbest+1
INFO:order:2022-12-23 16:06:24,763;log:pre;eid:14527;call:sent;type:place;order:buy;asset:N;price:51;qty:5;orderid:buysend;respmessg:null;message:NoSignalZeroHolding,ScalpingNo,BasicBuy,atbest+1
INFO:order:2022-12-23 16:06:26,241;log:post;eid:14527;call:response;type:place;order:buy;asset:N;price:51;qty:5;orderid:od_1671259060346858;respmessg:null;message:NoSignalZeroHolding,ScalpingNo,BasicBuy,atbest+1
INFO:order:2022-12-23 16:06:59,835;log:pre;eid:14528;call:sent;type:place;order:buy;asset:N;price:52;qty:5;orderid:buysend;respmessg:null;message:NoSignalZeroHolding,ScalpingNo,BasicBuy,atbest+1
INFO:order:2022-12-23 16:07:01,330;log:post;eid:14528;call:response;type:place;order:buy;asset:N;price:52;qty:5;orderid:od_1671259060346866;respmessg:null;message:NoSignalZeroHolding,ScalpingNo,BasicBuy,atbest+1
INFO:order:2022-12-23 16:11:07,982;log:pre;eid:14528;call:sent;type:place;order:sell;asset:N;price:99;qty:5;orderid:sellsend;respmessg:null;message:HoldNoQtyChange,SellingNoNewQty,ProfitSell,atBetter
INFO:order:2022-12-23 16:11:09,553;log:post;eid:14528;call:response;type:place;order:sell;asset:N;price:99;qty:5;orderid:od_1671259060346926;respmessg:null;message:HoldNoQtyChange,SellingNoNewQty,ProfitSell,atBetter
INFO:order:2022-12-23 16:12:53,327;log:pre;eid:14521;call:sent;type:cancel;order:buy;asset:Y;price:51;qty:null;orderid:od_1671259060346788;respmessg:null;message:Starting fresh
INFO:order:2022-12-23 16:12:54,813;log:post;eid:14521;call:response;type:cancel;order:buy;asset:Y;price:51;qty:null;orderid:od_1671259060346788;respmessg:null;message:Starting fresh
INFO:order:2022-12-23 16:13:15,178;log:pre;eid:14521;call:sent;type:place;order:buy;asset:Y;price:51;qty:5;orderid:buysend;respmessg:null;message:YesSignalZeroHolding,ScalpingYes,BasicBuy,atbest+1
INFO:order:2022-12-23 16:13:16,669;log:post;eid:14521;call:response;type:place;order:buy;asset:Y;price:51;qty:5;orderid:od_1671259060346976;respmessg:null;message:YesSignalZeroHolding,ScalpingYes,BasicBuy,atbest+1
INFO:order:2022-12-23 16:13:27,929;log:pre;eid:14522;call:sent;type:cancel;order:buy;asset:Y;price:51;qty:null;orderid:od_1671259060346798;respmessg:null;message:Starting fresh
INFO:order:2022-12-23 16:13:29,432;log:post;eid:14522;call:response;type:cancel;order:buy;asset:Y;price:51;qty:null;orderid:od_1671259060346798;respmessg:null;message:Starting fresh
INFO:order:2022-12-23 16:13:50,533;log:pre;eid:14522;call:sent;type:place;order:buy;asset:Y;price:51;qty:5;orderid:buysend;respmessg:null;message:YesSignalZeroHolding,ScalpingYes,BasicBuy,atbest+1
INFO:order:2022-12-23 16:13:51,985;log:post;eid:14522;call:response;type:place;order:buy;asset:Y;price:51;qty:5;orderid:od_1671259060346987;respmessg:null;message:YesSignalZeroHolding,ScalpingYes,BasicBuy,atbest+1
INFO:order:2022-12-23 16:14:04,118;log:pre;eid:14523;call:sent;type:cancel;order:buy;asset:Y;price:1;qty:null;orderid:od_1671259060346816;respmessg:null;message:Starting fresh
INFO:order:2022-12-23 16:14:05,601;log:post;eid:14523;call:response;type:cancel;order:buy;asset:Y;price:1;qty:null;orderid:od_1671259060346816;respmessg:null;message:Starting fresh
INFO:order:2022-12-23 16:14:27,018;log:pre;eid:14523;call:sent;type:place;order:buy;asset:Y;price:1;qty:5;orderid:buysend;respmessg:null;message:YesSignalZeroHolding,ScalpingYes,BasicBuy,atbest+1
INFO:order:2022-12-23 16:14:28,535;log:post;eid:14523;call:response;type:place;order:buy;asset:Y;price:1;qty:5;orderid:od_1671259060346993;respmessg:null;message:YesSignalZeroHolding,ScalpingYes,BasicBuy,atbest+1
INFO:order:2022-12-23 16:14:40,092;log:pre;eid:14524;call:sent;type:cancel;order:buy;asset:Y;price:11;qty:null;orderid:od_1671259060346825;respmessg:null;message:Starting fresh
INFO:order:2022-12-23 16:14:41,581;log:post;eid:14524;call:response;type:cancel;order:buy;asset:Y;price:11;qty:null;orderid:od_1671259060346825;respmessg:null;message:Starting fresh
INFO:order:2022-12-23 16:15:03,902;log:pre;eid:14524;call:sent;type:place;order:buy;asset:Y;price:11;qty:5;orderid:buysend;respmessg:null;message:YesSignalZeroHolding,ScalpingYes,BasicBuy,atbest+1
INFO:order:2022-12-23 16:15:05,390;log:post;eid:14524;call:response;type:place;order:buy;asset:Y;price:11;qty:5;orderid:od_1671259060347008;respmessg:null;message:YesSignalZeroHolding,ScalpingYes,BasicBuy,atbest+1
INFO:order:2022-12-23 16:15:17,874;log:pre;eid:14525;call:sent;type:cancel;order:buy;asset:N;price:16;qty:null;orderid:od_1671259060346833;respmessg:null;message:Starting fresh
INFO:order:2022-12-23 16:15:19,429;log:post;eid:14525;call:response;type:cancel;order:buy;asset:N;price:16;qty:null;orderid:od_1671259060346833;respmessg:null;message:Starting fresh
INFO:order:2022-12-23 16:46:14,787;log:pre;eid:14521;call:sent;type:cancel;order:buy;asset:Y;price:51;qty:null;orderid:od_1671259060346976;respmessg:null;message:Starting fresh
INFO:order:2022-12-23 16:46:16,316;log:post;eid:14521;call:response;type:cancel;order:buy;asset:Y;price:51;qty:null;orderid:od_1671259060346976;respmessg:null;message:Starting fresh
INFO:order:2022-12-23 16:46:48,458;log:pre;eid:14521;call:sent;type:place;order:buy;asset:Y;price:56;qty:5;orderid:buysend;respmessg:null;message:YesSignalZeroHolding,ScalpingYes,BasicBuy,atbest+1
INFO:order:2022-12-23 16:46:49,965;log:post;eid:14521;call:response;type:place;order:buy;asset:Y;price:56;qty:5;orderid:od_1671259060347702;respmessg:null;message:YesSignalZeroHolding,ScalpingYes,BasicBuy,atbest+1
INFO:order:2022-12-23 16:47:03,557;log:pre;eid:14522;call:sent;type:cancel;order:buy;asset:Y;price:51;qty:null;orderid:od_1671259060346987;respmessg:null;message:Starting fresh
INFO:order:2022-12-23 16:47:05,053;log:post;eid:14522;call:response;type:cancel;order:buy;asset:Y;price:51;qty:null;orderid:od_1671259060346987;respmessg:null;message:Starting fresh
INFO:order:2022-12-23 16:47:27,989;log:pre;eid:14522;call:sent;type:place;order:buy;asset:Y;price:51;qty:5;orderid:buysend;respmessg:null;message:YesSignalZeroHolding,ScalpingYes,BasicBuy,atbest+1
INFO:order:2022-12-23 16:47:29,563;log:post;eid:14522;call:response;type:place;order:buy;asset:Y;price:51;qty:5;orderid:od_1671259060347731;respmessg:null;message:YesSignalZeroHolding,ScalpingYes,BasicBuy,atbest+1
INFO:order:2022-12-23 16:47:41,875;log:pre;eid:14523;call:sent;type:cancel;order:buy;asset:Y;price:1;qty:null;orderid:od_1671259060346993;respmessg:null;message:Starting fresh
INFO:order:2022-12-23 16:47:43,340;log:post;eid:14523;call:response;type:cancel;order:buy;asset:Y;price:1;qty:null;orderid:od_1671259060346993;respmessg:null;message:Starting fresh
INFO:order:2022-12-23 16:48:08,153;log:pre;eid:14523;call:sent;type:place;order:buy;asset:Y;price:1;qty:5;orderid:buysend;respmessg:null;message:YesSignalZeroHolding,ScalpingYes,BasicBuy,atbest+1
INFO:order:2022-12-23 16:48:09,656;log:post;eid:14523;call:response;type:place;order:buy;asset:Y;price:1;qty:5;orderid:od_1671259060347750;respmessg:null;message:YesSignalZeroHolding,ScalpingYes,BasicBuy,atbest+1
INFO:order:2022-12-23 16:48:21,488;log:pre;eid:14524;call:sent;type:cancel;order:buy;asset:Y;price:11;qty:null;orderid:od_1671259060347008;respmessg:null;message:Starting fresh
INFO:order:2022-12-23 16:48:23,003;log:post;eid:14524;call:response;type:cancel;order:buy;asset:Y;price:11;qty:null;orderid:od_1671259060347008;respmessg:null;message:Starting fresh
INFO:order:2022-12-23 16:48:45,553;log:pre;eid:14524;call:sent;type:place;order:buy;asset:Y;price:11;qty:5;orderid:buysend;respmessg:null;message:YesSignalZeroHolding,ScalpingYes,BasicBuy,atbest+1
INFO:order:2022-12-23 16:48:47,067;log:post;eid:14524;call:response;type:place;order:buy;asset:Y;price:11;qty:5;orderid:od_1671259060347772;respmessg:null;message:YesSignalZeroHolding,ScalpingYes,BasicBuy,atbest+1
INFO:order:2022-12-23 16:49:20,161;log:pre;eid:14525;call:sent;type:place;order:buy;asset:N;price:16;qty:5;orderid:buysend;respmessg:null;message:NoSignalZeroHolding,ScalpingNo,BasicBuy,atbest+1
INFO:order:2022-12-23 16:49:21,654;log:post;eid:14525;call:response;type:place;order:buy;asset:N;price:16;qty:5;orderid:od_1671259060347788;respmessg:null;message:NoSignalZeroHolding,ScalpingNo,BasicBuy,atbest+1
INFO:order:2022-12-23 16:49:34,180;log:pre;eid:14526;call:sent;type:cancel;order:buy;asset:N;price:51;qty:null;orderid:od_1671259060346846;respmessg:null;message:Starting fresh
INFO:order:2022-12-23 16:49:35,724;log:post;eid:14526;call:response;type:cancel;order:buy;asset:N;price:51;qty:null;orderid:od_1671259060346846;respmessg:null;message:Starting fresh
INFO:order:2022-12-23 16:49:54,899;log:pre;eid:14526;call:sent;type:place;order:buy;asset:N;price:51;qty:5;orderid:buysend;respmessg:null;message:NoSignalZeroHolding,ScalpingNo,BasicBuy,atbest+1
INFO:order:2022-12-23 16:49:56,432;log:post;eid:14526;call:response;type:place;order:buy;asset:N;price:51;qty:5;orderid:od_1671259060347803;respmessg:null;message:NoSignalZeroHolding,ScalpingNo,BasicBuy,atbest+1
INFO:order:2022-12-23 16:50:09,192;log:pre;eid:14527;call:sent;type:cancel;order:buy;asset:N;price:51;qty:null;orderid:od_1671259060346858;respmessg:null;message:Starting fresh
INFO:order:2022-12-23 16:50:10,692;log:post;eid:14527;call:response;type:cancel;order:buy;asset:N;price:51;qty:null;orderid:od_1671259060346858;respmessg:null;message:Starting fresh
INFO:order:2022-12-23 16:50:36,250;log:pre;eid:14527;call:sent;type:place;order:buy;asset:N;price:51;qty:5;orderid:buysend;respmessg:null;message:NoSignalZeroHolding,ScalpingNo,BasicBuy,atbest+1
INFO:order:2022-12-23 16:50:37,769;log:post;eid:14527;call:response;type:place;order:buy;asset:N;price:51;qty:5;orderid:od_1671259060347828;respmessg:null;message:NoSignalZeroHolding,ScalpingNo,BasicBuy,atbest+1
INFO:order:2022-12-23 16:50:52,154;log:pre;eid:14528;call:sent;type:cancel;order:sell;asset:N;price:99;qty:null;orderid:od_1671259060346926;respmessg:null;message:Starting fresh
INFO:order:2022-12-23 16:50:53,674;log:post;eid:14528;call:response;type:cancel;order:sell;asset:N;price:99;qty:null;orderid:od_1671259060346926;respmessg:null;message:Starting fresh
INFO:order:2022-12-23 16:55:28,199;log:pre;eid:14528;call:sent;type:place;order:sell;asset:N;price:97;qty:5;orderid:sellsend;respmessg:null;message:YesFairPriceChange,SellingBoughtQty,ProfitSell,atBetter
INFO:order:2022-12-23 16:55:29,686;log:post;eid:14528;call:response;type:place;order:sell;asset:N;price:97;qty:5;orderid:od_1671259060347947;respmessg:null;message:YesFairPriceChange,SellingBoughtQty,ProfitSell,atBetter
INFO:order:2022-12-23 17:00:44,199;log:pre;eid:14528;call:sent;type:cancel;order:sell;asset:N;price:97;qty:null;orderid:od_1671259060347947;respmessg:null;message:YesFairPriceChange,NewSellParams
INFO:order:2022-12-23 17:00:45,728;log:post;eid:14528;call:response;type:cancel;order:sell;asset:N;price:97;qty:null;orderid:od_1671259060347947;respmessg:null;message:YesFairPriceChange,NewSellParams
INFO:order:2022-12-23 17:00:46,203;log:pre;eid:14528;call:sent;type:place;order:sell;asset:N;price:97;qty:5;orderid:sellsend;respmessg:null;message:YesFairPriceChange,SellingBoughtQty,ProfitSell,atBetter
INFO:order:2022-12-23 17:00:47,760;log:post;eid:14528;call:response;type:place;order:sell;asset:N;price:97;qty:5;orderid:od_1671259060348102;respmessg:null;message:YesFairPriceChange,SellingBoughtQty,ProfitSell,atBetter
INFO:order:2022-12-23 17:06:04,614;log:pre;eid:14528;call:sent;type:cancel;order:sell;asset:N;price:97;qty:null;orderid:od_1671259060348102;respmessg:null;message:YesAvgBuyPriceChange,NewSellParams
INFO:order:2022-12-23 17:06:06,100;log:post;eid:14528;call:response;type:cancel;order:sell;asset:N;price:97;qty:null;orderid:od_1671259060348102;respmessg:null;message:YesAvgBuyPriceChange,NewSellParams
INFO:order:2022-12-23 17:06:06,451;log:pre;eid:14528;call:sent;type:place;order:sell;asset:N;price:97;qty:5;orderid:sellsend;respmessg:null;message:YesAvgBuyPriceChange,SellingBoughtQty,ProfitSell,atBetter
INFO:order:2022-12-23 17:06:07,946;log:post;eid:14528;call:response;type:place;order:sell;asset:N;price:97;qty:5;orderid:od_1671259060348255;respmessg:null;message:YesAvgBuyPriceChange,SellingBoughtQty,ProfitSell,atBetter
INFO:order:2022-12-23 17:07:36,188;log:pre;eid:14521;call:sent;type:cancel;order:buy;asset:Y;price:56;qty:null;orderid:od_1671259060347702;respmessg:null;message:YesSignalZeroHolding,NewBuyParams
INFO:order:2022-12-23 17:07:37,702;log:post;eid:14521;call:response;type:cancel;order:buy;asset:Y;price:56;qty:null;orderid:od_1671259060347702;respmessg:null;message:YesSignalZeroHolding,NewBuyParams
INFO:order:2022-12-23 17:07:38,059;log:pre;eid:14521;call:sent;type:place;order:buy;asset:Y;price:51;qty:5;orderid:buysend;respmessg:null;message:YesSignalZeroHolding,ScalpingYes,BasicBuy,atbest+1
INFO:order:2022-12-23 17:07:39,552;log:post;eid:14521;call:response;type:place;order:buy;asset:Y;price:51;qty:5;orderid:od_1671259060348300;respmessg:null;message:YesSignalZeroHolding,ScalpingYes,BasicBuy,atbest+1
INFO:order:2022-12-23 17:11:51,352;log:pre;eid:14528;call:sent;type:cancel;order:sell;asset:N;price:97;qty:null;orderid:od_1671259060348255;respmessg:null;message:NoFairPriceChange,NewSellParams
INFO:order:2022-12-23 17:11:52,837;log:post;eid:14528;call:response;type:cancel;order:sell;asset:N;price:97;qty:null;orderid:od_1671259060348255;respmessg:null;message:NoFairPriceChange,NewSellParams
INFO:order:2022-12-23 17:11:53,212;log:pre;eid:14528;call:sent;type:place;order:sell;asset:N;price:97;qty:5;orderid:sellsend;respmessg:null;message:NoFairPriceChange,SellingBoughtQty,ProfitSell,atBetter
INFO:order:2022-12-23 17:11:54,692;log:post;eid:14528;call:response;type:place;order:sell;asset:N;price:97;qty:5;orderid:od_1671259060348400;respmessg:null;message:NoFairPriceChange,SellingBoughtQty,ProfitSell,atBetter
INFO:order:2022-12-23 17:13:24,045;log:pre;eid:14521;call:sent;type:cancel;order:buy;asset:Y;price:51;qty:null;orderid:od_1671259060348300;respmessg:null;message:YesSignalZeroHolding,NewBuyParams
INFO:order:2022-12-23 17:13:25,530;log:post;eid:14521;call:response;type:cancel;order:buy;asset:Y;price:51;qty:null;orderid:od_1671259060348300;respmessg:null;message:YesSignalZeroHolding,NewBuyParams
INFO:order:2022-12-23 17:13:25,889;log:pre;eid:14521;call:sent;type:place;order:buy;asset:Y;price:52;qty:5;orderid:buysend;respmessg:null;message:YesSignalZeroHolding,ScalpingYes,BasicBuy,atbest+1
INFO:order:2022-12-23 17:13:27,382;log:post;eid:14521;call:response;type:place;order:buy;asset:Y;price:52;qty:5;orderid:od_1671259060348446;respmessg:null;message:YesSignalZeroHolding,ScalpingYes,BasicBuy,atbest+1
INFO:order:2022-12-23 17:17:33,468;log:pre;eid:14528;call:sent;type:cancel;order:sell;asset:N;price:97;qty:null;orderid:od_1671259060348400;respmessg:null;message:YesFairPriceChange,NewSellParams
INFO:order:2022-12-23 17:17:34,930;log:post;eid:14528;call:response;type:cancel;order:sell;asset:N;price:97;qty:null;orderid:od_1671259060348400;respmessg:null;message:YesFairPriceChange,NewSellParams
INFO:order:2022-12-23 17:17:35,302;log:pre;eid:14528;call:sent;type:place;order:sell;asset:N;price:94;qty:5;orderid:sellsend;respmessg:null;message:YesFairPriceChange,SellingBoughtQty,ProfitSell,atBetter
INFO:order:2022-12-23 17:17:36,777;log:post;eid:14528;call:response;type:place;order:sell;asset:N;price:94;qty:5;orderid:od_1671259060348570;respmessg:null;message:YesFairPriceChange,SellingBoughtQty,ProfitSell,atBetter
INFO:order:2022-12-23 17:22:58,009;log:pre;eid:14528;call:sent;type:cancel;order:sell;asset:N;price:94;qty:null;orderid:od_1671259060348570;respmessg:null;message:YesFairPriceChange,NewSellParams
INFO:order:2022-12-23 17:22:59,502;log:post;eid:14528;call:response;type:cancel;order:sell;asset:N;price:94;qty:null;orderid:od_1671259060348570;respmessg:null;message:YesFairPriceChange,NewSellParams
INFO:order:2022-12-23 17:22:59,982;log:pre;eid:14528;call:sent;type:place;order:sell;asset:N;price:94;qty:5;orderid:sellsend;respmessg:null;message:YesFairPriceChange,SellingBoughtQty,ProfitSell,atBetter
INFO:order:2022-12-23 17:23:01,529;log:post;eid:14528;call:response;type:place;order:sell;asset:N;price:94;qty:5;orderid:od_1671259060348675;respmessg:null;message:YesFairPriceChange,SellingBoughtQty,ProfitSell,atBetter
INFO:order:2022-12-23 17:27:55,167;log:pre;eid:14527;call:sent;type:cancel;order:buy;asset:N;price:51;qty:null;orderid:od_1671259060347828;respmessg:null;message:NoSignalZeroHolding,NewBuyParams
INFO:order:2022-12-23 17:27:56,653;log:post;eid:14527;call:response;type:cancel;order:buy;asset:N;price:51;qty:null;orderid:od_1671259060347828;respmessg:null;message:NoSignalZeroHolding,NewBuyParams
INFO:order:2022-12-23 17:27:57,006;log:pre;eid:14527;call:sent;type:place;order:buy;asset:N;price:52;qty:5;orderid:buysend;respmessg:null;message:NoSignalZeroHolding,ScalpingNo,BasicBuy,atbest+1
INFO:order:2022-12-23 17:27:58,484;log:post;eid:14527;call:response;type:place;order:buy;asset:N;price:52;qty:5;orderid:od_1671259060348756;respmessg:null;message:NoSignalZeroHolding,ScalpingNo,BasicBuy,atbest+1
INFO:order:2022-12-23 17:28:32,705;log:pre;eid:14528;call:sent;type:cancel;order:sell;asset:N;price:94;qty:null;orderid:od_1671259060348675;respmessg:null;message:NoFairPriceChange,NewSellParams
INFO:order:2022-12-23 17:28:34,186;log:post;eid:14528;call:response;type:cancel;order:sell;asset:N;price:94;qty:null;orderid:od_1671259060348675;respmessg:null;message:NoFairPriceChange,NewSellParams
INFO:order:2022-12-23 17:28:34,571;log:pre;eid:14528;call:sent;type:place;order:sell;asset:N;price:94;qty:5;orderid:sellsend;respmessg:null;message:NoFairPriceChange,SellingBoughtQty,ProfitSell,atBetter
INFO:order:2022-12-23 17:28:36,090;log:post;eid:14528;call:response;type:place;order:sell;asset:N;price:94;qty:5;orderid:od_1671259060348767;respmessg:null;message:NoFairPriceChange,SellingBoughtQty,ProfitSell,atBetter
INFO:order:2022-12-23 17:33:56,941;log:pre;eid:14528;call:sent;type:cancel;order:sell;asset:N;price:94;qty:null;orderid:od_1671259060348767;respmessg:null;message:YesAvgBuyPriceChange,NewSellParams
INFO:order:2022-12-23 17:33:58,473;log:post;eid:14528;call:response;type:cancel;order:sell;asset:N;price:94;qty:null;orderid:od_1671259060348767;respmessg:null;message:YesAvgBuyPriceChange,NewSellParams
INFO:order:2022-12-23 17:33:58,812;log:pre;eid:14528;call:sent;type:place;order:sell;asset:N;price:94;qty:5;orderid:sellsend;respmessg:null;message:YesAvgBuyPriceChange,SellingBoughtQty,ProfitSell,atBetter
INFO:order:2022-12-23 17:34:00,313;log:post;eid:14528;call:response;type:place;order:sell;asset:N;price:94;qty:5;orderid:od_1671259060348863;respmessg:null;message:YesAvgBuyPriceChange,SellingBoughtQty,ProfitSell,atBetter
INFO:order:2022-12-23 17:39:27,300;log:pre;eid:14528;call:sent;type:cancel;order:sell;asset:N;price:94;qty:null;orderid:od_1671259060348863;respmessg:null;message:YesAvgBuyPriceChange,NewSellParams
INFO:order:2022-12-23 17:39:28,802;log:post;eid:14528;call:response;type:cancel;order:sell;asset:N;price:94;qty:null;orderid:od_1671259060348863;respmessg:null;message:YesAvgBuyPriceChange,NewSellParams
INFO:order:2022-12-23 17:39:29,167;log:pre;eid:14528;call:sent;type:place;order:sell;asset:N;price:94;qty:5;orderid:sellsend;respmessg:null;message:YesAvgBuyPriceChange,SellingBoughtQty,ProfitSell,atBetter
INFO:order:2022-12-23 17:39:30,648;log:post;eid:14528;call:response;type:place;order:sell;asset:N;price:94;qty:5;orderid:od_1671259060348968;respmessg:null;message:YesAvgBuyPriceChange,SellingBoughtQty,ProfitSell,atBetter
INFO:order:2022-12-23 17:44:16,835;log:pre;eid:14527;call:sent;type:cancel;order:buy;asset:N;price:52;qty:null;orderid:od_1671259060348756;respmessg:null;message:NoSignalZeroHolding,NewBuyParams
INFO:order:2022-12-23 17:44:18,359;log:post;eid:14527;call:response;type:cancel;order:buy;asset:N;price:52;qty:null;orderid:od_1671259060348756;respmessg:null;message:NoSignalZeroHolding,NewBuyParams
INFO:order:2022-12-23 17:44:18,715;log:pre;eid:14527;call:sent;type:place;order:buy;asset:N;price:57;qty:5;orderid:buysend;respmessg:null;message:NoSignalZeroHolding,ScalpingNo,BasicBuy,atbest+1
INFO:order:2022-12-23 17:44:20,180;log:post;eid:14527;call:response;type:place;order:buy;asset:N;price:57;qty:5;orderid:od_1671259060349066;respmessg:null;message:NoSignalZeroHolding,ScalpingNo,BasicBuy,atbest+1
INFO:order:2022-12-23 17:44:54,451;log:pre;eid:14528;call:sent;type:cancel;order:sell;asset:N;price:94;qty:null;orderid:od_1671259060348968;respmessg:null;message:YesAvgBuyPriceChange,NewSellParams
INFO:order:2022-12-23 17:44:55,932;log:post;eid:14528;call:response;type:cancel;order:sell;asset:N;price:94;qty:null;orderid:od_1671259060348968;respmessg:null;message:YesAvgBuyPriceChange,NewSellParams
INFO:order:2022-12-23 17:44:56,310;log:pre;eid:14528;call:sent;type:place;order:sell;asset:N;price:94;qty:5;orderid:sellsend;respmessg:null;message:YesAvgBuyPriceChange,SellingBoughtQty,ProfitSell,atBetter
INFO:order:2022-12-23 17:44:57,799;log:post;eid:14528;call:response;type:place;order:sell;asset:N;price:94;qty:5;orderid:od_1671259060349092;respmessg:null;message:YesAvgBuyPriceChange,SellingBoughtQty,ProfitSell,atBetter
INFO:order:2022-12-23 17:50:22,880;log:pre;eid:14528;call:sent;type:place;order:buy;asset:N;price:61;qty:5;orderid:buysend;respmessg:null;message:NoSignalZeroHolding,ScalpingNo,BasicBuy,atbest+1
INFO:order:2022-12-23 17:50:24,385;log:post;eid:14528;call:response;type:place;order:buy;asset:N;price:61;qty:5;orderid:od_1671259060349246;respmessg:null;message:NoSignalZeroHolding,ScalpingNo,BasicBuy,atbest+1
INFO:order:2022-12-23 18:04:10,759;log:pre;eid:14523;call:sent;type:cancel;order:buy;asset:Y;price:1;qty:null;orderid:od_1671259060347750;respmessg:null;message:YesSignalZeroHolding,NewBuyParams
INFO:order:2022-12-23 18:04:12,286;log:post;eid:14523;call:response;type:cancel;order:buy;asset:Y;price:1;qty:null;orderid:od_1671259060347750;respmessg:null;message:YesSignalZeroHolding,NewBuyParams
INFO:order:2022-12-23 18:04:12,626;log:pre;eid:14523;call:sent;type:place;order:buy;asset:Y;price:3;qty:5;orderid:buysend;respmessg:null;message:YesSignalZeroHolding,ScalpingYes,BasicBuy,atbest+1
INFO:order:2022-12-23 18:04:14,103;log:post;eid:14523;call:response;type:place;order:buy;asset:Y;price:3;qty:5;orderid:od_1671259060349686;respmessg:null;message:YesSignalZeroHolding,ScalpingYes,BasicBuy,atbest+1
INFO:order:2022-12-23 18:15:15,544;log:pre;eid:14523;call:sent;type:cancel;order:buy;asset:Y;price:3;qty:null;orderid:od_1671259060349686;respmessg:null;message:YesSignalZeroHolding,NewBuyParams
INFO:order:2022-12-23 18:15:17,005;log:post;eid:14523;call:response;type:cancel;order:buy;asset:Y;price:3;qty:null;orderid:od_1671259060349686;respmessg:null;message:YesSignalZeroHolding,NewBuyParams
INFO:order:2022-12-23 18:15:17,375;log:pre;eid:14523;call:sent;type:place;order:buy;asset:Y;price:4;qty:5;orderid:buysend;respmessg:null;message:YesSignalZeroHolding,ScalpingYes,BasicBuy,atbest+1
INFO:order:2022-12-23 18:15:18,845;log:post;eid:14523;call:response;type:place;order:buy;asset:Y;price:4;qty:5;orderid:od_1671259060350103;respmessg:null;message:YesSignalZeroHolding,ScalpingYes,BasicBuy,atbest+1
INFO:order:2022-12-23 18:18:02,350;log:pre;eid:14528;call:sent;type:place;order:sell;asset:N;price:94;qty:5;orderid:sellsend;respmessg:null;message:HoldNoQtyChange,SellingNoNewQty,ProfitSell,atBetter
INFO:order:2022-12-23 18:18:03,818;log:post;eid:14528;call:response;type:place;order:sell;asset:N;price:94;qty:5;orderid:od_1671259060350195;respmessg:null;message:HoldNoQtyChange,SellingNoNewQty,ProfitSell,atBetter
INFO:order:2022-12-23 18:18:06,697;log:pre;eid:14528;call:sent;type:place;order:buy;asset:N;price:61;qty:0;orderid:buysend;respmessg:null;message:YesFairPriceChange,ScalpingNo,BasicBuy,atbest+1
INFO:order:2022-12-23 18:18:07,157;api call response not recorded
INFO:order:2022-12-23 18:18:07,158;log:post;eid:14528;call:response;type:place;order:buy;asset:N;price:61;qty:0;orderid:noresponse_Invalid Request;respmessg:null;message:YesFairPriceChange,ScalpingNo,BasicBuy,atbest+1
INFO:order:2022-12-23 18:18:08,926;log:pre;eid:14528;call:sent;type:cancel;order:sell;asset:N;price:94;qty:null;orderid:od_1671259060350195;respmessg:null;message:YesFairPriceChange,NewSellParams
INFO:order:2022-12-23 18:18:10,418;log:post;eid:14528;call:response;type:cancel;order:sell;asset:N;price:94;qty:null;orderid:od_1671259060350195;respmessg:null;message:YesFairPriceChange,NewSellParams
INFO:order:2022-12-23 18:18:10,791;log:pre;eid:14528;call:sent;type:place;order:sell;asset:N;price:94;qty:5;orderid:sellsend;respmessg:null;message:YesFairPriceChange,SellingBoughtQty,ProfitSell,atBetter
INFO:order:2022-12-23 18:18:12,318;log:post;eid:14528;call:response;type:place;order:sell;asset:N;price:94;qty:5;orderid:od_1671259060350204;respmessg:null;message:YesFairPriceChange,SellingBoughtQty,ProfitSell,atBetter
INFO:order:2022-12-23 18:20:46,947;log:pre;eid:14523;call:sent;type:cancel;order:buy;asset:Y;price:4;qty:null;orderid:od_1671259060350103;respmessg:null;message:YesSignalZeroHolding,NewBuyParams
INFO:order:2022-12-23 18:20:48,426;log:post;eid:14523;call:response;type:cancel;order:buy;asset:Y;price:4;qty:null;orderid:od_1671259060350103;respmessg:null;message:YesSignalZeroHolding,NewBuyParams
INFO:order:2022-12-23 18:20:48,817;log:pre;eid:14523;call:sent;type:place;order:buy;asset:Y;price:11;qty:5;orderid:buysend;respmessg:null;message:YesSignalZeroHolding,ScalpingYes,BasicBuy,atbest+1
INFO:order:2022-12-23 18:20:50,336;log:post;eid:14523;call:response;type:place;order:buy;asset:Y;price:11;qty:5;orderid:od_1671259060350283;respmessg:null;message:YesSignalZeroHolding,ScalpingYes,BasicBuy,atbest+1
INFO:order:2022-12-23 18:23:44,736;log:pre;eid:14528;call:sent;type:place;order:buy;asset:N;price:61;qty:6;orderid:buysend;respmessg:null;message:NoSignalZeroHolding,ScalpingNo,BasicBuy,atbest+1
INFO:order:2022-12-23 18:23:46,269;log:post;eid:14528;call:response;type:place;order:buy;asset:N;price:61;qty:6;orderid:od_1671259060350374;respmessg:null;message:NoSignalZeroHolding,ScalpingNo,BasicBuy,atbest+1
INFO:order:2022-12-23 18:26:23,928;log:pre;eid:14523;call:sent;type:cancel;order:buy;asset:Y;price:11;qty:null;orderid:od_1671259060350283;respmessg:null;message:YesSignalZeroHolding,NewBuyParams
INFO:order:2022-12-23 18:26:25,418;log:post;eid:14523;call:response;type:cancel;order:buy;asset:Y;price:11;qty:null;orderid:od_1671259060350283;respmessg:null;message:YesSignalZeroHolding,NewBuyParams
INFO:order:2022-12-23 18:26:25,757;log:pre;eid:14523;call:sent;type:place;order:buy;asset:Y;price:21;qty:5;orderid:buysend;respmessg:null;message:YesSignalZeroHolding,ScalpingYes,BasicBuy,atbest+1
INFO:order:2022-12-23 18:26:27,287;log:post;eid:14523;call:response;type:place;order:buy;asset:Y;price:21;qty:5;orderid:od_1671259060350437;respmessg:null;message:YesSignalZeroHolding,ScalpingYes,BasicBuy,atbest+1
INFO:order:2022-12-23 18:31:55,542;log:pre;eid:14523;call:sent;type:cancel;order:buy;asset:Y;price:21;qty:null;orderid:od_1671259060350437;respmessg:null;message:YesSignalZeroHolding,NewBuyParams
INFO:order:2022-12-23 18:31:57,069;log:post;eid:14523;call:response;type:cancel;order:buy;asset:Y;price:21;qty:null;orderid:od_1671259060350437;respmessg:null;message:YesSignalZeroHolding,NewBuyParams
INFO:order:2022-12-23 18:31:57,455;log:pre;eid:14523;call:sent;type:place;order:buy;asset:Y;price:53;qty:5;orderid:buysend;respmessg:null;message:YesSignalZeroHolding,ScalpingYes,BasicBuy,atbest+1
INFO:order:2022-12-23 18:31:58,927;log:post;eid:14523;call:response;type:place;order:buy;asset:Y;price:53;qty:5;orderid:od_1671259060350585;respmessg:null;message:YesSignalZeroHolding,ScalpingYes,BasicBuy,atbest+1
INFO:order:2022-12-23 18:56:36,490;log:pre;eid:14527;call:sent;type:cancel;order:buy;asset:N;price:57;qty:null;orderid:od_1671259060349066;respmessg:null;message:NoSignalZeroHolding,NewBuyParams
INFO:order:2022-12-23 18:56:38,021;log:post;eid:14527;call:response;type:cancel;order:buy;asset:N;price:57;qty:null;orderid:od_1671259060349066;respmessg:null;message:NoSignalZeroHolding,NewBuyParams
INFO:order:2022-12-23 18:56:38,411;log:pre;eid:14527;call:sent;type:place;order:buy;asset:N;price:51;qty:5;orderid:buysend;respmessg:null;message:NoSignalZeroHolding,ScalpingNo,BasicBuy,atbest+1
INFO:order:2022-12-23 18:56:39,916;log:post;eid:14527;call:response;type:place;order:buy;asset:N;price:51;qty:5;orderid:od_1671259060351226;respmessg:null;message:NoSignalZeroHolding,ScalpingNo,BasicBuy,atbest+1
INFO:order:2022-12-23 19:05:26,329;log:pre;eid:14523;call:sent;type:cancel;order:buy;asset:Y;price:53;qty:null;orderid:od_1671259060350585;respmessg:null;message:YesSignalZeroHolding,NewBuyParams
INFO:order:2022-12-23 19:05:27,815;log:post;eid:14523;call:response;type:cancel;order:buy;asset:Y;price:53;qty:null;orderid:od_1671259060350585;respmessg:null;message:YesSignalZeroHolding,NewBuyParams
INFO:order:2022-12-23 19:05:28,180;log:pre;eid:14523;call:sent;type:place;order:buy;asset:Y;price:21;qty:5;orderid:buysend;respmessg:null;message:YesSignalZeroHolding,ScalpingYes,BasicBuy,atbest+1
INFO:order:2022-12-23 19:05:29,668;log:post;eid:14523;call:response;type:place;order:buy;asset:Y;price:21;qty:5;orderid:od_1671259060351550;respmessg:null;message:YesSignalZeroHolding,ScalpingYes,BasicBuy,atbest+1
INFO:order:2022-12-23 19:06:06,309;log:pre;eid:14524;call:sent;type:place;order:sell;asset:Y;price:84;qty:1;orderid:sellsend;respmessg:null;message:HoldYesQtyChange,SellingYesNewQty,ProfitSell,atBetter
INFO:order:2022-12-23 19:06:07,793;log:post;eid:14524;call:response;type:place;order:sell;asset:Y;price:84;qty:1;orderid:od_1671259060351573;respmessg:null;message:HoldYesQtyChange,SellingYesNewQty,ProfitSell,atBetter
INFO:order:2022-12-23 19:11:30,652;log:pre;eid:14524;call:sent;type:cancel;order:sell;asset:Y;price:84;qty:null;orderid:od_1671259060351573;respmessg:null;message:YesFairPriceChange,NewSellParams
INFO:order:2022-12-23 19:11:32,124;log:post;eid:14524;call:response;type:cancel;order:sell;asset:Y;price:84;qty:null;orderid:od_1671259060351573;respmessg:null;message:YesFairPriceChange,NewSellParams
INFO:order:2022-12-23 19:11:32,464;log:pre;eid:14524;call:sent;type:place;order:sell;asset:Y;price:84;qty:1;orderid:sellsend;respmessg:null;message:YesFairPriceChange,SellingBoughtQty,ProfitSell,atBetter
INFO:order:2022-12-23 19:11:33,941;log:post;eid:14524;call:response;type:place;order:sell;asset:Y;price:84;qty:1;orderid:od_1671259060351766;respmessg:null;message:YesFairPriceChange,SellingBoughtQty,ProfitSell,atBetter
INFO:order:2022-12-23 19:16:48,934;log:pre;eid:14524;call:sent;type:cancel;order:sell;asset:Y;price:84;qty:null;orderid:od_1671259060351766;respmessg:null;message:YesFairPriceChange,NewSellParams
INFO:order:2022-12-23 19:16:50,424;log:post;eid:14524;call:response;type:cancel;order:sell;asset:Y;price:84;qty:null;orderid:od_1671259060351766;respmessg:null;message:YesFairPriceChange,NewSellParams
INFO:order:2022-12-23 19:16:50,800;log:pre;eid:14524;call:sent;type:place;order:sell;asset:Y;price:84;qty:1;orderid:sellsend;respmessg:null;message:YesFairPriceChange,SellingBoughtQty,ProfitSell,atBetter
INFO:order:2022-12-23 19:16:52,267;log:post;eid:14524;call:response;type:place;order:sell;asset:Y;price:84;qty:1;orderid:od_1671259060351925;respmessg:null;message:YesFairPriceChange,SellingBoughtQty,ProfitSell,atBetter
INFO:order:2022-12-23 19:21:43,459;log:pre;eid:14524;call:sent;type:cancel;order:buy;asset:Y;price:11;qty:null;orderid:od_1671259060347772;respmessg:null;message:YesFairPriceChange,NewBuyParams
INFO:order:2022-12-23 19:21:44,941;log:post;eid:14524;call:response;type:cancel;order:buy;asset:Y;price:11;qty:null;orderid:od_1671259060347772;respmessg:null;message:YesFairPriceChange,NewBuyParams
INFO:order:2022-12-23 19:21:45,259;log:pre;eid:14524;call:sent;type:place;order:buy;asset:Y;price:21;qty:4;orderid:buysend;respmessg:null;message:YesFairPriceChange,ScalpingYes,BasicBuy,atbest+1
INFO:order:2022-12-23 19:21:46,714;log:post;eid:14524;call:response;type:place;order:buy;asset:Y;price:21;qty:4;orderid:od_1671259060352091;respmessg:null;message:YesFairPriceChange,ScalpingYes,BasicBuy,atbest+1
INFO:order:2022-12-23 19:21:48,391;log:pre;eid:14524;call:sent;type:cancel;order:sell;asset:Y;price:84;qty:null;orderid:od_1671259060351925;respmessg:null;message:YesFairPriceChange,NewSellParams
INFO:order:2022-12-23 19:21:49,892;log:post;eid:14524;call:response;type:cancel;order:sell;asset:Y;price:84;qty:null;orderid:od_1671259060351925;respmessg:null;message:YesFairPriceChange,NewSellParams
INFO:order:2022-12-23 19:21:50,251;log:pre;eid:14524;call:sent;type:place;order:sell;asset:Y;price:84;qty:1;orderid:sellsend;respmessg:null;message:YesFairPriceChange,SellingBoughtQty,ProfitSell,atBetter
INFO:order:2022-12-23 19:21:51,778;log:post;eid:14524;call:response;type:place;order:sell;asset:Y;price:84;qty:1;orderid:od_1671259060352098;respmessg:null;message:YesFairPriceChange,SellingBoughtQty,ProfitSell,atBetter
INFO:order:2022-12-23 19:25:23,758;log:pre;eid:14521;call:sent;type:cancel;order:buy;asset:Y;price:52;qty:null;orderid:od_1671259060348446;respmessg:null;message:YesSignalZeroHolding,NewBuyParams
INFO:order:2022-12-23 19:25:25,226;log:post;eid:14521;call:response;type:cancel;order:buy;asset:Y;price:52;qty:null;orderid:od_1671259060348446;respmessg:null;message:YesSignalZeroHolding,NewBuyParams
INFO:order:2022-12-23 19:25:25,585;log:pre;eid:14521;call:sent;type:place;order:buy;asset:Y;price:51;qty:5;orderid:buysend;respmessg:null;message:YesSignalZeroHolding,ScalpingYes,BasicBuy,atbest+1
INFO:order:2022-12-23 19:25:27,067;log:post;eid:14521;call:response;type:place;order:buy;asset:Y;price:51;qty:5;orderid:od_1671259060352194;respmessg:null;message:YesSignalZeroHolding,ScalpingYes,BasicBuy,atbest+1
INFO:order:2022-12-23 19:27:11,964;log:pre;eid:14524;call:sent;type:cancel;order:sell;asset:Y;price:84;qty:null;orderid:od_1671259060352098;respmessg:null;message:YesFairPriceChange,NewSellParams
INFO:order:2022-12-23 19:27:13,441;log:post;eid:14524;call:response;type:cancel;order:sell;asset:Y;price:84;qty:null;orderid:od_1671259060352098;respmessg:null;message:YesFairPriceChange,NewSellParams
INFO:order:2022-12-23 19:27:13,829;log:pre;eid:14524;call:sent;type:place;order:sell;asset:Y;price:84;qty:1;orderid:sellsend;respmessg:null;message:YesFairPriceChange,SellingBoughtQty,ProfitSell,atBetter
INFO:order:2022-12-23 19:27:15,305;log:post;eid:14524;call:response;type:place;order:sell;asset:Y;price:84;qty:1;orderid:od_1671259060352234;respmessg:null;message:YesFairPriceChange,SellingBoughtQty,ProfitSell,atBetter
INFO:order:2022-12-23 19:29:22,170;log:pre;eid:14528;call:sent;type:cancel;order:buy;asset:N;price:61;qty:null;orderid:od_1671259060350374;respmessg:null;message:NoSignalZeroHolding,NewBuyParams
INFO:order:2022-12-23 19:29:23,679;log:post;eid:14528;call:response;type:cancel;order:buy;asset:N;price:61;qty:null;orderid:od_1671259060350374;respmessg:null;message:NoSignalZeroHolding,NewBuyParams
INFO:order:2022-12-23 19:29:24,108;log:pre;eid:14528;call:sent;type:place;order:buy;asset:N;price:86;qty:5;orderid:buysend;respmessg:null;message:NoSignalZeroHolding,ScalpingNo,BasicBuy,atbest+1
INFO:order:2022-12-23 19:29:25,615;log:post;eid:14528;call:response;type:place;order:buy;asset:N;price:86;qty:5;orderid:od_1671259060352304;respmessg:null;message:NoSignalZeroHolding,ScalpingNo,BasicBuy,atbest+1
INFO:order:2022-12-23 19:32:36,723;log:pre;eid:14524;call:sent;type:cancel;order:sell;asset:Y;price:84;qty:null;orderid:od_1671259060352234;respmessg:null;message:YesFairPriceChange,NewSellParams
INFO:order:2022-12-23 19:32:38,184;log:post;eid:14524;call:response;type:cancel;order:sell;asset:Y;price:84;qty:null;orderid:od_1671259060352234;respmessg:null;message:YesFairPriceChange,NewSellParams
INFO:order:2022-12-23 19:32:38,528;log:pre;eid:14524;call:sent;type:place;order:sell;asset:Y;price:84;qty:1;orderid:sellsend;respmessg:null;message:YesFairPriceChange,SellingBoughtQty,ProfitSell,atBetter
INFO:order:2022-12-23 19:32:39,995;log:post;eid:14524;call:response;type:place;order:sell;asset:Y;price:84;qty:1;orderid:od_1671259060352388;respmessg:null;message:YesFairPriceChange,SellingBoughtQty,ProfitSell,atBetter
INFO:order:2022-12-23 19:37:50,665;log:pre;eid:14524;call:sent;type:cancel;order:sell;asset:Y;price:84;qty:null;orderid:od_1671259060352388;respmessg:null;message:YesFairPriceChange,NewSellParams
INFO:order:2022-12-23 19:37:52,222;log:post;eid:14524;call:response;type:cancel;order:sell;asset:Y;price:84;qty:null;orderid:od_1671259060352388;respmessg:null;message:YesFairPriceChange,NewSellParams
INFO:order:2022-12-23 19:37:52,619;log:pre;eid:14524;call:sent;type:place;order:sell;asset:Y;price:84;qty:1;orderid:sellsend;respmessg:null;message:YesFairPriceChange,SellingBoughtQty,ProfitSell,atBetter
INFO:order:2022-12-23 19:37:54,121;log:post;eid:14524;call:response;type:place;order:sell;asset:Y;price:84;qty:1;orderid:od_1671259060352575;respmessg:null;message:YesFairPriceChange,SellingBoughtQty,ProfitSell,atBetter
INFO:order:2022-12-23 19:43:13,853;log:pre;eid:14524;call:sent;type:cancel;order:sell;asset:Y;price:84;qty:null;orderid:od_1671259060352575;respmessg:null;message:YesFairPriceChange,NewSellParams
INFO:order:2022-12-23 19:43:15,362;log:post;eid:14524;call:response;type:cancel;order:sell;asset:Y;price:84;qty:null;orderid:od_1671259060352575;respmessg:null;message:YesFairPriceChange,NewSellParams
INFO:order:2022-12-23 19:43:15,705;log:pre;eid:14524;call:sent;type:place;order:sell;asset:Y;price:84;qty:1;orderid:sellsend;respmessg:null;message:YesFairPriceChange,SellingBoughtQty,ProfitSell,atBetter
INFO:order:2022-12-23 19:43:17,185;log:post;eid:14524;call:response;type:place;order:sell;asset:Y;price:84;qty:1;orderid:od_1671259060352773;respmessg:null;message:YesFairPriceChange,SellingBoughtQty,ProfitSell,atBetter
INFO:order:2022-12-23 19:45:18,892;log:pre;eid:14528;call:sent;type:cancel;order:buy;asset:N;price:86;qty:null;orderid:od_1671259060352304;respmessg:null;message:NoSignalZeroHolding,NewBuyParams
INFO:order:2022-12-23 19:45:20,387;log:post;eid:14528;call:response;type:cancel;order:buy;asset:N;price:86;qty:null;orderid:od_1671259060352304;respmessg:null;message:NoSignalZeroHolding,NewBuyParams
INFO:order:2022-12-23 19:45:20,745;log:pre;eid:14528;call:sent;type:place;order:buy;asset:N;price:91;qty:5;orderid:buysend;respmessg:null;message:NoSignalZeroHolding,ScalpingNo,BasicBuy,atbest+1
INFO:order:2022-12-23 19:45:22,213;log:post;eid:14528;call:response;type:place;order:buy;asset:N;price:91;qty:5;orderid:od_1671259060352816;respmessg:null;message:NoSignalZeroHolding,ScalpingNo,BasicBuy,atbest+1
INFO:order:2022-12-23 19:48:34,676;log:pre;eid:14524;call:sent;type:cancel;order:sell;asset:Y;price:84;qty:null;orderid:od_1671259060352773;respmessg:null;message:NoAvgBuyPriceChange,NewSellParams
INFO:order:2022-12-23 19:48:36,169;log:post;eid:14524;call:response;type:cancel;order:sell;asset:Y;price:84;qty:null;orderid:od_1671259060352773;respmessg:null;message:NoAvgBuyPriceChange,NewSellParams
INFO:order:2022-12-23 19:48:36,561;log:pre;eid:14524;call:sent;type:place;order:sell;asset:Y;price:84;qty:1;orderid:sellsend;respmessg:null;message:NoAvgBuyPriceChange,SellingBoughtQty,ProfitSell,atBetter
INFO:order:2022-12-23 19:48:38,045;log:post;eid:14524;call:response;type:place;order:sell;asset:Y;price:84;qty:1;orderid:od_1671259060352940;respmessg:null;message:NoAvgBuyPriceChange,SellingBoughtQty,ProfitSell,atBetter
INFO:order:2022-12-23 19:50:47,087;log:pre;eid:14528;call:sent;type:cancel;order:buy;asset:N;price:91;qty:null;orderid:od_1671259060352816;respmessg:null;message:NoSignalZeroHolding,NewBuyParams
INFO:order:2022-12-23 19:50:48,576;log:post;eid:14528;call:response;type:cancel;order:buy;asset:N;price:91;qty:null;orderid:od_1671259060352816;respmessg:null;message:NoSignalZeroHolding,NewBuyParams
INFO:order:2022-12-23 19:50:48,962;log:pre;eid:14528;call:sent;type:place;order:buy;asset:N;price:95;qty:5;orderid:buysend;respmessg:null;message:NoSignalZeroHolding,ScalpingNo,BasicBuy,atbest+1
INFO:order:2022-12-23 19:50:50,473;log:post;eid:14528;call:response;type:place;order:buy;asset:N;price:95;qty:5;orderid:od_1671259060353040;respmessg:null;message:NoSignalZeroHolding,ScalpingNo,BasicBuy,atbest+1
INFO:order:2022-12-23 19:54:03,866;log:pre;eid:14524;call:sent;type:cancel;order:sell;asset:Y;price:84;qty:null;orderid:od_1671259060352940;respmessg:null;message:YesFairPriceChange,NewSellParams
INFO:order:2022-12-23 19:54:05,352;log:post;eid:14524;call:response;type:cancel;order:sell;asset:Y;price:84;qty:null;orderid:od_1671259060352940;respmessg:null;message:YesFairPriceChange,NewSellParams
INFO:order:2022-12-23 19:54:05,675;log:pre;eid:14524;call:sent;type:place;order:sell;asset:Y;price:84;qty:1;orderid:sellsend;respmessg:null;message:YesFairPriceChange,SellingBoughtQty,ProfitSell,atBetter
INFO:order:2022-12-23 19:54:07,160;log:post;eid:14524;call:response;type:place;order:sell;asset:Y;price:84;qty:1;orderid:od_1671259060353162;respmessg:null;message:YesFairPriceChange,SellingBoughtQty,ProfitSell,atBetter
INFO:order:2022-12-23 19:58:43,578;log:pre;eid:14523;call:sent;type:cancel;order:buy;asset:Y;price:21;qty:null;orderid:od_1671259060351550;respmessg:null;message:YesSignalZeroHolding,NewBuyParams
INFO:order:2022-12-23 19:58:45,054;log:post;eid:14523;call:response;type:cancel;order:buy;asset:Y;price:21;qty:null;orderid:od_1671259060351550;respmessg:null;message:YesSignalZeroHolding,NewBuyParams
INFO:order:2022-12-23 19:58:45,421;log:pre;eid:14523;call:sent;type:place;order:buy;asset:Y;price:51;qty:5;orderid:buysend;respmessg:null;message:YesSignalZeroHolding,ScalpingYes,BasicBuy,atbest+1
INFO:order:2022-12-23 19:58:46,914;log:post;eid:14523;call:response;type:place;order:buy;asset:Y;price:51;qty:5;orderid:od_1671259060353322;respmessg:null;message:YesSignalZeroHolding,ScalpingYes,BasicBuy,atbest+1
INFO:order:2022-12-23 19:59:22,727;log:pre;eid:14524;call:sent;type:place;order:buy;asset:N;price:17;qty:5;orderid:buysend;respmessg:null;message:NoSignalZeroHolding,ScalpingNo,BasicBuy,atbest+1
INFO:order:2022-12-23 19:59:24,223;log:post;eid:14524;call:response;type:place;order:buy;asset:N;price:17;qty:5;orderid:od_1671259060353338;respmessg:null;message:NoSignalZeroHolding,ScalpingNo,BasicBuy,atbest+1
INFO:order:2022-12-23 19:59:27,149;log:pre;eid:14524;call:sent;type:cancel;order:buy;asset:Y;price:21;qty:null;orderid:od_1671259060352091;respmessg:null;message:NoSignalZeroHolding,CancelOppSideOrders
INFO:order:2022-12-23 19:59:28,632;log:post;eid:14524;call:response;type:cancel;order:buy;asset:Y;price:21;qty:null;orderid:od_1671259060352091;respmessg:null;message:NoSignalZeroHolding,CancelOppSideOrders
INFO:order:2022-12-23 19:59:30,788;log:pre;eid:14524;call:sent;type:cancel;order:sell;asset:Y;price:84;qty:null;orderid:od_1671259060353162;respmessg:null;message:NoSignalZeroHolding,NewSellParams
INFO:order:2022-12-23 19:59:32,279;log:post;eid:14524;call:response;type:cancel;order:sell;asset:Y;price:84;qty:null;orderid:od_1671259060353162;respmessg:null;message:NoSignalZeroHolding,NewSellParams
INFO:order:2022-12-23 19:59:32,618;log:pre;eid:14524;call:sent;type:place;order:sell;asset:Y;price:82;qty:1;orderid:sellsend;respmessg:null;message:NoSignalZeroHolding,SellingOppSideBoughtQty,ProfitSell,atBetter
INFO:order:2022-12-23 19:59:34,365;log:post;eid:14524;call:response;type:place;order:sell;asset:Y;price:82;qty:1;orderid:od_1671259060353346;respmessg:null;message:NoSignalZeroHolding,SellingOppSideBoughtQty,ProfitSell,atBetter
INFO:order:2022-12-23 19:59:41,532;log:pre;eid:14524;call:sent;type:cancel;order:sell;asset:Y;price:82;qty:null;orderid:od_1671259060353346;respmessg:null;message:SituationChange,NewSellParams
INFO:order:2022-12-23 19:59:43,037;log:post;eid:14524;call:response;type:cancel;order:sell;asset:Y;price:82;qty:null;orderid:od_1671259060353346;respmessg:null;message:SituationChange,NewSellParams
INFO:order:2022-12-23 19:59:43,482;log:pre;eid:14524;call:sent;type:place;order:sell;asset:Y;price:82;qty:1;orderid:sellsend;respmessg:null;message:SituationChange,SellingOppSideBoughtQty,ProfitSell,atBetter
INFO:order:2022-12-23 19:59:44,986;log:post;eid:14524;call:response;type:place;order:sell;asset:Y;price:82;qty:1;orderid:od_1671259060353358;respmessg:null;message:SituationChange,SellingOppSideBoughtQty,ProfitSell,atBetter
INFO:order:2022-12-23 20:00:10,885;log:pre;eid:14525;call:sent;type:cancel;order:buy;asset:N;price:16;qty:null;orderid:od_1671259060347788;respmessg:null;message:NoSignalZeroHolding,NewBuyParams
INFO:order:2022-12-23 20:00:12,378;log:post;eid:14525;call:response;type:cancel;order:buy;asset:N;price:16;qty:null;orderid:od_1671259060347788;respmessg:null;message:NoSignalZeroHolding,NewBuyParams
INFO:order:2022-12-23 20:00:12,712;log:pre;eid:14525;call:sent;type:place;order:buy;asset:N;price:21;qty:5;orderid:buysend;respmessg:null;message:NoSignalZeroHolding,ScalpingNo,BasicBuy,atbest+1
INFO:order:2022-12-23 20:00:14,207;log:post;eid:14525;call:response;type:place;order:buy;asset:N;price:21;qty:5;orderid:od_1671259060353381;respmessg:null;message:NoSignalZeroHolding,ScalpingNo,BasicBuy,atbest+1
INFO:order:2022-12-23 20:03:30,085;log:pre;eid:14521;call:sent;type:cancel;order:buy;asset:Y;price:51;qty:null;orderid:od_1671259060352194;respmessg:null;message:YesSignalZeroHolding,NewBuyParams
INFO:order:2022-12-23 20:03:31,583;log:post;eid:14521;call:response;type:cancel;order:buy;asset:Y;price:51;qty:null;orderid:od_1671259060352194;respmessg:null;message:YesSignalZeroHolding,NewBuyParams
INFO:order:2022-12-23 20:03:31,920;log:pre;eid:14521;call:sent;type:place;order:buy;asset:Y;price:71;qty:5;orderid:buysend;respmessg:null;message:YesSignalZeroHolding,ScalpingYes,BasicBuy,atbest+1
INFO:order:2022-12-23 20:03:33,413;log:post;eid:14521;call:response;type:place;order:buy;asset:Y;price:71;qty:5;orderid:od_1671259060353519;respmessg:null;message:YesSignalZeroHolding,ScalpingYes,BasicBuy,atbest+1
INFO:order:2022-12-23 20:05:14,326;log:pre;eid:14524;call:sent;type:place;order:buy;asset:Y;price:11;qty:5;orderid:buysend;respmessg:null;message:YesSignalZeroHolding,ScalpingYes,BasicBuy,atbest+1
INFO:order:2022-12-23 20:05:15,827;log:post;eid:14524;call:response;type:place;order:buy;asset:Y;price:11;qty:5;orderid:od_1671259060353557;respmessg:null;message:YesSignalZeroHolding,ScalpingYes,BasicBuy,atbest+1
INFO:order:2022-12-23 20:05:18,673;log:pre;eid:14524;call:sent;type:cancel;order:buy;asset:N;price:17;qty:null;orderid:od_1671259060353338;respmessg:null;message:YesSignalZeroHolding,CancelOppSideOrders
INFO:order:2022-12-23 20:05:20,142;log:post;eid:14524;call:response;type:cancel;order:buy;asset:N;price:17;qty:null;orderid:od_1671259060353338;respmessg:null;message:YesSignalZeroHolding,CancelOppSideOrders
INFO:order:2022-12-23 20:07:24,815;log:pre;eid:14528;call:sent;type:place;order:sell;asset:N;price:98;qty:5;orderid:sellsend;respmessg:null;message:HoldNoQtyChange,SellingNoNewQty,ProfitSell,atBetter
INFO:order:2022-12-23 20:07:26,301;log:post;eid:14528;call:response;type:place;order:sell;asset:N;price:98;qty:5;orderid:od_1671259060353641;respmessg:null;message:HoldNoQtyChange,SellingNoNewQty,ProfitSell,atBetter
INFO:order:2022-12-23 20:07:29,155;log:pre;eid:14528;call:sent;type:place;order:buy;asset:N;price:95;qty:3;orderid:buysend;respmessg:null;message:NoFairPriceChange,ScalpingNo,BasicBuy,atbest+1
INFO:order:2022-12-23 20:07:30,622;log:post;eid:14528;call:response;type:place;order:buy;asset:N;price:95;qty:3;orderid:od_1671259060353643;respmessg:null;message:NoFairPriceChange,ScalpingNo,BasicBuy,atbest+1
INFO:order:2022-12-23 20:07:31,458;log:pre;eid:14528;call:sent;type:cancel;order:sell;asset:N;price:98;qty:null;orderid:od_1671259060353641;respmessg:null;message:NoFairPriceChange,PausingSell
INFO:order:2022-12-23 20:07:32,956;log:post;eid:14528;call:response;type:cancel;order:sell;asset:N;price:98;qty:null;orderid:od_1671259060353641;respmessg:null;message:NoFairPriceChange,PausingSell
INFO:order:2022-12-23 20:10:40,953;log:pre;eid:14524;call:sent;type:place;order:buy;asset:N;price:1;qty:5;orderid:buysend;respmessg:null;message:NoSignalZeroHolding,ScalpingNo,BasicBuy,atbest+1
INFO:order:2022-12-23 20:10:42,435;log:post;eid:14524;call:response;type:place;order:buy;asset:N;price:1;qty:5;orderid:od_1671259060353747;respmessg:null;message:NoSignalZeroHolding,ScalpingNo,BasicBuy,atbest+1
INFO:order:2022-12-23 20:10:45,372;log:pre;eid:14524;call:sent;type:cancel;order:buy;asset:Y;price:11;qty:null;orderid:od_1671259060353557;respmessg:null;message:NoSignalZeroHolding,CancelOppSideOrders
INFO:order:2022-12-23 20:10:46,856;log:post;eid:14524;call:response;type:cancel;order:buy;asset:Y;price:11;qty:null;orderid:od_1671259060353557;respmessg:null;message:NoSignalZeroHolding,CancelOppSideOrders
INFO:order:2022-12-23 20:13:00,352;log:pre;eid:14528;call:sent;type:place;order:sell;asset:N;price:99;qty:7;orderid:sellsend;respmessg:null;message:HoldNoQtyChange,SellingNoNewQty,ProfitSell,atBetter
INFO:order:2022-12-23 20:13:01,872;log:post;eid:14528;call:response;type:place;order:sell;asset:N;price:99;qty:7;orderid:od_1671259060353849;respmessg:null;message:HoldNoQtyChange,SellingNoNewQty,ProfitSell,atBetter
INFO:order:2022-12-23 20:13:04,388;log:pre;eid:14528;call:sent;type:cancel;order:sell;asset:N;price:99;qty:null;orderid:od_1671259060353849;respmessg:null;message:YesFairPriceChange,PausingSell
INFO:order:2022-12-23 20:13:05,860;log:post;eid:14528;call:response;type:cancel;order:sell;asset:N;price:99;qty:null;orderid:od_1671259060353849;respmessg:null;message:YesFairPriceChange,PausingSell
INFO:order:2022-12-23 20:16:13,857;log:pre;eid:14524;call:sent;type:place;order:buy;asset:Y;price:11;qty:5;orderid:buysend;respmessg:null;message:YesSignalZeroHolding,ScalpingYes,BasicBuy,atbest+1
INFO:order:2022-12-23 20:16:15,330;log:post;eid:14524;call:response;type:place;order:buy;asset:Y;price:11;qty:5;orderid:od_1671259060353976;respmessg:null;message:YesSignalZeroHolding,ScalpingYes,BasicBuy,atbest+1
INFO:order:2022-12-23 20:16:18,146;log:pre;eid:14524;call:sent;type:cancel;order:buy;asset:N;price:1;qty:null;orderid:od_1671259060353747;respmessg:null;message:YesSignalZeroHolding,CancelOppSideOrders
INFO:order:2022-12-23 20:16:19,628;log:post;eid:14524;call:response;type:cancel;order:buy;asset:N;price:1;qty:null;orderid:od_1671259060353747;respmessg:null;message:YesSignalZeroHolding,CancelOppSideOrders
INFO:order:2022-12-23 20:17:51,707;log:pre;eid:14527;call:sent;type:cancel;order:buy;asset:N;price:51;qty:null;orderid:od_1671259060351226;respmessg:null;message:NoSignalZeroHolding,NewBuyParams
INFO:order:2022-12-23 20:17:53,194;log:post;eid:14527;call:response;type:cancel;order:buy;asset:N;price:51;qty:null;orderid:od_1671259060351226;respmessg:null;message:NoSignalZeroHolding,NewBuyParams
INFO:order:2022-12-23 20:17:53,518;log:pre;eid:14527;call:sent;type:place;order:buy;asset:N;price:53;qty:5;orderid:buysend;respmessg:null;message:NoSignalZeroHolding,ScalpingNo,BasicBuy,atbest+1
INFO:order:2022-12-23 20:17:54,991;log:post;eid:14527;call:response;type:place;order:buy;asset:N;price:53;qty:5;orderid:od_1671259060354047;respmessg:null;message:NoSignalZeroHolding,ScalpingNo,BasicBuy,atbest+1
INFO:order:2022-12-23 20:18:27,511;log:pre;eid:14528;call:sent;type:place;order:sell;asset:N;price:99;qty:8;orderid:sellsend;respmessg:null;message:HoldNoQtyChange,SellingNoNewQty,ProfitSell,atBetter
INFO:order:2022-12-23 20:18:28,982;log:post;eid:14528;call:response;type:place;order:sell;asset:N;price:99;qty:8;orderid:od_1671259060354077;respmessg:null;message:HoldNoQtyChange,SellingNoNewQty,ProfitSell,atBetter
INFO:order:2022-12-23 20:18:29,861;log:pre;eid:14528;call:sent;type:cancel;order:sell;asset:N;price:99;qty:null;orderid:od_1671259060354077;respmessg:null;message:NoFairPriceChange,PausingSell
INFO:order:2022-12-23 20:18:31,349;log:post;eid:14528;call:response;type:cancel;order:sell;asset:N;price:99;qty:null;orderid:od_1671259060354077;respmessg:null;message:NoFairPriceChange,PausingSell
INFO:order:2022-12-23 20:21:38,104;log:pre;eid:14524;call:sent;type:place;order:buy;asset:N;price:3;qty:5;orderid:buysend;respmessg:null;message:NoSignalZeroHolding,ScalpingNo,BasicBuy,atbest+1
INFO:order:2022-12-23 20:21:39,584;log:post;eid:14524;call:response;type:place;order:buy;asset:N;price:3;qty:5;orderid:od_1671259060354182;respmessg:null;message:NoSignalZeroHolding,ScalpingNo,BasicBuy,atbest+1
INFO:order:2022-12-23 20:21:42,470;log:pre;eid:14524;call:sent;type:cancel;order:buy;asset:Y;price:11;qty:null;orderid:od_1671259060353976;respmessg:null;message:NoSignalZeroHolding,CancelOppSideOrders
INFO:order:2022-12-23 20:21:43,950;log:post;eid:14524;call:response;type:cancel;order:buy;asset:Y;price:11;qty:null;orderid:od_1671259060353976;respmessg:null;message:NoSignalZeroHolding,CancelOppSideOrders
INFO:order:2022-12-23 20:27:04,125;log:pre;eid:14524;call:sent;type:place;order:buy;asset:Y;price:11;qty:5;orderid:buysend;respmessg:null;message:YesSignalZeroHolding,ScalpingYes,BasicBuy,atbest+1
INFO:order:2022-12-23 20:27:05,617;log:post;eid:14524;call:response;type:place;order:buy;asset:Y;price:11;qty:5;orderid:od_1671259060354368;respmessg:null;message:YesSignalZeroHolding,ScalpingYes,BasicBuy,atbest+1
INFO:order:2022-12-23 20:27:08,369;log:pre;eid:14524;call:sent;type:cancel;order:buy;asset:N;price:3;qty:null;orderid:od_1671259060354182;respmessg:null;message:YesSignalZeroHolding,CancelOppSideOrders
INFO:order:2022-12-23 20:27:09,842;log:post;eid:14524;call:response;type:cancel;order:buy;asset:N;price:3;qty:null;orderid:od_1671259060354182;respmessg:null;message:YesSignalZeroHolding,CancelOppSideOrders
INFO:order:2022-12-23 20:37:44,297;log:pre;eid:14524;call:sent;type:place;order:buy;asset:N;price:1;qty:5;orderid:buysend;respmessg:null;message:NoSignalZeroHolding,ScalpingNo,BasicBuy,atbest+1
INFO:order:2022-12-23 20:37:45,835;log:post;eid:14524;call:response;type:place;order:buy;asset:N;price:1;qty:5;orderid:od_1671259060354606;respmessg:null;message:NoSignalZeroHolding,ScalpingNo,BasicBuy,atbest+1
INFO:order:2022-12-23 20:37:48,672;log:pre;eid:14524;call:sent;type:cancel;order:buy;asset:Y;price:11;qty:null;orderid:od_1671259060354368;respmessg:null;message:NoSignalZeroHolding,CancelOppSideOrders
INFO:order:2022-12-23 20:37:50,212;log:post;eid:14524;call:response;type:cancel;order:buy;asset:Y;price:11;qty:null;orderid:od_1671259060354368;respmessg:null;message:NoSignalZeroHolding,CancelOppSideOrders
INFO:order:2022-12-23 20:39:30,642;log:pre;eid:14527;call:sent;type:cancel;order:buy;asset:N;price:53;qty:null;orderid:od_1671259060354047;respmessg:null;message:NoSignalZeroHolding,NewBuyParams
INFO:order:2022-12-23 20:39:32,233;log:post;eid:14527;call:response;type:cancel;order:buy;asset:N;price:53;qty:null;orderid:od_1671259060354047;respmessg:null;message:NoSignalZeroHolding,NewBuyParams
INFO:order:2022-12-23 20:39:32,545;log:pre;eid:14527;call:sent;type:place;order:buy;asset:N;price:51;qty:5;orderid:buysend;respmessg:null;message:NoSignalZeroHolding,ScalpingNo,BasicBuy,atbest+1
INFO:order:2022-12-23 20:39:34,211;log:post;eid:14527;call:response;type:place;order:buy;asset:N;price:51;qty:5;orderid:od_1671259060354648;respmessg:null;message:NoSignalZeroHolding,ScalpingNo,BasicBuy,atbest+1
INFO:order:2022-12-23 20:43:23,559;log:pre;eid:14524;call:sent;type:place;order:buy;asset:Y;price:1;qty:5;orderid:buysend;respmessg:null;message:YesSignalZeroHolding,ScalpingYes,BasicBuy,atbest+1
INFO:order:2022-12-23 20:43:25,214;log:post;eid:14524;call:response;type:place;order:buy;asset:Y;price:1;qty:5;orderid:od_1671259060354727;respmessg:null;message:YesSignalZeroHolding,ScalpingYes,BasicBuy,atbest+1
INFO:order:2022-12-23 20:43:28,299;log:pre;eid:14524;call:sent;type:cancel;order:buy;asset:N;price:1;qty:null;orderid:od_1671259060354606;respmessg:null;message:YesSignalZeroHolding,CancelOppSideOrders
INFO:order:2022-12-23 20:43:29,815;log:post;eid:14524;call:response;type:cancel;order:buy;asset:N;price:1;qty:null;orderid:od_1671259060354606;respmessg:null;message:YesSignalZeroHolding,CancelOppSideOrders
INFO:order:2022-12-23 20:53:11,797;log:pre;eid:14522;call:sent;type:cancel;order:buy;asset:Y;price:51;qty:null;orderid:od_1671259060347731;respmessg:null;message:YesSignalZeroHolding,NewBuyParams
INFO:order:2022-12-23 20:53:13,292;log:post;eid:14522;call:response;type:cancel;order:buy;asset:Y;price:51;qty:null;orderid:od_1671259060347731;respmessg:null;message:YesSignalZeroHolding,NewBuyParams
INFO:order:2022-12-23 20:53:13,616;log:pre;eid:14522;call:sent;type:place;order:buy;asset:Y;price:71;qty:5;orderid:buysend;respmessg:null;message:YesSignalZeroHolding,ScalpingYes,BasicBuy,atbest+1
INFO:order:2022-12-23 20:53:15,080;log:post;eid:14522;call:response;type:place;order:buy;asset:Y;price:71;qty:5;orderid:od_1671259060354982;respmessg:null;message:YesSignalZeroHolding,ScalpingYes,BasicBuy,atbest+1
INFO:order:2022-12-23 20:53:49,275;log:pre;eid:14523;call:sent;type:cancel;order:buy;asset:Y;price:51;qty:null;orderid:od_1671259060353322;respmessg:null;message:YesSignalZeroHolding,NewBuyParams
INFO:order:2022-12-23 20:53:50,747;log:post;eid:14523;call:response;type:cancel;order:buy;asset:Y;price:51;qty:null;orderid:od_1671259060353322;respmessg:null;message:YesSignalZeroHolding,NewBuyParams
INFO:order:2022-12-23 20:53:51,112;log:pre;eid:14523;call:sent;type:place;order:buy;asset:Y;price:71;qty:5;orderid:buysend;respmessg:null;message:YesSignalZeroHolding,ScalpingYes,BasicBuy,atbest+1
INFO:order:2022-12-23 20:53:52,566;log:post;eid:14523;call:response;type:place;order:buy;asset:Y;price:71;qty:5;orderid:od_1671259060355003;respmessg:null;message:YesSignalZeroHolding,ScalpingYes,BasicBuy,atbest+1
INFO:order:2022-12-23 20:58:50,752;log:pre;eid:14522;call:sent;type:cancel;order:buy;asset:Y;price:71;qty:null;orderid:od_1671259060354982;respmessg:null;message:YesSignalZeroHolding,NewBuyParams
INFO:order:2022-12-23 20:58:52,234;log:post;eid:14522;call:response;type:cancel;order:buy;asset:Y;price:71;qty:null;orderid:od_1671259060354982;respmessg:null;message:YesSignalZeroHolding,NewBuyParams
INFO:order:2022-12-23 20:58:52,581;log:pre;eid:14522;call:sent;type:place;order:buy;asset:Y;price:73;qty:5;orderid:buysend;respmessg:null;message:YesSignalZeroHolding,ScalpingYes,BasicBuy,atbest+1
INFO:order:2022-12-23 20:58:54,070;log:post;eid:14522;call:response;type:place;order:buy;asset:Y;price:73;qty:5;orderid:od_1671259060355126;respmessg:null;message:YesSignalZeroHolding,ScalpingYes,BasicBuy,atbest+1
INFO:order:2022-12-23 21:03:49,944;log:pre;eid:14521;call:sent;type:cancel;order:buy;asset:Y;price:71;qty:null;orderid:od_1671259060353519;respmessg:null;message:YesSignalZeroHolding,NewBuyParams
INFO:order:2022-12-23 21:03:51,450;log:post;eid:14521;call:response;type:cancel;order:buy;asset:Y;price:71;qty:null;orderid:od_1671259060353519;respmessg:null;message:YesSignalZeroHolding,NewBuyParams
INFO:order:2022-12-23 21:03:51,765;log:pre;eid:14521;call:sent;type:place;order:buy;asset:Y;price:76;qty:5;orderid:buysend;respmessg:null;message:YesSignalZeroHolding,ScalpingYes,BasicBuy,atbest+1
INFO:order:2022-12-23 21:03:53,239;log:post;eid:14521;call:response;type:place;order:buy;asset:Y;price:76;qty:5;orderid:od_1671259060355314;respmessg:null;message:YesSignalZeroHolding,ScalpingYes,BasicBuy,atbest+1
INFO:order:2022-12-23 21:04:59,839;log:pre;eid:14523;call:sent;type:cancel;order:buy;asset:Y;price:71;qty:null;orderid:od_1671259060355003;respmessg:null;message:YesSignalZeroHolding,NewBuyParams
INFO:order:2022-12-23 21:05:01,499;log:post;eid:14523;call:response;type:cancel;order:buy;asset:Y;price:71;qty:null;orderid:od_1671259060355003;respmessg:null;message:YesSignalZeroHolding,NewBuyParams
INFO:order:2022-12-23 21:05:01,873;log:pre;eid:14523;call:sent;type:place;order:buy;asset:Y;price:72;qty:5;orderid:buysend;respmessg:null;message:YesSignalZeroHolding,ScalpingYes,BasicBuy,atbest+1
INFO:order:2022-12-23 21:05:03,466;log:post;eid:14523;call:response;type:place;order:buy;asset:Y;price:72;qty:5;orderid:od_1671259060355356;respmessg:null;message:YesSignalZeroHolding,ScalpingYes,BasicBuy,atbest+1
INFO:order:2022-12-23 21:05:36,784;log:pre;eid:14524;call:sent;type:cancel;order:buy;asset:Y;price:1;qty:null;orderid:od_1671259060354727;respmessg:null;message:YesSignalZeroHolding,NewBuyParams
INFO:order:2022-12-23 21:05:39,101;log:post;eid:14524;call:response;type:cancel;order:buy;asset:Y;price:1;qty:null;orderid:od_1671259060354727;respmessg:null;message:YesSignalZeroHolding,NewBuyParams
INFO:order:2022-12-23 21:05:39,501;log:pre;eid:14524;call:sent;type:place;order:buy;asset:Y;price:31;qty:5;orderid:buysend;respmessg:null;message:YesSignalZeroHolding,ScalpingYes,BasicBuy,atbest+1
INFO:order:2022-12-23 21:05:41,012;log:post;eid:14524;call:response;type:place;order:buy;asset:Y;price:31;qty:5;orderid:od_1671259060355404;respmessg:null;message:YesSignalZeroHolding,ScalpingYes,BasicBuy,atbest+1
INFO:order:2022-12-23 21:09:29,273;log:pre;eid:14521;call:sent;type:cancel;order:buy;asset:Y;price:76;qty:null;orderid:od_1671259060355314;respmessg:null;message:YesSignalZeroHolding,NewBuyParams
INFO:order:2022-12-23 21:09:30,747;log:post;eid:14521;call:response;type:cancel;order:buy;asset:Y;price:76;qty:null;orderid:od_1671259060355314;respmessg:null;message:YesSignalZeroHolding,NewBuyParams
INFO:order:2022-12-23 21:09:31,118;log:pre;eid:14521;call:sent;type:place;order:buy;asset:Y;price:71;qty:5;orderid:buysend;respmessg:null;message:YesSignalZeroHolding,ScalpingYes,BasicBuy,atbest+1
INFO:order:2022-12-23 21:09:32,603;log:post;eid:14521;call:response;type:place;order:buy;asset:Y;price:71;qty:5;orderid:od_1671259060355543;respmessg:null;message:YesSignalZeroHolding,ScalpingYes,BasicBuy,atbest+1
INFO:order:2022-12-23 21:10:43,673;log:pre;eid:14523;call:sent;type:cancel;order:buy;asset:Y;price:72;qty:null;orderid:od_1671259060355356;respmessg:null;message:YesSignalZeroHolding,NewBuyParams
INFO:order:2022-12-23 21:10:45,146;log:post;eid:14523;call:response;type:cancel;order:buy;asset:Y;price:72;qty:null;orderid:od_1671259060355356;respmessg:null;message:YesSignalZeroHolding,NewBuyParams
INFO:order:2022-12-23 21:10:45,605;log:pre;eid:14523;call:sent;type:place;order:buy;asset:Y;price:76;qty:5;orderid:buysend;respmessg:null;message:YesSignalZeroHolding,ScalpingYes,BasicBuy,atbest+1
INFO:order:2022-12-23 21:10:47,145;log:post;eid:14523;call:response;type:place;order:buy;asset:Y;price:76;qty:5;orderid:od_1671259060355590;respmessg:null;message:YesSignalZeroHolding,ScalpingYes,BasicBuy,atbest+1
INFO:order:2022-12-23 21:16:10,232;log:pre;eid:14523;call:sent;type:cancel;order:buy;asset:Y;price:76;qty:null;orderid:od_1671259060355590;respmessg:null;message:YesSignalZeroHolding,NewBuyParams
INFO:order:2022-12-23 21:16:11,730;log:post;eid:14523;call:response;type:cancel;order:buy;asset:Y;price:76;qty:null;orderid:od_1671259060355590;respmessg:null;message:YesSignalZeroHolding,NewBuyParams
INFO:order:2022-12-23 21:16:12,097;log:pre;eid:14523;call:sent;type:place;order:buy;asset:Y;price:72;qty:5;orderid:buysend;respmessg:null;message:YesSignalZeroHolding,ScalpingYes,BasicBuy,atbest+1
INFO:order:2022-12-23 21:16:13,580;log:post;eid:14523;call:response;type:place;order:buy;asset:Y;price:72;qty:5;orderid:od_1671259060355741;respmessg:null;message:YesSignalZeroHolding,ScalpingYes,BasicBuy,atbest+1
INFO:order:2022-12-23 21:20:31,530;log:pre;eid:14521;call:sent;type:cancel;order:buy;asset:Y;price:71;qty:null;orderid:od_1671259060355543;respmessg:null;message:YesSignalZeroHolding,NewBuyParams
INFO:order:2022-12-23 21:20:33,040;log:post;eid:14521;call:response;type:cancel;order:buy;asset:Y;price:71;qty:null;orderid:od_1671259060355543;respmessg:null;message:YesSignalZeroHolding,NewBuyParams
INFO:order:2022-12-23 21:20:33,410;log:pre;eid:14521;call:sent;type:place;order:buy;asset:Y;price:91;qty:5;orderid:buysend;respmessg:null;message:YesSignalZeroHolding,ScalpingYes,BasicBuy,atbest+1
INFO:order:2022-12-23 21:20:34,884;log:post;eid:14521;call:response;type:place;order:buy;asset:Y;price:91;qty:5;orderid:od_1671259060355839;respmessg:null;message:YesSignalZeroHolding,ScalpingYes,BasicBuy,atbest+1
INFO:order:2022-12-23 21:26:00,347;log:pre;eid:14521;call:sent;type:cancel;order:buy;asset:Y;price:91;qty:null;orderid:od_1671259060355839;respmessg:null;message:YesSignalZeroHolding,NewBuyParams
INFO:order:2022-12-23 21:26:01,832;log:post;eid:14521;call:response;type:cancel;order:buy;asset:Y;price:91;qty:null;orderid:od_1671259060355839;respmessg:null;message:YesSignalZeroHolding,NewBuyParams
INFO:order:2022-12-23 21:26:02,262;log:pre;eid:14521;call:sent;type:place;order:buy;asset:Y;price:71;qty:5;orderid:buysend;respmessg:null;message:YesSignalZeroHolding,ScalpingYes,BasicBuy,atbest+1
INFO:order:2022-12-23 21:26:03,797;log:post;eid:14521;call:response;type:place;order:buy;asset:Y;price:71;qty:5;orderid:od_1671259060355970;respmessg:null;message:YesSignalZeroHolding,ScalpingYes,BasicBuy,atbest+1
INFO:order:2022-12-23 21:40:16,417;log:pre;eid:14527;call:sent;type:cancel;order:buy;asset:N;price:51;qty:null;orderid:od_1671259060354648;respmessg:null;message:NoSignalZeroHolding,NewBuyParams
INFO:order:2022-12-23 21:40:17,921;log:post;eid:14527;call:response;type:cancel;order:buy;asset:N;price:51;qty:null;orderid:od_1671259060354648;respmessg:null;message:NoSignalZeroHolding,NewBuyParams
INFO:order:2022-12-23 21:40:18,271;log:pre;eid:14527;call:sent;type:place;order:buy;asset:N;price:89;qty:5;orderid:buysend;respmessg:null;message:NoSignalZeroHolding,ScalpingNo,BasicBuy,atbest+1
INFO:order:2022-12-23 21:40:19,782;log:post;eid:14527;call:response;type:place;order:buy;asset:N;price:89;qty:5;orderid:od_1671259060356420;respmessg:null;message:NoSignalZeroHolding,ScalpingNo,BasicBuy,atbest+1
INFO:order:2022-12-23 21:46:00,340;log:pre;eid:14527;call:sent;type:cancel;order:buy;asset:N;price:89;qty:null;orderid:od_1671259060356420;respmessg:null;message:NoSignalZeroHolding,NewBuyParams
INFO:order:2022-12-23 21:46:01,907;log:post;eid:14527;call:response;type:cancel;order:buy;asset:N;price:89;qty:null;orderid:od_1671259060356420;respmessg:null;message:NoSignalZeroHolding,NewBuyParams
INFO:order:2022-12-23 21:46:02,315;log:pre;eid:14527;call:sent;type:place;order:buy;asset:N;price:51;qty:5;orderid:buysend;respmessg:null;message:NoSignalZeroHolding,ScalpingNo,BasicBuy,atbest+1
INFO:order:2022-12-23 21:46:03,828;log:post;eid:14527;call:response;type:place;order:buy;asset:N;price:51;qty:5;orderid:od_1671259060356597;respmessg:null;message:NoSignalZeroHolding,ScalpingNo,BasicBuy,atbest+1
INFO:order:2022-12-23 22:32:10,796;log:pre;eid:14523;call:sent;type:cancel;order:buy;asset:Y;price:72;qty:null;orderid:od_1671259060355741;respmessg:null;message:YesSignalZeroHolding,NewBuyParams
INFO:order:2022-12-23 22:32:12,326;log:post;eid:14523;call:response;type:cancel;order:buy;asset:Y;price:72;qty:null;orderid:od_1671259060355741;respmessg:null;message:YesSignalZeroHolding,NewBuyParams
INFO:order:2022-12-23 22:32:12,662;log:pre;eid:14523;call:sent;type:place;order:buy;asset:Y;price:76;qty:5;orderid:buysend;respmessg:null;message:YesSignalZeroHolding,ScalpingYes,BasicBuy,atbest+1
INFO:order:2022-12-23 22:32:14,144;log:post;eid:14523;call:response;type:place;order:buy;asset:Y;price:76;qty:5;orderid:od_1671259060357782;respmessg:null;message:YesSignalZeroHolding,ScalpingYes,BasicBuy,atbest+1
INFO:order:2022-12-23 22:37:58,643;log:pre;eid:14524;call:sent;type:cancel;order:buy;asset:Y;price:31;qty:null;orderid:od_1671259060355404;respmessg:null;message:YesSignalZeroHolding,NewBuyParams
INFO:order:2022-12-23 22:38:00,135;log:post;eid:14524;call:response;type:cancel;order:buy;asset:Y;price:31;qty:null;orderid:od_1671259060355404;respmessg:null;message:YesSignalZeroHolding,NewBuyParams
INFO:order:2022-12-23 22:38:00,604;log:pre;eid:14524;call:sent;type:place;order:buy;asset:Y;price:51;qty:5;orderid:buysend;respmessg:null;message:YesSignalZeroHolding,ScalpingYes,BasicBuy,atbest+1
INFO:order:2022-12-23 22:38:02,079;log:post;eid:14524;call:response;type:place;order:buy;asset:Y;price:51;qty:5;orderid:od_1671259060357892;respmessg:null;message:YesSignalZeroHolding,ScalpingYes,BasicBuy,atbest+1
INFO:order:2022-12-23 22:38:36,357;log:pre;eid:14525;call:sent;type:cancel;order:buy;asset:N;price:21;qty:null;orderid:od_1671259060353381;respmessg:null;message:NoSignalZeroHolding,NewBuyParams
INFO:order:2022-12-23 22:38:37,862;log:post;eid:14525;call:response;type:cancel;order:buy;asset:N;price:21;qty:null;orderid:od_1671259060353381;respmessg:null;message:NoSignalZeroHolding,NewBuyParams
INFO:order:2022-12-23 22:38:38,341;log:pre;eid:14525;call:sent;type:place;order:buy;asset:N;price:51;qty:5;orderid:buysend;respmessg:null;message:NoSignalZeroHolding,ScalpingNo,BasicBuy,atbest+1
INFO:order:2022-12-23 22:38:39,873;log:post;eid:14525;call:response;type:place;order:buy;asset:N;price:51;qty:5;orderid:od_1671259060357917;respmessg:null;message:NoSignalZeroHolding,ScalpingNo,BasicBuy,atbest+1
INFO:order:2022-12-23 22:41:47,797;log:pre;eid:14521;call:sent;type:cancel;order:buy;asset:Y;price:71;qty:null;orderid:od_1671259060355970;respmessg:null;message:YesSignalZeroHolding,NewBuyParams
INFO:order:2022-12-23 22:41:49,349;log:post;eid:14521;call:response;type:cancel;order:buy;asset:Y;price:71;qty:null;orderid:od_1671259060355970;respmessg:null;message:YesSignalZeroHolding,NewBuyParams
INFO:order:2022-12-23 22:41:49,715;log:pre;eid:14521;call:sent;type:place;order:buy;asset:Y;price:11;qty:5;orderid:buysend;respmessg:null;message:YesSignalZeroHolding,ScalpingYes,BasicBuy,atbest+1
INFO:order:2022-12-23 22:41:51,182;log:post;eid:14521;call:response;type:place;order:buy;asset:Y;price:11;qty:5;orderid:od_1671259060357985;respmessg:null;message:YesSignalZeroHolding,ScalpingYes,BasicBuy,atbest+1
INFO:order:2022-12-23 22:42:59,824;log:pre;eid:14523;call:sent;type:cancel;order:buy;asset:Y;price:76;qty:null;orderid:od_1671259060357782;respmessg:null;message:YesSignalZeroHolding,NewBuyParams
INFO:order:2022-12-23 22:43:01,472;log:post;eid:14523;call:response;type:cancel;order:buy;asset:Y;price:76;qty:null;orderid:od_1671259060357782;respmessg:null;message:YesSignalZeroHolding,NewBuyParams
INFO:order:2022-12-23 22:43:01,805;log:pre;eid:14523;call:sent;type:place;order:buy;asset:Y;price:77;qty:5;orderid:buysend;respmessg:null;message:YesSignalZeroHolding,ScalpingYes,BasicBuy,atbest+1
INFO:order:2022-12-23 22:43:03,304;log:post;eid:14523;call:response;type:place;order:buy;asset:Y;price:77;qty:5;orderid:od_1671259060358012;respmessg:null;message:YesSignalZeroHolding,ScalpingYes,BasicBuy,atbest+1
INFO:order:2022-12-23 22:48:13,816;log:pre;eid:14523;call:sent;type:cancel;order:buy;asset:Y;price:77;qty:null;orderid:od_1671259060358012;respmessg:null;message:YesSignalZeroHolding,NewBuyParams
INFO:order:2022-12-23 22:48:15,300;log:post;eid:14523;call:response;type:cancel;order:buy;asset:Y;price:77;qty:null;orderid:od_1671259060358012;respmessg:null;message:YesSignalZeroHolding,NewBuyParams
INFO:order:2022-12-23 22:48:15,626;log:pre;eid:14523;call:sent;type:place;order:buy;asset:Y;price:81;qty:5;orderid:buysend;respmessg:null;message:YesSignalZeroHolding,ScalpingYes,BasicBuy,atbest+1
INFO:order:2022-12-23 22:48:17,127;log:post;eid:14523;call:response;type:place;order:buy;asset:Y;price:81;qty:5;orderid:od_1671259060358140;respmessg:null;message:YesSignalZeroHolding,ScalpingYes,BasicBuy,atbest+1
INFO:order:2022-12-23 22:48:51,730;log:pre;eid:14524;call:sent;type:place;order:sell;asset:Y;price:99;qty:1;orderid:sellsend;respmessg:null;message:HoldYesQtyChange,SellingYesNewQty,ProfitSell,atBetter
INFO:order:2022-12-23 22:48:53,241;log:post;eid:14524;call:response;type:place;order:sell;asset:Y;price:99;qty:1;orderid:od_1671259060358164;respmessg:null;message:HoldYesQtyChange,SellingYesNewQty,ProfitSell,atBetter
INFO:order:2022-12-23 22:48:57,102;log:pre;eid:14524;call:sent;type:place;order:buy;asset:N;price:49;qty:4;orderid:buysend;respmessg:null;message:absorbing orderbook
INFO:order:2022-12-23 22:48:58,617;log:post;eid:14524;call:response;type:place;order:buy;asset:N;price:49;qty:4;orderid:od_1671259060358172;respmessg:null;message:absorbing orderbook
INFO:order:2022-12-23 22:48:58,618;log:pre;eid:14524;call:sent;type:place;order:buy;asset:N;price:50;qty:1;orderid:buysend;respmessg:null;message:absorbing orderbook
INFO:order:2022-12-23 22:49:00,124;log:post;eid:14524;call:response;type:place;order:buy;asset:N;price:50;qty:1;orderid:od_1671259060358174;respmessg:null;message:absorbing orderbook
INFO:order:2022-12-23 22:49:26,032;log:pre;eid:14525;call:sent;type:cancel;order:buy;asset:N;price:51;qty:null;orderid:od_1671259060357917;respmessg:null;message:NoSignalZeroHolding,NewBuyParams
INFO:order:2022-12-23 22:49:27,525;log:post;eid:14525;call:response;type:cancel;order:buy;asset:N;price:51;qty:null;orderid:od_1671259060357917;respmessg:null;message:NoSignalZeroHolding,NewBuyParams
INFO:order:2022-12-23 22:49:27,939;log:pre;eid:14525;call:sent;type:place;order:buy;asset:N;price:21;qty:5;orderid:buysend;respmessg:null;message:NoSignalZeroHolding,ScalpingNo,BasicBuy,atbest+1
INFO:order:2022-12-23 22:49:29,461;log:post;eid:14525;call:response;type:place;order:buy;asset:N;price:21;qty:5;orderid:od_1671259060358187;respmessg:null;message:NoSignalZeroHolding,ScalpingNo,BasicBuy,atbest+1
INFO:order:2022-12-23 22:54:14,463;log:pre;eid:14524;call:sent;type:cancel;order:sell;asset:Y;price:99;qty:null;orderid:od_1671259060358164;respmessg:null;message:HoldNoQtyChange,HoldQtyChange
INFO:order:2022-12-23 22:54:15,944;log:post;eid:14524;call:response;type:cancel;order:sell;asset:Y;price:99;qty:null;orderid:od_1671259060358164;respmessg:null;message:HoldNoQtyChange,HoldQtyChange
INFO:order:2022-12-23 22:54:16,314;log:pre;eid:14524;call:sent;type:place;order:sell;asset:Y;price:96;qty:1;orderid:sellsend;respmessg:null;message:HoldNoQtyChange,SellingYesNewQty,ProfitSell,atBetter
INFO:order:2022-12-23 22:54:17,786;log:post;eid:14524;call:response;type:place;order:sell;asset:Y;price:96;qty:1;orderid:od_1671259060358294;respmessg:null;message:HoldNoQtyChange,SellingYesNewQty,ProfitSell,atBetter
INFO:order:2022-12-23 22:54:20,342;log:pre;eid:14524;call:sent;type:cancel;order:buy;asset:Y;price:51;qty:null;orderid:od_1671259060357892;respmessg:null;message:YesFairPriceChange,NewBuyParams
INFO:order:2022-12-23 22:54:21,806;log:post;eid:14524;call:response;type:cancel;order:buy;asset:Y;price:51;qty:null;orderid:od_1671259060357892;respmessg:null;message:YesFairPriceChange,NewBuyParams
INFO:order:2022-12-23 22:54:22,281;log:pre;eid:14524;call:sent;type:place;order:buy;asset:Y;price:20;qty:4;orderid:buysend;respmessg:null;message:YesFairPriceChange,ScalpingYes,BasicBuy,atbest+1
INFO:order:2022-12-23 22:54:23,776;log:post;eid:14524;call:response;type:place;order:buy;asset:Y;price:20;qty:4;orderid:od_1671259060358297;respmessg:null;message:YesFairPriceChange,ScalpingYes,BasicBuy,atbest+1
INFO:order:2022-12-23 22:54:25,465;log:pre;eid:14524;call:sent;type:cancel;order:sell;asset:Y;price:96;qty:null;orderid:od_1671259060358294;respmessg:null;message:YesFairPriceChange,NewSellParams
INFO:order:2022-12-23 22:54:26,972;log:post;eid:14524;call:response;type:cancel;order:sell;asset:Y;price:96;qty:null;orderid:od_1671259060358294;respmessg:null;message:YesFairPriceChange,NewSellParams
INFO:order:2022-12-23 22:54:27,315;log:pre;eid:14524;call:sent;type:place;order:sell;asset:Y;price:21;qty:1;orderid:sellsend;respmessg:null;message:YesFairPriceChange,SellingBoughtQty,getOutSell,atYesBest+1
INFO:order:2022-12-23 22:54:28,824;log:post;eid:14524;call:response;type:place;order:sell;asset:Y;price:21;qty:1;orderid:od_1671259060358302;respmessg:null;message:YesFairPriceChange,SellingBoughtQty,getOutSell,atYesBest+1
INFO:order:2022-12-23 22:54:32,025;log:pre;eid:14524;call:sent;type:place;order:sell;asset:N;price:79;qty:5;orderid:sellsend;respmessg:null;message:YesFairPriceChange,SellingOppSideBoughtQty,ProfitSell,atBetter
INFO:order:2022-12-23 22:54:33,528;log:post;eid:14524;call:response;type:place;order:sell;asset:N;price:79;qty:5;orderid:od_1671259060358308;respmessg:null;message:YesFairPriceChange,SellingOppSideBoughtQty,ProfitSell,atBetter
INFO:order:2022-12-23 22:54:33,533;log:pre;eid:14524;call:sent;type:place;order:buy;asset:Y;price:21;qty:1;orderid:buysend;respmessg:null;message:absorbing orderbook
INFO:order:2022-12-23 22:54:35,005;log:post;eid:14524;call:response;type:place;order:buy;asset:Y;price:21;qty:1;orderid:od_1671259060358312;respmessg:null;message:absorbing orderbook
INFO:order:2022-12-23 22:54:35,006;log:pre;eid:14524;call:sent;type:place;order:buy;asset:Y;price:97;qty:2;orderid:buysend;respmessg:null;message:absorbing orderbook
INFO:order:2022-12-23 22:54:36,494;log:post;eid:14524;call:response;type:place;order:buy;asset:Y;price:97;qty:2;orderid:od_1671259060358314;respmessg:null;message:absorbing orderbook
INFO:order:2022-12-23 22:56:35,267;log:pre;eid:14528;call:sent;type:place;order:sell;asset:N;price:61;qty:8;orderid:sellsend;respmessg:null;message:NoFairPriceChange,SellingBoughtQty,getOutSell,atNoBest+1
INFO:order:2022-12-23 22:56:36,760;log:post;eid:14528;call:response;type:place;order:sell;asset:N;price:61;qty:8;orderid:od_1671259060358373;respmessg:null;message:NoFairPriceChange,SellingBoughtQty,getOutSell,atNoBest+1
INFO:order:2022-12-23 22:56:37,928;log:pre;eid:14528;call:sent;type:place;order:buy;asset:N;price:61;qty:8;orderid:buysend;respmessg:null;message:absorbing orderbook
INFO:order:2022-12-23 22:56:39,405;log:post;eid:14528;call:response;type:place;order:buy;asset:N;price:61;qty:8;orderid:od_1671259060358375;respmessg:null;message:absorbing orderbook
INFO:order:2022-12-23 22:59:43,992;log:pre;eid:14524;call:sent;type:place;order:sell;asset:Y;price:22;qty:2;orderid:sellsend;respmessg:null;message:HoldYesQtyChange,SellingYesNewQty,getOutSell,atYesBest+1
INFO:order:2022-12-23 22:59:45,469;log:post;eid:14524;call:response;type:place;order:sell;asset:Y;price:22;qty:2;orderid:od_1671259060358447;respmessg:null;message:HoldYesQtyChange,SellingYesNewQty,getOutSell,atYesBest+1
INFO:order:2022-12-23 22:59:48,027;log:pre;eid:14524;call:sent;type:cancel;order:buy;asset:Y;price:21;qty:null;orderid:od_1671259060358312;respmessg:null;message:YesFairPriceChange,NewBuyParams
INFO:order:2022-12-23 22:59:49,544;log:post;eid:14524;call:response;type:cancel;order:buy;asset:Y;price:21;qty:null;orderid:od_1671259060358312;respmessg:null;message:YesFairPriceChange,NewBuyParams
INFO:order:2022-12-23 22:59:49,548;log:pre;eid:14524;call:sent;type:cancel;order:buy;asset:Y;price:20;qty:null;orderid:od_1671259060358297;respmessg:null;message:YesFairPriceChange,NewBuyParams
INFO:order:2022-12-23 22:59:51,048;log:post;eid:14524;call:response;type:cancel;order:buy;asset:Y;price:20;qty:null;orderid:od_1671259060358297;respmessg:null;message:YesFairPriceChange,NewBuyParams
INFO:order:2022-12-23 22:59:51,368;log:pre;eid:14524;call:sent;type:place;order:buy;asset:Y;price:22;qty:3;orderid:buysend;respmessg:null;message:YesFairPriceChange,ScalpingYes,BasicBuy,atbest+1
INFO:order:2022-12-23 22:59:52,848;log:post;eid:14524;call:response;type:place;order:buy;asset:Y;price:22;qty:3;orderid:od_1671259060358454;respmessg:null;message:YesFairPriceChange,ScalpingYes,BasicBuy,atbest+1
INFO:order:2022-12-23 22:59:54,863;log:pre;eid:14524;call:sent;type:place;order:sell;asset:Y;price:23;qty:2;orderid:sellsend;respmessg:null;message:YesFairPriceChange,SellingBoughtQty,getOutSell,atYesBest+1
INFO:order:2022-12-23 22:59:56,351;api call response not recorded
INFO:order:2022-12-23 22:59:56,351;log:post;eid:14524;call:response;type:place;order:sell;asset:Y;price:23;qty:2;orderid:noresponse_Taking time. Please try again!;respmessg:null;message:YesFairPriceChange,SellingBoughtQty,getOutSell,atYesBest+1
INFO:order:2022-12-23 22:59:59,394;log:pre;eid:14524;call:sent;type:cancel;order:sell;asset:N;price:79;qty:null;orderid:od_1671259060358308;respmessg:null;message:YesFairPriceChange,NewSellParams
INFO:order:2022-12-23 23:00:50,269;log:pre;eid:14525;call:sent;type:place;order:buy;asset:N;price:22;qty:5;orderid:buysend;respmessg:null;message:NoSignalZeroHolding,ScalpingNo,BasicBuy,atbest+1
INFO:order:2022-12-23 23:01:35,310;log:pre;eid:14526;call:sent;type:place;order:buy;asset:N;price:52;qty:5;orderid:buysend;respmessg:null;message:NoSignalZeroHolding,ScalpingNo,BasicBuy,atbest+1
INFO:order:2022-12-23 23:02:19,369;log:pre;eid:14527;call:sent;type:place;order:buy;asset:N;price:52;qty:5;orderid:buysend;respmessg:null;message:NoSignalZeroHolding,ScalpingNo,BasicBuy,atbest+1
INFO:order:2022-12-23 23:03:03,478;log:pre;eid:14528;call:sent;type:place;order:buy;asset:N;price:62;qty:5;orderid:buysend;respmessg:null;message:NoSignalZeroHolding,ScalpingNo,BasicBuy,atbest+1
