INFO:order:2022-12-21 15:15:38,446;log:pre;eid:14359;call:sent;type:place;order:buy;asset:Y;price:51;qty:5;orderid:buysend;respmessg:null;message:YesSignalZeroHolding,ScalpingYes,BasicBuy,atbest+1
INFO:order:2022-12-21 15:15:39,994;log:post;eid:14359;call:response;type:place;order:buy;asset:Y;price:51;qty:5;orderid:od_1671259060280104;respmessg:null;message:YesSignalZeroHolding,ScalpingYes,BasicBuy,atbest+1
INFO:order:2022-12-21 15:16:14,488;log:pre;eid:14360;call:sent;type:place;order:buy;asset:Y;price:51;qty:5;orderid:buysend;respmessg:null;message:YesSignalZeroHolding,ScalpingYes,BasicBuy,atbest+1
INFO:order:2022-12-21 15:16:16,088;log:post;eid:14360;call:response;type:place;order:buy;asset:Y;price:51;qty:5;orderid:od_1671259060280122;respmessg:null;message:YesSignalZeroHolding,ScalpingYes,BasicBuy,atbest+1
INFO:order:2022-12-21 15:16:52,770;log:pre;eid:14361;call:sent;type:place;order:buy;asset:Y;price:51;qty:5;orderid:buysend;respmessg:null;message:YesSignalZeroHolding,ScalpingYes,BasicBuy,atbest+1
INFO:order:2022-12-21 15:16:54,413;log:post;eid:14361;call:response;type:place;order:buy;asset:Y;price:51;qty:5;orderid:od_1671259060280146;respmessg:null;message:YesSignalZeroHolding,ScalpingYes,BasicBuy,atbest+1
INFO:order:2022-12-21 15:17:29,173;log:pre;eid:14362;call:sent;type:place;order:buy;asset:N;price:1;qty:5;orderid:buysend;respmessg:null;message:NoSignalZeroHolding,ScalpingNo,BasicBuy,atbest+1
INFO:order:2022-12-21 15:17:30,693;log:post;eid:14362;call:response;type:place;order:buy;asset:N;price:1;qty:5;orderid:od_1671259060280170;respmessg:null;message:NoSignalZeroHolding,ScalpingNo,BasicBuy,atbest+1
INFO:order:2022-12-21 15:21:33,402;log:pre;eid:14362;call:sent;type:cancel;order:buy;asset:N;price:1;qty:null;orderid:od_1671259060280170;respmessg:null;message:NoSignalZeroHolding,NewBuyParams
INFO:order:2022-12-21 15:21:34,961;log:post;eid:14362;call:response;type:cancel;order:buy;asset:N;price:1;qty:null;orderid:od_1671259060280170;respmessg:null;message:NoSignalZeroHolding,NewBuyParams
INFO:order:2022-12-21 15:21:35,472;log:pre;eid:14362;call:sent;type:place;order:buy;asset:N;price:16;qty:5;orderid:buysend;respmessg:null;message:NoSignalZeroHolding,ScalpingNo,BasicBuy,atbest+1
INFO:order:2022-12-21 15:21:37,008;log:post;eid:14362;call:response;type:place;order:buy;asset:N;price:16;qty:5;orderid:od_1671259060280243;respmessg:null;message:NoSignalZeroHolding,ScalpingNo,BasicBuy,atbest+1
INFO:order:2022-12-21 15:36:44,649;log:pre;eid:14362;call:sent;type:place;order:buy;asset:Y;price:11;qty:5;orderid:buysend;respmessg:null;message:YesSignalZeroHolding,ScalpingYes,BasicBuy,atbest+1
INFO:order:2022-12-21 15:36:46,154;log:post;eid:14362;call:response;type:place;order:buy;asset:Y;price:11;qty:5;orderid:od_1671259060280502;respmessg:null;message:YesSignalZeroHolding,ScalpingYes,BasicBuy,atbest+1
INFO:order:2022-12-21 15:36:49,555;log:pre;eid:14362;call:sent;type:cancel;order:buy;asset:N;price:16;qty:null;orderid:od_1671259060280243;respmessg:null;message:YesSignalZeroHolding,CancelOppSideOrders
INFO:order:2022-12-21 15:36:51,105;log:post;eid:14362;call:response;type:cancel;order:buy;asset:N;price:16;qty:null;orderid:od_1671259060280243;respmessg:null;message:YesSignalZeroHolding,CancelOppSideOrders
INFO:order:2022-12-21 15:42:02,360;log:pre;eid:14362;call:sent;type:place;order:buy;asset:N;price:16;qty:5;orderid:buysend;respmessg:null;message:NoSignalZeroHolding,ScalpingNo,BasicBuy,atbest+1
INFO:order:2022-12-21 15:42:03,907;log:post;eid:14362;call:response;type:place;order:buy;asset:N;price:16;qty:5;orderid:od_1671259060280665;respmessg:null;message:NoSignalZeroHolding,ScalpingNo,BasicBuy,atbest+1
INFO:order:2022-12-21 15:42:07,225;log:pre;eid:14362;call:sent;type:cancel;order:buy;asset:Y;price:11;qty:null;orderid:od_1671259060280502;respmessg:null;message:NoSignalZeroHolding,CancelOppSideOrders
INFO:order:2022-12-21 15:42:08,743;log:post;eid:14362;call:response;type:cancel;order:buy;asset:Y;price:11;qty:null;orderid:od_1671259060280502;respmessg:null;message:NoSignalZeroHolding,CancelOppSideOrders
INFO:order:2022-12-21 15:52:28,429;log:pre;eid:14362;call:sent;type:place;order:buy;asset:Y;price:11;qty:5;orderid:buysend;respmessg:null;message:YesSignalZeroHolding,ScalpingYes,BasicBuy,atbest+1
INFO:order:2022-12-21 15:52:29,988;log:post;eid:14362;call:response;type:place;order:buy;asset:Y;price:11;qty:5;orderid:od_1671259060280835;respmessg:null;message:YesSignalZeroHolding,ScalpingYes,BasicBuy,atbest+1
INFO:order:2022-12-21 15:52:33,952;log:pre;eid:14362;call:sent;type:cancel;order:buy;asset:N;price:16;qty:null;orderid:od_1671259060280665;respmessg:null;message:YesSignalZeroHolding,CancelOppSideOrders
INFO:order:2022-12-21 15:52:35,601;log:post;eid:14362;call:response;type:cancel;order:buy;asset:N;price:16;qty:null;orderid:od_1671259060280665;respmessg:null;message:YesSignalZeroHolding,CancelOppSideOrders
INFO:order:2022-12-21 15:58:20,336;log:pre;eid:14363;call:sent;type:place;order:buy;asset:N;price:1;qty:5;orderid:buysend;respmessg:null;message:NoSignalZeroHolding,ScalpingNo,BasicBuy,atbest+1
INFO:order:2022-12-21 15:58:21,932;log:post;eid:14363;call:response;type:place;order:buy;asset:N;price:1;qty:5;orderid:od_1671259060280930;respmessg:null;message:NoSignalZeroHolding,ScalpingNo,BasicBuy,atbest+1
INFO:order:2022-12-21 16:06:39,327;log:pre;eid:14359;call:sent;type:cancel;order:buy;asset:Y;price:51;qty:null;orderid:od_1671259060280104;respmessg:null;message:YesSignalZeroHolding,NewBuyParams
INFO:order:2022-12-21 16:06:40,938;log:post;eid:14359;call:response;type:cancel;order:buy;asset:Y;price:51;qty:null;orderid:od_1671259060280104;respmessg:null;message:YesSignalZeroHolding,NewBuyParams
INFO:order:2022-12-21 16:06:41,325;log:pre;eid:14359;call:sent;type:place;order:buy;asset:Y;price:76;qty:5;orderid:buysend;respmessg:null;message:YesSignalZeroHolding,ScalpingYes,BasicBuy,atbest+1
INFO:order:2022-12-21 16:06:42,819;log:post;eid:14359;call:response;type:place;order:buy;asset:Y;price:76;qty:5;orderid:od_1671259060281064;respmessg:null;message:YesSignalZeroHolding,ScalpingYes,BasicBuy,atbest+1
INFO:order:2022-12-21 16:28:09,360;log:pre;eid:14362;call:sent;type:place;order:buy;asset:N;price:16;qty:5;orderid:buysend;respmessg:null;message:NoSignalZeroHolding,ScalpingNo,BasicBuy,atbest+1
INFO:order:2022-12-21 16:28:10,869;log:post;eid:14362;call:response;type:place;order:buy;asset:N;price:16;qty:5;orderid:od_1671259060281315;respmessg:null;message:NoSignalZeroHolding,ScalpingNo,BasicBuy,atbest+1
INFO:order:2022-12-21 16:28:13,999;log:pre;eid:14362;call:sent;type:cancel;order:buy;asset:Y;price:11;qty:null;orderid:od_1671259060280835;respmessg:null;message:NoSignalZeroHolding,CancelOppSideOrders
INFO:order:2022-12-21 16:28:15,505;log:post;eid:14362;call:response;type:cancel;order:buy;asset:Y;price:11;qty:null;orderid:od_1671259060280835;respmessg:null;message:NoSignalZeroHolding,CancelOppSideOrders
INFO:order:2022-12-21 16:37:19,496;log:pre;eid:14361;call:sent;type:cancel;order:buy;asset:Y;price:51;qty:null;orderid:od_1671259060280146;respmessg:null;message:YesSignalZeroHolding,NewBuyParams
INFO:order:2022-12-21 16:37:20,966;log:post;eid:14361;call:response;type:cancel;order:buy;asset:Y;price:51;qty:null;orderid:od_1671259060280146;respmessg:null;message:YesSignalZeroHolding,NewBuyParams
INFO:order:2022-12-21 16:37:21,347;log:pre;eid:14361;call:sent;type:place;order:buy;asset:Y;price:2;qty:5;orderid:buysend;respmessg:null;message:YesSignalZeroHolding,ScalpingYes,BasicBuy,atbest+1
INFO:order:2022-12-21 16:37:22,830;log:post;eid:14361;call:response;type:place;order:buy;asset:Y;price:2;qty:5;orderid:od_1671259060281443;respmessg:null;message:YesSignalZeroHolding,ScalpingYes,BasicBuy,atbest+1
INFO:order:2022-12-21 16:41:08,353;log:pre;eid:14359;call:sent;type:cancel;order:buy;asset:Y;price:76;qty:null;orderid:od_1671259060281064;respmessg:null;message:YesSignalZeroHolding,NewBuyParams
INFO:order:2022-12-21 16:41:09,833;log:post;eid:14359;call:response;type:cancel;order:buy;asset:Y;price:76;qty:null;orderid:od_1671259060281064;respmessg:null;message:YesSignalZeroHolding,NewBuyParams
INFO:order:2022-12-21 16:41:10,196;log:pre;eid:14359;call:sent;type:place;order:buy;asset:Y;price:2;qty:5;orderid:buysend;respmessg:null;message:YesSignalZeroHolding,ScalpingYes,BasicBuy,atbest+1
INFO:order:2022-12-21 16:41:11,684;log:post;eid:14359;call:response;type:place;order:buy;asset:Y;price:2;qty:5;orderid:od_1671259060281494;respmessg:null;message:YesSignalZeroHolding,ScalpingYes,BasicBuy,atbest+1
INFO:order:2022-12-21 17:03:08,629;log:pre;eid:14364;call:sent;type:place;order:buy;asset:N;price:3;qty:5;orderid:buysend;respmessg:null;message:NoSignalZeroHolding,ScalpingNo,BasicBuy,atbest+1
INFO:order:2022-12-21 17:03:10,123;log:post;eid:14364;call:response;type:place;order:buy;asset:N;price:3;qty:5;orderid:od_1671259060281791;respmessg:null;message:NoSignalZeroHolding,ScalpingNo,BasicBuy,atbest+1
INFO:order:2022-12-21 17:15:16,867;log:pre;eid:14359;call:sent;type:cancel;order:buy;asset:Y;price:2;qty:null;orderid:od_1671259060281494;respmessg:null;message:YesSignalZeroHolding,NewBuyParams
INFO:order:2022-12-21 17:15:18,339;log:post;eid:14359;call:response;type:cancel;order:buy;asset:Y;price:2;qty:null;orderid:od_1671259060281494;respmessg:null;message:YesSignalZeroHolding,NewBuyParams
INFO:order:2022-12-21 17:15:18,694;log:pre;eid:14359;call:sent;type:place;order:buy;asset:Y;price:51;qty:5;orderid:buysend;respmessg:null;message:YesSignalZeroHolding,ScalpingYes,BasicBuy,atbest+1
INFO:order:2022-12-21 17:15:20,168;log:post;eid:14359;call:response;type:place;order:buy;asset:Y;price:51;qty:5;orderid:od_1671259060282112;respmessg:null;message:YesSignalZeroHolding,ScalpingYes,BasicBuy,atbest+1
INFO:order:2022-12-21 17:24:59,543;log:pre;eid:14359;call:sent;type:cancel;order:buy;asset:Y;price:51;qty:null;orderid:od_1671259060282112;respmessg:null;message:YesSignalZeroHolding,NewBuyParams
INFO:order:2022-12-21 17:25:01,031;log:post;eid:14359;call:response;type:cancel;order:buy;asset:Y;price:51;qty:null;orderid:od_1671259060282112;respmessg:null;message:YesSignalZeroHolding,NewBuyParams
INFO:order:2022-12-21 17:25:01,491;log:pre;eid:14359;call:sent;type:place;order:buy;asset:Y;price:2;qty:5;orderid:buysend;respmessg:null;message:YesSignalZeroHolding,ScalpingYes,BasicBuy,atbest+1
INFO:order:2022-12-21 17:25:03,171;log:post;eid:14359;call:response;type:place;order:buy;asset:Y;price:2;qty:5;orderid:od_1671259060282397;respmessg:null;message:YesSignalZeroHolding,ScalpingYes,BasicBuy,atbest+1
INFO:order:2022-12-21 17:31:49,452;log:pre;eid:14362;call:sent;type:place;order:buy;asset:Y;price:11;qty:5;orderid:buysend;respmessg:null;message:YesSignalZeroHolding,ScalpingYes,BasicBuy,atbest+1
INFO:order:2022-12-21 17:31:50,973;log:post;eid:14362;call:response;type:place;order:buy;asset:Y;price:11;qty:5;orderid:od_1671259060282585;respmessg:null;message:YesSignalZeroHolding,ScalpingYes,BasicBuy,atbest+1
INFO:order:2022-12-21 17:31:54,065;log:pre;eid:14362;call:sent;type:cancel;order:buy;asset:N;price:16;qty:null;orderid:od_1671259060281315;respmessg:null;message:YesSignalZeroHolding,CancelOppSideOrders
INFO:order:2022-12-21 17:31:55,611;log:post;eid:14362;call:response;type:cancel;order:buy;asset:N;price:16;qty:null;orderid:od_1671259060281315;respmessg:null;message:YesSignalZeroHolding,CancelOppSideOrders
INFO:order:2022-12-21 17:37:30,259;log:pre;eid:14363;call:sent;type:cancel;order:buy;asset:N;price:1;qty:null;orderid:od_1671259060280930;respmessg:null;message:NoSignalZeroHolding,NewBuyParams
INFO:order:2022-12-21 17:37:31,724;log:post;eid:14363;call:response;type:cancel;order:buy;asset:N;price:1;qty:null;orderid:od_1671259060280930;respmessg:null;message:NoSignalZeroHolding,NewBuyParams
INFO:order:2022-12-21 17:37:32,132;log:pre;eid:14363;call:sent;type:place;order:buy;asset:N;price:2;qty:5;orderid:buysend;respmessg:null;message:NoSignalZeroHolding,ScalpingNo,BasicBuy,atbest+1
INFO:order:2022-12-21 17:37:33,612;log:post;eid:14363;call:response;type:place;order:buy;asset:N;price:2;qty:5;orderid:od_1671259060282818;respmessg:null;message:NoSignalZeroHolding,ScalpingNo,BasicBuy,atbest+1
INFO:order:2022-12-21 17:46:59,240;log:pre;eid:14362;call:sent;type:place;order:buy;asset:N;price:16;qty:5;orderid:buysend;respmessg:null;message:NoSignalZeroHolding,ScalpingNo,BasicBuy,atbest+1
INFO:order:2022-12-21 17:47:00,778;log:post;eid:14362;call:response;type:place;order:buy;asset:N;price:16;qty:5;orderid:od_1671259060283190;respmessg:null;message:NoSignalZeroHolding,ScalpingNo,BasicBuy,atbest+1
INFO:order:2022-12-21 17:47:04,309;log:pre;eid:14362;call:sent;type:cancel;order:buy;asset:Y;price:11;qty:null;orderid:od_1671259060282585;respmessg:null;message:NoSignalZeroHolding,CancelOppSideOrders
INFO:order:2022-12-21 17:47:05,789;log:post;eid:14362;call:response;type:cancel;order:buy;asset:Y;price:11;qty:null;orderid:od_1671259060282585;respmessg:null;message:NoSignalZeroHolding,CancelOppSideOrders
INFO:order:2022-12-21 18:00:21,591;log:pre;eid:14359;call:sent;type:cancel;order:buy;asset:Y;price:2;qty:null;orderid:od_1671259060282397;respmessg:null;message:YesSignalZeroHolding,NewBuyParams
INFO:order:2022-12-21 18:00:23,125;log:post;eid:14359;call:response;type:cancel;order:buy;asset:Y;price:2;qty:null;orderid:od_1671259060282397;respmessg:null;message:YesSignalZeroHolding,NewBuyParams
INFO:order:2022-12-21 18:00:23,475;log:pre;eid:14359;call:sent;type:place;order:buy;asset:Y;price:47;qty:5;orderid:buysend;respmessg:null;message:YesSignalZeroHolding,ScalpingYes,BasicBuy,atbest+1
INFO:order:2022-12-21 18:00:25,009;log:post;eid:14359;call:response;type:place;order:buy;asset:Y;price:47;qty:5;orderid:od_1671259060283664;respmessg:null;message:YesSignalZeroHolding,ScalpingYes,BasicBuy,atbest+1
INFO:order:2022-12-21 18:33:10,311;log:pre;eid:14364;call:sent;type:cancel;order:buy;asset:N;price:3;qty:null;orderid:od_1671259060281791;respmessg:null;message:NoSignalZeroHolding,NewBuyParams
INFO:order:2022-12-21 18:33:11,775;log:post;eid:14364;call:response;type:cancel;order:buy;asset:N;price:3;qty:null;orderid:od_1671259060281791;respmessg:null;message:NoSignalZeroHolding,NewBuyParams
INFO:order:2022-12-21 18:33:12,136;log:pre;eid:14364;call:sent;type:place;order:buy;asset:N;price:52;qty:5;orderid:buysend;respmessg:null;message:NoSignalZeroHolding,ScalpingNo,BasicBuy,atbest+1
INFO:order:2022-12-21 18:33:13,608;log:post;eid:14364;call:response;type:place;order:buy;asset:N;price:52;qty:5;orderid:od_1671259060284741;respmessg:null;message:NoSignalZeroHolding,ScalpingNo,BasicBuy,atbest+1
INFO:order:2022-12-21 18:35:30,220;log:pre;eid:14359;call:sent;type:place;order:sell;asset:Y;price:98;qty:2;orderid:sellsend;respmessg:null;message:HoldYesQtyChange,SellingYesNewQty,ProfitSell,atBetter
INFO:order:2022-12-21 18:35:31,728;log:post;eid:14359;call:response;type:place;order:sell;asset:Y;price:98;qty:2;orderid:od_1671259060284845;respmessg:null;message:HoldYesQtyChange,SellingYesNewQty,ProfitSell,atBetter
INFO:order:2022-12-21 18:35:34,497;log:pre;eid:14359;call:sent;type:cancel;order:buy;asset:Y;price:47;qty:null;orderid:od_1671259060283664;respmessg:null;message:YesFairPriceChange,NewBuyParams
INFO:order:2022-12-21 18:35:35,968;log:post;eid:14359;call:response;type:cancel;order:buy;asset:Y;price:47;qty:null;orderid:od_1671259060283664;respmessg:null;message:YesFairPriceChange,NewBuyParams
INFO:order:2022-12-21 18:35:36,355;log:pre;eid:14359;call:sent;type:place;order:buy;asset:Y;price:74;qty:3;orderid:buysend;respmessg:null;message:YesFairPriceChange,ScalpingYes,BasicBuy,atbest+1
INFO:order:2022-12-21 18:35:37,835;log:post;eid:14359;call:response;type:place;order:buy;asset:Y;price:74;qty:3;orderid:od_1671259060284850;respmessg:null;message:YesFairPriceChange,ScalpingYes,BasicBuy,atbest+1
INFO:order:2022-12-21 18:35:39,625;log:pre;eid:14359;call:sent;type:cancel;order:sell;asset:Y;price:98;qty:null;orderid:od_1671259060284845;respmessg:null;message:YesFairPriceChange,NewSellParams
INFO:order:2022-12-21 18:35:41,150;log:post;eid:14359;call:response;type:cancel;order:sell;asset:Y;price:98;qty:null;orderid:od_1671259060284845;respmessg:null;message:YesFairPriceChange,NewSellParams
INFO:order:2022-12-21 18:35:41,529;log:pre;eid:14359;call:sent;type:place;order:sell;asset:Y;price:98;qty:2;orderid:sellsend;respmessg:null;message:YesFairPriceChange,SellingBoughtQty,ProfitSell,atBetter
INFO:order:2022-12-21 18:35:43,040;log:post;eid:14359;call:response;type:place;order:sell;asset:Y;price:98;qty:2;orderid:od_1671259060284858;respmessg:null;message:YesFairPriceChange,SellingBoughtQty,ProfitSell,atBetter
INFO:order:2022-12-21 18:37:47,006;log:pre;eid:14363;call:sent;type:cancel;order:buy;asset:N;price:2;qty:null;orderid:od_1671259060282818;respmessg:null;message:NoSignalZeroHolding,NewBuyParams
INFO:order:2022-12-21 18:37:48,479;log:post;eid:14363;call:response;type:cancel;order:buy;asset:N;price:2;qty:null;orderid:od_1671259060282818;respmessg:null;message:NoSignalZeroHolding,NewBuyParams
INFO:order:2022-12-21 18:37:48,842;log:pre;eid:14363;call:sent;type:place;order:buy;asset:N;price:3;qty:5;orderid:buysend;respmessg:null;message:NoSignalZeroHolding,ScalpingNo,BasicBuy,atbest+1
INFO:order:2022-12-21 18:37:50,310;log:post;eid:14363;call:response;type:place;order:buy;asset:N;price:3;qty:5;orderid:od_1671259060284958;respmessg:null;message:NoSignalZeroHolding,ScalpingNo,BasicBuy,atbest+1
INFO:order:2022-12-21 18:40:42,398;log:pre;eid:14359;call:sent;type:cancel;order:buy;asset:Y;price:74;qty:null;orderid:od_1671259060284850;respmessg:null;message:YesFairPriceChange,NewBuyParams
INFO:order:2022-12-21 18:40:43,911;log:post;eid:14359;call:response;type:cancel;order:buy;asset:Y;price:74;qty:null;orderid:od_1671259060284850;respmessg:null;message:YesFairPriceChange,NewBuyParams
INFO:order:2022-12-21 18:40:44,300;log:pre;eid:14359;call:sent;type:place;order:buy;asset:Y;price:81;qty:3;orderid:buysend;respmessg:null;message:YesFairPriceChange,ScalpingYes,BasicBuy,atbest+1
INFO:order:2022-12-21 18:40:45,818;log:post;eid:14359;call:response;type:place;order:buy;asset:Y;price:81;qty:3;orderid:od_1671259060285081;respmessg:null;message:YesFairPriceChange,ScalpingYes,BasicBuy,atbest+1
INFO:order:2022-12-21 18:40:47,635;log:pre;eid:14359;call:sent;type:cancel;order:sell;asset:Y;price:98;qty:null;orderid:od_1671259060284858;respmessg:null;message:YesFairPriceChange,NewSellParams
INFO:order:2022-12-21 18:40:49,275;log:post;eid:14359;call:response;type:cancel;order:sell;asset:Y;price:98;qty:null;orderid:od_1671259060284858;respmessg:null;message:YesFairPriceChange,NewSellParams
INFO:order:2022-12-21 18:40:49,666;log:pre;eid:14359;call:sent;type:place;order:sell;asset:Y;price:98;qty:2;orderid:sellsend;respmessg:null;message:YesFairPriceChange,SellingBoughtQty,ProfitSell,atBetter
INFO:order:2022-12-21 18:40:51,177;log:post;eid:14359;call:response;type:place;order:sell;asset:Y;price:98;qty:2;orderid:od_1671259060285088;respmessg:null;message:YesFairPriceChange,SellingBoughtQty,ProfitSell,atBetter
INFO:order:2022-12-21 18:45:51,748;log:pre;eid:14359;call:sent;type:cancel;order:sell;asset:Y;price:98;qty:null;orderid:od_1671259060285088;respmessg:null;message:HoldYesQtyChange,HoldQtyChange
INFO:order:2022-12-21 18:45:53,250;log:post;eid:14359;call:response;type:cancel;order:sell;asset:Y;price:98;qty:null;orderid:od_1671259060285088;respmessg:null;message:HoldYesQtyChange,HoldQtyChange
INFO:order:2022-12-21 18:45:53,697;log:pre;eid:14359;call:sent;type:place;order:sell;asset:Y;price:98;qty:1;orderid:sellsend;respmessg:null;message:HoldYesQtyChange,SellingYesNewQty,ProfitSell,atBetter
INFO:order:2022-12-21 18:45:55,234;log:post;eid:14359;call:response;type:place;order:sell;asset:Y;price:98;qty:1;orderid:od_1671259060285313;respmessg:null;message:HoldYesQtyChange,SellingYesNewQty,ProfitSell,atBetter
INFO:order:2022-12-21 18:50:59,076;log:pre;eid:14359;call:sent;type:cancel;order:sell;asset:Y;price:98;qty:null;orderid:od_1671259060285313;respmessg:null;message:NoAvgBuyPriceChange,NewSellParams
INFO:order:2022-12-21 18:51:00,578;log:post;eid:14359;call:response;type:cancel;order:sell;asset:Y;price:98;qty:null;orderid:od_1671259060285313;respmessg:null;message:NoAvgBuyPriceChange,NewSellParams
INFO:order:2022-12-21 18:51:00,994;log:pre;eid:14359;call:sent;type:place;order:sell;asset:Y;price:98;qty:1;orderid:sellsend;respmessg:null;message:NoAvgBuyPriceChange,SellingBoughtQty,ProfitSell,atBetter
INFO:order:2022-12-21 18:51:02,483;log:post;eid:14359;call:response;type:place;order:sell;asset:Y;price:98;qty:1;orderid:od_1671259060285498;respmessg:null;message:NoAvgBuyPriceChange,SellingBoughtQty,ProfitSell,atBetter
INFO:order:2022-12-21 18:56:07,752;log:pre;eid:14359;call:sent;type:cancel;order:sell;asset:Y;price:98;qty:null;orderid:od_1671259060285498;respmessg:null;message:NoAvgBuyPriceChange,NewSellParams
INFO:order:2022-12-21 18:56:09,282;log:post;eid:14359;call:response;type:cancel;order:sell;asset:Y;price:98;qty:null;orderid:od_1671259060285498;respmessg:null;message:NoAvgBuyPriceChange,NewSellParams
INFO:order:2022-12-21 18:56:09,643;log:pre;eid:14359;call:sent;type:place;order:sell;asset:Y;price:98;qty:1;orderid:sellsend;respmessg:null;message:NoAvgBuyPriceChange,SellingBoughtQty,ProfitSell,atBetter
INFO:order:2022-12-21 18:56:11,109;log:post;eid:14359;call:response;type:place;order:sell;asset:Y;price:98;qty:1;orderid:od_1671259060285719;respmessg:null;message:NoAvgBuyPriceChange,SellingBoughtQty,ProfitSell,atBetter
INFO:order:2022-12-21 19:01:14,301;log:pre;eid:14359;call:sent;type:cancel;order:sell;asset:Y;price:98;qty:null;orderid:od_1671259060285719;respmessg:null;message:NoAvgBuyPriceChange,NewSellParams
INFO:order:2022-12-21 19:01:15,881;log:post;eid:14359;call:response;type:cancel;order:sell;asset:Y;price:98;qty:null;orderid:od_1671259060285719;respmessg:null;message:NoAvgBuyPriceChange,NewSellParams
INFO:order:2022-12-21 19:01:16,272;log:pre;eid:14359;call:sent;type:place;order:sell;asset:Y;price:98;qty:1;orderid:sellsend;respmessg:null;message:NoAvgBuyPriceChange,SellingBoughtQty,ProfitSell,atBetter
INFO:order:2022-12-21 19:01:17,755;log:post;eid:14359;call:response;type:place;order:sell;asset:Y;price:98;qty:1;orderid:od_1671259060285927;respmessg:null;message:NoAvgBuyPriceChange,SellingBoughtQty,ProfitSell,atBetter
INFO:order:2022-12-21 19:06:13,763;log:pre;eid:14359;call:sent;type:cancel;order:buy;asset:Y;price:81;qty:null;orderid:od_1671259060285081;respmessg:null;message:YesFairPriceChange,NewBuyParams
INFO:order:2022-12-21 19:06:16,045;log:post;eid:14359;call:response;type:cancel;order:buy;asset:Y;price:81;qty:null;orderid:od_1671259060285081;respmessg:null;message:YesFairPriceChange,NewBuyParams
INFO:order:2022-12-21 19:06:16,432;log:pre;eid:14359;call:sent;type:place;order:buy;asset:Y;price:86;qty:4;orderid:buysend;respmessg:null;message:YesFairPriceChange,ScalpingYes,BasicBuy,atbest+1
INFO:order:2022-12-21 19:06:17,916;log:post;eid:14359;call:response;type:place;order:buy;asset:Y;price:86;qty:4;orderid:od_1671259060286123;respmessg:null;message:YesFairPriceChange,ScalpingYes,BasicBuy,atbest+1
INFO:order:2022-12-21 19:06:19,534;log:pre;eid:14359;call:sent;type:cancel;order:sell;asset:Y;price:98;qty:null;orderid:od_1671259060285927;respmessg:null;message:YesFairPriceChange,NewSellParams
INFO:order:2022-12-21 19:06:21,001;log:post;eid:14359;call:response;type:cancel;order:sell;asset:Y;price:98;qty:null;orderid:od_1671259060285927;respmessg:null;message:YesFairPriceChange,NewSellParams
INFO:order:2022-12-21 19:06:21,498;log:pre;eid:14359;call:sent;type:place;order:sell;asset:Y;price:98;qty:1;orderid:sellsend;respmessg:null;message:YesFairPriceChange,SellingBoughtQty,ProfitSell,atBetter
INFO:order:2022-12-21 19:06:23,011;log:post;eid:14359;call:response;type:place;order:sell;asset:Y;price:98;qty:1;orderid:od_1671259060286129;respmessg:null;message:YesFairPriceChange,SellingBoughtQty,ProfitSell,atBetter
INFO:order:2022-12-21 19:11:17,538;log:pre;eid:14359;call:sent;type:cancel;order:buy;asset:Y;price:86;qty:null;orderid:od_1671259060286123;respmessg:null;message:YesFairPriceChange,NewBuyParams
INFO:order:2022-12-21 19:11:19,075;log:post;eid:14359;call:response;type:cancel;order:buy;asset:Y;price:86;qty:null;orderid:od_1671259060286123;respmessg:null;message:YesFairPriceChange,NewBuyParams
INFO:order:2022-12-21 19:11:19,469;log:pre;eid:14359;call:sent;type:place;order:buy;asset:Y;price:88;qty:4;orderid:buysend;respmessg:null;message:YesFairPriceChange,ScalpingYes,BasicBuy,atbest+1
INFO:order:2022-12-21 19:11:20,955;log:post;eid:14359;call:response;type:place;order:buy;asset:Y;price:88;qty:4;orderid:od_1671259060286331;respmessg:null;message:YesFairPriceChange,ScalpingYes,BasicBuy,atbest+1
INFO:order:2022-12-21 19:11:21,859;log:pre;eid:14359;call:sent;type:cancel;order:sell;asset:Y;price:98;qty:null;orderid:od_1671259060286129;respmessg:null;message:YesFairPriceChange,PausingSell
INFO:order:2022-12-21 19:11:23,397;log:post;eid:14359;call:response;type:cancel;order:sell;asset:Y;price:98;qty:null;orderid:od_1671259060286129;respmessg:null;message:YesFairPriceChange,PausingSell
INFO:order:2022-12-21 19:18:02,590;log:pre;eid:14362;call:sent;type:place;order:buy;asset:Y;price:52;qty:5;orderid:buysend;respmessg:null;message:YesSignalZeroHolding,ScalpingYes,BasicBuy,atbest+1
INFO:order:2022-12-21 19:18:04,134;log:post;eid:14362;call:response;type:place;order:buy;asset:Y;price:52;qty:5;orderid:od_1671259060286595;respmessg:null;message:YesSignalZeroHolding,ScalpingYes,BasicBuy,atbest+1
INFO:order:2022-12-21 19:18:07,335;log:pre;eid:14362;call:sent;type:cancel;order:buy;asset:N;price:16;qty:null;orderid:od_1671259060283190;respmessg:null;message:YesSignalZeroHolding,CancelOppSideOrders
INFO:order:2022-12-21 19:18:08,886;log:post;eid:14362;call:response;type:cancel;order:buy;asset:N;price:16;qty:null;orderid:od_1671259060283190;respmessg:null;message:YesSignalZeroHolding,CancelOppSideOrders
INFO:order:2022-12-21 19:22:37,887;log:pre;eid:14361;call:sent;type:cancel;order:buy;asset:Y;price:2;qty:null;orderid:od_1671259060281443;respmessg:null;message:YesSignalZeroHolding,NewBuyParams
INFO:order:2022-12-21 19:22:39,428;log:post;eid:14361;call:response;type:cancel;order:buy;asset:Y;price:2;qty:null;orderid:od_1671259060281443;respmessg:null;message:YesSignalZeroHolding,NewBuyParams
INFO:order:2022-12-21 19:22:39,894;log:pre;eid:14361;call:sent;type:place;order:buy;asset:Y;price:11;qty:5;orderid:buysend;respmessg:null;message:YesSignalZeroHolding,ScalpingYes,BasicBuy,atbest+1
INFO:order:2022-12-21 19:22:41,413;log:post;eid:14361;call:response;type:place;order:buy;asset:Y;price:11;qty:5;orderid:od_1671259060286755;respmessg:null;message:YesSignalZeroHolding,ScalpingYes,BasicBuy,atbest+1
INFO:order:2022-12-21 19:36:41,495;log:pre;eid:14359;call:sent;type:cancel;order:buy;asset:Y;price:88;qty:null;orderid:od_1671259060286331;respmessg:null;message:YesFairPriceChange,NewBuyParams
INFO:order:2022-12-21 19:36:43,019;log:post;eid:14359;call:response;type:cancel;order:buy;asset:Y;price:88;qty:null;orderid:od_1671259060286331;respmessg:null;message:YesFairPriceChange,NewBuyParams
INFO:order:2022-12-21 19:36:43,377;log:pre;eid:14359;call:sent;type:place;order:buy;asset:Y;price:74;qty:4;orderid:buysend;respmessg:null;message:YesFairPriceChange,ScalpingYes,BasicBuy,atbest+1
INFO:order:2022-12-21 19:36:44,866;log:post;eid:14359;call:response;type:place;order:buy;asset:Y;price:74;qty:4;orderid:od_1671259060287265;respmessg:null;message:YesFairPriceChange,ScalpingYes,BasicBuy,atbest+1
INFO:order:2022-12-21 19:41:42,924;log:pre;eid:14359;call:sent;type:place;order:sell;asset:Y;price:98;qty:1;orderid:sellsend;respmessg:null;message:YesFairPriceChange,SellingBoughtQty,ProfitSell,atBetter
INFO:order:2022-12-21 19:41:44,405;log:post;eid:14359;call:response;type:place;order:sell;asset:Y;price:98;qty:1;orderid:od_1671259060287462;respmessg:null;message:YesFairPriceChange,SellingBoughtQty,ProfitSell,atBetter
INFO:order:2022-12-21 19:43:13,765;log:pre;eid:14362;call:sent;type:cancel;order:buy;asset:Y;price:52;qty:null;orderid:od_1671259060286595;respmessg:null;message:YesSignalZeroHolding,NewBuyParams
INFO:order:2022-12-21 19:43:15,241;log:post;eid:14362;call:response;type:cancel;order:buy;asset:Y;price:52;qty:null;orderid:od_1671259060286595;respmessg:null;message:YesSignalZeroHolding,NewBuyParams
INFO:order:2022-12-21 19:43:15,584;log:pre;eid:14362;call:sent;type:place;order:buy;asset:Y;price:11;qty:5;orderid:buysend;respmessg:null;message:YesSignalZeroHolding,ScalpingYes,BasicBuy,atbest+1
INFO:order:2022-12-21 19:43:17,061;log:post;eid:14362;call:response;type:place;order:buy;asset:Y;price:11;qty:5;orderid:od_1671259060287517;respmessg:null;message:YesSignalZeroHolding,ScalpingYes,BasicBuy,atbest+1
INFO:order:2022-12-21 19:46:37,339;log:pre;eid:14359;call:sent;type:cancel;order:sell;asset:Y;price:98;qty:null;orderid:od_1671259060287462;respmessg:null;message:NoFairPriceChange,NewSellParams
INFO:order:2022-12-21 19:46:38,806;log:post;eid:14359;call:response;type:cancel;order:sell;asset:Y;price:98;qty:null;orderid:od_1671259060287462;respmessg:null;message:NoFairPriceChange,NewSellParams
INFO:order:2022-12-21 19:46:39,228;log:pre;eid:14359;call:sent;type:place;order:sell;asset:Y;price:98;qty:1;orderid:sellsend;respmessg:null;message:NoFairPriceChange,SellingBoughtQty,ProfitSell,atBetter
INFO:order:2022-12-21 19:46:40,711;log:post;eid:14359;call:response;type:place;order:sell;asset:Y;price:98;qty:1;orderid:od_1671259060287591;respmessg:null;message:NoFairPriceChange,SellingBoughtQty,ProfitSell,atBetter
INFO:order:2022-12-21 19:48:09,223;log:pre;eid:14362;call:sent;type:place;order:buy;asset:N;price:16;qty:5;orderid:buysend;respmessg:null;message:NoSignalZeroHolding,ScalpingNo,BasicBuy,atbest+1
INFO:order:2022-12-21 19:48:10,706;log:post;eid:14362;call:response;type:place;order:buy;asset:N;price:16;qty:5;orderid:od_1671259060287634;respmessg:null;message:NoSignalZeroHolding,ScalpingNo,BasicBuy,atbest+1
INFO:order:2022-12-21 19:48:13,544;log:pre;eid:14362;call:sent;type:cancel;order:buy;asset:Y;price:11;qty:null;orderid:od_1671259060287517;respmessg:null;message:NoSignalZeroHolding,CancelOppSideOrders
INFO:order:2022-12-21 19:48:15,014;log:post;eid:14362;call:response;type:cancel;order:buy;asset:Y;price:11;qty:null;orderid:od_1671259060287517;respmessg:null;message:NoSignalZeroHolding,CancelOppSideOrders
INFO:order:2022-12-21 19:51:31,765;log:pre;eid:14359;call:sent;type:cancel;order:sell;asset:Y;price:98;qty:null;orderid:od_1671259060287591;respmessg:null;message:NoAvgBuyPriceChange,NewSellParams
INFO:order:2022-12-21 19:51:33,263;log:post;eid:14359;call:response;type:cancel;order:sell;asset:Y;price:98;qty:null;orderid:od_1671259060287591;respmessg:null;message:NoAvgBuyPriceChange,NewSellParams
INFO:order:2022-12-21 19:51:33,630;log:pre;eid:14359;call:sent;type:place;order:sell;asset:Y;price:98;qty:1;orderid:sellsend;respmessg:null;message:NoAvgBuyPriceChange,SellingBoughtQty,ProfitSell,atBetter
INFO:order:2022-12-21 19:51:35,134;log:post;eid:14359;call:response;type:place;order:sell;asset:Y;price:98;qty:1;orderid:od_1671259060287773;respmessg:null;message:NoAvgBuyPriceChange,SellingBoughtQty,ProfitSell,atBetter
INFO:order:2022-12-21 19:56:23,507;log:pre;eid:14359;call:sent;type:cancel;order:sell;asset:Y;price:98;qty:null;orderid:od_1671259060287773;respmessg:null;message:NoAvgBuyPriceChange,NewSellParams
INFO:order:2022-12-21 19:56:24,975;log:post;eid:14359;call:response;type:cancel;order:sell;asset:Y;price:98;qty:null;orderid:od_1671259060287773;respmessg:null;message:NoAvgBuyPriceChange,NewSellParams
INFO:order:2022-12-21 19:56:25,339;log:pre;eid:14359;call:sent;type:place;order:sell;asset:Y;price:98;qty:1;orderid:sellsend;respmessg:null;message:NoAvgBuyPriceChange,SellingBoughtQty,ProfitSell,atBetter
INFO:order:2022-12-21 19:56:26,822;log:post;eid:14359;call:response;type:place;order:sell;asset:Y;price:98;qty:1;orderid:od_1671259060287929;respmessg:null;message:NoAvgBuyPriceChange,SellingBoughtQty,ProfitSell,atBetter
INFO:order:2022-12-21 20:01:13,555;log:pre;eid:14359;call:sent;type:cancel;order:sell;asset:Y;price:98;qty:null;orderid:od_1671259060287929;respmessg:null;message:NoAvgBuyPriceChange,NewSellParams
INFO:order:2022-12-21 20:01:15,027;log:post;eid:14359;call:response;type:cancel;order:sell;asset:Y;price:98;qty:null;orderid:od_1671259060287929;respmessg:null;message:NoAvgBuyPriceChange,NewSellParams
INFO:order:2022-12-21 20:01:15,386;log:pre;eid:14359;call:sent;type:place;order:sell;asset:Y;price:98;qty:1;orderid:sellsend;respmessg:null;message:NoAvgBuyPriceChange,SellingBoughtQty,ProfitSell,atBetter
INFO:order:2022-12-21 20:01:16,846;log:post;eid:14359;call:response;type:place;order:sell;asset:Y;price:98;qty:1;orderid:od_1671259060288102;respmessg:null;message:NoAvgBuyPriceChange,SellingBoughtQty,ProfitSell,atBetter
INFO:order:2022-12-21 20:03:17,797;log:pre;eid:14363;call:sent;type:cancel;order:buy;asset:N;price:3;qty:null;orderid:od_1671259060284958;respmessg:null;message:NoSignalZeroHolding,NewBuyParams
INFO:order:2022-12-21 20:03:19,298;log:post;eid:14363;call:response;type:cancel;order:buy;asset:N;price:3;qty:null;orderid:od_1671259060284958;respmessg:null;message:NoSignalZeroHolding,NewBuyParams
INFO:order:2022-12-21 20:03:19,660;log:pre;eid:14363;call:sent;type:place;order:buy;asset:N;price:26;qty:5;orderid:buysend;respmessg:null;message:NoSignalZeroHolding,ScalpingNo,BasicBuy,atbest+1
INFO:order:2022-12-21 20:03:21,142;log:post;eid:14363;call:response;type:place;order:buy;asset:N;price:26;qty:5;orderid:od_1671259060288150;respmessg:null;message:NoSignalZeroHolding,ScalpingNo,BasicBuy,atbest+1
INFO:order:2022-12-21 20:06:11,077;log:pre;eid:14359;call:sent;type:cancel;order:sell;asset:Y;price:98;qty:null;orderid:od_1671259060288102;respmessg:null;message:NoAvgBuyPriceChange,NewSellParams
INFO:order:2022-12-21 20:06:12,538;log:post;eid:14359;call:response;type:cancel;order:sell;asset:Y;price:98;qty:null;orderid:od_1671259060288102;respmessg:null;message:NoAvgBuyPriceChange,NewSellParams
INFO:order:2022-12-21 20:06:12,923;log:pre;eid:14359;call:sent;type:place;order:sell;asset:Y;price:98;qty:1;orderid:sellsend;respmessg:null;message:NoAvgBuyPriceChange,SellingBoughtQty,ProfitSell,atBetter
INFO:order:2022-12-21 20:06:14,422;log:post;eid:14359;call:response;type:place;order:sell;asset:Y;price:98;qty:1;orderid:od_1671259060288214;respmessg:null;message:NoAvgBuyPriceChange,SellingBoughtQty,ProfitSell,atBetter
INFO:order:2022-12-21 20:11:05,514;log:pre;eid:14359;call:sent;type:cancel;order:sell;asset:Y;price:98;qty:null;orderid:od_1671259060288214;respmessg:null;message:NoAvgBuyPriceChange,NewSellParams
INFO:order:2022-12-21 20:11:07,017;log:post;eid:14359;call:response;type:cancel;order:sell;asset:Y;price:98;qty:null;orderid:od_1671259060288214;respmessg:null;message:NoAvgBuyPriceChange,NewSellParams
INFO:order:2022-12-21 20:11:07,400;log:pre;eid:14359;call:sent;type:place;order:sell;asset:Y;price:98;qty:1;orderid:sellsend;respmessg:null;message:NoAvgBuyPriceChange,SellingBoughtQty,ProfitSell,atBetter
INFO:order:2022-12-21 20:11:08,881;log:post;eid:14359;call:response;type:place;order:sell;asset:Y;price:98;qty:1;orderid:od_1671259060288317;respmessg:null;message:NoAvgBuyPriceChange,SellingBoughtQty,ProfitSell,atBetter
INFO:order:2022-12-21 20:15:58,482;log:pre;eid:14359;call:sent;type:cancel;order:sell;asset:Y;price:98;qty:null;orderid:od_1671259060288317;respmessg:null;message:NoAvgBuyPriceChange,NewSellParams
INFO:order:2022-12-21 20:16:00,002;log:post;eid:14359;call:response;type:cancel;order:sell;asset:Y;price:98;qty:null;orderid:od_1671259060288317;respmessg:null;message:NoAvgBuyPriceChange,NewSellParams
INFO:order:2022-12-21 20:16:00,443;log:pre;eid:14359;call:sent;type:place;order:sell;asset:Y;price:98;qty:1;orderid:sellsend;respmessg:null;message:NoAvgBuyPriceChange,SellingBoughtQty,ProfitSell,atBetter
INFO:order:2022-12-21 20:16:01,948;log:post;eid:14359;call:response;type:place;order:sell;asset:Y;price:98;qty:1;orderid:od_1671259060288478;respmessg:null;message:NoAvgBuyPriceChange,SellingBoughtQty,ProfitSell,atBetter
INFO:order:2022-12-21 20:17:32,121;log:pre;eid:14362;call:sent;type:place;order:buy;asset:Y;price:11;qty:5;orderid:buysend;respmessg:null;message:YesSignalZeroHolding,ScalpingYes,BasicBuy,atbest+1
INFO:order:2022-12-21 20:17:33,600;log:post;eid:14362;call:response;type:place;order:buy;asset:Y;price:11;qty:5;orderid:od_1671259060288518;respmessg:null;message:YesSignalZeroHolding,ScalpingYes,BasicBuy,atbest+1
INFO:order:2022-12-21 20:17:36,519;log:pre;eid:14362;call:sent;type:cancel;order:buy;asset:N;price:16;qty:null;orderid:od_1671259060287634;respmessg:null;message:YesSignalZeroHolding,CancelOppSideOrders
INFO:order:2022-12-21 20:17:38,002;log:post;eid:14362;call:response;type:cancel;order:buy;asset:N;price:16;qty:null;orderid:od_1671259060287634;respmessg:null;message:YesSignalZeroHolding,CancelOppSideOrders
INFO:order:2022-12-21 20:20:56,414;log:pre;eid:14359;call:sent;type:cancel;order:sell;asset:Y;price:98;qty:null;orderid:od_1671259060288478;respmessg:null;message:NoAvgBuyPriceChange,NewSellParams
INFO:order:2022-12-21 20:20:58,281;log:post;eid:14359;call:response;type:cancel;order:sell;asset:Y;price:98;qty:null;orderid:od_1671259060288478;respmessg:null;message:NoAvgBuyPriceChange,NewSellParams
INFO:order:2022-12-21 20:20:58,691;log:pre;eid:14359;call:sent;type:place;order:sell;asset:Y;price:98;qty:1;orderid:sellsend;respmessg:null;message:NoAvgBuyPriceChange,SellingBoughtQty,ProfitSell,atBetter
INFO:order:2022-12-21 20:21:00,173;log:post;eid:14359;call:response;type:place;order:sell;asset:Y;price:98;qty:1;orderid:od_1671259060288630;respmessg:null;message:NoAvgBuyPriceChange,SellingBoughtQty,ProfitSell,atBetter
INFO:order:2022-12-21 20:25:53,722;log:pre;eid:14359;call:sent;type:cancel;order:sell;asset:Y;price:98;qty:null;orderid:od_1671259060288630;respmessg:null;message:NoAvgBuyPriceChange,NewSellParams
INFO:order:2022-12-21 20:25:55,219;log:post;eid:14359;call:response;type:cancel;order:sell;asset:Y;price:98;qty:null;orderid:od_1671259060288630;respmessg:null;message:NoAvgBuyPriceChange,NewSellParams
INFO:order:2022-12-21 20:25:55,647;log:pre;eid:14359;call:sent;type:place;order:sell;asset:Y;price:98;qty:1;orderid:sellsend;respmessg:null;message:NoAvgBuyPriceChange,SellingBoughtQty,ProfitSell,atBetter
INFO:order:2022-12-21 20:25:57,180;log:post;eid:14359;call:response;type:place;order:sell;asset:Y;price:98;qty:1;orderid:od_1671259060288825;respmessg:null;message:NoAvgBuyPriceChange,SellingBoughtQty,ProfitSell,atBetter
INFO:order:2022-12-21 20:27:28,765;log:pre;eid:14362;call:sent;type:place;order:buy;asset:N;price:16;qty:5;orderid:buysend;respmessg:null;message:NoSignalZeroHolding,ScalpingNo,BasicBuy,atbest+1
INFO:order:2022-12-21 20:27:30,256;log:post;eid:14362;call:response;type:place;order:buy;asset:N;price:16;qty:5;orderid:od_1671259060288898;respmessg:null;message:NoSignalZeroHolding,ScalpingNo,BasicBuy,atbest+1
INFO:order:2022-12-21 20:27:33,111;log:pre;eid:14362;call:sent;type:cancel;order:buy;asset:Y;price:11;qty:null;orderid:od_1671259060288518;respmessg:null;message:NoSignalZeroHolding,CancelOppSideOrders
INFO:order:2022-12-21 20:27:34,620;log:post;eid:14362;call:response;type:cancel;order:buy;asset:Y;price:11;qty:null;orderid:od_1671259060288518;respmessg:null;message:NoSignalZeroHolding,CancelOppSideOrders
INFO:order:2022-12-21 20:28:04,960;log:pre;eid:14363;call:sent;type:cancel;order:buy;asset:N;price:26;qty:null;orderid:od_1671259060288150;respmessg:null;message:NoSignalZeroHolding,NewBuyParams
INFO:order:2022-12-21 20:28:06,449;log:post;eid:14363;call:response;type:cancel;order:buy;asset:N;price:26;qty:null;orderid:od_1671259060288150;respmessg:null;message:NoSignalZeroHolding,NewBuyParams
INFO:order:2022-12-21 20:28:06,814;log:pre;eid:14363;call:sent;type:place;order:buy;asset:N;price:61;qty:5;orderid:buysend;respmessg:null;message:NoSignalZeroHolding,ScalpingNo,BasicBuy,atbest+1
INFO:order:2022-12-21 20:28:08,324;log:post;eid:14363;call:response;type:place;order:buy;asset:N;price:61;qty:5;orderid:od_1671259060288927;respmessg:null;message:NoSignalZeroHolding,ScalpingNo,BasicBuy,atbest+1
INFO:order:2022-12-21 20:30:57,494;log:pre;eid:14359;call:sent;type:cancel;order:sell;asset:Y;price:98;qty:null;orderid:od_1671259060288825;respmessg:null;message:NoAvgBuyPriceChange,NewSellParams
INFO:order:2022-12-21 20:30:58,976;log:post;eid:14359;call:response;type:cancel;order:sell;asset:Y;price:98;qty:null;orderid:od_1671259060288825;respmessg:null;message:NoAvgBuyPriceChange,NewSellParams
INFO:order:2022-12-21 20:30:59,332;log:pre;eid:14359;call:sent;type:place;order:sell;asset:Y;price:98;qty:1;orderid:sellsend;respmessg:null;message:NoAvgBuyPriceChange,SellingBoughtQty,ProfitSell,atBetter
INFO:order:2022-12-21 20:31:00,812;log:post;eid:14359;call:response;type:place;order:sell;asset:Y;price:98;qty:1;orderid:od_1671259060288989;respmessg:null;message:NoAvgBuyPriceChange,SellingBoughtQty,ProfitSell,atBetter
INFO:order:2022-12-21 20:35:47,713;log:pre;eid:14359;call:sent;type:cancel;order:sell;asset:Y;price:98;qty:null;orderid:od_1671259060288989;respmessg:null;message:NoAvgBuyPriceChange,NewSellParams
INFO:order:2022-12-21 20:35:49,177;log:post;eid:14359;call:response;type:cancel;order:sell;asset:Y;price:98;qty:null;orderid:od_1671259060288989;respmessg:null;message:NoAvgBuyPriceChange,NewSellParams
INFO:order:2022-12-21 20:35:49,522;log:pre;eid:14359;call:sent;type:place;order:sell;asset:Y;price:98;qty:1;orderid:sellsend;respmessg:null;message:NoAvgBuyPriceChange,SellingBoughtQty,ProfitSell,atBetter
INFO:order:2022-12-21 20:35:51,018;log:post;eid:14359;call:response;type:place;order:sell;asset:Y;price:98;qty:1;orderid:od_1671259060289197;respmessg:null;message:NoAvgBuyPriceChange,SellingBoughtQty,ProfitSell,atBetter
INFO:order:2022-12-21 20:37:53,600;log:pre;eid:14363;call:sent;type:cancel;order:buy;asset:N;price:61;qty:null;orderid:od_1671259060288927;respmessg:null;message:NoSignalZeroHolding,NewBuyParams
INFO:order:2022-12-21 20:37:55,073;log:post;eid:14363;call:response;type:cancel;order:buy;asset:N;price:61;qty:null;orderid:od_1671259060288927;respmessg:null;message:NoSignalZeroHolding,NewBuyParams
INFO:order:2022-12-21 20:37:55,405;log:pre;eid:14363;call:sent;type:place;order:buy;asset:N;price:26;qty:5;orderid:buysend;respmessg:null;message:NoSignalZeroHolding,ScalpingNo,BasicBuy,atbest+1
INFO:order:2022-12-21 20:37:56,895;log:post;eid:14363;call:response;type:place;order:buy;asset:N;price:26;qty:5;orderid:od_1671259060289260;respmessg:null;message:NoSignalZeroHolding,ScalpingNo,BasicBuy,atbest+1
INFO:order:2022-12-21 20:40:43,765;log:pre;eid:14359;call:sent;type:cancel;order:sell;asset:Y;price:98;qty:null;orderid:od_1671259060289197;respmessg:null;message:HoldYesQtyChange,HoldQtyChange
INFO:order:2022-12-21 20:40:45,245;log:post;eid:14359;call:response;type:cancel;order:sell;asset:Y;price:98;qty:null;orderid:od_1671259060289197;respmessg:null;message:HoldYesQtyChange,HoldQtyChange
INFO:order:2022-12-21 20:40:45,644;log:pre;eid:14359;call:sent;type:place;order:sell;asset:Y;price:98;qty:3;orderid:sellsend;respmessg:null;message:HoldYesQtyChange,SellingYesNewQty,ProfitSell,atBetter
INFO:order:2022-12-21 20:40:47,156;log:post;eid:14359;call:response;type:place;order:sell;asset:Y;price:98;qty:3;orderid:od_1671259060289384;respmessg:null;message:HoldYesQtyChange,SellingYesNewQty,ProfitSell,atBetter
INFO:order:2022-12-21 20:45:37,940;log:pre;eid:14359;call:sent;type:cancel;order:buy;asset:Y;price:74;qty:null;orderid:od_1671259060287265;respmessg:null;message:YesFairPriceChange,NewBuyParams
INFO:order:2022-12-21 20:45:39,447;log:post;eid:14359;call:response;type:cancel;order:buy;asset:Y;price:74;qty:null;orderid:od_1671259060287265;respmessg:null;message:YesFairPriceChange,NewBuyParams
INFO:order:2022-12-21 20:45:39,839;log:pre;eid:14359;call:sent;type:place;order:buy;asset:Y;price:88;qty:2;orderid:buysend;respmessg:null;message:YesFairPriceChange,ScalpingYes,BasicBuy,atbest+1
INFO:order:2022-12-21 20:45:41,346;log:post;eid:14359;call:response;type:place;order:buy;asset:Y;price:88;qty:2;orderid:od_1671259060289584;respmessg:null;message:YesFairPriceChange,ScalpingYes,BasicBuy,atbest+1
INFO:order:2022-12-21 20:45:42,210;log:pre;eid:14359;call:sent;type:cancel;order:sell;asset:Y;price:98;qty:null;orderid:od_1671259060289384;respmessg:null;message:YesFairPriceChange,PausingSell
INFO:order:2022-12-21 20:45:43,700;log:post;eid:14359;call:response;type:cancel;order:sell;asset:Y;price:98;qty:null;orderid:od_1671259060289384;respmessg:null;message:YesFairPriceChange,PausingSell
INFO:order:2022-12-21 20:48:15,814;log:pre;eid:14364;call:sent;type:cancel;order:buy;asset:N;price:52;qty:null;orderid:od_1671259060284741;respmessg:null;message:NoSignalZeroHolding,NewBuyParams
INFO:order:2022-12-21 20:48:17,310;log:post;eid:14364;call:response;type:cancel;order:buy;asset:N;price:52;qty:null;orderid:od_1671259060284741;respmessg:null;message:NoSignalZeroHolding,NewBuyParams
INFO:order:2022-12-21 20:48:17,690;log:pre;eid:14364;call:sent;type:place;order:buy;asset:N;price:3;qty:5;orderid:buysend;respmessg:null;message:NoSignalZeroHolding,ScalpingNo,BasicBuy,atbest+1
INFO:order:2022-12-21 20:48:19,163;log:post;eid:14364;call:response;type:place;order:buy;asset:N;price:3;qty:5;orderid:od_1671259060289700;respmessg:null;message:NoSignalZeroHolding,ScalpingNo,BasicBuy,atbest+1
INFO:order:2022-12-21 20:50:36,821;log:pre;eid:14359;call:sent;type:cancel;order:buy;asset:Y;price:88;qty:null;orderid:od_1671259060289584;respmessg:null;message:YesFairPriceChange,NewBuyParams
INFO:order:2022-12-21 20:50:38,370;log:post;eid:14359;call:response;type:cancel;order:buy;asset:Y;price:88;qty:null;orderid:od_1671259060289584;respmessg:null;message:YesFairPriceChange,NewBuyParams
INFO:order:2022-12-21 20:50:38,736;log:pre;eid:14359;call:sent;type:place;order:buy;asset:Y;price:2;qty:2;orderid:buysend;respmessg:null;message:YesFairPriceChange,ScalpingYes,BasicBuy,atbest+1
INFO:order:2022-12-21 20:50:40,229;log:post;eid:14359;call:response;type:place;order:buy;asset:Y;price:2;qty:2;orderid:od_1671259060289834;respmessg:null;message:YesFairPriceChange,ScalpingYes,BasicBuy,atbest+1
INFO:order:2022-12-21 20:55:32,452;log:pre;eid:14359;call:sent;type:place;order:sell;asset:Y;price:3;qty:3;orderid:sellsend;respmessg:null;message:YesFairPriceChange,SellingBoughtQty,getOutSell,atYesBest+1
INFO:order:2022-12-21 20:55:33,939;log:post;eid:14359;call:response;type:place;order:sell;asset:Y;price:3;qty:3;orderid:od_1671259060290117;respmessg:null;message:YesFairPriceChange,SellingBoughtQty,getOutSell,atYesBest+1
INFO:order:2022-12-21 20:56:33,110;log:pre;eid:14361;call:sent;type:cancel;order:buy;asset:Y;price:11;qty:null;orderid:od_1671259060286755;respmessg:null;message:YesSignalZeroHolding,NewBuyParams
INFO:order:2022-12-21 20:56:34,588;log:post;eid:14361;call:response;type:cancel;order:buy;asset:Y;price:11;qty:null;orderid:od_1671259060286755;respmessg:null;message:YesSignalZeroHolding,NewBuyParams
INFO:order:2022-12-21 20:56:35,120;log:pre;eid:14361;call:sent;type:place;order:buy;asset:Y;price:61;qty:5;orderid:buysend;respmessg:null;message:YesSignalZeroHolding,ScalpingYes,BasicBuy,atbest+1
INFO:order:2022-12-21 20:56:37,349;log:post;eid:14361;call:response;type:place;order:buy;asset:Y;price:61;qty:5;orderid:od_1671259060290183;respmessg:null;message:YesSignalZeroHolding,ScalpingYes,BasicBuy,atbest+1
INFO:order:2022-12-21 20:58:11,861;log:pre;eid:14364;call:sent;type:cancel;order:buy;asset:N;price:3;qty:null;orderid:od_1671259060289700;respmessg:null;message:NoSignalZeroHolding,NewBuyParams
INFO:order:2022-12-21 20:58:13,341;log:post;eid:14364;call:response;type:cancel;order:buy;asset:N;price:3;qty:null;orderid:od_1671259060289700;respmessg:null;message:NoSignalZeroHolding,NewBuyParams
INFO:order:2022-12-21 20:58:13,689;log:pre;eid:14364;call:sent;type:place;order:buy;asset:N;price:51;qty:5;orderid:buysend;respmessg:null;message:NoSignalZeroHolding,ScalpingNo,BasicBuy,atbest+1
INFO:order:2022-12-21 20:58:15,161;log:post;eid:14364;call:response;type:place;order:buy;asset:N;price:51;qty:5;orderid:od_1671259060290299;respmessg:null;message:NoSignalZeroHolding,ScalpingNo,BasicBuy,atbest+1
INFO:order:2022-12-21 21:00:31,190;log:pre;eid:14359;call:sent;type:cancel;order:buy;asset:Y;price:2;qty:null;orderid:od_1671259060289834;respmessg:null;message:YesSignalZeroHolding,NewBuyParams
INFO:order:2022-12-21 21:00:32,677;log:post;eid:14359;call:response;type:cancel;order:buy;asset:Y;price:2;qty:null;orderid:od_1671259060289834;respmessg:null;message:YesSignalZeroHolding,NewBuyParams
INFO:order:2022-12-21 21:00:33,051;log:pre;eid:14359;call:sent;type:place;order:buy;asset:Y;price:51;qty:5;orderid:buysend;respmessg:null;message:YesSignalZeroHolding,ScalpingYes,BasicBuy,atbest+1
INFO:order:2022-12-21 21:00:34,536;log:post;eid:14359;call:response;type:place;order:buy;asset:Y;price:51;qty:5;orderid:od_1671259060290438;respmessg:null;message:YesSignalZeroHolding,ScalpingYes,BasicBuy,atbest+1
INFO:order:2022-12-21 21:00:40,379;log:pre;eid:14359;call:sent;type:cancel;order:buy;asset:Y;price:51;qty:null;orderid:od_1671259060290438;respmessg:null;message:NoFairPriceChange,NewBuyParams
INFO:order:2022-12-21 21:00:41,840;log:post;eid:14359;call:response;type:cancel;order:buy;asset:Y;price:51;qty:null;orderid:od_1671259060290438;respmessg:null;message:NoFairPriceChange,NewBuyParams
INFO:order:2022-12-21 21:00:42,262;log:pre;eid:14359;call:sent;type:place;order:buy;asset:Y;price:2;qty:5;orderid:buysend;respmessg:null;message:NoFairPriceChange,ScalpingYes,BasicBuy,atbest+1
INFO:order:2022-12-21 21:00:43,776;log:post;eid:14359;call:response;type:place;order:buy;asset:Y;price:2;qty:5;orderid:od_1671259060290450;respmessg:null;message:NoFairPriceChange,ScalpingYes,BasicBuy,atbest+1
INFO:order:2022-12-21 21:01:43,044;log:pre;eid:14361;call:sent;type:cancel;order:buy;asset:Y;price:61;qty:null;orderid:od_1671259060290183;respmessg:null;message:YesSignalZeroHolding,NewBuyParams
INFO:order:2022-12-21 21:01:44,563;log:post;eid:14361;call:response;type:cancel;order:buy;asset:Y;price:61;qty:null;orderid:od_1671259060290183;respmessg:null;message:YesSignalZeroHolding,NewBuyParams
INFO:order:2022-12-21 21:01:44,926;log:pre;eid:14361;call:sent;type:place;order:buy;asset:Y;price:62;qty:5;orderid:buysend;respmessg:null;message:YesSignalZeroHolding,ScalpingYes,BasicBuy,atbest+1
INFO:order:2022-12-21 21:01:46,426;log:post;eid:14361;call:response;type:place;order:buy;asset:Y;price:62;qty:5;orderid:od_1671259060290501;respmessg:null;message:YesSignalZeroHolding,ScalpingYes,BasicBuy,atbest+1
INFO:order:2022-12-21 21:02:19,373;log:pre;eid:14362;call:sent;type:cancel;order:buy;asset:N;price:16;qty:null;orderid:od_1671259060288898;respmessg:null;message:NoSignalZeroHolding,NewBuyParams
INFO:order:2022-12-21 21:02:20,845;log:post;eid:14362;call:response;type:cancel;order:buy;asset:N;price:16;qty:null;orderid:od_1671259060288898;respmessg:null;message:NoSignalZeroHolding,NewBuyParams
INFO:order:2022-12-21 21:02:21,218;log:pre;eid:14362;call:sent;type:place;order:buy;asset:N;price:17;qty:5;orderid:buysend;respmessg:null;message:NoSignalZeroHolding,ScalpingNo,BasicBuy,atbest+1
INFO:order:2022-12-21 21:02:22,693;log:post;eid:14362;call:response;type:place;order:buy;asset:N;price:17;qty:5;orderid:od_1671259060290543;respmessg:null;message:NoSignalZeroHolding,ScalpingNo,BasicBuy,atbest+1
INFO:order:2022-12-21 21:02:57,334;log:pre;eid:14363;call:sent;type:cancel;order:buy;asset:N;price:26;qty:null;orderid:od_1671259060289260;respmessg:null;message:NoSignalZeroHolding,NewBuyParams
INFO:order:2022-12-21 21:02:58,852;log:post;eid:14363;call:response;type:cancel;order:buy;asset:N;price:26;qty:null;orderid:od_1671259060289260;respmessg:null;message:NoSignalZeroHolding,NewBuyParams
INFO:order:2022-12-21 21:02:59,257;log:pre;eid:14363;call:sent;type:place;order:buy;asset:N;price:51;qty:5;orderid:buysend;respmessg:null;message:NoSignalZeroHolding,ScalpingNo,BasicBuy,atbest+1
INFO:order:2022-12-21 21:03:00,717;log:post;eid:14363;call:response;type:place;order:buy;asset:N;price:51;qty:5;orderid:od_1671259060290579;respmessg:null;message:NoSignalZeroHolding,ScalpingNo,BasicBuy,atbest+1
INFO:order:2022-12-21 21:05:50,218;log:pre;eid:14359;call:sent;type:cancel;order:buy;asset:Y;price:2;qty:null;orderid:od_1671259060290450;respmessg:null;message:YesSignalZeroHolding,NewBuyParams
INFO:order:2022-12-21 21:05:51,700;log:post;eid:14359;call:response;type:cancel;order:buy;asset:Y;price:2;qty:null;orderid:od_1671259060290450;respmessg:null;message:YesSignalZeroHolding,NewBuyParams
INFO:order:2022-12-21 21:05:52,116;log:pre;eid:14359;call:sent;type:place;order:buy;asset:Y;price:51;qty:5;orderid:buysend;respmessg:null;message:YesSignalZeroHolding,ScalpingYes,BasicBuy,atbest+1
INFO:order:2022-12-21 21:05:53,628;log:post;eid:14359;call:response;type:place;order:buy;asset:Y;price:51;qty:5;orderid:od_1671259060290739;respmessg:null;message:YesSignalZeroHolding,ScalpingYes,BasicBuy,atbest+1
INFO:order:2022-12-21 21:06:58,416;log:pre;eid:14361;call:sent;type:place;order:sell;asset:Y;price:99;qty:1;orderid:sellsend;respmessg:null;message:HoldYesQtyChange,SellingYesNewQty,ProfitSell,atBetter
INFO:order:2022-12-21 21:06:59,897;log:post;eid:14361;call:response;type:place;order:sell;asset:Y;price:99;qty:1;orderid:od_1671259060290813;respmessg:null;message:HoldYesQtyChange,SellingYesNewQty,ProfitSell,atBetter
INFO:order:2022-12-21 21:07:28,313;log:pre;eid:14362;call:sent;type:cancel;order:buy;asset:N;price:17;qty:null;orderid:od_1671259060290543;respmessg:null;message:NoSignalZeroHolding,NewBuyParams
INFO:order:2022-12-21 21:07:29,808;log:post;eid:14362;call:response;type:cancel;order:buy;asset:N;price:17;qty:null;orderid:od_1671259060290543;respmessg:null;message:NoSignalZeroHolding,NewBuyParams
INFO:order:2022-12-21 21:07:30,150;log:pre;eid:14362;call:sent;type:place;order:buy;asset:N;price:16;qty:5;orderid:buysend;respmessg:null;message:NoSignalZeroHolding,ScalpingNo,BasicBuy,atbest+1
INFO:order:2022-12-21 21:07:31,673;log:post;eid:14362;call:response;type:place;order:buy;asset:N;price:16;qty:5;orderid:od_1671259060290870;respmessg:null;message:NoSignalZeroHolding,ScalpingNo,BasicBuy,atbest+1
INFO:order:2022-12-21 21:08:04,209;log:pre;eid:14363;call:sent;type:cancel;order:buy;asset:N;price:51;qty:null;orderid:od_1671259060290579;respmessg:null;message:NoSignalZeroHolding,NewBuyParams
INFO:order:2022-12-21 21:08:05,703;log:post;eid:14363;call:response;type:cancel;order:buy;asset:N;price:51;qty:null;orderid:od_1671259060290579;respmessg:null;message:NoSignalZeroHolding,NewBuyParams
INFO:order:2022-12-21 21:08:06,133;log:pre;eid:14363;call:sent;type:place;order:buy;asset:N;price:26;qty:5;orderid:buysend;respmessg:null;message:NoSignalZeroHolding,ScalpingNo,BasicBuy,atbest+1
INFO:order:2022-12-21 21:08:07,617;log:post;eid:14363;call:response;type:place;order:buy;asset:N;price:26;qty:5;orderid:od_1671259060290920;respmessg:null;message:NoSignalZeroHolding,ScalpingNo,BasicBuy,atbest+1
INFO:order:2022-12-21 21:08:39,833;log:pre;eid:14364;call:sent;type:cancel;order:buy;asset:N;price:51;qty:null;orderid:od_1671259060290299;respmessg:null;message:NoSignalZeroHolding,NewBuyParams
INFO:order:2022-12-21 21:08:41,378;log:post;eid:14364;call:response;type:cancel;order:buy;asset:N;price:51;qty:null;orderid:od_1671259060290299;respmessg:null;message:NoSignalZeroHolding,NewBuyParams
INFO:order:2022-12-21 21:08:41,771;log:pre;eid:14364;call:sent;type:place;order:buy;asset:N;price:3;qty:5;orderid:buysend;respmessg:null;message:NoSignalZeroHolding,ScalpingNo,BasicBuy,atbest+1
INFO:order:2022-12-21 21:08:43,235;log:post;eid:14364;call:response;type:place;order:buy;asset:N;price:3;qty:5;orderid:od_1671259060290966;respmessg:null;message:NoSignalZeroHolding,ScalpingNo,BasicBuy,atbest+1
INFO:order:2022-12-21 21:12:04,877;log:pre;eid:14361;call:sent;type:cancel;order:sell;asset:Y;price:99;qty:null;orderid:od_1671259060290813;respmessg:null;message:NoFairPriceChange,NewSellParams
INFO:order:2022-12-21 21:12:06,393;log:post;eid:14361;call:response;type:cancel;order:sell;asset:Y;price:99;qty:null;orderid:od_1671259060290813;respmessg:null;message:NoFairPriceChange,NewSellParams
INFO:order:2022-12-21 21:12:06,743;log:pre;eid:14361;call:sent;type:place;order:sell;asset:Y;price:99;qty:1;orderid:sellsend;respmessg:null;message:NoFairPriceChange,SellingBoughtQty,ProfitSell,atBetter
INFO:order:2022-12-21 21:12:08,223;log:post;eid:14361;call:response;type:place;order:sell;asset:Y;price:99;qty:1;orderid:od_1671259060291221;respmessg:null;message:NoFairPriceChange,SellingBoughtQty,ProfitSell,atBetter
INFO:order:2022-12-21 21:12:34,824;log:pre;eid:14362;call:sent;type:place;order:buy;asset:Y;price:11;qty:5;orderid:buysend;respmessg:null;message:YesSignalZeroHolding,ScalpingYes,BasicBuy,atbest+1
INFO:order:2022-12-21 21:12:36,338;log:post;eid:14362;call:response;type:place;order:buy;asset:Y;price:11;qty:5;orderid:od_1671259060291247;respmessg:null;message:YesSignalZeroHolding,ScalpingYes,BasicBuy,atbest+1
INFO:order:2022-12-21 21:12:39,217;log:pre;eid:14362;call:sent;type:cancel;order:buy;asset:N;price:16;qty:null;orderid:od_1671259060290870;respmessg:null;message:YesSignalZeroHolding,CancelOppSideOrders
INFO:order:2022-12-21 21:12:40,713;log:post;eid:14362;call:response;type:cancel;order:buy;asset:N;price:16;qty:null;orderid:od_1671259060290870;respmessg:null;message:YesSignalZeroHolding,CancelOppSideOrders
INFO:order:2022-12-21 21:17:05,989;log:pre;eid:14361;call:sent;type:cancel;order:sell;asset:Y;price:99;qty:null;orderid:od_1671259060291221;respmessg:null;message:NoFairPriceChange,NewSellParams
INFO:order:2022-12-21 21:17:07,485;log:post;eid:14361;call:response;type:cancel;order:sell;asset:Y;price:99;qty:null;orderid:od_1671259060291221;respmessg:null;message:NoFairPriceChange,NewSellParams
INFO:order:2022-12-21 21:17:07,893;log:pre;eid:14361;call:sent;type:place;order:sell;asset:Y;price:79;qty:1;orderid:sellsend;respmessg:null;message:NoFairPriceChange,SellingBoughtQty,ProfitSell,atBetter
INFO:order:2022-12-21 21:17:09,451;log:post;eid:14361;call:response;type:place;order:sell;asset:Y;price:79;qty:1;orderid:od_1671259060291548;respmessg:null;message:NoFairPriceChange,SellingBoughtQty,ProfitSell,atBetter
INFO:order:2022-12-21 21:18:39,654;log:pre;eid:14364;call:sent;type:cancel;order:buy;asset:N;price:3;qty:null;orderid:od_1671259060290966;respmessg:null;message:NoSignalZeroHolding,NewBuyParams
INFO:order:2022-12-21 21:18:41,631;log:post;eid:14364;call:response;type:cancel;order:buy;asset:N;price:3;qty:null;orderid:od_1671259060290966;respmessg:null;message:NoSignalZeroHolding,NewBuyParams
INFO:order:2022-12-21 21:18:41,976;log:pre;eid:14364;call:sent;type:place;order:buy;asset:N;price:52;qty:5;orderid:buysend;respmessg:null;message:NoSignalZeroHolding,ScalpingNo,BasicBuy,atbest+1
INFO:order:2022-12-21 21:18:43,451;log:post;eid:14364;call:response;type:place;order:buy;asset:N;price:52;qty:5;orderid:od_1671259060291647;respmessg:null;message:NoSignalZeroHolding,ScalpingNo,BasicBuy,atbest+1
INFO:order:2022-12-21 21:22:06,245;log:pre;eid:14361;call:sent;type:cancel;order:sell;asset:Y;price:79;qty:null;orderid:od_1671259060291548;respmessg:null;message:NoFairPriceChange,NewSellParams
INFO:order:2022-12-21 21:22:07,718;log:post;eid:14361;call:response;type:cancel;order:sell;asset:Y;price:79;qty:null;orderid:od_1671259060291548;respmessg:null;message:NoFairPriceChange,NewSellParams
INFO:order:2022-12-21 21:22:08,099;log:pre;eid:14361;call:sent;type:place;order:sell;asset:Y;price:79;qty:1;orderid:sellsend;respmessg:null;message:NoFairPriceChange,SellingBoughtQty,ProfitSell,atBetter
INFO:order:2022-12-21 21:22:09,551;log:post;eid:14361;call:response;type:place;order:sell;asset:Y;price:79;qty:1;orderid:od_1671259060291813;respmessg:null;message:NoFairPriceChange,SellingBoughtQty,ProfitSell,atBetter
INFO:order:2022-12-21 21:22:36,288;log:pre;eid:14362;call:sent;type:place;order:buy;asset:N;price:16;qty:5;orderid:buysend;respmessg:null;message:NoSignalZeroHolding,ScalpingNo,BasicBuy,atbest+1
INFO:order:2022-12-21 21:22:38,094;log:post;eid:14362;call:response;type:place;order:buy;asset:N;price:16;qty:5;orderid:od_1671259060291849;respmessg:null;message:NoSignalZeroHolding,ScalpingNo,BasicBuy,atbest+1
INFO:order:2022-12-21 21:22:41,036;log:pre;eid:14362;call:sent;type:cancel;order:buy;asset:Y;price:11;qty:null;orderid:od_1671259060291247;respmessg:null;message:NoSignalZeroHolding,CancelOppSideOrders
INFO:order:2022-12-21 21:22:42,513;log:post;eid:14362;call:response;type:cancel;order:buy;asset:Y;price:11;qty:null;orderid:od_1671259060291247;respmessg:null;message:NoSignalZeroHolding,CancelOppSideOrders
INFO:order:2022-12-21 21:23:44,822;log:pre;eid:14364;call:sent;type:cancel;order:buy;asset:N;price:52;qty:null;orderid:od_1671259060291647;respmessg:null;message:NoSignalZeroHolding,NewBuyParams
INFO:order:2022-12-21 21:23:46,325;log:post;eid:14364;call:response;type:cancel;order:buy;asset:N;price:52;qty:null;orderid:od_1671259060291647;respmessg:null;message:NoSignalZeroHolding,NewBuyParams
INFO:order:2022-12-21 21:23:46,673;log:pre;eid:14364;call:sent;type:place;order:buy;asset:N;price:3;qty:5;orderid:buysend;respmessg:null;message:NoSignalZeroHolding,ScalpingNo,BasicBuy,atbest+1
INFO:order:2022-12-21 21:23:48,151;log:post;eid:14364;call:response;type:place;order:buy;asset:N;price:3;qty:5;orderid:od_1671259060291906;respmessg:null;message:NoSignalZeroHolding,ScalpingNo,BasicBuy,atbest+1
INFO:order:2022-12-21 21:28:44,823;log:pre;eid:14364;call:sent;type:cancel;order:buy;asset:N;price:3;qty:null;orderid:od_1671259060291906;respmessg:null;message:NoSignalZeroHolding,NewBuyParams
INFO:order:2022-12-21 21:28:46,375;log:post;eid:14364;call:response;type:cancel;order:buy;asset:N;price:3;qty:null;orderid:od_1671259060291906;respmessg:null;message:NoSignalZeroHolding,NewBuyParams
INFO:order:2022-12-21 21:28:46,785;log:pre;eid:14364;call:sent;type:place;order:buy;asset:N;price:51;qty:5;orderid:buysend;respmessg:null;message:NoSignalZeroHolding,ScalpingNo,BasicBuy,atbest+1
INFO:order:2022-12-21 21:28:48,280;log:post;eid:14364;call:response;type:place;order:buy;asset:N;price:51;qty:5;orderid:od_1671259060292065;respmessg:null;message:NoSignalZeroHolding,ScalpingNo,BasicBuy,atbest+1
INFO:order:2022-12-21 21:32:09,067;log:pre;eid:14361;call:sent;type:cancel;order:buy;asset:Y;price:62;qty:null;orderid:od_1671259060290501;respmessg:null;message:YesSignalZeroHolding,NewBuyParams
INFO:order:2022-12-21 21:32:10,543;log:post;eid:14361;call:response;type:cancel;order:buy;asset:Y;price:62;qty:null;orderid:od_1671259060290501;respmessg:null;message:YesSignalZeroHolding,NewBuyParams
INFO:order:2022-12-21 21:32:10,935;log:pre;eid:14361;call:sent;type:place;order:buy;asset:Y;price:51;qty:5;orderid:buysend;respmessg:null;message:YesSignalZeroHolding,ScalpingYes,BasicBuy,atbest+1
INFO:order:2022-12-21 21:32:12,410;log:post;eid:14361;call:response;type:place;order:buy;asset:Y;price:51;qty:5;orderid:od_1671259060292164;respmessg:null;message:YesSignalZeroHolding,ScalpingYes,BasicBuy,atbest+1
INFO:order:2022-12-21 21:32:45,567;log:pre;eid:14362;call:sent;type:place;order:buy;asset:Y;price:11;qty:5;orderid:buysend;respmessg:null;message:YesSignalZeroHolding,ScalpingYes,BasicBuy,atbest+1
INFO:order:2022-12-21 21:32:47,062;log:post;eid:14362;call:response;type:place;order:buy;asset:Y;price:11;qty:5;orderid:od_1671259060292189;respmessg:null;message:YesSignalZeroHolding,ScalpingYes,BasicBuy,atbest+1
INFO:order:2022-12-21 21:32:50,339;log:pre;eid:14362;call:sent;type:cancel;order:buy;asset:N;price:16;qty:null;orderid:od_1671259060291849;respmessg:null;message:YesSignalZeroHolding,CancelOppSideOrders
INFO:order:2022-12-21 21:32:51,809;log:post;eid:14362;call:response;type:cancel;order:buy;asset:N;price:16;qty:null;orderid:od_1671259060291849;respmessg:null;message:YesSignalZeroHolding,CancelOppSideOrders
INFO:order:2022-12-21 21:36:07,820;log:pre;eid:14359;call:sent;type:cancel;order:buy;asset:Y;price:51;qty:null;orderid:od_1671259060290739;respmessg:null;message:YesSignalZeroHolding,NewBuyParams
INFO:order:2022-12-21 21:36:09,324;log:post;eid:14359;call:response;type:cancel;order:buy;asset:Y;price:51;qty:null;orderid:od_1671259060290739;respmessg:null;message:YesSignalZeroHolding,NewBuyParams
INFO:order:2022-12-21 21:36:09,690;log:pre;eid:14359;call:sent;type:place;order:buy;asset:Y;price:75;qty:5;orderid:buysend;respmessg:null;message:YesSignalZeroHolding,ScalpingYes,BasicBuy,atbest+1
INFO:order:2022-12-21 21:36:11,192;log:post;eid:14359;call:response;type:place;order:buy;asset:Y;price:75;qty:5;orderid:od_1671259060292336;respmessg:null;message:YesSignalZeroHolding,ScalpingYes,BasicBuy,atbest+1
INFO:order:2022-12-21 21:36:17,024;log:pre;eid:14359;call:sent;type:cancel;order:buy;asset:Y;price:75;qty:null;orderid:od_1671259060292336;respmessg:null;message:NoAvgBuyPriceChange,NewBuyParams
INFO:order:2022-12-21 21:36:18,526;log:post;eid:14359;call:response;type:cancel;order:buy;asset:Y;price:75;qty:null;orderid:od_1671259060292336;respmessg:null;message:NoAvgBuyPriceChange,NewBuyParams
INFO:order:2022-12-21 21:36:18,925;log:pre;eid:14359;call:sent;type:place;order:buy;asset:Y;price:51;qty:5;orderid:buysend;respmessg:null;message:NoAvgBuyPriceChange,ScalpingYes,BasicBuy,atbest+1
INFO:order:2022-12-21 21:36:20,500;log:post;eid:14359;call:response;type:place;order:buy;asset:Y;price:51;qty:5;orderid:od_1671259060292343;respmessg:null;message:NoAvgBuyPriceChange,ScalpingYes,BasicBuy,atbest+1
INFO:order:2022-12-21 21:36:47,248;log:pre;eid:14360;call:sent;type:place;order:sell;asset:Y;price:79;qty:1;orderid:sellsend;respmessg:null;message:HoldYesQtyChange,SellingYesNewQty,ProfitSell,atBetter
INFO:order:2022-12-21 21:36:48,737;log:post;eid:14360;call:response;type:place;order:sell;asset:Y;price:79;qty:1;orderid:od_1671259060292373;respmessg:null;message:HoldYesQtyChange,SellingYesNewQty,ProfitSell,atBetter
INFO:order:2022-12-21 21:41:39,466;log:pre;eid:14360;call:sent;type:cancel;order:sell;asset:Y;price:79;qty:null;orderid:od_1671259060292373;respmessg:null;message:NoFairPriceChange,NewSellParams
INFO:order:2022-12-21 21:41:40,943;log:post;eid:14360;call:response;type:cancel;order:sell;asset:Y;price:79;qty:null;orderid:od_1671259060292373;respmessg:null;message:NoFairPriceChange,NewSellParams
INFO:order:2022-12-21 21:41:41,323;log:pre;eid:14360;call:sent;type:place;order:sell;asset:Y;price:79;qty:1;orderid:sellsend;respmessg:null;message:NoFairPriceChange,SellingBoughtQty,ProfitSell,atBetter
INFO:order:2022-12-21 21:41:42,801;log:post;eid:14360;call:response;type:place;order:sell;asset:Y;price:79;qty:1;orderid:od_1671259060292559;respmessg:null;message:NoFairPriceChange,SellingBoughtQty,ProfitSell,atBetter
INFO:order:2022-12-21 21:46:30,915;log:pre;eid:14360;call:sent;type:cancel;order:sell;asset:Y;price:79;qty:null;orderid:od_1671259060292559;respmessg:null;message:NoAvgBuyPriceChange,NewSellParams
INFO:order:2022-12-21 21:46:32,437;log:post;eid:14360;call:response;type:cancel;order:sell;asset:Y;price:79;qty:null;orderid:od_1671259060292559;respmessg:null;message:NoAvgBuyPriceChange,NewSellParams
INFO:order:2022-12-21 21:46:32,785;log:pre;eid:14360;call:sent;type:place;order:sell;asset:Y;price:79;qty:1;orderid:sellsend;respmessg:null;message:NoAvgBuyPriceChange,SellingBoughtQty,ProfitSell,atBetter
INFO:order:2022-12-21 21:46:34,272;log:post;eid:14360;call:response;type:place;order:sell;asset:Y;price:79;qty:1;orderid:od_1671259060292800;respmessg:null;message:NoAvgBuyPriceChange,SellingBoughtQty,ProfitSell,atBetter
INFO:order:2022-12-21 21:47:31,904;log:pre;eid:14362;call:sent;type:place;order:buy;asset:N;price:16;qty:5;orderid:buysend;respmessg:null;message:NoSignalZeroHolding,ScalpingNo,BasicBuy,atbest+1
INFO:order:2022-12-21 21:47:33,400;log:post;eid:14362;call:response;type:place;order:buy;asset:N;price:16;qty:5;orderid:od_1671259060292831;respmessg:null;message:NoSignalZeroHolding,ScalpingNo,BasicBuy,atbest+1
INFO:order:2022-12-21 21:47:36,262;log:pre;eid:14362;call:sent;type:cancel;order:buy;asset:Y;price:11;qty:null;orderid:od_1671259060292189;respmessg:null;message:NoSignalZeroHolding,CancelOppSideOrders
INFO:order:2022-12-21 21:47:37,779;log:post;eid:14362;call:response;type:cancel;order:buy;asset:Y;price:11;qty:null;orderid:od_1671259060292189;respmessg:null;message:NoSignalZeroHolding,CancelOppSideOrders
INFO:order:2022-12-21 21:51:28,943;log:pre;eid:14360;call:sent;type:cancel;order:sell;asset:Y;price:79;qty:null;orderid:od_1671259060292800;respmessg:null;message:NoAvgBuyPriceChange,NewSellParams
INFO:order:2022-12-21 21:51:30,411;log:post;eid:14360;call:response;type:cancel;order:sell;asset:Y;price:79;qty:null;orderid:od_1671259060292800;respmessg:null;message:NoAvgBuyPriceChange,NewSellParams
INFO:order:2022-12-21 21:51:30,787;log:pre;eid:14360;call:sent;type:place;order:sell;asset:Y;price:79;qty:1;orderid:sellsend;respmessg:null;message:NoAvgBuyPriceChange,SellingBoughtQty,ProfitSell,atBetter
INFO:order:2022-12-21 21:51:32,281;log:post;eid:14360;call:response;type:place;order:sell;asset:Y;price:79;qty:1;orderid:od_1671259060292975;respmessg:null;message:NoAvgBuyPriceChange,SellingBoughtQty,ProfitSell,atBetter
INFO:order:2022-12-21 21:53:02,664;log:pre;eid:14363;call:sent;type:cancel;order:buy;asset:N;price:26;qty:null;orderid:od_1671259060290920;respmessg:null;message:NoSignalZeroHolding,NewBuyParams
INFO:order:2022-12-21 21:53:04,144;log:post;eid:14363;call:response;type:cancel;order:buy;asset:N;price:26;qty:null;orderid:od_1671259060290920;respmessg:null;message:NoSignalZeroHolding,NewBuyParams
INFO:order:2022-12-21 21:53:04,490;log:pre;eid:14363;call:sent;type:place;order:buy;asset:N;price:51;qty:5;orderid:buysend;respmessg:null;message:NoSignalZeroHolding,ScalpingNo,BasicBuy,atbest+1
INFO:order:2022-12-21 21:53:05,972;log:post;eid:14363;call:response;type:place;order:buy;asset:N;price:51;qty:5;orderid:od_1671259060293037;respmessg:null;message:NoSignalZeroHolding,ScalpingNo,BasicBuy,atbest+1
INFO:order:2022-12-21 21:56:26,871;log:pre;eid:14360;call:sent;type:cancel;order:sell;asset:Y;price:79;qty:null;orderid:od_1671259060292975;respmessg:null;message:NoAvgBuyPriceChange,NewSellParams
INFO:order:2022-12-21 21:56:28,397;log:post;eid:14360;call:response;type:cancel;order:sell;asset:Y;price:79;qty:null;orderid:od_1671259060292975;respmessg:null;message:NoAvgBuyPriceChange,NewSellParams
INFO:order:2022-12-21 21:56:28,764;log:pre;eid:14360;call:sent;type:place;order:sell;asset:Y;price:79;qty:1;orderid:sellsend;respmessg:null;message:NoAvgBuyPriceChange,SellingBoughtQty,ProfitSell,atBetter
INFO:order:2022-12-21 21:56:30,246;log:post;eid:14360;call:response;type:place;order:sell;asset:Y;price:79;qty:1;orderid:od_1671259060293181;respmessg:null;message:NoAvgBuyPriceChange,SellingBoughtQty,ProfitSell,atBetter
INFO:order:2022-12-21 21:57:58,998;log:pre;eid:14363;call:sent;type:cancel;order:buy;asset:N;price:51;qty:null;orderid:od_1671259060293037;respmessg:null;message:NoSignalZeroHolding,NewBuyParams
INFO:order:2022-12-21 21:58:00,472;log:post;eid:14363;call:response;type:cancel;order:buy;asset:N;price:51;qty:null;orderid:od_1671259060293037;respmessg:null;message:NoSignalZeroHolding,NewBuyParams
INFO:order:2022-12-21 21:58:00,844;log:pre;eid:14363;call:sent;type:place;order:buy;asset:N;price:26;qty:5;orderid:buysend;respmessg:null;message:NoSignalZeroHolding,ScalpingNo,BasicBuy,atbest+1
INFO:order:2022-12-21 21:58:02,397;log:post;eid:14363;call:response;type:place;order:buy;asset:N;price:26;qty:5;orderid:od_1671259060293229;respmessg:null;message:NoSignalZeroHolding,ScalpingNo,BasicBuy,atbest+1
INFO:order:2022-12-21 22:05:41,844;log:pre;eid:14359;call:sent;type:cancel;order:buy;asset:Y;price:51;qty:null;orderid:od_1671259060292343;respmessg:null;message:YesSignalZeroHolding,NewBuyParams
INFO:order:2022-12-21 22:05:43,328;log:post;eid:14359;call:response;type:cancel;order:buy;asset:Y;price:51;qty:null;orderid:od_1671259060292343;respmessg:null;message:YesSignalZeroHolding,NewBuyParams
INFO:order:2022-12-21 22:05:43,732;log:pre;eid:14359;call:sent;type:place;order:buy;asset:Y;price:91;qty:5;orderid:buysend;respmessg:null;message:YesSignalZeroHolding,ScalpingYes,BasicBuy,atbest+1
INFO:order:2022-12-21 22:05:45,220;log:post;eid:14359;call:response;type:place;order:buy;asset:Y;price:91;qty:5;orderid:od_1671259060293431;respmessg:null;message:YesSignalZeroHolding,ScalpingYes,BasicBuy,atbest+1
INFO:order:2022-12-21 22:06:18,836;log:pre;eid:14360;call:sent;type:cancel;order:buy;asset:Y;price:51;qty:null;orderid:od_1671259060280122;respmessg:null;message:YesSignalZeroHolding,NewBuyParams
INFO:order:2022-12-21 22:06:20,342;log:post;eid:14360;call:response;type:cancel;order:buy;asset:Y;price:51;qty:null;orderid:od_1671259060280122;respmessg:null;message:YesSignalZeroHolding,NewBuyParams
INFO:order:2022-12-21 22:06:20,742;log:pre;eid:14360;call:sent;type:place;order:buy;asset:Y;price:86;qty:5;orderid:buysend;respmessg:null;message:YesSignalZeroHolding,ScalpingYes,BasicBuy,atbest+1
INFO:order:2022-12-21 22:06:22,275;log:post;eid:14360;call:response;type:place;order:buy;asset:Y;price:86;qty:5;orderid:od_1671259060293448;respmessg:null;message:YesSignalZeroHolding,ScalpingYes,BasicBuy,atbest+1
INFO:order:2022-12-21 22:07:25,068;log:pre;eid:14362;call:sent;type:cancel;order:buy;asset:N;price:16;qty:null;orderid:od_1671259060292831;respmessg:null;message:NoSignalZeroHolding,NewBuyParams
INFO:order:2022-12-21 22:07:26,577;log:post;eid:14362;call:response;type:cancel;order:buy;asset:N;price:16;qty:null;orderid:od_1671259060292831;respmessg:null;message:NoSignalZeroHolding,NewBuyParams
INFO:order:2022-12-21 22:07:27,072;log:pre;eid:14362;call:sent;type:place;order:buy;asset:N;price:6;qty:5;orderid:buysend;respmessg:null;message:NoSignalZeroHolding,ScalpingNo,BasicBuy,atbest+1
INFO:order:2022-12-21 22:07:28,651;log:post;eid:14362;call:response;type:place;order:buy;asset:N;price:6;qty:5;orderid:od_1671259060293489;respmessg:null;message:NoSignalZeroHolding,ScalpingNo,BasicBuy,atbest+1
INFO:order:2022-12-21 22:08:00,854;log:pre;eid:14363;call:sent;type:cancel;order:buy;asset:N;price:26;qty:null;orderid:od_1671259060293229;respmessg:null;message:NoSignalZeroHolding,NewBuyParams
INFO:order:2022-12-21 22:08:02,384;log:post;eid:14363;call:response;type:cancel;order:buy;asset:N;price:26;qty:null;orderid:od_1671259060293229;respmessg:null;message:NoSignalZeroHolding,NewBuyParams
INFO:order:2022-12-21 22:08:02,764;log:pre;eid:14363;call:sent;type:place;order:buy;asset:N;price:65;qty:5;orderid:buysend;respmessg:null;message:NoSignalZeroHolding,ScalpingNo,BasicBuy,atbest+1
INFO:order:2022-12-21 22:08:04,265;log:post;eid:14363;call:response;type:place;order:buy;asset:N;price:65;qty:5;orderid:od_1671259060293507;respmessg:null;message:NoSignalZeroHolding,ScalpingNo,BasicBuy,atbest+1
INFO:order:2022-12-21 22:11:20,756;log:pre;eid:14360;call:sent;type:cancel;order:buy;asset:Y;price:86;qty:null;orderid:od_1671259060293448;respmessg:null;message:YesSignalZeroHolding,NewBuyParams
INFO:order:2022-12-21 22:11:22,215;log:post;eid:14360;call:response;type:cancel;order:buy;asset:Y;price:86;qty:null;orderid:od_1671259060293448;respmessg:null;message:YesSignalZeroHolding,NewBuyParams
INFO:order:2022-12-21 22:11:22,556;log:pre;eid:14360;call:sent;type:place;order:buy;asset:Y;price:91;qty:5;orderid:buysend;respmessg:null;message:YesSignalZeroHolding,ScalpingYes,BasicBuy,atbest+1
INFO:order:2022-12-21 22:11:24,028;log:post;eid:14360;call:response;type:place;order:buy;asset:Y;price:91;qty:5;orderid:od_1671259060293592;respmessg:null;message:YesSignalZeroHolding,ScalpingYes,BasicBuy,atbest+1
INFO:order:2022-12-21 22:12:59,502;log:pre;eid:14363;call:sent;type:cancel;order:buy;asset:N;price:65;qty:null;orderid:od_1671259060293507;respmessg:null;message:NoSignalZeroHolding,NewBuyParams
INFO:order:2022-12-21 22:13:00,977;log:post;eid:14363;call:response;type:cancel;order:buy;asset:N;price:65;qty:null;orderid:od_1671259060293507;respmessg:null;message:NoSignalZeroHolding,NewBuyParams
INFO:order:2022-12-21 22:13:01,453;log:pre;eid:14363;call:sent;type:place;order:buy;asset:N;price:81;qty:5;orderid:buysend;respmessg:null;message:NoSignalZeroHolding,ScalpingNo,BasicBuy,atbest+1
INFO:order:2022-12-21 22:13:02,929;log:post;eid:14363;call:response;type:place;order:buy;asset:N;price:81;qty:5;orderid:od_1671259060293628;respmessg:null;message:NoSignalZeroHolding,ScalpingNo,BasicBuy,atbest+1
INFO:order:2022-12-21 22:13:35,126;log:pre;eid:14364;call:sent;type:cancel;order:buy;asset:N;price:51;qty:null;orderid:od_1671259060292065;respmessg:null;message:NoSignalZeroHolding,NewBuyParams
INFO:order:2022-12-21 22:13:36,653;log:post;eid:14364;call:response;type:cancel;order:buy;asset:N;price:51;qty:null;orderid:od_1671259060292065;respmessg:null;message:NoSignalZeroHolding,NewBuyParams
INFO:order:2022-12-21 22:13:37,029;log:pre;eid:14364;call:sent;type:place;order:buy;asset:N;price:91;qty:5;orderid:buysend;respmessg:null;message:NoSignalZeroHolding,ScalpingNo,BasicBuy,atbest+1
INFO:order:2022-12-21 22:13:38,550;log:post;eid:14364;call:response;type:place;order:buy;asset:N;price:91;qty:5;orderid:od_1671259060293640;respmessg:null;message:NoSignalZeroHolding,ScalpingNo,BasicBuy,atbest+1
INFO:order:2022-12-21 22:15:51,564;log:pre;eid:14359;call:sent;type:cancel;order:buy;asset:Y;price:91;qty:null;orderid:od_1671259060293431;respmessg:null;message:YesSignalZeroHolding,NewBuyParams
INFO:order:2022-12-21 22:15:53,025;log:post;eid:14359;call:response;type:cancel;order:buy;asset:Y;price:91;qty:null;orderid:od_1671259060293431;respmessg:null;message:YesSignalZeroHolding,NewBuyParams
INFO:order:2022-12-21 22:15:53,475;log:pre;eid:14359;call:sent;type:place;order:buy;asset:Y;price:96;qty:5;orderid:buysend;respmessg:null;message:YesSignalZeroHolding,ScalpingYes,BasicBuy,atbest+1
INFO:order:2022-12-21 22:15:54,987;log:post;eid:14359;call:response;type:place;order:buy;asset:Y;price:96;qty:5;orderid:od_1671259060293684;respmessg:null;message:YesSignalZeroHolding,ScalpingYes,BasicBuy,atbest+1
INFO:order:2022-12-21 22:17:34,682;log:pre;eid:14362;call:sent;type:cancel;order:buy;asset:N;price:6;qty:null;orderid:od_1671259060293489;respmessg:null;message:YesFairPriceChange,NewBuyParams
INFO:order:2022-12-21 22:17:36,152;log:post;eid:14362;call:response;type:cancel;order:buy;asset:N;price:6;qty:null;orderid:od_1671259060293489;respmessg:null;message:YesFairPriceChange,NewBuyParams
INFO:order:2022-12-21 22:17:36,512;log:pre;eid:14362;call:sent;type:place;order:buy;asset:N;price:8;qty:5;orderid:buysend;respmessg:null;message:YesFairPriceChange,ScalpingNo,BasicBuy,atbest+1
INFO:order:2022-12-21 22:17:38,022;log:post;eid:14362;call:response;type:place;order:buy;asset:N;price:8;qty:5;orderid:od_1671259060293728;respmessg:null;message:YesFairPriceChange,ScalpingNo,BasicBuy,atbest+1
INFO:order:2022-12-21 22:18:05,069;log:pre;eid:14363;call:sent;type:cancel;order:buy;asset:N;price:81;qty:null;orderid:od_1671259060293628;respmessg:null;message:NoSignalZeroHolding,NewBuyParams
INFO:order:2022-12-21 22:18:06,597;log:post;eid:14363;call:response;type:cancel;order:buy;asset:N;price:81;qty:null;orderid:od_1671259060293628;respmessg:null;message:NoSignalZeroHolding,NewBuyParams
INFO:order:2022-12-21 22:18:06,946;log:pre;eid:14363;call:sent;type:place;order:buy;asset:N;price:71;qty:5;orderid:buysend;respmessg:null;message:NoSignalZeroHolding,ScalpingNo,BasicBuy,atbest+1
INFO:order:2022-12-21 22:18:08,444;log:post;eid:14363;call:response;type:place;order:buy;asset:N;price:71;qty:5;orderid:od_1671259060293749;respmessg:null;message:NoSignalZeroHolding,ScalpingNo,BasicBuy,atbest+1
INFO:order:2022-12-21 22:18:41,967;log:pre;eid:14364;call:sent;type:cancel;order:buy;asset:N;price:91;qty:null;orderid:od_1671259060293640;respmessg:null;message:NoSignalZeroHolding,NewBuyParams
INFO:order:2022-12-21 22:18:43,456;log:post;eid:14364;call:response;type:cancel;order:buy;asset:N;price:91;qty:null;orderid:od_1671259060293640;respmessg:null;message:NoSignalZeroHolding,NewBuyParams
INFO:order:2022-12-21 22:18:43,793;log:pre;eid:14364;call:sent;type:place;order:buy;asset:N;price:93;qty:5;orderid:buysend;respmessg:null;message:NoSignalZeroHolding,ScalpingNo,BasicBuy,atbest+1
INFO:order:2022-12-21 22:18:45,289;log:post;eid:14364;call:response;type:place;order:buy;asset:N;price:93;qty:5;orderid:od_1671259060293774;respmessg:null;message:NoSignalZeroHolding,ScalpingNo,BasicBuy,atbest+1
INFO:order:2022-12-21 22:21:30,935;log:pre;eid:14360;call:sent;type:cancel;order:buy;asset:Y;price:91;qty:null;orderid:od_1671259060293592;respmessg:null;message:YesSignalZeroHolding,NewBuyParams
INFO:order:2022-12-21 22:21:32,456;log:post;eid:14360;call:response;type:cancel;order:buy;asset:Y;price:91;qty:null;orderid:od_1671259060293592;respmessg:null;message:YesSignalZeroHolding,NewBuyParams
INFO:order:2022-12-21 22:21:32,812;log:pre;eid:14360;call:sent;type:place;order:buy;asset:Y;price:96;qty:5;orderid:buysend;respmessg:null;message:YesSignalZeroHolding,ScalpingYes,BasicBuy,atbest+1
INFO:order:2022-12-21 22:21:34,296;log:post;eid:14360;call:response;type:place;order:buy;asset:Y;price:96;qty:5;orderid:od_1671259060293853;respmessg:null;message:YesSignalZeroHolding,ScalpingYes,BasicBuy,atbest+1
INFO:order:2022-12-21 22:22:37,294;log:pre;eid:14362;call:sent;type:cancel;order:buy;asset:N;price:8;qty:null;orderid:od_1671259060293728;respmessg:null;message:NoSignalZeroHolding,NewBuyParams
INFO:order:2022-12-21 22:22:38,803;log:post;eid:14362;call:response;type:cancel;order:buy;asset:N;price:8;qty:null;orderid:od_1671259060293728;respmessg:null;message:NoSignalZeroHolding,NewBuyParams
INFO:order:2022-12-21 22:22:39,254;log:pre;eid:14362;call:sent;type:place;order:buy;asset:N;price:6;qty:5;orderid:buysend;respmessg:null;message:NoSignalZeroHolding,ScalpingNo,BasicBuy,atbest+1
INFO:order:2022-12-21 22:22:40,768;log:post;eid:14362;call:response;type:place;order:buy;asset:N;price:6;qty:5;orderid:od_1671259060293885;respmessg:null;message:NoSignalZeroHolding,ScalpingNo,BasicBuy,atbest+1
INFO:order:2022-12-21 22:23:13,509;log:pre;eid:14363;call:sent;type:cancel;order:buy;asset:N;price:71;qty:null;orderid:od_1671259060293749;respmessg:null;message:NoSignalZeroHolding,NewBuyParams
INFO:order:2022-12-21 22:23:15,033;log:post;eid:14363;call:response;type:cancel;order:buy;asset:N;price:71;qty:null;orderid:od_1671259060293749;respmessg:null;message:NoSignalZeroHolding,NewBuyParams
INFO:order:2022-12-21 22:23:15,469;log:pre;eid:14363;call:sent;type:place;order:buy;asset:N;price:65;qty:5;orderid:buysend;respmessg:null;message:NoSignalZeroHolding,ScalpingNo,BasicBuy,atbest+1
INFO:order:2022-12-21 22:23:16,955;log:post;eid:14363;call:response;type:place;order:buy;asset:N;price:65;qty:5;orderid:od_1671259060293904;respmessg:null;message:NoSignalZeroHolding,ScalpingNo,BasicBuy,atbest+1
INFO:order:2022-12-21 22:23:48,691;log:pre;eid:14364;call:sent;type:cancel;order:buy;asset:N;price:93;qty:null;orderid:od_1671259060293774;respmessg:null;message:NoSignalZeroHolding,NewBuyParams
INFO:order:2022-12-21 22:23:50,167;log:post;eid:14364;call:response;type:cancel;order:buy;asset:N;price:93;qty:null;orderid:od_1671259060293774;respmessg:null;message:NoSignalZeroHolding,NewBuyParams
INFO:order:2022-12-21 22:23:50,507;log:pre;eid:14364;call:sent;type:place;order:buy;asset:N;price:95;qty:5;orderid:buysend;respmessg:null;message:NoSignalZeroHolding,ScalpingNo,BasicBuy,atbest+1
INFO:order:2022-12-21 22:23:51,988;log:post;eid:14364;call:response;type:place;order:buy;asset:N;price:95;qty:5;orderid:od_1671259060293920;respmessg:null;message:NoSignalZeroHolding,ScalpingNo,BasicBuy,atbest+1
INFO:order:2022-12-21 22:26:36,517;log:pre;eid:14360;call:sent;type:place;order:sell;asset:Y;price:99;qty:2;orderid:sellsend;respmessg:null;message:HoldYesQtyChange,SellingYesNewQty,ProfitSell,atBetter
INFO:order:2022-12-21 22:26:38,011;log:post;eid:14360;call:response;type:place;order:sell;asset:Y;price:99;qty:2;orderid:od_1671259060294003;respmessg:null;message:HoldYesQtyChange,SellingYesNewQty,ProfitSell,atBetter
INFO:order:2022-12-21 22:26:40,591;log:pre;eid:14360;call:sent;type:cancel;order:sell;asset:Y;price:99;qty:null;orderid:od_1671259060294003;respmessg:null;message:YesFairPriceChange,PausingSell
INFO:order:2022-12-21 22:26:42,096;log:post;eid:14360;call:response;type:cancel;order:sell;asset:Y;price:99;qty:null;orderid:od_1671259060294003;respmessg:null;message:YesFairPriceChange,PausingSell
INFO:order:2022-12-21 22:27:40,231;log:pre;eid:14362;call:sent;type:cancel;order:buy;asset:N;price:6;qty:null;orderid:od_1671259060293885;respmessg:null;message:NoSignalZeroHolding,NewBuyParams
INFO:order:2022-12-21 22:27:41,707;log:post;eid:14362;call:response;type:cancel;order:buy;asset:N;price:6;qty:null;orderid:od_1671259060293885;respmessg:null;message:NoSignalZeroHolding,NewBuyParams
INFO:order:2022-12-21 22:27:42,090;log:pre;eid:14362;call:sent;type:place;order:buy;asset:N;price:21;qty:5;orderid:buysend;respmessg:null;message:NoSignalZeroHolding,ScalpingNo,BasicBuy,atbest+1
INFO:order:2022-12-21 22:27:43,560;log:post;eid:14362;call:response;type:place;order:buy;asset:N;price:21;qty:5;orderid:od_1671259060294026;respmessg:null;message:NoSignalZeroHolding,ScalpingNo,BasicBuy,atbest+1
INFO:order:2022-12-21 22:31:33,893;log:pre;eid:14360;call:sent;type:cancel;order:buy;asset:Y;price:96;qty:null;orderid:od_1671259060293853;respmessg:null;message:YesFairPriceChange,NewBuyParams
INFO:order:2022-12-21 22:31:35,386;log:post;eid:14360;call:response;type:cancel;order:buy;asset:Y;price:96;qty:null;orderid:od_1671259060293853;respmessg:null;message:YesFairPriceChange,NewBuyParams
INFO:order:2022-12-21 22:31:35,754;log:pre;eid:14360;call:sent;type:place;order:buy;asset:Y;price:6;qty:3;orderid:buysend;respmessg:null;message:YesFairPriceChange,ScalpingYes,BasicBuy,atbest+1
INFO:order:2022-12-21 22:31:37,226;log:post;eid:14360;call:response;type:place;order:buy;asset:Y;price:6;qty:3;orderid:od_1671259060294123;respmessg:null;message:YesFairPriceChange,ScalpingYes,BasicBuy,atbest+1
INFO:order:2022-12-21 22:33:07,860;log:pre;eid:14363;call:sent;type:cancel;order:buy;asset:N;price:65;qty:null;orderid:od_1671259060293904;respmessg:null;message:NoSignalZeroHolding,NewBuyParams
INFO:order:2022-12-21 22:33:09,369;log:post;eid:14363;call:response;type:cancel;order:buy;asset:N;price:65;qty:null;orderid:od_1671259060293904;respmessg:null;message:NoSignalZeroHolding,NewBuyParams
INFO:order:2022-12-21 22:33:09,755;log:pre;eid:14363;call:sent;type:place;order:buy;asset:N;price:86;qty:5;orderid:buysend;respmessg:null;message:NoSignalZeroHolding,ScalpingNo,BasicBuy,atbest+1
INFO:order:2022-12-21 22:33:11,235;log:post;eid:14363;call:response;type:place;order:buy;asset:N;price:86;qty:5;orderid:od_1671259060294160;respmessg:null;message:NoSignalZeroHolding,ScalpingNo,BasicBuy,atbest+1
INFO:order:2022-12-21 22:36:26,767;log:pre;eid:14360;call:sent;type:place;order:sell;asset:Y;price:7;qty:2;orderid:sellsend;respmessg:null;message:YesFairPriceChange,SellingBoughtQty,getOutSell,atYesBest+1
INFO:order:2022-12-21 22:36:28,340;log:post;eid:14360;call:response;type:place;order:sell;asset:Y;price:7;qty:2;orderid:od_1671259060294231;respmessg:null;message:YesFairPriceChange,SellingBoughtQty,getOutSell,atYesBest+1
INFO:order:2022-12-21 22:36:52,788;log:pre;eid:14361;call:sent;type:place;order:sell;asset:Y;price:99;qty:1;orderid:sellsend;respmessg:null;message:HoldYesQtyChange,SellingYesNewQty,ProfitSell,atBetter
INFO:order:2022-12-21 22:36:54,324;log:post;eid:14361;call:response;type:place;order:sell;asset:Y;price:99;qty:1;orderid:od_1671259060294243;respmessg:null;message:HoldYesQtyChange,SellingYesNewQty,ProfitSell,atBetter
INFO:order:2022-12-21 22:40:39,564;log:pre;eid:14359;call:sent;type:cancel;order:buy;asset:Y;price:96;qty:null;orderid:od_1671259060293684;respmessg:null;message:YesSignalZeroHolding,NewBuyParams
INFO:order:2022-12-21 22:40:41,046;log:post;eid:14359;call:response;type:cancel;order:buy;asset:Y;price:96;qty:null;orderid:od_1671259060293684;respmessg:null;message:YesSignalZeroHolding,NewBuyParams
INFO:order:2022-12-21 22:40:41,396;log:pre;eid:14359;call:sent;type:place;order:buy;asset:Y;price:51;qty:5;orderid:buysend;respmessg:null;message:YesSignalZeroHolding,ScalpingYes,BasicBuy,atbest+1
INFO:order:2022-12-21 22:40:42,883;log:post;eid:14359;call:response;type:place;order:buy;asset:Y;price:51;qty:5;orderid:od_1671259060294335;respmessg:null;message:YesSignalZeroHolding,ScalpingYes,BasicBuy,atbest+1
INFO:order:2022-12-21 22:41:49,312;log:pre;eid:14361;call:sent;type:cancel;order:sell;asset:Y;price:99;qty:null;orderid:od_1671259060294243;respmessg:null;message:NoFairPriceChange,NewSellParams
INFO:order:2022-12-21 22:41:50,772;log:post;eid:14361;call:response;type:cancel;order:sell;asset:Y;price:99;qty:null;orderid:od_1671259060294243;respmessg:null;message:NoFairPriceChange,NewSellParams
INFO:order:2022-12-21 22:41:51,176;log:pre;eid:14361;call:sent;type:place;order:sell;asset:Y;price:99;qty:1;orderid:sellsend;respmessg:null;message:NoFairPriceChange,SellingBoughtQty,ProfitSell,atBetter
INFO:order:2022-12-21 22:41:52,643;log:post;eid:14361;call:response;type:place;order:sell;asset:Y;price:99;qty:1;orderid:od_1671259060294355;respmessg:null;message:NoFairPriceChange,SellingBoughtQty,ProfitSell,atBetter
INFO:order:2022-12-21 22:45:39,037;log:pre;eid:14359;call:sent;type:cancel;order:buy;asset:Y;price:51;qty:null;orderid:od_1671259060294335;respmessg:null;message:YesFairPriceChange,NewBuyParams
INFO:order:2022-12-21 22:45:40,514;log:post;eid:14359;call:response;type:cancel;order:buy;asset:Y;price:51;qty:null;orderid:od_1671259060294335;respmessg:null;message:YesFairPriceChange,NewBuyParams
INFO:order:2022-12-21 22:45:40,864;log:pre;eid:14359;call:sent;type:place;order:buy;asset:Y;price:76;qty:5;orderid:buysend;respmessg:null;message:YesFairPriceChange,ScalpingYes,BasicBuy,atbest+1
INFO:order:2022-12-21 22:45:42,372;log:post;eid:14359;call:response;type:place;order:buy;asset:Y;price:76;qty:5;orderid:od_1671259060294416;respmessg:null;message:YesFairPriceChange,ScalpingYes,BasicBuy,atbest+1
INFO:order:2022-12-21 22:46:44,847;log:pre;eid:14361;call:sent;type:cancel;order:sell;asset:Y;price:99;qty:null;orderid:od_1671259060294355;respmessg:null;message:NoAvgBuyPriceChange,NewSellParams
INFO:order:2022-12-21 22:46:46,401;log:post;eid:14361;call:response;type:cancel;order:sell;asset:Y;price:99;qty:null;orderid:od_1671259060294355;respmessg:null;message:NoAvgBuyPriceChange,NewSellParams
INFO:order:2022-12-21 22:46:46,763;log:pre;eid:14361;call:sent;type:place;order:sell;asset:Y;price:99;qty:1;orderid:sellsend;respmessg:null;message:NoAvgBuyPriceChange,SellingBoughtQty,ProfitSell,atBetter
INFO:order:2022-12-21 22:46:48,240;log:post;eid:14361;call:response;type:place;order:sell;asset:Y;price:99;qty:1;orderid:od_1671259060294458;respmessg:null;message:NoAvgBuyPriceChange,SellingBoughtQty,ProfitSell,atBetter
INFO:order:2022-12-21 22:50:59,580;log:pre;eid:14360;call:sent;type:cancel;order:buy;asset:Y;price:6;qty:null;orderid:od_1671259060294123;respmessg:null;message:YesSignalZeroHolding,NewBuyParams
INFO:order:2022-12-21 22:51:01,123;log:post;eid:14360;call:response;type:cancel;order:buy;asset:Y;price:6;qty:null;orderid:od_1671259060294123;respmessg:null;message:YesSignalZeroHolding,NewBuyParams
INFO:order:2022-12-21 22:51:01,505;log:pre;eid:14360;call:sent;type:place;order:buy;asset:Y;price:51;qty:5;orderid:buysend;respmessg:null;message:YesSignalZeroHolding,ScalpingYes,BasicBuy,atbest+1
INFO:order:2022-12-21 22:51:03,094;log:post;eid:14360;call:response;type:place;order:buy;asset:Y;price:51;qty:5;orderid:od_1671259060294544;respmessg:null;message:YesSignalZeroHolding,ScalpingYes,BasicBuy,atbest+1
INFO:order:2022-12-21 22:51:36,214;log:pre;eid:14361;call:sent;type:cancel;order:buy;asset:Y;price:51;qty:null;orderid:od_1671259060292164;respmessg:null;message:YesFairPriceChange,NewBuyParams
INFO:order:2022-12-21 22:51:37,691;log:post;eid:14361;call:response;type:cancel;order:buy;asset:Y;price:51;qty:null;orderid:od_1671259060292164;respmessg:null;message:YesFairPriceChange,NewBuyParams
INFO:order:2022-12-21 22:51:38,100;log:pre;eid:14361;call:sent;type:place;order:buy;asset:Y;price:81;qty:4;orderid:buysend;respmessg:null;message:YesFairPriceChange,ScalpingYes,BasicBuy,atbest+1
INFO:order:2022-12-21 22:51:39,597;log:post;eid:14361;call:response;type:place;order:buy;asset:Y;price:81;qty:4;orderid:od_1671259060294549;respmessg:null;message:YesFairPriceChange,ScalpingYes,BasicBuy,atbest+1
INFO:order:2022-12-21 22:51:41,327;log:pre;eid:14361;call:sent;type:cancel;order:sell;asset:Y;price:99;qty:null;orderid:od_1671259060294458;respmessg:null;message:YesFairPriceChange,NewSellParams
INFO:order:2022-12-21 22:51:42,808;log:post;eid:14361;call:response;type:cancel;order:sell;asset:Y;price:99;qty:null;orderid:od_1671259060294458;respmessg:null;message:YesFairPriceChange,NewSellParams
INFO:order:2022-12-21 22:51:43,143;log:pre;eid:14361;call:sent;type:place;order:sell;asset:Y;price:99;qty:1;orderid:sellsend;respmessg:null;message:YesFairPriceChange,SellingBoughtQty,ProfitSell,atBetter
INFO:order:2022-12-21 22:51:44,676;log:post;eid:14361;call:response;type:place;order:sell;asset:Y;price:99;qty:1;orderid:od_1671259060294552;respmessg:null;message:YesFairPriceChange,SellingBoughtQty,ProfitSell,atBetter
INFO:order:2022-12-21 22:56:31,191;log:pre;eid:14361;call:sent;type:cancel;order:sell;asset:Y;price:99;qty:null;orderid:od_1671259060294552;respmessg:null;message:YesFairPriceChange,NewSellParams
INFO:order:2022-12-21 22:56:32,658;log:post;eid:14361;call:response;type:cancel;order:sell;asset:Y;price:99;qty:null;orderid:od_1671259060294552;respmessg:null;message:YesFairPriceChange,NewSellParams
INFO:order:2022-12-21 22:56:33,092;log:pre;eid:14361;call:sent;type:place;order:sell;asset:Y;price:99;qty:1;orderid:sellsend;respmessg:null;message:YesFairPriceChange,SellingBoughtQty,ProfitSell,atBetter
INFO:order:2022-12-21 22:56:34,586;log:post;eid:14361;call:response;type:place;order:sell;asset:Y;price:99;qty:1;orderid:od_1671259060294669;respmessg:null;message:YesFairPriceChange,SellingBoughtQty,ProfitSell,atBetter
INFO:order:2022-12-21 23:00:50,269;log:pre;eid:14360;call:sent;type:place;order:buy;asset:Y;price:76;qty:5;orderid:buysend;respmessg:null;message:YesSignalZeroHolding,ScalpingYes,BasicBuy,atbest+1
INFO:order:2022-12-21 23:01:32,218;log:pre;eid:14361;call:sent;type:place;order:buy;asset:Y;price:82;qty:5;orderid:buysend;respmessg:null;message:YesSignalZeroHolding,ScalpingYes,BasicBuy,atbest+1
INFO:order:2022-12-21 23:02:15,416;log:pre;eid:14362;call:sent;type:place;order:sell;asset:N;price:22;qty:5;orderid:sellsend;respmessg:null;message:HoldNoQtyChange,SellingNoNewQty,ProfitSell,atAvgBuy+1
INFO:order:2022-12-21 23:02:58,364;log:pre;eid:14363;call:sent;type:place;order:buy;asset:N;price:99;qty:5;orderid:buysend;respmessg:null;message:NoSignalZeroHolding,ScalpingNo,BasicBuy,atbest
INFO:order:2022-12-21 23:03:41,324;log:pre;eid:14364;call:sent;type:place;order:buy;asset:N;price:96;qty:5;orderid:buysend;respmessg:null;message:NoSignalZeroHolding,ScalpingNo,BasicBuy,atbest+1
