INFO:strat7:2022-12-08 15:26:22,646:13477: Initialising event
CRITICAL:strat7:2022-12-08 15:26:45,980:13477: Yes my_avgbuy_price unavailable
WARNING:strat7:2022-12-08 15:26:48,134:13477: last_values_dict empty
INFO:strat7:2022-12-08 15:26:54,297:13478: Initialising event
CRITICAL:strat7:2022-12-08 15:27:23,237:13478: Yes my_avgbuy_price unavailable
WARNING:strat7:2022-12-08 15:27:25,358:13478: last_values_dict empty
INFO:strat7:2022-12-08 15:27:31,197:13479: Initialising event
CRITICAL:strat7:2022-12-08 15:27:59,237:13479: No my_buy_price unavailable
WARNING:strat7:2022-12-08 15:28:01,319:13479: last_values_dict empty
INFO:strat7:2022-12-08 15:28:07,206:13480: Initialising event
CRITICAL:strat7:2022-12-08 15:28:27,745:13480: No my_buy_price unavailable
WARNING:strat7:2022-12-08 15:28:29,827:13480: last_values_dict empty
CRITICAL:strat7:2022-12-08 15:28:50,215:13477: No my_buy_price unavailable
CRITICAL:strat7:2022-12-08 15:28:53,682:13477: No my_buy_price unavailable
CRITICAL:strat7:2022-12-08 15:29:17,269:13478: Yes my_avgbuy_price unavailable
CRITICAL:strat7:2022-12-08 15:29:20,727:13478: Yes my_avgbuy_price unavailable
CRITICAL:strat7:2022-12-08 15:29:43,268:13479: No my_buy_price unavailable
CRITICAL:strat7:2022-12-08 15:29:46,594:13479: No my_buy_price unavailable
CRITICAL:strat7:2022-12-08 15:30:11,962:13480: No my_buy_price unavailable
CRITICAL:strat7:2022-12-08 15:30:14,674:13480: No my_buy_price unavailable
CRITICAL:strat7:2022-12-08 15:31:40,226:13477: Yes my_avgbuy_price unavailable
CRITICAL:strat7:2022-12-08 15:31:43,688:13477: Yes my_avgbuy_price unavailable
CRITICAL:strat7:2022-12-08 15:32:08,633:13478: Yes my_avgbuy_price unavailable
CRITICAL:strat7:2022-12-08 15:32:12,132:13478: Yes my_avgbuy_price unavailable
CRITICAL:strat7:2022-12-08 15:32:39,155:13479: No my_buy_price unavailable
CRITICAL:strat7:2022-12-08 15:32:42,776:13479: No my_buy_price unavailable
CRITICAL:strat7:2022-12-08 15:33:05,134:13480: No my_buy_price unavailable
CRITICAL:strat7:2022-12-08 15:34:23,752:13480: No my_buy_price unavailable
INFO:strat7:2022-12-08 15:35:56,851:13477: Initialising event
CRITICAL:strat7:2022-12-08 15:36:20,567:13477: Yes my_avgbuy_price unavailable
WARNING:strat7:2022-12-08 15:36:22,588:13477: last_values_dict empty
INFO:strat7:2022-12-08 15:36:28,281:13478: Initialising event
CRITICAL:strat7:2022-12-08 15:36:51,549:13478: Yes my_avgbuy_price unavailable
WARNING:strat7:2022-12-08 15:36:53,625:13478: last_values_dict empty
INFO:strat7:2022-12-08 15:36:59,346:13479: Initialising event
CRITICAL:strat7:2022-12-08 15:37:20,681:13479: No my_buy_price unavailable
WARNING:strat7:2022-12-08 15:37:22,787:13479: last_values_dict empty
INFO:strat7:2022-12-08 15:37:28,474:13480: Initialising event
WARNING:strat7:2022-12-08 15:37:47,569:13480: last_values_dict empty
CRITICAL:strat7:2022-12-08 15:38:09,491:13477: Yes my_avgbuy_price unavailable
CRITICAL:strat7:2022-12-08 15:38:13,601:13477: Yes my_avgbuy_price unavailable
CRITICAL:strat7:2022-12-08 15:38:37,918:13478: Yes my_avgbuy_price unavailable
CRITICAL:strat7:2022-12-08 15:38:41,267:13478: Yes my_avgbuy_price unavailable
CRITICAL:strat7:2022-12-08 15:39:07,352:13479: No my_buy_price unavailable
CRITICAL:strat7:2022-12-08 15:39:10,785:13479: No my_buy_price unavailable
CRITICAL:strat7:2022-12-08 15:41:05,824:13477: Yes my_avgbuy_price unavailable
CRITICAL:strat7:2022-12-08 15:41:09,710:13477: Yes my_avgbuy_price unavailable
CRITICAL:strat7:2022-12-08 15:41:33,655:13478: Yes my_avgbuy_price unavailable
CRITICAL:strat7:2022-12-08 15:41:37,108:13478: Yes my_avgbuy_price unavailable
CRITICAL:strat7:2022-12-08 15:42:02,271:13479: No my_buy_price unavailable
CRITICAL:strat7:2022-12-08 15:42:06,379:13479: No my_buy_price unavailable
CRITICAL:strat7:2022-12-08 15:43:52,458:13477: Yes my_avgbuy_price unavailable
CRITICAL:strat7:2022-12-08 15:43:55,793:13477: Yes my_avgbuy_price unavailable
CRITICAL:strat7:2022-12-08 15:44:19,776:13478: Yes my_avgbuy_price unavailable
CRITICAL:strat7:2022-12-08 15:44:23,051:13478: Yes my_avgbuy_price unavailable
CRITICAL:strat7:2022-12-08 15:44:47,631:13479: No my_buy_price unavailable
CRITICAL:strat7:2022-12-08 15:44:50,846:13479: No my_buy_price unavailable
CRITICAL:strat7:2022-12-08 15:46:42,985:13477: Yes my_avgbuy_price unavailable
CRITICAL:strat7:2022-12-08 15:46:46,315:13477: Yes my_avgbuy_price unavailable
CRITICAL:strat7:2022-12-08 15:47:09,546:13478: Yes my_avgbuy_price unavailable
CRITICAL:strat7:2022-12-08 15:47:12,919:13478: Yes my_avgbuy_price unavailable
CRITICAL:strat7:2022-12-08 15:47:35,973:13479: No my_buy_price unavailable
CRITICAL:strat7:2022-12-08 15:47:39,257:13479: No my_buy_price unavailable
CRITICAL:strat7:2022-12-08 15:49:28,322:13477: Yes my_avgbuy_price unavailable
CRITICAL:strat7:2022-12-08 15:49:31,092:13477: Yes my_avgbuy_price unavailable
CRITICAL:strat7:2022-12-08 15:49:54,660:13478: Yes my_avgbuy_price unavailable
CRITICAL:strat7:2022-12-08 15:49:58,281:13478: Yes my_avgbuy_price unavailable
CRITICAL:strat7:2022-12-08 15:50:22,167:13479: No my_buy_price unavailable
CRITICAL:strat7:2022-12-08 15:50:25,825:13479: No my_buy_price unavailable
CRITICAL:strat7:2022-12-08 15:52:12,725:13477: Yes my_avgbuy_price unavailable
CRITICAL:strat7:2022-12-08 15:52:16,627:13477: Yes my_avgbuy_price unavailable
CRITICAL:strat7:2022-12-08 15:52:41,399:13478: Yes my_avgbuy_price unavailable
CRITICAL:strat7:2022-12-08 15:52:45,110:13478: Yes my_avgbuy_price unavailable
CRITICAL:strat7:2022-12-08 15:53:09,577:13479: No my_buy_price unavailable
CRITICAL:strat7:2022-12-08 15:53:13,021:13479: No my_buy_price unavailable
CRITICAL:strat7:2022-12-08 15:55:02,054:13477: Yes my_avgbuy_price unavailable
CRITICAL:strat7:2022-12-08 15:55:06,635:13477: Yes my_avgbuy_price unavailable
CRITICAL:strat7:2022-12-08 15:55:30,587:13478: No my_buy_price unavailable
CRITICAL:strat7:2022-12-08 15:55:34,191:13478: No my_buy_price unavailable
INFO:strat7:2022-12-08 15:56:37,758:13477: Initialising event
CRITICAL:strat7:2022-12-08 15:57:01,910:13477: Yes my_avgbuy_price unavailable
WARNING:strat7:2022-12-08 15:57:03,951:13477: last_values_dict empty
INFO:strat7:2022-12-08 15:57:09,683:13478: Initialising event
CRITICAL:strat7:2022-12-08 15:57:26,030:13478: No my_buy_price unavailable
WARNING:strat7:2022-12-08 15:57:27,946:13478: last_values_dict empty
INFO:strat7:2022-12-08 15:57:33,619:13479: Initialising event
WARNING:strat7:2022-12-08 15:57:54,777:13479: last_values_dict empty
INFO:strat7:2022-12-08 15:58:00,540:13480: Initialising event
WARNING:strat7:2022-12-08 15:58:22,303:13480: last_values_dict empty
CRITICAL:strat7:2022-12-08 15:58:43,596:13477: Yes my_avgbuy_price unavailable
CRITICAL:strat7:2022-12-08 15:58:46,265:13477: Yes my_avgbuy_price unavailable
CRITICAL:strat7:2022-12-08 15:59:08,096:13478: No my_buy_price unavailable
CRITICAL:strat7:2022-12-08 15:59:10,097:13478: No my_buy_price unavailable
CRITICAL:strat7:2022-12-08 16:01:25,792:13477: Yes my_avgbuy_price unavailable
CRITICAL:strat7:2022-12-08 16:01:28,369:13477: Yes my_avgbuy_price unavailable
CRITICAL:strat7:2022-12-08 16:01:48,799:13478: No my_buy_price unavailable
CRITICAL:strat7:2022-12-08 16:01:50,693:13478: No my_buy_price unavailable
CRITICAL:strat7:2022-12-08 16:03:58,259:13477: Yes my_avgbuy_price unavailable
CRITICAL:strat7:2022-12-08 16:04:00,871:13477: Yes my_avgbuy_price unavailable
CRITICAL:strat7:2022-12-08 16:04:22,097:13478: No my_buy_price unavailable
CRITICAL:strat7:2022-12-08 16:04:23,943:13478: No my_buy_price unavailable
CRITICAL:strat7:2022-12-08 16:06:31,027:13477: Yes my_avgbuy_price unavailable
CRITICAL:strat7:2022-12-08 16:06:33,692:13477: Yes my_avgbuy_price unavailable
CRITICAL:strat7:2022-12-08 16:06:55,215:13478: No my_buy_price unavailable
CRITICAL:strat7:2022-12-08 16:06:57,000:13478: No my_buy_price unavailable
CRITICAL:strat7:2022-12-08 16:09:06,795:13477: Yes my_avgbuy_price unavailable
CRITICAL:strat7:2022-12-08 16:09:09,336:13477: Yes my_avgbuy_price unavailable
CRITICAL:strat7:2022-12-08 16:09:32,915:13478: Yes my_avgbuy_price unavailable
CRITICAL:strat7:2022-12-08 16:09:35,435:13478: Yes my_avgbuy_price unavailable
CRITICAL:strat7:2022-12-08 16:11:42,320:13477: Yes my_avgbuy_price unavailable
CRITICAL:strat7:2022-12-08 16:11:44,896:13477: Yes my_avgbuy_price unavailable
CRITICAL:strat7:2022-12-08 16:12:07,557:13478: Yes my_avgbuy_price unavailable
CRITICAL:strat7:2022-12-08 16:12:10,723:13478: Yes my_avgbuy_price unavailable
CRITICAL:strat7:2022-12-08 16:14:15,553:13477: Yes my_avgbuy_price unavailable
CRITICAL:strat7:2022-12-08 16:14:18,101:13477: Yes my_avgbuy_price unavailable
CRITICAL:strat7:2022-12-08 16:14:40,366:13478: Yes my_avgbuy_price unavailable
CRITICAL:strat7:2022-12-08 16:14:43,565:13478: Yes my_avgbuy_price unavailable
CRITICAL:strat7:2022-12-08 16:16:49,077:13477: Yes my_avgbuy_price unavailable
CRITICAL:strat7:2022-12-08 16:16:51,714:13477: Yes my_avgbuy_price unavailable
CRITICAL:strat7:2022-12-08 16:17:14,519:13478: Yes my_avgbuy_price unavailable
CRITICAL:strat7:2022-12-08 16:17:17,730:13478: Yes my_avgbuy_price unavailable
CRITICAL:strat7:2022-12-08 16:18:02,165:13480: No my_buy_price unavailable
CRITICAL:strat7:2022-12-08 16:19:24,965:13477: Yes my_avgbuy_price unavailable
CRITICAL:strat7:2022-12-08 16:19:27,551:13477: Yes my_avgbuy_price unavailable
CRITICAL:strat7:2022-12-08 16:19:49,663:13478: Yes my_avgbuy_price unavailable
CRITICAL:strat7:2022-12-08 16:19:52,872:13478: Yes my_avgbuy_price unavailable
CRITICAL:strat7:2022-12-08 16:20:41,328:13480: No my_buy_price unavailable
CRITICAL:strat7:2022-12-08 16:20:43,872:13480: No my_buy_price unavailable
CRITICAL:strat7:2022-12-08 16:22:05,807:13477: Yes my_avgbuy_price unavailable
CRITICAL:strat7:2022-12-08 16:22:08,365:13477: Yes my_avgbuy_price unavailable
CRITICAL:strat7:2022-12-08 16:22:29,733:13478: Yes my_avgbuy_price unavailable
CRITICAL:strat7:2022-12-08 16:22:33,112:13478: Yes my_avgbuy_price unavailable
CRITICAL:strat7:2022-12-08 16:23:16,460:13480: No my_buy_price unavailable
CRITICAL:strat7:2022-12-08 16:23:19,828:13480: No my_buy_price unavailable
CRITICAL:strat7:2022-12-08 16:24:41,776:13477: Yes my_avgbuy_price unavailable
CRITICAL:strat7:2022-12-08 16:24:44,300:13477: Yes my_avgbuy_price unavailable
CRITICAL:strat7:2022-12-08 16:25:09,756:13478: Yes my_avgbuy_price unavailable
CRITICAL:strat7:2022-12-08 16:25:12,520:13478: Yes my_avgbuy_price unavailable
CRITICAL:strat7:2022-12-08 16:26:00,832:13480: No my_buy_price unavailable
CRITICAL:strat7:2022-12-08 16:26:03,414:13480: No my_buy_price unavailable
CRITICAL:strat7:2022-12-08 16:27:25,309:13477: Yes my_avgbuy_price unavailable
CRITICAL:strat7:2022-12-08 16:27:27,855:13477: Yes my_avgbuy_price unavailable
CRITICAL:strat7:2022-12-08 16:27:51,373:13478: Yes my_avgbuy_price unavailable
CRITICAL:strat7:2022-12-08 16:27:53,944:13478: Yes my_avgbuy_price unavailable
CRITICAL:strat7:2022-12-08 16:30:06,002:13477: Yes my_avgbuy_price unavailable
CRITICAL:strat7:2022-12-08 16:30:08,537:13477: Yes my_avgbuy_price unavailable
CRITICAL:strat7:2022-12-08 16:30:29,776:13478: Yes my_avgbuy_price unavailable
CRITICAL:strat7:2022-12-08 16:30:32,512:13478: Yes my_avgbuy_price unavailable
CRITICAL:strat7:2022-12-08 16:32:40,649:13477: Yes my_avgbuy_price unavailable
CRITICAL:strat7:2022-12-08 16:32:43,210:13477: Yes my_avgbuy_price unavailable
CRITICAL:strat7:2022-12-08 16:33:04,292:13478: Yes my_avgbuy_price unavailable
CRITICAL:strat7:2022-12-08 16:33:07,016:13478: Yes my_avgbuy_price unavailable
CRITICAL:strat7:2022-12-08 16:35:09,731:13477: Yes my_avgbuy_price unavailable
CRITICAL:strat7:2022-12-08 16:35:12,278:13477: Yes my_avgbuy_price unavailable
CRITICAL:strat7:2022-12-08 16:35:33,950:13478: Yes my_avgbuy_price unavailable
CRITICAL:strat7:2022-12-08 16:35:36,509:13478: Yes my_avgbuy_price unavailable
CRITICAL:strat7:2022-12-08 16:37:41,161:13477: Yes my_avgbuy_price unavailable
CRITICAL:strat7:2022-12-08 16:37:43,781:13477: Yes my_avgbuy_price unavailable
CRITICAL:strat7:2022-12-08 16:38:06,513:13478: Yes my_avgbuy_price unavailable
CRITICAL:strat7:2022-12-08 16:38:09,165:13478: Yes my_avgbuy_price unavailable
CRITICAL:strat7:2022-12-08 16:40:13,572:13477: Yes my_avgbuy_price unavailable
CRITICAL:strat7:2022-12-08 16:40:16,359:13477: Yes my_avgbuy_price unavailable
CRITICAL:strat7:2022-12-08 16:40:37,858:13478: Yes my_avgbuy_price unavailable
CRITICAL:strat7:2022-12-08 16:40:40,342:13478: Yes my_avgbuy_price unavailable
CRITICAL:strat7:2022-12-08 16:42:45,159:13477: Yes my_avgbuy_price unavailable
CRITICAL:strat7:2022-12-08 16:42:47,866:13477: Yes my_avgbuy_price unavailable
CRITICAL:strat7:2022-12-08 16:43:09,333:13478: Yes my_avgbuy_price unavailable
CRITICAL:strat7:2022-12-08 16:43:11,946:13478: Yes my_avgbuy_price unavailable
CRITICAL:strat7:2022-12-08 16:45:40,490:13478: Yes my_avgbuy_price unavailable
CRITICAL:strat7:2022-12-08 16:45:42,993:13478: Yes my_avgbuy_price unavailable
CRITICAL:strat7:2022-12-08 16:48:09,954:13478: Yes my_avgbuy_price unavailable
CRITICAL:strat7:2022-12-08 16:48:12,511:13478: Yes my_avgbuy_price unavailable
CRITICAL:strat7:2022-12-08 16:50:39,297:13478: Yes my_avgbuy_price unavailable
CRITICAL:strat7:2022-12-08 16:50:41,866:13478: Yes my_avgbuy_price unavailable
CRITICAL:strat7:2022-12-08 16:53:10,152:13478: Yes my_avgbuy_price unavailable
CRITICAL:strat7:2022-12-08 16:53:12,824:13478: Yes my_avgbuy_price unavailable
CRITICAL:strat7:2022-12-08 16:55:37,654:13478: Yes my_avgbuy_price unavailable
CRITICAL:strat7:2022-12-08 16:55:40,336:13478: Yes my_avgbuy_price unavailable
CRITICAL:strat7:2022-12-08 16:58:07,398:13478: Yes my_avgbuy_price unavailable
CRITICAL:strat7:2022-12-08 16:58:10,174:13478: Yes my_avgbuy_price unavailable
CRITICAL:strat7:2022-12-08 17:00:37,161:13478: Yes my_avgbuy_price unavailable
CRITICAL:strat7:2022-12-08 17:00:39,779:13478: Yes my_avgbuy_price unavailable
CRITICAL:strat7:2022-12-08 17:03:14,232:13478: Yes my_avgbuy_price unavailable
CRITICAL:strat7:2022-12-08 17:03:17,075:13478: Yes my_avgbuy_price unavailable
CRITICAL:strat7:2022-12-08 17:05:53,468:13478: Yes my_avgbuy_price unavailable
CRITICAL:strat7:2022-12-08 17:05:56,290:13478: Yes my_avgbuy_price unavailable
CRITICAL:strat7:2022-12-08 17:08:31,191:13478: Yes my_avgbuy_price unavailable
CRITICAL:strat7:2022-12-08 17:08:34,022:13478: Yes my_avgbuy_price unavailable
CRITICAL:strat7:2022-12-08 17:11:06,232:13478: Yes my_avgbuy_price unavailable
CRITICAL:strat7:2022-12-08 17:11:09,054:13478: Yes my_avgbuy_price unavailable
CRITICAL:strat7:2022-12-08 17:13:41,488:13478: Yes my_avgbuy_price unavailable
CRITICAL:strat7:2022-12-08 17:13:44,193:13478: Yes my_avgbuy_price unavailable
CRITICAL:strat7:2022-12-08 17:16:20,376:13478: No my_buy_price unavailable
CRITICAL:strat7:2022-12-08 17:16:26,114:13478: No my_buy_price unavailable
CRITICAL:strat7:2022-12-08 17:18:57,677:13478: No my_buy_price unavailable
CRITICAL:strat7:2022-12-08 17:19:01,770:13478: No my_buy_price unavailable
CRITICAL:strat7:2022-12-08 17:57:47,045:13479: No my_buy_price unavailable
CRITICAL:strat7:2022-12-08 17:57:49,738:13479: No my_buy_price unavailable
CRITICAL:strat7:2022-12-08 18:00:20,481:13479: No my_buy_price unavailable
CRITICAL:strat7:2022-12-08 18:00:23,189:13479: No my_buy_price unavailable
CRITICAL:strat7:2022-12-08 18:02:49,997:13479: No my_buy_price unavailable
CRITICAL:strat7:2022-12-08 18:02:52,751:13479: No my_buy_price unavailable
CRITICAL:strat7:2022-12-08 18:05:19,067:13479: No my_buy_price unavailable
CRITICAL:strat7:2022-12-08 18:05:21,876:13479: No my_buy_price unavailable
CRITICAL:strat7:2022-12-08 18:07:04,933:13477: No my_buy_price unavailable
CRITICAL:strat7:2022-12-08 18:07:08,273:13477: No my_buy_price unavailable
CRITICAL:strat7:2022-12-08 18:07:51,523:13479: No my_buy_price unavailable
CRITICAL:strat7:2022-12-08 18:07:53,993:13479: No my_buy_price unavailable
CRITICAL:strat7:2022-12-08 18:10:23,223:13479: No my_buy_price unavailable
CRITICAL:strat7:2022-12-08 18:10:25,744:13479: No my_buy_price unavailable
CRITICAL:strat7:2022-12-08 18:12:08,684:13477: No my_buy_price unavailable
CRITICAL:strat7:2022-12-08 18:12:10,526:13477: No my_buy_price unavailable
CRITICAL:strat7:2022-12-08 18:12:54,779:13479: No my_buy_price unavailable
CRITICAL:strat7:2022-12-08 18:12:57,279:13479: No my_buy_price unavailable
CRITICAL:strat7:2022-12-08 18:14:39,826:13477: No my_buy_price unavailable
CRITICAL:strat7:2022-12-08 18:14:41,668:13477: No my_buy_price unavailable
CRITICAL:strat7:2022-12-08 18:15:30,253:13479: No my_buy_price unavailable
CRITICAL:strat7:2022-12-08 18:15:32,885:13479: No my_buy_price unavailable
CRITICAL:strat7:2022-12-08 18:17:18,403:13477: No my_buy_price unavailable
CRITICAL:strat7:2022-12-08 18:17:20,283:13477: No my_buy_price unavailable
CRITICAL:strat7:2022-12-08 18:18:03,493:13479: No my_buy_price unavailable
CRITICAL:strat7:2022-12-08 18:18:06,228:13479: No my_buy_price unavailable
CRITICAL:strat7:2022-12-08 18:19:48,278:13477: No my_buy_price unavailable
CRITICAL:strat7:2022-12-08 18:19:50,174:13477: No my_buy_price unavailable
CRITICAL:strat7:2022-12-08 18:20:33,495:13479: No my_buy_price unavailable
CRITICAL:strat7:2022-12-08 18:20:36,061:13479: No my_buy_price unavailable
CRITICAL:strat7:2022-12-08 18:22:19,743:13477: No my_buy_price unavailable
CRITICAL:strat7:2022-12-08 18:22:21,656:13477: No my_buy_price unavailable
CRITICAL:strat7:2022-12-08 18:23:05,238:13479: No my_buy_price unavailable
CRITICAL:strat7:2022-12-08 18:23:07,834:13479: No my_buy_price unavailable
CRITICAL:strat7:2022-12-08 18:24:49,107:13477: No my_buy_price unavailable
CRITICAL:strat7:2022-12-08 18:24:50,896:13477: No my_buy_price unavailable
CRITICAL:strat7:2022-12-08 18:32:57,108:13478: Yes my_avgbuy_price unavailable
CRITICAL:strat7:2022-12-08 18:32:59,494:13478: Yes my_avgbuy_price unavailable
CRITICAL:strat7:2022-12-08 18:33:44,489:13480: No my_buy_price unavailable
CRITICAL:strat7:2022-12-08 18:33:47,381:13480: No my_buy_price unavailable
CRITICAL:strat7:2022-12-08 18:35:33,303:13478: Yes my_avgbuy_price unavailable
CRITICAL:strat7:2022-12-08 18:35:36,334:13478: Yes my_avgbuy_price unavailable
CRITICAL:strat7:2022-12-08 18:37:46,068:13477: No my_buy_price unavailable
CRITICAL:strat7:2022-12-08 18:37:49,354:13477: No my_buy_price unavailable
CRITICAL:strat7:2022-12-08 18:38:11,373:13478: Yes my_avgbuy_price unavailable
CRITICAL:strat7:2022-12-08 18:38:14,398:13478: Yes my_avgbuy_price unavailable
CRITICAL:strat7:2022-12-08 18:40:42,226:13478: Yes my_avgbuy_price unavailable
CRITICAL:strat7:2022-12-08 18:40:45,194:13478: Yes my_avgbuy_price unavailable
CRITICAL:strat7:2022-12-08 18:42:57,162:13477: Yes my_avgbuy_price unavailable
CRITICAL:strat7:2022-12-08 18:42:59,517:13477: Yes my_avgbuy_price unavailable
CRITICAL:strat7:2022-12-08 18:43:21,397:13478: Yes my_avgbuy_price unavailable
CRITICAL:strat7:2022-12-08 18:43:24,314:13478: Yes my_avgbuy_price unavailable
CRITICAL:strat7:2022-12-08 18:45:31,773:13477: Yes my_avgbuy_price unavailable
CRITICAL:strat7:2022-12-08 18:45:34,780:13477: Yes my_avgbuy_price unavailable
CRITICAL:strat7:2022-12-08 18:45:59,783:13478: Yes my_avgbuy_price unavailable
CRITICAL:strat7:2022-12-08 18:46:02,343:13478: Yes my_avgbuy_price unavailable
CRITICAL:strat7:2022-12-08 18:48:08,963:13477: Yes my_avgbuy_price unavailable
CRITICAL:strat7:2022-12-08 18:48:11,425:13477: Yes my_avgbuy_price unavailable
CRITICAL:strat7:2022-12-08 18:48:31,896:13478: Yes my_avgbuy_price unavailable
CRITICAL:strat7:2022-12-08 18:48:34,318:13478: Yes my_avgbuy_price unavailable
CRITICAL:strat7:2022-12-08 18:50:38,195:13477: Yes my_avgbuy_price unavailable
CRITICAL:strat7:2022-12-08 18:50:40,663:13477: Yes my_avgbuy_price unavailable
CRITICAL:strat7:2022-12-08 18:51:02,033:13478: Yes my_avgbuy_price unavailable
CRITICAL:strat7:2022-12-08 18:51:04,537:13478: Yes my_avgbuy_price unavailable
CRITICAL:strat7:2022-12-08 18:53:07,837:13477: Yes my_avgbuy_price unavailable
CRITICAL:strat7:2022-12-08 18:53:10,253:13477: Yes my_avgbuy_price unavailable
CRITICAL:strat7:2022-12-08 18:53:31,068:13478: Yes my_avgbuy_price unavailable
CRITICAL:strat7:2022-12-08 18:53:33,523:13478: Yes my_avgbuy_price unavailable
CRITICAL:strat7:2022-12-08 18:55:41,081:13477: Yes my_avgbuy_price unavailable
CRITICAL:strat7:2022-12-08 18:55:43,476:13477: Yes my_avgbuy_price unavailable
CRITICAL:strat7:2022-12-08 18:56:05,603:13478: Yes my_avgbuy_price unavailable
CRITICAL:strat7:2022-12-08 18:56:08,035:13478: Yes my_avgbuy_price unavailable
CRITICAL:strat7:2022-12-08 18:58:10,324:13477: Yes my_avgbuy_price unavailable
CRITICAL:strat7:2022-12-08 18:58:12,809:13477: Yes my_avgbuy_price unavailable
CRITICAL:strat7:2022-12-08 18:58:33,922:13478: Yes my_avgbuy_price unavailable
CRITICAL:strat7:2022-12-08 18:58:36,369:13478: Yes my_avgbuy_price unavailable
CRITICAL:strat7:2022-12-08 19:00:43,532:13477: Yes my_avgbuy_price unavailable
CRITICAL:strat7:2022-12-08 19:00:45,973:13477: Yes my_avgbuy_price unavailable
CRITICAL:strat7:2022-12-08 19:01:07,453:13478: Yes my_avgbuy_price unavailable
CRITICAL:strat7:2022-12-08 19:01:09,881:13478: Yes my_avgbuy_price unavailable
CRITICAL:strat7:2022-12-08 19:03:17,140:13477: Yes my_avgbuy_price unavailable
CRITICAL:strat7:2022-12-08 19:03:19,527:13477: Yes my_avgbuy_price unavailable
CRITICAL:strat7:2022-12-08 19:03:41,418:13478: Yes my_avgbuy_price unavailable
CRITICAL:strat7:2022-12-08 19:03:43,800:13478: Yes my_avgbuy_price unavailable
CRITICAL:strat7:2022-12-08 19:05:46,321:13477: Yes my_avgbuy_price unavailable
CRITICAL:strat7:2022-12-08 19:05:48,743:13477: Yes my_avgbuy_price unavailable
CRITICAL:strat7:2022-12-08 19:08:18,812:13477: No my_buy_price unavailable
CRITICAL:strat7:2022-12-08 19:08:22,063:13477: No my_buy_price unavailable
CRITICAL:strat7:2022-12-08 19:10:55,859:13477: No my_buy_price unavailable
CRITICAL:strat7:2022-12-08 19:10:57,761:13477: No my_buy_price unavailable
CRITICAL:strat7:2022-12-08 19:13:30,875:13477: No my_buy_price unavailable
CRITICAL:strat7:2022-12-08 19:13:32,825:13477: No my_buy_price unavailable
CRITICAL:strat7:2022-12-08 19:13:54,575:13478: Yes my_avgbuy_price unavailable
CRITICAL:strat7:2022-12-08 19:13:57,043:13478: Yes my_avgbuy_price unavailable
CRITICAL:strat7:2022-12-08 19:16:01,693:13477: No my_buy_price unavailable
CRITICAL:strat7:2022-12-08 19:16:03,670:13477: No my_buy_price unavailable
CRITICAL:strat7:2022-12-08 19:16:24,607:13478: Yes my_avgbuy_price unavailable
CRITICAL:strat7:2022-12-08 19:16:27,123:13478: Yes my_avgbuy_price unavailable
CRITICAL:strat7:2022-12-08 19:18:31,111:13477: No my_buy_price unavailable
CRITICAL:strat7:2022-12-08 19:18:32,997:13477: No my_buy_price unavailable
CRITICAL:strat7:2022-12-08 19:18:53,310:13478: No my_buy_price unavailable
CRITICAL:strat7:2022-12-08 19:18:59,150:13478: No my_buy_price unavailable
CRITICAL:strat7:2022-12-08 19:21:02,561:13477: No my_buy_price unavailable
CRITICAL:strat7:2022-12-08 19:21:04,344:13477: No my_buy_price unavailable
CRITICAL:strat7:2022-12-08 19:23:31,440:13477: No my_buy_price unavailable
CRITICAL:strat7:2022-12-08 19:23:33,323:13477: No my_buy_price unavailable
CRITICAL:strat7:2022-12-08 19:26:00,046:13477: No my_buy_price unavailable
CRITICAL:strat7:2022-12-08 19:26:01,871:13477: No my_buy_price unavailable
CRITICAL:strat7:2022-12-08 19:28:26,626:13477: No my_buy_price unavailable
CRITICAL:strat7:2022-12-08 19:28:28,438:13477: No my_buy_price unavailable
CRITICAL:strat7:2022-12-08 19:30:56,430:13477: No my_buy_price unavailable
CRITICAL:strat7:2022-12-08 19:30:58,238:13477: No my_buy_price unavailable
CRITICAL:strat7:2022-12-08 19:33:25,231:13477: No my_buy_price unavailable
CRITICAL:strat7:2022-12-08 19:33:27,080:13477: No my_buy_price unavailable
CRITICAL:strat7:2022-12-08 19:35:52,846:13477: No my_buy_price unavailable
CRITICAL:strat7:2022-12-08 19:35:54,618:13477: No my_buy_price unavailable
CRITICAL:strat7:2022-12-08 19:38:20,310:13477: No my_buy_price unavailable
CRITICAL:strat7:2022-12-08 19:38:22,147:13477: No my_buy_price unavailable
CRITICAL:strat7:2022-12-08 19:40:49,386:13477: No my_buy_price unavailable
CRITICAL:strat7:2022-12-08 19:40:51,201:13477: No my_buy_price unavailable
CRITICAL:strat7:2022-12-08 19:43:19,993:13477: No my_buy_price unavailable
CRITICAL:strat7:2022-12-08 19:43:21,821:13477: No my_buy_price unavailable
CRITICAL:strat7:2022-12-08 19:45:52,235:13477: No my_buy_price unavailable
CRITICAL:strat7:2022-12-08 19:45:54,500:13477: No my_buy_price unavailable
CRITICAL:strat7:2022-12-08 19:48:24,776:13477: No my_buy_price unavailable
CRITICAL:strat7:2022-12-08 19:48:26,662:13477: No my_buy_price unavailable
CRITICAL:strat7:2022-12-08 19:48:48,481:13478: Yes my_avgbuy_price unavailable
CRITICAL:strat7:2022-12-08 19:48:51,635:13478: Yes my_avgbuy_price unavailable
CRITICAL:strat7:2022-12-08 19:50:57,636:13477: No my_buy_price unavailable
CRITICAL:strat7:2022-12-08 19:50:59,425:13477: No my_buy_price unavailable
CRITICAL:strat7:2022-12-08 19:51:20,878:13478: Yes my_avgbuy_price unavailable
CRITICAL:strat7:2022-12-08 19:51:23,991:13478: Yes my_avgbuy_price unavailable
CRITICAL:strat7:2022-12-08 19:51:49,130:13479: No my_buy_price unavailable
CRITICAL:strat7:2022-12-08 19:51:51,589:13479: No my_buy_price unavailable
CRITICAL:strat7:2022-12-08 19:53:33,345:13477: No my_buy_price unavailable
CRITICAL:strat7:2022-12-08 19:53:35,094:13477: No my_buy_price unavailable
CRITICAL:strat7:2022-12-08 19:53:56,970:13478: Yes my_avgbuy_price unavailable
CRITICAL:strat7:2022-12-08 19:54:00,135:13478: Yes my_avgbuy_price unavailable
CRITICAL:strat7:2022-12-08 19:56:06,804:13477: No my_buy_price unavailable
CRITICAL:strat7:2022-12-08 19:56:08,602:13477: No my_buy_price unavailable
CRITICAL:strat7:2022-12-08 19:56:29,930:13478: Yes my_avgbuy_price unavailable
CRITICAL:strat7:2022-12-08 19:56:33,101:13478: Yes my_avgbuy_price unavailable
CRITICAL:strat7:2022-12-08 19:58:39,793:13477: No my_buy_price unavailable
CRITICAL:strat7:2022-12-08 19:58:41,583:13477: No my_buy_price unavailable
CRITICAL:strat7:2022-12-08 19:59:02,788:13478: Yes my_avgbuy_price unavailable
CRITICAL:strat7:2022-12-08 19:59:05,813:13478: Yes my_avgbuy_price unavailable
CRITICAL:strat7:2022-12-08 19:59:31,101:13479: No my_buy_price unavailable
CRITICAL:strat7:2022-12-08 19:59:33,855:13479: No my_buy_price unavailable
CRITICAL:strat7:2022-12-08 20:01:16,586:13477: No my_buy_price unavailable
CRITICAL:strat7:2022-12-08 20:01:18,398:13477: No my_buy_price unavailable
CRITICAL:strat7:2022-12-08 20:01:40,476:13478: Yes my_avgbuy_price unavailable
CRITICAL:strat7:2022-12-08 20:01:43,584:13478: Yes my_avgbuy_price unavailable
CRITICAL:strat7:2022-12-08 20:02:04,471:13479: No my_buy_price unavailable
CRITICAL:strat7:2022-12-08 20:02:06,972:13479: No my_buy_price unavailable
CRITICAL:strat7:2022-12-08 20:03:55,702:13477: No my_buy_price unavailable
CRITICAL:strat7:2022-12-08 20:03:57,581:13477: No my_buy_price unavailable
CRITICAL:strat7:2022-12-08 20:04:19,819:13478: Yes my_avgbuy_price unavailable
CRITICAL:strat7:2022-12-08 20:04:22,870:13478: Yes my_avgbuy_price unavailable
CRITICAL:strat7:2022-12-08 20:04:44,533:13479: No my_buy_price unavailable
CRITICAL:strat7:2022-12-08 20:04:47,054:13479: No my_buy_price unavailable
CRITICAL:strat7:2022-12-08 20:06:29,151:13477: No my_buy_price unavailable
CRITICAL:strat7:2022-12-08 20:06:30,967:13477: No my_buy_price unavailable
CRITICAL:strat7:2022-12-08 20:06:52,728:13478: Yes my_avgbuy_price unavailable
CRITICAL:strat7:2022-12-08 20:06:55,813:13478: Yes my_avgbuy_price unavailable
CRITICAL:strat7:2022-12-08 20:07:17,372:13479: No my_buy_price unavailable
CRITICAL:strat7:2022-12-08 20:07:19,812:13479: No my_buy_price unavailable
CRITICAL:strat7:2022-12-08 20:09:02,496:13477: No my_buy_price unavailable
CRITICAL:strat7:2022-12-08 20:09:04,361:13477: No my_buy_price unavailable
CRITICAL:strat7:2022-12-08 20:09:26,684:13478: Yes my_avgbuy_price unavailable
CRITICAL:strat7:2022-12-08 20:09:29,842:13478: Yes my_avgbuy_price unavailable
CRITICAL:strat7:2022-12-08 20:09:50,900:13479: No my_buy_price unavailable
CRITICAL:strat7:2022-12-08 20:09:53,368:13479: No my_buy_price unavailable
CRITICAL:strat7:2022-12-08 20:11:36,349:13477: No my_buy_price unavailable
CRITICAL:strat7:2022-12-08 20:11:38,171:13477: No my_buy_price unavailable
CRITICAL:strat7:2022-12-08 20:11:59,500:13478: Yes my_avgbuy_price unavailable
CRITICAL:strat7:2022-12-08 20:12:02,559:13478: Yes my_avgbuy_price unavailable
CRITICAL:strat7:2022-12-08 20:12:23,496:13479: No my_buy_price unavailable
CRITICAL:strat7:2022-12-08 20:12:25,996:13479: No my_buy_price unavailable
CRITICAL:strat7:2022-12-08 20:14:09,824:13477: No my_buy_price unavailable
CRITICAL:strat7:2022-12-08 20:14:11,627:13477: No my_buy_price unavailable
CRITICAL:strat7:2022-12-08 20:14:33,743:13478: Yes my_avgbuy_price unavailable
CRITICAL:strat7:2022-12-08 20:14:36,836:13478: Yes my_avgbuy_price unavailable
CRITICAL:strat7:2022-12-08 20:14:58,712:13479: No my_buy_price unavailable
CRITICAL:strat7:2022-12-08 20:15:01,272:13479: No my_buy_price unavailable
CRITICAL:strat7:2022-12-08 20:16:42,862:13477: No my_buy_price unavailable
CRITICAL:strat7:2022-12-08 20:16:44,677:13477: No my_buy_price unavailable
CRITICAL:strat7:2022-12-08 20:17:06,062:13478: Yes my_avgbuy_price unavailable
CRITICAL:strat7:2022-12-08 20:17:09,017:13478: Yes my_avgbuy_price unavailable
CRITICAL:strat7:2022-12-08 20:17:30,137:13479: No my_buy_price unavailable
CRITICAL:strat7:2022-12-08 20:17:32,843:13479: No my_buy_price unavailable
CRITICAL:strat7:2022-12-08 20:19:15,474:13477: No my_buy_price unavailable
CRITICAL:strat7:2022-12-08 20:19:17,274:13477: No my_buy_price unavailable
CRITICAL:strat7:2022-12-08 20:19:40,449:13478: Yes my_avgbuy_price unavailable
CRITICAL:strat7:2022-12-08 20:19:43,587:13478: Yes my_avgbuy_price unavailable
CRITICAL:strat7:2022-12-08 20:20:05,864:13479: No my_buy_price unavailable
CRITICAL:strat7:2022-12-08 20:20:08,421:13479: No my_buy_price unavailable
CRITICAL:strat7:2022-12-08 20:21:49,164:13477: No my_buy_price unavailable
CRITICAL:strat7:2022-12-08 20:21:50,965:13477: No my_buy_price unavailable
CRITICAL:strat7:2022-12-08 20:22:12,885:13478: Yes my_avgbuy_price unavailable
CRITICAL:strat7:2022-12-08 20:22:15,953:13478: Yes my_avgbuy_price unavailable
CRITICAL:strat7:2022-12-08 20:22:38,422:13479: No my_buy_price unavailable
CRITICAL:strat7:2022-12-08 20:22:40,980:13479: No my_buy_price unavailable
CRITICAL:strat7:2022-12-08 20:24:22,377:13477: No my_buy_price unavailable
CRITICAL:strat7:2022-12-08 20:24:24,213:13477: No my_buy_price unavailable
CRITICAL:strat7:2022-12-08 20:24:46,060:13478: Yes my_avgbuy_price unavailable
CRITICAL:strat7:2022-12-08 20:24:49,300:13478: Yes my_avgbuy_price unavailable
CRITICAL:strat7:2022-12-08 20:26:59,360:13477: No my_buy_price unavailable
CRITICAL:strat7:2022-12-08 20:27:01,233:13477: No my_buy_price unavailable
CRITICAL:strat7:2022-12-08 20:27:21,509:13478: No my_buy_price unavailable
CRITICAL:strat7:2022-12-08 20:27:25,191:13478: No my_buy_price unavailable
CRITICAL:strat7:2022-12-08 20:27:53,879:13479: No my_buy_price unavailable
CRITICAL:strat7:2022-12-08 20:27:56,336:13479: No my_buy_price unavailable
CRITICAL:strat7:2022-12-08 20:29:38,804:13477: No my_buy_price unavailable
CRITICAL:strat7:2022-12-08 20:29:40,631:13477: No my_buy_price unavailable
CRITICAL:strat7:2022-12-08 20:30:01,355:13478: No my_buy_price unavailable
CRITICAL:strat7:2022-12-08 20:30:03,819:13478: No my_buy_price unavailable
CRITICAL:strat7:2022-12-08 20:32:16,791:13477: No my_buy_price unavailable
CRITICAL:strat7:2022-12-08 20:32:18,586:13477: No my_buy_price unavailable
CRITICAL:strat7:2022-12-08 20:32:39,172:13478: No my_buy_price unavailable
CRITICAL:strat7:2022-12-08 20:32:41,043:13478: No my_buy_price unavailable
CRITICAL:strat7:2022-12-08 20:34:54,056:13477: No my_buy_price unavailable
CRITICAL:strat7:2022-12-08 20:34:55,953:13477: No my_buy_price unavailable
CRITICAL:strat7:2022-12-08 20:35:16,971:13478: No my_buy_price unavailable
CRITICAL:strat7:2022-12-08 20:35:18,841:13478: No my_buy_price unavailable
CRITICAL:strat7:2022-12-08 20:37:27,839:13477: No my_buy_price unavailable
CRITICAL:strat7:2022-12-08 20:37:30,245:13477: No my_buy_price unavailable
CRITICAL:strat7:2022-12-08 20:37:51,690:13478: No my_buy_price unavailable
CRITICAL:strat7:2022-12-08 20:37:53,548:13478: No my_buy_price unavailable
CRITICAL:strat7:2022-12-08 20:40:09,668:13477: No my_buy_price unavailable
CRITICAL:strat7:2022-12-08 20:40:11,458:13477: No my_buy_price unavailable
CRITICAL:strat7:2022-12-08 20:40:32,153:13478: No my_buy_price unavailable
CRITICAL:strat7:2022-12-08 20:40:34,035:13478: No my_buy_price unavailable
CRITICAL:strat7:2022-12-08 20:40:57,923:13479: Yes my_avgbuy_price unavailable
CRITICAL:strat7:2022-12-08 20:41:01,855:13479: Yes my_avgbuy_price unavailable
CRITICAL:strat7:2022-12-08 20:42:48,097:13477: Yes my_avgbuy_price unavailable
CRITICAL:strat7:2022-12-08 20:42:50,548:13477: Yes my_avgbuy_price unavailable
CRITICAL:strat7:2022-12-08 20:43:14,347:13478: Yes my_avgbuy_price unavailable
CRITICAL:strat7:2022-12-08 20:43:16,765:13478: Yes my_avgbuy_price unavailable
CRITICAL:strat7:2022-12-08 20:45:34,088:13477: Yes my_avgbuy_price unavailable
CRITICAL:strat7:2022-12-08 20:45:36,555:13477: Yes my_avgbuy_price unavailable
CRITICAL:strat7:2022-12-08 20:45:58,611:13478: Yes my_avgbuy_price unavailable
CRITICAL:strat7:2022-12-08 20:46:01,812:13478: Yes my_avgbuy_price unavailable
CRITICAL:strat7:2022-12-08 20:48:19,545:13477: No my_buy_price unavailable
CRITICAL:strat7:2022-12-08 20:48:22,818:13477: No my_buy_price unavailable
CRITICAL:strat7:2022-12-08 20:51:00,328:13477: No my_buy_price unavailable
CRITICAL:strat7:2022-12-08 20:51:02,135:13477: No my_buy_price unavailable
CRITICAL:strat7:2022-12-08 20:53:35,712:13477: No my_buy_price unavailable
CRITICAL:strat7:2022-12-08 20:53:37,540:13477: No my_buy_price unavailable
CRITICAL:strat7:2022-12-08 20:56:12,362:13477: No my_buy_price unavailable
CRITICAL:strat7:2022-12-08 20:56:14,232:13477: No my_buy_price unavailable
CRITICAL:strat7:2022-12-08 20:58:49,804:13477: Yes my_avgbuy_price unavailable
CRITICAL:strat7:2022-12-08 20:58:52,317:13477: Yes my_avgbuy_price unavailable
CRITICAL:strat7:2022-12-08 20:59:14,559:13478: Yes my_avgbuy_price unavailable
CRITICAL:strat7:2022-12-08 20:59:17,687:13478: Yes my_avgbuy_price unavailable
CRITICAL:strat7:2022-12-08 21:01:27,777:13477: Yes my_avgbuy_price unavailable
CRITICAL:strat7:2022-12-08 21:01:30,329:13477: Yes my_avgbuy_price unavailable
CRITICAL:strat7:2022-12-08 21:01:52,137:13478: Yes my_avgbuy_price unavailable
CRITICAL:strat7:2022-12-08 21:01:55,281:13478: Yes my_avgbuy_price unavailable
CRITICAL:strat7:2022-12-08 21:04:09,163:13477: Yes my_avgbuy_price unavailable
CRITICAL:strat7:2022-12-08 21:04:11,621:13477: Yes my_avgbuy_price unavailable
CRITICAL:strat7:2022-12-08 21:04:33,937:13478: Yes my_avgbuy_price unavailable
CRITICAL:strat7:2022-12-08 21:04:37,020:13478: Yes my_avgbuy_price unavailable
CRITICAL:strat7:2022-12-08 21:05:02,190:13479: Yes my_avgbuy_price unavailable
CRITICAL:strat7:2022-12-08 21:05:04,712:13479: Yes my_avgbuy_price unavailable
CRITICAL:strat7:2022-12-08 21:06:47,104:13477: Yes my_avgbuy_price unavailable
CRITICAL:strat7:2022-12-08 21:06:49,607:13477: Yes my_avgbuy_price unavailable
CRITICAL:strat7:2022-12-08 21:07:14,772:13478: Yes my_avgbuy_price unavailable
CRITICAL:strat7:2022-12-08 21:07:17,286:13478: Yes my_avgbuy_price unavailable
CRITICAL:strat7:2022-12-08 21:09:30,108:13477: Yes my_avgbuy_price unavailable
CRITICAL:strat7:2022-12-08 21:09:32,839:13477: Yes my_avgbuy_price unavailable
CRITICAL:strat7:2022-12-08 21:09:53,755:13478: Yes my_avgbuy_price unavailable
CRITICAL:strat7:2022-12-08 21:09:56,215:13478: Yes my_avgbuy_price unavailable
CRITICAL:strat7:2022-12-08 21:10:21,251:13479: Yes my_avgbuy_price unavailable
CRITICAL:strat7:2022-12-08 21:10:25,329:13479: Yes my_avgbuy_price unavailable
CRITICAL:strat7:2022-12-08 21:12:06,660:13477: Yes my_avgbuy_price unavailable
CRITICAL:strat7:2022-12-08 21:12:09,160:13477: Yes my_avgbuy_price unavailable
CRITICAL:strat7:2022-12-08 21:12:31,882:13478: Yes my_avgbuy_price unavailable
CRITICAL:strat7:2022-12-08 21:12:34,364:13478: Yes my_avgbuy_price unavailable
CRITICAL:strat7:2022-12-08 21:12:56,730:13479: Yes my_avgbuy_price unavailable
CRITICAL:strat7:2022-12-08 21:12:59,804:13479: Yes my_avgbuy_price unavailable
CRITICAL:strat7:2022-12-08 21:15:09,412:13478: Yes my_avgbuy_price unavailable
CRITICAL:strat7:2022-12-08 21:15:11,878:13478: Yes my_avgbuy_price unavailable
CRITICAL:strat7:2022-12-08 21:17:40,203:13478: Yes my_avgbuy_price unavailable
CRITICAL:strat7:2022-12-08 21:17:42,666:13478: Yes my_avgbuy_price unavailable
CRITICAL:strat7:2022-12-08 21:20:05,588:13478: Yes my_avgbuy_price unavailable
CRITICAL:strat7:2022-12-08 21:20:08,044:13478: Yes my_avgbuy_price unavailable
CRITICAL:strat7:2022-12-08 21:22:37,800:13478: Yes my_avgbuy_price unavailable
CRITICAL:strat7:2022-12-08 21:22:40,519:13478: Yes my_avgbuy_price unavailable
CRITICAL:strat7:2022-12-08 21:25:14,251:13478: Yes my_avgbuy_price unavailable
CRITICAL:strat7:2022-12-08 21:25:16,708:13478: Yes my_avgbuy_price unavailable
CRITICAL:strat7:2022-12-08 21:27:50,858:13478: Yes my_avgbuy_price unavailable
CRITICAL:strat7:2022-12-08 21:27:53,343:13478: Yes my_avgbuy_price unavailable
CRITICAL:strat7:2022-12-08 21:30:30,074:13478: Yes my_avgbuy_price unavailable
CRITICAL:strat7:2022-12-08 21:30:32,580:13478: Yes my_avgbuy_price unavailable
CRITICAL:strat7:2022-12-08 21:33:12,847:13478: Yes my_avgbuy_price unavailable
CRITICAL:strat7:2022-12-08 21:33:15,347:13478: Yes my_avgbuy_price unavailable
CRITICAL:strat7:2022-12-08 21:35:50,451:13478: Yes my_avgbuy_price unavailable
CRITICAL:strat7:2022-12-08 21:35:52,924:13478: Yes my_avgbuy_price unavailable
CRITICAL:strat7:2022-12-08 21:38:29,919:13478: No my_buy_price unavailable
CRITICAL:strat7:2022-12-08 21:38:33,214:13478: No my_buy_price unavailable
CRITICAL:strat7:2022-12-08 21:41:07,347:13478: No my_buy_price unavailable
CRITICAL:strat7:2022-12-08 21:41:09,147:13478: No my_buy_price unavailable
CRITICAL:strat7:2022-12-08 21:43:44,297:13478: No my_buy_price unavailable
CRITICAL:strat7:2022-12-08 21:43:46,126:13478: No my_buy_price unavailable
CRITICAL:strat7:2022-12-08 21:46:25,705:13478: No my_buy_price unavailable
CRITICAL:strat7:2022-12-08 21:46:27,500:13478: No my_buy_price unavailable
CRITICAL:strat7:2022-12-08 21:46:51,563:13479: Yes my_avgbuy_price unavailable
CRITICAL:strat7:2022-12-08 21:46:55,439:13479: Yes my_avgbuy_price unavailable
CRITICAL:strat7:2022-12-08 21:49:08,177:13478: No my_buy_price unavailable
CRITICAL:strat7:2022-12-08 21:49:10,052:13478: No my_buy_price unavailable
CRITICAL:strat7:2022-12-08 21:51:47,011:13478: No my_buy_price unavailable
CRITICAL:strat7:2022-12-08 21:51:48,861:13478: No my_buy_price unavailable
CRITICAL:strat7:2022-12-08 21:54:18,079:13478: No my_buy_price unavailable
CRITICAL:strat7:2022-12-08 21:54:19,910:13478: No my_buy_price unavailable
CRITICAL:strat7:2022-12-08 21:56:52,850:13478: No my_buy_price unavailable
CRITICAL:strat7:2022-12-08 21:56:54,653:13478: No my_buy_price unavailable
CRITICAL:strat7:2022-12-08 21:57:45,564:13480: No my_buy_price unavailable
CRITICAL:strat7:2022-12-08 21:57:48,201:13480: No my_buy_price unavailable
CRITICAL:strat7:2022-12-08 21:59:30,291:13478: No my_buy_price unavailable
CRITICAL:strat7:2022-12-08 21:59:32,135:13478: No my_buy_price unavailable
CRITICAL:strat7:2022-12-08 22:00:17,873:13480: No my_buy_price unavailable
CRITICAL:strat7:2022-12-08 22:00:21,033:13480: No my_buy_price unavailable
CRITICAL:strat7:2022-12-08 22:02:03,362:13478: No my_buy_price unavailable
CRITICAL:strat7:2022-12-08 22:02:05,194:13478: No my_buy_price unavailable
CRITICAL:strat7:2022-12-08 22:02:30,574:13479: Yes my_avgbuy_price unavailable
CRITICAL:strat7:2022-12-08 22:02:33,151:13479: Yes my_avgbuy_price unavailable
CRITICAL:strat7:2022-12-08 22:02:56,379:13480: No my_buy_price unavailable
CRITICAL:strat7:2022-12-08 22:02:59,576:13480: No my_buy_price unavailable
CRITICAL:strat7:2022-12-08 22:04:43,106:13478: No my_buy_price unavailable
CRITICAL:strat7:2022-12-08 22:04:44,957:13478: No my_buy_price unavailable
CRITICAL:strat7:2022-12-08 22:05:36,997:13480: No my_buy_price unavailable
CRITICAL:strat7:2022-12-08 22:05:39,490:13480: No my_buy_price unavailable
CRITICAL:strat7:2022-12-08 22:07:22,641:13478: No my_buy_price unavailable
CRITICAL:strat7:2022-12-08 22:07:24,495:13478: No my_buy_price unavailable
CRITICAL:strat7:2022-12-08 22:08:23,845:13480: No my_buy_price unavailable
CRITICAL:strat7:2022-12-08 22:08:26,320:13480: No my_buy_price unavailable
CRITICAL:strat7:2022-12-08 22:10:11,776:13478: Yes my_avgbuy_price unavailable
CRITICAL:strat7:2022-12-08 22:10:14,343:13478: Yes my_avgbuy_price unavailable
CRITICAL:strat7:2022-12-08 22:11:05,851:13480: No my_buy_price unavailable
CRITICAL:strat7:2022-12-08 22:11:08,752:13480: No my_buy_price unavailable
CRITICAL:strat7:2022-12-08 22:12:53,708:13478: No my_buy_price unavailable
CRITICAL:strat7:2022-12-08 22:12:57,157:13478: No my_buy_price unavailable
CRITICAL:strat7:2022-12-08 22:13:44,449:13480: No my_buy_price unavailable
CRITICAL:strat7:2022-12-08 22:13:47,523:13480: No my_buy_price unavailable
CRITICAL:strat7:2022-12-08 22:15:32,844:13478: No my_buy_price unavailable
CRITICAL:strat7:2022-12-08 22:15:34,725:13478: No my_buy_price unavailable
CRITICAL:strat7:2022-12-08 22:16:26,034:13480: No my_buy_price unavailable
CRITICAL:strat7:2022-12-08 22:16:29,133:13480: No my_buy_price unavailable
CRITICAL:strat7:2022-12-08 22:18:13,721:13478: No my_buy_price unavailable
CRITICAL:strat7:2022-12-08 22:18:15,538:13478: No my_buy_price unavailable
CRITICAL:strat7:2022-12-08 22:19:04,153:13480: No my_buy_price unavailable
CRITICAL:strat7:2022-12-08 22:19:07,216:13480: No my_buy_price unavailable
CRITICAL:strat7:2022-12-08 22:20:48,135:13478: No my_buy_price unavailable
CRITICAL:strat7:2022-12-08 22:20:49,960:13478: No my_buy_price unavailable
CRITICAL:strat7:2022-12-08 22:21:15,773:13479: Yes my_avgbuy_price unavailable
CRITICAL:strat7:2022-12-08 22:21:18,308:13479: Yes my_avgbuy_price unavailable
CRITICAL:strat7:2022-12-08 22:21:41,501:13480: No my_buy_price unavailable
CRITICAL:strat7:2022-12-08 22:21:44,649:13480: No my_buy_price unavailable
CRITICAL:strat7:2022-12-08 22:23:25,405:13478: No my_buy_price unavailable
CRITICAL:strat7:2022-12-08 22:23:27,394:13478: No my_buy_price unavailable
CRITICAL:strat7:2022-12-08 22:24:14,500:13480: No my_buy_price unavailable
CRITICAL:strat7:2022-12-08 22:24:17,731:13480: No my_buy_price unavailable
CRITICAL:strat7:2022-12-08 22:25:59,756:13478: No my_buy_price unavailable
CRITICAL:strat7:2022-12-08 22:26:01,597:13478: No my_buy_price unavailable
CRITICAL:strat7:2022-12-08 22:26:46,212:13480: No my_buy_price unavailable
CRITICAL:strat7:2022-12-08 22:26:49,320:13480: No my_buy_price unavailable
CRITICAL:strat7:2022-12-08 22:28:32,480:13478: No my_buy_price unavailable
CRITICAL:strat7:2022-12-08 22:28:34,362:13478: No my_buy_price unavailable
CRITICAL:strat7:2022-12-08 22:31:10,205:13478: No my_buy_price unavailable
CRITICAL:strat7:2022-12-08 22:31:12,150:13478: No my_buy_price unavailable
CRITICAL:strat7:2022-12-08 22:31:36,477:13479: Yes my_avgbuy_price unavailable
CRITICAL:strat7:2022-12-08 22:31:41,733:13479: Yes my_avgbuy_price unavailable
CRITICAL:strat7:2022-12-08 22:34:23,755:13479: Yes my_avgbuy_price unavailable
CRITICAL:strat7:2022-12-08 22:34:30,351:13479: Yes my_avgbuy_price unavailable
CRITICAL:strat7:2022-12-08 22:34:52,942:13480: No my_buy_price unavailable
CRITICAL:strat7:2022-12-08 22:34:56,171:13480: No my_buy_price unavailable
CRITICAL:strat7:2022-12-08 22:36:40,542:13478: No my_buy_price unavailable
CRITICAL:strat7:2022-12-08 22:36:42,373:13478: No my_buy_price unavailable
CRITICAL:strat7:2022-12-08 22:39:11,258:13478: No my_buy_price unavailable
CRITICAL:strat7:2022-12-08 22:39:13,043:13478: No my_buy_price unavailable
CRITICAL:strat7:2022-12-08 22:41:41,967:13478: No my_buy_price unavailable
CRITICAL:strat7:2022-12-08 22:41:43,793:13478: No my_buy_price unavailable
CRITICAL:strat7:2022-12-08 22:42:08,213:13479: Yes my_avgbuy_price unavailable
CRITICAL:strat7:2022-12-08 22:42:15,260:13479: Yes my_avgbuy_price unavailable
CRITICAL:strat7:2022-12-08 22:42:38,599:13480: No my_buy_price unavailable
CRITICAL:strat7:2022-12-08 22:42:41,723:13480: No my_buy_price unavailable
CRITICAL:strat7:2022-12-08 22:44:23,934:13478: No my_buy_price unavailable
CRITICAL:strat7:2022-12-08 22:44:25,776:13478: No my_buy_price unavailable
CRITICAL:strat7:2022-12-08 22:44:51,200:13479: Yes my_avgbuy_price unavailable
CRITICAL:strat7:2022-12-08 22:44:57,813:13479: Yes my_avgbuy_price unavailable
CRITICAL:strat7:2022-12-08 22:45:21,139:13480: No my_buy_price unavailable
CRITICAL:strat7:2022-12-08 22:45:24,304:13480: No my_buy_price unavailable
CRITICAL:strat7:2022-12-08 22:48:17,815:13477: Yes my_avgbuy_price unavailable
CRITICAL:strat7:2022-12-08 22:48:21,297:13477: Yes my_avgbuy_price unavailable
CRITICAL:strat7:2022-12-08 22:48:45,024:13478: No my_buy_price unavailable
CRITICAL:strat7:2022-12-08 22:48:46,990:13478: No my_buy_price unavailable
CRITICAL:strat7:2022-12-08 22:49:41,593:13480: No my_buy_price unavailable
CRITICAL:strat7:2022-12-08 22:49:44,894:13480: No my_buy_price unavailable
CRITICAL:strat7:2022-12-08 22:51:08,162:13477: Yes my_avgbuy_price unavailable
CRITICAL:strat7:2022-12-08 22:51:11,280:13477: Yes my_avgbuy_price unavailable
CRITICAL:strat7:2022-12-08 22:51:32,812:13478: No my_buy_price unavailable
CRITICAL:strat7:2022-12-08 22:51:34,540:13478: No my_buy_price unavailable
CRITICAL:strat7:2022-12-08 22:52:19,245:13480: No my_buy_price unavailable
CRITICAL:strat7:2022-12-08 22:52:22,282:13480: No my_buy_price unavailable
CRITICAL:strat7:2022-12-08 22:53:44,893:13477: Yes my_avgbuy_price unavailable
CRITICAL:strat7:2022-12-08 22:53:48,163:13477: Yes my_avgbuy_price unavailable
CRITICAL:strat7:2022-12-08 22:54:09,747:13478: No my_buy_price unavailable
CRITICAL:strat7:2022-12-08 22:54:11,520:13478: No my_buy_price unavailable
CRITICAL:strat7:2022-12-08 22:54:38,309:13479: Yes my_avgbuy_price unavailable
CRITICAL:strat7:2022-12-08 22:54:40,862:13479: Yes my_avgbuy_price unavailable
CRITICAL:strat7:2022-12-08 22:55:03,855:13480: No my_buy_price unavailable
CRITICAL:strat7:2022-12-08 22:55:07,052:13480: No my_buy_price unavailable
CRITICAL:strat7:2022-12-08 22:56:33,402:13477: Yes my_avgbuy_price unavailable
CRITICAL:strat7:2022-12-08 22:56:35,983:13477: Yes my_avgbuy_price unavailable
CRITICAL:strat7:2022-12-08 22:56:58,231:13478: No my_buy_price unavailable
CRITICAL:strat7:2022-12-08 22:57:00,129:13478: No my_buy_price unavailable
CRITICAL:strat7:2022-12-08 22:57:30,871:13479: Yes my_avgbuy_price unavailable
CRITICAL:strat7:2022-12-08 22:57:33,601:13479: Yes my_avgbuy_price unavailable
CRITICAL:strat7:2022-12-08 22:57:59,701:13480: No my_buy_price unavailable
CRITICAL:strat7:2022-12-08 22:58:02,296:13480: No my_buy_price unavailable
CRITICAL:strat7:2022-12-08 22:59:26,454:13477: Yes my_avgbuy_price unavailable
CRITICAL:strat7:2022-12-08 22:59:28,952:13477: Yes my_avgbuy_price unavailable
CRITICAL:strat7:2022-12-08 22:59:51,180:13478: No my_buy_price unavailable
CRITICAL:strat7:2022-12-08 22:59:52,947:13478: No my_buy_price unavailable
