INFO:strat7:2022-11-22 15:38:20,406:12461: Initialising event
INFO:strat7:2022-11-22 15:38:24,505:12462: Initialising event
CRITICAL:strat7:2022-11-22 15:38:39,069:12462: Yes my_avgbuy_price unavailable
WARNING:strat7:2022-11-22 15:38:40,718:12462: last_values_dict empty
INFO:strat7:2022-11-22 15:38:48,435:12463: Initialising event
CRITICAL:strat7:2022-11-22 15:39:08,206:12463: No my_buy_price unavailable
WARNING:strat7:2022-11-22 15:39:10,111:12463: last_values_dict empty
INFO:strat7:2022-11-22 15:39:17,173:12464: Initialising event
CRITICAL:strat7:2022-11-22 15:39:31,096:12464: Yes my_avgbuy_price unavailable
WARNING:strat7:2022-11-22 15:39:32,743:12464: last_values_dict empty
CRITICAL:strat7:2022-11-22 15:39:51,445:12462: Yes my_avgbuy_price unavailable
CRITICAL:strat7:2022-11-22 15:39:54,377:12462: Yes my_avgbuy_price unavailable
CRITICAL:strat7:2022-11-22 15:40:13,146:12463: No my_buy_price unavailable
CRITICAL:strat7:2022-11-22 15:40:16,257:12463: No my_buy_price unavailable
CRITICAL:strat7:2022-11-22 15:40:33,466:12464: Yes my_avgbuy_price unavailable
CRITICAL:strat7:2022-11-22 15:40:36,212:12464: Yes my_avgbuy_price unavailable
CRITICAL:strat7:2022-11-22 15:41:55,397:12462: Yes my_avgbuy_price unavailable
CRITICAL:strat7:2022-11-22 15:41:58,134:12462: Yes my_avgbuy_price unavailable
CRITICAL:strat7:2022-11-22 15:42:23,204:12463: No my_buy_price unavailable
CRITICAL:strat7:2022-11-22 15:42:26,340:12463: No my_buy_price unavailable
CRITICAL:strat7:2022-11-22 15:42:49,307:12464: Yes my_avgbuy_price unavailable
CRITICAL:strat7:2022-11-22 15:42:52,890:12464: Yes my_avgbuy_price unavailable
CRITICAL:strat7:2022-11-22 15:44:16,114:12462: No my_buy_price unavailable
CRITICAL:strat7:2022-11-22 15:44:20,384:12462: No my_buy_price unavailable
CRITICAL:strat7:2022-11-22 15:44:40,062:12463: No my_buy_price unavailable
CRITICAL:strat7:2022-11-22 15:44:43,240:12463: No my_buy_price unavailable
CRITICAL:strat7:2022-11-22 15:44:59,572:12464: Yes my_avgbuy_price unavailable
CRITICAL:strat7:2022-11-22 15:45:02,282:12464: Yes my_avgbuy_price unavailable
CRITICAL:strat7:2022-11-22 15:46:21,138:12462: No my_buy_price unavailable
CRITICAL:strat7:2022-11-22 15:46:23,891:12462: No my_buy_price unavailable
CRITICAL:strat7:2022-11-22 15:46:46,475:12463: No my_buy_price unavailable
CRITICAL:strat7:2022-11-22 15:46:49,757:12463: No my_buy_price unavailable
CRITICAL:strat7:2022-11-22 15:47:07,052:12464: Yes my_avgbuy_price unavailable
CRITICAL:strat7:2022-11-22 15:47:09,761:12464: Yes my_avgbuy_price unavailable
CRITICAL:strat7:2022-11-22 15:48:27,476:12462: No my_buy_price unavailable
CRITICAL:strat7:2022-11-22 15:48:30,318:12462: No my_buy_price unavailable
CRITICAL:strat7:2022-11-22 15:48:48,207:12463: No my_buy_price unavailable
CRITICAL:strat7:2022-11-22 15:48:51,001:12463: No my_buy_price unavailable
CRITICAL:strat7:2022-11-22 15:49:08,214:12464: Yes my_avgbuy_price unavailable
CRITICAL:strat7:2022-11-22 15:49:10,959:12464: Yes my_avgbuy_price unavailable
CRITICAL:strat7:2022-11-22 15:50:30,963:12462: No my_buy_price unavailable
CRITICAL:strat7:2022-11-22 15:50:33,892:12462: No my_buy_price unavailable
CRITICAL:strat7:2022-11-22 15:50:51,321:12463: No my_buy_price unavailable
CRITICAL:strat7:2022-11-22 15:50:54,388:12463: No my_buy_price unavailable
CRITICAL:strat7:2022-11-22 15:51:13,475:12464: Yes my_avgbuy_price unavailable
CRITICAL:strat7:2022-11-22 15:51:16,725:12464: Yes my_avgbuy_price unavailable
CRITICAL:strat7:2022-11-22 15:52:38,861:12462: No my_buy_price unavailable
CRITICAL:strat7:2022-11-22 15:52:41,753:12462: No my_buy_price unavailable
CRITICAL:strat7:2022-11-22 15:53:00,178:12463: No my_buy_price unavailable
CRITICAL:strat7:2022-11-22 15:53:02,915:12463: No my_buy_price unavailable
CRITICAL:strat7:2022-11-22 15:53:19,567:12464: Yes my_avgbuy_price unavailable
CRITICAL:strat7:2022-11-22 15:53:22,235:12464: Yes my_avgbuy_price unavailable
CRITICAL:strat7:2022-11-22 15:54:41,541:12462: No my_buy_price unavailable
CRITICAL:strat7:2022-11-22 15:54:44,402:12462: No my_buy_price unavailable
CRITICAL:strat7:2022-11-22 15:55:01,438:12463: No my_buy_price unavailable
CRITICAL:strat7:2022-11-22 15:55:04,203:12463: No my_buy_price unavailable
CRITICAL:strat7:2022-11-22 15:55:21,391:12464: Yes my_avgbuy_price unavailable
CRITICAL:strat7:2022-11-22 15:55:24,158:12464: Yes my_avgbuy_price unavailable
CRITICAL:strat7:2022-11-22 15:56:49,190:12463: No my_buy_price unavailable
CRITICAL:strat7:2022-11-22 15:56:51,952:12463: No my_buy_price unavailable
CRITICAL:strat7:2022-11-22 15:57:09,702:12464: Yes my_avgbuy_price unavailable
CRITICAL:strat7:2022-11-22 15:57:12,564:12464: Yes my_avgbuy_price unavailable
CRITICAL:strat7:2022-11-22 15:58:28,878:12461: No my_buy_price unavailable
WARNING:strat7:2022-11-22 15:58:30,538:12461: last_values_dict empty
CRITICAL:strat7:2022-11-22 15:58:46,486:12462: No my_buy_price unavailable
CRITICAL:strat7:2022-11-22 15:58:49,182:12462: No my_buy_price unavailable
CRITICAL:strat7:2022-11-22 15:59:05,978:12463: No my_buy_price unavailable
CRITICAL:strat7:2022-11-22 15:59:08,707:12463: No my_buy_price unavailable
CRITICAL:strat7:2022-11-22 15:59:31,006:12464: Yes my_avgbuy_price unavailable
CRITICAL:strat7:2022-11-22 15:59:33,922:12464: Yes my_avgbuy_price unavailable
CRITICAL:strat7:2022-11-22 16:00:49,201:12461: No my_buy_price unavailable
CRITICAL:strat7:2022-11-22 16:00:50,860:12461: No my_buy_price unavailable
CRITICAL:strat7:2022-11-22 16:01:06,908:12462: No my_buy_price unavailable
CRITICAL:strat7:2022-11-22 16:01:09,777:12462: No my_buy_price unavailable
CRITICAL:strat7:2022-11-22 16:01:26,100:12463: No my_buy_price unavailable
CRITICAL:strat7:2022-11-22 16:01:28,814:12463: No my_buy_price unavailable
CRITICAL:strat7:2022-11-22 16:01:45,229:12464: Yes my_avgbuy_price unavailable
CRITICAL:strat7:2022-11-22 16:01:48,089:12464: Yes my_avgbuy_price unavailable
CRITICAL:strat7:2022-11-22 16:03:03,307:12461: No my_buy_price unavailable
CRITICAL:strat7:2022-11-22 16:03:05,119:12461: No my_buy_price unavailable
CRITICAL:strat7:2022-11-22 16:03:25,308:12462: No my_buy_price unavailable
CRITICAL:strat7:2022-11-22 16:03:27,890:12462: No my_buy_price unavailable
CRITICAL:strat7:2022-11-22 16:03:45,767:12463: No my_buy_price unavailable
CRITICAL:strat7:2022-11-22 16:03:48,469:12463: No my_buy_price unavailable
CRITICAL:strat7:2022-11-22 16:04:09,932:12464: Yes my_avgbuy_price unavailable
CRITICAL:strat7:2022-11-22 16:04:12,144:12464: Yes my_avgbuy_price unavailable
CRITICAL:strat7:2022-11-22 16:05:27,078:12461: No my_buy_price unavailable
CRITICAL:strat7:2022-11-22 16:05:28,634:12461: No my_buy_price unavailable
CRITICAL:strat7:2022-11-22 16:05:45,387:12462: No my_buy_price unavailable
CRITICAL:strat7:2022-11-22 16:05:48,035:12462: No my_buy_price unavailable
CRITICAL:strat7:2022-11-22 16:06:04,589:12463: No my_buy_price unavailable
CRITICAL:strat7:2022-11-22 16:06:07,265:12463: No my_buy_price unavailable
CRITICAL:strat7:2022-11-22 16:06:23,266:12464: Yes my_avgbuy_price unavailable
CRITICAL:strat7:2022-11-22 16:06:25,919:12464: Yes my_avgbuy_price unavailable
CRITICAL:strat7:2022-11-22 16:07:42,436:12461: No my_buy_price unavailable
CRITICAL:strat7:2022-11-22 16:07:44,098:12461: No my_buy_price unavailable
CRITICAL:strat7:2022-11-22 16:08:00,713:12462: No my_buy_price unavailable
CRITICAL:strat7:2022-11-22 16:08:03,443:12462: No my_buy_price unavailable
CRITICAL:strat7:2022-11-22 16:08:19,514:12463: No my_buy_price unavailable
CRITICAL:strat7:2022-11-22 16:08:22,258:12463: No my_buy_price unavailable
CRITICAL:strat7:2022-11-22 16:08:38,692:12464: Yes my_avgbuy_price unavailable
CRITICAL:strat7:2022-11-22 16:08:41,336:12464: Yes my_avgbuy_price unavailable
CRITICAL:strat7:2022-11-22 16:09:56,394:12461: No my_buy_price unavailable
CRITICAL:strat7:2022-11-22 16:09:57,914:12461: No my_buy_price unavailable
CRITICAL:strat7:2022-11-22 16:10:14,732:12462: No my_buy_price unavailable
CRITICAL:strat7:2022-11-22 16:10:17,460:12462: No my_buy_price unavailable
CRITICAL:strat7:2022-11-22 16:10:34,749:12463: No my_buy_price unavailable
CRITICAL:strat7:2022-11-22 16:10:37,486:12463: No my_buy_price unavailable
CRITICAL:strat7:2022-11-22 16:10:55,127:12464: Yes my_avgbuy_price unavailable
CRITICAL:strat7:2022-11-22 16:10:57,840:12464: Yes my_avgbuy_price unavailable
CRITICAL:strat7:2022-11-22 16:12:12,724:12461: No my_buy_price unavailable
CRITICAL:strat7:2022-11-22 16:12:14,244:12461: No my_buy_price unavailable
CRITICAL:strat7:2022-11-22 16:12:30,504:12462: No my_buy_price unavailable
CRITICAL:strat7:2022-11-22 16:12:33,085:12462: No my_buy_price unavailable
CRITICAL:strat7:2022-11-22 16:12:49,685:12463: No my_buy_price unavailable
CRITICAL:strat7:2022-11-22 16:12:52,414:12463: No my_buy_price unavailable
CRITICAL:strat7:2022-11-22 16:13:09,109:12464: Yes my_avgbuy_price unavailable
CRITICAL:strat7:2022-11-22 16:13:11,712:12464: Yes my_avgbuy_price unavailable
CRITICAL:strat7:2022-11-22 16:14:26,587:12461: No my_buy_price unavailable
CRITICAL:strat7:2022-11-22 16:14:28,130:12461: No my_buy_price unavailable
CRITICAL:strat7:2022-11-22 16:14:44,961:12462: No my_buy_price unavailable
CRITICAL:strat7:2022-11-22 16:14:47,603:12462: No my_buy_price unavailable
CRITICAL:strat7:2022-11-22 16:15:04,589:12463: No my_buy_price unavailable
CRITICAL:strat7:2022-11-22 16:15:07,362:12463: No my_buy_price unavailable
CRITICAL:strat7:2022-11-22 16:15:24,122:12464: Yes my_avgbuy_price unavailable
CRITICAL:strat7:2022-11-22 16:15:26,791:12464: Yes my_avgbuy_price unavailable
CRITICAL:strat7:2022-11-22 16:16:42,580:12461: No my_buy_price unavailable
CRITICAL:strat7:2022-11-22 16:16:44,216:12461: No my_buy_price unavailable
CRITICAL:strat7:2022-11-22 16:17:01,287:12462: No my_buy_price unavailable
CRITICAL:strat7:2022-11-22 16:17:04,169:12462: No my_buy_price unavailable
CRITICAL:strat7:2022-11-22 16:17:21,466:12463: No my_buy_price unavailable
CRITICAL:strat7:2022-11-22 16:17:24,261:12463: No my_buy_price unavailable
CRITICAL:strat7:2022-11-22 16:17:43,635:12464: Yes my_avgbuy_price unavailable
CRITICAL:strat7:2022-11-22 16:17:46,552:12464: Yes my_avgbuy_price unavailable
CRITICAL:strat7:2022-11-22 16:19:02,069:12461: No my_buy_price unavailable
CRITICAL:strat7:2022-11-22 16:19:03,666:12461: No my_buy_price unavailable
CRITICAL:strat7:2022-11-22 16:19:20,245:12462: No my_buy_price unavailable
CRITICAL:strat7:2022-11-22 16:19:22,970:12462: No my_buy_price unavailable
CRITICAL:strat7:2022-11-22 16:19:39,498:12463: No my_buy_price unavailable
CRITICAL:strat7:2022-11-22 16:19:42,236:12463: No my_buy_price unavailable
CRITICAL:strat7:2022-11-22 16:20:02,291:12464: Yes my_avgbuy_price unavailable
CRITICAL:strat7:2022-11-22 16:20:04,510:12464: Yes my_avgbuy_price unavailable
CRITICAL:strat7:2022-11-22 16:21:20,109:12461: No my_buy_price unavailable
CRITICAL:strat7:2022-11-22 16:21:21,625:12461: No my_buy_price unavailable
CRITICAL:strat7:2022-11-22 16:21:39,869:12462: No my_buy_price unavailable
CRITICAL:strat7:2022-11-22 16:21:42,862:12462: No my_buy_price unavailable
CRITICAL:strat7:2022-11-22 16:21:59,561:12463: No my_buy_price unavailable
CRITICAL:strat7:2022-11-22 16:22:02,292:12463: No my_buy_price unavailable
CRITICAL:strat7:2022-11-22 16:22:18,130:12464: Yes my_avgbuy_price unavailable
CRITICAL:strat7:2022-11-22 16:22:20,265:12464: Yes my_avgbuy_price unavailable
CRITICAL:strat7:2022-11-22 16:23:40,048:12461: No my_buy_price unavailable
CRITICAL:strat7:2022-11-22 16:23:42,325:12461: No my_buy_price unavailable
CRITICAL:strat7:2022-11-22 16:24:08,772:12463: No my_buy_price unavailable
CRITICAL:strat7:2022-11-22 16:24:11,709:12463: No my_buy_price unavailable
CRITICAL:strat7:2022-11-22 16:24:30,003:12464: No my_buy_price unavailable
CRITICAL:strat7:2022-11-22 16:24:33,525:12464: No my_buy_price unavailable
CRITICAL:strat7:2022-11-22 16:25:52,053:12461: Yes my_avgbuy_price unavailable
CRITICAL:strat7:2022-11-22 16:25:55,587:12461: Yes my_avgbuy_price unavailable
CRITICAL:strat7:2022-11-22 16:26:12,030:12462: No my_buy_price unavailable
CRITICAL:strat7:2022-11-22 16:26:14,730:12462: No my_buy_price unavailable
CRITICAL:strat7:2022-11-22 16:26:31,222:12463: No my_buy_price unavailable
CRITICAL:strat7:2022-11-22 16:26:34,074:12463: No my_buy_price unavailable
CRITICAL:strat7:2022-11-22 16:26:50,614:12464: No my_buy_price unavailable
CRITICAL:strat7:2022-11-22 16:26:53,360:12464: No my_buy_price unavailable
CRITICAL:strat7:2022-11-22 16:28:17,762:12461: No my_buy_price unavailable
CRITICAL:strat7:2022-11-22 16:28:23,087:12461: No my_buy_price unavailable
CRITICAL:strat7:2022-11-22 16:28:41,664:12462: No my_buy_price unavailable
CRITICAL:strat7:2022-11-22 16:28:44,739:12462: No my_buy_price unavailable
CRITICAL:strat7:2022-11-22 16:29:02,343:12463: No my_buy_price unavailable
CRITICAL:strat7:2022-11-22 16:29:05,468:12463: No my_buy_price unavailable
CRITICAL:strat7:2022-11-22 16:29:23,452:12464: No my_buy_price unavailable
CRITICAL:strat7:2022-11-22 16:29:26,682:12464: No my_buy_price unavailable
CRITICAL:strat7:2022-11-22 16:30:48,215:12461: Yes my_avgbuy_price unavailable
CRITICAL:strat7:2022-11-22 16:30:51,860:12461: Yes my_avgbuy_price unavailable
CRITICAL:strat7:2022-11-22 16:31:10,858:12462: No my_buy_price unavailable
CRITICAL:strat7:2022-11-22 16:31:13,771:12462: No my_buy_price unavailable
CRITICAL:strat7:2022-11-22 16:31:34,459:12463: Yes my_avgbuy_price unavailable
CRITICAL:strat7:2022-11-22 16:31:38,171:12463: Yes my_avgbuy_price unavailable
CRITICAL:strat7:2022-11-22 16:31:57,158:12464: No my_buy_price unavailable
CRITICAL:strat7:2022-11-22 16:31:59,823:12464: No my_buy_price unavailable
CRITICAL:strat7:2022-11-22 16:33:22,586:12461: No my_buy_price unavailable
CRITICAL:strat7:2022-11-22 16:33:27,343:12461: No my_buy_price unavailable
CRITICAL:strat7:2022-11-22 16:33:50,453:12462: No my_buy_price unavailable
CRITICAL:strat7:2022-11-22 16:33:53,932:12462: No my_buy_price unavailable
CRITICAL:strat7:2022-11-22 16:34:17,276:12463: No my_buy_price unavailable
CRITICAL:strat7:2022-11-22 16:34:21,947:12463: No my_buy_price unavailable
CRITICAL:strat7:2022-11-22 16:34:46,134:12464: Yes my_avgbuy_price unavailable
CRITICAL:strat7:2022-11-22 16:34:50,628:12464: Yes my_avgbuy_price unavailable
CRITICAL:strat7:2022-11-22 16:36:07,686:12461: No my_buy_price unavailable
CRITICAL:strat7:2022-11-22 16:36:12,395:12461: No my_buy_price unavailable
CRITICAL:strat7:2022-11-22 16:36:32,442:12462: No my_buy_price unavailable
CRITICAL:strat7:2022-11-22 16:36:35,507:12462: No my_buy_price unavailable
CRITICAL:strat7:2022-11-22 16:36:54,699:12463: No my_buy_price unavailable
CRITICAL:strat7:2022-11-22 16:36:58,582:12463: No my_buy_price unavailable
CRITICAL:strat7:2022-11-22 16:37:16,852:12464: Yes my_avgbuy_price unavailable
CRITICAL:strat7:2022-11-22 16:37:19,930:12464: Yes my_avgbuy_price unavailable
CRITICAL:strat7:2022-11-22 16:38:44,323:12461: No my_buy_price unavailable
CRITICAL:strat7:2022-11-22 16:38:48,231:12461: No my_buy_price unavailable
CRITICAL:strat7:2022-11-22 16:39:11,352:12462: No my_buy_price unavailable
CRITICAL:strat7:2022-11-22 16:39:14,755:12462: No my_buy_price unavailable
CRITICAL:strat7:2022-11-22 16:39:36,806:12463: No my_buy_price unavailable
CRITICAL:strat7:2022-11-22 16:39:39,883:12463: No my_buy_price unavailable
CRITICAL:strat7:2022-11-22 16:40:01,978:12464: Yes my_avgbuy_price unavailable
CRITICAL:strat7:2022-11-22 16:40:04,977:12464: Yes my_avgbuy_price unavailable
CRITICAL:strat7:2022-11-22 16:41:28,603:12461: No my_buy_price unavailable
CRITICAL:strat7:2022-11-22 16:41:31,628:12461: No my_buy_price unavailable
CRITICAL:strat7:2022-11-22 16:41:54,261:12462: No my_buy_price unavailable
CRITICAL:strat7:2022-11-22 16:41:57,583:12462: No my_buy_price unavailable
CRITICAL:strat7:2022-11-22 16:42:22,511:12463: No my_buy_price unavailable
CRITICAL:strat7:2022-11-22 16:42:25,388:12463: No my_buy_price unavailable
CRITICAL:strat7:2022-11-22 16:42:51,182:12464: No my_buy_price unavailable
CRITICAL:strat7:2022-11-22 16:42:54,873:12464: No my_buy_price unavailable
CRITICAL:strat7:2022-11-22 16:44:14,675:12461: No my_buy_price unavailable
CRITICAL:strat7:2022-11-22 16:44:17,998:12461: No my_buy_price unavailable
CRITICAL:strat7:2022-11-22 16:44:37,111:12462: No my_buy_price unavailable
CRITICAL:strat7:2022-11-22 16:44:40,515:12462: No my_buy_price unavailable
CRITICAL:strat7:2022-11-22 16:45:02,147:12463: Yes my_avgbuy_price unavailable
CRITICAL:strat7:2022-11-22 16:45:06,227:12463: Yes my_avgbuy_price unavailable
CRITICAL:strat7:2022-11-22 16:45:29,778:12464: Yes my_avgbuy_price unavailable
CRITICAL:strat7:2022-11-22 16:46:53,715:12461: No my_buy_price unavailable
CRITICAL:strat7:2022-11-22 16:46:56,806:12461: No my_buy_price unavailable
CRITICAL:strat7:2022-11-22 16:47:17,665:12462: No my_buy_price unavailable
CRITICAL:strat7:2022-11-22 16:47:20,707:12462: No my_buy_price unavailable
CRITICAL:strat7:2022-11-22 16:47:45,266:12463: No my_buy_price unavailable
CRITICAL:strat7:2022-11-22 16:47:49,342:12463: No my_buy_price unavailable
CRITICAL:strat7:2022-11-22 16:48:10,041:12464: Yes my_avgbuy_price unavailable
CRITICAL:strat7:2022-11-22 16:48:12,948:12464: Yes my_avgbuy_price unavailable
CRITICAL:strat7:2022-11-22 16:49:35,158:12461: No my_buy_price unavailable
CRITICAL:strat7:2022-11-22 16:49:38,506:12461: No my_buy_price unavailable
CRITICAL:strat7:2022-11-22 16:50:00,114:12462: No my_buy_price unavailable
CRITICAL:strat7:2022-11-22 16:50:03,563:12462: No my_buy_price unavailable
CRITICAL:strat7:2022-11-22 16:50:26,595:12463: Yes my_avgbuy_price unavailable
CRITICAL:strat7:2022-11-22 16:50:30,767:12463: Yes my_avgbuy_price unavailable
CRITICAL:strat7:2022-11-22 16:50:51,718:12464: Yes my_avgbuy_price unavailable
CRITICAL:strat7:2022-11-22 16:50:54,386:12464: Yes my_avgbuy_price unavailable
CRITICAL:strat7:2022-11-22 16:52:14,467:12461: No my_buy_price unavailable
CRITICAL:strat7:2022-11-22 16:52:17,524:12461: No my_buy_price unavailable
CRITICAL:strat7:2022-11-22 16:52:38,542:12462: No my_buy_price unavailable
CRITICAL:strat7:2022-11-22 16:52:41,480:12462: No my_buy_price unavailable
CRITICAL:strat7:2022-11-22 16:53:05,272:12463: No my_buy_price unavailable
CRITICAL:strat7:2022-11-22 16:53:09,326:12463: No my_buy_price unavailable
CRITICAL:strat7:2022-11-22 16:53:31,679:12464: Yes my_avgbuy_price unavailable
CRITICAL:strat7:2022-11-22 16:53:34,620:12464: Yes my_avgbuy_price unavailable
CRITICAL:strat7:2022-11-22 16:54:58,033:12461: No my_buy_price unavailable
CRITICAL:strat7:2022-11-22 16:55:01,083:12461: No my_buy_price unavailable
CRITICAL:strat7:2022-11-22 16:55:22,650:12462: No my_buy_price unavailable
CRITICAL:strat7:2022-11-22 16:55:26,152:12462: No my_buy_price unavailable
CRITICAL:strat7:2022-11-22 16:55:47,672:12463: No my_buy_price unavailable
CRITICAL:strat7:2022-11-22 16:55:50,637:12463: No my_buy_price unavailable
CRITICAL:strat7:2022-11-22 16:56:11,155:12464: Yes my_avgbuy_price unavailable
CRITICAL:strat7:2022-11-22 16:56:14,409:12464: Yes my_avgbuy_price unavailable
CRITICAL:strat7:2022-11-22 16:57:36,198:12461: No my_buy_price unavailable
CRITICAL:strat7:2022-11-22 16:57:39,576:12461: No my_buy_price unavailable
CRITICAL:strat7:2022-11-22 16:57:58,646:12462: No my_buy_price unavailable
CRITICAL:strat7:2022-11-22 16:58:01,714:12462: No my_buy_price unavailable
CRITICAL:strat7:2022-11-22 16:58:22,150:12463: No my_buy_price unavailable
CRITICAL:strat7:2022-11-22 16:58:25,126:12463: No my_buy_price unavailable
CRITICAL:strat7:2022-11-22 16:58:46,899:12464: Yes my_avgbuy_price unavailable
CRITICAL:strat7:2022-11-22 16:58:49,963:12464: Yes my_avgbuy_price unavailable
CRITICAL:strat7:2022-11-22 17:00:12,162:12461: No my_buy_price unavailable
CRITICAL:strat7:2022-11-22 17:00:15,317:12461: No my_buy_price unavailable
CRITICAL:strat7:2022-11-22 17:00:38,417:12462: Yes my_avgbuy_price unavailable
CRITICAL:strat7:2022-11-22 17:00:42,417:12462: Yes my_avgbuy_price unavailable
CRITICAL:strat7:2022-11-22 17:01:05,518:12463: No my_buy_price unavailable
CRITICAL:strat7:2022-11-22 17:01:07,923:12463: No my_buy_price unavailable
CRITICAL:strat7:2022-11-22 17:01:32,627:12464: No my_buy_price unavailable
CRITICAL:strat7:2022-11-22 17:01:36,567:12464: No my_buy_price unavailable
CRITICAL:strat7:2022-11-22 17:03:01,963:12461: Yes my_avgbuy_price unavailable
CRITICAL:strat7:2022-11-22 17:03:05,836:12461: Yes my_avgbuy_price unavailable
CRITICAL:strat7:2022-11-22 17:03:27,196:12462: Yes my_avgbuy_price unavailable
CRITICAL:strat7:2022-11-22 17:03:29,614:12462: Yes my_avgbuy_price unavailable
CRITICAL:strat7:2022-11-22 17:18:29,817:12463: Yes my_avgbuy_price unavailable
CRITICAL:strat7:2022-11-22 17:18:33,232:12463: Yes my_avgbuy_price unavailable
CRITICAL:strat7:2022-11-22 17:18:49,892:12464: No my_buy_price unavailable
CRITICAL:strat7:2022-11-22 17:18:52,529:12464: No my_buy_price unavailable
CRITICAL:strat7:2022-11-22 17:20:11,427:12461: Yes my_avgbuy_price unavailable
CRITICAL:strat7:2022-11-22 17:20:14,153:12461: Yes my_avgbuy_price unavailable
CRITICAL:strat7:2022-11-22 17:20:33,998:12462: No my_buy_price unavailable
CRITICAL:strat7:2022-11-22 17:20:37,623:12462: No my_buy_price unavailable
CRITICAL:strat7:2022-11-22 17:20:57,491:12463: No my_buy_price unavailable
CRITICAL:strat7:2022-11-22 17:21:01,163:12463: No my_buy_price unavailable
CRITICAL:strat7:2022-11-22 17:21:20,930:12464: No my_buy_price unavailable
CRITICAL:strat7:2022-11-22 17:21:24,294:12464: No my_buy_price unavailable
CRITICAL:strat7:2022-11-22 17:22:42,761:12461: Yes my_avgbuy_price unavailable
CRITICAL:strat7:2022-11-22 17:22:45,584:12461: Yes my_avgbuy_price unavailable
CRITICAL:strat7:2022-11-22 17:23:04,746:12462: Yes my_avgbuy_price unavailable
CRITICAL:strat7:2022-11-22 17:23:08,325:12462: Yes my_avgbuy_price unavailable
CRITICAL:strat7:2022-11-22 17:23:51,753:12464: No my_buy_price unavailable
CRITICAL:strat7:2022-11-22 17:23:54,402:12464: No my_buy_price unavailable
CRITICAL:strat7:2022-11-22 17:25:11,023:12461: Yes my_avgbuy_price unavailable
CRITICAL:strat7:2022-11-22 17:25:13,630:12461: Yes my_avgbuy_price unavailable
CRITICAL:strat7:2022-11-22 17:25:29,696:12462: Yes my_avgbuy_price unavailable
CRITICAL:strat7:2022-11-22 17:25:31,894:12462: Yes my_avgbuy_price unavailable
CRITICAL:strat7:2022-11-22 17:26:08,297:12464: Yes my_avgbuy_price unavailable
CRITICAL:strat7:2022-11-22 17:30:24,569:12461: Yes my_avgbuy_price unavailable
CRITICAL:strat7:2022-11-22 17:30:27,272:12461: Yes my_avgbuy_price unavailable
CRITICAL:strat7:2022-11-22 17:30:45,650:12462: No my_buy_price unavailable
CRITICAL:strat7:2022-11-22 17:30:49,100:12462: No my_buy_price unavailable
CRITICAL:strat7:2022-11-22 17:31:26,592:12464: Yes my_avgbuy_price unavailable
CRITICAL:strat7:2022-11-22 17:31:29,120:12464: Yes my_avgbuy_price unavailable
CRITICAL:strat7:2022-11-22 17:32:48,751:12461: No my_buy_price unavailable
CRITICAL:strat7:2022-11-22 17:32:52,394:12461: No my_buy_price unavailable
CRITICAL:strat7:2022-11-22 17:33:13,481:12462: No my_buy_price unavailable
CRITICAL:strat7:2022-11-22 17:33:15,597:12462: No my_buy_price unavailable
CRITICAL:strat7:2022-11-22 17:33:54,000:12464: Yes my_avgbuy_price unavailable
CRITICAL:strat7:2022-11-22 17:33:56,564:12464: Yes my_avgbuy_price unavailable
CRITICAL:strat7:2022-11-22 17:35:12,967:12461: No my_buy_price unavailable
CRITICAL:strat7:2022-11-22 17:35:15,543:12461: No my_buy_price unavailable
CRITICAL:strat7:2022-11-22 17:35:31,211:12462: No my_buy_price unavailable
CRITICAL:strat7:2022-11-22 17:35:33,244:12462: No my_buy_price unavailable
CRITICAL:strat7:2022-11-22 17:36:08,484:12464: Yes my_avgbuy_price unavailable
CRITICAL:strat7:2022-11-22 17:36:11,082:12464: Yes my_avgbuy_price unavailable
CRITICAL:strat7:2022-11-22 17:37:27,369:12461: No my_buy_price unavailable
CRITICAL:strat7:2022-11-22 17:37:29,977:12461: No my_buy_price unavailable
CRITICAL:strat7:2022-11-22 17:37:46,344:12462: No my_buy_price unavailable
CRITICAL:strat7:2022-11-22 17:37:48,363:12462: No my_buy_price unavailable
CRITICAL:strat7:2022-11-22 17:38:23,464:12464: Yes my_avgbuy_price unavailable
CRITICAL:strat7:2022-11-22 17:38:26,083:12464: Yes my_avgbuy_price unavailable
CRITICAL:strat7:2022-11-22 17:39:43,204:12461: No my_buy_price unavailable
CRITICAL:strat7:2022-11-22 17:39:45,884:12461: No my_buy_price unavailable
CRITICAL:strat7:2022-11-22 17:40:02,951:12462: No my_buy_price unavailable
CRITICAL:strat7:2022-11-22 17:40:05,153:12462: No my_buy_price unavailable
CRITICAL:strat7:2022-11-22 17:40:22,511:12463: Yes my_avgbuy_price unavailable
CRITICAL:strat7:2022-11-22 17:40:25,275:12463: Yes my_avgbuy_price unavailable
CRITICAL:strat7:2022-11-22 17:40:42,804:12464: Yes my_avgbuy_price unavailable
CRITICAL:strat7:2022-11-22 17:40:45,566:12464: Yes my_avgbuy_price unavailable
CRITICAL:strat7:2022-11-22 17:42:01,834:12461: No my_buy_price unavailable
CRITICAL:strat7:2022-11-22 17:42:04,485:12461: No my_buy_price unavailable
CRITICAL:strat7:2022-11-22 17:42:38,754:12463: Yes my_avgbuy_price unavailable
CRITICAL:strat7:2022-11-22 17:42:41,313:12463: Yes my_avgbuy_price unavailable
CRITICAL:strat7:2022-11-22 17:42:57,382:12464: Yes my_avgbuy_price unavailable
CRITICAL:strat7:2022-11-22 17:42:59,906:12464: Yes my_avgbuy_price unavailable
CRITICAL:strat7:2022-11-22 17:44:16,094:12461: No my_buy_price unavailable
CRITICAL:strat7:2022-11-22 17:44:18,667:12461: No my_buy_price unavailable
CRITICAL:strat7:2022-11-22 17:44:58,312:12463: Yes my_avgbuy_price unavailable
CRITICAL:strat7:2022-11-22 17:45:00,328:12463: Yes my_avgbuy_price unavailable
CRITICAL:strat7:2022-11-22 17:45:17,705:12464: Yes my_avgbuy_price unavailable
CRITICAL:strat7:2022-11-22 17:45:20,204:12464: Yes my_avgbuy_price unavailable
CRITICAL:strat7:2022-11-22 17:46:37,047:12461: No my_buy_price unavailable
CRITICAL:strat7:2022-11-22 17:46:39,168:12461: No my_buy_price unavailable
CRITICAL:strat7:2022-11-22 17:46:58,821:12462: Yes my_avgbuy_price unavailable
CRITICAL:strat7:2022-11-22 17:47:02,379:12462: Yes my_avgbuy_price unavailable
CRITICAL:strat7:2022-11-22 17:47:39,557:12464: Yes my_avgbuy_price unavailable
CRITICAL:strat7:2022-11-22 17:47:42,328:12464: Yes my_avgbuy_price unavailable
CRITICAL:strat7:2022-11-22 17:49:00,859:12461: Yes my_avgbuy_price unavailable
CRITICAL:strat7:2022-11-22 17:49:06,791:12461: Yes my_avgbuy_price unavailable
CRITICAL:strat7:2022-11-22 17:49:23,734:12462: Yes my_avgbuy_price unavailable
CRITICAL:strat7:2022-11-22 17:49:26,371:12462: Yes my_avgbuy_price unavailable
CRITICAL:strat7:2022-11-22 17:50:04,485:12464: Yes my_avgbuy_price unavailable
CRITICAL:strat7:2022-11-22 17:50:06,633:12464: Yes my_avgbuy_price unavailable
CRITICAL:strat7:2022-11-22 17:51:25,765:12461: Yes my_avgbuy_price unavailable
CRITICAL:strat7:2022-11-22 17:51:31,962:12461: Yes my_avgbuy_price unavailable
CRITICAL:strat7:2022-11-22 17:51:48,605:12462: Yes my_avgbuy_price unavailable
CRITICAL:strat7:2022-11-22 17:51:51,241:12462: Yes my_avgbuy_price unavailable
CRITICAL:strat7:2022-11-22 17:52:07,906:12463: Yes my_avgbuy_price unavailable
CRITICAL:strat7:2022-11-22 17:52:10,480:12463: Yes my_avgbuy_price unavailable
CRITICAL:strat7:2022-11-22 17:52:28,747:12464: Yes my_avgbuy_price unavailable
CRITICAL:strat7:2022-11-22 17:52:31,480:12464: Yes my_avgbuy_price unavailable
CRITICAL:strat7:2022-11-22 17:53:50,975:12461: Yes my_avgbuy_price unavailable
CRITICAL:strat7:2022-11-22 17:53:53,567:12461: Yes my_avgbuy_price unavailable
CRITICAL:strat7:2022-11-22 17:54:13,454:12462: Yes my_avgbuy_price unavailable
CRITICAL:strat7:2022-11-22 17:54:15,551:12462: Yes my_avgbuy_price unavailable
CRITICAL:strat7:2022-11-22 17:54:35,387:12463: Yes my_avgbuy_price unavailable
CRITICAL:strat7:2022-11-22 17:54:37,407:12463: Yes my_avgbuy_price unavailable
CRITICAL:strat7:2022-11-22 17:54:55,066:12464: Yes my_avgbuy_price unavailable
CRITICAL:strat7:2022-11-22 17:54:57,658:12464: Yes my_avgbuy_price unavailable
CRITICAL:strat7:2022-11-22 17:56:13,077:12461: Yes my_avgbuy_price unavailable
CRITICAL:strat7:2022-11-22 17:56:15,575:12461: Yes my_avgbuy_price unavailable
CRITICAL:strat7:2022-11-22 17:56:32,754:12462: Yes my_avgbuy_price unavailable
CRITICAL:strat7:2022-11-22 17:56:35,289:12462: Yes my_avgbuy_price unavailable
CRITICAL:strat7:2022-11-22 17:57:10,627:12464: Yes my_avgbuy_price unavailable
CRITICAL:strat7:2022-11-22 17:57:13,181:12464: Yes my_avgbuy_price unavailable
CRITICAL:strat7:2022-11-22 17:58:28,703:12461: Yes my_avgbuy_price unavailable
CRITICAL:strat7:2022-11-22 17:58:31,274:12461: Yes my_avgbuy_price unavailable
CRITICAL:strat7:2022-11-22 17:58:50,663:12462: No my_buy_price unavailable
CRITICAL:strat7:2022-11-22 17:58:54,161:12462: No my_buy_price unavailable
CRITICAL:strat7:2022-11-22 17:59:14,390:12463: No my_buy_price unavailable
CRITICAL:strat7:2022-11-22 17:59:23,985:12463: No my_buy_price unavailable
CRITICAL:strat7:2022-11-22 17:59:45,221:12464: Yes my_avgbuy_price unavailable
CRITICAL:strat7:2022-11-22 17:59:47,949:12464: Yes my_avgbuy_price unavailable
CRITICAL:strat7:2022-11-22 18:01:25,184:12462: Yes my_avgbuy_price unavailable
CRITICAL:strat7:2022-11-22 18:01:30,907:12462: Yes my_avgbuy_price unavailable
CRITICAL:strat7:2022-11-22 18:02:10,956:12464: Yes my_avgbuy_price unavailable
CRITICAL:strat7:2022-11-22 18:02:13,606:12464: Yes my_avgbuy_price unavailable
CRITICAL:strat7:2022-11-22 18:03:52,657:12462: Yes my_avgbuy_price unavailable
CRITICAL:strat7:2022-11-22 18:03:58,531:12462: Yes my_avgbuy_price unavailable
CRITICAL:strat7:2022-11-22 18:04:34,522:12464: Yes my_avgbuy_price unavailable
CRITICAL:strat7:2022-11-22 18:04:37,070:12464: Yes my_avgbuy_price unavailable
CRITICAL:strat7:2022-11-22 18:05:56,980:12461: Yes my_avgbuy_price unavailable
CRITICAL:strat7:2022-11-22 18:06:01,071:12461: Yes my_avgbuy_price unavailable
CRITICAL:strat7:2022-11-22 18:06:22,885:12462: Yes my_avgbuy_price unavailable
CRITICAL:strat7:2022-11-22 18:06:28,735:12462: Yes my_avgbuy_price unavailable
CRITICAL:strat7:2022-11-22 18:08:29,374:12461: Yes my_avgbuy_price unavailable
CRITICAL:strat7:2022-11-22 18:08:31,942:12461: Yes my_avgbuy_price unavailable
CRITICAL:strat7:2022-11-22 18:08:52,074:12462: Yes my_avgbuy_price unavailable
CRITICAL:strat7:2022-11-22 18:08:57,770:12462: Yes my_avgbuy_price unavailable
CRITICAL:strat7:2022-11-22 18:09:35,327:12464: Yes my_avgbuy_price unavailable
CRITICAL:strat7:2022-11-22 18:09:37,346:12464: Yes my_avgbuy_price unavailable
CRITICAL:strat7:2022-11-22 18:10:53,879:12461: Yes my_avgbuy_price unavailable
CRITICAL:strat7:2022-11-22 18:10:56,432:12461: Yes my_avgbuy_price unavailable
CRITICAL:strat7:2022-11-22 18:11:16,594:12462: Yes my_avgbuy_price unavailable
CRITICAL:strat7:2022-11-22 18:11:22,308:12462: Yes my_avgbuy_price unavailable
CRITICAL:strat7:2022-11-22 18:13:21,481:12461: Yes my_avgbuy_price unavailable
CRITICAL:strat7:2022-11-22 18:13:23,996:12461: Yes my_avgbuy_price unavailable
CRITICAL:strat7:2022-11-22 18:13:44,131:12462: Yes my_avgbuy_price unavailable
CRITICAL:strat7:2022-11-22 18:13:49,939:12462: Yes my_avgbuy_price unavailable
CRITICAL:strat7:2022-11-22 18:15:38,230:12461: Yes my_avgbuy_price unavailable
CRITICAL:strat7:2022-11-22 18:15:40,839:12461: Yes my_avgbuy_price unavailable
CRITICAL:strat7:2022-11-22 18:16:00,991:12462: Yes my_avgbuy_price unavailable
CRITICAL:strat7:2022-11-22 18:16:06,813:12462: Yes my_avgbuy_price unavailable
CRITICAL:strat7:2022-11-22 18:18:04,396:12461: Yes my_avgbuy_price unavailable
CRITICAL:strat7:2022-11-22 18:18:07,013:12461: Yes my_avgbuy_price unavailable
CRITICAL:strat7:2022-11-22 18:18:28,385:12462: Yes my_avgbuy_price unavailable
CRITICAL:strat7:2022-11-22 18:18:34,491:12462: Yes my_avgbuy_price unavailable
CRITICAL:strat7:2022-11-22 18:20:44,568:12462: Yes my_avgbuy_price unavailable
CRITICAL:strat7:2022-11-22 18:20:50,500:12462: Yes my_avgbuy_price unavailable
CRITICAL:strat7:2022-11-22 18:22:42,125:12461: Yes my_avgbuy_price unavailable
CRITICAL:strat7:2022-11-22 18:22:44,686:12461: Yes my_avgbuy_price unavailable
CRITICAL:strat7:2022-11-22 18:23:04,987:12462: Yes my_avgbuy_price unavailable
CRITICAL:strat7:2022-11-22 18:23:10,751:12462: Yes my_avgbuy_price unavailable
CRITICAL:strat7:2022-11-22 18:23:30,488:12463: Yes my_avgbuy_price unavailable
CRITICAL:strat7:2022-11-22 18:23:32,508:12463: Yes my_avgbuy_price unavailable
CRITICAL:strat7:2022-11-22 18:25:04,467:12461: Yes my_avgbuy_price unavailable
CRITICAL:strat7:2022-11-22 18:25:07,664:12461: Yes my_avgbuy_price unavailable
CRITICAL:strat7:2022-11-22 18:25:28,968:12462: Yes my_avgbuy_price unavailable
CRITICAL:strat7:2022-11-22 18:25:34,969:12462: Yes my_avgbuy_price unavailable
CRITICAL:strat7:2022-11-22 18:25:52,320:12463: Yes my_avgbuy_price unavailable
CRITICAL:strat7:2022-11-22 18:25:54,865:12463: Yes my_avgbuy_price unavailable
CRITICAL:strat7:2022-11-22 18:27:26,104:12461: Yes my_avgbuy_price unavailable
CRITICAL:strat7:2022-11-22 18:27:29,127:12461: Yes my_avgbuy_price unavailable
CRITICAL:strat7:2022-11-22 18:28:10,365:12463: Yes my_avgbuy_price unavailable
CRITICAL:strat7:2022-11-22 18:28:12,945:12463: Yes my_avgbuy_price unavailable
CRITICAL:strat7:2022-11-22 18:29:43,925:12461: Yes my_avgbuy_price unavailable
CRITICAL:strat7:2022-11-22 18:29:47,196:12461: Yes my_avgbuy_price unavailable
CRITICAL:strat7:2022-11-22 18:30:28,018:12463: No my_buy_price unavailable
CRITICAL:strat7:2022-11-22 18:30:31,466:12463: No my_buy_price unavailable
CRITICAL:strat7:2022-11-22 18:32:07,146:12461: Yes my_avgbuy_price unavailable
CRITICAL:strat7:2022-11-22 18:32:10,380:12461: Yes my_avgbuy_price unavailable
CRITICAL:strat7:2022-11-22 18:32:44,789:12463: Yes my_avgbuy_price unavailable
CRITICAL:strat7:2022-11-22 18:32:48,214:12463: Yes my_avgbuy_price unavailable
CRITICAL:strat7:2022-11-22 18:34:20,874:12461: Yes my_avgbuy_price unavailable
CRITICAL:strat7:2022-11-22 18:34:24,081:12461: Yes my_avgbuy_price unavailable
CRITICAL:strat7:2022-11-22 18:34:56,073:12463: Yes my_avgbuy_price unavailable
CRITICAL:strat7:2022-11-22 18:34:58,708:12463: Yes my_avgbuy_price unavailable
CRITICAL:strat7:2022-11-22 18:36:30,803:12461: Yes my_avgbuy_price unavailable
CRITICAL:strat7:2022-11-22 18:36:33,905:12461: Yes my_avgbuy_price unavailable
CRITICAL:strat7:2022-11-22 18:37:06,412:12463: Yes my_avgbuy_price unavailable
CRITICAL:strat7:2022-11-22 18:37:09,032:12463: Yes my_avgbuy_price unavailable
CRITICAL:strat7:2022-11-22 18:37:29,097:12464: Yes my_avgbuy_price unavailable
CRITICAL:strat7:2022-11-22 18:37:31,427:12464: Yes my_avgbuy_price unavailable
CRITICAL:strat7:2022-11-22 18:38:47,821:12461: Yes my_avgbuy_price unavailable
CRITICAL:strat7:2022-11-22 18:38:51,025:12461: Yes my_avgbuy_price unavailable
CRITICAL:strat7:2022-11-22 18:39:28,721:12463: No my_buy_price unavailable
CRITICAL:strat7:2022-11-22 18:39:32,149:12463: No my_buy_price unavailable
CRITICAL:strat7:2022-11-22 18:39:51,248:12464: Yes my_avgbuy_price unavailable
CRITICAL:strat7:2022-11-22 18:39:53,272:12464: Yes my_avgbuy_price unavailable
CRITICAL:strat7:2022-11-22 18:41:09,533:12461: Yes my_avgbuy_price unavailable
CRITICAL:strat7:2022-11-22 18:41:12,640:12461: Yes my_avgbuy_price unavailable
CRITICAL:strat7:2022-11-22 18:41:46,300:12463: Yes my_avgbuy_price unavailable
CRITICAL:strat7:2022-11-22 18:41:52,281:12463: Yes my_avgbuy_price unavailable
CRITICAL:strat7:2022-11-22 18:42:12,716:12464: Yes my_avgbuy_price unavailable
CRITICAL:strat7:2022-11-22 18:42:14,813:12464: Yes my_avgbuy_price unavailable
CRITICAL:strat7:2022-11-22 18:43:31,144:12461: Yes my_avgbuy_price unavailable
CRITICAL:strat7:2022-11-22 18:43:34,373:12461: Yes my_avgbuy_price unavailable
CRITICAL:strat7:2022-11-22 18:43:53,939:12462: Yes my_avgbuy_price unavailable
CRITICAL:strat7:2022-11-22 18:43:58,096:12462: Yes my_avgbuy_price unavailable
CRITICAL:strat7:2022-11-22 18:44:19,884:12463: Yes my_avgbuy_price unavailable
CRITICAL:strat7:2022-11-22 18:44:26,194:12463: Yes my_avgbuy_price unavailable
CRITICAL:strat7:2022-11-22 18:44:43,792:12464: Yes my_avgbuy_price unavailable
CRITICAL:strat7:2022-11-22 18:44:46,450:12464: Yes my_avgbuy_price unavailable
CRITICAL:strat7:2022-11-22 18:46:04,227:12461: Yes my_avgbuy_price unavailable
CRITICAL:strat7:2022-11-22 18:46:07,475:12461: Yes my_avgbuy_price unavailable
CRITICAL:strat7:2022-11-22 18:46:25,119:12462: Yes my_avgbuy_price unavailable
CRITICAL:strat7:2022-11-22 18:46:27,854:12462: Yes my_avgbuy_price unavailable
CRITICAL:strat7:2022-11-22 18:46:48,538:12463: Yes my_avgbuy_price unavailable
CRITICAL:strat7:2022-11-22 18:46:54,376:12463: Yes my_avgbuy_price unavailable
CRITICAL:strat7:2022-11-22 18:47:11,056:12464: Yes my_avgbuy_price unavailable
CRITICAL:strat7:2022-11-22 18:47:13,586:12464: Yes my_avgbuy_price unavailable
CRITICAL:strat7:2022-11-22 18:48:29,750:12461: Yes my_avgbuy_price unavailable
CRITICAL:strat7:2022-11-22 18:48:32,921:12461: Yes my_avgbuy_price unavailable
CRITICAL:strat7:2022-11-22 18:48:51,042:12462: Yes my_avgbuy_price unavailable
CRITICAL:strat7:2022-11-22 18:48:53,582:12462: Yes my_avgbuy_price unavailable
CRITICAL:strat7:2022-11-22 18:49:13,442:12463: Yes my_avgbuy_price unavailable
CRITICAL:strat7:2022-11-22 18:49:15,998:12463: Yes my_avgbuy_price unavailable
CRITICAL:strat7:2022-11-22 18:49:36,145:12464: Yes my_avgbuy_price unavailable
CRITICAL:strat7:2022-11-22 18:49:38,227:12464: Yes my_avgbuy_price unavailable
CRITICAL:strat7:2022-11-22 18:50:55,681:12461: Yes my_avgbuy_price unavailable
CRITICAL:strat7:2022-11-22 18:50:59,195:12461: Yes my_avgbuy_price unavailable
CRITICAL:strat7:2022-11-22 18:51:17,673:12462: Yes my_avgbuy_price unavailable
CRITICAL:strat7:2022-11-22 18:51:20,581:12462: Yes my_avgbuy_price unavailable
CRITICAL:strat7:2022-11-22 18:53:20,579:12461: Yes my_avgbuy_price unavailable
CRITICAL:strat7:2022-11-22 18:53:23,673:12461: Yes my_avgbuy_price unavailable
CRITICAL:strat7:2022-11-22 18:53:43,752:12462: Yes my_avgbuy_price unavailable
CRITICAL:strat7:2022-11-22 18:53:49,570:12462: Yes my_avgbuy_price unavailable
CRITICAL:strat7:2022-11-22 18:54:08,717:12463: Yes my_avgbuy_price unavailable
CRITICAL:strat7:2022-11-22 18:54:14,557:12463: Yes my_avgbuy_price unavailable
CRITICAL:strat7:2022-11-22 18:55:48,036:12461: Yes my_avgbuy_price unavailable
CRITICAL:strat7:2022-11-22 18:55:50,176:12461: Yes my_avgbuy_price unavailable
CRITICAL:strat7:2022-11-22 18:56:10,254:12462: Yes my_avgbuy_price unavailable
CRITICAL:strat7:2022-11-22 18:56:51,414:12464: Yes my_avgbuy_price unavailable
CRITICAL:strat7:2022-11-22 18:56:54,122:12464: Yes my_avgbuy_price unavailable
CRITICAL:strat7:2022-11-22 18:58:10,393:12461: Yes my_avgbuy_price unavailable
CRITICAL:strat7:2022-11-22 18:58:15,709:12461: Yes my_avgbuy_price unavailable
CRITICAL:strat7:2022-11-22 18:58:31,857:12462: Yes my_avgbuy_price unavailable
CRITICAL:strat7:2022-11-22 18:58:50,571:12463: Yes my_avgbuy_price unavailable
CRITICAL:strat7:2022-11-22 18:58:56,369:12463: Yes my_avgbuy_price unavailable
CRITICAL:strat7:2022-11-22 18:59:16,345:12464: Yes my_avgbuy_price unavailable
CRITICAL:strat7:2022-11-22 18:59:18,349:12464: Yes my_avgbuy_price unavailable
CRITICAL:strat7:2022-11-22 19:00:33,553:12461: Yes my_avgbuy_price unavailable
CRITICAL:strat7:2022-11-22 19:00:35,125:12461: Yes my_avgbuy_price unavailable
CRITICAL:strat7:2022-11-22 19:00:51,001:12462: Yes my_avgbuy_price unavailable
CRITICAL:strat7:2022-11-22 19:01:11,178:12463: Yes my_avgbuy_price unavailable
CRITICAL:strat7:2022-11-22 19:01:17,073:12463: Yes my_avgbuy_price unavailable
CRITICAL:strat7:2022-11-22 19:02:50,408:12461: Yes my_avgbuy_price unavailable
CRITICAL:strat7:2022-11-22 19:02:51,949:12461: Yes my_avgbuy_price unavailable
CRITICAL:strat7:2022-11-22 19:03:08,986:12462: Yes my_avgbuy_price unavailable
CRITICAL:strat7:2022-11-22 19:03:30,346:12463: Yes my_avgbuy_price unavailable
CRITICAL:strat7:2022-11-22 19:03:36,273:12463: Yes my_avgbuy_price unavailable
CRITICAL:strat7:2022-11-22 19:03:55,867:12464: Yes my_avgbuy_price unavailable
CRITICAL:strat7:2022-11-22 19:04:01,873:12464: Yes my_avgbuy_price unavailable
CRITICAL:strat7:2022-11-22 19:05:17,194:12461: Yes my_avgbuy_price unavailable
CRITICAL:strat7:2022-11-22 19:05:18,777:12461: Yes my_avgbuy_price unavailable
CRITICAL:strat7:2022-11-22 19:05:35,064:12462: Yes my_avgbuy_price unavailable
CRITICAL:strat7:2022-11-22 19:05:37,096:12462: Yes my_avgbuy_price unavailable
CRITICAL:strat7:2022-11-22 19:05:57,303:12463: Yes my_avgbuy_price unavailable
CRITICAL:strat7:2022-11-22 19:06:03,006:12463: Yes my_avgbuy_price unavailable
CRITICAL:strat7:2022-11-22 19:07:36,512:12461: Yes my_avgbuy_price unavailable
CRITICAL:strat7:2022-11-22 19:07:38,132:12461: Yes my_avgbuy_price unavailable
CRITICAL:strat7:2022-11-22 19:07:54,358:12462: Yes my_avgbuy_price unavailable
CRITICAL:strat7:2022-11-22 19:07:56,423:12462: Yes my_avgbuy_price unavailable
CRITICAL:strat7:2022-11-22 19:09:54,187:12461: Yes my_avgbuy_price unavailable
CRITICAL:strat7:2022-11-22 19:09:55,779:12461: Yes my_avgbuy_price unavailable
CRITICAL:strat7:2022-11-22 19:10:11,579:12462: Yes my_avgbuy_price unavailable
CRITICAL:strat7:2022-11-22 19:10:13,764:12462: Yes my_avgbuy_price unavailable
CRITICAL:strat7:2022-11-22 19:12:14,229:12461: Yes my_avgbuy_price unavailable
CRITICAL:strat7:2022-11-22 19:12:15,867:12461: Yes my_avgbuy_price unavailable
CRITICAL:strat7:2022-11-22 19:12:32,247:12462: Yes my_avgbuy_price unavailable
CRITICAL:strat7:2022-11-22 19:12:34,318:12462: Yes my_avgbuy_price unavailable
CRITICAL:strat7:2022-11-22 19:14:32,271:12461: Yes my_avgbuy_price unavailable
CRITICAL:strat7:2022-11-22 19:14:33,880:12461: Yes my_avgbuy_price unavailable
CRITICAL:strat7:2022-11-22 19:14:48,974:12462: Yes my_avgbuy_price unavailable
CRITICAL:strat7:2022-11-22 19:14:51,018:12462: Yes my_avgbuy_price unavailable
CRITICAL:strat7:2022-11-22 19:16:49,338:12461: Yes my_avgbuy_price unavailable
CRITICAL:strat7:2022-11-22 19:16:50,987:12461: Yes my_avgbuy_price unavailable
CRITICAL:strat7:2022-11-22 19:17:07,117:12462: Yes my_avgbuy_price unavailable
CRITICAL:strat7:2022-11-22 19:17:09,235:12462: Yes my_avgbuy_price unavailable
CRITICAL:strat7:2022-11-22 19:19:04,029:12461: Yes my_avgbuy_price unavailable
CRITICAL:strat7:2022-11-22 19:19:05,569:12461: Yes my_avgbuy_price unavailable
CRITICAL:strat7:2022-11-22 19:19:20,917:12462: Yes my_avgbuy_price unavailable
CRITICAL:strat7:2022-11-22 19:19:23,017:12462: Yes my_avgbuy_price unavailable
CRITICAL:strat7:2022-11-22 19:21:19,897:12461: Yes my_avgbuy_price unavailable
CRITICAL:strat7:2022-11-22 19:21:21,481:12461: Yes my_avgbuy_price unavailable
CRITICAL:strat7:2022-11-22 19:21:37,446:12462: Yes my_avgbuy_price unavailable
CRITICAL:strat7:2022-11-22 19:21:39,531:12462: Yes my_avgbuy_price unavailable
CRITICAL:strat7:2022-11-22 19:22:16,567:12464: No my_buy_price unavailable
CRITICAL:strat7:2022-11-22 19:22:18,678:12464: No my_buy_price unavailable
CRITICAL:strat7:2022-11-22 19:23:34,075:12461: Yes my_avgbuy_price unavailable
CRITICAL:strat7:2022-11-22 19:23:35,647:12461: Yes my_avgbuy_price unavailable
CRITICAL:strat7:2022-11-22 19:23:51,014:12462: Yes my_avgbuy_price unavailable
CRITICAL:strat7:2022-11-22 19:23:53,105:12462: Yes my_avgbuy_price unavailable
CRITICAL:strat7:2022-11-22 19:25:48,222:12461: Yes my_avgbuy_price unavailable
CRITICAL:strat7:2022-11-22 19:25:49,830:12461: Yes my_avgbuy_price unavailable
CRITICAL:strat7:2022-11-22 19:26:07,609:12462: Yes my_avgbuy_price unavailable
CRITICAL:strat7:2022-11-22 19:26:09,834:12462: Yes my_avgbuy_price unavailable
CRITICAL:strat7:2022-11-22 19:26:28,698:12463: Yes my_avgbuy_price unavailable
CRITICAL:strat7:2022-11-22 19:26:34,794:12463: Yes my_avgbuy_price unavailable
CRITICAL:strat7:2022-11-22 19:26:53,788:12464: Yes my_avgbuy_price unavailable
CRITICAL:strat7:2022-11-22 19:26:59,619:12464: Yes my_avgbuy_price unavailable
CRITICAL:strat7:2022-11-22 19:28:15,513:12461: Yes my_avgbuy_price unavailable
CRITICAL:strat7:2022-11-22 19:28:17,120:12461: Yes my_avgbuy_price unavailable
CRITICAL:strat7:2022-11-22 19:28:33,436:12462: Yes my_avgbuy_price unavailable
CRITICAL:strat7:2022-11-22 19:28:38,974:12462: Yes my_avgbuy_price unavailable
CRITICAL:strat7:2022-11-22 19:28:57,448:12463: Yes my_avgbuy_price unavailable
CRITICAL:strat7:2022-11-22 19:29:00,354:12463: Yes my_avgbuy_price unavailable
CRITICAL:strat7:2022-11-22 19:30:39,279:12461: Yes my_avgbuy_price unavailable
CRITICAL:strat7:2022-11-22 19:30:40,867:12461: Yes my_avgbuy_price unavailable
CRITICAL:strat7:2022-11-22 19:30:56,702:12462: Yes my_avgbuy_price unavailable
CRITICAL:strat7:2022-11-22 19:30:59,146:12462: Yes my_avgbuy_price unavailable
CRITICAL:strat7:2022-11-22 19:31:16,556:12463: Yes my_avgbuy_price unavailable
CRITICAL:strat7:2022-11-22 19:31:19,210:12463: Yes my_avgbuy_price unavailable
CRITICAL:strat7:2022-11-22 19:32:58,631:12461: Yes my_avgbuy_price unavailable
CRITICAL:strat7:2022-11-22 19:33:01,281:12461: Yes my_avgbuy_price unavailable
CRITICAL:strat7:2022-11-22 19:33:16,804:12462: Yes my_avgbuy_price unavailable
CRITICAL:strat7:2022-11-22 19:33:18,934:12462: Yes my_avgbuy_price unavailable
CRITICAL:strat7:2022-11-22 19:35:16,664:12461: Yes my_avgbuy_price unavailable
CRITICAL:strat7:2022-11-22 19:35:19,406:12461: Yes my_avgbuy_price unavailable
CRITICAL:strat7:2022-11-22 19:35:35,116:12462: Yes my_avgbuy_price unavailable
CRITICAL:strat7:2022-11-22 19:35:37,411:12462: Yes my_avgbuy_price unavailable
CRITICAL:strat7:2022-11-22 19:37:37,785:12461: Yes my_avgbuy_price unavailable
CRITICAL:strat7:2022-11-22 19:37:40,465:12461: Yes my_avgbuy_price unavailable
CRITICAL:strat7:2022-11-22 19:37:56,147:12462: Yes my_avgbuy_price unavailable
CRITICAL:strat7:2022-11-22 19:38:01,668:12462: Yes my_avgbuy_price unavailable
CRITICAL:strat7:2022-11-22 19:38:39,715:12464: Yes my_avgbuy_price unavailable
CRITICAL:strat7:2022-11-22 19:38:43,296:12464: Yes my_avgbuy_price unavailable
CRITICAL:strat7:2022-11-22 19:39:59,206:12461: Yes my_avgbuy_price unavailable
CRITICAL:strat7:2022-11-22 19:40:01,934:12461: Yes my_avgbuy_price unavailable
CRITICAL:strat7:2022-11-22 19:40:18,222:12462: Yes my_avgbuy_price unavailable
CRITICAL:strat7:2022-11-22 19:40:20,330:12462: Yes my_avgbuy_price unavailable
CRITICAL:strat7:2022-11-22 19:40:39,517:12463: Yes my_avgbuy_price unavailable
CRITICAL:strat7:2022-11-22 19:40:43,056:12463: Yes my_avgbuy_price unavailable
CRITICAL:strat7:2022-11-22 19:40:59,216:12464: Yes my_avgbuy_price unavailable
CRITICAL:strat7:2022-11-22 19:41:01,840:12464: Yes my_avgbuy_price unavailable
CRITICAL:strat7:2022-11-22 19:42:18,939:12461: Yes my_avgbuy_price unavailable
CRITICAL:strat7:2022-11-22 19:42:21,681:12461: Yes my_avgbuy_price unavailable
CRITICAL:strat7:2022-11-22 19:42:39,572:12462: Yes my_avgbuy_price unavailable
CRITICAL:strat7:2022-11-22 19:42:41,356:12462: Yes my_avgbuy_price unavailable
CRITICAL:strat7:2022-11-22 19:43:22,228:12464: No my_buy_price unavailable
CRITICAL:strat7:2022-11-22 19:43:25,667:12464: No my_buy_price unavailable
CRITICAL:strat7:2022-11-22 19:44:41,005:12461: Yes my_avgbuy_price unavailable
CRITICAL:strat7:2022-11-22 19:44:42,577:12461: Yes my_avgbuy_price unavailable
CRITICAL:strat7:2022-11-22 19:44:57,907:12462: Yes my_avgbuy_price unavailable
CRITICAL:strat7:2022-11-22 19:44:59,471:12462: Yes my_avgbuy_price unavailable
CRITICAL:strat7:2022-11-22 19:45:45,116:12464: No my_buy_price unavailable
CRITICAL:strat7:2022-11-22 19:45:47,700:12464: No my_buy_price unavailable
CRITICAL:strat7:2022-11-22 19:47:03,285:12461: Yes my_avgbuy_price unavailable
CRITICAL:strat7:2022-11-22 19:47:04,972:12461: Yes my_avgbuy_price unavailable
CRITICAL:strat7:2022-11-22 19:47:20,301:12462: Yes my_avgbuy_price unavailable
CRITICAL:strat7:2022-11-22 19:47:21,900:12462: Yes my_avgbuy_price unavailable
CRITICAL:strat7:2022-11-22 19:48:03,622:12464: No my_buy_price unavailable
CRITICAL:strat7:2022-11-22 19:48:05,716:12464: No my_buy_price unavailable
CRITICAL:strat7:2022-11-22 19:49:21,019:12461: Yes my_avgbuy_price unavailable
CRITICAL:strat7:2022-11-22 19:49:22,586:12461: Yes my_avgbuy_price unavailable
CRITICAL:strat7:2022-11-22 19:49:37,990:12462: Yes my_avgbuy_price unavailable
CRITICAL:strat7:2022-11-22 19:49:39,597:12462: Yes my_avgbuy_price unavailable
CRITICAL:strat7:2022-11-22 19:50:14,351:12464: No my_buy_price unavailable
CRITICAL:strat7:2022-11-22 19:50:17,005:12464: No my_buy_price unavailable
CRITICAL:strat7:2022-11-22 19:51:32,450:12461: Yes my_avgbuy_price unavailable
CRITICAL:strat7:2022-11-22 19:51:34,018:12461: Yes my_avgbuy_price unavailable
CRITICAL:strat7:2022-11-22 19:51:49,591:12462: Yes my_avgbuy_price unavailable
CRITICAL:strat7:2022-11-22 19:51:51,180:12462: Yes my_avgbuy_price unavailable
CRITICAL:strat7:2022-11-22 19:53:50,953:12461: Yes my_avgbuy_price unavailable
CRITICAL:strat7:2022-11-22 19:53:52,553:12461: Yes my_avgbuy_price unavailable
CRITICAL:strat7:2022-11-22 19:54:07,407:12462: Yes my_avgbuy_price unavailable
CRITICAL:strat7:2022-11-22 19:54:08,947:12462: Yes my_avgbuy_price unavailable
CRITICAL:strat7:2022-11-22 19:55:57,757:12461: Yes my_avgbuy_price unavailable
CRITICAL:strat7:2022-11-22 19:55:59,314:12461: Yes my_avgbuy_price unavailable
CRITICAL:strat7:2022-11-22 19:56:14,409:12462: Yes my_avgbuy_price unavailable
CRITICAL:strat7:2022-11-22 19:56:15,901:12462: Yes my_avgbuy_price unavailable
CRITICAL:strat7:2022-11-22 19:57:59,362:12461: Yes my_avgbuy_price unavailable
CRITICAL:strat7:2022-11-22 19:58:01,103:12461: Yes my_avgbuy_price unavailable
CRITICAL:strat7:2022-11-22 19:58:16,026:12462: Yes my_avgbuy_price unavailable
CRITICAL:strat7:2022-11-22 19:58:17,644:12462: Yes my_avgbuy_price unavailable
CRITICAL:strat7:2022-11-22 20:00:05,992:12461: Yes my_avgbuy_price unavailable
CRITICAL:strat7:2022-11-22 20:00:07,581:12461: Yes my_avgbuy_price unavailable
CRITICAL:strat7:2022-11-22 20:00:22,527:12462: Yes my_avgbuy_price unavailable
CRITICAL:strat7:2022-11-22 20:00:24,090:12462: Yes my_avgbuy_price unavailable
CRITICAL:strat7:2022-11-22 20:02:13,054:12461: Yes my_avgbuy_price unavailable
CRITICAL:strat7:2022-11-22 20:02:14,738:12461: Yes my_avgbuy_price unavailable
CRITICAL:strat7:2022-11-22 20:02:30,260:12462: Yes my_avgbuy_price unavailable
CRITICAL:strat7:2022-11-22 20:02:31,873:12462: Yes my_avgbuy_price unavailable
CRITICAL:strat7:2022-11-22 20:04:18,102:12461: Yes my_avgbuy_price unavailable
CRITICAL:strat7:2022-11-22 20:04:19,752:12461: Yes my_avgbuy_price unavailable
CRITICAL:strat7:2022-11-22 20:04:34,863:12462: Yes my_avgbuy_price unavailable
CRITICAL:strat7:2022-11-22 20:04:36,399:12462: Yes my_avgbuy_price unavailable
CRITICAL:strat7:2022-11-22 20:06:29,894:12461: Yes my_avgbuy_price unavailable
CRITICAL:strat7:2022-11-22 20:06:31,483:12461: Yes my_avgbuy_price unavailable
CRITICAL:strat7:2022-11-22 20:06:46,459:12462: Yes my_avgbuy_price unavailable
CRITICAL:strat7:2022-11-22 20:06:48,010:12462: Yes my_avgbuy_price unavailable
CRITICAL:strat7:2022-11-22 20:08:38,270:12461: Yes my_avgbuy_price unavailable
CRITICAL:strat7:2022-11-22 20:08:39,816:12461: Yes my_avgbuy_price unavailable
CRITICAL:strat7:2022-11-22 20:08:55,409:12462: Yes my_avgbuy_price unavailable
CRITICAL:strat7:2022-11-22 20:08:56,942:12462: Yes my_avgbuy_price unavailable
CRITICAL:strat7:2022-11-22 20:10:52,177:12461: Yes my_avgbuy_price unavailable
CRITICAL:strat7:2022-11-22 20:10:53,751:12461: Yes my_avgbuy_price unavailable
CRITICAL:strat7:2022-11-22 20:11:08,834:12462: Yes my_avgbuy_price unavailable
CRITICAL:strat7:2022-11-22 20:11:10,412:12462: Yes my_avgbuy_price unavailable
CRITICAL:strat7:2022-11-22 20:11:46,159:12464: No my_buy_price unavailable
CRITICAL:strat7:2022-11-22 20:11:48,264:12464: No my_buy_price unavailable
CRITICAL:strat7:2022-11-22 20:13:03,273:12461: Yes my_avgbuy_price unavailable
CRITICAL:strat7:2022-11-22 20:13:04,839:12461: Yes my_avgbuy_price unavailable
CRITICAL:strat7:2022-11-22 20:13:19,947:12462: Yes my_avgbuy_price unavailable
CRITICAL:strat7:2022-11-22 20:13:21,691:12462: Yes my_avgbuy_price unavailable
CRITICAL:strat7:2022-11-22 20:13:59,191:12464: No my_buy_price unavailable
CRITICAL:strat7:2022-11-22 20:14:01,373:12464: No my_buy_price unavailable
CRITICAL:strat7:2022-11-22 20:15:16,951:12461: Yes my_avgbuy_price unavailable
CRITICAL:strat7:2022-11-22 20:15:18,613:12461: Yes my_avgbuy_price unavailable
CRITICAL:strat7:2022-11-22 20:15:34,148:12462: Yes my_avgbuy_price unavailable
CRITICAL:strat7:2022-11-22 20:15:35,709:12462: Yes my_avgbuy_price unavailable
CRITICAL:strat7:2022-11-22 20:16:15,046:12464: No my_buy_price unavailable
CRITICAL:strat7:2022-11-22 20:16:17,284:12464: No my_buy_price unavailable
CRITICAL:strat7:2022-11-22 20:17:32,917:12461: Yes my_avgbuy_price unavailable
CRITICAL:strat7:2022-11-22 20:17:34,563:12461: Yes my_avgbuy_price unavailable
CRITICAL:strat7:2022-11-22 20:17:51,120:12462: Yes my_avgbuy_price unavailable
CRITICAL:strat7:2022-11-22 20:17:52,777:12462: Yes my_avgbuy_price unavailable
CRITICAL:strat7:2022-11-22 20:19:48,517:12461: Yes my_avgbuy_price unavailable
CRITICAL:strat7:2022-11-22 20:19:50,175:12461: Yes my_avgbuy_price unavailable
CRITICAL:strat7:2022-11-22 20:20:06,477:12462: Yes my_avgbuy_price unavailable
CRITICAL:strat7:2022-11-22 20:20:08,098:12462: Yes my_avgbuy_price unavailable
CRITICAL:strat7:2022-11-22 20:22:04,743:12461: Yes my_avgbuy_price unavailable
CRITICAL:strat7:2022-11-22 20:22:06,305:12461: Yes my_avgbuy_price unavailable
CRITICAL:strat7:2022-11-22 20:22:21,315:12462: Yes my_avgbuy_price unavailable
CRITICAL:strat7:2022-11-22 20:22:22,835:12462: Yes my_avgbuy_price unavailable
CRITICAL:strat7:2022-11-22 20:24:21,787:12461: Yes my_avgbuy_price unavailable
CRITICAL:strat7:2022-11-22 20:24:23,403:12461: Yes my_avgbuy_price unavailable
CRITICAL:strat7:2022-11-22 20:24:38,862:12462: Yes my_avgbuy_price unavailable
CRITICAL:strat7:2022-11-22 20:24:40,437:12462: Yes my_avgbuy_price unavailable
CRITICAL:strat7:2022-11-22 20:26:37,592:12461: Yes my_avgbuy_price unavailable
CRITICAL:strat7:2022-11-22 20:26:39,333:12461: Yes my_avgbuy_price unavailable
CRITICAL:strat7:2022-11-22 20:26:55,208:12462: Yes my_avgbuy_price unavailable
CRITICAL:strat7:2022-11-22 20:26:56,837:12462: Yes my_avgbuy_price unavailable
CRITICAL:strat7:2022-11-22 20:28:42,881:12461: Yes my_avgbuy_price unavailable
CRITICAL:strat7:2022-11-22 20:28:44,356:12461: Yes my_avgbuy_price unavailable
CRITICAL:strat7:2022-11-22 20:28:59,891:12462: Yes my_avgbuy_price unavailable
CRITICAL:strat7:2022-11-22 20:29:01,529:12462: Yes my_avgbuy_price unavailable
CRITICAL:strat7:2022-11-22 20:30:54,203:12461: Yes my_avgbuy_price unavailable
CRITICAL:strat7:2022-11-22 20:30:55,854:12461: Yes my_avgbuy_price unavailable
CRITICAL:strat7:2022-11-22 20:31:11,070:12462: Yes my_avgbuy_price unavailable
CRITICAL:strat7:2022-11-22 20:31:12,598:12462: Yes my_avgbuy_price unavailable
CRITICAL:strat7:2022-11-22 20:31:46,712:12464: Yes my_avgbuy_price unavailable
CRITICAL:strat7:2022-11-22 20:31:50,156:12464: Yes my_avgbuy_price unavailable
CRITICAL:strat7:2022-11-22 20:33:06,573:12461: Yes my_avgbuy_price unavailable
CRITICAL:strat7:2022-11-22 20:33:08,298:12461: Yes my_avgbuy_price unavailable
CRITICAL:strat7:2022-11-22 20:33:24,214:12462: Yes my_avgbuy_price unavailable
CRITICAL:strat7:2022-11-22 20:33:25,788:12462: Yes my_avgbuy_price unavailable
CRITICAL:strat7:2022-11-22 20:33:59,316:12464: Yes my_avgbuy_price unavailable
CRITICAL:strat7:2022-11-22 20:34:01,841:12464: Yes my_avgbuy_price unavailable
CRITICAL:strat7:2022-11-22 20:35:16,993:12461: Yes my_avgbuy_price unavailable
CRITICAL:strat7:2022-11-22 20:35:18,585:12461: Yes my_avgbuy_price unavailable
CRITICAL:strat7:2022-11-22 20:35:33,382:12462: Yes my_avgbuy_price unavailable
CRITICAL:strat7:2022-11-22 20:35:34,908:12462: Yes my_avgbuy_price unavailable
CRITICAL:strat7:2022-11-22 20:36:11,100:12464: Yes my_avgbuy_price unavailable
CRITICAL:strat7:2022-11-22 20:36:13,097:12464: Yes my_avgbuy_price unavailable
CRITICAL:strat7:2022-11-22 20:37:28,076:12461: Yes my_avgbuy_price unavailable
CRITICAL:strat7:2022-11-22 20:37:29,595:12461: Yes my_avgbuy_price unavailable
CRITICAL:strat7:2022-11-22 20:37:44,471:12462: Yes my_avgbuy_price unavailable
CRITICAL:strat7:2022-11-22 20:37:45,986:12462: Yes my_avgbuy_price unavailable
CRITICAL:strat7:2022-11-22 20:38:18,512:12464: Yes my_avgbuy_price unavailable
CRITICAL:strat7:2022-11-22 20:38:20,587:12464: Yes my_avgbuy_price unavailable
CRITICAL:strat7:2022-11-22 20:39:35,868:12461: Yes my_avgbuy_price unavailable
CRITICAL:strat7:2022-11-22 20:39:37,389:12461: Yes my_avgbuy_price unavailable
CRITICAL:strat7:2022-11-22 20:39:52,944:12462: Yes my_avgbuy_price unavailable
CRITICAL:strat7:2022-11-22 20:39:54,503:12462: Yes my_avgbuy_price unavailable
CRITICAL:strat7:2022-11-22 20:40:28,409:12464: Yes my_avgbuy_price unavailable
CRITICAL:strat7:2022-11-22 20:40:30,471:12464: Yes my_avgbuy_price unavailable
CRITICAL:strat7:2022-11-22 20:41:45,528:12461: Yes my_avgbuy_price unavailable
CRITICAL:strat7:2022-11-22 20:41:47,049:12461: Yes my_avgbuy_price unavailable
CRITICAL:strat7:2022-11-22 20:42:02,352:12462: Yes my_avgbuy_price unavailable
CRITICAL:strat7:2022-11-22 20:42:03,872:12462: Yes my_avgbuy_price unavailable
CRITICAL:strat7:2022-11-22 20:42:35,951:12464: Yes my_avgbuy_price unavailable
CRITICAL:strat7:2022-11-22 20:42:38,103:12464: Yes my_avgbuy_price unavailable
CRITICAL:strat7:2022-11-22 20:43:53,185:12461: Yes my_avgbuy_price unavailable
CRITICAL:strat7:2022-11-22 20:43:54,841:12461: Yes my_avgbuy_price unavailable
CRITICAL:strat7:2022-11-22 20:44:10,875:12462: Yes my_avgbuy_price unavailable
CRITICAL:strat7:2022-11-22 20:44:12,440:12462: Yes my_avgbuy_price unavailable
CRITICAL:strat7:2022-11-22 20:44:47,456:12464: No my_buy_price unavailable
CRITICAL:strat7:2022-11-22 20:44:53,235:12464: No my_buy_price unavailable
CRITICAL:strat7:2022-11-22 20:46:14,430:12461: Yes my_avgbuy_price unavailable
CRITICAL:strat7:2022-11-22 20:46:16,018:12461: Yes my_avgbuy_price unavailable
CRITICAL:strat7:2022-11-22 20:46:31,699:12462: Yes my_avgbuy_price unavailable
CRITICAL:strat7:2022-11-22 20:46:33,234:12462: Yes my_avgbuy_price unavailable
CRITICAL:strat7:2022-11-22 20:48:28,330:12461: Yes my_avgbuy_price unavailable
CRITICAL:strat7:2022-11-22 20:48:29,845:12461: Yes my_avgbuy_price unavailable
CRITICAL:strat7:2022-11-22 20:48:44,981:12462: Yes my_avgbuy_price unavailable
CRITICAL:strat7:2022-11-22 20:48:46,467:12462: Yes my_avgbuy_price unavailable
CRITICAL:strat7:2022-11-22 20:52:34,685:12461: Yes my_avgbuy_price unavailable
CRITICAL:strat7:2022-11-22 20:52:36,475:12461: Yes my_avgbuy_price unavailable
CRITICAL:strat7:2022-11-22 20:52:53,510:12462: Yes my_avgbuy_price unavailable
CRITICAL:strat7:2022-11-22 20:52:55,216:12462: Yes my_avgbuy_price unavailable
CRITICAL:strat7:2022-11-22 20:54:53,114:12461: Yes my_avgbuy_price unavailable
CRITICAL:strat7:2022-11-22 20:54:54,880:12461: Yes my_avgbuy_price unavailable
CRITICAL:strat7:2022-11-22 20:55:10,015:12462: Yes my_avgbuy_price unavailable
CRITICAL:strat7:2022-11-22 20:55:11,568:12462: Yes my_avgbuy_price unavailable
CRITICAL:strat7:2022-11-22 20:55:47,863:12464: No my_buy_price unavailable
CRITICAL:strat7:2022-11-22 20:55:49,925:12464: No my_buy_price unavailable
CRITICAL:strat7:2022-11-22 20:57:05,000:12461: Yes my_avgbuy_price unavailable
CRITICAL:strat7:2022-11-22 20:57:06,612:12461: Yes my_avgbuy_price unavailable
CRITICAL:strat7:2022-11-22 20:57:21,452:12462: Yes my_avgbuy_price unavailable
CRITICAL:strat7:2022-11-22 20:57:23,037:12462: Yes my_avgbuy_price unavailable
CRITICAL:strat7:2022-11-22 20:57:58,573:12464: No my_buy_price unavailable
CRITICAL:strat7:2022-11-22 20:58:00,801:12464: No my_buy_price unavailable
CRITICAL:strat7:2022-11-22 20:59:16,585:12461: Yes my_avgbuy_price unavailable
CRITICAL:strat7:2022-11-22 20:59:18,343:12461: Yes my_avgbuy_price unavailable
CRITICAL:strat7:2022-11-22 20:59:33,397:12462: Yes my_avgbuy_price unavailable
CRITICAL:strat7:2022-11-22 20:59:35,047:12462: Yes my_avgbuy_price unavailable
CRITICAL:strat7:2022-11-22 21:00:11,036:12464: Yes my_avgbuy_price unavailable
CRITICAL:strat7:2022-11-22 21:00:14,583:12464: Yes my_avgbuy_price unavailable
CRITICAL:strat7:2022-11-22 21:01:30,523:12461: Yes my_avgbuy_price unavailable
CRITICAL:strat7:2022-11-22 21:01:32,105:12461: Yes my_avgbuy_price unavailable
CRITICAL:strat7:2022-11-22 21:01:48,500:12462: Yes my_avgbuy_price unavailable
CRITICAL:strat7:2022-11-22 21:01:50,231:12462: Yes my_avgbuy_price unavailable
CRITICAL:strat7:2022-11-22 21:02:06,015:12463: Yes my_avgbuy_price unavailable
CRITICAL:strat7:2022-11-22 21:02:07,587:12463: Yes my_avgbuy_price unavailable
CRITICAL:strat7:2022-11-22 21:02:24,289:12464: Yes my_avgbuy_price unavailable
CRITICAL:strat7:2022-11-22 21:02:27,045:12464: Yes my_avgbuy_price unavailable
CRITICAL:strat7:2022-11-22 21:03:42,620:12461: Yes my_avgbuy_price unavailable
CRITICAL:strat7:2022-11-22 21:03:44,202:12461: Yes my_avgbuy_price unavailable
CRITICAL:strat7:2022-11-22 21:03:59,906:12462: Yes my_avgbuy_price unavailable
CRITICAL:strat7:2022-11-22 21:04:01,446:12462: Yes my_avgbuy_price unavailable
CRITICAL:strat7:2022-11-22 21:04:20,781:12463: Yes my_avgbuy_price unavailable
CRITICAL:strat7:2022-11-22 21:04:22,931:12463: Yes my_avgbuy_price unavailable
CRITICAL:strat7:2022-11-22 21:04:43,150:12464: Yes my_avgbuy_price unavailable
CRITICAL:strat7:2022-11-22 21:04:45,309:12464: Yes my_avgbuy_price unavailable
CRITICAL:strat7:2022-11-22 21:06:00,630:12461: Yes my_avgbuy_price unavailable
CRITICAL:strat7:2022-11-22 21:06:02,236:12461: Yes my_avgbuy_price unavailable
CRITICAL:strat7:2022-11-22 21:06:17,356:12462: Yes my_avgbuy_price unavailable
CRITICAL:strat7:2022-11-22 21:06:18,983:12462: Yes my_avgbuy_price unavailable
CRITICAL:strat7:2022-11-22 21:06:49,070:12464: Yes my_avgbuy_price unavailable
CRITICAL:strat7:2022-11-22 21:06:51,906:12464: Yes my_avgbuy_price unavailable
CRITICAL:strat7:2022-11-22 21:08:08,427:12461: Yes my_avgbuy_price unavailable
CRITICAL:strat7:2022-11-22 21:08:10,072:12461: Yes my_avgbuy_price unavailable
CRITICAL:strat7:2022-11-22 21:08:25,297:12462: Yes my_avgbuy_price unavailable
CRITICAL:strat7:2022-11-22 21:08:26,892:12462: Yes my_avgbuy_price unavailable
CRITICAL:strat7:2022-11-22 21:08:42,392:12463: Yes my_avgbuy_price unavailable
CRITICAL:strat7:2022-11-22 21:08:43,964:12463: Yes my_avgbuy_price unavailable
CRITICAL:strat7:2022-11-22 21:09:00,506:12464: Yes my_avgbuy_price unavailable
CRITICAL:strat7:2022-11-22 21:09:03,105:12464: Yes my_avgbuy_price unavailable
CRITICAL:strat7:2022-11-22 21:10:18,974:12461: Yes my_avgbuy_price unavailable
CRITICAL:strat7:2022-11-22 21:10:20,607:12461: Yes my_avgbuy_price unavailable
CRITICAL:strat7:2022-11-22 21:10:35,770:12462: Yes my_avgbuy_price unavailable
CRITICAL:strat7:2022-11-22 21:10:37,364:12462: Yes my_avgbuy_price unavailable
CRITICAL:strat7:2022-11-22 21:10:53,614:12463: Yes my_avgbuy_price unavailable
CRITICAL:strat7:2022-11-22 21:10:55,319:12463: Yes my_avgbuy_price unavailable
CRITICAL:strat7:2022-11-22 21:11:15,723:12464: Yes my_avgbuy_price unavailable
CRITICAL:strat7:2022-11-22 21:11:17,977:12464: Yes my_avgbuy_price unavailable
CRITICAL:strat7:2022-11-22 21:12:33,360:12461: Yes my_avgbuy_price unavailable
CRITICAL:strat7:2022-11-22 21:12:34,923:12461: Yes my_avgbuy_price unavailable
CRITICAL:strat7:2022-11-22 21:12:50,510:12462: Yes my_avgbuy_price unavailable
CRITICAL:strat7:2022-11-22 21:12:52,096:12462: Yes my_avgbuy_price unavailable
CRITICAL:strat7:2022-11-22 21:13:08,019:12463: Yes my_avgbuy_price unavailable
CRITICAL:strat7:2022-11-22 21:13:24,077:12464: Yes my_avgbuy_price unavailable
CRITICAL:strat7:2022-11-22 21:13:26,194:12464: Yes my_avgbuy_price unavailable
CRITICAL:strat7:2022-11-22 21:14:41,347:12461: Yes my_avgbuy_price unavailable
CRITICAL:strat7:2022-11-22 21:14:42,943:12461: Yes my_avgbuy_price unavailable
CRITICAL:strat7:2022-11-22 21:14:58,466:12462: Yes my_avgbuy_price unavailable
CRITICAL:strat7:2022-11-22 21:15:00,058:12462: Yes my_avgbuy_price unavailable
CRITICAL:strat7:2022-11-22 21:15:17,424:12463: Yes my_avgbuy_price unavailable
CRITICAL:strat7:2022-11-22 21:15:33,753:12464: Yes my_avgbuy_price unavailable
CRITICAL:strat7:2022-11-22 21:15:36,478:12464: Yes my_avgbuy_price unavailable
CRITICAL:strat7:2022-11-22 21:16:51,628:12461: Yes my_avgbuy_price unavailable
CRITICAL:strat7:2022-11-22 21:16:53,203:12461: Yes my_avgbuy_price unavailable
CRITICAL:strat7:2022-11-22 21:17:08,948:12462: Yes my_avgbuy_price unavailable
CRITICAL:strat7:2022-11-22 21:17:10,553:12462: Yes my_avgbuy_price unavailable
CRITICAL:strat7:2022-11-22 21:17:26,204:12463: Yes my_avgbuy_price unavailable
CRITICAL:strat7:2022-11-22 21:17:44,245:12464: Yes my_avgbuy_price unavailable
CRITICAL:strat7:2022-11-22 21:17:47,064:12464: Yes my_avgbuy_price unavailable
CRITICAL:strat7:2022-11-22 21:19:02,538:12461: Yes my_avgbuy_price unavailable
CRITICAL:strat7:2022-11-22 21:19:04,118:12461: Yes my_avgbuy_price unavailable
CRITICAL:strat7:2022-11-22 21:19:19,330:12462: Yes my_avgbuy_price unavailable
CRITICAL:strat7:2022-11-22 21:19:20,946:12462: Yes my_avgbuy_price unavailable
CRITICAL:strat7:2022-11-22 21:19:36,109:12463: Yes my_avgbuy_price unavailable
CRITICAL:strat7:2022-11-22 21:19:52,660:12464: Yes my_avgbuy_price unavailable
CRITICAL:strat7:2022-11-22 21:19:55,369:12464: Yes my_avgbuy_price unavailable
CRITICAL:strat7:2022-11-22 21:21:11,376:12461: Yes my_avgbuy_price unavailable
CRITICAL:strat7:2022-11-22 21:21:12,950:12461: Yes my_avgbuy_price unavailable
CRITICAL:strat7:2022-11-22 21:21:28,642:12462: Yes my_avgbuy_price unavailable
CRITICAL:strat7:2022-11-22 21:21:30,284:12462: Yes my_avgbuy_price unavailable
CRITICAL:strat7:2022-11-22 21:21:45,532:12463: Yes my_avgbuy_price unavailable
CRITICAL:strat7:2022-11-22 21:22:02,760:12464: Yes my_avgbuy_price unavailable
CRITICAL:strat7:2022-11-22 21:22:05,431:12464: Yes my_avgbuy_price unavailable
CRITICAL:strat7:2022-11-22 21:23:20,990:12461: Yes my_avgbuy_price unavailable
CRITICAL:strat7:2022-11-22 21:23:22,681:12461: Yes my_avgbuy_price unavailable
CRITICAL:strat7:2022-11-22 21:23:38,681:12462: Yes my_avgbuy_price unavailable
CRITICAL:strat7:2022-11-22 21:23:40,328:12462: Yes my_avgbuy_price unavailable
CRITICAL:strat7:2022-11-22 21:23:56,712:12463: Yes my_avgbuy_price unavailable
CRITICAL:strat7:2022-11-22 21:24:18,448:12464: Yes my_avgbuy_price unavailable
CRITICAL:strat7:2022-11-22 21:24:20,763:12464: Yes my_avgbuy_price unavailable
CRITICAL:strat7:2022-11-22 21:25:36,512:12461: Yes my_avgbuy_price unavailable
CRITICAL:strat7:2022-11-22 21:25:51,915:12462: Yes my_avgbuy_price unavailable
CRITICAL:strat7:2022-11-22 21:25:53,605:12462: Yes my_avgbuy_price unavailable
CRITICAL:strat7:2022-11-22 21:26:08,766:12463: Yes my_avgbuy_price unavailable
CRITICAL:strat7:2022-11-22 21:26:28,854:12464: Yes my_avgbuy_price unavailable
CRITICAL:strat7:2022-11-22 21:27:45,218:12461: Yes my_avgbuy_price unavailable
CRITICAL:strat7:2022-11-22 21:28:00,427:12462: Yes my_avgbuy_price unavailable
CRITICAL:strat7:2022-11-22 21:28:02,016:12462: Yes my_avgbuy_price unavailable
CRITICAL:strat7:2022-11-22 21:28:17,712:12463: Yes my_avgbuy_price unavailable
CRITICAL:strat7:2022-11-22 21:29:53,844:12461: Yes my_avgbuy_price unavailable
CRITICAL:strat7:2022-11-22 21:29:55,533:12461: Yes my_avgbuy_price unavailable
CRITICAL:strat7:2022-11-22 21:30:14,116:12462: Yes my_avgbuy_price unavailable
CRITICAL:strat7:2022-11-22 21:30:15,815:12462: Yes my_avgbuy_price unavailable
CRITICAL:strat7:2022-11-22 21:30:34,493:12463: Yes my_avgbuy_price unavailable
CRITICAL:strat7:2022-11-22 21:30:52,246:12464: Yes my_avgbuy_price unavailable
CRITICAL:strat7:2022-11-22 21:30:55,062:12464: Yes my_avgbuy_price unavailable
CRITICAL:strat7:2022-11-22 21:32:10,381:12461: Yes my_avgbuy_price unavailable
CRITICAL:strat7:2022-11-22 21:32:12,057:12461: Yes my_avgbuy_price unavailable
CRITICAL:strat7:2022-11-22 21:32:28,279:12462: Yes my_avgbuy_price unavailable
CRITICAL:strat7:2022-11-22 21:32:29,924:12462: Yes my_avgbuy_price unavailable
CRITICAL:strat7:2022-11-22 21:32:45,967:12463: Yes my_avgbuy_price unavailable
CRITICAL:strat7:2022-11-22 21:33:03,617:12464: Yes my_avgbuy_price unavailable
CRITICAL:strat7:2022-11-22 21:33:06,462:12464: Yes my_avgbuy_price unavailable
CRITICAL:strat7:2022-11-22 21:34:21,604:12461: Yes my_avgbuy_price unavailable
CRITICAL:strat7:2022-11-22 21:34:23,215:12461: Yes my_avgbuy_price unavailable
CRITICAL:strat7:2022-11-22 21:34:38,542:12462: Yes my_avgbuy_price unavailable
CRITICAL:strat7:2022-11-22 21:34:40,063:12462: Yes my_avgbuy_price unavailable
CRITICAL:strat7:2022-11-22 21:34:55,902:12463: Yes my_avgbuy_price unavailable
CRITICAL:strat7:2022-11-22 21:35:41,592:12464: Yes my_avgbuy_price unavailable
CRITICAL:strat7:2022-11-22 21:35:43,606:12464: Yes my_avgbuy_price unavailable
CRITICAL:strat7:2022-11-22 21:36:59,305:12461: Yes my_avgbuy_price unavailable
CRITICAL:strat7:2022-11-22 21:37:00,941:12461: Yes my_avgbuy_price unavailable
CRITICAL:strat7:2022-11-22 21:37:17,972:12462: Yes my_avgbuy_price unavailable
CRITICAL:strat7:2022-11-22 21:37:19,530:12462: Yes my_avgbuy_price unavailable
CRITICAL:strat7:2022-11-22 21:37:36,811:12463: Yes my_avgbuy_price unavailable
CRITICAL:strat7:2022-11-22 21:37:38,755:12463: Yes my_avgbuy_price unavailable
CRITICAL:strat7:2022-11-22 21:39:19,652:12461: Yes my_avgbuy_price unavailable
CRITICAL:strat7:2022-11-22 21:39:21,365:12461: Yes my_avgbuy_price unavailable
CRITICAL:strat7:2022-11-22 21:39:38,180:12462: Yes my_avgbuy_price unavailable
CRITICAL:strat7:2022-11-22 21:39:39,837:12462: Yes my_avgbuy_price unavailable
CRITICAL:strat7:2022-11-22 21:39:58,033:12463: Yes my_avgbuy_price unavailable
CRITICAL:strat7:2022-11-22 21:41:38,272:12461: Yes my_avgbuy_price unavailable
CRITICAL:strat7:2022-11-22 21:41:39,891:12461: Yes my_avgbuy_price unavailable
CRITICAL:strat7:2022-11-22 21:41:56,027:12462: Yes my_avgbuy_price unavailable
CRITICAL:strat7:2022-11-22 21:41:57,561:12462: Yes my_avgbuy_price unavailable
CRITICAL:strat7:2022-11-22 21:42:13,235:12463: Yes my_avgbuy_price unavailable
CRITICAL:strat7:2022-11-22 21:43:50,301:12461: Yes my_avgbuy_price unavailable
CRITICAL:strat7:2022-11-22 21:43:52,356:12461: Yes my_avgbuy_price unavailable
CRITICAL:strat7:2022-11-22 21:44:09,404:12462: Yes my_avgbuy_price unavailable
CRITICAL:strat7:2022-11-22 21:44:11,180:12462: Yes my_avgbuy_price unavailable
CRITICAL:strat7:2022-11-22 21:44:28,109:12463: Yes my_avgbuy_price unavailable
CRITICAL:strat7:2022-11-22 21:44:29,736:12463: Yes my_avgbuy_price unavailable
CRITICAL:strat7:2022-11-22 21:46:08,487:12461: Yes my_avgbuy_price unavailable
CRITICAL:strat7:2022-11-22 21:46:10,041:12461: Yes my_avgbuy_price unavailable
CRITICAL:strat7:2022-11-22 21:46:25,252:12462: Yes my_avgbuy_price unavailable
CRITICAL:strat7:2022-11-22 21:46:26,811:12462: Yes my_avgbuy_price unavailable
CRITICAL:strat7:2022-11-22 21:46:42,432:12463: Yes my_avgbuy_price unavailable
CRITICAL:strat7:2022-11-22 21:46:43,983:12463: Yes my_avgbuy_price unavailable
CRITICAL:strat7:2022-11-22 21:50:23,365:12461: Yes my_avgbuy_price unavailable
CRITICAL:strat7:2022-11-22 21:50:24,865:12461: Yes my_avgbuy_price unavailable
CRITICAL:strat7:2022-11-22 21:50:40,722:12462: Yes my_avgbuy_price unavailable
CRITICAL:strat7:2022-11-22 21:52:41,108:12462: Yes my_avgbuy_price unavailable
CRITICAL:strat7:2022-11-22 21:52:56,747:12463: Yes my_avgbuy_price unavailable
CRITICAL:strat7:2022-11-22 21:53:19,218:12464: Yes my_avgbuy_price unavailable
CRITICAL:strat7:2022-11-22 21:53:21,385:12464: Yes my_avgbuy_price unavailable
CRITICAL:strat7:2022-11-22 21:55:49,166:12461: Yes my_avgbuy_price unavailable
CRITICAL:strat7:2022-11-22 21:55:50,967:12461: Yes my_avgbuy_price unavailable
CRITICAL:strat7:2022-11-22 21:56:07,836:12462: Yes my_avgbuy_price unavailable
CRITICAL:strat7:2022-11-22 21:56:09,458:12462: Yes my_avgbuy_price unavailable
CRITICAL:strat7:2022-11-22 21:56:25,956:12463: Yes my_avgbuy_price unavailable
CRITICAL:strat7:2022-11-22 21:56:46,670:12464: Yes my_avgbuy_price unavailable
CRITICAL:strat7:2022-11-22 21:56:48,806:12464: Yes my_avgbuy_price unavailable
CRITICAL:strat7:2022-11-22 21:58:04,339:12461: Yes my_avgbuy_price unavailable
CRITICAL:strat7:2022-11-22 21:58:05,896:12461: Yes my_avgbuy_price unavailable
CRITICAL:strat7:2022-11-22 21:58:21,402:12462: Yes my_avgbuy_price unavailable
CRITICAL:strat7:2022-11-22 21:58:22,931:12462: Yes my_avgbuy_price unavailable
CRITICAL:strat7:2022-11-22 21:58:38,326:12463: Yes my_avgbuy_price unavailable
CRITICAL:strat7:2022-11-22 21:58:55,483:12464: Yes my_avgbuy_price unavailable
CRITICAL:strat7:2022-11-22 21:58:58,088:12464: Yes my_avgbuy_price unavailable
CRITICAL:strat7:2022-11-22 22:00:19,072:12461: Yes my_avgbuy_price unavailable
CRITICAL:strat7:2022-11-22 22:00:21,536:12461: Yes my_avgbuy_price unavailable
CRITICAL:strat7:2022-11-22 22:00:39,128:12462: Yes my_avgbuy_price unavailable
CRITICAL:strat7:2022-11-22 22:00:41,015:12462: Yes my_avgbuy_price unavailable
CRITICAL:strat7:2022-11-22 22:07:02,610:12463: Yes my_avgbuy_price unavailable
CRITICAL:strat7:2022-11-22 22:07:21,663:12464: Yes my_avgbuy_price unavailable
CRITICAL:strat7:2022-11-22 22:07:23,685:12464: Yes my_avgbuy_price unavailable
CRITICAL:strat7:2022-11-22 22:08:38,990:12461: Yes my_avgbuy_price unavailable
CRITICAL:strat7:2022-11-22 22:08:40,509:12461: Yes my_avgbuy_price unavailable
CRITICAL:strat7:2022-11-22 22:08:56,376:12462: Yes my_avgbuy_price unavailable
CRITICAL:strat7:2022-11-22 22:08:57,932:12462: Yes my_avgbuy_price unavailable
CRITICAL:strat7:2022-11-22 22:09:14,161:12463: Yes my_avgbuy_price unavailable
CRITICAL:strat7:2022-11-22 22:09:34,489:12464: Yes my_avgbuy_price unavailable
CRITICAL:strat7:2022-11-22 22:09:36,644:12464: Yes my_avgbuy_price unavailable
CRITICAL:strat7:2022-11-22 22:10:54,292:12461: Yes my_avgbuy_price unavailable
CRITICAL:strat7:2022-11-22 22:10:55,867:12461: Yes my_avgbuy_price unavailable
CRITICAL:strat7:2022-11-22 22:11:13,343:12462: Yes my_avgbuy_price unavailable
CRITICAL:strat7:2022-11-22 22:11:15,084:12462: Yes my_avgbuy_price unavailable
CRITICAL:strat7:2022-11-22 22:11:32,074:12463: Yes my_avgbuy_price unavailable
CRITICAL:strat7:2022-11-22 22:11:53,812:12464: Yes my_avgbuy_price unavailable
CRITICAL:strat7:2022-11-22 22:14:25,048:12461: Yes my_avgbuy_price unavailable
CRITICAL:strat7:2022-11-22 22:14:26,788:12461: Yes my_avgbuy_price unavailable
CRITICAL:strat7:2022-11-22 22:14:42,608:12462: Yes my_avgbuy_price unavailable
CRITICAL:strat7:2022-11-22 22:14:44,187:12462: Yes my_avgbuy_price unavailable
CRITICAL:strat7:2022-11-22 22:14:59,878:12463: Yes my_avgbuy_price unavailable
CRITICAL:strat7:2022-11-22 22:15:15,154:12464: Yes my_avgbuy_price unavailable
CRITICAL:strat7:2022-11-22 22:16:32,169:12461: Yes my_avgbuy_price unavailable
CRITICAL:strat7:2022-11-22 22:16:33,758:12461: Yes my_avgbuy_price unavailable
CRITICAL:strat7:2022-11-22 22:16:49,384:12462: Yes my_avgbuy_price unavailable
CRITICAL:strat7:2022-11-22 22:16:51,014:12462: Yes my_avgbuy_price unavailable
CRITICAL:strat7:2022-11-22 22:17:06,988:12463: Yes my_avgbuy_price unavailable
CRITICAL:strat7:2022-11-22 22:17:22,457:12464: Yes my_avgbuy_price unavailable
CRITICAL:strat7:2022-11-22 22:17:24,023:12464: Yes my_avgbuy_price unavailable
CRITICAL:strat7:2022-11-22 22:18:39,957:12461: Yes my_avgbuy_price unavailable
CRITICAL:strat7:2022-11-22 22:18:41,482:12461: Yes my_avgbuy_price unavailable
CRITICAL:strat7:2022-11-22 22:18:58,110:12462: Yes my_avgbuy_price unavailable
CRITICAL:strat7:2022-11-22 22:18:59,818:12462: Yes my_avgbuy_price unavailable
CRITICAL:strat7:2022-11-22 22:19:15,794:12463: Yes my_avgbuy_price unavailable
CRITICAL:strat7:2022-11-22 22:20:52,194:12461: Yes my_avgbuy_price unavailable
CRITICAL:strat7:2022-11-22 22:20:53,805:12461: Yes my_avgbuy_price unavailable
CRITICAL:strat7:2022-11-22 22:21:09,503:12462: Yes my_avgbuy_price unavailable
CRITICAL:strat7:2022-11-22 22:21:11,065:12462: Yes my_avgbuy_price unavailable
CRITICAL:strat7:2022-11-22 22:21:26,672:12463: Yes my_avgbuy_price unavailable
CRITICAL:strat7:2022-11-22 22:21:28,289:12463: Yes my_avgbuy_price unavailable
CRITICAL:strat7:2022-11-22 22:23:04,240:12461: Yes my_avgbuy_price unavailable
CRITICAL:strat7:2022-11-22 22:23:05,852:12461: Yes my_avgbuy_price unavailable
CRITICAL:strat7:2022-11-22 22:23:22,014:12462: Yes my_avgbuy_price unavailable
CRITICAL:strat7:2022-11-22 22:23:23,652:12462: Yes my_avgbuy_price unavailable
CRITICAL:strat7:2022-11-22 22:23:38,984:12463: Yes my_avgbuy_price unavailable
CRITICAL:strat7:2022-11-22 22:25:09,565:12461: Yes my_avgbuy_price unavailable
CRITICAL:strat7:2022-11-22 22:25:11,231:12461: Yes my_avgbuy_price unavailable
CRITICAL:strat7:2022-11-22 22:25:27,571:12462: Yes my_avgbuy_price unavailable
CRITICAL:strat7:2022-11-22 22:25:29,095:12462: Yes my_avgbuy_price unavailable
CRITICAL:strat7:2022-11-22 22:25:46,435:12463: Yes my_avgbuy_price unavailable
CRITICAL:strat7:2022-11-22 22:26:03,785:12464: Yes my_avgbuy_price unavailable
CRITICAL:strat7:2022-11-22 22:26:05,359:12464: Yes my_avgbuy_price unavailable
CRITICAL:strat7:2022-11-22 22:27:23,144:12461: Yes my_avgbuy_price unavailable
CRITICAL:strat7:2022-11-22 22:27:24,700:12461: Yes my_avgbuy_price unavailable
CRITICAL:strat7:2022-11-22 22:27:41,848:12462: Yes my_avgbuy_price unavailable
CRITICAL:strat7:2022-11-22 22:27:43,562:12462: Yes my_avgbuy_price unavailable
CRITICAL:strat7:2022-11-22 22:28:00,878:12463: Yes my_avgbuy_price unavailable
CRITICAL:strat7:2022-11-22 22:28:02,464:12463: Yes my_avgbuy_price unavailable
CRITICAL:strat7:2022-11-22 22:28:18,899:12464: Yes my_avgbuy_price unavailable
CRITICAL:strat7:2022-11-22 22:29:36,109:12461: Yes my_avgbuy_price unavailable
CRITICAL:strat7:2022-11-22 22:29:37,866:12461: Yes my_avgbuy_price unavailable
CRITICAL:strat7:2022-11-22 22:29:58,290:12462: Yes my_avgbuy_price unavailable
CRITICAL:strat7:2022-11-22 22:29:59,909:12462: Yes my_avgbuy_price unavailable
CRITICAL:strat7:2022-11-22 22:30:20,644:12463: Yes my_avgbuy_price unavailable
CRITICAL:strat7:2022-11-22 22:30:36,201:12464: Yes my_avgbuy_price unavailable
CRITICAL:strat7:2022-11-22 22:31:51,529:12461: Yes my_avgbuy_price unavailable
CRITICAL:strat7:2022-11-22 22:31:53,117:12461: Yes my_avgbuy_price unavailable
CRITICAL:strat7:2022-11-22 22:32:09,540:12462: Yes my_avgbuy_price unavailable
CRITICAL:strat7:2022-11-22 22:32:11,121:12462: Yes my_avgbuy_price unavailable
CRITICAL:strat7:2022-11-22 22:32:26,598:12463: Yes my_avgbuy_price unavailable
CRITICAL:strat7:2022-11-22 22:32:43,880:12464: Yes my_avgbuy_price unavailable
CRITICAL:strat7:2022-11-22 22:34:01,268:12461: Yes my_avgbuy_price unavailable
CRITICAL:strat7:2022-11-22 22:34:03,693:12461: Yes my_avgbuy_price unavailable
CRITICAL:strat7:2022-11-22 22:34:24,748:12462: Yes my_avgbuy_price unavailable
CRITICAL:strat7:2022-11-22 22:34:26,374:12462: Yes my_avgbuy_price unavailable
CRITICAL:strat7:2022-11-22 22:34:45,003:12463: Yes my_avgbuy_price unavailable
CRITICAL:strat7:2022-11-22 22:35:03,109:12464: Yes my_avgbuy_price unavailable
CRITICAL:strat7:2022-11-22 22:38:40,619:12461: Yes my_avgbuy_price unavailable
CRITICAL:strat7:2022-11-22 22:38:42,162:12461: Yes my_avgbuy_price unavailable
CRITICAL:strat7:2022-11-22 22:39:00,110:12462: Yes my_avgbuy_price unavailable
CRITICAL:strat7:2022-11-22 22:39:01,689:12462: Yes my_avgbuy_price unavailable
CRITICAL:strat7:2022-11-22 22:39:19,434:12463: Yes my_avgbuy_price unavailable
CRITICAL:strat7:2022-11-22 22:39:35,952:12464: Yes my_avgbuy_price unavailable
CRITICAL:strat7:2022-11-22 22:40:53,207:12461: Yes my_avgbuy_price unavailable
CRITICAL:strat7:2022-11-22 22:40:54,968:12461: Yes my_avgbuy_price unavailable
CRITICAL:strat7:2022-11-22 22:41:11,460:12462: Yes my_avgbuy_price unavailable
CRITICAL:strat7:2022-11-22 22:41:13,089:12462: Yes my_avgbuy_price unavailable
CRITICAL:strat7:2022-11-22 22:41:29,335:12463: Yes my_avgbuy_price unavailable
CRITICAL:strat7:2022-11-22 22:41:30,959:12463: Yes my_avgbuy_price unavailable
CRITICAL:strat7:2022-11-22 22:41:56,618:12464: Yes my_avgbuy_price unavailable
CRITICAL:strat7:2022-11-22 22:42:00,473:12464: Yes my_avgbuy_price unavailable
CRITICAL:strat7:2022-11-22 22:43:19,008:12461: Yes my_avgbuy_price unavailable
CRITICAL:strat7:2022-11-22 22:43:20,936:12461: Yes my_avgbuy_price unavailable
CRITICAL:strat7:2022-11-22 22:43:38,744:12462: Yes my_avgbuy_price unavailable
CRITICAL:strat7:2022-11-22 22:43:40,348:12462: Yes my_avgbuy_price unavailable
CRITICAL:strat7:2022-11-22 22:43:57,078:12463: Yes my_avgbuy_price unavailable
CRITICAL:strat7:2022-11-22 22:44:14,303:12464: Yes my_avgbuy_price unavailable
CRITICAL:strat7:2022-11-22 22:44:16,885:12464: Yes my_avgbuy_price unavailable
CRITICAL:strat7:2022-11-22 22:45:32,355:12461: Yes my_avgbuy_price unavailable
CRITICAL:strat7:2022-11-22 22:45:33,995:12461: Yes my_avgbuy_price unavailable
CRITICAL:strat7:2022-11-22 22:45:49,022:12462: Yes my_avgbuy_price unavailable
CRITICAL:strat7:2022-11-22 22:45:50,717:12462: Yes my_avgbuy_price unavailable
CRITICAL:strat7:2022-11-22 22:46:06,283:12463: Yes my_avgbuy_price unavailable
CRITICAL:strat7:2022-11-22 22:46:22,214:12464: Yes my_avgbuy_price unavailable
CRITICAL:strat7:2022-11-22 22:47:38,756:12461: Yes my_avgbuy_price unavailable
CRITICAL:strat7:2022-11-22 22:47:40,395:12461: Yes my_avgbuy_price unavailable
CRITICAL:strat7:2022-11-22 22:47:57,814:12462: Yes my_avgbuy_price unavailable
CRITICAL:strat7:2022-11-22 22:47:59,449:12462: Yes my_avgbuy_price unavailable
CRITICAL:strat7:2022-11-22 22:48:16,806:12463: Yes my_avgbuy_price unavailable
CRITICAL:strat7:2022-11-22 22:48:33,881:12464: Yes my_avgbuy_price unavailable
CRITICAL:strat7:2022-11-22 22:50:56,775:12461: Yes my_avgbuy_price unavailable
CRITICAL:strat7:2022-11-22 22:50:58,367:12461: Yes my_avgbuy_price unavailable
CRITICAL:strat7:2022-11-22 22:51:14,326:12462: Yes my_avgbuy_price unavailable
CRITICAL:strat7:2022-11-22 22:51:15,875:12462: Yes my_avgbuy_price unavailable
CRITICAL:strat7:2022-11-22 22:51:31,340:12463: Yes my_avgbuy_price unavailable
CRITICAL:strat7:2022-11-22 22:51:47,241:12464: Yes my_avgbuy_price unavailable
CRITICAL:strat7:2022-11-22 22:51:48,800:12464: Yes my_avgbuy_price unavailable
CRITICAL:strat7:2022-11-22 22:53:03,761:12461: Yes my_avgbuy_price unavailable
CRITICAL:strat7:2022-11-22 22:53:05,324:12461: Yes my_avgbuy_price unavailable
CRITICAL:strat7:2022-11-22 22:53:21,620:12462: Yes my_avgbuy_price unavailable
CRITICAL:strat7:2022-11-22 22:53:23,184:12462: Yes my_avgbuy_price unavailable
CRITICAL:strat7:2022-11-22 22:53:38,053:12463: Yes my_avgbuy_price unavailable
CRITICAL:strat7:2022-11-22 22:53:53,389:12464: Yes my_avgbuy_price unavailable
CRITICAL:strat7:2022-11-22 22:55:10,863:12461: Yes my_avgbuy_price unavailable
CRITICAL:strat7:2022-11-22 22:55:12,471:12461: Yes my_avgbuy_price unavailable
CRITICAL:strat7:2022-11-22 22:55:29,640:12462: Yes my_avgbuy_price unavailable
CRITICAL:strat7:2022-11-22 22:55:31,385:12462: Yes my_avgbuy_price unavailable
CRITICAL:strat7:2022-11-22 22:55:48,600:12463: Yes my_avgbuy_price unavailable
CRITICAL:strat7:2022-11-22 22:56:05,531:12464: Yes my_avgbuy_price unavailable
CRITICAL:strat7:2022-11-22 22:57:20,795:12461: Yes my_avgbuy_price unavailable
CRITICAL:strat7:2022-11-22 22:57:22,363:12461: Yes my_avgbuy_price unavailable
CRITICAL:strat7:2022-11-22 22:57:38,976:12462: Yes my_avgbuy_price unavailable
CRITICAL:strat7:2022-11-22 22:57:40,578:12462: Yes my_avgbuy_price unavailable
CRITICAL:strat7:2022-11-22 22:57:55,834:12463: Yes my_avgbuy_price unavailable
CRITICAL:strat7:2022-11-22 22:58:12,121:12464: Yes my_avgbuy_price unavailable
CRITICAL:strat7:2022-11-22 22:58:13,615:12464: Yes my_avgbuy_price unavailable
CRITICAL:strat7:2022-11-22 22:59:29,008:12461: Yes my_avgbuy_price unavailable
CRITICAL:strat7:2022-11-22 22:59:30,518:12461: Yes my_avgbuy_price unavailable
CRITICAL:strat7:2022-11-22 22:59:46,489:12462: Yes my_avgbuy_price unavailable
CRITICAL:strat7:2022-11-22 22:59:47,992:12462: Yes my_avgbuy_price unavailable
CRITICAL:strat7:2022-11-22 23:00:04,243:12463: Yes my_avgbuy_price unavailable
CRITICAL:strat7:2022-11-22 23:00:20,508:12464: Yes my_avgbuy_price unavailable
CRITICAL:strat7:2022-11-22 23:00:22,004:12464: Yes my_avgbuy_price unavailable
