INFO:strat7:2022-12-17 15:10:55,326:14093: Initialising event
INFO:strat7:2022-12-17 15:11:00,482:14094: Initialising event
INFO:strat7:2022-12-17 15:11:05,288:14095: Initialising event
INFO:strat7:2022-12-17 15:11:11,818:14096: Initialising event
INFO:strat7:2022-12-17 15:11:17,879:14097: Initialising event
INFO:strat7:2022-12-17 15:11:18,549:14098: Initialising event
INFO:strat7:2022-12-17 15:15:03,526:14093: Initialising event
INFO:strat7:2022-12-17 15:15:08,864:14094: Initialising event
INFO:strat7:2022-12-17 15:15:14,128:14095: Initialising event
INFO:strat7:2022-12-17 15:15:18,750:14096: Initialising event
INFO:strat7:2022-12-17 15:15:25,326:14097: Initialising event
INFO:strat7:2022-12-17 15:15:30,317:14098: Initialising event
INFO:strat7:2022-12-17 15:15:34,917:14099: Initialising event
INFO:strat7:2022-12-17 15:15:40,003:14100: Initialising event
INFO:strat7:2022-12-17 15:20:14,774:14093: Initialising event
INFO:strat7:2022-12-17 15:23:43,420:14093: Initialising event
INFO:strat7:2022-12-17 15:23:48,503:14094: Initialising event
INFO:strat7:2022-12-17 15:25:53,789:14093: Initialising event
INFO:strat7:2022-12-17 15:29:40,952:14093: Initialising event
INFO:strat7:2022-12-17 15:31:30,925:14093: Initialising event
CRITICAL:strat7:2022-12-17 15:31:55,924:14093: Yes my_avgbuy_price unavailable
WARNING:strat7:2022-12-17 15:32:00,911:14093: last_values_dict empty
INFO:strat7:2022-12-17 15:32:07,125:14094: Initialising event
CRITICAL:strat7:2022-12-17 15:32:32,144:14094: Yes my_avgbuy_price unavailable
WARNING:strat7:2022-12-17 15:32:34,580:14094: last_values_dict empty
INFO:strat7:2022-12-17 15:32:40,662:14095: Initialising event
CRITICAL:strat7:2022-12-17 15:33:05,327:14095: Yes my_avgbuy_price unavailable
WARNING:strat7:2022-12-17 15:33:07,662:14095: last_values_dict empty
INFO:strat7:2022-12-17 15:33:13,714:14096: Initialising event
CRITICAL:strat7:2022-12-17 15:33:37,871:14096: Yes my_avgbuy_price unavailable
WARNING:strat7:2022-12-17 15:33:40,344:14096: last_values_dict empty
INFO:strat7:2022-12-17 15:33:46,427:14097: Initialising event
CRITICAL:strat7:2022-12-17 15:34:10,318:14097: No my_buy_price unavailable
WARNING:strat7:2022-12-17 15:34:12,736:14097: last_values_dict empty
INFO:strat7:2022-12-17 15:34:18,841:14098: Initialising event
CRITICAL:strat7:2022-12-17 15:34:42,711:14098: No my_buy_price unavailable
WARNING:strat7:2022-12-17 15:34:45,073:14098: last_values_dict empty
INFO:strat7:2022-12-17 15:34:51,223:14099: Initialising event
CRITICAL:strat7:2022-12-17 15:35:12,070:14099: Yes my_avgbuy_price unavailable
WARNING:strat7:2022-12-17 15:35:14,461:14099: last_values_dict empty
INFO:strat7:2022-12-17 15:35:20,559:14100: Initialising event
CRITICAL:strat7:2022-12-17 15:35:45,801:14100: No my_buy_price unavailable
WARNING:strat7:2022-12-17 15:35:48,253:14100: last_values_dict empty
CRITICAL:strat7:2022-12-17 15:36:42,903:14094: Yes my_avgbuy_price unavailable
CRITICAL:strat7:2022-12-17 15:36:46,980:14094: Yes my_avgbuy_price unavailable
CRITICAL:strat7:2022-12-17 15:37:14,925:14095: No my_buy_price unavailable
CRITICAL:strat7:2022-12-17 15:37:18,185:14095: No my_buy_price unavailable
CRITICAL:strat7:2022-12-17 15:37:43,635:14096: Yes my_avgbuy_price unavailable
CRITICAL:strat7:2022-12-17 15:37:48,394:14096: Yes my_avgbuy_price unavailable
CRITICAL:strat7:2022-12-17 15:38:15,606:14097: No my_buy_price unavailable
CRITICAL:strat7:2022-12-17 15:38:19,890:14097: No my_buy_price unavailable
CRITICAL:strat7:2022-12-17 15:38:46,758:14098: No my_buy_price unavailable
CRITICAL:strat7:2022-12-17 15:38:52,197:14098: No my_buy_price unavailable
CRITICAL:strat7:2022-12-17 15:39:19,950:14099: No my_buy_price unavailable
CRITICAL:strat7:2022-12-17 15:39:23,186:14099: No my_buy_price unavailable
CRITICAL:strat7:2022-12-17 15:39:49,101:14100: No my_buy_price unavailable
CRITICAL:strat7:2022-12-17 15:39:53,154:14100: No my_buy_price unavailable
CRITICAL:strat7:2022-12-17 15:41:49,516:14094: Yes my_avgbuy_price unavailable
CRITICAL:strat7:2022-12-17 15:41:53,586:14094: Yes my_avgbuy_price unavailable
CRITICAL:strat7:2022-12-17 15:42:21,508:14095: No my_buy_price unavailable
CRITICAL:strat7:2022-12-17 15:42:25,735:14095: No my_buy_price unavailable
CRITICAL:strat7:2022-12-17 15:42:51,868:14096: Yes my_avgbuy_price unavailable
CRITICAL:strat7:2022-12-17 15:42:56,164:14096: Yes my_avgbuy_price unavailable
CRITICAL:strat7:2022-12-17 15:43:24,307:14097: No my_buy_price unavailable
CRITICAL:strat7:2022-12-17 15:43:28,515:14097: No my_buy_price unavailable
CRITICAL:strat7:2022-12-17 15:43:58,276:14098: No my_buy_price unavailable
CRITICAL:strat7:2022-12-17 15:44:03,286:14098: No my_buy_price unavailable
CRITICAL:strat7:2022-12-17 15:44:29,554:14099: No my_buy_price unavailable
CRITICAL:strat7:2022-12-17 15:44:33,801:14099: No my_buy_price unavailable
CRITICAL:strat7:2022-12-17 15:45:02,476:14100: No my_buy_price unavailable
CRITICAL:strat7:2022-12-17 15:45:07,357:14100: No my_buy_price unavailable
CRITICAL:strat7:2022-12-17 15:47:05,438:14094: Yes my_avgbuy_price unavailable
CRITICAL:strat7:2022-12-17 15:47:09,544:14094: Yes my_avgbuy_price unavailable
CRITICAL:strat7:2022-12-17 15:47:37,459:14095: No my_buy_price unavailable
CRITICAL:strat7:2022-12-17 15:47:41,561:14095: No my_buy_price unavailable
CRITICAL:strat7:2022-12-17 15:48:08,159:14096: Yes my_avgbuy_price unavailable
CRITICAL:strat7:2022-12-17 15:48:12,213:14096: Yes my_avgbuy_price unavailable
CRITICAL:strat7:2022-12-17 15:48:38,771:14097: No my_buy_price unavailable
CRITICAL:strat7:2022-12-17 15:48:42,787:14097: No my_buy_price unavailable
CRITICAL:strat7:2022-12-17 15:49:10,005:14098: No my_buy_price unavailable
CRITICAL:strat7:2022-12-17 15:49:14,021:14098: No my_buy_price unavailable
CRITICAL:strat7:2022-12-17 15:49:39,420:14099: No my_buy_price unavailable
CRITICAL:strat7:2022-12-17 15:49:43,525:14099: No my_buy_price unavailable
CRITICAL:strat7:2022-12-17 15:50:10,001:14100: No my_buy_price unavailable
CRITICAL:strat7:2022-12-17 15:50:13,967:14100: No my_buy_price unavailable
CRITICAL:strat7:2022-12-17 15:52:09,589:14094: Yes my_avgbuy_price unavailable
CRITICAL:strat7:2022-12-17 15:52:13,716:14094: Yes my_avgbuy_price unavailable
CRITICAL:strat7:2022-12-17 15:52:39,844:14095: No my_buy_price unavailable
CRITICAL:strat7:2022-12-17 15:52:43,977:14095: No my_buy_price unavailable
CRITICAL:strat7:2022-12-17 15:53:10,689:14096: Yes my_avgbuy_price unavailable
CRITICAL:strat7:2022-12-17 15:53:14,653:14096: Yes my_avgbuy_price unavailable
CRITICAL:strat7:2022-12-17 15:53:40,761:14097: No my_buy_price unavailable
CRITICAL:strat7:2022-12-17 15:53:44,766:14097: No my_buy_price unavailable
CRITICAL:strat7:2022-12-17 15:54:10,671:14098: No my_buy_price unavailable
CRITICAL:strat7:2022-12-17 15:54:14,737:14098: No my_buy_price unavailable
CRITICAL:strat7:2022-12-17 15:54:40,517:14099: No my_buy_price unavailable
CRITICAL:strat7:2022-12-17 15:54:44,611:14099: No my_buy_price unavailable
CRITICAL:strat7:2022-12-17 15:55:10,664:14100: No my_buy_price unavailable
CRITICAL:strat7:2022-12-17 15:55:14,681:14100: No my_buy_price unavailable
CRITICAL:strat7:2022-12-17 15:57:12,285:14094: Yes my_avgbuy_price unavailable
CRITICAL:strat7:2022-12-17 15:57:16,338:14094: Yes my_avgbuy_price unavailable
CRITICAL:strat7:2022-12-17 15:57:42,313:14095: No my_buy_price unavailable
CRITICAL:strat7:2022-12-17 15:57:46,397:14095: No my_buy_price unavailable
CRITICAL:strat7:2022-12-17 15:58:12,980:14096: Yes my_avgbuy_price unavailable
CRITICAL:strat7:2022-12-17 15:58:17,096:14096: Yes my_avgbuy_price unavailable
CRITICAL:strat7:2022-12-17 15:58:42,777:14097: No my_buy_price unavailable
CRITICAL:strat7:2022-12-17 15:58:46,807:14097: No my_buy_price unavailable
CRITICAL:strat7:2022-12-17 15:59:13,503:14098: No my_buy_price unavailable
CRITICAL:strat7:2022-12-17 15:59:17,535:14098: No my_buy_price unavailable
CRITICAL:strat7:2022-12-17 15:59:42,955:14099: No my_buy_price unavailable
CRITICAL:strat7:2022-12-17 15:59:47,191:14099: No my_buy_price unavailable
CRITICAL:strat7:2022-12-17 16:00:14,766:14100: No my_buy_price unavailable
CRITICAL:strat7:2022-12-17 16:00:18,849:14100: No my_buy_price unavailable
CRITICAL:strat7:2022-12-17 16:02:13,725:14094: Yes my_avgbuy_price unavailable
CRITICAL:strat7:2022-12-17 16:02:17,793:14094: Yes my_avgbuy_price unavailable
CRITICAL:strat7:2022-12-17 16:02:44,946:14095: No my_buy_price unavailable
CRITICAL:strat7:2022-12-17 16:02:49,057:14095: No my_buy_price unavailable
CRITICAL:strat7:2022-12-17 16:03:23,108:14096: Yes my_avgbuy_price unavailable
CRITICAL:strat7:2022-12-17 16:03:27,274:14096: Yes my_avgbuy_price unavailable
CRITICAL:strat7:2022-12-17 16:03:52,955:14097: No my_buy_price unavailable
CRITICAL:strat7:2022-12-17 16:03:56,985:14097: No my_buy_price unavailable
CRITICAL:strat7:2022-12-17 16:04:22,631:14098: No my_buy_price unavailable
CRITICAL:strat7:2022-12-17 16:04:26,809:14098: No my_buy_price unavailable
CRITICAL:strat7:2022-12-17 16:04:53,102:14099: No my_buy_price unavailable
CRITICAL:strat7:2022-12-17 16:04:57,249:14099: No my_buy_price unavailable
CRITICAL:strat7:2022-12-17 16:05:24,299:14100: No my_buy_price unavailable
CRITICAL:strat7:2022-12-17 16:05:28,500:14100: No my_buy_price unavailable
CRITICAL:strat7:2022-12-17 16:07:22,884:14094: Yes my_avgbuy_price unavailable
CRITICAL:strat7:2022-12-17 16:07:26,989:14094: Yes my_avgbuy_price unavailable
CRITICAL:strat7:2022-12-17 16:08:22,033:14096: Yes my_avgbuy_price unavailable
CRITICAL:strat7:2022-12-17 16:08:26,215:14096: Yes my_avgbuy_price unavailable
CRITICAL:strat7:2022-12-17 16:08:53,008:14097: No my_buy_price unavailable
CRITICAL:strat7:2022-12-17 16:08:57,665:14097: No my_buy_price unavailable
CRITICAL:strat7:2022-12-17 16:09:23,269:14098: No my_buy_price unavailable
CRITICAL:strat7:2022-12-17 16:09:27,345:14098: No my_buy_price unavailable
CRITICAL:strat7:2022-12-17 16:09:53,593:14099: No my_buy_price unavailable
CRITICAL:strat7:2022-12-17 16:09:57,693:14099: No my_buy_price unavailable
CRITICAL:strat7:2022-12-17 16:10:24,281:14100: No my_buy_price unavailable
CRITICAL:strat7:2022-12-17 16:10:28,495:14100: No my_buy_price unavailable
CRITICAL:strat7:2022-12-17 16:12:22,946:14094: Yes my_avgbuy_price unavailable
CRITICAL:strat7:2022-12-17 16:12:26,970:14094: Yes my_avgbuy_price unavailable
CRITICAL:strat7:2022-12-17 16:13:21,878:14096: Yes my_avgbuy_price unavailable
CRITICAL:strat7:2022-12-17 16:13:25,981:14096: Yes my_avgbuy_price unavailable
CRITICAL:strat7:2022-12-17 16:13:52,387:14097: No my_buy_price unavailable
CRITICAL:strat7:2022-12-17 16:13:56,471:14097: No my_buy_price unavailable
CRITICAL:strat7:2022-12-17 16:14:22,114:14098: No my_buy_price unavailable
CRITICAL:strat7:2022-12-17 16:14:26,280:14098: No my_buy_price unavailable
CRITICAL:strat7:2022-12-17 16:14:53,104:14099: No my_buy_price unavailable
CRITICAL:strat7:2022-12-17 16:14:57,423:14099: No my_buy_price unavailable
CRITICAL:strat7:2022-12-17 16:15:23,754:14100: No my_buy_price unavailable
CRITICAL:strat7:2022-12-17 16:15:27,915:14100: No my_buy_price unavailable
CRITICAL:strat7:2022-12-17 16:16:53,965:14093: Yes my_avgbuy_price unavailable
CRITICAL:strat7:2022-12-17 16:16:58,019:14093: Yes my_avgbuy_price unavailable
CRITICAL:strat7:2022-12-17 16:17:23,842:14094: Yes my_avgbuy_price unavailable
CRITICAL:strat7:2022-12-17 16:17:28,095:14094: Yes my_avgbuy_price unavailable
CRITICAL:strat7:2022-12-17 16:18:23,057:14096: Yes my_avgbuy_price unavailable
CRITICAL:strat7:2022-12-17 16:18:27,190:14096: Yes my_avgbuy_price unavailable
CRITICAL:strat7:2022-12-17 16:18:52,847:14097: No my_buy_price unavailable
CRITICAL:strat7:2022-12-17 16:18:57,008:14097: No my_buy_price unavailable
CRITICAL:strat7:2022-12-17 16:19:22,398:14098: No my_buy_price unavailable
CRITICAL:strat7:2022-12-17 16:19:26,515:14098: No my_buy_price unavailable
CRITICAL:strat7:2022-12-17 16:19:52,039:14099: No my_buy_price unavailable
CRITICAL:strat7:2022-12-17 16:19:56,170:14099: No my_buy_price unavailable
CRITICAL:strat7:2022-12-17 16:20:22,888:14100: No my_buy_price unavailable
CRITICAL:strat7:2022-12-17 16:20:27,000:14100: No my_buy_price unavailable
CRITICAL:strat7:2022-12-17 16:21:52,743:14093: Yes my_avgbuy_price unavailable
CRITICAL:strat7:2022-12-17 16:21:56,886:14093: Yes my_avgbuy_price unavailable
CRITICAL:strat7:2022-12-17 16:22:26,166:14094: Yes my_avgbuy_price unavailable
CRITICAL:strat7:2022-12-17 16:22:29,449:14094: Yes my_avgbuy_price unavailable
CRITICAL:strat7:2022-12-17 16:23:26,123:14096: Yes my_avgbuy_price unavailable
CRITICAL:strat7:2022-12-17 16:23:30,188:14096: Yes my_avgbuy_price unavailable
CRITICAL:strat7:2022-12-17 16:23:56,009:14097: No my_buy_price unavailable
CRITICAL:strat7:2022-12-17 16:24:00,114:14097: No my_buy_price unavailable
CRITICAL:strat7:2022-12-17 16:24:25,952:14098: No my_buy_price unavailable
CRITICAL:strat7:2022-12-17 16:24:30,047:14098: No my_buy_price unavailable
CRITICAL:strat7:2022-12-17 16:24:56,469:14099: No my_buy_price unavailable
CRITICAL:strat7:2022-12-17 16:25:00,514:14099: No my_buy_price unavailable
CRITICAL:strat7:2022-12-17 16:25:31,927:14100: No my_buy_price unavailable
CRITICAL:strat7:2022-12-17 16:25:35,196:14100: No my_buy_price unavailable
CRITICAL:strat7:2022-12-17 16:27:04,720:14093: Yes my_avgbuy_price unavailable
CRITICAL:strat7:2022-12-17 16:27:08,026:14093: Yes my_avgbuy_price unavailable
CRITICAL:strat7:2022-12-17 16:27:35,220:14094: Yes my_avgbuy_price unavailable
CRITICAL:strat7:2022-12-17 16:27:39,391:14094: Yes my_avgbuy_price unavailable
CRITICAL:strat7:2022-12-17 16:28:36,045:14096: Yes my_avgbuy_price unavailable
CRITICAL:strat7:2022-12-17 16:28:40,127:14096: Yes my_avgbuy_price unavailable
CRITICAL:strat7:2022-12-17 16:29:07,438:14097: No my_buy_price unavailable
CRITICAL:strat7:2022-12-17 16:29:11,480:14097: No my_buy_price unavailable
CRITICAL:strat7:2022-12-17 16:29:38,333:14098: No my_buy_price unavailable
CRITICAL:strat7:2022-12-17 16:29:42,366:14098: No my_buy_price unavailable
CRITICAL:strat7:2022-12-17 16:30:09,347:14099: No my_buy_price unavailable
CRITICAL:strat7:2022-12-17 16:30:13,484:14099: No my_buy_price unavailable
CRITICAL:strat7:2022-12-17 16:32:06,696:14093: Yes my_avgbuy_price unavailable
CRITICAL:strat7:2022-12-17 16:32:10,052:14093: Yes my_avgbuy_price unavailable
CRITICAL:strat7:2022-12-17 16:32:36,534:14094: Yes my_avgbuy_price unavailable
CRITICAL:strat7:2022-12-17 16:32:40,699:14094: Yes my_avgbuy_price unavailable
CRITICAL:strat7:2022-12-17 16:33:37,517:14096: Yes my_avgbuy_price unavailable
CRITICAL:strat7:2022-12-17 16:33:41,677:14096: Yes my_avgbuy_price unavailable
CRITICAL:strat7:2022-12-17 16:34:08,138:14097: No my_buy_price unavailable
CRITICAL:strat7:2022-12-17 16:34:12,183:14097: No my_buy_price unavailable
CRITICAL:strat7:2022-12-17 16:34:43,002:14098: No my_buy_price unavailable
CRITICAL:strat7:2022-12-17 16:34:46,271:14098: No my_buy_price unavailable
CRITICAL:strat7:2022-12-17 16:35:12,201:14099: No my_buy_price unavailable
CRITICAL:strat7:2022-12-17 16:35:16,358:14099: No my_buy_price unavailable
CRITICAL:strat7:2022-12-17 16:37:11,725:14093: Yes my_avgbuy_price unavailable
CRITICAL:strat7:2022-12-17 16:37:15,028:14093: Yes my_avgbuy_price unavailable
CRITICAL:strat7:2022-12-17 16:37:40,781:14094: Yes my_avgbuy_price unavailable
CRITICAL:strat7:2022-12-17 16:37:44,898:14094: Yes my_avgbuy_price unavailable
CRITICAL:strat7:2022-12-17 16:38:42,629:14096: Yes my_avgbuy_price unavailable
CRITICAL:strat7:2022-12-17 16:38:46,811:14096: Yes my_avgbuy_price unavailable
CRITICAL:strat7:2022-12-17 16:39:12,368:14097: No my_buy_price unavailable
CRITICAL:strat7:2022-12-17 16:39:17,198:14097: No my_buy_price unavailable
CRITICAL:strat7:2022-12-17 16:39:42,879:14098: No my_buy_price unavailable
CRITICAL:strat7:2022-12-17 16:39:48,530:14098: No my_buy_price unavailable
CRITICAL:strat7:2022-12-17 16:40:13,970:14099: No my_buy_price unavailable
CRITICAL:strat7:2022-12-17 16:40:18,009:14099: No my_buy_price unavailable
CRITICAL:strat7:2022-12-17 16:42:12,109:14093: Yes my_avgbuy_price unavailable
CRITICAL:strat7:2022-12-17 16:42:15,408:14093: Yes my_avgbuy_price unavailable
CRITICAL:strat7:2022-12-17 16:42:40,727:14094: Yes my_avgbuy_price unavailable
CRITICAL:strat7:2022-12-17 16:42:44,791:14094: Yes my_avgbuy_price unavailable
CRITICAL:strat7:2022-12-17 16:43:44,943:14096: Yes my_avgbuy_price unavailable
CRITICAL:strat7:2022-12-17 16:43:48,157:14096: Yes my_avgbuy_price unavailable
CRITICAL:strat7:2022-12-17 16:44:13,145:14097: No my_buy_price unavailable
CRITICAL:strat7:2022-12-17 16:44:17,195:14097: No my_buy_price unavailable
CRITICAL:strat7:2022-12-17 16:44:43,210:14098: No my_buy_price unavailable
CRITICAL:strat7:2022-12-17 16:44:47,334:14098: No my_buy_price unavailable
CRITICAL:strat7:2022-12-17 16:45:13,281:14099: No my_buy_price unavailable
CRITICAL:strat7:2022-12-17 16:45:17,309:14099: No my_buy_price unavailable
CRITICAL:strat7:2022-12-17 16:47:06,153:14093: Yes my_avgbuy_price unavailable
CRITICAL:strat7:2022-12-17 16:47:09,455:14093: Yes my_avgbuy_price unavailable
CRITICAL:strat7:2022-12-17 16:47:37,898:14094: Yes my_avgbuy_price unavailable
CRITICAL:strat7:2022-12-17 16:47:41,893:14094: Yes my_avgbuy_price unavailable
CRITICAL:strat7:2022-12-17 16:48:39,485:14096: Yes my_avgbuy_price unavailable
CRITICAL:strat7:2022-12-17 16:48:43,525:14096: Yes my_avgbuy_price unavailable
CRITICAL:strat7:2022-12-17 16:49:10,047:14097: No my_buy_price unavailable
CRITICAL:strat7:2022-12-17 16:49:14,049:14097: No my_buy_price unavailable
CRITICAL:strat7:2022-12-17 16:49:40,252:14098: No my_buy_price unavailable
CRITICAL:strat7:2022-12-17 16:49:44,322:14098: No my_buy_price unavailable
CRITICAL:strat7:2022-12-17 16:50:10,683:14099: No my_buy_price unavailable
CRITICAL:strat7:2022-12-17 16:50:14,676:14099: No my_buy_price unavailable
CRITICAL:strat7:2022-12-17 16:52:10,364:14093: Yes my_avgbuy_price unavailable
CRITICAL:strat7:2022-12-17 16:52:13,595:14093: Yes my_avgbuy_price unavailable
CRITICAL:strat7:2022-12-17 16:52:39,595:14094: Yes my_avgbuy_price unavailable
CRITICAL:strat7:2022-12-17 16:52:43,682:14094: Yes my_avgbuy_price unavailable
CRITICAL:strat7:2022-12-17 16:53:45,344:14096: Yes my_avgbuy_price unavailable
CRITICAL:strat7:2022-12-17 16:53:48,539:14096: Yes my_avgbuy_price unavailable
CRITICAL:strat7:2022-12-17 16:54:14,705:14097: No my_buy_price unavailable
CRITICAL:strat7:2022-12-17 16:54:18,704:14097: No my_buy_price unavailable
CRITICAL:strat7:2022-12-17 16:54:45,309:14098: No my_buy_price unavailable
CRITICAL:strat7:2022-12-17 16:54:49,448:14098: No my_buy_price unavailable
CRITICAL:strat7:2022-12-17 16:55:15,192:14099: No my_buy_price unavailable
CRITICAL:strat7:2022-12-17 16:55:19,249:14099: No my_buy_price unavailable
CRITICAL:strat7:2022-12-17 16:55:49,923:14100: No my_buy_price unavailable
CRITICAL:strat7:2022-12-17 16:55:53,273:14100: No my_buy_price unavailable
CRITICAL:strat7:2022-12-17 16:57:20,510:14093: Yes my_avgbuy_price unavailable
CRITICAL:strat7:2022-12-17 16:57:23,699:14093: Yes my_avgbuy_price unavailable
CRITICAL:strat7:2022-12-17 16:57:50,629:14094: Yes my_avgbuy_price unavailable
CRITICAL:strat7:2022-12-17 16:57:54,651:14094: Yes my_avgbuy_price unavailable
CRITICAL:strat7:2022-12-17 16:58:49,813:14096: Yes my_avgbuy_price unavailable
CRITICAL:strat7:2022-12-17 16:58:54,480:14096: Yes my_avgbuy_price unavailable
CRITICAL:strat7:2022-12-17 16:59:20,775:14097: No my_buy_price unavailable
CRITICAL:strat7:2022-12-17 16:59:24,790:14097: No my_buy_price unavailable
CRITICAL:strat7:2022-12-17 16:59:51,548:14098: No my_buy_price unavailable
CRITICAL:strat7:2022-12-17 16:59:55,602:14098: No my_buy_price unavailable
CRITICAL:strat7:2022-12-17 17:00:22,008:14099: No my_buy_price unavailable
CRITICAL:strat7:2022-12-17 17:00:26,251:14099: No my_buy_price unavailable
CRITICAL:strat7:2022-12-17 17:00:51,577:14100: No my_buy_price unavailable
CRITICAL:strat7:2022-12-17 17:00:55,868:14100: No my_buy_price unavailable
CRITICAL:strat7:2022-12-17 17:02:21,444:14093: Yes my_avgbuy_price unavailable
CRITICAL:strat7:2022-12-17 17:02:24,723:14093: Yes my_avgbuy_price unavailable
CRITICAL:strat7:2022-12-17 17:02:54,961:14094: Yes my_avgbuy_price unavailable
CRITICAL:strat7:2022-12-17 17:02:58,335:14094: Yes my_avgbuy_price unavailable
CRITICAL:strat7:2022-12-17 17:03:58,565:14096: Yes my_avgbuy_price unavailable
CRITICAL:strat7:2022-12-17 17:04:01,824:14096: Yes my_avgbuy_price unavailable
CRITICAL:strat7:2022-12-17 17:04:27,992:14097: No my_buy_price unavailable
CRITICAL:strat7:2022-12-17 17:04:32,251:14097: No my_buy_price unavailable
CRITICAL:strat7:2022-12-17 17:04:59,453:14098: No my_buy_price unavailable
CRITICAL:strat7:2022-12-17 17:05:03,867:14098: No my_buy_price unavailable
CRITICAL:strat7:2022-12-17 17:05:31,578:14099: No my_buy_price unavailable
CRITICAL:strat7:2022-12-17 17:05:35,646:14099: No my_buy_price unavailable
CRITICAL:strat7:2022-12-17 17:06:03,850:14100: No my_buy_price unavailable
CRITICAL:strat7:2022-12-17 17:06:08,656:14100: No my_buy_price unavailable
CRITICAL:strat7:2022-12-17 17:07:35,120:14093: Yes my_avgbuy_price unavailable
CRITICAL:strat7:2022-12-17 17:07:38,377:14093: Yes my_avgbuy_price unavailable
INFO:strat7:2022-12-17 17:09:28,880:14093: Initialising event
CRITICAL:strat7:2022-12-17 17:10:38,793:14093: Yes my_avgbuy_price unavailable
WARNING:strat7:2022-12-17 17:10:41,255:14093: last_values_dict empty
INFO:strat7:2022-12-17 17:10:47,085:14094: Initialising event
WARNING:strat7:2022-12-17 17:11:13,704:14094: last_values_dict empty
INFO:strat7:2022-12-17 17:11:19,577:14095: Initialising event
WARNING:strat7:2022-12-17 17:11:41,266:14095: last_values_dict empty
INFO:strat7:2022-12-17 17:11:47,726:14096: Initialising event
CRITICAL:strat7:2022-12-17 17:12:16,233:14096: Yes my_avgbuy_price unavailable
WARNING:strat7:2022-12-17 17:12:18,841:14096: last_values_dict empty
INFO:strat7:2022-12-17 17:12:24,690:14097: Initialising event
CRITICAL:strat7:2022-12-17 17:12:47,943:14097: No my_buy_price unavailable
WARNING:strat7:2022-12-17 17:12:50,501:14097: last_values_dict empty
INFO:strat7:2022-12-17 17:12:56,407:14098: Initialising event
CRITICAL:strat7:2022-12-17 17:13:21,016:14098: No my_buy_price unavailable
WARNING:strat7:2022-12-17 17:13:24,348:14098: last_values_dict empty
INFO:strat7:2022-12-17 17:13:30,618:14099: Initialising event
CRITICAL:strat7:2022-12-17 17:13:56,426:14099: No my_buy_price unavailable
WARNING:strat7:2022-12-17 17:13:58,894:14099: last_values_dict empty
INFO:strat7:2022-12-17 17:14:04,714:14100: Initialising event
WARNING:strat7:2022-12-17 17:14:29,110:14100: last_values_dict empty
CRITICAL:strat7:2022-12-17 17:14:59,923:14093: Yes my_avgbuy_price unavailable
CRITICAL:strat7:2022-12-17 17:15:03,422:14093: Yes my_avgbuy_price unavailable
CRITICAL:strat7:2022-12-17 17:16:35,743:14096: Yes my_avgbuy_price unavailable
CRITICAL:strat7:2022-12-17 17:16:39,970:14096: Yes my_avgbuy_price unavailable
CRITICAL:strat7:2022-12-17 17:17:11,100:14097: No my_buy_price unavailable
CRITICAL:strat7:2022-12-17 17:17:14,400:14097: No my_buy_price unavailable
CRITICAL:strat7:2022-12-17 17:17:42,946:14098: No my_buy_price unavailable
CRITICAL:strat7:2022-12-17 17:17:46,969:14098: No my_buy_price unavailable
CRITICAL:strat7:2022-12-17 17:18:14,981:14099: No my_buy_price unavailable
CRITICAL:strat7:2022-12-17 17:18:18,976:14099: No my_buy_price unavailable
CRITICAL:strat7:2022-12-17 17:21:40,044:14096: Yes my_avgbuy_price unavailable
CRITICAL:strat7:2022-12-17 17:21:44,173:14096: Yes my_avgbuy_price unavailable
CRITICAL:strat7:2022-12-17 17:22:11,493:14097: No my_buy_price unavailable
CRITICAL:strat7:2022-12-17 17:22:15,555:14097: No my_buy_price unavailable
CRITICAL:strat7:2022-12-17 17:22:41,528:14098: No my_buy_price unavailable
CRITICAL:strat7:2022-12-17 17:22:45,580:14098: No my_buy_price unavailable
CRITICAL:strat7:2022-12-17 17:23:13,613:14099: No my_buy_price unavailable
CRITICAL:strat7:2022-12-17 17:23:17,729:14099: No my_buy_price unavailable
CRITICAL:strat7:2022-12-17 17:26:40,417:14096: Yes my_avgbuy_price unavailable
CRITICAL:strat7:2022-12-17 17:26:44,550:14096: Yes my_avgbuy_price unavailable
CRITICAL:strat7:2022-12-17 17:27:10,077:14097: No my_buy_price unavailable
CRITICAL:strat7:2022-12-17 17:27:14,168:14097: No my_buy_price unavailable
CRITICAL:strat7:2022-12-17 17:27:40,044:14098: No my_buy_price unavailable
CRITICAL:strat7:2022-12-17 17:27:44,202:14098: No my_buy_price unavailable
CRITICAL:strat7:2022-12-17 17:28:11,943:14099: No my_buy_price unavailable
CRITICAL:strat7:2022-12-17 17:28:16,082:14099: No my_buy_price unavailable
CRITICAL:strat7:2022-12-17 17:31:35,563:14096: Yes my_avgbuy_price unavailable
CRITICAL:strat7:2022-12-17 17:31:39,682:14096: Yes my_avgbuy_price unavailable
CRITICAL:strat7:2022-12-17 17:32:06,755:14097: No my_buy_price unavailable
CRITICAL:strat7:2022-12-17 17:32:10,852:14097: No my_buy_price unavailable
CRITICAL:strat7:2022-12-17 17:32:37,172:14098: No my_buy_price unavailable
CRITICAL:strat7:2022-12-17 17:32:41,271:14098: No my_buy_price unavailable
CRITICAL:strat7:2022-12-17 17:33:07,473:14099: No my_buy_price unavailable
CRITICAL:strat7:2022-12-17 17:33:11,482:14099: No my_buy_price unavailable
CRITICAL:strat7:2022-12-17 17:36:33,564:14096: Yes my_avgbuy_price unavailable
CRITICAL:strat7:2022-12-17 17:36:38,659:14096: Yes my_avgbuy_price unavailable
CRITICAL:strat7:2022-12-17 17:37:04,514:14097: No my_buy_price unavailable
CRITICAL:strat7:2022-12-17 17:37:10,119:14097: No my_buy_price unavailable
CRITICAL:strat7:2022-12-17 17:37:37,461:14098: No my_buy_price unavailable
CRITICAL:strat7:2022-12-17 17:37:41,911:14098: No my_buy_price unavailable
CRITICAL:strat7:2022-12-17 17:38:07,219:14099: No my_buy_price unavailable
CRITICAL:strat7:2022-12-17 17:38:12,017:14099: No my_buy_price unavailable
CRITICAL:strat7:2022-12-17 17:41:34,930:14096: Yes my_avgbuy_price unavailable
CRITICAL:strat7:2022-12-17 17:41:39,089:14096: Yes my_avgbuy_price unavailable
CRITICAL:strat7:2022-12-17 17:42:05,512:14097: No my_buy_price unavailable
CRITICAL:strat7:2022-12-17 17:42:09,643:14097: No my_buy_price unavailable
CRITICAL:strat7:2022-12-17 17:42:35,888:14098: No my_buy_price unavailable
CRITICAL:strat7:2022-12-17 17:42:41,836:14098: No my_buy_price unavailable
CRITICAL:strat7:2022-12-17 17:43:09,589:14099: No my_buy_price unavailable
CRITICAL:strat7:2022-12-17 17:43:13,666:14099: No my_buy_price unavailable
CRITICAL:strat7:2022-12-17 17:46:27,446:14096: Yes my_avgbuy_price unavailable
CRITICAL:strat7:2022-12-17 17:46:31,533:14096: Yes my_avgbuy_price unavailable
CRITICAL:strat7:2022-12-17 17:46:57,552:14097: No my_buy_price unavailable
CRITICAL:strat7:2022-12-17 17:47:02,439:14097: No my_buy_price unavailable
CRITICAL:strat7:2022-12-17 17:47:28,686:14098: No my_buy_price unavailable
CRITICAL:strat7:2022-12-17 17:47:32,803:14098: No my_buy_price unavailable
CRITICAL:strat7:2022-12-17 17:47:59,781:14099: No my_buy_price unavailable
CRITICAL:strat7:2022-12-17 17:48:03,883:14099: No my_buy_price unavailable
CRITICAL:strat7:2022-12-17 17:48:33,599:14100: No my_buy_price unavailable
CRITICAL:strat7:2022-12-17 17:48:36,865:14100: No my_buy_price unavailable
CRITICAL:strat7:2022-12-17 17:51:29,864:14096: Yes my_avgbuy_price unavailable
CRITICAL:strat7:2022-12-17 17:51:33,091:14096: Yes my_avgbuy_price unavailable
CRITICAL:strat7:2022-12-17 17:51:58,642:14097: No my_buy_price unavailable
CRITICAL:strat7:2022-12-17 17:52:02,710:14097: No my_buy_price unavailable
CRITICAL:strat7:2022-12-17 17:52:30,509:14098: No my_buy_price unavailable
CRITICAL:strat7:2022-12-17 17:52:34,655:14098: No my_buy_price unavailable
CRITICAL:strat7:2022-12-17 17:53:01,553:14099: No my_buy_price unavailable
CRITICAL:strat7:2022-12-17 17:53:05,720:14099: No my_buy_price unavailable
CRITICAL:strat7:2022-12-17 17:56:53,867:14097: No my_buy_price unavailable
CRITICAL:strat7:2022-12-17 17:56:57,931:14097: No my_buy_price unavailable
CRITICAL:strat7:2022-12-17 17:57:23,981:14098: No my_buy_price unavailable
CRITICAL:strat7:2022-12-17 17:57:28,121:14098: No my_buy_price unavailable
CRITICAL:strat7:2022-12-17 17:57:53,911:14099: No my_buy_price unavailable
CRITICAL:strat7:2022-12-17 17:57:58,022:14099: No my_buy_price unavailable
CRITICAL:strat7:2022-12-17 18:01:47,601:14097: No my_buy_price unavailable
CRITICAL:strat7:2022-12-17 18:01:51,685:14097: No my_buy_price unavailable
CRITICAL:strat7:2022-12-17 18:02:17,347:14098: No my_buy_price unavailable
CRITICAL:strat7:2022-12-17 18:02:21,405:14098: No my_buy_price unavailable
CRITICAL:strat7:2022-12-17 18:02:48,632:14099: No my_buy_price unavailable
CRITICAL:strat7:2022-12-17 18:02:52,714:14099: No my_buy_price unavailable
CRITICAL:strat7:2022-12-17 18:06:41,926:14097: No my_buy_price unavailable
CRITICAL:strat7:2022-12-17 18:06:46,053:14097: No my_buy_price unavailable
CRITICAL:strat7:2022-12-17 18:07:11,989:14098: No my_buy_price unavailable
CRITICAL:strat7:2022-12-17 18:07:16,052:14098: No my_buy_price unavailable
CRITICAL:strat7:2022-12-17 18:07:41,708:14099: No my_buy_price unavailable
CRITICAL:strat7:2022-12-17 18:07:45,810:14099: No my_buy_price unavailable
CRITICAL:strat7:2022-12-17 18:11:36,787:14097: No my_buy_price unavailable
CRITICAL:strat7:2022-12-17 18:11:40,938:14097: No my_buy_price unavailable
CRITICAL:strat7:2022-12-17 18:12:08,456:14098: No my_buy_price unavailable
CRITICAL:strat7:2022-12-17 18:12:12,561:14098: No my_buy_price unavailable
CRITICAL:strat7:2022-12-17 18:12:38,986:14099: No my_buy_price unavailable
CRITICAL:strat7:2022-12-17 18:12:43,036:14099: No my_buy_price unavailable
CRITICAL:strat7:2022-12-17 18:16:05,440:14096: No my_buy_price unavailable
CRITICAL:strat7:2022-12-17 18:16:13,479:14096: No my_buy_price unavailable
CRITICAL:strat7:2022-12-17 18:16:41,906:14097: No my_buy_price unavailable
CRITICAL:strat7:2022-12-17 18:16:45,980:14097: No my_buy_price unavailable
CRITICAL:strat7:2022-12-17 18:17:12,104:14098: No my_buy_price unavailable
CRITICAL:strat7:2022-12-17 18:17:16,320:14098: No my_buy_price unavailable
CRITICAL:strat7:2022-12-17 18:17:42,560:14099: No my_buy_price unavailable
CRITICAL:strat7:2022-12-17 18:17:46,719:14099: No my_buy_price unavailable
CRITICAL:strat7:2022-12-17 18:21:02,657:14096: No my_buy_price unavailable
CRITICAL:strat7:2022-12-17 18:21:10,956:14096: No my_buy_price unavailable
CRITICAL:strat7:2022-12-17 18:21:38,561:14097: No my_buy_price unavailable
CRITICAL:strat7:2022-12-17 18:21:42,608:14097: No my_buy_price unavailable
CRITICAL:strat7:2022-12-17 18:22:10,113:14098: No my_buy_price unavailable
CRITICAL:strat7:2022-12-17 18:22:14,186:14098: No my_buy_price unavailable
CRITICAL:strat7:2022-12-17 18:22:40,780:14099: No my_buy_price unavailable
CRITICAL:strat7:2022-12-17 18:22:44,883:14099: No my_buy_price unavailable
CRITICAL:strat7:2022-12-17 18:23:13,399:14100: No my_buy_price unavailable
CRITICAL:strat7:2022-12-17 18:23:16,733:14100: No my_buy_price unavailable
CRITICAL:strat7:2022-12-17 18:26:04,025:14096: No my_buy_price unavailable
CRITICAL:strat7:2022-12-17 18:26:08,169:14096: No my_buy_price unavailable
CRITICAL:strat7:2022-12-17 18:26:34,688:14097: No my_buy_price unavailable
CRITICAL:strat7:2022-12-17 18:26:39,695:14097: No my_buy_price unavailable
CRITICAL:strat7:2022-12-17 18:27:05,864:14098: No my_buy_price unavailable
CRITICAL:strat7:2022-12-17 18:27:09,907:14098: No my_buy_price unavailable
CRITICAL:strat7:2022-12-17 18:27:36,573:14099: No my_buy_price unavailable
CRITICAL:strat7:2022-12-17 18:27:40,622:14099: No my_buy_price unavailable
CRITICAL:strat7:2022-12-17 18:31:01,557:14096: No my_buy_price unavailable
CRITICAL:strat7:2022-12-17 18:31:05,805:14096: No my_buy_price unavailable
CRITICAL:strat7:2022-12-17 18:31:32,483:14097: No my_buy_price unavailable
CRITICAL:strat7:2022-12-17 18:31:36,627:14097: No my_buy_price unavailable
CRITICAL:strat7:2022-12-17 18:32:03,625:14098: No my_buy_price unavailable
CRITICAL:strat7:2022-12-17 18:32:07,725:14098: No my_buy_price unavailable
CRITICAL:strat7:2022-12-17 18:32:34,102:14099: No my_buy_price unavailable
CRITICAL:strat7:2022-12-17 18:32:38,192:14099: No my_buy_price unavailable
CRITICAL:strat7:2022-12-17 18:35:52,610:14096: No my_buy_price unavailable
CRITICAL:strat7:2022-12-17 18:35:56,991:14096: No my_buy_price unavailable
CRITICAL:strat7:2022-12-17 18:36:22,827:14097: No my_buy_price unavailable
CRITICAL:strat7:2022-12-17 18:36:26,976:14097: No my_buy_price unavailable
CRITICAL:strat7:2022-12-17 18:36:53,873:14098: No my_buy_price unavailable
CRITICAL:strat7:2022-12-17 18:36:57,956:14098: No my_buy_price unavailable
CRITICAL:strat7:2022-12-17 18:37:23,682:14099: No my_buy_price unavailable
CRITICAL:strat7:2022-12-17 18:37:27,884:14099: No my_buy_price unavailable
CRITICAL:strat7:2022-12-17 18:40:43,196:14096: No my_buy_price unavailable
CRITICAL:strat7:2022-12-17 18:40:47,299:14096: No my_buy_price unavailable
CRITICAL:strat7:2022-12-17 18:41:13,516:14097: No my_buy_price unavailable
CRITICAL:strat7:2022-12-17 18:41:17,591:14097: No my_buy_price unavailable
CRITICAL:strat7:2022-12-17 18:41:43,993:14098: No my_buy_price unavailable
CRITICAL:strat7:2022-12-17 18:41:48,061:14098: No my_buy_price unavailable
CRITICAL:strat7:2022-12-17 18:42:14,884:14099: No my_buy_price unavailable
CRITICAL:strat7:2022-12-17 18:42:19,047:14099: No my_buy_price unavailable
CRITICAL:strat7:2022-12-17 18:45:40,055:14096: No my_buy_price unavailable
CRITICAL:strat7:2022-12-17 18:45:44,165:14096: No my_buy_price unavailable
CRITICAL:strat7:2022-12-17 18:46:11,291:14097: No my_buy_price unavailable
CRITICAL:strat7:2022-12-17 18:46:15,472:14097: No my_buy_price unavailable
CRITICAL:strat7:2022-12-17 18:47:15,495:14099: No my_buy_price unavailable
CRITICAL:strat7:2022-12-17 18:47:20,115:14099: No my_buy_price unavailable
CRITICAL:strat7:2022-12-17 18:50:34,574:14096: No my_buy_price unavailable
CRITICAL:strat7:2022-12-17 18:50:38,680:14096: No my_buy_price unavailable
CRITICAL:strat7:2022-12-17 18:51:06,289:14097: No my_buy_price unavailable
CRITICAL:strat7:2022-12-17 18:51:10,341:14097: No my_buy_price unavailable
CRITICAL:strat7:2022-12-17 18:52:13,941:14099: No my_buy_price unavailable
CRITICAL:strat7:2022-12-17 18:52:17,238:14099: No my_buy_price unavailable
CRITICAL:strat7:2022-12-17 18:55:04,051:14095: Yes my_avgbuy_price unavailable
CRITICAL:strat7:2022-12-17 18:55:11,974:14095: Yes my_avgbuy_price unavailable
CRITICAL:strat7:2022-12-17 18:55:39,781:14096: No my_buy_price unavailable
CRITICAL:strat7:2022-12-17 18:55:43,815:14096: No my_buy_price unavailable
CRITICAL:strat7:2022-12-17 18:56:12,486:14097: No my_buy_price unavailable
CRITICAL:strat7:2022-12-17 18:56:18,073:14097: No my_buy_price unavailable
CRITICAL:strat7:2022-12-17 18:57:19,041:14099: No my_buy_price unavailable
CRITICAL:strat7:2022-12-17 18:57:22,303:14099: No my_buy_price unavailable
CRITICAL:strat7:2022-12-17 19:00:11,541:14095: Yes my_avgbuy_price unavailable
CRITICAL:strat7:2022-12-17 19:00:19,525:14095: Yes my_avgbuy_price unavailable
CRITICAL:strat7:2022-12-17 19:00:46,079:14096: No my_buy_price unavailable
CRITICAL:strat7:2022-12-17 19:00:50,177:14096: No my_buy_price unavailable
CRITICAL:strat7:2022-12-17 19:01:16,327:14097: No my_buy_price unavailable
CRITICAL:strat7:2022-12-17 19:01:20,444:14097: No my_buy_price unavailable
CRITICAL:strat7:2022-12-17 19:02:15,994:14099: No my_buy_price unavailable
CRITICAL:strat7:2022-12-17 19:02:20,182:14099: No my_buy_price unavailable
CRITICAL:strat7:2022-12-17 19:05:40,509:14096: No my_buy_price unavailable
CRITICAL:strat7:2022-12-17 19:05:44,512:14096: No my_buy_price unavailable
CRITICAL:strat7:2022-12-17 19:06:11,630:14097: No my_buy_price unavailable
CRITICAL:strat7:2022-12-17 19:06:15,675:14097: No my_buy_price unavailable
CRITICAL:strat7:2022-12-17 19:07:11,322:14099: No my_buy_price unavailable
CRITICAL:strat7:2022-12-17 19:07:15,491:14099: No my_buy_price unavailable
CRITICAL:strat7:2022-12-17 19:10:31,448:14096: No my_buy_price unavailable
CRITICAL:strat7:2022-12-17 19:10:35,572:14096: No my_buy_price unavailable
CRITICAL:strat7:2022-12-17 19:11:04,248:14097: No my_buy_price unavailable
CRITICAL:strat7:2022-12-17 19:11:08,382:14097: No my_buy_price unavailable
CRITICAL:strat7:2022-12-17 19:15:20,764:14096: No my_buy_price unavailable
CRITICAL:strat7:2022-12-17 19:15:24,883:14096: No my_buy_price unavailable
CRITICAL:strat7:2022-12-17 19:15:50,567:14097: No my_buy_price unavailable
CRITICAL:strat7:2022-12-17 19:15:54,930:14097: No my_buy_price unavailable
CRITICAL:strat7:2022-12-17 19:20:04,673:14096: No my_buy_price unavailable
CRITICAL:strat7:2022-12-17 19:20:08,756:14096: No my_buy_price unavailable
CRITICAL:strat7:2022-12-17 19:20:34,944:14097: No my_buy_price unavailable
CRITICAL:strat7:2022-12-17 19:20:38,988:14097: No my_buy_price unavailable
CRITICAL:strat7:2022-12-17 19:24:39,918:14096: No my_buy_price unavailable
CRITICAL:strat7:2022-12-17 19:24:44,009:14096: No my_buy_price unavailable
CRITICAL:strat7:2022-12-17 19:25:10,225:14097: No my_buy_price unavailable
CRITICAL:strat7:2022-12-17 19:25:14,257:14097: No my_buy_price unavailable
CRITICAL:strat7:2022-12-17 19:29:21,720:14096: No my_buy_price unavailable
CRITICAL:strat7:2022-12-17 19:29:25,791:14096: No my_buy_price unavailable
CRITICAL:strat7:2022-12-17 19:29:52,460:14097: No my_buy_price unavailable
CRITICAL:strat7:2022-12-17 19:29:56,719:14097: No my_buy_price unavailable
CRITICAL:strat7:2022-12-17 19:34:01,268:14096: No my_buy_price unavailable
CRITICAL:strat7:2022-12-17 19:34:05,579:14096: No my_buy_price unavailable
CRITICAL:strat7:2022-12-17 19:34:33,362:14097: No my_buy_price unavailable
CRITICAL:strat7:2022-12-17 19:34:37,401:14097: No my_buy_price unavailable
CRITICAL:strat7:2022-12-17 19:38:46,496:14096: No my_buy_price unavailable
CRITICAL:strat7:2022-12-17 19:38:50,746:14096: No my_buy_price unavailable
CRITICAL:strat7:2022-12-17 19:39:17,374:14097: No my_buy_price unavailable
CRITICAL:strat7:2022-12-17 19:39:21,884:14097: No my_buy_price unavailable
CRITICAL:strat7:2022-12-17 19:43:26,131:14096: No my_buy_price unavailable
CRITICAL:strat7:2022-12-17 19:43:30,293:14096: No my_buy_price unavailable
CRITICAL:strat7:2022-12-17 19:43:56,762:14097: No my_buy_price unavailable
CRITICAL:strat7:2022-12-17 19:44:00,934:14097: No my_buy_price unavailable
CRITICAL:strat7:2022-12-17 19:48:11,875:14096: No my_buy_price unavailable
CRITICAL:strat7:2022-12-17 19:48:16,543:14096: No my_buy_price unavailable
CRITICAL:strat7:2022-12-17 19:48:42,483:14097: No my_buy_price unavailable
CRITICAL:strat7:2022-12-17 19:48:46,627:14097: No my_buy_price unavailable
CRITICAL:strat7:2022-12-17 19:52:57,607:14096: No my_buy_price unavailable
CRITICAL:strat7:2022-12-17 19:53:01,801:14096: No my_buy_price unavailable
CRITICAL:strat7:2022-12-17 19:53:28,578:14097: No my_buy_price unavailable
CRITICAL:strat7:2022-12-17 19:53:32,765:14097: No my_buy_price unavailable
CRITICAL:strat7:2022-12-17 19:57:41,895:14096: No my_buy_price unavailable
CRITICAL:strat7:2022-12-17 19:57:46,166:14096: No my_buy_price unavailable
CRITICAL:strat7:2022-12-17 19:58:12,195:14097: No my_buy_price unavailable
CRITICAL:strat7:2022-12-17 19:58:16,317:14097: No my_buy_price unavailable
CRITICAL:strat7:2022-12-17 20:02:24,395:14096: No my_buy_price unavailable
CRITICAL:strat7:2022-12-17 20:02:28,562:14096: No my_buy_price unavailable
CRITICAL:strat7:2022-12-17 20:02:55,003:14097: No my_buy_price unavailable
CRITICAL:strat7:2022-12-17 20:02:59,235:14097: No my_buy_price unavailable
CRITICAL:strat7:2022-12-17 20:03:28,382:14098: Yes my_avgbuy_price unavailable
CRITICAL:strat7:2022-12-17 20:03:37,952:14098: Yes my_avgbuy_price unavailable
CRITICAL:strat7:2022-12-17 20:07:15,953:14096: No my_buy_price unavailable
CRITICAL:strat7:2022-12-17 20:07:19,982:14096: No my_buy_price unavailable
CRITICAL:strat7:2022-12-17 20:07:47,057:14097: No my_buy_price unavailable
CRITICAL:strat7:2022-12-17 20:07:51,214:14097: No my_buy_price unavailable
CRITICAL:strat7:2022-12-17 20:08:21,501:14098: Yes my_avgbuy_price unavailable
CRITICAL:strat7:2022-12-17 20:08:29,621:14098: Yes my_avgbuy_price unavailable
CRITICAL:strat7:2022-12-17 20:12:15,836:14096: No my_buy_price unavailable
CRITICAL:strat7:2022-12-17 20:12:19,911:14096: No my_buy_price unavailable
CRITICAL:strat7:2022-12-17 20:12:47,084:14097: No my_buy_price unavailable
CRITICAL:strat7:2022-12-17 20:12:51,230:14097: No my_buy_price unavailable
CRITICAL:strat7:2022-12-17 20:13:18,771:14098: Yes my_avgbuy_price unavailable
CRITICAL:strat7:2022-12-17 20:13:22,875:14098: Yes my_avgbuy_price unavailable
CRITICAL:strat7:2022-12-17 20:17:09,461:14096: No my_buy_price unavailable
CRITICAL:strat7:2022-12-17 20:17:13,637:14096: No my_buy_price unavailable
CRITICAL:strat7:2022-12-17 20:17:40,643:14097: No my_buy_price unavailable
CRITICAL:strat7:2022-12-17 20:17:44,733:14097: No my_buy_price unavailable
CRITICAL:strat7:2022-12-17 20:22:13,631:14096: No my_buy_price unavailable
CRITICAL:strat7:2022-12-17 20:22:18,355:14096: No my_buy_price unavailable
CRITICAL:strat7:2022-12-17 20:22:47,840:14097: No my_buy_price unavailable
CRITICAL:strat7:2022-12-17 20:22:52,559:14097: No my_buy_price unavailable
INFO:strat7:2022-12-17 20:29:18,724:14093: Initialising event
WARNING:strat7:2022-12-17 20:29:50,837:14093: last_values_dict empty
INFO:strat7:2022-12-17 20:29:56,729:14094: Initialising event
WARNING:strat7:2022-12-17 20:30:26,689:14094: last_values_dict empty
INFO:strat7:2022-12-17 20:30:32,547:14095: Initialising event
WARNING:strat7:2022-12-17 20:31:01,471:14095: last_values_dict empty
INFO:strat7:2022-12-17 20:31:07,295:14096: Initialising event
WARNING:strat7:2022-12-17 20:31:29,407:14096: last_values_dict empty
INFO:strat7:2022-12-17 20:31:35,306:14097: Initialising event
CRITICAL:strat7:2022-12-17 20:32:03,613:14097: No my_buy_price unavailable
WARNING:strat7:2022-12-17 20:32:06,089:14097: last_values_dict empty
INFO:strat7:2022-12-17 20:32:11,963:14098: Initialising event
INFO:strat7:2022-12-17 20:33:21,390:14093: Initialising event
WARNING:strat7:2022-12-17 20:35:43,182:14093: last_values_dict empty
INFO:strat7:2022-12-17 20:35:49,012:14094: Initialising event
WARNING:strat7:2022-12-17 20:36:17,630:14094: last_values_dict empty
INFO:strat7:2022-12-17 20:36:23,517:14095: Initialising event
WARNING:strat7:2022-12-17 20:36:51,636:14095: last_values_dict empty
INFO:strat7:2022-12-17 20:36:57,456:14096: Initialising event
WARNING:strat7:2022-12-17 20:37:23,530:14096: last_values_dict empty
INFO:strat7:2022-12-17 20:37:29,398:14097: Initialising event
CRITICAL:strat7:2022-12-17 20:37:54,546:14097: No my_buy_price unavailable
WARNING:strat7:2022-12-17 20:37:57,016:14097: last_values_dict empty
INFO:strat7:2022-12-17 20:38:02,848:14098: Initialising event
WARNING:strat7:2022-12-17 20:38:31,939:14098: last_values_dict empty
INFO:strat7:2022-12-17 20:38:37,775:14099: Initialising event
WARNING:strat7:2022-12-17 20:39:05,146:14099: last_values_dict empty
INFO:strat7:2022-12-17 20:39:10,994:14100: Initialising event
WARNING:strat7:2022-12-17 20:39:38,240:14100: last_values_dict empty
CRITICAL:strat7:2022-12-17 20:42:04,997:14097: No my_buy_price unavailable
CRITICAL:strat7:2022-12-17 20:42:09,095:14097: No my_buy_price unavailable
CRITICAL:strat7:2022-12-17 20:46:55,618:14097: No my_buy_price unavailable
CRITICAL:strat7:2022-12-17 20:47:00,293:14097: No my_buy_price unavailable
CRITICAL:strat7:2022-12-17 20:51:52,215:14097: No my_buy_price unavailable
CRITICAL:strat7:2022-12-17 20:51:56,265:14097: No my_buy_price unavailable
CRITICAL:strat7:2022-12-17 20:56:55,748:14097: No my_buy_price unavailable
CRITICAL:strat7:2022-12-17 20:56:59,855:14097: No my_buy_price unavailable
CRITICAL:strat7:2022-12-17 21:01:51,194:14097: No my_buy_price unavailable
CRITICAL:strat7:2022-12-17 21:01:55,260:14097: No my_buy_price unavailable
CRITICAL:strat7:2022-12-17 21:06:57,749:14097: No my_buy_price unavailable
CRITICAL:strat7:2022-12-17 21:07:02,014:14097: No my_buy_price unavailable
CRITICAL:strat7:2022-12-17 21:10:24,203:14094: Yes my_avgbuy_price unavailable
CRITICAL:strat7:2022-12-17 21:10:27,719:14094: Yes my_avgbuy_price unavailable
CRITICAL:strat7:2022-12-17 21:11:51,880:14097: No my_buy_price unavailable
CRITICAL:strat7:2022-12-17 21:11:55,983:14097: No my_buy_price unavailable
CRITICAL:strat7:2022-12-17 21:16:51,177:14097: No my_buy_price unavailable
CRITICAL:strat7:2022-12-17 21:16:55,247:14097: No my_buy_price unavailable
CRITICAL:strat7:2022-12-17 21:21:43,160:14097: No my_buy_price unavailable
CRITICAL:strat7:2022-12-17 21:21:47,365:14097: No my_buy_price unavailable
CRITICAL:strat7:2022-12-17 21:26:33,639:14097: No my_buy_price unavailable
CRITICAL:strat7:2022-12-17 21:26:37,812:14097: No my_buy_price unavailable
CRITICAL:strat7:2022-12-17 21:31:33,569:14097: No my_buy_price unavailable
CRITICAL:strat7:2022-12-17 21:31:38,112:14097: No my_buy_price unavailable
CRITICAL:strat7:2022-12-17 21:36:16,998:14097: No my_buy_price unavailable
CRITICAL:strat7:2022-12-17 21:36:21,048:14097: No my_buy_price unavailable
CRITICAL:strat7:2022-12-17 21:41:03,273:14097: No my_buy_price unavailable
CRITICAL:strat7:2022-12-17 21:41:07,367:14097: No my_buy_price unavailable
CRITICAL:strat7:2022-12-17 21:45:45,306:14097: No my_buy_price unavailable
CRITICAL:strat7:2022-12-17 21:45:49,410:14097: No my_buy_price unavailable
CRITICAL:strat7:2022-12-17 21:46:17,370:14098: No my_buy_price unavailable
CRITICAL:strat7:2022-12-17 21:46:21,519:14098: No my_buy_price unavailable
CRITICAL:strat7:2022-12-17 21:50:33,455:14097: No my_buy_price unavailable
CRITICAL:strat7:2022-12-17 21:50:38,225:14097: No my_buy_price unavailable
CRITICAL:strat7:2022-12-17 21:51:05,726:14098: No my_buy_price unavailable
CRITICAL:strat7:2022-12-17 21:51:09,866:14098: No my_buy_price unavailable
CRITICAL:strat7:2022-12-17 21:54:49,687:14096: Yes my_avgbuy_price unavailable
CRITICAL:strat7:2022-12-17 21:54:52,993:14096: Yes my_avgbuy_price unavailable
CRITICAL:strat7:2022-12-17 21:55:19,911:14097: No my_buy_price unavailable
CRITICAL:strat7:2022-12-17 21:55:24,016:14097: No my_buy_price unavailable
CRITICAL:strat7:2022-12-17 21:55:50,933:14098: No my_buy_price unavailable
CRITICAL:strat7:2022-12-17 21:55:55,778:14098: No my_buy_price unavailable
CRITICAL:strat7:2022-12-17 21:59:29,864:14096: Yes my_avgbuy_price unavailable
CRITICAL:strat7:2022-12-17 21:59:34,129:14096: Yes my_avgbuy_price unavailable
CRITICAL:strat7:2022-12-17 21:59:59,758:14097: No my_buy_price unavailable
CRITICAL:strat7:2022-12-17 22:00:05,712:14097: No my_buy_price unavailable
CRITICAL:strat7:2022-12-17 22:00:32,805:14098: No my_buy_price unavailable
CRITICAL:strat7:2022-12-17 22:00:37,061:14098: No my_buy_price unavailable
CRITICAL:strat7:2022-12-17 22:04:11,548:14096: Yes my_avgbuy_price unavailable
CRITICAL:strat7:2022-12-17 22:04:16,133:14096: Yes my_avgbuy_price unavailable
CRITICAL:strat7:2022-12-17 22:04:43,190:14097: No my_buy_price unavailable
CRITICAL:strat7:2022-12-17 22:04:47,250:14097: No my_buy_price unavailable
CRITICAL:strat7:2022-12-17 22:05:14,600:14098: No my_buy_price unavailable
CRITICAL:strat7:2022-12-17 22:05:18,703:14098: No my_buy_price unavailable
CRITICAL:strat7:2022-12-17 22:08:50,079:14096: Yes my_avgbuy_price unavailable
CRITICAL:strat7:2022-12-17 22:08:54,212:14096: Yes my_avgbuy_price unavailable
CRITICAL:strat7:2022-12-17 22:09:22,057:14097: No my_buy_price unavailable
CRITICAL:strat7:2022-12-17 22:09:26,155:14097: No my_buy_price unavailable
CRITICAL:strat7:2022-12-17 22:09:52,580:14098: No my_buy_price unavailable
CRITICAL:strat7:2022-12-17 22:09:56,645:14098: No my_buy_price unavailable
CRITICAL:strat7:2022-12-17 22:13:24,445:14096: Yes my_avgbuy_price unavailable
CRITICAL:strat7:2022-12-17 22:13:28,558:14096: Yes my_avgbuy_price unavailable
CRITICAL:strat7:2022-12-17 22:13:54,668:14097: No my_buy_price unavailable
CRITICAL:strat7:2022-12-17 22:13:58,758:14097: No my_buy_price unavailable
CRITICAL:strat7:2022-12-17 22:14:25,031:14098: No my_buy_price unavailable
CRITICAL:strat7:2022-12-17 22:14:29,727:14098: No my_buy_price unavailable
CRITICAL:strat7:2022-12-17 22:18:33,175:14097: No my_buy_price unavailable
CRITICAL:strat7:2022-12-17 22:18:37,211:14097: No my_buy_price unavailable
CRITICAL:strat7:2022-12-17 22:19:03,630:14098: No my_buy_price unavailable
CRITICAL:strat7:2022-12-17 22:19:07,795:14098: No my_buy_price unavailable
CRITICAL:strat7:2022-12-17 22:23:06,002:14097: No my_buy_price unavailable
CRITICAL:strat7:2022-12-17 22:23:10,116:14097: No my_buy_price unavailable
CRITICAL:strat7:2022-12-17 22:23:37,572:14098: No my_buy_price unavailable
CRITICAL:strat7:2022-12-17 22:23:41,710:14098: No my_buy_price unavailable
CRITICAL:strat7:2022-12-17 22:27:46,353:14097: No my_buy_price unavailable
CRITICAL:strat7:2022-12-17 22:27:50,574:14097: No my_buy_price unavailable
CRITICAL:strat7:2022-12-17 22:28:22,194:14098: No my_buy_price unavailable
CRITICAL:strat7:2022-12-17 22:28:25,356:14098: No my_buy_price unavailable
CRITICAL:strat7:2022-12-17 22:32:57,657:14097: No my_buy_price unavailable
CRITICAL:strat7:2022-12-17 22:33:00,993:14097: No my_buy_price unavailable
CRITICAL:strat7:2022-12-17 22:33:28,701:14098: No my_buy_price unavailable
CRITICAL:strat7:2022-12-17 22:33:33,055:14098: No my_buy_price unavailable
CRITICAL:strat7:2022-12-17 22:37:45,676:14097: No my_buy_price unavailable
CRITICAL:strat7:2022-12-17 22:37:49,761:14097: No my_buy_price unavailable
CRITICAL:strat7:2022-12-17 22:42:37,173:14097: No my_buy_price unavailable
CRITICAL:strat7:2022-12-17 22:42:41,320:14097: No my_buy_price unavailable
CRITICAL:strat7:2022-12-17 22:52:22,373:14096: Yes my_avgbuy_price unavailable
CRITICAL:strat7:2022-12-17 22:52:25,814:14096: Yes my_avgbuy_price unavailable
