INFO:strat7:2022-11-19 15:18:28,899:12294: Initialising event
INFO:strat7:2022-11-19 15:23:04,568:12294: Initialising event
INFO:strat7:2022-11-19 15:53:26,298:12294: Initialising event
CRITICAL:strat7:2022-11-19 15:53:40,762:12294: No my_buy_price unavailable
WARNING:strat7:2022-11-19 15:53:43,236:12294: last_values_dict empty
INFO:strat7:2022-11-19 15:53:50,228:12293: Initialising event
CRITICAL:strat7:2022-11-19 15:54:02,912:12293: No my_buy_price unavailable
WARNING:strat7:2022-11-19 15:54:04,458:12293: last_values_dict empty
INFO:strat7:2022-11-19 15:54:10,648:12292: Initialising event
CRITICAL:strat7:2022-11-19 15:54:22,262:12292: Yes my_avgbuy_price unavailable
WARNING:strat7:2022-11-19 15:54:23,872:12292: last_values_dict empty
INFO:strat7:2022-11-19 15:54:29,911:12288: Initialising event
CRITICAL:strat7:2022-11-19 15:54:41,861:12288: Yes my_avgbuy_price unavailable
WARNING:strat7:2022-11-19 15:54:43,422:12288: last_values_dict empty
CRITICAL:strat7:2022-11-19 15:54:56,881:12294: No my_buy_price unavailable
CRITICAL:strat7:2022-11-19 15:54:59,549:12294: No my_buy_price unavailable
CRITICAL:strat7:2022-11-19 15:55:18,974:12293: No my_buy_price unavailable
CRITICAL:strat7:2022-11-19 15:55:21,152:12293: No my_buy_price unavailable
CRITICAL:strat7:2022-11-19 15:55:35,550:12292: Yes my_avgbuy_price unavailable
CRITICAL:strat7:2022-11-19 15:55:38,230:12292: Yes my_avgbuy_price unavailable
CRITICAL:strat7:2022-11-19 15:56:01,430:12288: Yes my_avgbuy_price unavailable
CRITICAL:strat7:2022-11-19 15:56:03,612:12288: Yes my_avgbuy_price unavailable
CRITICAL:strat7:2022-11-19 15:57:22,399:12294: No my_buy_price unavailable
CRITICAL:strat7:2022-11-19 15:57:24,580:12294: No my_buy_price unavailable
CRITICAL:strat7:2022-11-19 15:57:44,740:12293: No my_buy_price unavailable
CRITICAL:strat7:2022-11-19 15:57:47,016:12293: No my_buy_price unavailable
CRITICAL:strat7:2022-11-19 15:58:02,359:12292: Yes my_avgbuy_price unavailable
CRITICAL:strat7:2022-11-19 15:58:05,059:12292: Yes my_avgbuy_price unavailable
CRITICAL:strat7:2022-11-19 15:58:22,858:12288: Yes my_avgbuy_price unavailable
CRITICAL:strat7:2022-11-19 15:58:25,741:12288: Yes my_avgbuy_price unavailable
CRITICAL:strat7:2022-11-19 15:59:41,813:12294: No my_buy_price unavailable
CRITICAL:strat7:2022-11-19 15:59:59,846:12293: No my_buy_price unavailable
CRITICAL:strat7:2022-11-19 16:00:02,259:12293: No my_buy_price unavailable
CRITICAL:strat7:2022-11-19 16:00:17,154:12292: Yes my_avgbuy_price unavailable
CRITICAL:strat7:2022-11-19 16:00:19,880:12292: Yes my_avgbuy_price unavailable
CRITICAL:strat7:2022-11-19 16:00:33,982:12288: Yes my_avgbuy_price unavailable
CRITICAL:strat7:2022-11-19 16:00:36,052:12288: Yes my_avgbuy_price unavailable
CRITICAL:strat7:2022-11-19 16:01:49,878:12294: No my_buy_price unavailable
CRITICAL:strat7:2022-11-19 16:02:06,417:12293: Yes my_avgbuy_price unavailable
CRITICAL:strat7:2022-11-19 16:02:09,954:12293: Yes my_avgbuy_price unavailable
CRITICAL:strat7:2022-11-19 16:02:24,929:12292: Yes my_avgbuy_price unavailable
CRITICAL:strat7:2022-11-19 16:02:27,549:12292: Yes my_avgbuy_price unavailable
CRITICAL:strat7:2022-11-19 16:02:46,003:12288: Yes my_avgbuy_price unavailable
CRITICAL:strat7:2022-11-19 16:02:48,101:12288: Yes my_avgbuy_price unavailable
CRITICAL:strat7:2022-11-19 16:04:02,308:12294: No my_buy_price unavailable
CRITICAL:strat7:2022-11-19 16:04:18,301:12293: Yes my_avgbuy_price unavailable
CRITICAL:strat7:2022-11-19 16:04:21,279:12293: Yes my_avgbuy_price unavailable
CRITICAL:strat7:2022-11-19 16:04:39,470:12292: Yes my_avgbuy_price unavailable
CRITICAL:strat7:2022-11-19 16:04:41,623:12292: Yes my_avgbuy_price unavailable
CRITICAL:strat7:2022-11-19 16:06:29,188:12293: Yes my_avgbuy_price unavailable
CRITICAL:strat7:2022-11-19 16:06:31,870:12293: Yes my_avgbuy_price unavailable
CRITICAL:strat7:2022-11-19 16:06:47,325:12292: Yes my_avgbuy_price unavailable
CRITICAL:strat7:2022-11-19 16:06:50,099:12292: Yes my_avgbuy_price unavailable
CRITICAL:strat7:2022-11-19 16:08:35,370:12293: Yes my_avgbuy_price unavailable
CRITICAL:strat7:2022-11-19 16:08:38,111:12293: Yes my_avgbuy_price unavailable
CRITICAL:strat7:2022-11-19 16:08:53,216:12292: Yes my_avgbuy_price unavailable
CRITICAL:strat7:2022-11-19 16:08:55,941:12292: Yes my_avgbuy_price unavailable
CRITICAL:strat7:2022-11-19 16:09:10,763:12288: Yes my_avgbuy_price unavailable
CRITICAL:strat7:2022-11-19 16:09:13,481:12288: Yes my_avgbuy_price unavailable
CRITICAL:strat7:2022-11-19 16:10:43,747:12293: No my_buy_price unavailable
CRITICAL:strat7:2022-11-19 16:10:47,458:12293: No my_buy_price unavailable
CRITICAL:strat7:2022-11-19 16:11:04,464:12292: Yes my_avgbuy_price unavailable
CRITICAL:strat7:2022-11-19 16:11:07,595:12292: Yes my_avgbuy_price unavailable
CRITICAL:strat7:2022-11-19 16:11:23,973:12288: Yes my_avgbuy_price unavailable
CRITICAL:strat7:2022-11-19 16:11:26,911:12288: Yes my_avgbuy_price unavailable
CRITICAL:strat7:2022-11-19 16:12:56,468:12293: No my_buy_price unavailable
CRITICAL:strat7:2022-11-19 16:12:59,150:12293: No my_buy_price unavailable
CRITICAL:strat7:2022-11-19 16:13:13,981:12292: Yes my_avgbuy_price unavailable
CRITICAL:strat7:2022-11-19 16:13:16,664:12292: Yes my_avgbuy_price unavailable
CRITICAL:strat7:2022-11-19 16:13:33,682:12288: Yes my_avgbuy_price unavailable
CRITICAL:strat7:2022-11-19 16:13:36,601:12288: Yes my_avgbuy_price unavailable
CRITICAL:strat7:2022-11-19 16:15:05,773:12293: No my_buy_price unavailable
CRITICAL:strat7:2022-11-19 16:15:08,620:12293: No my_buy_price unavailable
CRITICAL:strat7:2022-11-19 16:15:27,053:12292: Yes my_avgbuy_price unavailable
CRITICAL:strat7:2022-11-19 16:15:29,331:12292: Yes my_avgbuy_price unavailable
CRITICAL:strat7:2022-11-19 16:15:45,439:12288: Yes my_avgbuy_price unavailable
CRITICAL:strat7:2022-11-19 16:15:48,122:12288: Yes my_avgbuy_price unavailable
CRITICAL:strat7:2022-11-19 16:17:35,838:12292: Yes my_avgbuy_price unavailable
CRITICAL:strat7:2022-11-19 16:17:39,041:12292: Yes my_avgbuy_price unavailable
CRITICAL:strat7:2022-11-19 16:17:54,391:12288: Yes my_avgbuy_price unavailable
CRITICAL:strat7:2022-11-19 16:17:57,295:12288: Yes my_avgbuy_price unavailable
CRITICAL:strat7:2022-11-19 16:19:44,408:12292: Yes my_avgbuy_price unavailable
CRITICAL:strat7:2022-11-19 16:19:47,121:12292: Yes my_avgbuy_price unavailable
CRITICAL:strat7:2022-11-19 16:20:02,394:12288: Yes my_avgbuy_price unavailable
CRITICAL:strat7:2022-11-19 16:20:05,173:12288: Yes my_avgbuy_price unavailable
CRITICAL:strat7:2022-11-19 16:21:51,649:12292: Yes my_avgbuy_price unavailable
CRITICAL:strat7:2022-11-19 16:21:54,508:12292: Yes my_avgbuy_price unavailable
CRITICAL:strat7:2022-11-19 16:22:09,607:12288: Yes my_avgbuy_price unavailable
CRITICAL:strat7:2022-11-19 16:22:12,332:12288: Yes my_avgbuy_price unavailable
CRITICAL:strat7:2022-11-19 16:24:03,380:12292: Yes my_avgbuy_price unavailable
CRITICAL:strat7:2022-11-19 16:24:05,955:12292: Yes my_avgbuy_price unavailable
CRITICAL:strat7:2022-11-19 16:24:26,318:12288: Yes my_avgbuy_price unavailable
CRITICAL:strat7:2022-11-19 16:24:28,676:12288: Yes my_avgbuy_price unavailable
CRITICAL:strat7:2022-11-19 16:26:11,705:12292: Yes my_avgbuy_price unavailable
CRITICAL:strat7:2022-11-19 16:26:13,850:12292: Yes my_avgbuy_price unavailable
CRITICAL:strat7:2022-11-19 16:26:28,134:12288: Yes my_avgbuy_price unavailable
CRITICAL:strat7:2022-11-19 16:26:30,365:12288: Yes my_avgbuy_price unavailable
CRITICAL:strat7:2022-11-19 16:28:18,741:12292: Yes my_avgbuy_price unavailable
CRITICAL:strat7:2022-11-19 16:28:21,102:12292: Yes my_avgbuy_price unavailable
CRITICAL:strat7:2022-11-19 16:28:35,575:12288: Yes my_avgbuy_price unavailable
CRITICAL:strat7:2022-11-19 16:28:37,794:12288: Yes my_avgbuy_price unavailable
CRITICAL:strat7:2022-11-19 16:30:08,364:12293: No my_buy_price unavailable
CRITICAL:strat7:2022-11-19 16:30:11,331:12293: No my_buy_price unavailable
CRITICAL:strat7:2022-11-19 16:30:26,494:12292: Yes my_avgbuy_price unavailable
CRITICAL:strat7:2022-11-19 16:30:29,419:12292: Yes my_avgbuy_price unavailable
CRITICAL:strat7:2022-11-19 16:30:44,144:12288: Yes my_avgbuy_price unavailable
CRITICAL:strat7:2022-11-19 16:30:46,443:12288: Yes my_avgbuy_price unavailable
CRITICAL:strat7:2022-11-19 16:32:15,571:12293: No my_buy_price unavailable
CRITICAL:strat7:2022-11-19 16:32:18,491:12293: No my_buy_price unavailable
CRITICAL:strat7:2022-11-19 16:32:33,939:12292: Yes my_avgbuy_price unavailable
CRITICAL:strat7:2022-11-19 16:32:36,990:12292: Yes my_avgbuy_price unavailable
CRITICAL:strat7:2022-11-19 16:32:51,980:12288: Yes my_avgbuy_price unavailable
CRITICAL:strat7:2022-11-19 16:32:54,269:12288: Yes my_avgbuy_price unavailable
CRITICAL:strat7:2022-11-19 16:34:23,359:12293: No my_buy_price unavailable
CRITICAL:strat7:2022-11-19 16:34:26,419:12293: No my_buy_price unavailable
CRITICAL:strat7:2022-11-19 16:34:41,760:12292: Yes my_avgbuy_price unavailable
CRITICAL:strat7:2022-11-19 16:34:44,469:12292: Yes my_avgbuy_price unavailable
CRITICAL:strat7:2022-11-19 16:34:59,961:12288: Yes my_avgbuy_price unavailable
CRITICAL:strat7:2022-11-19 16:35:02,139:12288: Yes my_avgbuy_price unavailable
CRITICAL:strat7:2022-11-19 16:36:32,576:12293: No my_buy_price unavailable
CRITICAL:strat7:2022-11-19 16:36:35,378:12293: No my_buy_price unavailable
CRITICAL:strat7:2022-11-19 16:36:51,654:12292: Yes my_avgbuy_price unavailable
CRITICAL:strat7:2022-11-19 16:36:54,636:12292: Yes my_avgbuy_price unavailable
CRITICAL:strat7:2022-11-19 16:37:09,792:12288: Yes my_avgbuy_price unavailable
CRITICAL:strat7:2022-11-19 16:37:12,324:12288: Yes my_avgbuy_price unavailable
CRITICAL:strat7:2022-11-19 16:38:41,975:12293: No my_buy_price unavailable
CRITICAL:strat7:2022-11-19 16:38:44,631:12293: No my_buy_price unavailable
CRITICAL:strat7:2022-11-19 16:39:02,380:12292: Yes my_avgbuy_price unavailable
CRITICAL:strat7:2022-11-19 16:39:05,279:12292: Yes my_avgbuy_price unavailable
CRITICAL:strat7:2022-11-19 16:39:20,210:12288: Yes my_avgbuy_price unavailable
CRITICAL:strat7:2022-11-19 16:39:22,412:12288: Yes my_avgbuy_price unavailable
CRITICAL:strat7:2022-11-19 16:40:50,735:12293: No my_buy_price unavailable
CRITICAL:strat7:2022-11-19 16:40:53,506:12293: No my_buy_price unavailable
CRITICAL:strat7:2022-11-19 16:41:09,538:12292: Yes my_avgbuy_price unavailable
CRITICAL:strat7:2022-11-19 16:41:12,355:12292: Yes my_avgbuy_price unavailable
CRITICAL:strat7:2022-11-19 16:41:26,616:12288: Yes my_avgbuy_price unavailable
CRITICAL:strat7:2022-11-19 16:41:28,908:12288: Yes my_avgbuy_price unavailable
CRITICAL:strat7:2022-11-19 16:42:58,784:12293: No my_buy_price unavailable
CRITICAL:strat7:2022-11-19 16:43:01,622:12293: No my_buy_price unavailable
CRITICAL:strat7:2022-11-19 16:43:21,827:12292: Yes my_avgbuy_price unavailable
CRITICAL:strat7:2022-11-19 16:43:24,706:12292: Yes my_avgbuy_price unavailable
CRITICAL:strat7:2022-11-19 16:43:40,940:12288: Yes my_avgbuy_price unavailable
CRITICAL:strat7:2022-11-19 16:43:43,307:12288: Yes my_avgbuy_price unavailable
CRITICAL:strat7:2022-11-19 16:45:18,863:12293: No my_buy_price unavailable
CRITICAL:strat7:2022-11-19 16:45:22,525:12293: No my_buy_price unavailable
CRITICAL:strat7:2022-11-19 16:45:41,685:12292: Yes my_avgbuy_price unavailable
CRITICAL:strat7:2022-11-19 16:45:44,817:12292: Yes my_avgbuy_price unavailable
CRITICAL:strat7:2022-11-19 16:46:04,920:12288: Yes my_avgbuy_price unavailable
CRITICAL:strat7:2022-11-19 16:46:07,526:12288: Yes my_avgbuy_price unavailable
CRITICAL:strat7:2022-11-19 16:47:45,917:12293: No my_buy_price unavailable
CRITICAL:strat7:2022-11-19 16:47:49,296:12293: No my_buy_price unavailable
CRITICAL:strat7:2022-11-19 16:48:09,361:12292: Yes my_avgbuy_price unavailable
CRITICAL:strat7:2022-11-19 16:48:12,894:12292: Yes my_avgbuy_price unavailable
CRITICAL:strat7:2022-11-19 16:48:31,194:12288: Yes my_avgbuy_price unavailable
CRITICAL:strat7:2022-11-19 16:48:33,741:12288: Yes my_avgbuy_price unavailable
CRITICAL:strat7:2022-11-19 16:50:08,483:12293: No my_buy_price unavailable
CRITICAL:strat7:2022-11-19 16:50:12,282:12293: No my_buy_price unavailable
CRITICAL:strat7:2022-11-19 16:50:31,943:12292: Yes my_avgbuy_price unavailable
CRITICAL:strat7:2022-11-19 16:50:35,379:12292: Yes my_avgbuy_price unavailable
CRITICAL:strat7:2022-11-19 16:50:55,296:12288: Yes my_avgbuy_price unavailable
CRITICAL:strat7:2022-11-19 16:50:58,914:12288: Yes my_avgbuy_price unavailable
CRITICAL:strat7:2022-11-19 16:52:38,563:12293: No my_buy_price unavailable
CRITICAL:strat7:2022-11-19 16:52:41,836:12293: No my_buy_price unavailable
CRITICAL:strat7:2022-11-19 16:53:04,123:12292: Yes my_avgbuy_price unavailable
CRITICAL:strat7:2022-11-19 16:53:07,196:12292: Yes my_avgbuy_price unavailable
CRITICAL:strat7:2022-11-19 16:53:27,025:12288: Yes my_avgbuy_price unavailable
CRITICAL:strat7:2022-11-19 16:53:29,516:12288: Yes my_avgbuy_price unavailable
CRITICAL:strat7:2022-11-19 16:55:08,371:12293: No my_buy_price unavailable
CRITICAL:strat7:2022-11-19 16:55:11,636:12293: No my_buy_price unavailable
CRITICAL:strat7:2022-11-19 16:55:31,516:12292: Yes my_avgbuy_price unavailable
CRITICAL:strat7:2022-11-19 16:55:34,595:12292: Yes my_avgbuy_price unavailable
CRITICAL:strat7:2022-11-19 16:55:50,624:12288: Yes my_avgbuy_price unavailable
CRITICAL:strat7:2022-11-19 16:55:53,206:12288: Yes my_avgbuy_price unavailable
CRITICAL:strat7:2022-11-19 16:57:29,139:12293: No my_buy_price unavailable
CRITICAL:strat7:2022-11-19 16:57:33,356:12293: No my_buy_price unavailable
CRITICAL:strat7:2022-11-19 16:57:53,050:12292: Yes my_avgbuy_price unavailable
CRITICAL:strat7:2022-11-19 16:57:56,655:12292: Yes my_avgbuy_price unavailable
CRITICAL:strat7:2022-11-19 16:58:18,049:12288: Yes my_avgbuy_price unavailable
CRITICAL:strat7:2022-11-19 16:58:20,928:12288: Yes my_avgbuy_price unavailable
CRITICAL:strat7:2022-11-19 17:00:02,613:12293: No my_buy_price unavailable
CRITICAL:strat7:2022-11-19 17:00:05,725:12293: No my_buy_price unavailable
CRITICAL:strat7:2022-11-19 17:00:28,103:12292: Yes my_avgbuy_price unavailable
CRITICAL:strat7:2022-11-19 17:00:31,756:12292: Yes my_avgbuy_price unavailable
CRITICAL:strat7:2022-11-19 17:00:53,393:12288: Yes my_avgbuy_price unavailable
CRITICAL:strat7:2022-11-19 17:00:56,524:12288: Yes my_avgbuy_price unavailable
CRITICAL:strat7:2022-11-19 17:10:56,952:12292: Yes my_avgbuy_price unavailable
CRITICAL:strat7:2022-11-19 17:11:00,393:12292: Yes my_avgbuy_price unavailable
CRITICAL:strat7:2022-11-19 17:11:19,235:12288: Yes my_avgbuy_price unavailable
CRITICAL:strat7:2022-11-19 17:11:22,368:12288: Yes my_avgbuy_price unavailable
CRITICAL:strat7:2022-11-19 17:20:19,545:12292: Yes my_avgbuy_price unavailable
CRITICAL:strat7:2022-11-19 17:20:22,709:12292: Yes my_avgbuy_price unavailable
CRITICAL:strat7:2022-11-19 17:20:37,416:12288: Yes my_avgbuy_price unavailable
CRITICAL:strat7:2022-11-19 17:20:39,769:12288: Yes my_avgbuy_price unavailable
CRITICAL:strat7:2022-11-19 17:28:29,597:12292: Yes my_avgbuy_price unavailable
CRITICAL:strat7:2022-11-19 17:28:32,600:12292: Yes my_avgbuy_price unavailable
CRITICAL:strat7:2022-11-19 17:28:47,942:12288: Yes my_avgbuy_price unavailable
CRITICAL:strat7:2022-11-19 17:28:50,587:12288: Yes my_avgbuy_price unavailable
CRITICAL:strat7:2022-11-19 17:30:26,600:12293: No my_buy_price unavailable
CRITICAL:strat7:2022-11-19 17:30:30,138:12293: No my_buy_price unavailable
CRITICAL:strat7:2022-11-19 17:30:47,656:12292: Yes my_avgbuy_price unavailable
CRITICAL:strat7:2022-11-19 17:30:51,123:12292: Yes my_avgbuy_price unavailable
CRITICAL:strat7:2022-11-19 17:31:08,707:12288: Yes my_avgbuy_price unavailable
CRITICAL:strat7:2022-11-19 17:31:10,711:12288: Yes my_avgbuy_price unavailable
CRITICAL:strat7:2022-11-19 17:40:02,308:12292: Yes my_avgbuy_price unavailable
CRITICAL:strat7:2022-11-19 17:40:05,737:12292: Yes my_avgbuy_price unavailable
CRITICAL:strat7:2022-11-19 17:40:21,366:12288: Yes my_avgbuy_price unavailable
CRITICAL:strat7:2022-11-19 17:40:23,604:12288: Yes my_avgbuy_price unavailable
CRITICAL:strat7:2022-11-19 17:41:52,957:12293: No my_buy_price unavailable
CRITICAL:strat7:2022-11-19 17:41:55,566:12293: No my_buy_price unavailable
CRITICAL:strat7:2022-11-19 17:42:10,834:12292: Yes my_avgbuy_price unavailable
CRITICAL:strat7:2022-11-19 17:42:13,561:12292: Yes my_avgbuy_price unavailable
CRITICAL:strat7:2022-11-19 17:42:27,531:12288: Yes my_avgbuy_price unavailable
CRITICAL:strat7:2022-11-19 17:42:29,566:12288: Yes my_avgbuy_price unavailable
CRITICAL:strat7:2022-11-19 17:43:57,756:12293: No my_buy_price unavailable
CRITICAL:strat7:2022-11-19 17:44:00,342:12293: No my_buy_price unavailable
CRITICAL:strat7:2022-11-19 17:44:16,183:12292: Yes my_avgbuy_price unavailable
CRITICAL:strat7:2022-11-19 17:44:18,819:12292: Yes my_avgbuy_price unavailable
CRITICAL:strat7:2022-11-19 17:44:33,979:12288: Yes my_avgbuy_price unavailable
CRITICAL:strat7:2022-11-19 17:44:36,082:12288: Yes my_avgbuy_price unavailable
CRITICAL:strat7:2022-11-19 17:46:04,367:12293: No my_buy_price unavailable
CRITICAL:strat7:2022-11-19 17:46:06,903:12293: No my_buy_price unavailable
CRITICAL:strat7:2022-11-19 17:46:22,129:12292: Yes my_avgbuy_price unavailable
CRITICAL:strat7:2022-11-19 17:46:24,710:12292: Yes my_avgbuy_price unavailable
CRITICAL:strat7:2022-11-19 17:46:39,230:12288: Yes my_avgbuy_price unavailable
CRITICAL:strat7:2022-11-19 17:46:41,220:12288: Yes my_avgbuy_price unavailable
CRITICAL:strat7:2022-11-19 17:48:09,339:12293: No my_buy_price unavailable
CRITICAL:strat7:2022-11-19 17:48:11,910:12293: No my_buy_price unavailable
CRITICAL:strat7:2022-11-19 17:48:26,662:12292: Yes my_avgbuy_price unavailable
CRITICAL:strat7:2022-11-19 17:48:29,201:12292: Yes my_avgbuy_price unavailable
CRITICAL:strat7:2022-11-19 17:48:43,226:12288: Yes my_avgbuy_price unavailable
CRITICAL:strat7:2022-11-19 17:48:45,477:12288: Yes my_avgbuy_price unavailable
CRITICAL:strat7:2022-11-19 17:50:13,449:12293: No my_buy_price unavailable
CRITICAL:strat7:2022-11-19 17:50:16,242:12293: No my_buy_price unavailable
CRITICAL:strat7:2022-11-19 17:50:30,084:12292: Yes my_avgbuy_price unavailable
CRITICAL:strat7:2022-11-19 17:50:32,359:12292: Yes my_avgbuy_price unavailable
CRITICAL:strat7:2022-11-19 17:50:47,125:12288: Yes my_avgbuy_price unavailable
CRITICAL:strat7:2022-11-19 17:50:49,487:12288: Yes my_avgbuy_price unavailable
CRITICAL:strat7:2022-11-19 17:52:17,632:12293: No my_buy_price unavailable
CRITICAL:strat7:2022-11-19 17:52:20,233:12293: No my_buy_price unavailable
CRITICAL:strat7:2022-11-19 17:52:34,430:12292: Yes my_avgbuy_price unavailable
CRITICAL:strat7:2022-11-19 17:52:37,261:12292: Yes my_avgbuy_price unavailable
CRITICAL:strat7:2022-11-19 17:52:51,424:12288: Yes my_avgbuy_price unavailable
CRITICAL:strat7:2022-11-19 17:52:53,473:12288: Yes my_avgbuy_price unavailable
CRITICAL:strat7:2022-11-19 17:54:22,097:12293: No my_buy_price unavailable
CRITICAL:strat7:2022-11-19 17:54:24,700:12293: No my_buy_price unavailable
CRITICAL:strat7:2022-11-19 17:54:39,197:12292: Yes my_avgbuy_price unavailable
CRITICAL:strat7:2022-11-19 17:54:41,813:12292: Yes my_avgbuy_price unavailable
CRITICAL:strat7:2022-11-19 17:54:55,683:12288: Yes my_avgbuy_price unavailable
CRITICAL:strat7:2022-11-19 17:54:57,838:12288: Yes my_avgbuy_price unavailable
CRITICAL:strat7:2022-11-19 17:56:31,740:12293: No my_buy_price unavailable
CRITICAL:strat7:2022-11-19 17:56:34,273:12293: No my_buy_price unavailable
CRITICAL:strat7:2022-11-19 17:56:49,245:12292: Yes my_avgbuy_price unavailable
CRITICAL:strat7:2022-11-19 17:56:51,697:12292: Yes my_avgbuy_price unavailable
CRITICAL:strat7:2022-11-19 17:57:08,094:12288: Yes my_avgbuy_price unavailable
CRITICAL:strat7:2022-11-19 17:57:10,112:12288: Yes my_avgbuy_price unavailable
CRITICAL:strat7:2022-11-19 17:58:41,176:12293: No my_buy_price unavailable
CRITICAL:strat7:2022-11-19 17:58:44,458:12293: No my_buy_price unavailable
CRITICAL:strat7:2022-11-19 17:59:02,584:12292: Yes my_avgbuy_price unavailable
CRITICAL:strat7:2022-11-19 17:59:06,585:12292: Yes my_avgbuy_price unavailable
CRITICAL:strat7:2022-11-19 17:59:20,006:12288: Yes my_avgbuy_price unavailable
CRITICAL:strat7:2022-11-19 17:59:22,319:12288: Yes my_avgbuy_price unavailable
CRITICAL:strat7:2022-11-19 18:00:53,598:12293: No my_buy_price unavailable
CRITICAL:strat7:2022-11-19 18:00:56,323:12293: No my_buy_price unavailable
CRITICAL:strat7:2022-11-19 18:01:11,140:12292: Yes my_avgbuy_price unavailable
CRITICAL:strat7:2022-11-19 18:01:13,792:12292: Yes my_avgbuy_price unavailable
CRITICAL:strat7:2022-11-19 18:01:28,074:12288: Yes my_avgbuy_price unavailable
CRITICAL:strat7:2022-11-19 18:01:30,315:12288: Yes my_avgbuy_price unavailable
CRITICAL:strat7:2022-11-19 18:03:03,022:12293: No my_buy_price unavailable
CRITICAL:strat7:2022-11-19 18:03:06,187:12293: No my_buy_price unavailable
CRITICAL:strat7:2022-11-19 18:03:23,340:12292: Yes my_avgbuy_price unavailable
CRITICAL:strat7:2022-11-19 18:03:26,320:12292: Yes my_avgbuy_price unavailable
CRITICAL:strat7:2022-11-19 18:03:43,945:12288: Yes my_avgbuy_price unavailable
CRITICAL:strat7:2022-11-19 18:03:46,334:12288: Yes my_avgbuy_price unavailable
CRITICAL:strat7:2022-11-19 18:05:16,227:12293: No my_buy_price unavailable
CRITICAL:strat7:2022-11-19 18:05:18,753:12293: No my_buy_price unavailable
CRITICAL:strat7:2022-11-19 18:05:33,934:12292: Yes my_avgbuy_price unavailable
CRITICAL:strat7:2022-11-19 18:05:36,529:12292: Yes my_avgbuy_price unavailable
CRITICAL:strat7:2022-11-19 18:05:50,531:12288: Yes my_avgbuy_price unavailable
CRITICAL:strat7:2022-11-19 18:05:52,571:12288: Yes my_avgbuy_price unavailable
CRITICAL:strat7:2022-11-19 18:07:19,998:12293: No my_buy_price unavailable
CRITICAL:strat7:2022-11-19 18:07:22,695:12293: No my_buy_price unavailable
CRITICAL:strat7:2022-11-19 18:07:40,680:12292: Yes my_avgbuy_price unavailable
CRITICAL:strat7:2022-11-19 18:07:43,318:12292: Yes my_avgbuy_price unavailable
CRITICAL:strat7:2022-11-19 18:07:57,371:12288: Yes my_avgbuy_price unavailable
CRITICAL:strat7:2022-11-19 18:07:59,475:12288: Yes my_avgbuy_price unavailable
CRITICAL:strat7:2022-11-19 18:09:28,135:12293: No my_buy_price unavailable
CRITICAL:strat7:2022-11-19 18:09:30,764:12293: No my_buy_price unavailable
CRITICAL:strat7:2022-11-19 18:09:46,576:12292: Yes my_avgbuy_price unavailable
CRITICAL:strat7:2022-11-19 18:09:49,550:12292: Yes my_avgbuy_price unavailable
CRITICAL:strat7:2022-11-19 18:10:05,467:12288: Yes my_avgbuy_price unavailable
CRITICAL:strat7:2022-11-19 18:10:07,608:12288: Yes my_avgbuy_price unavailable
CRITICAL:strat7:2022-11-19 18:11:36,703:12293: No my_buy_price unavailable
CRITICAL:strat7:2022-11-19 18:11:39,217:12293: No my_buy_price unavailable
CRITICAL:strat7:2022-11-19 18:11:53,589:12292: Yes my_avgbuy_price unavailable
CRITICAL:strat7:2022-11-19 18:11:56,133:12292: Yes my_avgbuy_price unavailable
CRITICAL:strat7:2022-11-19 18:12:10,632:12288: Yes my_avgbuy_price unavailable
CRITICAL:strat7:2022-11-19 18:12:12,908:12288: Yes my_avgbuy_price unavailable
CRITICAL:strat7:2022-11-19 18:13:41,274:12293: No my_buy_price unavailable
CRITICAL:strat7:2022-11-19 18:13:43,792:12293: No my_buy_price unavailable
CRITICAL:strat7:2022-11-19 18:13:59,263:12292: Yes my_avgbuy_price unavailable
CRITICAL:strat7:2022-11-19 18:14:01,982:12292: Yes my_avgbuy_price unavailable
CRITICAL:strat7:2022-11-19 18:14:16,234:12288: Yes my_avgbuy_price unavailable
CRITICAL:strat7:2022-11-19 18:14:18,358:12288: Yes my_avgbuy_price unavailable
CRITICAL:strat7:2022-11-19 18:15:48,602:12293: No my_buy_price unavailable
CRITICAL:strat7:2022-11-19 18:15:51,452:12293: No my_buy_price unavailable
CRITICAL:strat7:2022-11-19 18:16:07,392:12292: Yes my_avgbuy_price unavailable
CRITICAL:strat7:2022-11-19 18:16:10,071:12292: Yes my_avgbuy_price unavailable
CRITICAL:strat7:2022-11-19 18:16:25,405:12288: Yes my_avgbuy_price unavailable
CRITICAL:strat7:2022-11-19 18:16:27,498:12288: Yes my_avgbuy_price unavailable
CRITICAL:strat7:2022-11-19 18:18:00,849:12293: No my_buy_price unavailable
CRITICAL:strat7:2022-11-19 18:18:03,790:12293: No my_buy_price unavailable
CRITICAL:strat7:2022-11-19 18:18:19,629:12292: Yes my_avgbuy_price unavailable
CRITICAL:strat7:2022-11-19 18:18:22,380:12292: Yes my_avgbuy_price unavailable
CRITICAL:strat7:2022-11-19 18:18:37,052:12288: Yes my_avgbuy_price unavailable
CRITICAL:strat7:2022-11-19 18:18:39,290:12288: Yes my_avgbuy_price unavailable
CRITICAL:strat7:2022-11-19 18:20:08,926:12293: No my_buy_price unavailable
CRITICAL:strat7:2022-11-19 18:20:11,740:12293: No my_buy_price unavailable
CRITICAL:strat7:2022-11-19 18:20:27,600:12292: Yes my_avgbuy_price unavailable
CRITICAL:strat7:2022-11-19 18:20:30,150:12292: Yes my_avgbuy_price unavailable
CRITICAL:strat7:2022-11-19 18:20:45,175:12288: Yes my_avgbuy_price unavailable
CRITICAL:strat7:2022-11-19 18:20:47,483:12288: Yes my_avgbuy_price unavailable
CRITICAL:strat7:2022-11-19 18:22:19,949:12293: No my_buy_price unavailable
CRITICAL:strat7:2022-11-19 18:22:22,734:12293: No my_buy_price unavailable
CRITICAL:strat7:2022-11-19 18:22:39,716:12292: Yes my_avgbuy_price unavailable
CRITICAL:strat7:2022-11-19 18:22:42,219:12292: Yes my_avgbuy_price unavailable
CRITICAL:strat7:2022-11-19 18:22:58,479:12288: Yes my_avgbuy_price unavailable
CRITICAL:strat7:2022-11-19 18:23:00,784:12288: Yes my_avgbuy_price unavailable
CRITICAL:strat7:2022-11-19 18:24:31,302:12293: No my_buy_price unavailable
CRITICAL:strat7:2022-11-19 18:24:33,961:12293: No my_buy_price unavailable
CRITICAL:strat7:2022-11-19 18:24:49,164:12292: Yes my_avgbuy_price unavailable
CRITICAL:strat7:2022-11-19 18:24:51,827:12292: Yes my_avgbuy_price unavailable
CRITICAL:strat7:2022-11-19 18:25:07,036:12288: Yes my_avgbuy_price unavailable
CRITICAL:strat7:2022-11-19 18:25:09,148:12288: Yes my_avgbuy_price unavailable
CRITICAL:strat7:2022-11-19 18:26:39,535:12293: No my_buy_price unavailable
CRITICAL:strat7:2022-11-19 18:26:42,257:12293: No my_buy_price unavailable
CRITICAL:strat7:2022-11-19 18:26:57,490:12292: Yes my_avgbuy_price unavailable
CRITICAL:strat7:2022-11-19 18:27:00,125:12292: Yes my_avgbuy_price unavailable
CRITICAL:strat7:2022-11-19 18:27:15,027:12288: Yes my_avgbuy_price unavailable
CRITICAL:strat7:2022-11-19 18:27:17,143:12288: Yes my_avgbuy_price unavailable
CRITICAL:strat7:2022-11-19 18:28:48,659:12293: No my_buy_price unavailable
CRITICAL:strat7:2022-11-19 18:28:51,434:12293: No my_buy_price unavailable
CRITICAL:strat7:2022-11-19 18:29:08,099:12292: Yes my_avgbuy_price unavailable
CRITICAL:strat7:2022-11-19 18:29:10,923:12292: Yes my_avgbuy_price unavailable
CRITICAL:strat7:2022-11-19 18:29:26,557:12288: Yes my_avgbuy_price unavailable
CRITICAL:strat7:2022-11-19 18:29:28,889:12288: Yes my_avgbuy_price unavailable
CRITICAL:strat7:2022-11-19 18:30:58,133:12293: No my_buy_price unavailable
CRITICAL:strat7:2022-11-19 18:31:00,885:12293: No my_buy_price unavailable
CRITICAL:strat7:2022-11-19 18:31:16,288:12292: Yes my_avgbuy_price unavailable
CRITICAL:strat7:2022-11-19 18:31:18,875:12292: Yes my_avgbuy_price unavailable
CRITICAL:strat7:2022-11-19 18:31:34,091:12288: Yes my_avgbuy_price unavailable
CRITICAL:strat7:2022-11-19 18:31:36,291:12288: Yes my_avgbuy_price unavailable
CRITICAL:strat7:2022-11-19 18:33:06,422:12293: No my_buy_price unavailable
CRITICAL:strat7:2022-11-19 18:33:09,077:12293: No my_buy_price unavailable
CRITICAL:strat7:2022-11-19 18:33:25,829:12292: Yes my_avgbuy_price unavailable
CRITICAL:strat7:2022-11-19 18:33:28,453:12292: Yes my_avgbuy_price unavailable
CRITICAL:strat7:2022-11-19 18:33:43,310:12288: Yes my_avgbuy_price unavailable
CRITICAL:strat7:2022-11-19 18:33:45,454:12288: Yes my_avgbuy_price unavailable
CRITICAL:strat7:2022-11-19 18:35:18,437:12293: No my_buy_price unavailable
CRITICAL:strat7:2022-11-19 18:35:21,351:12293: No my_buy_price unavailable
CRITICAL:strat7:2022-11-19 18:35:38,509:12292: Yes my_avgbuy_price unavailable
CRITICAL:strat7:2022-11-19 18:35:41,046:12292: Yes my_avgbuy_price unavailable
CRITICAL:strat7:2022-11-19 18:35:56,841:12288: Yes my_avgbuy_price unavailable
CRITICAL:strat7:2022-11-19 18:35:58,993:12288: Yes my_avgbuy_price unavailable
CRITICAL:strat7:2022-11-19 18:37:28,255:12293: No my_buy_price unavailable
CRITICAL:strat7:2022-11-19 18:37:30,920:12293: No my_buy_price unavailable
CRITICAL:strat7:2022-11-19 18:37:46,508:12292: Yes my_avgbuy_price unavailable
CRITICAL:strat7:2022-11-19 18:37:49,183:12292: Yes my_avgbuy_price unavailable
CRITICAL:strat7:2022-11-19 18:38:04,458:12288: Yes my_avgbuy_price unavailable
CRITICAL:strat7:2022-11-19 18:38:06,554:12288: Yes my_avgbuy_price unavailable
CRITICAL:strat7:2022-11-19 18:39:36,789:12293: No my_buy_price unavailable
CRITICAL:strat7:2022-11-19 18:39:39,418:12293: No my_buy_price unavailable
CRITICAL:strat7:2022-11-19 18:39:54,813:12292: Yes my_avgbuy_price unavailable
CRITICAL:strat7:2022-11-19 18:39:57,459:12292: Yes my_avgbuy_price unavailable
CRITICAL:strat7:2022-11-19 18:40:12,150:12288: Yes my_avgbuy_price unavailable
CRITICAL:strat7:2022-11-19 18:40:14,403:12288: Yes my_avgbuy_price unavailable
CRITICAL:strat7:2022-11-19 18:41:45,261:12293: No my_buy_price unavailable
CRITICAL:strat7:2022-11-19 18:41:48,143:12293: No my_buy_price unavailable
CRITICAL:strat7:2022-11-19 18:42:04,737:12292: Yes my_avgbuy_price unavailable
CRITICAL:strat7:2022-11-19 18:42:07,612:12292: Yes my_avgbuy_price unavailable
CRITICAL:strat7:2022-11-19 18:42:23,905:12288: Yes my_avgbuy_price unavailable
CRITICAL:strat7:2022-11-19 18:42:26,071:12288: Yes my_avgbuy_price unavailable
CRITICAL:strat7:2022-11-19 18:43:57,779:12293: No my_buy_price unavailable
CRITICAL:strat7:2022-11-19 18:44:00,608:12293: No my_buy_price unavailable
CRITICAL:strat7:2022-11-19 18:44:17,804:12292: Yes my_avgbuy_price unavailable
CRITICAL:strat7:2022-11-19 18:44:20,585:12292: Yes my_avgbuy_price unavailable
CRITICAL:strat7:2022-11-19 18:44:35,664:12288: Yes my_avgbuy_price unavailable
CRITICAL:strat7:2022-11-19 18:44:37,883:12288: Yes my_avgbuy_price unavailable
CRITICAL:strat7:2022-11-19 18:46:08,253:12293: No my_buy_price unavailable
CRITICAL:strat7:2022-11-19 18:46:10,876:12293: No my_buy_price unavailable
CRITICAL:strat7:2022-11-19 18:46:27,822:12292: Yes my_avgbuy_price unavailable
CRITICAL:strat7:2022-11-19 18:46:30,592:12292: Yes my_avgbuy_price unavailable
CRITICAL:strat7:2022-11-19 18:46:45,894:12288: Yes my_avgbuy_price unavailable
CRITICAL:strat7:2022-11-19 18:46:48,022:12288: Yes my_avgbuy_price unavailable
CRITICAL:strat7:2022-11-19 18:48:19,979:12293: No my_buy_price unavailable
CRITICAL:strat7:2022-11-19 18:48:22,712:12293: No my_buy_price unavailable
CRITICAL:strat7:2022-11-19 18:48:39,015:12292: Yes my_avgbuy_price unavailable
CRITICAL:strat7:2022-11-19 18:48:41,881:12292: Yes my_avgbuy_price unavailable
CRITICAL:strat7:2022-11-19 18:48:57,895:12288: Yes my_avgbuy_price unavailable
CRITICAL:strat7:2022-11-19 18:49:00,164:12288: Yes my_avgbuy_price unavailable
CRITICAL:strat7:2022-11-19 18:50:32,569:12293: No my_buy_price unavailable
CRITICAL:strat7:2022-11-19 18:50:35,389:12293: No my_buy_price unavailable
CRITICAL:strat7:2022-11-19 18:50:51,855:12292: Yes my_avgbuy_price unavailable
CRITICAL:strat7:2022-11-19 18:50:54,396:12292: Yes my_avgbuy_price unavailable
CRITICAL:strat7:2022-11-19 18:51:09,899:12288: Yes my_avgbuy_price unavailable
CRITICAL:strat7:2022-11-19 18:51:12,240:12288: Yes my_avgbuy_price unavailable
CRITICAL:strat7:2022-11-19 18:52:42,318:12293: No my_buy_price unavailable
CRITICAL:strat7:2022-11-19 18:52:45,019:12293: No my_buy_price unavailable
CRITICAL:strat7:2022-11-19 18:53:00,332:12292: Yes my_avgbuy_price unavailable
CRITICAL:strat7:2022-11-19 18:53:03,053:12292: Yes my_avgbuy_price unavailable
CRITICAL:strat7:2022-11-19 18:53:18,049:12288: Yes my_avgbuy_price unavailable
CRITICAL:strat7:2022-11-19 18:53:20,253:12288: Yes my_avgbuy_price unavailable
CRITICAL:strat7:2022-11-19 18:54:52,143:12293: No my_buy_price unavailable
CRITICAL:strat7:2022-11-19 18:54:55,071:12293: No my_buy_price unavailable
CRITICAL:strat7:2022-11-19 18:55:11,451:12292: Yes my_avgbuy_price unavailable
CRITICAL:strat7:2022-11-19 18:55:14,367:12292: Yes my_avgbuy_price unavailable
CRITICAL:strat7:2022-11-19 18:55:30,974:12288: Yes my_avgbuy_price unavailable
CRITICAL:strat7:2022-11-19 18:55:33,068:12288: Yes my_avgbuy_price unavailable
CRITICAL:strat7:2022-11-19 18:57:02,498:12293: No my_buy_price unavailable
CRITICAL:strat7:2022-11-19 18:57:05,178:12293: No my_buy_price unavailable
CRITICAL:strat7:2022-11-19 18:57:21,113:12292: Yes my_avgbuy_price unavailable
CRITICAL:strat7:2022-11-19 18:57:23,867:12292: Yes my_avgbuy_price unavailable
CRITICAL:strat7:2022-11-19 18:57:40,715:12288: Yes my_avgbuy_price unavailable
CRITICAL:strat7:2022-11-19 18:57:42,955:12288: Yes my_avgbuy_price unavailable
CRITICAL:strat7:2022-11-19 18:59:10,970:12293: No my_buy_price unavailable
CRITICAL:strat7:2022-11-19 18:59:13,789:12293: No my_buy_price unavailable
CRITICAL:strat7:2022-11-19 18:59:28,290:12292: Yes my_avgbuy_price unavailable
CRITICAL:strat7:2022-11-19 18:59:31,013:12292: Yes my_avgbuy_price unavailable
CRITICAL:strat7:2022-11-19 18:59:45,254:12288: Yes my_avgbuy_price unavailable
CRITICAL:strat7:2022-11-19 18:59:47,296:12288: Yes my_avgbuy_price unavailable
CRITICAL:strat7:2022-11-19 19:01:16,486:12293: No my_buy_price unavailable
CRITICAL:strat7:2022-11-19 19:01:19,214:12293: No my_buy_price unavailable
CRITICAL:strat7:2022-11-19 19:01:34,550:12292: Yes my_avgbuy_price unavailable
CRITICAL:strat7:2022-11-19 19:01:37,285:12292: Yes my_avgbuy_price unavailable
CRITICAL:strat7:2022-11-19 19:01:51,409:12288: Yes my_avgbuy_price unavailable
CRITICAL:strat7:2022-11-19 19:01:53,554:12288: Yes my_avgbuy_price unavailable
CRITICAL:strat7:2022-11-19 19:03:24,465:12293: No my_buy_price unavailable
CRITICAL:strat7:2022-11-19 19:03:27,293:12293: No my_buy_price unavailable
CRITICAL:strat7:2022-11-19 19:03:42,933:12292: Yes my_avgbuy_price unavailable
CRITICAL:strat7:2022-11-19 19:03:45,652:12292: Yes my_avgbuy_price unavailable
CRITICAL:strat7:2022-11-19 19:04:01,278:12288: Yes my_avgbuy_price unavailable
CRITICAL:strat7:2022-11-19 19:04:03,454:12288: Yes my_avgbuy_price unavailable
CRITICAL:strat7:2022-11-19 19:05:33,176:12293: No my_buy_price unavailable
CRITICAL:strat7:2022-11-19 19:05:35,972:12293: No my_buy_price unavailable
CRITICAL:strat7:2022-11-19 19:05:52,462:12292: Yes my_avgbuy_price unavailable
CRITICAL:strat7:2022-11-19 19:05:55,160:12292: Yes my_avgbuy_price unavailable
CRITICAL:strat7:2022-11-19 19:06:10,925:12288: Yes my_avgbuy_price unavailable
CRITICAL:strat7:2022-11-19 19:06:13,058:12288: Yes my_avgbuy_price unavailable
CRITICAL:strat7:2022-11-19 19:07:45,790:12293: No my_buy_price unavailable
CRITICAL:strat7:2022-11-19 19:07:48,729:12293: No my_buy_price unavailable
CRITICAL:strat7:2022-11-19 19:08:05,631:12292: Yes my_avgbuy_price unavailable
CRITICAL:strat7:2022-11-19 19:08:08,424:12292: Yes my_avgbuy_price unavailable
CRITICAL:strat7:2022-11-19 19:08:24,576:12288: Yes my_avgbuy_price unavailable
CRITICAL:strat7:2022-11-19 19:08:26,858:12288: Yes my_avgbuy_price unavailable
CRITICAL:strat7:2022-11-19 19:09:56,751:12293: No my_buy_price unavailable
CRITICAL:strat7:2022-11-19 19:09:59,507:12293: No my_buy_price unavailable
CRITICAL:strat7:2022-11-19 19:10:15,927:12292: Yes my_avgbuy_price unavailable
CRITICAL:strat7:2022-11-19 19:10:18,690:12292: Yes my_avgbuy_price unavailable
CRITICAL:strat7:2022-11-19 19:10:33,722:12288: Yes my_avgbuy_price unavailable
CRITICAL:strat7:2022-11-19 19:10:35,859:12288: Yes my_avgbuy_price unavailable
CRITICAL:strat7:2022-11-19 19:12:06,482:12293: No my_buy_price unavailable
CRITICAL:strat7:2022-11-19 19:12:09,214:12293: No my_buy_price unavailable
CRITICAL:strat7:2022-11-19 19:12:24,955:12292: Yes my_avgbuy_price unavailable
CRITICAL:strat7:2022-11-19 19:12:27,706:12292: Yes my_avgbuy_price unavailable
CRITICAL:strat7:2022-11-19 19:12:43,222:12288: Yes my_avgbuy_price unavailable
CRITICAL:strat7:2022-11-19 19:12:45,401:12288: Yes my_avgbuy_price unavailable
CRITICAL:strat7:2022-11-19 19:14:17,717:12293: No my_buy_price unavailable
CRITICAL:strat7:2022-11-19 19:14:20,613:12293: No my_buy_price unavailable
CRITICAL:strat7:2022-11-19 19:14:37,065:12292: Yes my_avgbuy_price unavailable
CRITICAL:strat7:2022-11-19 19:14:39,799:12292: Yes my_avgbuy_price unavailable
CRITICAL:strat7:2022-11-19 19:14:55,524:12288: Yes my_avgbuy_price unavailable
CRITICAL:strat7:2022-11-19 19:14:57,749:12288: Yes my_avgbuy_price unavailable
CRITICAL:strat7:2022-11-19 19:16:27,360:12293: No my_buy_price unavailable
CRITICAL:strat7:2022-11-19 19:16:30,058:12293: No my_buy_price unavailable
CRITICAL:strat7:2022-11-19 19:16:46,041:12292: Yes my_avgbuy_price unavailable
CRITICAL:strat7:2022-11-19 19:16:48,862:12292: Yes my_avgbuy_price unavailable
CRITICAL:strat7:2022-11-19 19:17:03,825:12288: Yes my_avgbuy_price unavailable
CRITICAL:strat7:2022-11-19 19:17:06,010:12288: Yes my_avgbuy_price unavailable
CRITICAL:strat7:2022-11-19 19:18:37,070:12293: No my_buy_price unavailable
CRITICAL:strat7:2022-11-19 19:18:39,815:12293: No my_buy_price unavailable
CRITICAL:strat7:2022-11-19 19:18:56,337:12292: Yes my_avgbuy_price unavailable
CRITICAL:strat7:2022-11-19 19:18:59,217:12292: Yes my_avgbuy_price unavailable
CRITICAL:strat7:2022-11-19 19:19:14,706:12288: Yes my_avgbuy_price unavailable
CRITICAL:strat7:2022-11-19 19:19:16,904:12288: Yes my_avgbuy_price unavailable
CRITICAL:strat7:2022-11-19 19:20:48,320:12293: No my_buy_price unavailable
CRITICAL:strat7:2022-11-19 19:20:51,153:12293: No my_buy_price unavailable
CRITICAL:strat7:2022-11-19 19:21:07,085:12292: Yes my_avgbuy_price unavailable
CRITICAL:strat7:2022-11-19 19:21:09,898:12292: Yes my_avgbuy_price unavailable
CRITICAL:strat7:2022-11-19 19:21:24,836:12288: Yes my_avgbuy_price unavailable
CRITICAL:strat7:2022-11-19 19:21:26,963:12288: Yes my_avgbuy_price unavailable
CRITICAL:strat7:2022-11-19 19:22:58,663:12293: No my_buy_price unavailable
CRITICAL:strat7:2022-11-19 19:23:01,526:12293: No my_buy_price unavailable
CRITICAL:strat7:2022-11-19 19:23:17,324:12292: Yes my_avgbuy_price unavailable
CRITICAL:strat7:2022-11-19 19:23:20,154:12292: Yes my_avgbuy_price unavailable
CRITICAL:strat7:2022-11-19 19:23:35,011:12288: Yes my_avgbuy_price unavailable
CRITICAL:strat7:2022-11-19 19:23:37,247:12288: Yes my_avgbuy_price unavailable
CRITICAL:strat7:2022-11-19 19:25:07,067:12293: No my_buy_price unavailable
CRITICAL:strat7:2022-11-19 19:25:09,815:12293: No my_buy_price unavailable
CRITICAL:strat7:2022-11-19 19:25:25,395:12292: Yes my_avgbuy_price unavailable
CRITICAL:strat7:2022-11-19 19:25:28,123:12292: Yes my_avgbuy_price unavailable
CRITICAL:strat7:2022-11-19 19:25:43,466:12288: Yes my_avgbuy_price unavailable
CRITICAL:strat7:2022-11-19 19:25:45,672:12288: Yes my_avgbuy_price unavailable
CRITICAL:strat7:2022-11-19 19:27:17,405:12293: No my_buy_price unavailable
CRITICAL:strat7:2022-11-19 19:27:20,303:12293: No my_buy_price unavailable
CRITICAL:strat7:2022-11-19 19:27:36,160:12292: Yes my_avgbuy_price unavailable
CRITICAL:strat7:2022-11-19 19:27:38,927:12292: Yes my_avgbuy_price unavailable
CRITICAL:strat7:2022-11-19 19:27:53,626:12288: Yes my_avgbuy_price unavailable
CRITICAL:strat7:2022-11-19 19:27:55,820:12288: Yes my_avgbuy_price unavailable
CRITICAL:strat7:2022-11-19 19:29:25,405:12293: No my_buy_price unavailable
CRITICAL:strat7:2022-11-19 19:29:28,124:12293: No my_buy_price unavailable
CRITICAL:strat7:2022-11-19 19:29:45,443:12292: Yes my_avgbuy_price unavailable
CRITICAL:strat7:2022-11-19 19:29:48,182:12292: Yes my_avgbuy_price unavailable
CRITICAL:strat7:2022-11-19 19:30:03,085:12288: Yes my_avgbuy_price unavailable
CRITICAL:strat7:2022-11-19 19:30:05,316:12288: Yes my_avgbuy_price unavailable
CRITICAL:strat7:2022-11-19 19:31:34,829:12293: No my_buy_price unavailable
CRITICAL:strat7:2022-11-19 19:31:37,530:12293: No my_buy_price unavailable
CRITICAL:strat7:2022-11-19 19:31:52,874:12292: Yes my_avgbuy_price unavailable
CRITICAL:strat7:2022-11-19 19:31:55,573:12292: Yes my_avgbuy_price unavailable
CRITICAL:strat7:2022-11-19 19:32:10,586:12288: Yes my_avgbuy_price unavailable
CRITICAL:strat7:2022-11-19 19:32:12,732:12288: Yes my_avgbuy_price unavailable
CRITICAL:strat7:2022-11-19 19:33:45,100:12293: No my_buy_price unavailable
CRITICAL:strat7:2022-11-19 19:33:48,083:12293: No my_buy_price unavailable
CRITICAL:strat7:2022-11-19 19:34:03,656:12292: Yes my_avgbuy_price unavailable
CRITICAL:strat7:2022-11-19 19:34:06,470:12292: Yes my_avgbuy_price unavailable
CRITICAL:strat7:2022-11-19 19:34:22,025:12288: Yes my_avgbuy_price unavailable
CRITICAL:strat7:2022-11-19 19:34:24,211:12288: Yes my_avgbuy_price unavailable
CRITICAL:strat7:2022-11-19 19:35:53,629:12293: No my_buy_price unavailable
CRITICAL:strat7:2022-11-19 19:35:56,444:12293: No my_buy_price unavailable
CRITICAL:strat7:2022-11-19 19:36:13,307:12292: Yes my_avgbuy_price unavailable
CRITICAL:strat7:2022-11-19 19:36:16,094:12292: Yes my_avgbuy_price unavailable
CRITICAL:strat7:2022-11-19 19:36:30,018:12288: Yes my_avgbuy_price unavailable
CRITICAL:strat7:2022-11-19 19:36:32,171:12288: Yes my_avgbuy_price unavailable
CRITICAL:strat7:2022-11-19 19:37:59,654:12293: No my_buy_price unavailable
CRITICAL:strat7:2022-11-19 19:38:02,333:12293: No my_buy_price unavailable
CRITICAL:strat7:2022-11-19 19:38:16,637:12292: Yes my_avgbuy_price unavailable
CRITICAL:strat7:2022-11-19 19:38:19,292:12292: Yes my_avgbuy_price unavailable
CRITICAL:strat7:2022-11-19 19:38:33,437:12288: Yes my_avgbuy_price unavailable
CRITICAL:strat7:2022-11-19 19:38:35,550:12288: Yes my_avgbuy_price unavailable
CRITICAL:strat7:2022-11-19 19:40:04,336:12293: No my_buy_price unavailable
CRITICAL:strat7:2022-11-19 19:40:06,970:12293: No my_buy_price unavailable
CRITICAL:strat7:2022-11-19 19:40:24,889:12292: Yes my_avgbuy_price unavailable
CRITICAL:strat7:2022-11-19 19:40:27,711:12292: Yes my_avgbuy_price unavailable
CRITICAL:strat7:2022-11-19 19:40:42,573:12288: Yes my_avgbuy_price unavailable
CRITICAL:strat7:2022-11-19 19:40:44,755:12288: Yes my_avgbuy_price unavailable
CRITICAL:strat7:2022-11-19 19:42:13,884:12293: No my_buy_price unavailable
CRITICAL:strat7:2022-11-19 19:42:16,615:12293: No my_buy_price unavailable
CRITICAL:strat7:2022-11-19 19:42:33,037:12292: Yes my_avgbuy_price unavailable
CRITICAL:strat7:2022-11-19 19:42:35,940:12292: Yes my_avgbuy_price unavailable
CRITICAL:strat7:2022-11-19 19:42:52,343:12288: Yes my_avgbuy_price unavailable
CRITICAL:strat7:2022-11-19 19:42:54,535:12288: Yes my_avgbuy_price unavailable
CRITICAL:strat7:2022-11-19 19:44:25,166:12293: No my_buy_price unavailable
CRITICAL:strat7:2022-11-19 19:44:28,003:12293: No my_buy_price unavailable
CRITICAL:strat7:2022-11-19 19:44:43,664:12292: Yes my_avgbuy_price unavailable
CRITICAL:strat7:2022-11-19 19:44:46,450:12292: Yes my_avgbuy_price unavailable
CRITICAL:strat7:2022-11-19 19:45:03,014:12288: Yes my_avgbuy_price unavailable
CRITICAL:strat7:2022-11-19 19:45:05,415:12288: Yes my_avgbuy_price unavailable
CRITICAL:strat7:2022-11-19 19:46:36,703:12293: No my_buy_price unavailable
CRITICAL:strat7:2022-11-19 19:46:39,516:12293: No my_buy_price unavailable
CRITICAL:strat7:2022-11-19 19:46:55,300:12292: Yes my_avgbuy_price unavailable
CRITICAL:strat7:2022-11-19 19:46:58,159:12292: Yes my_avgbuy_price unavailable
CRITICAL:strat7:2022-11-19 19:47:13,235:12288: Yes my_avgbuy_price unavailable
CRITICAL:strat7:2022-11-19 19:47:15,537:12288: Yes my_avgbuy_price unavailable
CRITICAL:strat7:2022-11-19 19:48:44,749:12293: No my_buy_price unavailable
CRITICAL:strat7:2022-11-19 19:48:47,566:12293: No my_buy_price unavailable
CRITICAL:strat7:2022-11-19 19:49:03,372:12292: Yes my_avgbuy_price unavailable
CRITICAL:strat7:2022-11-19 19:49:06,215:12292: Yes my_avgbuy_price unavailable
CRITICAL:strat7:2022-11-19 19:49:20,905:12288: Yes my_avgbuy_price unavailable
CRITICAL:strat7:2022-11-19 19:49:23,190:12288: Yes my_avgbuy_price unavailable
CRITICAL:strat7:2022-11-19 19:50:52,237:12293: No my_buy_price unavailable
CRITICAL:strat7:2022-11-19 19:50:55,002:12293: No my_buy_price unavailable
CRITICAL:strat7:2022-11-19 19:51:10,549:12292: Yes my_avgbuy_price unavailable
CRITICAL:strat7:2022-11-19 19:51:13,404:12292: Yes my_avgbuy_price unavailable
CRITICAL:strat7:2022-11-19 19:51:29,163:12288: Yes my_avgbuy_price unavailable
CRITICAL:strat7:2022-11-19 19:51:31,499:12288: Yes my_avgbuy_price unavailable
CRITICAL:strat7:2022-11-19 19:53:01,821:12293: No my_buy_price unavailable
CRITICAL:strat7:2022-11-19 19:53:04,660:12293: No my_buy_price unavailable
CRITICAL:strat7:2022-11-19 19:53:20,127:12292: Yes my_avgbuy_price unavailable
CRITICAL:strat7:2022-11-19 19:53:22,892:12292: Yes my_avgbuy_price unavailable
CRITICAL:strat7:2022-11-19 19:53:38,216:12288: Yes my_avgbuy_price unavailable
CRITICAL:strat7:2022-11-19 19:53:40,521:12288: Yes my_avgbuy_price unavailable
CRITICAL:strat7:2022-11-19 19:55:09,671:12293: No my_buy_price unavailable
CRITICAL:strat7:2022-11-19 19:55:12,480:12293: No my_buy_price unavailable
CRITICAL:strat7:2022-11-19 19:55:28,524:12292: Yes my_avgbuy_price unavailable
CRITICAL:strat7:2022-11-19 19:55:31,329:12292: Yes my_avgbuy_price unavailable
CRITICAL:strat7:2022-11-19 19:55:46,119:12288: Yes my_avgbuy_price unavailable
CRITICAL:strat7:2022-11-19 19:55:48,477:12288: Yes my_avgbuy_price unavailable
CRITICAL:strat7:2022-11-19 19:57:17,771:12293: No my_buy_price unavailable
CRITICAL:strat7:2022-11-19 19:57:20,543:12293: No my_buy_price unavailable
CRITICAL:strat7:2022-11-19 19:57:35,833:12292: Yes my_avgbuy_price unavailable
CRITICAL:strat7:2022-11-19 19:57:38,665:12292: Yes my_avgbuy_price unavailable
CRITICAL:strat7:2022-11-19 19:57:54,181:12288: Yes my_avgbuy_price unavailable
CRITICAL:strat7:2022-11-19 19:57:56,488:12288: Yes my_avgbuy_price unavailable
CRITICAL:strat7:2022-11-19 19:59:26,311:12293: No my_buy_price unavailable
CRITICAL:strat7:2022-11-19 19:59:29,088:12293: No my_buy_price unavailable
CRITICAL:strat7:2022-11-19 19:59:44,065:12292: Yes my_avgbuy_price unavailable
CRITICAL:strat7:2022-11-19 19:59:46,690:12292: Yes my_avgbuy_price unavailable
CRITICAL:strat7:2022-11-19 20:00:01,470:12288: Yes my_avgbuy_price unavailable
CRITICAL:strat7:2022-11-19 20:00:04,013:12288: Yes my_avgbuy_price unavailable
CRITICAL:strat7:2022-11-19 20:01:33,590:12293: No my_buy_price unavailable
CRITICAL:strat7:2022-11-19 20:01:36,291:12293: No my_buy_price unavailable
CRITICAL:strat7:2022-11-19 20:01:51,694:12292: Yes my_avgbuy_price unavailable
CRITICAL:strat7:2022-11-19 20:01:54,384:12292: Yes my_avgbuy_price unavailable
CRITICAL:strat7:2022-11-19 20:02:08,956:12288: Yes my_avgbuy_price unavailable
CRITICAL:strat7:2022-11-19 20:02:11,026:12288: Yes my_avgbuy_price unavailable
CRITICAL:strat7:2022-11-19 20:03:38,581:12293: No my_buy_price unavailable
CRITICAL:strat7:2022-11-19 20:03:41,145:12293: No my_buy_price unavailable
CRITICAL:strat7:2022-11-19 20:03:55,450:12292: Yes my_avgbuy_price unavailable
CRITICAL:strat7:2022-11-19 20:03:58,113:12292: Yes my_avgbuy_price unavailable
CRITICAL:strat7:2022-11-19 20:04:12,504:12288: Yes my_avgbuy_price unavailable
CRITICAL:strat7:2022-11-19 20:04:14,641:12288: Yes my_avgbuy_price unavailable
CRITICAL:strat7:2022-11-19 20:05:41,898:12293: No my_buy_price unavailable
CRITICAL:strat7:2022-11-19 20:05:44,419:12293: No my_buy_price unavailable
CRITICAL:strat7:2022-11-19 20:05:58,661:12292: Yes my_avgbuy_price unavailable
CRITICAL:strat7:2022-11-19 20:06:01,236:12292: Yes my_avgbuy_price unavailable
CRITICAL:strat7:2022-11-19 20:06:17,263:12288: Yes my_avgbuy_price unavailable
CRITICAL:strat7:2022-11-19 20:06:19,471:12288: Yes my_avgbuy_price unavailable
CRITICAL:strat7:2022-11-19 20:07:49,320:12293: No my_buy_price unavailable
CRITICAL:strat7:2022-11-19 20:07:52,019:12293: No my_buy_price unavailable
CRITICAL:strat7:2022-11-19 20:08:07,273:12292: Yes my_avgbuy_price unavailable
CRITICAL:strat7:2022-11-19 20:08:09,956:12292: Yes my_avgbuy_price unavailable
CRITICAL:strat7:2022-11-19 20:08:26,484:12288: Yes my_avgbuy_price unavailable
CRITICAL:strat7:2022-11-19 20:08:28,801:12288: Yes my_avgbuy_price unavailable
CRITICAL:strat7:2022-11-19 20:09:58,637:12293: No my_buy_price unavailable
CRITICAL:strat7:2022-11-19 20:10:01,289:12293: No my_buy_price unavailable
CRITICAL:strat7:2022-11-19 20:10:17,220:12292: Yes my_avgbuy_price unavailable
CRITICAL:strat7:2022-11-19 20:10:20,130:12292: Yes my_avgbuy_price unavailable
CRITICAL:strat7:2022-11-19 20:10:36,185:12288: Yes my_avgbuy_price unavailable
CRITICAL:strat7:2022-11-19 20:10:38,448:12288: Yes my_avgbuy_price unavailable
CRITICAL:strat7:2022-11-19 20:12:08,563:12293: No my_buy_price unavailable
CRITICAL:strat7:2022-11-19 20:12:11,212:12293: No my_buy_price unavailable
CRITICAL:strat7:2022-11-19 20:12:26,859:12292: Yes my_avgbuy_price unavailable
CRITICAL:strat7:2022-11-19 20:12:29,523:12292: Yes my_avgbuy_price unavailable
CRITICAL:strat7:2022-11-19 20:12:45,788:12288: Yes my_avgbuy_price unavailable
CRITICAL:strat7:2022-11-19 20:12:47,875:12288: Yes my_avgbuy_price unavailable
CRITICAL:strat7:2022-11-19 20:14:16,951:12293: No my_buy_price unavailable
CRITICAL:strat7:2022-11-19 20:14:19,739:12293: No my_buy_price unavailable
CRITICAL:strat7:2022-11-19 20:14:35,430:12292: Yes my_avgbuy_price unavailable
CRITICAL:strat7:2022-11-19 20:14:38,104:12292: Yes my_avgbuy_price unavailable
CRITICAL:strat7:2022-11-19 20:14:53,068:12288: Yes my_avgbuy_price unavailable
CRITICAL:strat7:2022-11-19 20:14:55,327:12288: Yes my_avgbuy_price unavailable
CRITICAL:strat7:2022-11-19 20:16:26,200:12293: No my_buy_price unavailable
CRITICAL:strat7:2022-11-19 20:16:29,051:12293: No my_buy_price unavailable
CRITICAL:strat7:2022-11-19 20:16:45,364:12292: Yes my_avgbuy_price unavailable
CRITICAL:strat7:2022-11-19 20:16:48,253:12292: Yes my_avgbuy_price unavailable
CRITICAL:strat7:2022-11-19 20:17:04,526:12288: Yes my_avgbuy_price unavailable
CRITICAL:strat7:2022-11-19 20:17:06,852:12288: Yes my_avgbuy_price unavailable
CRITICAL:strat7:2022-11-19 20:18:37,319:12293: No my_buy_price unavailable
CRITICAL:strat7:2022-11-19 20:18:40,193:12293: No my_buy_price unavailable
CRITICAL:strat7:2022-11-19 20:18:55,896:12292: Yes my_avgbuy_price unavailable
CRITICAL:strat7:2022-11-19 20:18:58,639:12292: Yes my_avgbuy_price unavailable
CRITICAL:strat7:2022-11-19 20:19:13,698:12288: Yes my_avgbuy_price unavailable
CRITICAL:strat7:2022-11-19 20:19:15,868:12288: Yes my_avgbuy_price unavailable
CRITICAL:strat7:2022-11-19 20:20:44,849:12293: No my_buy_price unavailable
CRITICAL:strat7:2022-11-19 20:20:47,555:12293: No my_buy_price unavailable
CRITICAL:strat7:2022-11-19 20:21:03,187:12292: Yes my_avgbuy_price unavailable
CRITICAL:strat7:2022-11-19 20:21:05,854:12292: Yes my_avgbuy_price unavailable
CRITICAL:strat7:2022-11-19 20:21:20,799:12288: Yes my_avgbuy_price unavailable
CRITICAL:strat7:2022-11-19 20:21:22,986:12288: Yes my_avgbuy_price unavailable
CRITICAL:strat7:2022-11-19 20:22:51,089:12293: No my_buy_price unavailable
CRITICAL:strat7:2022-11-19 20:22:53,703:12293: No my_buy_price unavailable
CRITICAL:strat7:2022-11-19 20:23:09,778:12292: Yes my_avgbuy_price unavailable
CRITICAL:strat7:2022-11-19 20:23:12,415:12292: Yes my_avgbuy_price unavailable
CRITICAL:strat7:2022-11-19 20:23:27,069:12288: Yes my_avgbuy_price unavailable
CRITICAL:strat7:2022-11-19 20:23:29,214:12288: Yes my_avgbuy_price unavailable
CRITICAL:strat7:2022-11-19 20:24:56,430:12293: No my_buy_price unavailable
CRITICAL:strat7:2022-11-19 20:24:59,044:12293: No my_buy_price unavailable
CRITICAL:strat7:2022-11-19 20:25:13,624:12292: Yes my_avgbuy_price unavailable
CRITICAL:strat7:2022-11-19 20:25:16,298:12292: Yes my_avgbuy_price unavailable
CRITICAL:strat7:2022-11-19 20:25:30,157:12288: Yes my_avgbuy_price unavailable
CRITICAL:strat7:2022-11-19 20:25:32,274:12288: Yes my_avgbuy_price unavailable
CRITICAL:strat7:2022-11-19 20:27:00,865:12293: No my_buy_price unavailable
CRITICAL:strat7:2022-11-19 20:27:03,476:12293: No my_buy_price unavailable
CRITICAL:strat7:2022-11-19 20:27:18,102:12292: Yes my_avgbuy_price unavailable
CRITICAL:strat7:2022-11-19 20:27:20,785:12292: Yes my_avgbuy_price unavailable
CRITICAL:strat7:2022-11-19 20:27:34,670:12288: Yes my_avgbuy_price unavailable
CRITICAL:strat7:2022-11-19 20:27:36,947:12288: Yes my_avgbuy_price unavailable
CRITICAL:strat7:2022-11-19 20:29:04,703:12293: No my_buy_price unavailable
CRITICAL:strat7:2022-11-19 20:29:07,410:12293: No my_buy_price unavailable
CRITICAL:strat7:2022-11-19 20:29:23,058:12292: Yes my_avgbuy_price unavailable
CRITICAL:strat7:2022-11-19 20:29:25,718:12292: Yes my_avgbuy_price unavailable
CRITICAL:strat7:2022-11-19 20:29:40,164:12288: Yes my_avgbuy_price unavailable
CRITICAL:strat7:2022-11-19 20:29:42,338:12288: Yes my_avgbuy_price unavailable
CRITICAL:strat7:2022-11-19 20:31:13,818:12293: No my_buy_price unavailable
CRITICAL:strat7:2022-11-19 20:31:16,638:12293: No my_buy_price unavailable
CRITICAL:strat7:2022-11-19 20:31:32,612:12292: Yes my_avgbuy_price unavailable
CRITICAL:strat7:2022-11-19 20:31:35,429:12292: Yes my_avgbuy_price unavailable
CRITICAL:strat7:2022-11-19 20:31:51,849:12288: Yes my_avgbuy_price unavailable
CRITICAL:strat7:2022-11-19 20:31:54,076:12288: Yes my_avgbuy_price unavailable
CRITICAL:strat7:2022-11-19 20:33:26,404:12293: No my_buy_price unavailable
CRITICAL:strat7:2022-11-19 20:33:29,286:12293: No my_buy_price unavailable
CRITICAL:strat7:2022-11-19 20:33:46,134:12292: Yes my_avgbuy_price unavailable
CRITICAL:strat7:2022-11-19 20:33:48,983:12292: Yes my_avgbuy_price unavailable
CRITICAL:strat7:2022-11-19 20:34:05,758:12288: Yes my_avgbuy_price unavailable
CRITICAL:strat7:2022-11-19 20:34:07,907:12288: Yes my_avgbuy_price unavailable
CRITICAL:strat7:2022-11-19 20:35:39,839:12293: No my_buy_price unavailable
CRITICAL:strat7:2022-11-19 20:35:42,772:12293: No my_buy_price unavailable
CRITICAL:strat7:2022-11-19 20:35:59,516:12292: Yes my_avgbuy_price unavailable
CRITICAL:strat7:2022-11-19 20:36:02,775:12292: Yes my_avgbuy_price unavailable
CRITICAL:strat7:2022-11-19 20:36:18,899:12288: Yes my_avgbuy_price unavailable
CRITICAL:strat7:2022-11-19 20:36:21,271:12288: Yes my_avgbuy_price unavailable
CRITICAL:strat7:2022-11-19 20:37:51,965:12293: No my_buy_price unavailable
CRITICAL:strat7:2022-11-19 20:37:54,712:12293: No my_buy_price unavailable
CRITICAL:strat7:2022-11-19 20:38:11,072:12292: Yes my_avgbuy_price unavailable
CRITICAL:strat7:2022-11-19 20:38:13,887:12292: Yes my_avgbuy_price unavailable
CRITICAL:strat7:2022-11-19 20:38:28,860:12288: Yes my_avgbuy_price unavailable
CRITICAL:strat7:2022-11-19 20:38:31,065:12288: Yes my_avgbuy_price unavailable
CRITICAL:strat7:2022-11-19 20:40:00,341:12293: No my_buy_price unavailable
CRITICAL:strat7:2022-11-19 20:40:03,324:12293: No my_buy_price unavailable
CRITICAL:strat7:2022-11-19 20:40:18,960:12292: Yes my_avgbuy_price unavailable
CRITICAL:strat7:2022-11-19 20:40:21,827:12292: Yes my_avgbuy_price unavailable
CRITICAL:strat7:2022-11-19 20:40:37,335:12288: Yes my_avgbuy_price unavailable
CRITICAL:strat7:2022-11-19 20:40:39,564:12288: Yes my_avgbuy_price unavailable
CRITICAL:strat7:2022-11-19 20:42:11,527:12293: No my_buy_price unavailable
CRITICAL:strat7:2022-11-19 20:42:14,637:12293: No my_buy_price unavailable
CRITICAL:strat7:2022-11-19 20:42:31,286:12292: Yes my_avgbuy_price unavailable
CRITICAL:strat7:2022-11-19 20:42:34,318:12292: Yes my_avgbuy_price unavailable
CRITICAL:strat7:2022-11-19 20:42:50,339:12288: Yes my_avgbuy_price unavailable
CRITICAL:strat7:2022-11-19 20:42:52,636:12288: Yes my_avgbuy_price unavailable
CRITICAL:strat7:2022-11-19 20:44:21,226:12293: No my_buy_price unavailable
CRITICAL:strat7:2022-11-19 20:44:23,923:12293: No my_buy_price unavailable
CRITICAL:strat7:2022-11-19 20:44:40,069:12292: Yes my_avgbuy_price unavailable
CRITICAL:strat7:2022-11-19 20:44:42,813:12292: Yes my_avgbuy_price unavailable
CRITICAL:strat7:2022-11-19 20:44:57,022:12288: Yes my_avgbuy_price unavailable
CRITICAL:strat7:2022-11-19 20:44:59,165:12288: Yes my_avgbuy_price unavailable
CRITICAL:strat7:2022-11-19 20:46:27,179:12293: No my_buy_price unavailable
CRITICAL:strat7:2022-11-19 20:46:29,919:12293: No my_buy_price unavailable
CRITICAL:strat7:2022-11-19 20:46:44,945:12292: Yes my_avgbuy_price unavailable
CRITICAL:strat7:2022-11-19 20:46:47,667:12292: Yes my_avgbuy_price unavailable
CRITICAL:strat7:2022-11-19 20:47:01,843:12288: Yes my_avgbuy_price unavailable
CRITICAL:strat7:2022-11-19 20:47:04,087:12288: Yes my_avgbuy_price unavailable
CRITICAL:strat7:2022-11-19 20:48:33,062:12293: No my_buy_price unavailable
CRITICAL:strat7:2022-11-19 20:48:35,790:12293: No my_buy_price unavailable
CRITICAL:strat7:2022-11-19 20:48:51,140:12292: Yes my_avgbuy_price unavailable
CRITICAL:strat7:2022-11-19 20:48:53,858:12292: Yes my_avgbuy_price unavailable
CRITICAL:strat7:2022-11-19 20:49:09,155:12288: Yes my_avgbuy_price unavailable
CRITICAL:strat7:2022-11-19 20:49:11,328:12288: Yes my_avgbuy_price unavailable
CRITICAL:strat7:2022-11-19 20:50:40,595:12293: No my_buy_price unavailable
CRITICAL:strat7:2022-11-19 20:50:43,391:12293: No my_buy_price unavailable
CRITICAL:strat7:2022-11-19 20:50:59,091:12292: Yes my_avgbuy_price unavailable
CRITICAL:strat7:2022-11-19 20:51:02,359:12292: Yes my_avgbuy_price unavailable
CRITICAL:strat7:2022-11-19 20:51:17,632:12288: Yes my_avgbuy_price unavailable
CRITICAL:strat7:2022-11-19 20:51:20,021:12288: Yes my_avgbuy_price unavailable
CRITICAL:strat7:2022-11-19 20:52:49,972:12293: No my_buy_price unavailable
CRITICAL:strat7:2022-11-19 20:52:52,812:12293: No my_buy_price unavailable
CRITICAL:strat7:2022-11-19 20:53:08,520:12292: Yes my_avgbuy_price unavailable
CRITICAL:strat7:2022-11-19 20:53:11,356:12292: Yes my_avgbuy_price unavailable
CRITICAL:strat7:2022-11-19 20:53:26,575:12288: Yes my_avgbuy_price unavailable
CRITICAL:strat7:2022-11-19 20:53:28,815:12288: Yes my_avgbuy_price unavailable
CRITICAL:strat7:2022-11-19 20:55:01,976:12293: No my_buy_price unavailable
CRITICAL:strat7:2022-11-19 20:55:04,784:12293: No my_buy_price unavailable
CRITICAL:strat7:2022-11-19 20:55:21,876:12292: Yes my_avgbuy_price unavailable
CRITICAL:strat7:2022-11-19 20:55:24,750:12292: Yes my_avgbuy_price unavailable
CRITICAL:strat7:2022-11-19 20:55:40,928:12288: Yes my_avgbuy_price unavailable
CRITICAL:strat7:2022-11-19 20:55:43,200:12288: Yes my_avgbuy_price unavailable
CRITICAL:strat7:2022-11-19 20:57:12,657:12293: No my_buy_price unavailable
CRITICAL:strat7:2022-11-19 20:57:15,422:12293: No my_buy_price unavailable
CRITICAL:strat7:2022-11-19 20:57:30,966:12292: Yes my_avgbuy_price unavailable
CRITICAL:strat7:2022-11-19 20:57:33,770:12292: Yes my_avgbuy_price unavailable
CRITICAL:strat7:2022-11-19 20:57:48,869:12288: Yes my_avgbuy_price unavailable
CRITICAL:strat7:2022-11-19 20:57:51,030:12288: Yes my_avgbuy_price unavailable
CRITICAL:strat7:2022-11-19 20:59:21,629:12293: No my_buy_price unavailable
CRITICAL:strat7:2022-11-19 20:59:24,285:12293: No my_buy_price unavailable
CRITICAL:strat7:2022-11-19 20:59:40,364:12292: Yes my_avgbuy_price unavailable
CRITICAL:strat7:2022-11-19 20:59:43,103:12292: Yes my_avgbuy_price unavailable
CRITICAL:strat7:2022-11-19 20:59:58,221:12288: Yes my_avgbuy_price unavailable
CRITICAL:strat7:2022-11-19 21:00:00,392:12288: Yes my_avgbuy_price unavailable
CRITICAL:strat7:2022-11-19 21:01:31,682:12293: No my_buy_price unavailable
CRITICAL:strat7:2022-11-19 21:01:34,586:12293: No my_buy_price unavailable
CRITICAL:strat7:2022-11-19 21:01:49,953:12292: Yes my_avgbuy_price unavailable
CRITICAL:strat7:2022-11-19 21:01:52,891:12292: Yes my_avgbuy_price unavailable
CRITICAL:strat7:2022-11-19 21:02:09,568:12288: Yes my_avgbuy_price unavailable
CRITICAL:strat7:2022-11-19 21:02:11,733:12288: Yes my_avgbuy_price unavailable
CRITICAL:strat7:2022-11-19 21:03:40,973:12293: No my_buy_price unavailable
CRITICAL:strat7:2022-11-19 21:03:43,796:12293: No my_buy_price unavailable
CRITICAL:strat7:2022-11-19 21:03:58,891:12292: Yes my_avgbuy_price unavailable
CRITICAL:strat7:2022-11-19 21:04:01,815:12292: Yes my_avgbuy_price unavailable
CRITICAL:strat7:2022-11-19 21:04:17,698:12288: Yes my_avgbuy_price unavailable
CRITICAL:strat7:2022-11-19 21:04:19,908:12288: Yes my_avgbuy_price unavailable
CRITICAL:strat7:2022-11-19 21:05:52,429:12293: No my_buy_price unavailable
CRITICAL:strat7:2022-11-19 21:05:55,313:12293: No my_buy_price unavailable
CRITICAL:strat7:2022-11-19 21:06:10,783:12292: Yes my_avgbuy_price unavailable
CRITICAL:strat7:2022-11-19 21:06:13,535:12292: Yes my_avgbuy_price unavailable
CRITICAL:strat7:2022-11-19 21:06:28,345:12288: Yes my_avgbuy_price unavailable
CRITICAL:strat7:2022-11-19 21:06:30,590:12288: Yes my_avgbuy_price unavailable
CRITICAL:strat7:2022-11-19 21:08:01,925:12293: No my_buy_price unavailable
CRITICAL:strat7:2022-11-19 21:08:04,885:12293: No my_buy_price unavailable
CRITICAL:strat7:2022-11-19 21:08:22,238:12292: Yes my_avgbuy_price unavailable
CRITICAL:strat7:2022-11-19 21:08:25,186:12292: Yes my_avgbuy_price unavailable
CRITICAL:strat7:2022-11-19 21:08:40,494:12288: Yes my_avgbuy_price unavailable
CRITICAL:strat7:2022-11-19 21:08:42,707:12288: Yes my_avgbuy_price unavailable
CRITICAL:strat7:2022-11-19 21:10:11,907:12293: No my_buy_price unavailable
CRITICAL:strat7:2022-11-19 21:10:14,651:12293: No my_buy_price unavailable
CRITICAL:strat7:2022-11-19 21:10:31,585:12292: Yes my_avgbuy_price unavailable
CRITICAL:strat7:2022-11-19 21:10:34,394:12292: Yes my_avgbuy_price unavailable
CRITICAL:strat7:2022-11-19 21:10:50,124:12288: Yes my_avgbuy_price unavailable
CRITICAL:strat7:2022-11-19 21:10:52,317:12288: Yes my_avgbuy_price unavailable
CRITICAL:strat7:2022-11-19 21:12:23,273:12293: No my_buy_price unavailable
CRITICAL:strat7:2022-11-19 21:12:26,083:12293: No my_buy_price unavailable
CRITICAL:strat7:2022-11-19 21:12:43,399:12292: Yes my_avgbuy_price unavailable
CRITICAL:strat7:2022-11-19 21:12:47,549:12292: Yes my_avgbuy_price unavailable
CRITICAL:strat7:2022-11-19 21:13:02,648:12288: Yes my_avgbuy_price unavailable
CRITICAL:strat7:2022-11-19 21:13:06,076:12288: Yes my_avgbuy_price unavailable
CRITICAL:strat7:2022-11-19 21:14:40,016:12293: No my_buy_price unavailable
CRITICAL:strat7:2022-11-19 21:14:42,914:12293: No my_buy_price unavailable
CRITICAL:strat7:2022-11-19 21:14:59,840:12292: Yes my_avgbuy_price unavailable
CRITICAL:strat7:2022-11-19 21:15:03,325:12292: Yes my_avgbuy_price unavailable
CRITICAL:strat7:2022-11-19 21:15:18,769:12288: Yes my_avgbuy_price unavailable
CRITICAL:strat7:2022-11-19 21:15:21,146:12288: Yes my_avgbuy_price unavailable
CRITICAL:strat7:2022-11-19 21:16:50,947:12293: No my_buy_price unavailable
CRITICAL:strat7:2022-11-19 21:16:53,781:12293: No my_buy_price unavailable
CRITICAL:strat7:2022-11-19 21:17:10,524:12292: Yes my_avgbuy_price unavailable
CRITICAL:strat7:2022-11-19 21:17:13,375:12292: Yes my_avgbuy_price unavailable
CRITICAL:strat7:2022-11-19 21:17:28,563:12288: Yes my_avgbuy_price unavailable
CRITICAL:strat7:2022-11-19 21:17:31,009:12288: Yes my_avgbuy_price unavailable
CRITICAL:strat7:2022-11-19 21:19:00,391:12293: No my_buy_price unavailable
CRITICAL:strat7:2022-11-19 21:19:03,158:12293: No my_buy_price unavailable
CRITICAL:strat7:2022-11-19 21:19:18,427:12292: Yes my_avgbuy_price unavailable
CRITICAL:strat7:2022-11-19 21:19:21,236:12292: Yes my_avgbuy_price unavailable
CRITICAL:strat7:2022-11-19 21:19:36,199:12288: Yes my_avgbuy_price unavailable
CRITICAL:strat7:2022-11-19 21:19:38,366:12288: Yes my_avgbuy_price unavailable
CRITICAL:strat7:2022-11-19 21:21:09,529:12293: No my_buy_price unavailable
CRITICAL:strat7:2022-11-19 21:21:12,451:12293: No my_buy_price unavailable
CRITICAL:strat7:2022-11-19 21:21:28,059:12292: Yes my_avgbuy_price unavailable
CRITICAL:strat7:2022-11-19 21:21:30,858:12292: Yes my_avgbuy_price unavailable
CRITICAL:strat7:2022-11-19 21:21:45,854:12288: Yes my_avgbuy_price unavailable
CRITICAL:strat7:2022-11-19 21:21:48,081:12288: Yes my_avgbuy_price unavailable
CRITICAL:strat7:2022-11-19 21:23:19,664:12293: No my_buy_price unavailable
CRITICAL:strat7:2022-11-19 21:23:22,517:12293: No my_buy_price unavailable
CRITICAL:strat7:2022-11-19 21:23:38,904:12292: Yes my_avgbuy_price unavailable
CRITICAL:strat7:2022-11-19 21:23:41,666:12292: Yes my_avgbuy_price unavailable
CRITICAL:strat7:2022-11-19 21:23:56,476:12288: Yes my_avgbuy_price unavailable
CRITICAL:strat7:2022-11-19 21:23:58,688:12288: Yes my_avgbuy_price unavailable
CRITICAL:strat7:2022-11-19 21:25:28,207:12293: No my_buy_price unavailable
CRITICAL:strat7:2022-11-19 21:25:30,952:12293: No my_buy_price unavailable
CRITICAL:strat7:2022-11-19 21:25:46,614:12292: Yes my_avgbuy_price unavailable
CRITICAL:strat7:2022-11-19 21:25:49,387:12292: Yes my_avgbuy_price unavailable
CRITICAL:strat7:2022-11-19 21:26:05,174:12288: Yes my_avgbuy_price unavailable
CRITICAL:strat7:2022-11-19 21:26:07,533:12288: Yes my_avgbuy_price unavailable
CRITICAL:strat7:2022-11-19 21:27:40,096:12293: No my_buy_price unavailable
CRITICAL:strat7:2022-11-19 21:27:42,905:12293: No my_buy_price unavailable
CRITICAL:strat7:2022-11-19 21:27:58,359:12292: Yes my_avgbuy_price unavailable
CRITICAL:strat7:2022-11-19 21:28:01,126:12292: Yes my_avgbuy_price unavailable
CRITICAL:strat7:2022-11-19 21:28:16,132:12288: Yes my_avgbuy_price unavailable
CRITICAL:strat7:2022-11-19 21:28:18,340:12288: Yes my_avgbuy_price unavailable
CRITICAL:strat7:2022-11-19 21:29:48,798:12293: No my_buy_price unavailable
CRITICAL:strat7:2022-11-19 21:29:51,534:12293: No my_buy_price unavailable
CRITICAL:strat7:2022-11-19 21:30:07,916:12292: Yes my_avgbuy_price unavailable
CRITICAL:strat7:2022-11-19 21:30:10,817:12292: Yes my_avgbuy_price unavailable
CRITICAL:strat7:2022-11-19 21:30:26,648:12288: Yes my_avgbuy_price unavailable
CRITICAL:strat7:2022-11-19 21:30:28,876:12288: Yes my_avgbuy_price unavailable
CRITICAL:strat7:2022-11-19 21:31:58,139:12293: No my_buy_price unavailable
CRITICAL:strat7:2022-11-19 21:32:00,989:12293: No my_buy_price unavailable
CRITICAL:strat7:2022-11-19 21:32:16,688:12292: Yes my_avgbuy_price unavailable
CRITICAL:strat7:2022-11-19 21:32:19,761:12292: Yes my_avgbuy_price unavailable
CRITICAL:strat7:2022-11-19 21:32:36,231:12288: Yes my_avgbuy_price unavailable
CRITICAL:strat7:2022-11-19 21:32:38,717:12288: Yes my_avgbuy_price unavailable
CRITICAL:strat7:2022-11-19 21:34:10,216:12293: No my_buy_price unavailable
CRITICAL:strat7:2022-11-19 21:34:12,968:12293: No my_buy_price unavailable
CRITICAL:strat7:2022-11-19 21:34:28,510:12292: Yes my_avgbuy_price unavailable
CRITICAL:strat7:2022-11-19 21:34:31,425:12292: Yes my_avgbuy_price unavailable
CRITICAL:strat7:2022-11-19 21:34:46,583:12288: Yes my_avgbuy_price unavailable
CRITICAL:strat7:2022-11-19 21:34:48,840:12288: Yes my_avgbuy_price unavailable
CRITICAL:strat7:2022-11-19 21:36:18,697:12293: No my_buy_price unavailable
CRITICAL:strat7:2022-11-19 21:36:21,643:12293: No my_buy_price unavailable
CRITICAL:strat7:2022-11-19 21:36:37,257:12292: Yes my_avgbuy_price unavailable
CRITICAL:strat7:2022-11-19 21:36:40,166:12292: Yes my_avgbuy_price unavailable
CRITICAL:strat7:2022-11-19 21:36:55,723:12288: Yes my_avgbuy_price unavailable
CRITICAL:strat7:2022-11-19 21:36:57,948:12288: Yes my_avgbuy_price unavailable
CRITICAL:strat7:2022-11-19 21:38:28,097:12293: No my_buy_price unavailable
CRITICAL:strat7:2022-11-19 21:38:30,977:12293: No my_buy_price unavailable
CRITICAL:strat7:2022-11-19 21:38:46,761:12292: Yes my_avgbuy_price unavailable
CRITICAL:strat7:2022-11-19 21:38:49,613:12292: Yes my_avgbuy_price unavailable
CRITICAL:strat7:2022-11-19 21:39:05,241:12288: Yes my_avgbuy_price unavailable
CRITICAL:strat7:2022-11-19 21:39:07,603:12288: Yes my_avgbuy_price unavailable
CRITICAL:strat7:2022-11-19 21:40:38,779:12293: No my_buy_price unavailable
CRITICAL:strat7:2022-11-19 21:40:41,627:12293: No my_buy_price unavailable
CRITICAL:strat7:2022-11-19 21:40:56,346:12292: Yes my_avgbuy_price unavailable
CRITICAL:strat7:2022-11-19 21:40:59,047:12292: Yes my_avgbuy_price unavailable
CRITICAL:strat7:2022-11-19 21:41:13,372:12288: Yes my_avgbuy_price unavailable
CRITICAL:strat7:2022-11-19 21:41:15,543:12288: Yes my_avgbuy_price unavailable
CRITICAL:strat7:2022-11-19 21:42:44,435:12293: No my_buy_price unavailable
CRITICAL:strat7:2022-11-19 21:42:47,184:12293: No my_buy_price unavailable
CRITICAL:strat7:2022-11-19 21:43:02,348:12292: Yes my_avgbuy_price unavailable
CRITICAL:strat7:2022-11-19 21:43:05,152:12292: Yes my_avgbuy_price unavailable
CRITICAL:strat7:2022-11-19 21:43:19,760:12288: Yes my_avgbuy_price unavailable
CRITICAL:strat7:2022-11-19 21:43:22,184:12288: Yes my_avgbuy_price unavailable
CRITICAL:strat7:2022-11-19 21:44:50,386:12293: No my_buy_price unavailable
CRITICAL:strat7:2022-11-19 21:44:53,194:12293: No my_buy_price unavailable
CRITICAL:strat7:2022-11-19 21:45:08,202:12292: Yes my_avgbuy_price unavailable
CRITICAL:strat7:2022-11-19 21:45:10,977:12292: Yes my_avgbuy_price unavailable
CRITICAL:strat7:2022-11-19 21:45:25,551:12288: Yes my_avgbuy_price unavailable
CRITICAL:strat7:2022-11-19 21:45:27,918:12288: Yes my_avgbuy_price unavailable
CRITICAL:strat7:2022-11-19 21:46:56,511:12293: No my_buy_price unavailable
CRITICAL:strat7:2022-11-19 21:46:59,280:12293: No my_buy_price unavailable
CRITICAL:strat7:2022-11-19 21:47:14,455:12292: Yes my_avgbuy_price unavailable
CRITICAL:strat7:2022-11-19 21:47:17,305:12292: Yes my_avgbuy_price unavailable
CRITICAL:strat7:2022-11-19 21:47:32,524:12288: Yes my_avgbuy_price unavailable
CRITICAL:strat7:2022-11-19 21:47:34,809:12288: Yes my_avgbuy_price unavailable
CRITICAL:strat7:2022-11-19 21:49:03,577:12293: No my_buy_price unavailable
CRITICAL:strat7:2022-11-19 21:49:06,457:12293: No my_buy_price unavailable
CRITICAL:strat7:2022-11-19 21:49:21,573:12292: Yes my_avgbuy_price unavailable
CRITICAL:strat7:2022-11-19 21:49:24,474:12292: Yes my_avgbuy_price unavailable
CRITICAL:strat7:2022-11-19 21:49:39,120:12288: Yes my_avgbuy_price unavailable
CRITICAL:strat7:2022-11-19 21:49:41,407:12288: Yes my_avgbuy_price unavailable
CRITICAL:strat7:2022-11-19 21:51:10,189:12293: No my_buy_price unavailable
CRITICAL:strat7:2022-11-19 21:51:13,068:12293: No my_buy_price unavailable
CRITICAL:strat7:2022-11-19 21:51:28,390:12292: Yes my_avgbuy_price unavailable
CRITICAL:strat7:2022-11-19 21:51:31,194:12292: Yes my_avgbuy_price unavailable
CRITICAL:strat7:2022-11-19 21:51:46,190:12288: Yes my_avgbuy_price unavailable
CRITICAL:strat7:2022-11-19 21:51:48,458:12288: Yes my_avgbuy_price unavailable
CRITICAL:strat7:2022-11-19 21:53:20,050:12293: No my_buy_price unavailable
CRITICAL:strat7:2022-11-19 21:53:23,232:12293: No my_buy_price unavailable
CRITICAL:strat7:2022-11-19 21:53:38,543:12292: Yes my_avgbuy_price unavailable
CRITICAL:strat7:2022-11-19 21:53:41,367:12292: Yes my_avgbuy_price unavailable
CRITICAL:strat7:2022-11-19 21:53:56,148:12288: Yes my_avgbuy_price unavailable
CRITICAL:strat7:2022-11-19 21:53:58,447:12288: Yes my_avgbuy_price unavailable
CRITICAL:strat7:2022-11-19 21:55:27,544:12293: No my_buy_price unavailable
CRITICAL:strat7:2022-11-19 21:55:30,416:12293: No my_buy_price unavailable
CRITICAL:strat7:2022-11-19 21:55:45,565:12292: Yes my_avgbuy_price unavailable
CRITICAL:strat7:2022-11-19 21:55:48,426:12292: Yes my_avgbuy_price unavailable
CRITICAL:strat7:2022-11-19 21:56:03,080:12288: Yes my_avgbuy_price unavailable
CRITICAL:strat7:2022-11-19 21:56:05,426:12288: Yes my_avgbuy_price unavailable
CRITICAL:strat7:2022-11-19 21:57:34,251:12293: No my_buy_price unavailable
CRITICAL:strat7:2022-11-19 21:57:37,259:12293: No my_buy_price unavailable
CRITICAL:strat7:2022-11-19 21:57:53,139:12292: Yes my_avgbuy_price unavailable
CRITICAL:strat7:2022-11-19 21:57:56,025:12292: Yes my_avgbuy_price unavailable
CRITICAL:strat7:2022-11-19 21:58:10,992:12288: Yes my_avgbuy_price unavailable
CRITICAL:strat7:2022-11-19 21:58:13,316:12288: Yes my_avgbuy_price unavailable
CRITICAL:strat7:2022-11-19 21:59:41,682:12293: No my_buy_price unavailable
CRITICAL:strat7:2022-11-19 21:59:44,519:12293: No my_buy_price unavailable
CRITICAL:strat7:2022-11-19 21:59:59,363:12292: Yes my_avgbuy_price unavailable
CRITICAL:strat7:2022-11-19 22:00:03,090:12292: Yes my_avgbuy_price unavailable
CRITICAL:strat7:2022-11-19 22:00:17,850:12288: Yes my_avgbuy_price unavailable
CRITICAL:strat7:2022-11-19 22:00:20,228:12288: Yes my_avgbuy_price unavailable
CRITICAL:strat7:2022-11-19 22:01:48,396:12293: No my_buy_price unavailable
CRITICAL:strat7:2022-11-19 22:01:51,189:12293: No my_buy_price unavailable
CRITICAL:strat7:2022-11-19 22:02:06,138:12292: Yes my_avgbuy_price unavailable
CRITICAL:strat7:2022-11-19 22:02:08,835:12292: Yes my_avgbuy_price unavailable
CRITICAL:strat7:2022-11-19 22:02:23,869:12288: Yes my_avgbuy_price unavailable
CRITICAL:strat7:2022-11-19 22:02:26,035:12288: Yes my_avgbuy_price unavailable
CRITICAL:strat7:2022-11-19 22:03:55,401:12293: No my_buy_price unavailable
CRITICAL:strat7:2022-11-19 22:03:58,274:12293: No my_buy_price unavailable
CRITICAL:strat7:2022-11-19 22:04:14,437:12292: Yes my_avgbuy_price unavailable
CRITICAL:strat7:2022-11-19 22:04:17,204:12292: Yes my_avgbuy_price unavailable
CRITICAL:strat7:2022-11-19 22:04:32,075:12288: Yes my_avgbuy_price unavailable
CRITICAL:strat7:2022-11-19 22:04:34,358:12288: Yes my_avgbuy_price unavailable
CRITICAL:strat7:2022-11-19 22:06:03,701:12293: No my_buy_price unavailable
CRITICAL:strat7:2022-11-19 22:06:06,591:12293: No my_buy_price unavailable
CRITICAL:strat7:2022-11-19 22:06:21,542:12292: Yes my_avgbuy_price unavailable
CRITICAL:strat7:2022-11-19 22:06:24,319:12292: Yes my_avgbuy_price unavailable
CRITICAL:strat7:2022-11-19 22:06:38,555:12288: Yes my_avgbuy_price unavailable
CRITICAL:strat7:2022-11-19 22:06:40,736:12288: Yes my_avgbuy_price unavailable
CRITICAL:strat7:2022-11-19 22:08:09,034:12293: No my_buy_price unavailable
CRITICAL:strat7:2022-11-19 22:08:11,904:12293: No my_buy_price unavailable
CRITICAL:strat7:2022-11-19 22:08:26,864:12292: Yes my_avgbuy_price unavailable
CRITICAL:strat7:2022-11-19 22:08:29,688:12292: Yes my_avgbuy_price unavailable
CRITICAL:strat7:2022-11-19 22:08:44,149:12288: Yes my_avgbuy_price unavailable
CRITICAL:strat7:2022-11-19 22:08:46,351:12288: Yes my_avgbuy_price unavailable
CRITICAL:strat7:2022-11-19 22:10:15,037:12293: No my_buy_price unavailable
CRITICAL:strat7:2022-11-19 22:10:17,842:12293: No my_buy_price unavailable
CRITICAL:strat7:2022-11-19 22:10:33,389:12292: Yes my_avgbuy_price unavailable
CRITICAL:strat7:2022-11-19 22:10:36,186:12292: Yes my_avgbuy_price unavailable
CRITICAL:strat7:2022-11-19 22:10:51,655:12288: Yes my_avgbuy_price unavailable
CRITICAL:strat7:2022-11-19 22:10:53,988:12288: Yes my_avgbuy_price unavailable
CRITICAL:strat7:2022-11-19 22:12:24,044:12293: No my_buy_price unavailable
CRITICAL:strat7:2022-11-19 22:12:26,793:12293: No my_buy_price unavailable
CRITICAL:strat7:2022-11-19 22:12:42,490:12292: Yes my_avgbuy_price unavailable
CRITICAL:strat7:2022-11-19 22:12:45,260:12292: Yes my_avgbuy_price unavailable
CRITICAL:strat7:2022-11-19 22:12:59,750:12288: Yes my_avgbuy_price unavailable
CRITICAL:strat7:2022-11-19 22:13:01,941:12288: Yes my_avgbuy_price unavailable
CRITICAL:strat7:2022-11-19 22:14:31,011:12293: No my_buy_price unavailable
CRITICAL:strat7:2022-11-19 22:14:33,855:12293: No my_buy_price unavailable
CRITICAL:strat7:2022-11-19 22:14:48,756:12292: Yes my_avgbuy_price unavailable
CRITICAL:strat7:2022-11-19 22:14:51,647:12292: Yes my_avgbuy_price unavailable
CRITICAL:strat7:2022-11-19 22:15:05,895:12288: Yes my_avgbuy_price unavailable
CRITICAL:strat7:2022-11-19 22:15:08,157:12288: Yes my_avgbuy_price unavailable
CRITICAL:strat7:2022-11-19 22:16:38,561:12293: No my_buy_price unavailable
CRITICAL:strat7:2022-11-19 22:16:41,394:12293: No my_buy_price unavailable
CRITICAL:strat7:2022-11-20 09:59:20,873:12292: Yes my_avgbuy_price unavailable
CRITICAL:strat7:2022-11-20 09:59:24,281:12292: Yes my_avgbuy_price unavailable
