INFO:strat7:2022-12-07 17:10:01,830:13434: Initialising event
CRITICAL:strat7:2022-12-07 17:10:37,325:13434: Yes my_avgbuy_price unavailable
WARNING:strat7:2022-12-07 17:10:40,203:13434: last_values_dict empty
INFO:strat7:2022-12-07 17:10:46,312:13435: Initialising event
CRITICAL:strat7:2022-12-07 17:11:11,745:13435: Yes my_avgbuy_price unavailable
WARNING:strat7:2022-12-07 17:11:15,350:13435: last_values_dict empty
INFO:strat7:2022-12-07 17:11:21,924:13436: Initialising event
CRITICAL:strat7:2022-12-07 17:11:42,494:13436: No my_buy_price unavailable
WARNING:strat7:2022-12-07 17:11:44,262:13436: last_values_dict empty
INFO:strat7:2022-12-07 17:11:50,126:13437: Initialising event
CRITICAL:strat7:2022-12-07 17:12:06,947:13437: No my_buy_price unavailable
WARNING:strat7:2022-12-07 17:12:08,934:13437: last_values_dict empty
CRITICAL:strat7:2022-12-07 17:12:41,238:13434: Yes my_avgbuy_price unavailable
CRITICAL:strat7:2022-12-07 17:12:44,026:13434: Yes my_avgbuy_price unavailable
CRITICAL:strat7:2022-12-07 17:13:07,222:13435: Yes my_avgbuy_price unavailable
CRITICAL:strat7:2022-12-07 17:13:10,075:13435: Yes my_avgbuy_price unavailable
CRITICAL:strat7:2022-12-07 17:13:30,796:13436: No my_buy_price unavailable
CRITICAL:strat7:2022-12-07 17:13:33,853:13436: No my_buy_price unavailable
CRITICAL:strat7:2022-12-07 17:13:58,012:13437: No my_buy_price unavailable
CRITICAL:strat7:2022-12-07 17:14:01,927:13437: No my_buy_price unavailable
INFO:strat7:2022-12-07 17:15:30,088:13434: Initialising event
CRITICAL:strat7:2022-12-07 17:16:10,147:13434: Yes my_avgbuy_price unavailable
WARNING:strat7:2022-12-07 17:16:12,515:13434: last_values_dict empty
INFO:strat7:2022-12-07 17:16:18,355:13435: Initialising event
CRITICAL:strat7:2022-12-07 17:16:39,714:13435: Yes my_avgbuy_price unavailable
WARNING:strat7:2022-12-07 17:16:41,443:13435: last_values_dict empty
INFO:strat7:2022-12-07 17:16:47,080:13436: Initialising event
WARNING:strat7:2022-12-07 17:17:00,762:13436: last_values_dict empty
INFO:strat7:2022-12-07 17:17:06,381:13437: Initialising event
CRITICAL:strat7:2022-12-07 17:17:34,450:13437: No my_buy_price unavailable
WARNING:strat7:2022-12-07 17:17:36,156:13437: last_values_dict empty
CRITICAL:strat7:2022-12-07 17:18:04,372:13435: No my_buy_price unavailable
CRITICAL:strat7:2022-12-07 17:18:07,468:13435: No my_buy_price unavailable
CRITICAL:strat7:2022-12-07 17:20:10,682:13434: Yes my_avgbuy_price unavailable
CRITICAL:strat7:2022-12-07 17:20:12,894:13434: Yes my_avgbuy_price unavailable
CRITICAL:strat7:2022-12-07 17:20:35,534:13435: Yes my_avgbuy_price unavailable
CRITICAL:strat7:2022-12-07 17:20:37,761:13435: Yes my_avgbuy_price unavailable
CRITICAL:strat7:2022-12-07 17:22:53,446:13434: Yes my_avgbuy_price unavailable
CRITICAL:strat7:2022-12-07 17:22:55,708:13434: Yes my_avgbuy_price unavailable
CRITICAL:strat7:2022-12-07 17:23:23,545:13435: Yes my_avgbuy_price unavailable
CRITICAL:strat7:2022-12-07 17:23:26,880:13435: Yes my_avgbuy_price unavailable
CRITICAL:strat7:2022-12-07 17:25:25,927:13434: Yes my_avgbuy_price unavailable
CRITICAL:strat7:2022-12-07 17:25:28,661:13434: Yes my_avgbuy_price unavailable
CRITICAL:strat7:2022-12-07 17:25:54,027:13435: Yes my_avgbuy_price unavailable
CRITICAL:strat7:2022-12-07 17:25:56,785:13435: Yes my_avgbuy_price unavailable
CRITICAL:strat7:2022-12-07 17:28:05,262:13434: Yes my_avgbuy_price unavailable
CRITICAL:strat7:2022-12-07 17:28:07,961:13434: Yes my_avgbuy_price unavailable
CRITICAL:strat7:2022-12-07 17:28:29,851:13435: Yes my_avgbuy_price unavailable
CRITICAL:strat7:2022-12-07 17:28:32,884:13435: Yes my_avgbuy_price unavailable
CRITICAL:strat7:2022-12-07 17:29:14,702:13437: No my_buy_price unavailable
CRITICAL:strat7:2022-12-07 17:29:17,810:13437: No my_buy_price unavailable
CRITICAL:strat7:2022-12-07 17:30:37,872:13434: Yes my_avgbuy_price unavailable
CRITICAL:strat7:2022-12-07 17:30:40,167:13434: Yes my_avgbuy_price unavailable
CRITICAL:strat7:2022-12-07 17:31:01,342:13435: Yes my_avgbuy_price unavailable
CRITICAL:strat7:2022-12-07 17:31:04,674:13435: Yes my_avgbuy_price unavailable
CRITICAL:strat7:2022-12-07 17:31:46,268:13437: No my_buy_price unavailable
CRITICAL:strat7:2022-12-07 17:31:49,325:13437: No my_buy_price unavailable
CRITICAL:strat7:2022-12-07 17:33:10,458:13434: Yes my_avgbuy_price unavailable
CRITICAL:strat7:2022-12-07 17:33:12,838:13434: Yes my_avgbuy_price unavailable
CRITICAL:strat7:2022-12-07 17:33:34,375:13435: Yes my_avgbuy_price unavailable
CRITICAL:strat7:2022-12-07 17:33:37,193:13435: Yes my_avgbuy_price unavailable
CRITICAL:strat7:2022-12-07 17:34:02,029:13436: No my_buy_price unavailable
CRITICAL:strat7:2022-12-07 17:34:04,495:13436: No my_buy_price unavailable
CRITICAL:strat7:2022-12-07 17:34:25,560:13437: No my_buy_price unavailable
CRITICAL:strat7:2022-12-07 17:34:28,494:13437: No my_buy_price unavailable
CRITICAL:strat7:2022-12-07 17:35:50,576:13434: Yes my_avgbuy_price unavailable
CRITICAL:strat7:2022-12-07 17:35:52,830:13434: Yes my_avgbuy_price unavailable
CRITICAL:strat7:2022-12-07 17:36:15,016:13435: Yes my_avgbuy_price unavailable
CRITICAL:strat7:2022-12-07 17:36:18,055:13435: Yes my_avgbuy_price unavailable
CRITICAL:strat7:2022-12-07 17:36:38,817:13436: No my_buy_price unavailable
CRITICAL:strat7:2022-12-07 17:36:41,712:13436: No my_buy_price unavailable
CRITICAL:strat7:2022-12-07 17:37:03,541:13437: No my_buy_price unavailable
CRITICAL:strat7:2022-12-07 17:37:06,445:13437: No my_buy_price unavailable
CRITICAL:strat7:2022-12-07 17:38:28,108:13434: Yes my_avgbuy_price unavailable
CRITICAL:strat7:2022-12-07 17:38:31,028:13434: Yes my_avgbuy_price unavailable
CRITICAL:strat7:2022-12-07 17:38:52,258:13435: Yes my_avgbuy_price unavailable
CRITICAL:strat7:2022-12-07 17:38:55,582:13435: Yes my_avgbuy_price unavailable
CRITICAL:strat7:2022-12-07 17:39:17,024:13436: No my_buy_price unavailable
CRITICAL:strat7:2022-12-07 17:39:20,269:13436: No my_buy_price unavailable
CRITICAL:strat7:2022-12-07 17:39:41,200:13437: No my_buy_price unavailable
CRITICAL:strat7:2022-12-07 17:39:44,044:13437: No my_buy_price unavailable
CRITICAL:strat7:2022-12-07 17:41:06,320:13434: Yes my_avgbuy_price unavailable
CRITICAL:strat7:2022-12-07 17:41:09,328:13434: Yes my_avgbuy_price unavailable
CRITICAL:strat7:2022-12-07 17:41:31,153:13435: Yes my_avgbuy_price unavailable
CRITICAL:strat7:2022-12-07 17:41:34,043:13435: Yes my_avgbuy_price unavailable
CRITICAL:strat7:2022-12-07 17:41:55,405:13436: No my_buy_price unavailable
CRITICAL:strat7:2022-12-07 17:41:58,307:13436: No my_buy_price unavailable
CRITICAL:strat7:2022-12-07 17:42:19,604:13437: No my_buy_price unavailable
CRITICAL:strat7:2022-12-07 17:42:22,488:13437: No my_buy_price unavailable
CRITICAL:strat7:2022-12-07 17:43:43,976:13434: Yes my_avgbuy_price unavailable
CRITICAL:strat7:2022-12-07 17:43:46,879:13434: Yes my_avgbuy_price unavailable
CRITICAL:strat7:2022-12-07 17:44:08,173:13435: Yes my_avgbuy_price unavailable
CRITICAL:strat7:2022-12-07 17:44:11,140:13435: Yes my_avgbuy_price unavailable
CRITICAL:strat7:2022-12-07 17:44:31,867:13436: No my_buy_price unavailable
CRITICAL:strat7:2022-12-07 17:44:34,781:13436: No my_buy_price unavailable
CRITICAL:strat7:2022-12-07 17:44:56,029:13437: No my_buy_price unavailable
CRITICAL:strat7:2022-12-07 17:44:58,985:13437: No my_buy_price unavailable
CRITICAL:strat7:2022-12-07 17:46:20,295:13434: Yes my_avgbuy_price unavailable
CRITICAL:strat7:2022-12-07 17:46:23,256:13434: Yes my_avgbuy_price unavailable
CRITICAL:strat7:2022-12-07 17:46:44,367:13435: No my_buy_price unavailable
CRITICAL:strat7:2022-12-07 17:46:47,612:13435: No my_buy_price unavailable
CRITICAL:strat7:2022-12-07 17:47:08,872:13436: No my_buy_price unavailable
CRITICAL:strat7:2022-12-07 17:47:11,747:13436: No my_buy_price unavailable
CRITICAL:strat7:2022-12-07 17:47:31,929:13437: No my_buy_price unavailable
CRITICAL:strat7:2022-12-07 17:47:34,242:13437: No my_buy_price unavailable
CRITICAL:strat7:2022-12-07 17:48:55,150:13434: Yes my_avgbuy_price unavailable
CRITICAL:strat7:2022-12-07 17:48:58,041:13434: Yes my_avgbuy_price unavailable
CRITICAL:strat7:2022-12-07 17:49:16,934:13435: No my_buy_price unavailable
CRITICAL:strat7:2022-12-07 17:49:18,611:13435: No my_buy_price unavailable
CRITICAL:strat7:2022-12-07 17:49:41,236:13436: No my_buy_price unavailable
CRITICAL:strat7:2022-12-07 17:49:44,163:13436: No my_buy_price unavailable
CRITICAL:strat7:2022-12-07 17:50:05,091:13437: No my_buy_price unavailable
CRITICAL:strat7:2022-12-07 17:50:07,485:13437: No my_buy_price unavailable
CRITICAL:strat7:2022-12-07 17:51:29,196:13434: Yes my_avgbuy_price unavailable
CRITICAL:strat7:2022-12-07 17:51:32,210:13434: Yes my_avgbuy_price unavailable
CRITICAL:strat7:2022-12-07 17:51:52,294:13435: No my_buy_price unavailable
CRITICAL:strat7:2022-12-07 17:51:53,989:13435: No my_buy_price unavailable
CRITICAL:strat7:2022-12-07 17:52:15,561:13436: No my_buy_price unavailable
CRITICAL:strat7:2022-12-07 17:52:18,484:13436: No my_buy_price unavailable
CRITICAL:strat7:2022-12-07 17:52:38,999:13437: No my_buy_price unavailable
CRITICAL:strat7:2022-12-07 17:52:41,352:13437: No my_buy_price unavailable
CRITICAL:strat7:2022-12-07 17:54:03,403:13434: Yes my_avgbuy_price unavailable
CRITICAL:strat7:2022-12-07 17:54:06,371:13434: Yes my_avgbuy_price unavailable
CRITICAL:strat7:2022-12-07 17:54:26,424:13435: No my_buy_price unavailable
CRITICAL:strat7:2022-12-07 17:54:28,157:13435: No my_buy_price unavailable
CRITICAL:strat7:2022-12-07 17:54:49,277:13436: No my_buy_price unavailable
CRITICAL:strat7:2022-12-07 17:54:52,196:13436: No my_buy_price unavailable
CRITICAL:strat7:2022-12-07 17:55:13,621:13437: No my_buy_price unavailable
CRITICAL:strat7:2022-12-07 17:55:15,937:13437: No my_buy_price unavailable
CRITICAL:strat7:2022-12-07 17:56:37,171:13434: Yes my_avgbuy_price unavailable
CRITICAL:strat7:2022-12-07 17:56:40,137:13434: Yes my_avgbuy_price unavailable
CRITICAL:strat7:2022-12-07 17:57:00,054:13435: No my_buy_price unavailable
CRITICAL:strat7:2022-12-07 17:57:01,752:13435: No my_buy_price unavailable
CRITICAL:strat7:2022-12-07 17:57:23,595:13436: No my_buy_price unavailable
CRITICAL:strat7:2022-12-07 17:57:26,499:13436: No my_buy_price unavailable
CRITICAL:strat7:2022-12-07 17:57:48,053:13437: No my_buy_price unavailable
CRITICAL:strat7:2022-12-07 17:57:50,325:13437: No my_buy_price unavailable
CRITICAL:strat7:2022-12-07 17:59:11,224:13434: Yes my_avgbuy_price unavailable
CRITICAL:strat7:2022-12-07 17:59:14,146:13434: Yes my_avgbuy_price unavailable
CRITICAL:strat7:2022-12-07 17:59:35,656:13435: No my_buy_price unavailable
CRITICAL:strat7:2022-12-07 17:59:37,396:13435: No my_buy_price unavailable
CRITICAL:strat7:2022-12-07 17:59:58,647:13436: No my_buy_price unavailable
CRITICAL:strat7:2022-12-07 18:00:01,592:13436: No my_buy_price unavailable
CRITICAL:strat7:2022-12-07 18:00:22,709:13437: No my_buy_price unavailable
CRITICAL:strat7:2022-12-07 18:00:25,636:13437: No my_buy_price unavailable
CRITICAL:strat7:2022-12-07 18:01:47,771:13434: Yes my_avgbuy_price unavailable
CRITICAL:strat7:2022-12-07 18:01:50,584:13434: Yes my_avgbuy_price unavailable
CRITICAL:strat7:2022-12-07 18:02:10,582:13435: No my_buy_price unavailable
CRITICAL:strat7:2022-12-07 18:02:12,201:13435: No my_buy_price unavailable
CRITICAL:strat7:2022-12-07 18:02:32,624:13436: No my_buy_price unavailable
CRITICAL:strat7:2022-12-07 18:02:35,560:13436: No my_buy_price unavailable
CRITICAL:strat7:2022-12-07 18:02:57,537:13437: No my_buy_price unavailable
CRITICAL:strat7:2022-12-07 18:03:00,349:13437: No my_buy_price unavailable
CRITICAL:strat7:2022-12-07 18:04:22,761:13434: Yes my_avgbuy_price unavailable
CRITICAL:strat7:2022-12-07 18:04:25,652:13434: Yes my_avgbuy_price unavailable
CRITICAL:strat7:2022-12-07 18:04:45,706:13435: No my_buy_price unavailable
CRITICAL:strat7:2022-12-07 18:04:47,353:13435: No my_buy_price unavailable
CRITICAL:strat7:2022-12-07 18:05:08,989:13436: No my_buy_price unavailable
CRITICAL:strat7:2022-12-07 18:05:11,835:13436: No my_buy_price unavailable
CRITICAL:strat7:2022-12-07 18:05:33,737:13437: No my_buy_price unavailable
CRITICAL:strat7:2022-12-07 18:05:36,698:13437: No my_buy_price unavailable
CRITICAL:strat7:2022-12-07 18:06:57,662:13434: Yes my_avgbuy_price unavailable
CRITICAL:strat7:2022-12-07 18:07:00,502:13434: Yes my_avgbuy_price unavailable
CRITICAL:strat7:2022-12-07 18:07:20,860:13435: No my_buy_price unavailable
CRITICAL:strat7:2022-12-07 18:07:22,561:13435: No my_buy_price unavailable
CRITICAL:strat7:2022-12-07 18:07:45,058:13436: No my_buy_price unavailable
CRITICAL:strat7:2022-12-07 18:07:47,971:13436: No my_buy_price unavailable
CRITICAL:strat7:2022-12-07 18:08:13,033:13437: No my_buy_price unavailable
CRITICAL:strat7:2022-12-07 18:08:15,351:13437: No my_buy_price unavailable
CRITICAL:strat7:2022-12-07 18:09:37,450:13434: Yes my_avgbuy_price unavailable
CRITICAL:strat7:2022-12-07 18:09:40,960:13434: Yes my_avgbuy_price unavailable
CRITICAL:strat7:2022-12-07 18:10:02,912:13435: No my_buy_price unavailable
CRITICAL:strat7:2022-12-07 18:10:05,170:13435: No my_buy_price unavailable
CRITICAL:strat7:2022-12-07 18:10:26,206:13436: No my_buy_price unavailable
CRITICAL:strat7:2022-12-07 18:10:29,481:13436: No my_buy_price unavailable
CRITICAL:strat7:2022-12-07 18:10:50,134:13437: No my_buy_price unavailable
CRITICAL:strat7:2022-12-07 18:10:53,371:13437: No my_buy_price unavailable
CRITICAL:strat7:2022-12-07 18:12:14,368:13434: Yes my_avgbuy_price unavailable
CRITICAL:strat7:2022-12-07 18:12:17,209:13434: Yes my_avgbuy_price unavailable
CRITICAL:strat7:2022-12-07 18:12:37,594:13435: No my_buy_price unavailable
CRITICAL:strat7:2022-12-07 18:12:39,262:13435: No my_buy_price unavailable
CRITICAL:strat7:2022-12-07 18:12:59,829:13436: No my_buy_price unavailable
CRITICAL:strat7:2022-12-07 18:13:02,726:13436: No my_buy_price unavailable
CRITICAL:strat7:2022-12-07 18:13:23,890:13437: No my_buy_price unavailable
CRITICAL:strat7:2022-12-07 18:13:26,843:13437: No my_buy_price unavailable
CRITICAL:strat7:2022-12-07 18:14:49,496:13434: Yes my_avgbuy_price unavailable
CRITICAL:strat7:2022-12-07 18:14:52,599:13434: Yes my_avgbuy_price unavailable
CRITICAL:strat7:2022-12-07 18:15:13,734:13435: No my_buy_price unavailable
CRITICAL:strat7:2022-12-07 18:15:15,379:13435: No my_buy_price unavailable
CRITICAL:strat7:2022-12-07 18:15:39,505:13436: No my_buy_price unavailable
CRITICAL:strat7:2022-12-07 18:15:44,492:13436: No my_buy_price unavailable
CRITICAL:strat7:2022-12-07 18:16:05,817:13437: No my_buy_price unavailable
CRITICAL:strat7:2022-12-07 18:16:08,754:13437: No my_buy_price unavailable
CRITICAL:strat7:2022-12-07 18:17:34,388:13434: Yes my_avgbuy_price unavailable
CRITICAL:strat7:2022-12-07 18:17:37,444:13434: Yes my_avgbuy_price unavailable
CRITICAL:strat7:2022-12-07 18:18:13,823:13435: No my_buy_price unavailable
CRITICAL:strat7:2022-12-07 18:18:15,534:13435: No my_buy_price unavailable
CRITICAL:strat7:2022-12-07 18:18:57,883:13437: No my_buy_price unavailable
CRITICAL:strat7:2022-12-07 18:19:00,302:13437: No my_buy_price unavailable
CRITICAL:strat7:2022-12-07 18:20:21,444:13434: Yes my_avgbuy_price unavailable
CRITICAL:strat7:2022-12-07 18:20:24,336:13434: Yes my_avgbuy_price unavailable
CRITICAL:strat7:2022-12-07 18:20:44,809:13435: No my_buy_price unavailable
CRITICAL:strat7:2022-12-07 18:20:46,481:13435: No my_buy_price unavailable
CRITICAL:strat7:2022-12-07 18:21:32,346:13437: No my_buy_price unavailable
CRITICAL:strat7:2022-12-07 18:21:34,769:13437: No my_buy_price unavailable
CRITICAL:strat7:2022-12-07 18:22:55,225:13434: Yes my_avgbuy_price unavailable
CRITICAL:strat7:2022-12-07 18:22:58,353:13434: Yes my_avgbuy_price unavailable
CRITICAL:strat7:2022-12-07 18:23:18,451:13435: No my_buy_price unavailable
CRITICAL:strat7:2022-12-07 18:23:20,167:13435: No my_buy_price unavailable
CRITICAL:strat7:2022-12-07 18:25:29,209:13434: Yes my_avgbuy_price unavailable
CRITICAL:strat7:2022-12-07 18:25:32,252:13434: Yes my_avgbuy_price unavailable
CRITICAL:strat7:2022-12-07 18:25:52,239:13435: No my_buy_price unavailable
CRITICAL:strat7:2022-12-07 18:25:54,124:13435: No my_buy_price unavailable
CRITICAL:strat7:2022-12-07 18:28:02,937:13434: Yes my_avgbuy_price unavailable
CRITICAL:strat7:2022-12-07 18:28:05,850:13434: Yes my_avgbuy_price unavailable
CRITICAL:strat7:2022-12-07 18:28:24,929:13435: No my_buy_price unavailable
CRITICAL:strat7:2022-12-07 18:28:26,669:13435: No my_buy_price unavailable
CRITICAL:strat7:2022-12-07 18:30:30,820:13434: Yes my_avgbuy_price unavailable
CRITICAL:strat7:2022-12-07 18:30:33,781:13434: Yes my_avgbuy_price unavailable
CRITICAL:strat7:2022-12-07 18:30:52,978:13435: No my_buy_price unavailable
CRITICAL:strat7:2022-12-07 18:30:54,657:13435: No my_buy_price unavailable
CRITICAL:strat7:2022-12-07 18:31:19,134:13436: No my_buy_price unavailable
CRITICAL:strat7:2022-12-07 18:31:21,553:13436: No my_buy_price unavailable
CRITICAL:strat7:2022-12-07 18:33:01,626:13434: Yes my_avgbuy_price unavailable
CRITICAL:strat7:2022-12-07 18:33:04,606:13434: Yes my_avgbuy_price unavailable
CRITICAL:strat7:2022-12-07 18:33:24,232:13435: No my_buy_price unavailable
CRITICAL:strat7:2022-12-07 18:33:25,997:13435: No my_buy_price unavailable
CRITICAL:strat7:2022-12-07 18:35:31,006:13434: Yes my_avgbuy_price unavailable
CRITICAL:strat7:2022-12-07 18:35:34,030:13434: Yes my_avgbuy_price unavailable
CRITICAL:strat7:2022-12-07 18:35:53,982:13435: No my_buy_price unavailable
CRITICAL:strat7:2022-12-07 18:35:55,662:13435: No my_buy_price unavailable
CRITICAL:strat7:2022-12-07 18:38:06,528:13434: Yes my_avgbuy_price unavailable
CRITICAL:strat7:2022-12-07 18:38:09,482:13434: Yes my_avgbuy_price unavailable
CRITICAL:strat7:2022-12-07 18:38:30,157:13435: No my_buy_price unavailable
CRITICAL:strat7:2022-12-07 18:38:31,878:13435: No my_buy_price unavailable
CRITICAL:strat7:2022-12-07 18:40:48,807:13434: Yes my_avgbuy_price unavailable
CRITICAL:strat7:2022-12-07 18:40:52,018:13434: Yes my_avgbuy_price unavailable
CRITICAL:strat7:2022-12-07 18:41:12,992:13435: No my_buy_price unavailable
CRITICAL:strat7:2022-12-07 18:41:14,838:13435: No my_buy_price unavailable
CRITICAL:strat7:2022-12-07 18:41:39,373:13436: Yes my_avgbuy_price unavailable
CRITICAL:strat7:2022-12-07 18:41:43,866:13436: Yes my_avgbuy_price unavailable
CRITICAL:strat7:2022-12-07 18:43:26,512:13434: Yes my_avgbuy_price unavailable
CRITICAL:strat7:2022-12-07 18:43:29,520:13434: Yes my_avgbuy_price unavailable
CRITICAL:strat7:2022-12-07 18:43:49,848:13435: No my_buy_price unavailable
CRITICAL:strat7:2022-12-07 18:43:51,512:13435: No my_buy_price unavailable
CRITICAL:strat7:2022-12-07 18:44:15,967:13436: Yes my_avgbuy_price unavailable
CRITICAL:strat7:2022-12-07 18:44:18,987:13436: Yes my_avgbuy_price unavailable
CRITICAL:strat7:2022-12-07 18:45:59,844:13434: Yes my_avgbuy_price unavailable
CRITICAL:strat7:2022-12-07 18:46:03,091:13434: Yes my_avgbuy_price unavailable
CRITICAL:strat7:2022-12-07 18:46:23,584:13435: No my_buy_price unavailable
CRITICAL:strat7:2022-12-07 18:46:25,403:13435: No my_buy_price unavailable
CRITICAL:strat7:2022-12-07 18:46:46,061:13436: Yes my_avgbuy_price unavailable
CRITICAL:strat7:2022-12-07 18:46:49,145:13436: Yes my_avgbuy_price unavailable
CRITICAL:strat7:2022-12-07 18:48:30,113:13434: Yes my_avgbuy_price unavailable
CRITICAL:strat7:2022-12-07 18:48:33,143:13434: Yes my_avgbuy_price unavailable
CRITICAL:strat7:2022-12-07 18:48:56,456:13435: Yes my_avgbuy_price unavailable
CRITICAL:strat7:2022-12-07 18:48:58,798:13435: Yes my_avgbuy_price unavailable
CRITICAL:strat7:2022-12-07 18:49:19,588:13436: Yes my_avgbuy_price unavailable
CRITICAL:strat7:2022-12-07 18:49:22,620:13436: Yes my_avgbuy_price unavailable
CRITICAL:strat7:2022-12-07 18:51:03,323:13434: Yes my_avgbuy_price unavailable
CRITICAL:strat7:2022-12-07 18:51:06,312:13434: Yes my_avgbuy_price unavailable
CRITICAL:strat7:2022-12-07 18:51:26,412:13435: No my_buy_price unavailable
CRITICAL:strat7:2022-12-07 18:51:29,590:13435: No my_buy_price unavailable
CRITICAL:strat7:2022-12-07 18:51:49,166:13436: Yes my_avgbuy_price unavailable
CRITICAL:strat7:2022-12-07 18:51:52,313:13436: Yes my_avgbuy_price unavailable
CRITICAL:strat7:2022-12-07 18:53:32,490:13434: Yes my_avgbuy_price unavailable
CRITICAL:strat7:2022-12-07 18:53:35,486:13434: Yes my_avgbuy_price unavailable
CRITICAL:strat7:2022-12-07 18:53:55,653:13435: No my_buy_price unavailable
CRITICAL:strat7:2022-12-07 18:53:57,416:13435: No my_buy_price unavailable
CRITICAL:strat7:2022-12-07 18:54:17,961:13436: Yes my_avgbuy_price unavailable
CRITICAL:strat7:2022-12-07 18:54:20,851:13436: Yes my_avgbuy_price unavailable
CRITICAL:strat7:2022-12-07 18:56:02,623:13434: Yes my_avgbuy_price unavailable
CRITICAL:strat7:2022-12-07 18:56:05,651:13434: Yes my_avgbuy_price unavailable
CRITICAL:strat7:2022-12-07 18:56:25,398:13435: No my_buy_price unavailable
CRITICAL:strat7:2022-12-07 18:56:27,132:13435: No my_buy_price unavailable
CRITICAL:strat7:2022-12-07 18:56:47,184:13436: Yes my_avgbuy_price unavailable
CRITICAL:strat7:2022-12-07 18:56:50,000:13436: Yes my_avgbuy_price unavailable
CRITICAL:strat7:2022-12-07 18:58:32,315:13434: Yes my_avgbuy_price unavailable
CRITICAL:strat7:2022-12-07 18:58:35,360:13434: Yes my_avgbuy_price unavailable
CRITICAL:strat7:2022-12-07 18:58:54,686:13435: No my_buy_price unavailable
CRITICAL:strat7:2022-12-07 18:58:56,788:13435: No my_buy_price unavailable
CRITICAL:strat7:2022-12-07 18:59:17,296:13436: Yes my_avgbuy_price unavailable
CRITICAL:strat7:2022-12-07 18:59:20,311:13436: Yes my_avgbuy_price unavailable
CRITICAL:strat7:2022-12-07 19:01:00,860:13434: Yes my_avgbuy_price unavailable
CRITICAL:strat7:2022-12-07 19:01:03,980:13434: Yes my_avgbuy_price unavailable
CRITICAL:strat7:2022-12-07 19:01:25,593:13435: Yes my_avgbuy_price unavailable
CRITICAL:strat7:2022-12-07 19:01:28,023:13435: Yes my_avgbuy_price unavailable
CRITICAL:strat7:2022-12-07 19:03:33,737:13434: Yes my_avgbuy_price unavailable
CRITICAL:strat7:2022-12-07 19:03:36,830:13434: Yes my_avgbuy_price unavailable
CRITICAL:strat7:2022-12-07 19:03:57,170:13435: Yes my_avgbuy_price unavailable
CRITICAL:strat7:2022-12-07 19:04:00,181:13435: Yes my_avgbuy_price unavailable
CRITICAL:strat7:2022-12-07 19:04:23,847:13436: Yes my_avgbuy_price unavailable
CRITICAL:strat7:2022-12-07 19:04:28,315:13436: Yes my_avgbuy_price unavailable
CRITICAL:strat7:2022-12-07 19:06:09,843:13434: Yes my_avgbuy_price unavailable
CRITICAL:strat7:2022-12-07 19:06:12,910:13434: Yes my_avgbuy_price unavailable
CRITICAL:strat7:2022-12-07 19:06:33,527:13435: Yes my_avgbuy_price unavailable
CRITICAL:strat7:2022-12-07 19:06:36,549:13435: Yes my_avgbuy_price unavailable
CRITICAL:strat7:2022-12-07 19:08:44,431:13434: Yes my_avgbuy_price unavailable
CRITICAL:strat7:2022-12-07 19:08:47,310:13434: Yes my_avgbuy_price unavailable
CRITICAL:strat7:2022-12-07 19:09:11,490:13435: Yes my_avgbuy_price unavailable
CRITICAL:strat7:2022-12-07 19:09:13,797:13435: Yes my_avgbuy_price unavailable
CRITICAL:strat7:2022-12-07 19:11:18,135:13434: Yes my_avgbuy_price unavailable
CRITICAL:strat7:2022-12-07 19:11:21,098:13434: Yes my_avgbuy_price unavailable
CRITICAL:strat7:2022-12-07 19:11:45,638:13435: Yes my_avgbuy_price unavailable
CRITICAL:strat7:2022-12-07 19:11:48,020:13435: Yes my_avgbuy_price unavailable
CRITICAL:strat7:2022-12-07 19:12:12,276:13436: No my_buy_price unavailable
CRITICAL:strat7:2022-12-07 19:12:14,667:13436: No my_buy_price unavailable
CRITICAL:strat7:2022-12-07 19:12:34,880:13437: No my_buy_price unavailable
CRITICAL:strat7:2022-12-07 19:14:00,370:13434: Yes my_avgbuy_price unavailable
CRITICAL:strat7:2022-12-07 19:14:02,801:13434: Yes my_avgbuy_price unavailable
CRITICAL:strat7:2022-12-07 19:14:23,919:13435: Yes my_avgbuy_price unavailable
CRITICAL:strat7:2022-12-07 19:14:27,035:13435: Yes my_avgbuy_price unavailable
CRITICAL:strat7:2022-12-07 19:14:48,061:13436: No my_buy_price unavailable
CRITICAL:strat7:2022-12-07 19:14:51,052:13436: No my_buy_price unavailable
CRITICAL:strat7:2022-12-07 19:15:14,189:13437: No my_buy_price unavailable
CRITICAL:strat7:2022-12-07 19:15:16,668:13437: No my_buy_price unavailable
CRITICAL:strat7:2022-12-07 19:16:38,243:13434: Yes my_avgbuy_price unavailable
CRITICAL:strat7:2022-12-07 19:16:41,289:13434: Yes my_avgbuy_price unavailable
CRITICAL:strat7:2022-12-07 19:17:02,691:13435: Yes my_avgbuy_price unavailable
CRITICAL:strat7:2022-12-07 19:17:05,845:13435: Yes my_avgbuy_price unavailable
CRITICAL:strat7:2022-12-07 19:17:26,589:13436: No my_buy_price unavailable
CRITICAL:strat7:2022-12-07 19:17:29,550:13436: No my_buy_price unavailable
CRITICAL:strat7:2022-12-07 19:17:50,799:13437: No my_buy_price unavailable
CRITICAL:strat7:2022-12-07 19:17:53,177:13437: No my_buy_price unavailable
CRITICAL:strat7:2022-12-07 19:19:14,312:13434: Yes my_avgbuy_price unavailable
CRITICAL:strat7:2022-12-07 19:19:17,326:13434: Yes my_avgbuy_price unavailable
CRITICAL:strat7:2022-12-07 19:19:40,183:13435: Yes my_avgbuy_price unavailable
CRITICAL:strat7:2022-12-07 19:19:43,184:13435: Yes my_avgbuy_price unavailable
CRITICAL:strat7:2022-12-07 19:20:08,014:13436: No my_buy_price unavailable
CRITICAL:strat7:2022-12-07 19:20:10,446:13436: No my_buy_price unavailable
CRITICAL:strat7:2022-12-07 19:20:31,064:13437: No my_buy_price unavailable
CRITICAL:strat7:2022-12-07 19:20:33,541:13437: No my_buy_price unavailable
CRITICAL:strat7:2022-12-07 19:21:58,912:13434: Yes my_avgbuy_price unavailable
CRITICAL:strat7:2022-12-07 19:22:01,420:13434: Yes my_avgbuy_price unavailable
CRITICAL:strat7:2022-12-07 19:22:21,787:13435: Yes my_avgbuy_price unavailable
CRITICAL:strat7:2022-12-07 19:22:24,252:13435: Yes my_avgbuy_price unavailable
CRITICAL:strat7:2022-12-07 19:22:46,200:13436: No my_buy_price unavailable
CRITICAL:strat7:2022-12-07 19:22:49,374:13436: No my_buy_price unavailable
CRITICAL:strat7:2022-12-07 19:23:11,144:13437: No my_buy_price unavailable
CRITICAL:strat7:2022-12-07 19:23:13,511:13437: No my_buy_price unavailable
CRITICAL:strat7:2022-12-07 19:24:34,312:13434: Yes my_avgbuy_price unavailable
CRITICAL:strat7:2022-12-07 19:24:37,470:13434: Yes my_avgbuy_price unavailable
CRITICAL:strat7:2022-12-07 19:24:57,352:13435: Yes my_avgbuy_price unavailable
CRITICAL:strat7:2022-12-07 19:24:59,733:13435: Yes my_avgbuy_price unavailable
CRITICAL:strat7:2022-12-07 19:25:25,519:13436: Yes my_avgbuy_price unavailable
CRITICAL:strat7:2022-12-07 19:25:29,390:13436: Yes my_avgbuy_price unavailable
CRITICAL:strat7:2022-12-07 19:25:50,157:13437: No my_buy_price unavailable
CRITICAL:strat7:2022-12-07 19:25:52,576:13437: No my_buy_price unavailable
CRITICAL:strat7:2022-12-07 19:27:16,808:13434: Yes my_avgbuy_price unavailable
CRITICAL:strat7:2022-12-07 19:27:20,102:13434: Yes my_avgbuy_price unavailable
CRITICAL:strat7:2022-12-07 19:27:41,493:13435: Yes my_avgbuy_price unavailable
CRITICAL:strat7:2022-12-07 19:27:44,709:13435: Yes my_avgbuy_price unavailable
CRITICAL:strat7:2022-12-07 19:28:06,129:13436: Yes my_avgbuy_price unavailable
CRITICAL:strat7:2022-12-07 19:28:09,308:13436: Yes my_avgbuy_price unavailable
CRITICAL:strat7:2022-12-07 19:28:34,156:13437: No my_buy_price unavailable
CRITICAL:strat7:2022-12-07 19:28:36,519:13437: No my_buy_price unavailable
CRITICAL:strat7:2022-12-07 19:29:57,723:13434: Yes my_avgbuy_price unavailable
CRITICAL:strat7:2022-12-07 19:30:01,019:13434: Yes my_avgbuy_price unavailable
CRITICAL:strat7:2022-12-07 19:30:22,266:13435: Yes my_avgbuy_price unavailable
CRITICAL:strat7:2022-12-07 19:30:25,303:13435: Yes my_avgbuy_price unavailable
CRITICAL:strat7:2022-12-07 19:30:50,069:13436: Yes my_avgbuy_price unavailable
CRITICAL:strat7:2022-12-07 19:30:52,517:13436: Yes my_avgbuy_price unavailable
CRITICAL:strat7:2022-12-07 19:31:15,155:13437: No my_buy_price unavailable
CRITICAL:strat7:2022-12-07 19:31:18,161:13437: No my_buy_price unavailable
CRITICAL:strat7:2022-12-07 19:32:40,458:13434: Yes my_avgbuy_price unavailable
CRITICAL:strat7:2022-12-07 19:32:43,510:13434: Yes my_avgbuy_price unavailable
CRITICAL:strat7:2022-12-07 19:33:04,883:13435: Yes my_avgbuy_price unavailable
CRITICAL:strat7:2022-12-07 19:33:07,941:13435: Yes my_avgbuy_price unavailable
CRITICAL:strat7:2022-12-07 19:33:27,900:13436: Yes my_avgbuy_price unavailable
CRITICAL:strat7:2022-12-07 19:33:30,450:13436: Yes my_avgbuy_price unavailable
CRITICAL:strat7:2022-12-07 19:33:51,491:13437: No my_buy_price unavailable
CRITICAL:strat7:2022-12-07 19:33:54,505:13437: No my_buy_price unavailable
CRITICAL:strat7:2022-12-07 19:35:15,982:13434: Yes my_avgbuy_price unavailable
CRITICAL:strat7:2022-12-07 19:35:18,971:13434: Yes my_avgbuy_price unavailable
CRITICAL:strat7:2022-12-07 19:35:40,562:13435: Yes my_avgbuy_price unavailable
CRITICAL:strat7:2022-12-07 19:35:43,636:13435: Yes my_avgbuy_price unavailable
CRITICAL:strat7:2022-12-07 19:36:04,619:13436: Yes my_avgbuy_price unavailable
CRITICAL:strat7:2022-12-07 19:36:07,024:13436: Yes my_avgbuy_price unavailable
CRITICAL:strat7:2022-12-07 19:36:27,413:13437: No my_buy_price unavailable
CRITICAL:strat7:2022-12-07 19:36:30,362:13437: No my_buy_price unavailable
CRITICAL:strat7:2022-12-07 19:37:51,393:13434: Yes my_avgbuy_price unavailable
CRITICAL:strat7:2022-12-07 19:37:54,340:13434: Yes my_avgbuy_price unavailable
CRITICAL:strat7:2022-12-07 19:38:16,145:13435: Yes my_avgbuy_price unavailable
CRITICAL:strat7:2022-12-07 19:38:19,096:13435: Yes my_avgbuy_price unavailable
CRITICAL:strat7:2022-12-07 19:38:39,618:13436: Yes my_avgbuy_price unavailable
CRITICAL:strat7:2022-12-07 19:38:42,046:13436: Yes my_avgbuy_price unavailable
CRITICAL:strat7:2022-12-07 19:39:02,242:13437: No my_buy_price unavailable
CRITICAL:strat7:2022-12-07 19:39:04,680:13437: No my_buy_price unavailable
CRITICAL:strat7:2022-12-07 19:40:25,787:13434: Yes my_avgbuy_price unavailable
CRITICAL:strat7:2022-12-07 19:40:29,049:13434: Yes my_avgbuy_price unavailable
CRITICAL:strat7:2022-12-07 19:40:52,181:13435: Yes my_avgbuy_price unavailable
CRITICAL:strat7:2022-12-07 19:40:55,255:13435: Yes my_avgbuy_price unavailable
CRITICAL:strat7:2022-12-07 19:41:18,368:13436: No my_buy_price unavailable
CRITICAL:strat7:2022-12-07 19:41:22,289:13436: No my_buy_price unavailable
CRITICAL:strat7:2022-12-07 19:41:44,628:13437: No my_buy_price unavailable
CRITICAL:strat7:2022-12-07 19:41:47,624:13437: No my_buy_price unavailable
CRITICAL:strat7:2022-12-07 19:43:10,382:13434: Yes my_avgbuy_price unavailable
CRITICAL:strat7:2022-12-07 19:43:13,558:13434: Yes my_avgbuy_price unavailable
CRITICAL:strat7:2022-12-07 19:43:35,530:13435: Yes my_avgbuy_price unavailable
CRITICAL:strat7:2022-12-07 19:43:38,557:13435: Yes my_avgbuy_price unavailable
CRITICAL:strat7:2022-12-07 19:44:03,555:13436: No my_buy_price unavailable
CRITICAL:strat7:2022-12-07 19:44:06,035:13436: No my_buy_price unavailable
CRITICAL:strat7:2022-12-07 19:44:26,576:13437: No my_buy_price unavailable
CRITICAL:strat7:2022-12-07 19:44:29,536:13437: No my_buy_price unavailable
CRITICAL:strat7:2022-12-07 19:45:51,689:13434: Yes my_avgbuy_price unavailable
CRITICAL:strat7:2022-12-07 19:45:54,661:13434: Yes my_avgbuy_price unavailable
CRITICAL:strat7:2022-12-07 19:46:15,268:13435: No my_buy_price unavailable
CRITICAL:strat7:2022-12-07 19:46:18,589:13435: No my_buy_price unavailable
CRITICAL:strat7:2022-12-07 19:46:41,477:13436: Yes my_avgbuy_price unavailable
CRITICAL:strat7:2022-12-07 19:46:45,404:13436: Yes my_avgbuy_price unavailable
CRITICAL:strat7:2022-12-07 19:47:06,726:13437: No my_buy_price unavailable
CRITICAL:strat7:2022-12-07 19:47:09,242:13437: No my_buy_price unavailable
CRITICAL:strat7:2022-12-07 19:48:30,872:13434: Yes my_avgbuy_price unavailable
CRITICAL:strat7:2022-12-07 19:48:34,047:13434: Yes my_avgbuy_price unavailable
CRITICAL:strat7:2022-12-07 19:48:53,616:13435: No my_buy_price unavailable
CRITICAL:strat7:2022-12-07 19:48:55,362:13435: No my_buy_price unavailable
CRITICAL:strat7:2022-12-07 19:49:18,430:13436: Yes my_avgbuy_price unavailable
CRITICAL:strat7:2022-12-07 19:49:24,689:13436: Yes my_avgbuy_price unavailable
CRITICAL:strat7:2022-12-07 19:49:45,541:13437: No my_buy_price unavailable
CRITICAL:strat7:2022-12-07 19:49:47,981:13437: No my_buy_price unavailable
CRITICAL:strat7:2022-12-07 19:51:09,089:13434: Yes my_avgbuy_price unavailable
CRITICAL:strat7:2022-12-07 19:51:12,162:13434: Yes my_avgbuy_price unavailable
CRITICAL:strat7:2022-12-07 19:51:34,863:13435: Yes my_avgbuy_price unavailable
CRITICAL:strat7:2022-12-07 19:51:37,355:13435: Yes my_avgbuy_price unavailable
CRITICAL:strat7:2022-12-07 19:52:22,329:13437: No my_buy_price unavailable
CRITICAL:strat7:2022-12-07 19:52:24,727:13437: No my_buy_price unavailable
CRITICAL:strat7:2022-12-07 19:53:46,502:13434: Yes my_avgbuy_price unavailable
CRITICAL:strat7:2022-12-07 19:53:49,512:13434: Yes my_avgbuy_price unavailable
CRITICAL:strat7:2022-12-07 19:54:41,494:13436: Yes my_avgbuy_price unavailable
CRITICAL:strat7:2022-12-07 19:54:46,092:13436: Yes my_avgbuy_price unavailable
CRITICAL:strat7:2022-12-07 19:55:07,404:13437: No my_buy_price unavailable
CRITICAL:strat7:2022-12-07 19:55:09,843:13437: No my_buy_price unavailable
CRITICAL:strat7:2022-12-07 19:56:30,885:13434: Yes my_avgbuy_price unavailable
CRITICAL:strat7:2022-12-07 19:56:33,991:13434: Yes my_avgbuy_price unavailable
CRITICAL:strat7:2022-12-07 19:57:18,476:13436: Yes my_avgbuy_price unavailable
CRITICAL:strat7:2022-12-07 19:57:22,404:13436: Yes my_avgbuy_price unavailable
CRITICAL:strat7:2022-12-07 19:57:44,240:13437: No my_buy_price unavailable
CRITICAL:strat7:2022-12-07 19:57:46,834:13437: No my_buy_price unavailable
CRITICAL:strat7:2022-12-07 19:59:07,850:13434: Yes my_avgbuy_price unavailable
CRITICAL:strat7:2022-12-07 19:59:10,886:13434: Yes my_avgbuy_price unavailable
CRITICAL:strat7:2022-12-07 19:59:59,294:13436: Yes my_avgbuy_price unavailable
CRITICAL:strat7:2022-12-07 20:00:03,536:13436: Yes my_avgbuy_price unavailable
CRITICAL:strat7:2022-12-07 20:08:55,951:13434: Yes my_avgbuy_price unavailable
CRITICAL:strat7:2022-12-07 20:08:58,978:13434: Yes my_avgbuy_price unavailable
CRITICAL:strat7:2022-12-07 20:11:46,159:13434: Yes my_avgbuy_price unavailable
CRITICAL:strat7:2022-12-07 20:11:48,593:13434: Yes my_avgbuy_price unavailable
CRITICAL:strat7:2022-12-07 20:14:21,391:13434: Yes my_avgbuy_price unavailable
CRITICAL:strat7:2022-12-07 20:14:23,887:13434: Yes my_avgbuy_price unavailable
CRITICAL:strat7:2022-12-07 20:17:02,343:13434: Yes my_avgbuy_price unavailable
CRITICAL:strat7:2022-12-07 20:17:05,031:13434: Yes my_avgbuy_price unavailable
CRITICAL:strat7:2022-12-07 20:17:58,859:13436: No my_buy_price unavailable
CRITICAL:strat7:2022-12-07 20:18:06,776:13436: No my_buy_price unavailable
CRITICAL:strat7:2022-12-07 20:19:48,680:13434: Yes my_avgbuy_price unavailable
CRITICAL:strat7:2022-12-07 20:19:51,167:13434: Yes my_avgbuy_price unavailable
CRITICAL:strat7:2022-12-07 20:22:23,939:13434: Yes my_avgbuy_price unavailable
CRITICAL:strat7:2022-12-07 20:22:26,438:13434: Yes my_avgbuy_price unavailable
CRITICAL:strat7:2022-12-07 20:22:47,983:13435: No my_buy_price unavailable
CRITICAL:strat7:2022-12-07 20:22:51,469:13435: No my_buy_price unavailable
CRITICAL:strat7:2022-12-07 20:24:59,706:13434: Yes my_avgbuy_price unavailable
CRITICAL:strat7:2022-12-07 20:25:02,324:13434: Yes my_avgbuy_price unavailable
CRITICAL:strat7:2022-12-07 20:25:22,309:13435: No my_buy_price unavailable
CRITICAL:strat7:2022-12-07 20:25:24,109:13435: No my_buy_price unavailable
CRITICAL:strat7:2022-12-07 20:27:25,188:13434: Yes my_avgbuy_price unavailable
CRITICAL:strat7:2022-12-07 20:27:27,766:13434: Yes my_avgbuy_price unavailable
CRITICAL:strat7:2022-12-07 20:27:49,525:13435: No my_buy_price unavailable
CRITICAL:strat7:2022-12-07 20:27:51,299:13435: No my_buy_price unavailable
CRITICAL:strat7:2022-12-07 20:29:56,105:13434: Yes my_avgbuy_price unavailable
CRITICAL:strat7:2022-12-07 20:29:58,579:13434: Yes my_avgbuy_price unavailable
CRITICAL:strat7:2022-12-07 20:32:29,884:13434: Yes my_avgbuy_price unavailable
CRITICAL:strat7:2022-12-07 20:32:32,792:13434: Yes my_avgbuy_price unavailable
CRITICAL:strat7:2022-12-07 20:51:33,354:13435: Yes my_avgbuy_price unavailable
CRITICAL:strat7:2022-12-07 20:51:36,549:13435: Yes my_avgbuy_price unavailable
CRITICAL:strat7:2022-12-07 20:53:57,300:13435: No my_buy_price unavailable
CRITICAL:strat7:2022-12-07 20:54:00,578:13435: No my_buy_price unavailable
CRITICAL:strat7:2022-12-07 20:56:27,413:13435: No my_buy_price unavailable
CRITICAL:strat7:2022-12-07 20:56:29,237:13435: No my_buy_price unavailable
CRITICAL:strat7:2022-12-07 20:58:51,736:13435: No my_buy_price unavailable
CRITICAL:strat7:2022-12-07 20:58:53,536:13435: No my_buy_price unavailable
CRITICAL:strat7:2022-12-07 20:59:15,379:13436: No my_buy_price unavailable
CRITICAL:strat7:2022-12-07 20:59:19,067:13436: No my_buy_price unavailable
CRITICAL:strat7:2022-12-07 21:01:24,366:13435: Yes my_avgbuy_price unavailable
CRITICAL:strat7:2022-12-07 21:01:26,913:13435: Yes my_avgbuy_price unavailable
CRITICAL:strat7:2022-12-07 21:01:51,857:13436: No my_buy_price unavailable
CRITICAL:strat7:2022-12-07 21:01:54,955:13436: No my_buy_price unavailable
CRITICAL:strat7:2022-12-07 21:03:57,984:13435: Yes my_avgbuy_price unavailable
CRITICAL:strat7:2022-12-07 21:04:01,168:13435: Yes my_avgbuy_price unavailable
CRITICAL:strat7:2022-12-07 21:06:25,913:13435: Yes my_avgbuy_price unavailable
CRITICAL:strat7:2022-12-07 21:06:29,114:13435: Yes my_avgbuy_price unavailable
CRITICAL:strat7:2022-12-07 21:08:54,810:13435: Yes my_avgbuy_price unavailable
CRITICAL:strat7:2022-12-07 21:08:58,001:13435: Yes my_avgbuy_price unavailable
CRITICAL:strat7:2022-12-07 21:11:28,081:13435: Yes my_avgbuy_price unavailable
CRITICAL:strat7:2022-12-07 21:11:31,532:13435: Yes my_avgbuy_price unavailable
CRITICAL:strat7:2022-12-07 21:13:56,184:13435: Yes my_avgbuy_price unavailable
CRITICAL:strat7:2022-12-07 21:13:59,392:13435: Yes my_avgbuy_price unavailable
CRITICAL:strat7:2022-12-07 21:16:19,846:13435: Yes my_avgbuy_price unavailable
CRITICAL:strat7:2022-12-07 21:16:23,007:13435: Yes my_avgbuy_price unavailable
CRITICAL:strat7:2022-12-07 21:18:43,506:13435: Yes my_avgbuy_price unavailable
CRITICAL:strat7:2022-12-07 21:18:46,718:13435: Yes my_avgbuy_price unavailable
CRITICAL:strat7:2022-12-07 21:21:06,059:13435: Yes my_avgbuy_price unavailable
CRITICAL:strat7:2022-12-07 21:21:09,242:13435: Yes my_avgbuy_price unavailable
CRITICAL:strat7:2022-12-07 21:23:43,840:13435: Yes my_avgbuy_price unavailable
CRITICAL:strat7:2022-12-07 21:23:47,075:13435: Yes my_avgbuy_price unavailable
CRITICAL:strat7:2022-12-07 21:26:18,217:13435: Yes my_avgbuy_price unavailable
CRITICAL:strat7:2022-12-07 21:26:21,846:13435: Yes my_avgbuy_price unavailable
CRITICAL:strat7:2022-12-07 21:28:53,048:13435: Yes my_avgbuy_price unavailable
CRITICAL:strat7:2022-12-07 21:28:56,159:13435: Yes my_avgbuy_price unavailable
CRITICAL:strat7:2022-12-07 21:31:27,076:13435: Yes my_avgbuy_price unavailable
CRITICAL:strat7:2022-12-07 21:31:30,285:13435: Yes my_avgbuy_price unavailable
CRITICAL:strat7:2022-12-07 21:33:53,301:13435: Yes my_avgbuy_price unavailable
CRITICAL:strat7:2022-12-07 21:33:56,400:13435: Yes my_avgbuy_price unavailable
CRITICAL:strat7:2022-12-07 21:36:23,878:13435: Yes my_avgbuy_price unavailable
CRITICAL:strat7:2022-12-07 21:36:27,053:13435: Yes my_avgbuy_price unavailable
CRITICAL:strat7:2022-12-07 21:38:51,620:13435: Yes my_avgbuy_price unavailable
CRITICAL:strat7:2022-12-07 21:38:54,864:13435: Yes my_avgbuy_price unavailable
CRITICAL:strat7:2022-12-07 21:39:16,791:13436: No my_buy_price unavailable
CRITICAL:strat7:2022-12-07 21:39:20,037:13436: No my_buy_price unavailable
CRITICAL:strat7:2022-12-07 21:41:24,394:13435: Yes my_avgbuy_price unavailable
CRITICAL:strat7:2022-12-07 21:41:27,615:13435: Yes my_avgbuy_price unavailable
CRITICAL:strat7:2022-12-07 21:41:49,812:13436: No my_buy_price unavailable
CRITICAL:strat7:2022-12-07 21:41:52,881:13436: No my_buy_price unavailable
CRITICAL:strat7:2022-12-07 21:43:59,260:13435: No my_buy_price unavailable
CRITICAL:strat7:2022-12-07 21:44:04,451:13435: No my_buy_price unavailable
CRITICAL:strat7:2022-12-07 21:44:27,851:13436: No my_buy_price unavailable
CRITICAL:strat7:2022-12-07 21:44:31,528:13436: No my_buy_price unavailable
CRITICAL:strat7:2022-12-07 21:47:06,770:13436: No my_buy_price unavailable
CRITICAL:strat7:2022-12-07 21:47:14,751:13436: No my_buy_price unavailable
CRITICAL:strat7:2022-12-07 21:47:42,802:13437: No my_buy_price unavailable
CRITICAL:strat7:2022-12-07 21:47:45,434:13437: No my_buy_price unavailable
CRITICAL:strat7:2022-12-07 21:49:52,969:13436: No my_buy_price unavailable
CRITICAL:strat7:2022-12-07 21:50:15,411:13437: No my_buy_price unavailable
CRITICAL:strat7:2022-12-07 21:50:17,810:13437: No my_buy_price unavailable
CRITICAL:strat7:2022-12-07 21:52:22,565:13436: No my_buy_price unavailable
CRITICAL:strat7:2022-12-07 21:52:43,104:13437: No my_buy_price unavailable
CRITICAL:strat7:2022-12-07 21:52:45,612:13437: No my_buy_price unavailable
CRITICAL:strat7:2022-12-07 21:54:54,908:13436: No my_buy_price unavailable
CRITICAL:strat7:2022-12-07 21:55:01,363:13436: No my_buy_price unavailable
CRITICAL:strat7:2022-12-07 21:55:22,704:13437: No my_buy_price unavailable
CRITICAL:strat7:2022-12-07 21:55:25,099:13437: No my_buy_price unavailable
CRITICAL:strat7:2022-12-07 21:57:04,911:13435: No my_buy_price unavailable
CRITICAL:strat7:2022-12-07 21:57:12,183:13435: No my_buy_price unavailable
CRITICAL:strat7:2022-12-07 21:58:05,555:13437: No my_buy_price unavailable
CRITICAL:strat7:2022-12-07 21:58:07,848:13437: No my_buy_price unavailable
CRITICAL:strat7:2022-12-07 21:59:47,640:13435: No my_buy_price unavailable
CRITICAL:strat7:2022-12-07 21:59:53,328:13435: No my_buy_price unavailable
CRITICAL:strat7:2022-12-07 22:00:39,810:13437: No my_buy_price unavailable
CRITICAL:strat7:2022-12-07 22:00:42,162:13437: No my_buy_price unavailable
CRITICAL:strat7:2022-12-07 22:03:08,486:13437: No my_buy_price unavailable
CRITICAL:strat7:2022-12-07 22:03:11,115:13437: No my_buy_price unavailable
CRITICAL:strat7:2022-12-07 22:08:19,561:13437: No my_buy_price unavailable
CRITICAL:strat7:2022-12-07 22:08:21,896:13437: No my_buy_price unavailable
CRITICAL:strat7:2022-12-07 22:10:48,713:13437: No my_buy_price unavailable
CRITICAL:strat7:2022-12-07 22:10:50,981:13437: No my_buy_price unavailable
CRITICAL:strat7:2022-12-07 22:13:25,793:13437: No my_buy_price unavailable
CRITICAL:strat7:2022-12-07 22:13:28,231:13437: No my_buy_price unavailable
CRITICAL:strat7:2022-12-07 22:15:31,979:13436: No my_buy_price unavailable
CRITICAL:strat7:2022-12-07 22:15:34,863:13436: No my_buy_price unavailable
CRITICAL:strat7:2022-12-07 22:15:55,635:13437: No my_buy_price unavailable
CRITICAL:strat7:2022-12-07 22:15:58,070:13437: No my_buy_price unavailable
CRITICAL:strat7:2022-12-07 22:18:00,144:13436: No my_buy_price unavailable
CRITICAL:strat7:2022-12-07 22:18:21,455:13437: No my_buy_price unavailable
CRITICAL:strat7:2022-12-07 22:18:23,959:13437: No my_buy_price unavailable
CRITICAL:strat7:2022-12-07 22:20:28,803:13436: No my_buy_price unavailable
CRITICAL:strat7:2022-12-07 22:20:49,410:13437: No my_buy_price unavailable
CRITICAL:strat7:2022-12-07 22:20:52,215:13437: No my_buy_price unavailable
CRITICAL:strat7:2022-12-07 22:22:34,124:13435: No my_buy_price unavailable
CRITICAL:strat7:2022-12-07 22:22:37,278:13435: No my_buy_price unavailable
CRITICAL:strat7:2022-12-07 22:22:58,407:13436: No my_buy_price unavailable
CRITICAL:strat7:2022-12-07 22:23:19,586:13437: No my_buy_price unavailable
CRITICAL:strat7:2022-12-07 22:23:21,946:13437: No my_buy_price unavailable
CRITICAL:strat7:2022-12-07 22:25:03,412:13435: No my_buy_price unavailable
CRITICAL:strat7:2022-12-07 22:25:05,152:13435: No my_buy_price unavailable
CRITICAL:strat7:2022-12-07 22:25:27,231:13436: No my_buy_price unavailable
CRITICAL:strat7:2022-12-07 22:25:53,736:13437: No my_buy_price unavailable
CRITICAL:strat7:2022-12-07 22:25:56,074:13437: No my_buy_price unavailable
CRITICAL:strat7:2022-12-07 22:27:39,378:13435: No my_buy_price unavailable
CRITICAL:strat7:2022-12-07 22:27:41,110:13435: No my_buy_price unavailable
CRITICAL:strat7:2022-12-07 22:28:30,796:13437: No my_buy_price unavailable
CRITICAL:strat7:2022-12-07 22:28:33,779:13437: No my_buy_price unavailable
CRITICAL:strat7:2022-12-07 22:30:15,670:13435: No my_buy_price unavailable
CRITICAL:strat7:2022-12-07 22:30:17,312:13435: No my_buy_price unavailable
CRITICAL:strat7:2022-12-07 22:31:07,511:13437: No my_buy_price unavailable
CRITICAL:strat7:2022-12-07 22:31:09,979:13437: No my_buy_price unavailable
CRITICAL:strat7:2022-12-07 22:32:53,962:13435: Yes my_avgbuy_price unavailable
CRITICAL:strat7:2022-12-07 22:32:56,301:13435: Yes my_avgbuy_price unavailable
CRITICAL:strat7:2022-12-07 22:33:42,426:13437: Yes my_avgbuy_price unavailable
CRITICAL:strat7:2022-12-07 22:33:45,646:13437: Yes my_avgbuy_price unavailable
CRITICAL:strat7:2022-12-07 22:35:27,152:13435: Yes my_avgbuy_price unavailable
CRITICAL:strat7:2022-12-07 22:35:29,427:13435: Yes my_avgbuy_price unavailable
CRITICAL:strat7:2022-12-07 22:35:51,705:13436: No my_buy_price unavailable
CRITICAL:strat7:2022-12-07 22:36:12,003:13437: Yes my_avgbuy_price unavailable
CRITICAL:strat7:2022-12-07 22:36:13,783:13437: Yes my_avgbuy_price unavailable
CRITICAL:strat7:2022-12-07 22:37:56,088:13435: Yes my_avgbuy_price unavailable
CRITICAL:strat7:2022-12-07 22:37:58,450:13435: Yes my_avgbuy_price unavailable
CRITICAL:strat7:2022-12-07 22:38:23,611:13436: No my_buy_price unavailable
CRITICAL:strat7:2022-12-07 22:38:43,967:13437: Yes my_avgbuy_price unavailable
CRITICAL:strat7:2022-12-07 22:38:45,764:13437: Yes my_avgbuy_price unavailable
CRITICAL:strat7:2022-12-07 22:40:26,630:13435: Yes my_avgbuy_price unavailable
CRITICAL:strat7:2022-12-07 22:40:28,957:13435: Yes my_avgbuy_price unavailable
CRITICAL:strat7:2022-12-07 22:40:49,267:13436: No my_buy_price unavailable
CRITICAL:strat7:2022-12-07 22:41:09,392:13437: Yes my_avgbuy_price unavailable
CRITICAL:strat7:2022-12-07 22:41:11,068:13437: Yes my_avgbuy_price unavailable
CRITICAL:strat7:2022-12-07 22:42:53,187:13435: Yes my_avgbuy_price unavailable
CRITICAL:strat7:2022-12-07 22:42:55,509:13435: Yes my_avgbuy_price unavailable
CRITICAL:strat7:2022-12-07 22:43:16,351:13436: No my_buy_price unavailable
CRITICAL:strat7:2022-12-07 22:43:36,519:13437: Yes my_avgbuy_price unavailable
CRITICAL:strat7:2022-12-07 22:43:38,618:13437: Yes my_avgbuy_price unavailable
CRITICAL:strat7:2022-12-07 22:45:19,765:13435: Yes my_avgbuy_price unavailable
CRITICAL:strat7:2022-12-07 22:45:22,090:13435: Yes my_avgbuy_price unavailable
CRITICAL:strat7:2022-12-07 22:45:43,448:13436: No my_buy_price unavailable
CRITICAL:strat7:2022-12-07 22:46:03,109:13437: Yes my_avgbuy_price unavailable
CRITICAL:strat7:2022-12-07 22:46:04,868:13437: Yes my_avgbuy_price unavailable
CRITICAL:strat7:2022-12-07 22:47:45,960:13435: Yes my_avgbuy_price unavailable
CRITICAL:strat7:2022-12-07 22:47:48,285:13435: Yes my_avgbuy_price unavailable
CRITICAL:strat7:2022-12-07 22:48:20,078:13437: Yes my_avgbuy_price unavailable
CRITICAL:strat7:2022-12-07 22:48:21,769:13437: Yes my_avgbuy_price unavailable
CRITICAL:strat7:2022-12-07 22:50:08,719:13435: Yes my_avgbuy_price unavailable
CRITICAL:strat7:2022-12-07 22:50:11,563:13435: Yes my_avgbuy_price unavailable
CRITICAL:strat7:2022-12-07 22:50:33,608:13436: No my_buy_price unavailable
CRITICAL:strat7:2022-12-07 22:50:53,582:13437: Yes my_avgbuy_price unavailable
CRITICAL:strat7:2022-12-07 22:50:55,260:13437: Yes my_avgbuy_price unavailable
CRITICAL:strat7:2022-12-07 22:52:35,886:13435: Yes my_avgbuy_price unavailable
CRITICAL:strat7:2022-12-07 22:52:38,300:13435: Yes my_avgbuy_price unavailable
CRITICAL:strat7:2022-12-07 22:53:04,096:13436: No my_buy_price unavailable
CRITICAL:strat7:2022-12-07 22:53:06,503:13436: No my_buy_price unavailable
CRITICAL:strat7:2022-12-07 22:53:26,603:13437: Yes my_avgbuy_price unavailable
CRITICAL:strat7:2022-12-07 22:53:28,650:13437: Yes my_avgbuy_price unavailable
CRITICAL:strat7:2022-12-07 22:55:08,797:13435: Yes my_avgbuy_price unavailable
CRITICAL:strat7:2022-12-07 22:55:11,192:13435: Yes my_avgbuy_price unavailable
CRITICAL:strat7:2022-12-07 22:55:33,098:13436: No my_buy_price unavailable
CRITICAL:strat7:2022-12-07 22:55:35,958:13436: No my_buy_price unavailable
CRITICAL:strat7:2022-12-07 22:55:55,447:13437: Yes my_avgbuy_price unavailable
CRITICAL:strat7:2022-12-07 22:55:57,192:13437: Yes my_avgbuy_price unavailable
CRITICAL:strat7:2022-12-07 22:57:36,763:13435: No my_buy_price unavailable
CRITICAL:strat7:2022-12-07 22:57:39,930:13435: No my_buy_price unavailable
CRITICAL:strat7:2022-12-07 22:58:01,756:13436: No my_buy_price unavailable
CRITICAL:strat7:2022-12-07 22:58:22,048:13437: Yes my_avgbuy_price unavailable
CRITICAL:strat7:2022-12-07 22:58:23,804:13437: Yes my_avgbuy_price unavailable
CRITICAL:strat7:2022-12-07 23:00:05,395:13435: No my_buy_price unavailable
CRITICAL:strat7:2022-12-07 23:00:07,124:13435: No my_buy_price unavailable
CRITICAL:strat7:2022-12-07 23:01:04,982:13437: Yes my_avgbuy_price unavailable
CRITICAL:strat7:2022-12-07 23:01:06,716:13437: Yes my_avgbuy_price unavailable
