INFO:strat7:2022-12-18 17:02:07,739:14163: Initialising event
CRITICAL:strat7:2022-12-18 17:02:31,524:14163: Yes my_avgbuy_price unavailable
WARNING:strat7:2022-12-18 17:02:33,947:14163: last_values_dict empty
INFO:strat7:2022-12-18 17:02:40,155:14164: Initialising event
CRITICAL:strat7:2022-12-18 17:03:04,314:14164: Yes my_avgbuy_price unavailable
WARNING:strat7:2022-12-18 17:03:06,776:14164: last_values_dict empty
INFO:strat7:2022-12-18 17:03:13,075:14165: Initialising event
CRITICAL:strat7:2022-12-18 17:03:34,689:14165: Yes my_avgbuy_price unavailable
WARNING:strat7:2022-12-18 17:03:37,203:14165: last_values_dict empty
INFO:strat7:2022-12-18 17:03:43,249:14166: Initialising event
CRITICAL:strat7:2022-12-18 17:04:13,191:14166: Yes my_avgbuy_price unavailable
WARNING:strat7:2022-12-18 17:04:15,762:14166: last_values_dict empty
INFO:strat7:2022-12-18 17:04:21,879:14167: Initialising event
CRITICAL:strat7:2022-12-18 17:04:44,426:14167: Yes my_avgbuy_price unavailable
WARNING:strat7:2022-12-18 17:04:46,814:14167: last_values_dict empty
INFO:strat7:2022-12-18 17:04:52,984:14168: Initialising event
CRITICAL:strat7:2022-12-18 17:05:16,393:14168: No my_buy_price unavailable
WARNING:strat7:2022-12-18 17:05:18,858:14168: last_values_dict empty
INFO:strat7:2022-12-18 17:05:24,916:14169: Initialising event
CRITICAL:strat7:2022-12-18 17:05:48,573:14169: No my_buy_price unavailable
WARNING:strat7:2022-12-18 17:05:50,985:14169: last_values_dict empty
INFO:strat7:2022-12-18 17:05:57,033:14170: Initialising event
CRITICAL:strat7:2022-12-18 17:06:22,116:14170: No my_buy_price unavailable
WARNING:strat7:2022-12-18 17:06:24,582:14170: last_values_dict empty
CRITICAL:strat7:2022-12-18 17:07:23,339:14164: Yes my_avgbuy_price unavailable
CRITICAL:strat7:2022-12-18 17:07:27,488:14164: Yes my_avgbuy_price unavailable
CRITICAL:strat7:2022-12-18 17:07:53,507:14165: Yes my_avgbuy_price unavailable
CRITICAL:strat7:2022-12-18 17:07:57,893:14165: Yes my_avgbuy_price unavailable
CRITICAL:strat7:2022-12-18 17:08:25,957:14166: Yes my_avgbuy_price unavailable
CRITICAL:strat7:2022-12-18 17:08:30,187:14166: Yes my_avgbuy_price unavailable
CRITICAL:strat7:2022-12-18 17:08:59,823:14167: No my_buy_price unavailable
CRITICAL:strat7:2022-12-18 17:09:03,256:14167: No my_buy_price unavailable
CRITICAL:strat7:2022-12-18 17:09:34,308:14168: No my_buy_price unavailable
CRITICAL:strat7:2022-12-18 17:09:38,417:14168: No my_buy_price unavailable
CRITICAL:strat7:2022-12-18 17:10:10,352:14169: No my_buy_price unavailable
CRITICAL:strat7:2022-12-18 17:10:14,788:14169: No my_buy_price unavailable
CRITICAL:strat7:2022-12-18 17:10:42,182:14170: No my_buy_price unavailable
CRITICAL:strat7:2022-12-18 17:10:46,303:14170: No my_buy_price unavailable
CRITICAL:strat7:2022-12-18 17:12:43,921:14164: Yes my_avgbuy_price unavailable
CRITICAL:strat7:2022-12-18 17:12:49,454:14164: Yes my_avgbuy_price unavailable
CRITICAL:strat7:2022-12-18 17:13:17,722:14165: Yes my_avgbuy_price unavailable
CRITICAL:strat7:2022-12-18 17:13:21,019:14165: Yes my_avgbuy_price unavailable
INFO:strat7:2022-12-18 17:15:56,514:14163: Initialising event
WARNING:strat7:2022-12-18 17:16:17,245:14163: last_values_dict empty
INFO:strat7:2022-12-18 17:16:23,130:14164: Initialising event
CRITICAL:strat7:2022-12-18 17:16:49,329:14164: Yes my_avgbuy_price unavailable
WARNING:strat7:2022-12-18 17:16:51,800:14164: last_values_dict empty
INFO:strat7:2022-12-18 17:16:57,632:14165: Initialising event
CRITICAL:strat7:2022-12-18 17:17:23,919:14165: Yes my_avgbuy_price unavailable
WARNING:strat7:2022-12-18 17:17:26,399:14165: last_values_dict empty
INFO:strat7:2022-12-18 17:17:32,235:14166: Initialising event
CRITICAL:strat7:2022-12-18 17:17:58,423:14166: Yes my_avgbuy_price unavailable
WARNING:strat7:2022-12-18 17:18:00,804:14166: last_values_dict empty
INFO:strat7:2022-12-18 17:18:06,747:14167: Initialising event
CRITICAL:strat7:2022-12-18 17:18:31,909:14167: No my_buy_price unavailable
WARNING:strat7:2022-12-18 17:18:34,984:14167: last_values_dict empty
INFO:strat7:2022-12-18 17:18:40,834:14168: Initialising event
CRITICAL:strat7:2022-12-18 17:19:05,986:14168: No my_buy_price unavailable
WARNING:strat7:2022-12-18 17:19:09,502:14168: last_values_dict empty
INFO:strat7:2022-12-18 17:19:15,323:14169: Initialising event
CRITICAL:strat7:2022-12-18 17:19:41,749:14169: No my_buy_price unavailable
WARNING:strat7:2022-12-18 17:19:44,183:14169: last_values_dict empty
INFO:strat7:2022-12-18 17:19:49,996:14170: Initialising event
CRITICAL:strat7:2022-12-18 17:20:15,639:14170: No my_buy_price unavailable
WARNING:strat7:2022-12-18 17:20:18,100:14170: last_values_dict empty
CRITICAL:strat7:2022-12-18 17:21:19,994:14164: Yes my_avgbuy_price unavailable
CRITICAL:strat7:2022-12-18 17:21:23,194:14164: Yes my_avgbuy_price unavailable
CRITICAL:strat7:2022-12-18 17:21:55,546:14165: Yes my_avgbuy_price unavailable
CRITICAL:strat7:2022-12-18 17:21:58,789:14165: Yes my_avgbuy_price unavailable
CRITICAL:strat7:2022-12-18 17:22:29,443:14166: Yes my_avgbuy_price unavailable
CRITICAL:strat7:2022-12-18 17:22:32,632:14166: Yes my_avgbuy_price unavailable
CRITICAL:strat7:2022-12-18 17:23:02,757:14167: No my_buy_price unavailable
CRITICAL:strat7:2022-12-18 17:23:06,567:14167: No my_buy_price unavailable
CRITICAL:strat7:2022-12-18 17:23:39,099:14168: No my_buy_price unavailable
CRITICAL:strat7:2022-12-18 17:23:42,321:14168: No my_buy_price unavailable
CRITICAL:strat7:2022-12-18 17:24:13,047:14169: No my_buy_price unavailable
CRITICAL:strat7:2022-12-18 17:24:16,257:14169: No my_buy_price unavailable
CRITICAL:strat7:2022-12-18 17:26:56,236:14164: Yes my_avgbuy_price unavailable
CRITICAL:strat7:2022-12-18 17:26:59,619:14164: Yes my_avgbuy_price unavailable
CRITICAL:strat7:2022-12-18 17:27:35,294:14165: Yes my_avgbuy_price unavailable
CRITICAL:strat7:2022-12-18 17:27:38,864:14165: Yes my_avgbuy_price unavailable
INFO:strat7:2022-12-18 17:28:34,747:14163: Initialising event
WARNING:strat7:2022-12-18 17:29:42,126:14163: last_values_dict empty
INFO:strat7:2022-12-18 17:29:47,952:14164: Initialising event
CRITICAL:strat7:2022-12-18 17:30:14,385:14164: Yes my_avgbuy_price unavailable
CRITICAL:strat7:2022-12-18 17:30:15,985:14164: Yes my_avgbuy_price unavailable
WARNING:strat7:2022-12-18 17:30:16,772:14164: last_values_dict empty
INFO:strat7:2022-12-18 17:30:22,584:14165: Initialising event
CRITICAL:strat7:2022-12-18 17:30:47,988:14165: Yes my_avgbuy_price unavailable
CRITICAL:strat7:2022-12-18 17:30:49,613:14165: Yes my_avgbuy_price unavailable
WARNING:strat7:2022-12-18 17:30:50,422:14165: last_values_dict empty
INFO:strat7:2022-12-18 17:30:56,270:14166: Initialising event
CRITICAL:strat7:2022-12-18 17:31:22,879:14166: Yes my_avgbuy_price unavailable
CRITICAL:strat7:2022-12-18 17:31:24,572:14166: Yes my_avgbuy_price unavailable
WARNING:strat7:2022-12-18 17:31:25,407:14166: last_values_dict empty
INFO:strat7:2022-12-18 17:31:31,293:14167: Initialising event
CRITICAL:strat7:2022-12-18 17:31:57,955:14167: No my_buy_price unavailable
CRITICAL:strat7:2022-12-18 17:31:59,555:14167: No my_buy_price unavailable
WARNING:strat7:2022-12-18 17:32:00,389:14167: last_values_dict empty
INFO:strat7:2022-12-18 17:32:06,247:14168: Initialising event
CRITICAL:strat7:2022-12-18 17:32:33,933:14168: No my_buy_price unavailable
CRITICAL:strat7:2022-12-18 17:32:35,586:14168: No my_buy_price unavailable
WARNING:strat7:2022-12-18 17:32:36,387:14168: last_values_dict empty
INFO:strat7:2022-12-18 17:32:42,355:14169: Initialising event
CRITICAL:strat7:2022-12-18 17:33:12,286:14169: No my_buy_price unavailable
CRITICAL:strat7:2022-12-18 17:33:14,403:14169: No my_buy_price unavailable
WARNING:strat7:2022-12-18 17:33:15,504:14169: last_values_dict empty
INFO:strat7:2022-12-18 17:33:21,538:14170: Initialising event
INFO:strat7:2022-12-18 17:33:55,442:14163: Initialising event
WARNING:strat7:2022-12-18 17:34:49,120:14163: last_values_dict empty
INFO:strat7:2022-12-18 17:34:54,974:14164: Initialising event
CRITICAL:strat7:2022-12-18 17:35:18,831:14164: Yes my_avgbuy_price unavailable
CRITICAL:strat7:2022-12-18 17:35:20,717:14164: Yes my_avgbuy_price unavailable
WARNING:strat7:2022-12-18 17:35:21,823:14164: last_values_dict empty
INFO:strat7:2022-12-18 17:35:27,641:14165: Initialising event
CRITICAL:strat7:2022-12-18 17:35:54,967:14165: Yes my_avgbuy_price unavailable
CRITICAL:strat7:2022-12-18 17:35:56,915:14165: Yes my_avgbuy_price unavailable
WARNING:strat7:2022-12-18 17:35:58,036:14165: last_values_dict empty
INFO:strat7:2022-12-18 17:36:03,860:14166: Initialising event
CRITICAL:strat7:2022-12-18 17:36:30,315:14166: Yes my_avgbuy_price unavailable
CRITICAL:strat7:2022-12-18 17:36:32,256:14166: Yes my_avgbuy_price unavailable
WARNING:strat7:2022-12-18 17:36:33,438:14166: last_values_dict empty
INFO:strat7:2022-12-18 17:36:39,284:14167: Initialising event
CRITICAL:strat7:2022-12-18 17:37:02,516:14167: No my_buy_price unavailable
CRITICAL:strat7:2022-12-18 17:37:04,460:14167: No my_buy_price unavailable
WARNING:strat7:2022-12-18 17:37:05,591:14167: last_values_dict empty
INFO:strat7:2022-12-18 17:37:11,416:14168: Initialising event
CRITICAL:strat7:2022-12-18 17:37:37,999:14168: No my_buy_price unavailable
CRITICAL:strat7:2022-12-18 17:37:40,019:14168: No my_buy_price unavailable
WARNING:strat7:2022-12-18 17:37:41,162:14168: last_values_dict empty
INFO:strat7:2022-12-18 17:37:47,056:14169: Initialising event
CRITICAL:strat7:2022-12-18 17:38:13,378:14169: No my_buy_price unavailable
CRITICAL:strat7:2022-12-18 17:38:15,291:14169: No my_buy_price unavailable
WARNING:strat7:2022-12-18 17:38:16,505:14169: last_values_dict empty
INFO:strat7:2022-12-18 17:38:22,363:14170: Initialising event
WARNING:strat7:2022-12-18 17:38:50,364:14170: last_values_dict empty
CRITICAL:strat7:2022-12-18 17:39:46,093:14164: Yes my_avgbuy_price unavailable
CRITICAL:strat7:2022-12-18 17:39:47,996:14164: Yes my_avgbuy_price unavailable
CRITICAL:strat7:2022-12-18 17:39:50,232:14164: Yes my_avgbuy_price unavailable
CRITICAL:strat7:2022-12-18 17:39:52,722:14164: Yes my_avgbuy_price unavailable
CRITICAL:strat7:2022-12-18 17:40:22,897:14165: Yes my_avgbuy_price unavailable
CRITICAL:strat7:2022-12-18 17:40:24,804:14165: Yes my_avgbuy_price unavailable
CRITICAL:strat7:2022-12-18 17:40:31,790:14165: Yes my_avgbuy_price unavailable
CRITICAL:strat7:2022-12-18 17:40:33,711:14165: Yes my_avgbuy_price unavailable
CRITICAL:strat7:2022-12-18 17:41:03,225:14166: Yes my_avgbuy_price unavailable
CRITICAL:strat7:2022-12-18 17:41:05,161:14166: Yes my_avgbuy_price unavailable
CRITICAL:strat7:2022-12-18 17:41:12,563:14166: Yes my_avgbuy_price unavailable
CRITICAL:strat7:2022-12-18 17:41:14,532:14166: Yes my_avgbuy_price unavailable
CRITICAL:strat7:2022-12-18 17:41:39,176:14167: Yes my_avgbuy_price unavailable
CRITICAL:strat7:2022-12-18 17:41:41,051:14167: Yes my_avgbuy_price unavailable
CRITICAL:strat7:2022-12-18 17:41:43,250:14167: Yes my_avgbuy_price unavailable
CRITICAL:strat7:2022-12-18 17:41:45,223:14167: Yes my_avgbuy_price unavailable
CRITICAL:strat7:2022-12-18 17:42:14,682:14168: No my_buy_price unavailable
CRITICAL:strat7:2022-12-18 17:42:16,611:14168: No my_buy_price unavailable
CRITICAL:strat7:2022-12-18 17:42:55,347:14169: No my_buy_price unavailable
CRITICAL:strat7:2022-12-18 17:42:57,280:14169: No my_buy_price unavailable
CRITICAL:strat7:2022-12-18 17:43:04,420:14169: No my_buy_price unavailable
CRITICAL:strat7:2022-12-18 17:43:06,315:14169: No my_buy_price unavailable
CRITICAL:strat7:2022-12-18 17:43:44,090:14170: No my_buy_price unavailable
CRITICAL:strat7:2022-12-18 17:43:46,125:14170: No my_buy_price unavailable
CRITICAL:strat7:2022-12-18 17:45:50,114:14164: Yes my_avgbuy_price unavailable
CRITICAL:strat7:2022-12-18 17:45:52,067:14164: Yes my_avgbuy_price unavailable
CRITICAL:strat7:2022-12-18 17:45:59,343:14164: Yes my_avgbuy_price unavailable
CRITICAL:strat7:2022-12-18 17:46:01,459:14164: Yes my_avgbuy_price unavailable
CRITICAL:strat7:2022-12-18 17:46:31,673:14165: Yes my_avgbuy_price unavailable
CRITICAL:strat7:2022-12-18 17:46:33,579:14165: Yes my_avgbuy_price unavailable
CRITICAL:strat7:2022-12-18 17:46:40,450:14165: Yes my_avgbuy_price unavailable
CRITICAL:strat7:2022-12-18 17:46:42,420:14165: Yes my_avgbuy_price unavailable
CRITICAL:strat7:2022-12-18 17:47:12,468:14166: Yes my_avgbuy_price unavailable
CRITICAL:strat7:2022-12-18 17:47:14,470:14166: Yes my_avgbuy_price unavailable
CRITICAL:strat7:2022-12-18 17:47:21,511:14166: Yes my_avgbuy_price unavailable
CRITICAL:strat7:2022-12-18 17:47:23,528:14166: Yes my_avgbuy_price unavailable
CRITICAL:strat7:2022-12-18 17:47:51,281:14167: Yes my_avgbuy_price unavailable
CRITICAL:strat7:2022-12-18 17:47:53,127:14167: Yes my_avgbuy_price unavailable
CRITICAL:strat7:2022-12-18 17:47:55,443:14167: Yes my_avgbuy_price unavailable
CRITICAL:strat7:2022-12-18 17:47:57,385:14167: Yes my_avgbuy_price unavailable
CRITICAL:strat7:2022-12-18 17:49:09,747:14169: No my_buy_price unavailable
CRITICAL:strat7:2022-12-18 17:49:12,101:14169: No my_buy_price unavailable
CRITICAL:strat7:2022-12-18 17:49:19,252:14169: No my_buy_price unavailable
CRITICAL:strat7:2022-12-18 17:49:21,376:14169: No my_buy_price unavailable
CRITICAL:strat7:2022-12-18 17:49:51,443:14170: No my_buy_price unavailable
CRITICAL:strat7:2022-12-18 17:49:53,303:14170: No my_buy_price unavailable
CRITICAL:strat7:2022-12-18 17:50:00,149:14170: No my_buy_price unavailable
CRITICAL:strat7:2022-12-18 17:50:02,263:14170: No my_buy_price unavailable
CRITICAL:strat7:2022-12-18 17:52:08,450:14164: Yes my_avgbuy_price unavailable
CRITICAL:strat7:2022-12-18 17:52:10,898:14164: Yes my_avgbuy_price unavailable
CRITICAL:strat7:2022-12-18 17:52:19,004:14164: Yes my_avgbuy_price unavailable
CRITICAL:strat7:2022-12-18 17:52:21,411:14164: Yes my_avgbuy_price unavailable
CRITICAL:strat7:2022-12-18 17:52:56,749:14165: Yes my_avgbuy_price unavailable
CRITICAL:strat7:2022-12-18 17:52:58,905:14165: Yes my_avgbuy_price unavailable
CRITICAL:strat7:2022-12-18 17:53:07,094:14165: Yes my_avgbuy_price unavailable
CRITICAL:strat7:2022-12-18 17:53:09,591:14165: Yes my_avgbuy_price unavailable
CRITICAL:strat7:2022-12-18 17:53:44,162:14166: Yes my_avgbuy_price unavailable
CRITICAL:strat7:2022-12-18 17:53:46,661:14166: Yes my_avgbuy_price unavailable
CRITICAL:strat7:2022-12-18 17:53:54,520:14166: Yes my_avgbuy_price unavailable
CRITICAL:strat7:2022-12-18 17:53:56,774:14166: Yes my_avgbuy_price unavailable
CRITICAL:strat7:2022-12-18 17:54:24,455:14167: No my_buy_price unavailable
CRITICAL:strat7:2022-12-18 17:54:27,106:14167: No my_buy_price unavailable
CRITICAL:strat7:2022-12-18 17:54:35,506:14167: No my_buy_price unavailable
CRITICAL:strat7:2022-12-18 17:54:37,784:14167: No my_buy_price unavailable
CRITICAL:strat7:2022-12-18 17:55:59,793:14169: No my_buy_price unavailable
CRITICAL:strat7:2022-12-18 17:56:01,934:14169: No my_buy_price unavailable
CRITICAL:strat7:2022-12-18 17:56:10,442:14169: No my_buy_price unavailable
CRITICAL:strat7:2022-12-18 17:56:13,014:14169: No my_buy_price unavailable
CRITICAL:strat7:2022-12-18 17:59:09,703:14164: Yes my_avgbuy_price unavailable
CRITICAL:strat7:2022-12-18 17:59:12,166:14164: Yes my_avgbuy_price unavailable
CRITICAL:strat7:2022-12-18 17:59:20,080:14164: Yes my_avgbuy_price unavailable
CRITICAL:strat7:2022-12-18 17:59:22,221:14164: Yes my_avgbuy_price unavailable
CRITICAL:strat7:2022-12-18 17:59:57,617:14165: Yes my_avgbuy_price unavailable
CRITICAL:strat7:2022-12-18 18:00:00,432:14165: Yes my_avgbuy_price unavailable
CRITICAL:strat7:2022-12-18 18:00:08,533:14165: Yes my_avgbuy_price unavailable
CRITICAL:strat7:2022-12-18 18:00:10,644:14165: Yes my_avgbuy_price unavailable
CRITICAL:strat7:2022-12-18 18:00:42,897:14166: Yes my_avgbuy_price unavailable
CRITICAL:strat7:2022-12-18 18:00:45,009:14166: Yes my_avgbuy_price unavailable
CRITICAL:strat7:2022-12-18 18:00:52,336:14166: Yes my_avgbuy_price unavailable
CRITICAL:strat7:2022-12-18 18:00:55,054:14166: Yes my_avgbuy_price unavailable
CRITICAL:strat7:2022-12-18 18:01:28,029:14167: No my_buy_price unavailable
CRITICAL:strat7:2022-12-18 18:01:30,647:14167: No my_buy_price unavailable
CRITICAL:strat7:2022-12-18 18:01:37,811:14167: No my_buy_price unavailable
CRITICAL:strat7:2022-12-18 18:01:41,387:14167: No my_buy_price unavailable
CRITICAL:strat7:2022-12-18 18:03:00,320:14169: No my_buy_price unavailable
CRITICAL:strat7:2022-12-18 18:03:02,851:14169: No my_buy_price unavailable
CRITICAL:strat7:2022-12-18 18:03:09,801:14169: No my_buy_price unavailable
CRITICAL:strat7:2022-12-18 18:03:11,885:14169: No my_buy_price unavailable
CRITICAL:strat7:2022-12-18 18:06:01,133:14164: Yes my_avgbuy_price unavailable
CRITICAL:strat7:2022-12-18 18:06:03,731:14164: Yes my_avgbuy_price unavailable
CRITICAL:strat7:2022-12-18 18:06:11,091:14164: Yes my_avgbuy_price unavailable
CRITICAL:strat7:2022-12-18 18:06:13,098:14164: Yes my_avgbuy_price unavailable
CRITICAL:strat7:2022-12-18 18:06:43,262:14165: Yes my_avgbuy_price unavailable
CRITICAL:strat7:2022-12-18 18:06:45,363:14165: Yes my_avgbuy_price unavailable
CRITICAL:strat7:2022-12-18 18:06:52,651:14165: Yes my_avgbuy_price unavailable
CRITICAL:strat7:2022-12-18 18:06:54,690:14165: Yes my_avgbuy_price unavailable
CRITICAL:strat7:2022-12-18 18:07:25,878:14166: Yes my_avgbuy_price unavailable
CRITICAL:strat7:2022-12-18 18:07:28,012:14166: Yes my_avgbuy_price unavailable
CRITICAL:strat7:2022-12-18 18:07:35,114:14166: Yes my_avgbuy_price unavailable
CRITICAL:strat7:2022-12-18 18:07:37,185:14166: Yes my_avgbuy_price unavailable
CRITICAL:strat7:2022-12-18 18:08:10,424:14167: No my_buy_price unavailable
CRITICAL:strat7:2022-12-18 18:08:12,578:14167: No my_buy_price unavailable
CRITICAL:strat7:2022-12-18 18:08:19,730:14167: No my_buy_price unavailable
CRITICAL:strat7:2022-12-18 18:08:21,769:14167: No my_buy_price unavailable
CRITICAL:strat7:2022-12-18 18:09:33,733:14169: No my_buy_price unavailable
CRITICAL:strat7:2022-12-18 18:09:35,952:14169: No my_buy_price unavailable
CRITICAL:strat7:2022-12-18 18:09:45,461:14169: No my_buy_price unavailable
CRITICAL:strat7:2022-12-18 18:09:49,079:14169: No my_buy_price unavailable
CRITICAL:strat7:2022-12-18 18:12:39,172:14164: Yes my_avgbuy_price unavailable
CRITICAL:strat7:2022-12-18 18:12:41,578:14164: Yes my_avgbuy_price unavailable
CRITICAL:strat7:2022-12-18 18:12:46,009:14164: Yes my_avgbuy_price unavailable
CRITICAL:strat7:2022-12-18 18:12:48,173:14164: Yes my_avgbuy_price unavailable
CRITICAL:strat7:2022-12-18 18:13:27,183:14165: Yes my_avgbuy_price unavailable
CRITICAL:strat7:2022-12-18 18:13:29,714:14165: Yes my_avgbuy_price unavailable
CRITICAL:strat7:2022-12-18 18:13:37,586:14165: Yes my_avgbuy_price unavailable
CRITICAL:strat7:2022-12-18 18:13:40,440:14165: Yes my_avgbuy_price unavailable
CRITICAL:strat7:2022-12-18 18:14:19,271:14166: Yes my_avgbuy_price unavailable
CRITICAL:strat7:2022-12-18 18:14:21,389:14166: Yes my_avgbuy_price unavailable
CRITICAL:strat7:2022-12-18 18:14:29,162:14166: Yes my_avgbuy_price unavailable
CRITICAL:strat7:2022-12-18 18:14:31,464:14166: Yes my_avgbuy_price unavailable
CRITICAL:strat7:2022-12-18 18:15:07,883:14167: No my_buy_price unavailable
CRITICAL:strat7:2022-12-18 18:15:10,206:14167: No my_buy_price unavailable
CRITICAL:strat7:2022-12-18 18:15:14,642:14167: No my_buy_price unavailable
CRITICAL:strat7:2022-12-18 18:15:16,915:14167: No my_buy_price unavailable
CRITICAL:strat7:2022-12-18 18:16:34,573:14169: No my_buy_price unavailable
CRITICAL:strat7:2022-12-18 18:16:37,037:14169: No my_buy_price unavailable
CRITICAL:strat7:2022-12-18 18:16:44,799:14169: No my_buy_price unavailable
CRITICAL:strat7:2022-12-18 18:16:46,860:14169: No my_buy_price unavailable
CRITICAL:strat7:2022-12-18 18:17:24,972:14170: No my_buy_price unavailable
CRITICAL:strat7:2022-12-18 18:17:27,541:14170: No my_buy_price unavailable
CRITICAL:strat7:2022-12-18 18:19:33,882:14164: Yes my_avgbuy_price unavailable
CRITICAL:strat7:2022-12-18 18:19:35,873:14164: Yes my_avgbuy_price unavailable
CRITICAL:strat7:2022-12-18 18:19:38,067:14164: Yes my_avgbuy_price unavailable
CRITICAL:strat7:2022-12-18 18:19:40,050:14164: Yes my_avgbuy_price unavailable
CRITICAL:strat7:2022-12-18 18:20:12,226:14165: Yes my_avgbuy_price unavailable
CRITICAL:strat7:2022-12-18 18:20:14,422:14165: Yes my_avgbuy_price unavailable
CRITICAL:strat7:2022-12-18 18:20:21,427:14165: Yes my_avgbuy_price unavailable
CRITICAL:strat7:2022-12-18 18:20:23,357:14165: Yes my_avgbuy_price unavailable
CRITICAL:strat7:2022-12-18 18:20:53,513:14166: Yes my_avgbuy_price unavailable
CRITICAL:strat7:2022-12-18 18:20:55,551:14166: Yes my_avgbuy_price unavailable
CRITICAL:strat7:2022-12-18 18:21:03,201:14166: Yes my_avgbuy_price unavailable
CRITICAL:strat7:2022-12-18 18:21:05,617:14166: Yes my_avgbuy_price unavailable
CRITICAL:strat7:2022-12-18 18:21:33,841:14167: Yes my_avgbuy_price unavailable
CRITICAL:strat7:2022-12-18 18:21:36,057:14167: Yes my_avgbuy_price unavailable
CRITICAL:strat7:2022-12-18 18:21:38,687:14167: Yes my_avgbuy_price unavailable
CRITICAL:strat7:2022-12-18 18:21:40,881:14167: Yes my_avgbuy_price unavailable
CRITICAL:strat7:2022-12-18 18:22:52,814:14169: No my_buy_price unavailable
CRITICAL:strat7:2022-12-18 18:22:54,841:14169: No my_buy_price unavailable
CRITICAL:strat7:2022-12-18 18:23:01,796:14169: No my_buy_price unavailable
CRITICAL:strat7:2022-12-18 18:23:03,869:14169: No my_buy_price unavailable
CRITICAL:strat7:2022-12-18 18:23:34,768:14170: No my_buy_price unavailable
CRITICAL:strat7:2022-12-18 18:23:37,051:14170: No my_buy_price unavailable
CRITICAL:strat7:2022-12-18 18:23:44,405:14170: No my_buy_price unavailable
CRITICAL:strat7:2022-12-18 18:23:46,924:14170: No my_buy_price unavailable
CRITICAL:strat7:2022-12-18 18:25:51,726:14164: Yes my_avgbuy_price unavailable
CRITICAL:strat7:2022-12-18 18:25:53,848:14164: Yes my_avgbuy_price unavailable
CRITICAL:strat7:2022-12-18 18:25:56,189:14164: Yes my_avgbuy_price unavailable
CRITICAL:strat7:2022-12-18 18:25:58,116:14164: Yes my_avgbuy_price unavailable
CRITICAL:strat7:2022-12-18 18:26:31,601:14165: Yes my_avgbuy_price unavailable
CRITICAL:strat7:2022-12-18 18:26:34,303:14165: Yes my_avgbuy_price unavailable
CRITICAL:strat7:2022-12-18 18:26:41,971:14165: Yes my_avgbuy_price unavailable
CRITICAL:strat7:2022-12-18 18:26:44,584:14165: Yes my_avgbuy_price unavailable
CRITICAL:strat7:2022-12-18 18:27:23,422:14166: Yes my_avgbuy_price unavailable
CRITICAL:strat7:2022-12-18 18:27:25,556:14166: Yes my_avgbuy_price unavailable
CRITICAL:strat7:2022-12-18 18:27:32,832:14166: Yes my_avgbuy_price unavailable
CRITICAL:strat7:2022-12-18 18:27:35,127:14166: Yes my_avgbuy_price unavailable
CRITICAL:strat7:2022-12-18 18:28:05,732:14167: Yes my_avgbuy_price unavailable
CRITICAL:strat7:2022-12-18 18:28:08,261:14167: Yes my_avgbuy_price unavailable
CRITICAL:strat7:2022-12-18 18:28:11,127:14167: Yes my_avgbuy_price unavailable
CRITICAL:strat7:2022-12-18 18:28:13,858:14167: Yes my_avgbuy_price unavailable
CRITICAL:strat7:2022-12-18 18:29:34,484:14169: No my_buy_price unavailable
CRITICAL:strat7:2022-12-18 18:29:36,543:14169: No my_buy_price unavailable
CRITICAL:strat7:2022-12-18 18:29:44,568:14169: No my_buy_price unavailable
CRITICAL:strat7:2022-12-18 18:29:47,170:14169: No my_buy_price unavailable
CRITICAL:strat7:2022-12-18 18:30:16,378:14170: No my_buy_price unavailable
CRITICAL:strat7:2022-12-18 18:30:18,848:14170: No my_buy_price unavailable
CRITICAL:strat7:2022-12-18 18:30:26,185:14170: No my_buy_price unavailable
CRITICAL:strat7:2022-12-18 18:30:29,058:14170: No my_buy_price unavailable
CRITICAL:strat7:2022-12-18 18:32:34,638:14164: Yes my_avgbuy_price unavailable
CRITICAL:strat7:2022-12-18 18:32:36,551:14164: Yes my_avgbuy_price unavailable
CRITICAL:strat7:2022-12-18 18:32:38,817:14164: Yes my_avgbuy_price unavailable
CRITICAL:strat7:2022-12-18 18:32:40,745:14164: Yes my_avgbuy_price unavailable
CRITICAL:strat7:2022-12-18 18:33:11,293:14165: Yes my_avgbuy_price unavailable
CRITICAL:strat7:2022-12-18 18:33:13,283:14165: Yes my_avgbuy_price unavailable
CRITICAL:strat7:2022-12-18 18:33:20,170:14165: Yes my_avgbuy_price unavailable
CRITICAL:strat7:2022-12-18 18:33:22,083:14165: Yes my_avgbuy_price unavailable
CRITICAL:strat7:2022-12-18 18:33:54,207:14166: Yes my_avgbuy_price unavailable
CRITICAL:strat7:2022-12-18 18:33:56,170:14166: Yes my_avgbuy_price unavailable
CRITICAL:strat7:2022-12-18 18:34:03,131:14166: Yes my_avgbuy_price unavailable
CRITICAL:strat7:2022-12-18 18:34:05,126:14166: Yes my_avgbuy_price unavailable
CRITICAL:strat7:2022-12-18 18:34:30,574:14167: Yes my_avgbuy_price unavailable
CRITICAL:strat7:2022-12-18 18:34:32,524:14167: Yes my_avgbuy_price unavailable
CRITICAL:strat7:2022-12-18 18:34:34,926:14167: Yes my_avgbuy_price unavailable
CRITICAL:strat7:2022-12-18 18:34:36,983:14167: Yes my_avgbuy_price unavailable
CRITICAL:strat7:2022-12-18 18:35:56,091:14169: No my_buy_price unavailable
CRITICAL:strat7:2022-12-18 18:35:58,055:14169: No my_buy_price unavailable
CRITICAL:strat7:2022-12-18 18:36:05,943:14169: No my_buy_price unavailable
CRITICAL:strat7:2022-12-18 18:36:08,167:14169: No my_buy_price unavailable
CRITICAL:strat7:2022-12-18 18:36:47,642:14170: No my_buy_price unavailable
CRITICAL:strat7:2022-12-18 18:36:49,567:14170: No my_buy_price unavailable
CRITICAL:strat7:2022-12-18 18:38:50,409:14164: Yes my_avgbuy_price unavailable
CRITICAL:strat7:2022-12-18 18:38:52,312:14164: Yes my_avgbuy_price unavailable
CRITICAL:strat7:2022-12-18 18:38:54,593:14164: Yes my_avgbuy_price unavailable
CRITICAL:strat7:2022-12-18 18:38:56,539:14164: Yes my_avgbuy_price unavailable
CRITICAL:strat7:2022-12-18 18:39:27,822:14165: Yes my_avgbuy_price unavailable
CRITICAL:strat7:2022-12-18 18:39:29,833:14165: Yes my_avgbuy_price unavailable
CRITICAL:strat7:2022-12-18 18:39:36,876:14165: Yes my_avgbuy_price unavailable
CRITICAL:strat7:2022-12-18 18:39:38,803:14165: Yes my_avgbuy_price unavailable
CRITICAL:strat7:2022-12-18 18:40:09,136:14166: Yes my_avgbuy_price unavailable
CRITICAL:strat7:2022-12-18 18:40:11,050:14166: Yes my_avgbuy_price unavailable
CRITICAL:strat7:2022-12-18 18:40:18,061:14166: Yes my_avgbuy_price unavailable
CRITICAL:strat7:2022-12-18 18:40:20,056:14166: Yes my_avgbuy_price unavailable
CRITICAL:strat7:2022-12-18 18:40:48,080:14167: No my_buy_price unavailable
CRITICAL:strat7:2022-12-18 18:40:50,039:14167: No my_buy_price unavailable
CRITICAL:strat7:2022-12-18 18:40:57,157:14167: No my_buy_price unavailable
CRITICAL:strat7:2022-12-18 18:40:59,145:14167: No my_buy_price unavailable
CRITICAL:strat7:2022-12-18 18:42:08,537:14169: No my_buy_price unavailable
CRITICAL:strat7:2022-12-18 18:42:10,518:14169: No my_buy_price unavailable
CRITICAL:strat7:2022-12-18 18:42:17,454:14169: No my_buy_price unavailable
CRITICAL:strat7:2022-12-18 18:42:19,400:14169: No my_buy_price unavailable
CRITICAL:strat7:2022-12-18 18:42:49,264:14170: No my_buy_price unavailable
CRITICAL:strat7:2022-12-18 18:42:51,212:14170: No my_buy_price unavailable
CRITICAL:strat7:2022-12-18 18:42:58,214:14170: No my_buy_price unavailable
CRITICAL:strat7:2022-12-18 18:43:00,222:14170: No my_buy_price unavailable
CRITICAL:strat7:2022-12-18 18:44:56,205:14164: Yes my_avgbuy_price unavailable
CRITICAL:strat7:2022-12-18 18:44:58,160:14164: Yes my_avgbuy_price unavailable
CRITICAL:strat7:2022-12-18 18:45:00,534:14164: Yes my_avgbuy_price unavailable
CRITICAL:strat7:2022-12-18 18:45:02,533:14164: Yes my_avgbuy_price unavailable
CRITICAL:strat7:2022-12-18 18:45:33,578:14165: Yes my_avgbuy_price unavailable
CRITICAL:strat7:2022-12-18 18:45:35,561:14165: Yes my_avgbuy_price unavailable
CRITICAL:strat7:2022-12-18 18:45:42,508:14165: Yes my_avgbuy_price unavailable
CRITICAL:strat7:2022-12-18 18:45:44,426:14165: Yes my_avgbuy_price unavailable
CRITICAL:strat7:2022-12-18 18:46:15,961:14166: Yes my_avgbuy_price unavailable
CRITICAL:strat7:2022-12-18 18:46:17,926:14166: Yes my_avgbuy_price unavailable
CRITICAL:strat7:2022-12-18 18:46:24,860:14166: Yes my_avgbuy_price unavailable
CRITICAL:strat7:2022-12-18 18:46:26,963:14166: Yes my_avgbuy_price unavailable
CRITICAL:strat7:2022-12-18 18:46:57,028:14167: No my_buy_price unavailable
CRITICAL:strat7:2022-12-18 18:46:59,033:14167: No my_buy_price unavailable
CRITICAL:strat7:2022-12-18 18:47:02,857:14167: No my_buy_price unavailable
CRITICAL:strat7:2022-12-18 18:47:04,816:14167: No my_buy_price unavailable
CRITICAL:strat7:2022-12-18 18:48:23,185:14169: No my_buy_price unavailable
CRITICAL:strat7:2022-12-18 18:48:25,893:14169: No my_buy_price unavailable
CRITICAL:strat7:2022-12-18 18:48:33,557:14169: No my_buy_price unavailable
CRITICAL:strat7:2022-12-18 18:48:35,990:14169: No my_buy_price unavailable
CRITICAL:strat7:2022-12-18 18:49:07,548:14170: No my_buy_price unavailable
CRITICAL:strat7:2022-12-18 18:49:09,672:14170: No my_buy_price unavailable
CRITICAL:strat7:2022-12-18 18:49:18,368:14170: No my_buy_price unavailable
CRITICAL:strat7:2022-12-18 18:49:20,864:14170: No my_buy_price unavailable
CRITICAL:strat7:2022-12-18 18:51:27,773:14164: Yes my_avgbuy_price unavailable
CRITICAL:strat7:2022-12-18 18:51:29,722:14164: Yes my_avgbuy_price unavailable
CRITICAL:strat7:2022-12-18 18:51:36,799:14164: Yes my_avgbuy_price unavailable
CRITICAL:strat7:2022-12-18 18:51:39,302:14164: Yes my_avgbuy_price unavailable
CRITICAL:strat7:2022-12-18 18:52:10,111:14165: Yes my_avgbuy_price unavailable
CRITICAL:strat7:2022-12-18 18:52:12,084:14165: Yes my_avgbuy_price unavailable
CRITICAL:strat7:2022-12-18 18:52:19,017:14165: Yes my_avgbuy_price unavailable
CRITICAL:strat7:2022-12-18 18:52:21,145:14165: Yes my_avgbuy_price unavailable
CRITICAL:strat7:2022-12-18 18:52:50,679:14166: No my_buy_price unavailable
CRITICAL:strat7:2022-12-18 18:52:52,924:14166: No my_buy_price unavailable
CRITICAL:strat7:2022-12-18 18:53:02,218:14166: No my_buy_price unavailable
CRITICAL:strat7:2022-12-18 18:53:04,560:14166: No my_buy_price unavailable
CRITICAL:strat7:2022-12-18 18:53:34,448:14167: No my_buy_price unavailable
CRITICAL:strat7:2022-12-18 18:53:36,403:14167: No my_buy_price unavailable
CRITICAL:strat7:2022-12-18 18:53:43,488:14167: No my_buy_price unavailable
CRITICAL:strat7:2022-12-18 18:53:45,432:14167: No my_buy_price unavailable
INFO:strat7:2022-12-18 18:55:24,113:14163: Initialising event
WARNING:strat7:2022-12-18 18:55:53,220:14163: last_values_dict empty
INFO:strat7:2022-12-18 18:55:59,184:14164: Initialising event
CRITICAL:strat7:2022-12-18 18:56:28,624:14164: Yes my_avgbuy_price unavailable
CRITICAL:strat7:2022-12-18 18:56:30,975:14164: Yes my_avgbuy_price unavailable
WARNING:strat7:2022-12-18 18:56:32,154:14164: last_values_dict empty
INFO:strat7:2022-12-18 18:56:38,090:14165: Initialising event
CRITICAL:strat7:2022-12-18 18:57:08,084:14165: Yes my_avgbuy_price unavailable
CRITICAL:strat7:2022-12-18 18:57:10,286:14165: Yes my_avgbuy_price unavailable
WARNING:strat7:2022-12-18 18:57:11,715:14165: last_values_dict empty
INFO:strat7:2022-12-18 18:57:17,694:14166: Initialising event
CRITICAL:strat7:2022-12-18 18:57:50,277:14166: Yes my_avgbuy_price unavailable
CRITICAL:strat7:2022-12-18 18:57:53,230:14166: Yes my_avgbuy_price unavailable
WARNING:strat7:2022-12-18 18:57:54,512:14166: last_values_dict empty
INFO:strat7:2022-12-18 18:58:00,384:14167: Initialising event
CRITICAL:strat7:2022-12-18 18:58:36,122:14167: No my_buy_price unavailable
CRITICAL:strat7:2022-12-18 18:58:38,332:14167: No my_buy_price unavailable
WARNING:strat7:2022-12-18 18:58:39,808:14167: last_values_dict empty
INFO:strat7:2022-12-18 18:58:45,735:14168: Initialising event
CRITICAL:strat7:2022-12-18 18:59:19,627:14168: No my_buy_price unavailable
CRITICAL:strat7:2022-12-18 18:59:22,002:14168: No my_buy_price unavailable
WARNING:strat7:2022-12-18 18:59:23,338:14168: last_values_dict empty
INFO:strat7:2022-12-18 18:59:29,362:14169: Initialising event
CRITICAL:strat7:2022-12-18 19:00:02,473:14169: No my_buy_price unavailable
CRITICAL:strat7:2022-12-18 19:00:04,795:14169: No my_buy_price unavailable
WARNING:strat7:2022-12-18 19:00:06,173:14169: last_values_dict empty
INFO:strat7:2022-12-18 19:00:12,102:14170: Initialising event
WARNING:strat7:2022-12-18 19:00:48,422:14170: last_values_dict empty
CRITICAL:strat7:2022-12-18 19:01:48,865:14164: Yes my_avgbuy_price unavailable
CRITICAL:strat7:2022-12-18 19:01:51,203:14164: Yes my_avgbuy_price unavailable
CRITICAL:strat7:2022-12-18 19:01:54,512:14164: Yes my_avgbuy_price unavailable
CRITICAL:strat7:2022-12-18 19:01:57,007:14164: Yes my_avgbuy_price unavailable
CRITICAL:strat7:2022-12-18 19:02:24,269:14165: Yes my_avgbuy_price unavailable
CRITICAL:strat7:2022-12-18 19:02:27,439:14165: Yes my_avgbuy_price unavailable
CRITICAL:strat7:2022-12-18 19:02:30,639:14165: Yes my_avgbuy_price unavailable
CRITICAL:strat7:2022-12-18 19:02:33,143:14165: Yes my_avgbuy_price unavailable
CRITICAL:strat7:2022-12-18 19:03:03,203:14166: Yes my_avgbuy_price unavailable
CRITICAL:strat7:2022-12-18 19:03:05,593:14166: Yes my_avgbuy_price unavailable
CRITICAL:strat7:2022-12-18 19:03:08,981:14166: Yes my_avgbuy_price unavailable
CRITICAL:strat7:2022-12-18 19:03:11,414:14166: Yes my_avgbuy_price unavailable
CRITICAL:strat7:2022-12-18 19:03:47,599:14167: No my_buy_price unavailable
CRITICAL:strat7:2022-12-18 19:03:49,813:14167: No my_buy_price unavailable
CRITICAL:strat7:2022-12-18 19:03:52,748:14167: No my_buy_price unavailable
CRITICAL:strat7:2022-12-18 19:03:55,081:14167: No my_buy_price unavailable
CRITICAL:strat7:2022-12-18 19:05:01,771:14169: No my_buy_price unavailable
CRITICAL:strat7:2022-12-18 19:05:04,525:14169: No my_buy_price unavailable
CRITICAL:strat7:2022-12-18 19:05:07,777:14169: No my_buy_price unavailable
CRITICAL:strat7:2022-12-18 19:05:10,425:14169: No my_buy_price unavailable
CRITICAL:strat7:2022-12-18 19:07:44,284:14164: Yes my_avgbuy_price unavailable
CRITICAL:strat7:2022-12-18 19:07:46,520:14164: Yes my_avgbuy_price unavailable
CRITICAL:strat7:2022-12-18 19:07:49,612:14164: Yes my_avgbuy_price unavailable
CRITICAL:strat7:2022-12-18 19:07:51,848:14164: Yes my_avgbuy_price unavailable
CRITICAL:strat7:2022-12-18 19:08:20,702:14165: Yes my_avgbuy_price unavailable
CRITICAL:strat7:2022-12-18 19:08:23,061:14165: Yes my_avgbuy_price unavailable
CRITICAL:strat7:2022-12-18 19:08:26,281:14165: Yes my_avgbuy_price unavailable
CRITICAL:strat7:2022-12-18 19:08:28,710:14165: Yes my_avgbuy_price unavailable
CRITICAL:strat7:2022-12-18 19:09:03,627:14166: No my_buy_price unavailable
CRITICAL:strat7:2022-12-18 19:09:05,948:14166: No my_buy_price unavailable
CRITICAL:strat7:2022-12-18 19:09:10,629:14166: No my_buy_price unavailable
CRITICAL:strat7:2022-12-18 19:09:12,926:14166: No my_buy_price unavailable
CRITICAL:strat7:2022-12-18 19:09:38,504:14167: No my_buy_price unavailable
CRITICAL:strat7:2022-12-18 19:09:41,013:14167: No my_buy_price unavailable
CRITICAL:strat7:2022-12-18 19:09:43,941:14167: No my_buy_price unavailable
CRITICAL:strat7:2022-12-18 19:09:45,977:14167: No my_buy_price unavailable
CRITICAL:strat7:2022-12-18 19:10:43,735:14169: No my_buy_price unavailable
CRITICAL:strat7:2022-12-18 19:10:45,618:14169: No my_buy_price unavailable
CRITICAL:strat7:2022-12-18 19:10:48,271:14169: No my_buy_price unavailable
CRITICAL:strat7:2022-12-18 19:10:50,183:14169: No my_buy_price unavailable
CRITICAL:strat7:2022-12-18 19:13:28,601:14164: Yes my_avgbuy_price unavailable
CRITICAL:strat7:2022-12-18 19:13:30,489:14164: Yes my_avgbuy_price unavailable
CRITICAL:strat7:2022-12-18 19:13:33,257:14164: Yes my_avgbuy_price unavailable
CRITICAL:strat7:2022-12-18 19:13:35,460:14164: Yes my_avgbuy_price unavailable
CRITICAL:strat7:2022-12-18 19:13:57,679:14165: Yes my_avgbuy_price unavailable
CRITICAL:strat7:2022-12-18 19:14:00,166:14165: Yes my_avgbuy_price unavailable
CRITICAL:strat7:2022-12-18 19:14:03,296:14165: Yes my_avgbuy_price unavailable
CRITICAL:strat7:2022-12-18 19:14:06,774:14165: Yes my_avgbuy_price unavailable
CRITICAL:strat7:2022-12-18 19:15:09,852:14167: No my_buy_price unavailable
CRITICAL:strat7:2022-12-18 19:15:11,747:14167: No my_buy_price unavailable
CRITICAL:strat7:2022-12-18 19:15:14,390:14167: No my_buy_price unavailable
CRITICAL:strat7:2022-12-18 19:15:16,374:14167: No my_buy_price unavailable
CRITICAL:strat7:2022-12-18 19:16:12,576:14169: No my_buy_price unavailable
CRITICAL:strat7:2022-12-18 19:16:14,723:14169: No my_buy_price unavailable
CRITICAL:strat7:2022-12-18 19:16:17,513:14169: No my_buy_price unavailable
CRITICAL:strat7:2022-12-18 19:16:19,748:14169: No my_buy_price unavailable
CRITICAL:strat7:2022-12-18 19:18:46,000:14164: Yes my_avgbuy_price unavailable
CRITICAL:strat7:2022-12-18 19:18:47,987:14164: Yes my_avgbuy_price unavailable
CRITICAL:strat7:2022-12-18 19:18:50,961:14164: Yes my_avgbuy_price unavailable
CRITICAL:strat7:2022-12-18 19:18:53,990:14164: Yes my_avgbuy_price unavailable
CRITICAL:strat7:2022-12-18 19:19:25,662:14165: Yes my_avgbuy_price unavailable
CRITICAL:strat7:2022-12-18 19:19:27,690:14165: Yes my_avgbuy_price unavailable
CRITICAL:strat7:2022-12-18 19:19:31,413:14165: Yes my_avgbuy_price unavailable
CRITICAL:strat7:2022-12-18 19:19:33,305:14165: Yes my_avgbuy_price unavailable
CRITICAL:strat7:2022-12-18 19:20:37,952:14167: No my_buy_price unavailable
CRITICAL:strat7:2022-12-18 19:20:40,534:14167: No my_buy_price unavailable
CRITICAL:strat7:2022-12-18 19:20:44,002:14167: No my_buy_price unavailable
CRITICAL:strat7:2022-12-18 19:20:46,256:14167: No my_buy_price unavailable
CRITICAL:strat7:2022-12-18 19:21:39,763:14169: No my_buy_price unavailable
CRITICAL:strat7:2022-12-18 19:21:41,757:14169: No my_buy_price unavailable
CRITICAL:strat7:2022-12-18 19:21:44,642:14169: No my_buy_price unavailable
CRITICAL:strat7:2022-12-18 19:21:46,635:14169: No my_buy_price unavailable
CRITICAL:strat7:2022-12-18 19:24:20,974:14164: Yes my_avgbuy_price unavailable
CRITICAL:strat7:2022-12-18 19:24:22,839:14164: Yes my_avgbuy_price unavailable
CRITICAL:strat7:2022-12-18 19:24:26,271:14164: Yes my_avgbuy_price unavailable
CRITICAL:strat7:2022-12-18 19:24:28,430:14164: Yes my_avgbuy_price unavailable
CRITICAL:strat7:2022-12-18 19:24:58,688:14165: Yes my_avgbuy_price unavailable
CRITICAL:strat7:2022-12-18 19:25:00,573:14165: Yes my_avgbuy_price unavailable
CRITICAL:strat7:2022-12-18 19:25:02,846:14165: Yes my_avgbuy_price unavailable
CRITICAL:strat7:2022-12-18 19:25:04,901:14165: Yes my_avgbuy_price unavailable
CRITICAL:strat7:2022-12-18 19:26:11,821:14167: No my_buy_price unavailable
CRITICAL:strat7:2022-12-18 19:26:13,672:14167: No my_buy_price unavailable
CRITICAL:strat7:2022-12-18 19:26:16,525:14167: No my_buy_price unavailable
CRITICAL:strat7:2022-12-18 19:26:18,420:14167: No my_buy_price unavailable
CRITICAL:strat7:2022-12-18 19:27:21,864:14169: No my_buy_price unavailable
CRITICAL:strat7:2022-12-18 19:27:23,826:14169: No my_buy_price unavailable
CRITICAL:strat7:2022-12-18 19:27:26,558:14169: No my_buy_price unavailable
CRITICAL:strat7:2022-12-18 19:27:28,443:14169: No my_buy_price unavailable
CRITICAL:strat7:2022-12-18 19:30:09,841:14164: Yes my_avgbuy_price unavailable
CRITICAL:strat7:2022-12-18 19:30:12,984:14164: Yes my_avgbuy_price unavailable
CRITICAL:strat7:2022-12-18 19:30:16,669:14164: Yes my_avgbuy_price unavailable
CRITICAL:strat7:2022-12-18 19:30:18,900:14164: Yes my_avgbuy_price unavailable
CRITICAL:strat7:2022-12-18 19:30:43,841:14165: Yes my_avgbuy_price unavailable
CRITICAL:strat7:2022-12-18 19:30:45,730:14165: Yes my_avgbuy_price unavailable
CRITICAL:strat7:2022-12-18 19:30:48,078:14165: Yes my_avgbuy_price unavailable
CRITICAL:strat7:2022-12-18 19:30:50,203:14165: Yes my_avgbuy_price unavailable
CRITICAL:strat7:2022-12-18 19:31:52,235:14167: No my_buy_price unavailable
CRITICAL:strat7:2022-12-18 19:31:54,392:14167: No my_buy_price unavailable
CRITICAL:strat7:2022-12-18 19:31:57,501:14167: No my_buy_price unavailable
CRITICAL:strat7:2022-12-18 19:31:59,640:14167: No my_buy_price unavailable
CRITICAL:strat7:2022-12-18 19:33:10,821:14169: No my_buy_price unavailable
CRITICAL:strat7:2022-12-18 19:33:12,837:14169: No my_buy_price unavailable
CRITICAL:strat7:2022-12-18 19:33:15,772:14169: No my_buy_price unavailable
CRITICAL:strat7:2022-12-18 19:33:17,664:14169: No my_buy_price unavailable
CRITICAL:strat7:2022-12-18 19:35:44,309:14164: Yes my_avgbuy_price unavailable
CRITICAL:strat7:2022-12-18 19:35:46,143:14164: Yes my_avgbuy_price unavailable
CRITICAL:strat7:2022-12-18 19:35:48,718:14164: Yes my_avgbuy_price unavailable
CRITICAL:strat7:2022-12-18 19:35:50,532:14164: Yes my_avgbuy_price unavailable
CRITICAL:strat7:2022-12-18 19:36:20,146:14165: Yes my_avgbuy_price unavailable
CRITICAL:strat7:2022-12-18 19:36:22,434:14165: Yes my_avgbuy_price unavailable
CRITICAL:strat7:2022-12-18 19:36:24,862:14165: Yes my_avgbuy_price unavailable
CRITICAL:strat7:2022-12-18 19:36:26,849:14165: Yes my_avgbuy_price unavailable
CRITICAL:strat7:2022-12-18 19:36:57,701:14166: Yes my_avgbuy_price unavailable
CRITICAL:strat7:2022-12-18 19:36:59,700:14166: Yes my_avgbuy_price unavailable
CRITICAL:strat7:2022-12-18 19:37:15,053:14166: Yes my_avgbuy_price unavailable
CRITICAL:strat7:2022-12-18 19:37:17,756:14166: Yes my_avgbuy_price unavailable
CRITICAL:strat7:2022-12-18 19:37:56,154:14167: No my_buy_price unavailable
CRITICAL:strat7:2022-12-18 19:37:58,094:14167: No my_buy_price unavailable
CRITICAL:strat7:2022-12-18 19:38:00,970:14167: No my_buy_price unavailable
CRITICAL:strat7:2022-12-18 19:38:03,055:14167: No my_buy_price unavailable
CRITICAL:strat7:2022-12-18 19:39:00,340:14169: No my_buy_price unavailable
CRITICAL:strat7:2022-12-18 19:39:03,123:14169: No my_buy_price unavailable
CRITICAL:strat7:2022-12-18 19:39:06,220:14169: No my_buy_price unavailable
CRITICAL:strat7:2022-12-18 19:39:08,553:14169: No my_buy_price unavailable
CRITICAL:strat7:2022-12-18 19:41:42,954:14164: Yes my_avgbuy_price unavailable
CRITICAL:strat7:2022-12-18 19:41:44,912:14164: Yes my_avgbuy_price unavailable
CRITICAL:strat7:2022-12-18 19:41:48,048:14164: Yes my_avgbuy_price unavailable
CRITICAL:strat7:2022-12-18 19:41:50,589:14164: Yes my_avgbuy_price unavailable
CRITICAL:strat7:2022-12-18 19:42:19,521:14165: Yes my_avgbuy_price unavailable
CRITICAL:strat7:2022-12-18 19:42:21,852:14165: Yes my_avgbuy_price unavailable
CRITICAL:strat7:2022-12-18 19:42:24,782:14165: Yes my_avgbuy_price unavailable
CRITICAL:strat7:2022-12-18 19:42:26,873:14165: Yes my_avgbuy_price unavailable
CRITICAL:strat7:2022-12-18 19:43:05,065:14166: Yes my_avgbuy_price unavailable
CRITICAL:strat7:2022-12-18 19:43:07,704:14166: Yes my_avgbuy_price unavailable
CRITICAL:strat7:2022-12-18 19:43:20,372:14166: Yes my_avgbuy_price unavailable
CRITICAL:strat7:2022-12-18 19:43:22,538:14166: Yes my_avgbuy_price unavailable
CRITICAL:strat7:2022-12-18 19:43:53,700:14167: No my_buy_price unavailable
CRITICAL:strat7:2022-12-18 19:43:56,365:14167: No my_buy_price unavailable
CRITICAL:strat7:2022-12-18 19:43:59,385:14167: No my_buy_price unavailable
CRITICAL:strat7:2022-12-18 19:44:01,337:14167: No my_buy_price unavailable
CRITICAL:strat7:2022-12-18 19:45:08,857:14169: No my_buy_price unavailable
CRITICAL:strat7:2022-12-18 19:45:11,055:14169: No my_buy_price unavailable
CRITICAL:strat7:2022-12-18 19:45:13,878:14169: No my_buy_price unavailable
CRITICAL:strat7:2022-12-18 19:45:15,731:14169: No my_buy_price unavailable
CRITICAL:strat7:2022-12-18 19:47:57,854:14164: Yes my_avgbuy_price unavailable
CRITICAL:strat7:2022-12-18 19:47:59,803:14164: Yes my_avgbuy_price unavailable
CRITICAL:strat7:2022-12-18 19:48:02,897:14164: Yes my_avgbuy_price unavailable
CRITICAL:strat7:2022-12-18 19:48:04,974:14164: Yes my_avgbuy_price unavailable
CRITICAL:strat7:2022-12-18 19:48:34,046:14165: Yes my_avgbuy_price unavailable
CRITICAL:strat7:2022-12-18 19:48:36,455:14165: Yes my_avgbuy_price unavailable
CRITICAL:strat7:2022-12-18 19:48:39,530:14165: Yes my_avgbuy_price unavailable
CRITICAL:strat7:2022-12-18 19:48:41,855:14165: Yes my_avgbuy_price unavailable
CRITICAL:strat7:2022-12-18 19:49:13,684:14166: Yes my_avgbuy_price unavailable
CRITICAL:strat7:2022-12-18 19:49:15,884:14166: Yes my_avgbuy_price unavailable
CRITICAL:strat7:2022-12-18 19:49:28,565:14166: Yes my_avgbuy_price unavailable
CRITICAL:strat7:2022-12-18 19:49:30,663:14166: Yes my_avgbuy_price unavailable
CRITICAL:strat7:2022-12-18 19:50:02,785:14167: No my_buy_price unavailable
CRITICAL:strat7:2022-12-18 19:50:04,914:14167: No my_buy_price unavailable
CRITICAL:strat7:2022-12-18 19:50:07,778:14167: No my_buy_price unavailable
CRITICAL:strat7:2022-12-18 19:50:09,735:14167: No my_buy_price unavailable
CRITICAL:strat7:2022-12-18 19:51:07,420:14169: No my_buy_price unavailable
CRITICAL:strat7:2022-12-18 19:51:09,543:14169: No my_buy_price unavailable
CRITICAL:strat7:2022-12-18 19:51:12,318:14169: No my_buy_price unavailable
CRITICAL:strat7:2022-12-18 19:51:14,460:14169: No my_buy_price unavailable
CRITICAL:strat7:2022-12-18 19:53:53,130:14164: Yes my_avgbuy_price unavailable
CRITICAL:strat7:2022-12-18 19:53:55,092:14164: Yes my_avgbuy_price unavailable
CRITICAL:strat7:2022-12-18 19:54:16,357:14165: Yes my_avgbuy_price unavailable
CRITICAL:strat7:2022-12-18 19:54:18,312:14165: Yes my_avgbuy_price unavailable
CRITICAL:strat7:2022-12-18 19:54:21,290:14165: Yes my_avgbuy_price unavailable
CRITICAL:strat7:2022-12-18 19:54:23,331:14165: Yes my_avgbuy_price unavailable
CRITICAL:strat7:2022-12-18 19:55:28,449:14167: No my_buy_price unavailable
CRITICAL:strat7:2022-12-18 19:55:30,449:14167: No my_buy_price unavailable
CRITICAL:strat7:2022-12-18 19:55:33,269:14167: No my_buy_price unavailable
CRITICAL:strat7:2022-12-18 19:55:35,192:14167: No my_buy_price unavailable
CRITICAL:strat7:2022-12-18 19:56:35,209:14169: No my_buy_price unavailable
CRITICAL:strat7:2022-12-18 19:56:37,164:14169: No my_buy_price unavailable
CRITICAL:strat7:2022-12-18 19:56:39,974:14169: No my_buy_price unavailable
CRITICAL:strat7:2022-12-18 19:56:42,018:14169: No my_buy_price unavailable
CRITICAL:strat7:2022-12-18 19:59:11,310:14164: Yes my_avgbuy_price unavailable
CRITICAL:strat7:2022-12-18 19:59:13,328:14164: Yes my_avgbuy_price unavailable
CRITICAL:strat7:2022-12-18 19:59:16,192:14164: Yes my_avgbuy_price unavailable
CRITICAL:strat7:2022-12-18 19:59:18,150:14164: Yes my_avgbuy_price unavailable
CRITICAL:strat7:2022-12-18 19:59:46,217:14165: Yes my_avgbuy_price unavailable
CRITICAL:strat7:2022-12-18 19:59:48,160:14165: Yes my_avgbuy_price unavailable
CRITICAL:strat7:2022-12-18 19:59:50,929:14165: Yes my_avgbuy_price unavailable
CRITICAL:strat7:2022-12-18 19:59:52,939:14165: Yes my_avgbuy_price unavailable
CRITICAL:strat7:2022-12-18 20:00:24,600:14166: Yes my_avgbuy_price unavailable
CRITICAL:strat7:2022-12-18 20:00:26,886:14166: Yes my_avgbuy_price unavailable
CRITICAL:strat7:2022-12-18 20:00:31,221:14166: Yes my_avgbuy_price unavailable
CRITICAL:strat7:2022-12-18 20:00:33,157:14166: Yes my_avgbuy_price unavailable
CRITICAL:strat7:2022-12-18 20:01:04,711:14167: No my_buy_price unavailable
CRITICAL:strat7:2022-12-18 20:01:06,826:14167: No my_buy_price unavailable
CRITICAL:strat7:2022-12-18 20:01:09,728:14167: No my_buy_price unavailable
CRITICAL:strat7:2022-12-18 20:01:11,737:14167: No my_buy_price unavailable
CRITICAL:strat7:2022-12-18 20:02:05,251:14169: No my_buy_price unavailable
CRITICAL:strat7:2022-12-18 20:02:07,199:14169: No my_buy_price unavailable
CRITICAL:strat7:2022-12-18 20:02:09,963:14169: No my_buy_price unavailable
CRITICAL:strat7:2022-12-18 20:02:11,893:14169: No my_buy_price unavailable
CRITICAL:strat7:2022-12-18 20:04:37,464:14164: Yes my_avgbuy_price unavailable
CRITICAL:strat7:2022-12-18 20:04:39,401:14164: Yes my_avgbuy_price unavailable
CRITICAL:strat7:2022-12-18 20:04:42,281:14164: Yes my_avgbuy_price unavailable
CRITICAL:strat7:2022-12-18 20:04:44,210:14164: Yes my_avgbuy_price unavailable
CRITICAL:strat7:2022-12-18 20:05:10,265:14165: Yes my_avgbuy_price unavailable
CRITICAL:strat7:2022-12-18 20:05:12,197:14165: Yes my_avgbuy_price unavailable
CRITICAL:strat7:2022-12-18 20:05:15,000:14165: Yes my_avgbuy_price unavailable
CRITICAL:strat7:2022-12-18 20:05:16,907:14165: Yes my_avgbuy_price unavailable
CRITICAL:strat7:2022-12-18 20:05:43,530:14166: Yes my_avgbuy_price unavailable
CRITICAL:strat7:2022-12-18 20:05:45,580:14166: Yes my_avgbuy_price unavailable
CRITICAL:strat7:2022-12-18 20:05:48,460:14166: Yes my_avgbuy_price unavailable
CRITICAL:strat7:2022-12-18 20:05:50,459:14166: Yes my_avgbuy_price unavailable
CRITICAL:strat7:2022-12-18 20:06:24,188:14167: No my_buy_price unavailable
CRITICAL:strat7:2022-12-18 20:06:26,191:14167: No my_buy_price unavailable
CRITICAL:strat7:2022-12-18 20:06:28,987:14167: No my_buy_price unavailable
CRITICAL:strat7:2022-12-18 20:06:31,336:14167: No my_buy_price unavailable
CRITICAL:strat7:2022-12-18 20:07:25,440:14169: No my_buy_price unavailable
CRITICAL:strat7:2022-12-18 20:07:27,501:14169: No my_buy_price unavailable
CRITICAL:strat7:2022-12-18 20:07:30,436:14169: No my_buy_price unavailable
CRITICAL:strat7:2022-12-18 20:07:32,363:14169: No my_buy_price unavailable
CRITICAL:strat7:2022-12-18 20:09:58,737:14164: Yes my_avgbuy_price unavailable
CRITICAL:strat7:2022-12-18 20:10:00,675:14164: Yes my_avgbuy_price unavailable
CRITICAL:strat7:2022-12-18 20:10:03,453:14164: Yes my_avgbuy_price unavailable
CRITICAL:strat7:2022-12-18 20:10:05,432:14164: Yes my_avgbuy_price unavailable
CRITICAL:strat7:2022-12-18 20:10:31,361:14165: Yes my_avgbuy_price unavailable
CRITICAL:strat7:2022-12-18 20:10:33,413:14165: Yes my_avgbuy_price unavailable
CRITICAL:strat7:2022-12-18 20:10:36,860:14165: Yes my_avgbuy_price unavailable
CRITICAL:strat7:2022-12-18 20:10:38,817:14165: Yes my_avgbuy_price unavailable
CRITICAL:strat7:2022-12-18 20:11:09,041:14166: No my_buy_price unavailable
CRITICAL:strat7:2022-12-18 20:11:10,983:14166: No my_buy_price unavailable
CRITICAL:strat7:2022-12-18 20:11:15,322:14166: No my_buy_price unavailable
CRITICAL:strat7:2022-12-18 20:11:17,328:14166: No my_buy_price unavailable
CRITICAL:strat7:2022-12-18 20:11:43,199:14167: No my_buy_price unavailable
CRITICAL:strat7:2022-12-18 20:11:45,140:14167: No my_buy_price unavailable
CRITICAL:strat7:2022-12-18 20:11:47,930:14167: No my_buy_price unavailable
CRITICAL:strat7:2022-12-18 20:11:49,882:14167: No my_buy_price unavailable
CRITICAL:strat7:2022-12-18 20:12:46,294:14169: No my_buy_price unavailable
CRITICAL:strat7:2022-12-18 20:12:48,241:14169: No my_buy_price unavailable
CRITICAL:strat7:2022-12-18 20:12:51,179:14169: No my_buy_price unavailable
CRITICAL:strat7:2022-12-18 20:12:53,155:14169: No my_buy_price unavailable
CRITICAL:strat7:2022-12-18 20:15:20,462:14164: Yes my_avgbuy_price unavailable
CRITICAL:strat7:2022-12-18 20:15:22,586:14164: Yes my_avgbuy_price unavailable
CRITICAL:strat7:2022-12-18 20:15:25,445:14164: Yes my_avgbuy_price unavailable
CRITICAL:strat7:2022-12-18 20:15:27,571:14164: Yes my_avgbuy_price unavailable
CRITICAL:strat7:2022-12-18 20:15:53,112:14165: Yes my_avgbuy_price unavailable
CRITICAL:strat7:2022-12-18 20:15:55,354:14165: Yes my_avgbuy_price unavailable
CRITICAL:strat7:2022-12-18 20:15:58,290:14165: Yes my_avgbuy_price unavailable
CRITICAL:strat7:2022-12-18 20:16:00,220:14165: Yes my_avgbuy_price unavailable
CRITICAL:strat7:2022-12-18 20:16:56,455:14167: No my_buy_price unavailable
CRITICAL:strat7:2022-12-18 20:16:58,434:14167: No my_buy_price unavailable
CRITICAL:strat7:2022-12-18 20:17:01,226:14167: No my_buy_price unavailable
CRITICAL:strat7:2022-12-18 20:17:03,240:14167: No my_buy_price unavailable
CRITICAL:strat7:2022-12-18 20:17:57,501:14169: No my_buy_price unavailable
CRITICAL:strat7:2022-12-18 20:17:59,529:14169: No my_buy_price unavailable
CRITICAL:strat7:2022-12-18 20:18:02,462:14169: No my_buy_price unavailable
CRITICAL:strat7:2022-12-18 20:18:04,433:14169: No my_buy_price unavailable
CRITICAL:strat7:2022-12-18 20:20:37,913:14164: Yes my_avgbuy_price unavailable
CRITICAL:strat7:2022-12-18 20:20:39,848:14164: Yes my_avgbuy_price unavailable
CRITICAL:strat7:2022-12-18 20:20:42,644:14164: Yes my_avgbuy_price unavailable
CRITICAL:strat7:2022-12-18 20:20:44,724:14164: Yes my_avgbuy_price unavailable
CRITICAL:strat7:2022-12-18 20:21:13,529:14165: Yes my_avgbuy_price unavailable
CRITICAL:strat7:2022-12-18 20:21:15,656:14165: Yes my_avgbuy_price unavailable
CRITICAL:strat7:2022-12-18 20:21:18,662:14165: Yes my_avgbuy_price unavailable
CRITICAL:strat7:2022-12-18 20:21:20,894:14165: Yes my_avgbuy_price unavailable
CRITICAL:strat7:2022-12-18 20:22:27,305:14167: No my_buy_price unavailable
CRITICAL:strat7:2022-12-18 20:22:29,349:14167: No my_buy_price unavailable
CRITICAL:strat7:2022-12-18 20:22:31,471:14167: No my_buy_price unavailable
CRITICAL:strat7:2022-12-18 20:22:33,444:14167: No my_buy_price unavailable
CRITICAL:strat7:2022-12-18 20:26:14,195:14164: Yes my_avgbuy_price unavailable
CRITICAL:strat7:2022-12-18 20:26:16,198:14164: Yes my_avgbuy_price unavailable
CRITICAL:strat7:2022-12-18 20:26:18,994:14164: Yes my_avgbuy_price unavailable
CRITICAL:strat7:2022-12-18 20:26:21,004:14164: Yes my_avgbuy_price unavailable
CRITICAL:strat7:2022-12-18 20:26:46,740:14165: Yes my_avgbuy_price unavailable
CRITICAL:strat7:2022-12-18 20:26:48,770:14165: Yes my_avgbuy_price unavailable
CRITICAL:strat7:2022-12-18 20:26:51,603:14165: Yes my_avgbuy_price unavailable
CRITICAL:strat7:2022-12-18 20:26:53,490:14165: Yes my_avgbuy_price unavailable
CRITICAL:strat7:2022-12-18 20:27:49,521:14167: No my_buy_price unavailable
CRITICAL:strat7:2022-12-18 20:27:51,396:14167: No my_buy_price unavailable
CRITICAL:strat7:2022-12-18 20:27:53,365:14167: No my_buy_price unavailable
CRITICAL:strat7:2022-12-18 20:27:55,415:14167: No my_buy_price unavailable
CRITICAL:strat7:2022-12-18 20:31:22,297:14164: Yes my_avgbuy_price unavailable
CRITICAL:strat7:2022-12-18 20:31:24,314:14164: Yes my_avgbuy_price unavailable
CRITICAL:strat7:2022-12-18 20:31:27,268:14164: Yes my_avgbuy_price unavailable
CRITICAL:strat7:2022-12-18 20:31:30,758:14164: Yes my_avgbuy_price unavailable
CRITICAL:strat7:2022-12-18 20:31:56,685:14165: Yes my_avgbuy_price unavailable
CRITICAL:strat7:2022-12-18 20:31:58,662:14165: Yes my_avgbuy_price unavailable
CRITICAL:strat7:2022-12-18 20:32:01,471:14165: Yes my_avgbuy_price unavailable
CRITICAL:strat7:2022-12-18 20:32:03,500:14165: Yes my_avgbuy_price unavailable
CRITICAL:strat7:2022-12-18 20:33:00,506:14167: No my_buy_price unavailable
CRITICAL:strat7:2022-12-18 20:33:02,797:14167: No my_buy_price unavailable
CRITICAL:strat7:2022-12-18 20:33:04,782:14167: No my_buy_price unavailable
CRITICAL:strat7:2022-12-18 20:33:06,826:14167: No my_buy_price unavailable
CRITICAL:strat7:2022-12-18 20:36:28,821:14164: Yes my_avgbuy_price unavailable
CRITICAL:strat7:2022-12-18 20:36:30,783:14164: Yes my_avgbuy_price unavailable
CRITICAL:strat7:2022-12-18 20:36:33,626:14164: Yes my_avgbuy_price unavailable
CRITICAL:strat7:2022-12-18 20:36:35,621:14164: Yes my_avgbuy_price unavailable
CRITICAL:strat7:2022-12-18 20:37:02,245:14165: Yes my_avgbuy_price unavailable
CRITICAL:strat7:2022-12-18 20:37:04,195:14165: Yes my_avgbuy_price unavailable
CRITICAL:strat7:2022-12-18 20:37:07,119:14165: Yes my_avgbuy_price unavailable
CRITICAL:strat7:2022-12-18 20:37:09,088:14165: Yes my_avgbuy_price unavailable
CRITICAL:strat7:2022-12-18 20:38:07,477:14167: No my_buy_price unavailable
CRITICAL:strat7:2022-12-18 20:38:09,461:14167: No my_buy_price unavailable
CRITICAL:strat7:2022-12-18 20:38:11,534:14167: No my_buy_price unavailable
CRITICAL:strat7:2022-12-18 20:38:13,517:14167: No my_buy_price unavailable
CRITICAL:strat7:2022-12-18 20:41:41,086:14164: Yes my_avgbuy_price unavailable
CRITICAL:strat7:2022-12-18 20:41:42,999:14164: Yes my_avgbuy_price unavailable
CRITICAL:strat7:2022-12-18 20:41:45,806:14164: Yes my_avgbuy_price unavailable
CRITICAL:strat7:2022-12-18 20:41:47,774:14164: Yes my_avgbuy_price unavailable
CRITICAL:strat7:2022-12-18 20:42:14,105:14165: Yes my_avgbuy_price unavailable
CRITICAL:strat7:2022-12-18 20:42:16,062:14165: Yes my_avgbuy_price unavailable
CRITICAL:strat7:2022-12-18 20:42:18,889:14165: Yes my_avgbuy_price unavailable
CRITICAL:strat7:2022-12-18 20:42:20,815:14165: Yes my_avgbuy_price unavailable
CRITICAL:strat7:2022-12-18 20:43:21,834:14167: No my_buy_price unavailable
CRITICAL:strat7:2022-12-18 20:43:23,815:14167: No my_buy_price unavailable
CRITICAL:strat7:2022-12-18 20:43:26,665:14167: No my_buy_price unavailable
CRITICAL:strat7:2022-12-18 20:43:28,974:14167: No my_buy_price unavailable
CRITICAL:strat7:2022-12-18 20:46:45,795:14164: Yes my_avgbuy_price unavailable
CRITICAL:strat7:2022-12-18 20:46:48,289:14164: Yes my_avgbuy_price unavailable
CRITICAL:strat7:2022-12-18 20:46:51,042:14164: Yes my_avgbuy_price unavailable
CRITICAL:strat7:2022-12-18 20:46:53,111:14164: Yes my_avgbuy_price unavailable
CRITICAL:strat7:2022-12-18 20:47:20,097:14165: Yes my_avgbuy_price unavailable
CRITICAL:strat7:2022-12-18 20:47:22,048:14165: Yes my_avgbuy_price unavailable
CRITICAL:strat7:2022-12-18 20:47:24,981:14165: Yes my_avgbuy_price unavailable
CRITICAL:strat7:2022-12-18 20:47:27,116:14165: Yes my_avgbuy_price unavailable
CRITICAL:strat7:2022-12-18 20:48:25,013:14167: No my_buy_price unavailable
CRITICAL:strat7:2022-12-18 20:48:27,087:14167: No my_buy_price unavailable
CRITICAL:strat7:2022-12-18 20:48:29,825:14167: No my_buy_price unavailable
CRITICAL:strat7:2022-12-18 20:48:31,830:14167: No my_buy_price unavailable
CRITICAL:strat7:2022-12-18 20:51:59,903:14164: Yes my_avgbuy_price unavailable
CRITICAL:strat7:2022-12-18 20:52:01,884:14164: Yes my_avgbuy_price unavailable
CRITICAL:strat7:2022-12-18 20:52:04,648:14164: Yes my_avgbuy_price unavailable
CRITICAL:strat7:2022-12-18 20:52:06,735:14164: Yes my_avgbuy_price unavailable
CRITICAL:strat7:2022-12-18 20:52:33,767:14165: Yes my_avgbuy_price unavailable
CRITICAL:strat7:2022-12-18 20:52:35,778:14165: Yes my_avgbuy_price unavailable
CRITICAL:strat7:2022-12-18 20:52:38,559:14165: Yes my_avgbuy_price unavailable
CRITICAL:strat7:2022-12-18 20:52:40,575:14165: Yes my_avgbuy_price unavailable
CRITICAL:strat7:2022-12-18 20:53:39,999:14167: No my_buy_price unavailable
CRITICAL:strat7:2022-12-18 20:53:41,980:14167: No my_buy_price unavailable
CRITICAL:strat7:2022-12-18 20:53:44,823:14167: No my_buy_price unavailable
CRITICAL:strat7:2022-12-18 20:53:46,762:14167: No my_buy_price unavailable
CRITICAL:strat7:2022-12-18 20:57:09,081:14164: Yes my_avgbuy_price unavailable
CRITICAL:strat7:2022-12-18 20:57:11,023:14164: Yes my_avgbuy_price unavailable
CRITICAL:strat7:2022-12-18 20:57:14,016:14164: Yes my_avgbuy_price unavailable
CRITICAL:strat7:2022-12-18 20:57:16,126:14164: Yes my_avgbuy_price unavailable
CRITICAL:strat7:2022-12-18 20:57:42,127:14165: Yes my_avgbuy_price unavailable
CRITICAL:strat7:2022-12-18 20:57:44,076:14165: Yes my_avgbuy_price unavailable
CRITICAL:strat7:2022-12-18 20:57:46,909:14165: Yes my_avgbuy_price unavailable
CRITICAL:strat7:2022-12-18 20:57:48,884:14165: Yes my_avgbuy_price unavailable
CRITICAL:strat7:2022-12-18 20:58:17,913:14166: Yes my_avgbuy_price unavailable
CRITICAL:strat7:2022-12-18 20:58:19,850:14166: Yes my_avgbuy_price unavailable
CRITICAL:strat7:2022-12-18 20:58:34,088:14166: Yes my_avgbuy_price unavailable
CRITICAL:strat7:2022-12-18 20:58:36,083:14166: Yes my_avgbuy_price unavailable
CRITICAL:strat7:2022-12-18 20:59:03,121:14167: No my_buy_price unavailable
CRITICAL:strat7:2022-12-18 20:59:05,064:14167: No my_buy_price unavailable
CRITICAL:strat7:2022-12-18 20:59:07,885:14167: No my_buy_price unavailable
CRITICAL:strat7:2022-12-18 20:59:09,869:14167: No my_buy_price unavailable
CRITICAL:strat7:2022-12-18 21:02:47,044:14164: Yes my_avgbuy_price unavailable
CRITICAL:strat7:2022-12-18 21:02:48,989:14164: Yes my_avgbuy_price unavailable
CRITICAL:strat7:2022-12-18 21:02:51,756:14164: Yes my_avgbuy_price unavailable
CRITICAL:strat7:2022-12-18 21:02:53,735:14164: Yes my_avgbuy_price unavailable
CRITICAL:strat7:2022-12-18 21:03:19,967:14165: Yes my_avgbuy_price unavailable
CRITICAL:strat7:2022-12-18 21:03:21,982:14165: Yes my_avgbuy_price unavailable
CRITICAL:strat7:2022-12-18 21:03:24,790:14165: Yes my_avgbuy_price unavailable
CRITICAL:strat7:2022-12-18 21:03:26,897:14165: Yes my_avgbuy_price unavailable
CRITICAL:strat7:2022-12-18 21:04:06,346:14166: No my_buy_price unavailable
CRITICAL:strat7:2022-12-18 21:04:33,709:14167: No my_buy_price unavailable
CRITICAL:strat7:2022-12-18 21:04:35,837:14167: No my_buy_price unavailable
CRITICAL:strat7:2022-12-18 21:04:38,835:14167: No my_buy_price unavailable
CRITICAL:strat7:2022-12-18 21:04:42,403:14167: No my_buy_price unavailable
CRITICAL:strat7:2022-12-18 21:05:08,560:14168: Yes my_avgbuy_price unavailable
CRITICAL:strat7:2022-12-18 21:05:10,750:14168: Yes my_avgbuy_price unavailable
CRITICAL:strat7:2022-12-18 21:05:16,573:14168: Yes my_avgbuy_price unavailable
CRITICAL:strat7:2022-12-18 21:05:18,590:14168: Yes my_avgbuy_price unavailable
CRITICAL:strat7:2022-12-18 21:08:20,507:14164: Yes my_avgbuy_price unavailable
CRITICAL:strat7:2022-12-18 21:08:22,490:14164: Yes my_avgbuy_price unavailable
CRITICAL:strat7:2022-12-18 21:08:25,382:14164: Yes my_avgbuy_price unavailable
CRITICAL:strat7:2022-12-18 21:08:27,544:14164: Yes my_avgbuy_price unavailable
CRITICAL:strat7:2022-12-18 21:08:54,385:14165: Yes my_avgbuy_price unavailable
CRITICAL:strat7:2022-12-18 21:08:56,437:14165: Yes my_avgbuy_price unavailable
CRITICAL:strat7:2022-12-18 21:08:59,305:14165: Yes my_avgbuy_price unavailable
CRITICAL:strat7:2022-12-18 21:09:01,504:14165: Yes my_avgbuy_price unavailable
CRITICAL:strat7:2022-12-18 21:09:31,930:14166: No my_buy_price unavailable
CRITICAL:strat7:2022-12-18 21:09:33,860:14166: No my_buy_price unavailable
CRITICAL:strat7:2022-12-18 21:09:36,555:14166: No my_buy_price unavailable
CRITICAL:strat7:2022-12-18 21:09:38,642:14166: No my_buy_price unavailable
CRITICAL:strat7:2022-12-18 21:10:05,996:14167: No my_buy_price unavailable
CRITICAL:strat7:2022-12-18 21:10:07,936:14167: No my_buy_price unavailable
CRITICAL:strat7:2022-12-18 21:10:10,713:14167: No my_buy_price unavailable
CRITICAL:strat7:2022-12-18 21:10:12,708:14167: No my_buy_price unavailable
CRITICAL:strat7:2022-12-18 21:10:39,567:14168: Yes my_avgbuy_price unavailable
CRITICAL:strat7:2022-12-18 21:10:41,699:14168: Yes my_avgbuy_price unavailable
CRITICAL:strat7:2022-12-18 21:10:44,019:14168: Yes my_avgbuy_price unavailable
CRITICAL:strat7:2022-12-18 21:10:45,909:14168: Yes my_avgbuy_price unavailable
CRITICAL:strat7:2022-12-18 21:13:41,411:14164: Yes my_avgbuy_price unavailable
CRITICAL:strat7:2022-12-18 21:13:43,409:14164: Yes my_avgbuy_price unavailable
CRITICAL:strat7:2022-12-18 21:13:46,410:14164: Yes my_avgbuy_price unavailable
CRITICAL:strat7:2022-12-18 21:13:48,416:14164: Yes my_avgbuy_price unavailable
CRITICAL:strat7:2022-12-18 21:14:14,779:14165: Yes my_avgbuy_price unavailable
CRITICAL:strat7:2022-12-18 21:14:16,834:14165: Yes my_avgbuy_price unavailable
CRITICAL:strat7:2022-12-18 21:14:19,811:14165: Yes my_avgbuy_price unavailable
CRITICAL:strat7:2022-12-18 21:14:21,862:14165: Yes my_avgbuy_price unavailable
CRITICAL:strat7:2022-12-18 21:15:31,618:14167: No my_buy_price unavailable
CRITICAL:strat7:2022-12-18 21:15:33,661:14167: No my_buy_price unavailable
CRITICAL:strat7:2022-12-18 21:15:36,442:14167: No my_buy_price unavailable
CRITICAL:strat7:2022-12-18 21:15:38,533:14167: No my_buy_price unavailable
CRITICAL:strat7:2022-12-18 21:16:04,629:14168: Yes my_avgbuy_price unavailable
CRITICAL:strat7:2022-12-18 21:16:06,634:14168: Yes my_avgbuy_price unavailable
CRITICAL:strat7:2022-12-18 21:16:08,939:14168: Yes my_avgbuy_price unavailable
CRITICAL:strat7:2022-12-18 21:16:10,854:14168: Yes my_avgbuy_price unavailable
CRITICAL:strat7:2022-12-18 21:19:07,079:14164: Yes my_avgbuy_price unavailable
CRITICAL:strat7:2022-12-18 21:19:09,055:14164: Yes my_avgbuy_price unavailable
CRITICAL:strat7:2022-12-18 21:19:11,832:14164: Yes my_avgbuy_price unavailable
CRITICAL:strat7:2022-12-18 21:19:13,815:14164: Yes my_avgbuy_price unavailable
CRITICAL:strat7:2022-12-18 21:19:40,378:14165: Yes my_avgbuy_price unavailable
CRITICAL:strat7:2022-12-18 21:19:42,494:14165: Yes my_avgbuy_price unavailable
CRITICAL:strat7:2022-12-18 21:19:45,979:14165: Yes my_avgbuy_price unavailable
CRITICAL:strat7:2022-12-18 21:19:48,083:14165: Yes my_avgbuy_price unavailable
CRITICAL:strat7:2022-12-18 21:20:16,760:14166: No my_buy_price unavailable
CRITICAL:strat7:2022-12-18 21:20:18,776:14166: No my_buy_price unavailable
CRITICAL:strat7:2022-12-18 21:20:23,069:14166: No my_buy_price unavailable
CRITICAL:strat7:2022-12-18 21:20:25,081:14166: No my_buy_price unavailable
CRITICAL:strat7:2022-12-18 21:20:50,696:14167: No my_buy_price unavailable
CRITICAL:strat7:2022-12-18 21:20:53,051:14167: No my_buy_price unavailable
CRITICAL:strat7:2022-12-18 21:20:56,098:14167: No my_buy_price unavailable
CRITICAL:strat7:2022-12-18 21:20:58,033:14167: No my_buy_price unavailable
CRITICAL:strat7:2022-12-18 21:24:24,786:14164: Yes my_avgbuy_price unavailable
CRITICAL:strat7:2022-12-18 21:24:26,879:14164: Yes my_avgbuy_price unavailable
CRITICAL:strat7:2022-12-18 21:24:29,659:14164: Yes my_avgbuy_price unavailable
CRITICAL:strat7:2022-12-18 21:24:31,715:14164: Yes my_avgbuy_price unavailable
CRITICAL:strat7:2022-12-18 21:24:58,263:14165: Yes my_avgbuy_price unavailable
CRITICAL:strat7:2022-12-18 21:25:00,328:14165: Yes my_avgbuy_price unavailable
CRITICAL:strat7:2022-12-18 21:25:03,299:14165: Yes my_avgbuy_price unavailable
CRITICAL:strat7:2022-12-18 21:25:05,298:14165: Yes my_avgbuy_price unavailable
CRITICAL:strat7:2022-12-18 21:25:32,064:14166: No my_buy_price unavailable
CRITICAL:strat7:2022-12-18 21:25:34,014:14166: No my_buy_price unavailable
CRITICAL:strat7:2022-12-18 21:25:37,062:14166: No my_buy_price unavailable
CRITICAL:strat7:2022-12-18 21:25:39,020:14166: No my_buy_price unavailable
CRITICAL:strat7:2022-12-18 21:26:08,438:14167: No my_buy_price unavailable
CRITICAL:strat7:2022-12-18 21:26:10,409:14167: No my_buy_price unavailable
CRITICAL:strat7:2022-12-18 21:29:50,764:14164: Yes my_avgbuy_price unavailable
CRITICAL:strat7:2022-12-18 21:29:52,771:14164: Yes my_avgbuy_price unavailable
CRITICAL:strat7:2022-12-18 21:29:55,589:14164: Yes my_avgbuy_price unavailable
CRITICAL:strat7:2022-12-18 21:29:57,641:14164: Yes my_avgbuy_price unavailable
CRITICAL:strat7:2022-12-18 21:30:24,041:14165: Yes my_avgbuy_price unavailable
CRITICAL:strat7:2022-12-18 21:30:26,093:14165: Yes my_avgbuy_price unavailable
CRITICAL:strat7:2022-12-18 21:30:28,914:14165: Yes my_avgbuy_price unavailable
CRITICAL:strat7:2022-12-18 21:30:30,933:14165: Yes my_avgbuy_price unavailable
CRITICAL:strat7:2022-12-18 21:30:59,460:14166: No my_buy_price unavailable
CRITICAL:strat7:2022-12-18 21:31:01,583:14166: No my_buy_price unavailable
CRITICAL:strat7:2022-12-18 21:31:04,600:14166: No my_buy_price unavailable
CRITICAL:strat7:2022-12-18 21:31:06,696:14166: No my_buy_price unavailable
CRITICAL:strat7:2022-12-18 21:35:14,854:14164: Yes my_avgbuy_price unavailable
CRITICAL:strat7:2022-12-18 21:35:17,159:14164: Yes my_avgbuy_price unavailable
CRITICAL:strat7:2022-12-18 21:35:19,926:14164: Yes my_avgbuy_price unavailable
CRITICAL:strat7:2022-12-18 21:35:21,940:14164: Yes my_avgbuy_price unavailable
CRITICAL:strat7:2022-12-18 21:35:48,192:14165: Yes my_avgbuy_price unavailable
CRITICAL:strat7:2022-12-18 21:35:50,122:14165: Yes my_avgbuy_price unavailable
CRITICAL:strat7:2022-12-18 21:35:52,993:14165: Yes my_avgbuy_price unavailable
CRITICAL:strat7:2022-12-18 21:35:55,146:14165: Yes my_avgbuy_price unavailable
CRITICAL:strat7:2022-12-18 21:36:21,621:14166: No my_buy_price unavailable
CRITICAL:strat7:2022-12-18 21:36:23,689:14166: No my_buy_price unavailable
CRITICAL:strat7:2022-12-18 21:36:26,553:14166: No my_buy_price unavailable
CRITICAL:strat7:2022-12-18 21:36:28,573:14166: No my_buy_price unavailable
CRITICAL:strat7:2022-12-18 21:40:32,047:14164: Yes my_avgbuy_price unavailable
CRITICAL:strat7:2022-12-18 21:40:33,968:14164: Yes my_avgbuy_price unavailable
CRITICAL:strat7:2022-12-18 21:40:36,754:14164: Yes my_avgbuy_price unavailable
CRITICAL:strat7:2022-12-18 21:40:38,811:14164: Yes my_avgbuy_price unavailable
CRITICAL:strat7:2022-12-18 21:41:05,705:14165: Yes my_avgbuy_price unavailable
CRITICAL:strat7:2022-12-18 21:41:07,649:14165: Yes my_avgbuy_price unavailable
CRITICAL:strat7:2022-12-18 21:41:10,548:14165: Yes my_avgbuy_price unavailable
CRITICAL:strat7:2022-12-18 21:41:12,517:14165: Yes my_avgbuy_price unavailable
CRITICAL:strat7:2022-12-18 21:41:39,547:14166: No my_buy_price unavailable
CRITICAL:strat7:2022-12-18 21:41:41,613:14166: No my_buy_price unavailable
CRITICAL:strat7:2022-12-18 21:41:44,490:14166: No my_buy_price unavailable
CRITICAL:strat7:2022-12-18 21:41:46,462:14166: No my_buy_price unavailable
CRITICAL:strat7:2022-12-18 21:43:23,863:14169: No my_buy_price unavailable
CRITICAL:strat7:2022-12-18 21:43:25,959:14169: No my_buy_price unavailable
CRITICAL:strat7:2022-12-18 21:45:45,134:14164: Yes my_avgbuy_price unavailable
CRITICAL:strat7:2022-12-18 21:45:47,158:14164: Yes my_avgbuy_price unavailable
CRITICAL:strat7:2022-12-18 21:45:49,947:14164: Yes my_avgbuy_price unavailable
CRITICAL:strat7:2022-12-18 21:45:51,871:14164: Yes my_avgbuy_price unavailable
CRITICAL:strat7:2022-12-18 21:46:20,450:14165: Yes my_avgbuy_price unavailable
CRITICAL:strat7:2022-12-18 21:46:22,384:14165: Yes my_avgbuy_price unavailable
CRITICAL:strat7:2022-12-18 21:46:25,268:14165: Yes my_avgbuy_price unavailable
CRITICAL:strat7:2022-12-18 21:46:27,348:14165: Yes my_avgbuy_price unavailable
CRITICAL:strat7:2022-12-18 21:46:53,649:14166: No my_buy_price unavailable
CRITICAL:strat7:2022-12-18 21:46:55,606:14166: No my_buy_price unavailable
CRITICAL:strat7:2022-12-18 21:46:58,417:14166: No my_buy_price unavailable
CRITICAL:strat7:2022-12-18 21:47:00,485:14166: No my_buy_price unavailable
CRITICAL:strat7:2022-12-18 21:48:38,518:14169: No my_buy_price unavailable
CRITICAL:strat7:2022-12-18 21:48:40,471:14169: No my_buy_price unavailable
CRITICAL:strat7:2022-12-18 21:48:43,343:14169: No my_buy_price unavailable
CRITICAL:strat7:2022-12-18 21:48:45,310:14169: No my_buy_price unavailable
CRITICAL:strat7:2022-12-18 21:51:06,521:14164: Yes my_avgbuy_price unavailable
CRITICAL:strat7:2022-12-18 21:51:08,565:14164: Yes my_avgbuy_price unavailable
CRITICAL:strat7:2022-12-18 21:51:11,446:14164: Yes my_avgbuy_price unavailable
CRITICAL:strat7:2022-12-18 21:51:13,369:14164: Yes my_avgbuy_price unavailable
CRITICAL:strat7:2022-12-18 21:51:39,592:14165: Yes my_avgbuy_price unavailable
CRITICAL:strat7:2022-12-18 21:51:41,655:14165: Yes my_avgbuy_price unavailable
CRITICAL:strat7:2022-12-18 21:51:44,530:14165: Yes my_avgbuy_price unavailable
CRITICAL:strat7:2022-12-18 21:51:46,549:14165: Yes my_avgbuy_price unavailable
CRITICAL:strat7:2022-12-18 21:53:53,597:14169: No my_buy_price unavailable
CRITICAL:strat7:2022-12-18 21:53:55,670:14169: No my_buy_price unavailable
CRITICAL:strat7:2022-12-18 21:53:58,504:14169: No my_buy_price unavailable
CRITICAL:strat7:2022-12-18 21:54:00,472:14169: No my_buy_price unavailable
CRITICAL:strat7:2022-12-18 21:56:23,114:14164: Yes my_avgbuy_price unavailable
CRITICAL:strat7:2022-12-18 21:56:25,103:14164: Yes my_avgbuy_price unavailable
CRITICAL:strat7:2022-12-18 21:56:27,890:14164: Yes my_avgbuy_price unavailable
CRITICAL:strat7:2022-12-18 21:56:29,883:14164: Yes my_avgbuy_price unavailable
CRITICAL:strat7:2022-12-18 21:57:40,537:14166: Yes my_avgbuy_price unavailable
CRITICAL:strat7:2022-12-18 21:57:42,591:14166: Yes my_avgbuy_price unavailable
CRITICAL:strat7:2022-12-18 21:57:45,368:14166: Yes my_avgbuy_price unavailable
CRITICAL:strat7:2022-12-18 21:57:47,362:14166: Yes my_avgbuy_price unavailable
CRITICAL:strat7:2022-12-18 21:59:18,772:14169: No my_buy_price unavailable
CRITICAL:strat7:2022-12-18 21:59:20,812:14169: No my_buy_price unavailable
CRITICAL:strat7:2022-12-18 21:59:23,643:14169: No my_buy_price unavailable
CRITICAL:strat7:2022-12-18 21:59:25,824:14169: No my_buy_price unavailable
CRITICAL:strat7:2022-12-18 22:01:54,853:14164: Yes my_avgbuy_price unavailable
CRITICAL:strat7:2022-12-18 22:01:57,035:14164: Yes my_avgbuy_price unavailable
CRITICAL:strat7:2022-12-18 22:01:59,904:14164: Yes my_avgbuy_price unavailable
CRITICAL:strat7:2022-12-18 22:02:01,899:14164: Yes my_avgbuy_price unavailable
CRITICAL:strat7:2022-12-18 22:02:37,504:14165: Yes my_avgbuy_price unavailable
CRITICAL:strat7:2022-12-18 22:02:39,487:14165: Yes my_avgbuy_price unavailable
CRITICAL:strat7:2022-12-18 22:04:40,163:14169: No my_buy_price unavailable
CRITICAL:strat7:2022-12-18 22:04:42,198:14169: No my_buy_price unavailable
CRITICAL:strat7:2022-12-18 22:04:44,964:14169: No my_buy_price unavailable
CRITICAL:strat7:2022-12-18 22:04:47,035:14169: No my_buy_price unavailable
CRITICAL:strat7:2022-12-18 22:07:11,655:14164: Yes my_avgbuy_price unavailable
CRITICAL:strat7:2022-12-18 22:07:14,115:14164: Yes my_avgbuy_price unavailable
CRITICAL:strat7:2022-12-18 22:07:16,926:14164: Yes my_avgbuy_price unavailable
CRITICAL:strat7:2022-12-18 22:07:18,877:14164: Yes my_avgbuy_price unavailable
CRITICAL:strat7:2022-12-18 22:07:44,943:14165: Yes my_avgbuy_price unavailable
CRITICAL:strat7:2022-12-18 22:07:46,935:14165: Yes my_avgbuy_price unavailable
CRITICAL:strat7:2022-12-18 22:07:49,841:14165: Yes my_avgbuy_price unavailable
CRITICAL:strat7:2022-12-18 22:07:51,808:14165: Yes my_avgbuy_price unavailable
CRITICAL:strat7:2022-12-18 22:09:59,244:14169: No my_buy_price unavailable
CRITICAL:strat7:2022-12-18 22:10:01,301:14169: No my_buy_price unavailable
CRITICAL:strat7:2022-12-18 22:10:04,703:14169: No my_buy_price unavailable
CRITICAL:strat7:2022-12-18 22:10:06,685:14169: No my_buy_price unavailable
CRITICAL:strat7:2022-12-18 22:12:28,606:14164: Yes my_avgbuy_price unavailable
CRITICAL:strat7:2022-12-18 22:12:30,635:14164: Yes my_avgbuy_price unavailable
CRITICAL:strat7:2022-12-18 22:12:33,502:14164: Yes my_avgbuy_price unavailable
CRITICAL:strat7:2022-12-18 22:12:35,557:14164: Yes my_avgbuy_price unavailable
CRITICAL:strat7:2022-12-18 22:13:03,813:14165: Yes my_avgbuy_price unavailable
CRITICAL:strat7:2022-12-18 22:13:06,374:14165: Yes my_avgbuy_price unavailable
CRITICAL:strat7:2022-12-18 22:13:09,325:14165: Yes my_avgbuy_price unavailable
CRITICAL:strat7:2022-12-18 22:13:11,268:14165: Yes my_avgbuy_price unavailable
CRITICAL:strat7:2022-12-18 22:13:42,681:14166: No my_buy_price unavailable
CRITICAL:strat7:2022-12-18 22:13:47,131:14166: No my_buy_price unavailable
CRITICAL:strat7:2022-12-18 22:13:49,086:14166: No my_buy_price unavailable
CRITICAL:strat7:2022-12-18 22:15:19,946:14169: No my_buy_price unavailable
CRITICAL:strat7:2022-12-18 22:15:21,915:14169: No my_buy_price unavailable
CRITICAL:strat7:2022-12-18 22:15:24,700:14169: No my_buy_price unavailable
CRITICAL:strat7:2022-12-18 22:15:26,835:14169: No my_buy_price unavailable
CRITICAL:strat7:2022-12-18 22:17:50,832:14164: Yes my_avgbuy_price unavailable
CRITICAL:strat7:2022-12-18 22:17:52,840:14164: Yes my_avgbuy_price unavailable
CRITICAL:strat7:2022-12-18 22:17:55,654:14164: Yes my_avgbuy_price unavailable
CRITICAL:strat7:2022-12-18 22:17:57,776:14164: Yes my_avgbuy_price unavailable
CRITICAL:strat7:2022-12-18 22:18:23,403:14165: Yes my_avgbuy_price unavailable
CRITICAL:strat7:2022-12-18 22:18:25,614:14165: Yes my_avgbuy_price unavailable
CRITICAL:strat7:2022-12-18 22:18:28,653:14165: Yes my_avgbuy_price unavailable
CRITICAL:strat7:2022-12-18 22:18:30,703:14165: Yes my_avgbuy_price unavailable
CRITICAL:strat7:2022-12-18 22:19:02,252:14166: No my_buy_price unavailable
CRITICAL:strat7:2022-12-18 22:19:04,341:14166: No my_buy_price unavailable
CRITICAL:strat7:2022-12-18 22:19:07,181:14166: No my_buy_price unavailable
CRITICAL:strat7:2022-12-18 22:19:09,152:14166: No my_buy_price unavailable
CRITICAL:strat7:2022-12-18 22:20:43,185:14169: No my_buy_price unavailable
CRITICAL:strat7:2022-12-18 22:20:45,325:14169: No my_buy_price unavailable
CRITICAL:strat7:2022-12-18 22:20:48,321:14169: No my_buy_price unavailable
CRITICAL:strat7:2022-12-18 22:20:50,342:14169: No my_buy_price unavailable
CRITICAL:strat7:2022-12-18 22:23:20,047:14164: Yes my_avgbuy_price unavailable
CRITICAL:strat7:2022-12-18 22:23:22,010:14164: Yes my_avgbuy_price unavailable
CRITICAL:strat7:2022-12-18 22:23:24,785:14164: Yes my_avgbuy_price unavailable
CRITICAL:strat7:2022-12-18 22:23:26,999:14164: Yes my_avgbuy_price unavailable
CRITICAL:strat7:2022-12-18 22:23:52,623:14165: Yes my_avgbuy_price unavailable
CRITICAL:strat7:2022-12-18 22:23:54,698:14165: Yes my_avgbuy_price unavailable
CRITICAL:strat7:2022-12-18 22:23:57,647:14165: Yes my_avgbuy_price unavailable
CRITICAL:strat7:2022-12-18 22:23:59,714:14165: Yes my_avgbuy_price unavailable
CRITICAL:strat7:2022-12-18 22:24:26,613:14166: No my_buy_price unavailable
CRITICAL:strat7:2022-12-18 22:24:28,691:14166: No my_buy_price unavailable
CRITICAL:strat7:2022-12-18 22:24:31,563:14166: No my_buy_price unavailable
CRITICAL:strat7:2022-12-18 22:24:35,708:14166: No my_buy_price unavailable
CRITICAL:strat7:2022-12-18 22:26:07,778:14169: No my_buy_price unavailable
CRITICAL:strat7:2022-12-18 22:26:09,797:14169: No my_buy_price unavailable
CRITICAL:strat7:2022-12-18 22:26:12,613:14169: No my_buy_price unavailable
CRITICAL:strat7:2022-12-18 22:26:14,603:14169: No my_buy_price unavailable
CRITICAL:strat7:2022-12-18 22:28:47,511:14164: Yes my_avgbuy_price unavailable
CRITICAL:strat7:2022-12-18 22:28:49,601:14164: Yes my_avgbuy_price unavailable
CRITICAL:strat7:2022-12-18 22:28:52,479:14164: Yes my_avgbuy_price unavailable
CRITICAL:strat7:2022-12-18 22:28:54,523:14164: Yes my_avgbuy_price unavailable
CRITICAL:strat7:2022-12-18 22:29:21,412:14165: Yes my_avgbuy_price unavailable
CRITICAL:strat7:2022-12-18 22:29:23,444:14165: Yes my_avgbuy_price unavailable
CRITICAL:strat7:2022-12-18 22:29:26,483:14165: Yes my_avgbuy_price unavailable
CRITICAL:strat7:2022-12-18 22:29:28,615:14165: Yes my_avgbuy_price unavailable
CRITICAL:strat7:2022-12-18 22:34:15,741:14164: Yes my_avgbuy_price unavailable
CRITICAL:strat7:2022-12-18 22:34:17,781:14164: Yes my_avgbuy_price unavailable
CRITICAL:strat7:2022-12-18 22:34:20,560:14164: Yes my_avgbuy_price unavailable
CRITICAL:strat7:2022-12-18 22:34:23,234:14164: Yes my_avgbuy_price unavailable
CRITICAL:strat7:2022-12-18 22:34:49,792:14165: Yes my_avgbuy_price unavailable
CRITICAL:strat7:2022-12-18 22:34:51,784:14165: Yes my_avgbuy_price unavailable
CRITICAL:strat7:2022-12-18 22:34:54,609:14165: Yes my_avgbuy_price unavailable
CRITICAL:strat7:2022-12-18 22:34:56,656:14165: Yes my_avgbuy_price unavailable
CRITICAL:strat7:2022-12-18 22:36:10,064:14167: No my_buy_price unavailable
CRITICAL:strat7:2022-12-18 22:36:12,057:14167: No my_buy_price unavailable
CRITICAL:strat7:2022-12-18 22:39:48,693:14164: Yes my_avgbuy_price unavailable
CRITICAL:strat7:2022-12-18 22:39:50,679:14164: Yes my_avgbuy_price unavailable
CRITICAL:strat7:2022-12-18 22:39:53,936:14164: Yes my_avgbuy_price unavailable
CRITICAL:strat7:2022-12-18 22:39:55,954:14164: Yes my_avgbuy_price unavailable
CRITICAL:strat7:2022-12-18 22:40:21,563:14165: Yes my_avgbuy_price unavailable
CRITICAL:strat7:2022-12-18 22:40:23,616:14165: Yes my_avgbuy_price unavailable
CRITICAL:strat7:2022-12-18 22:40:26,528:14165: Yes my_avgbuy_price unavailable
CRITICAL:strat7:2022-12-18 22:40:28,501:14165: Yes my_avgbuy_price unavailable
CRITICAL:strat7:2022-12-18 22:40:59,189:14166: No my_buy_price unavailable
CRITICAL:strat7:2022-12-18 22:41:01,316:14166: No my_buy_price unavailable
CRITICAL:strat7:2022-12-18 22:42:18,507:14168: No my_buy_price unavailable
CRITICAL:strat7:2022-12-18 22:42:20,499:14168: No my_buy_price unavailable
CRITICAL:strat7:2022-12-18 22:42:23,334:14168: No my_buy_price unavailable
CRITICAL:strat7:2022-12-18 22:42:26,029:14168: No my_buy_price unavailable
CRITICAL:strat7:2022-12-18 22:43:00,656:14169: No my_buy_price unavailable
CRITICAL:strat7:2022-12-18 22:43:02,770:14169: No my_buy_price unavailable
CRITICAL:strat7:2022-12-18 22:45:27,796:14164: Yes my_avgbuy_price unavailable
CRITICAL:strat7:2022-12-18 22:45:29,782:14164: Yes my_avgbuy_price unavailable
CRITICAL:strat7:2022-12-18 22:45:32,550:14164: Yes my_avgbuy_price unavailable
CRITICAL:strat7:2022-12-18 22:45:34,509:14164: Yes my_avgbuy_price unavailable
CRITICAL:strat7:2022-12-18 22:46:01,606:14165: Yes my_avgbuy_price unavailable
CRITICAL:strat7:2022-12-18 22:46:03,732:14165: Yes my_avgbuy_price unavailable
CRITICAL:strat7:2022-12-18 22:46:06,508:14165: Yes my_avgbuy_price unavailable
CRITICAL:strat7:2022-12-18 22:46:08,504:14165: Yes my_avgbuy_price unavailable
CRITICAL:strat7:2022-12-18 22:46:44,546:14166: No my_buy_price unavailable
CRITICAL:strat7:2022-12-18 22:46:46,567:14166: No my_buy_price unavailable
CRITICAL:strat7:2022-12-18 22:48:31,010:14169: No my_buy_price unavailable
CRITICAL:strat7:2022-12-18 22:48:33,041:14169: No my_buy_price unavailable
CRITICAL:strat7:2022-12-18 22:48:35,875:14169: No my_buy_price unavailable
CRITICAL:strat7:2022-12-18 22:48:37,996:14169: No my_buy_price unavailable
CRITICAL:strat7:2022-12-18 22:51:06,703:14164: Yes my_avgbuy_price unavailable
CRITICAL:strat7:2022-12-18 22:51:08,678:14164: Yes my_avgbuy_price unavailable
CRITICAL:strat7:2022-12-18 22:51:11,526:14164: Yes my_avgbuy_price unavailable
CRITICAL:strat7:2022-12-18 22:51:14,086:14164: Yes my_avgbuy_price unavailable
CRITICAL:strat7:2022-12-18 22:51:40,355:14165: Yes my_avgbuy_price unavailable
CRITICAL:strat7:2022-12-18 22:51:42,342:14165: Yes my_avgbuy_price unavailable
CRITICAL:strat7:2022-12-18 22:51:45,149:14165: Yes my_avgbuy_price unavailable
CRITICAL:strat7:2022-12-18 22:51:47,184:14165: Yes my_avgbuy_price unavailable
CRITICAL:strat7:2022-12-18 22:53:29,724:14168: No my_buy_price unavailable
CRITICAL:strat7:2022-12-18 22:53:31,823:14168: No my_buy_price unavailable
CRITICAL:strat7:2022-12-18 22:53:34,622:14168: No my_buy_price unavailable
CRITICAL:strat7:2022-12-18 22:53:36,662:14168: No my_buy_price unavailable
CRITICAL:strat7:2022-12-18 22:54:02,562:14169: No my_buy_price unavailable
CRITICAL:strat7:2022-12-18 22:54:04,585:14169: No my_buy_price unavailable
CRITICAL:strat7:2022-12-18 22:54:07,521:14169: No my_buy_price unavailable
CRITICAL:strat7:2022-12-18 22:54:09,482:14169: No my_buy_price unavailable
CRITICAL:strat7:2022-12-18 22:56:39,651:14164: Yes my_avgbuy_price unavailable
CRITICAL:strat7:2022-12-18 22:56:41,688:14164: Yes my_avgbuy_price unavailable
CRITICAL:strat7:2022-12-18 22:56:44,515:14164: Yes my_avgbuy_price unavailable
CRITICAL:strat7:2022-12-18 22:56:46,469:14164: Yes my_avgbuy_price unavailable
CRITICAL:strat7:2022-12-18 22:57:13,618:14165: Yes my_avgbuy_price unavailable
CRITICAL:strat7:2022-12-18 22:57:15,657:14165: Yes my_avgbuy_price unavailable
CRITICAL:strat7:2022-12-18 22:57:18,467:14165: Yes my_avgbuy_price unavailable
CRITICAL:strat7:2022-12-18 22:57:20,421:14165: Yes my_avgbuy_price unavailable
CRITICAL:strat7:2022-12-18 22:58:54,563:14168: No my_buy_price unavailable
CRITICAL:strat7:2022-12-18 22:58:56,520:14168: No my_buy_price unavailable
CRITICAL:strat7:2022-12-18 22:58:59,287:14168: No my_buy_price unavailable
CRITICAL:strat7:2022-12-18 22:59:01,256:14168: No my_buy_price unavailable
