INFO:strat7:2023-01-13 15:02:19,079:16338: Initialising event
CRITICAL:strat7:2023-01-13 15:03:13,781:16338: Yes my_avgbuy_price unavailable
CRITICAL:strat7:2023-01-13 15:03:17,202:16338: Yes my_avgbuy_price unavailable
WARNING:strat7:2023-01-13 15:03:19,093:16338: last_values_dict empty
INFO:strat7:2023-01-13 15:03:25,912:16339: Initialising event
CRITICAL:strat7:2023-01-13 15:04:06,577:16339: Yes my_avgbuy_price unavailable
CRITICAL:strat7:2023-01-13 15:04:09,876:16339: Yes my_avgbuy_price unavailable
WARNING:strat7:2023-01-13 15:04:11,792:16339: last_values_dict empty
INFO:strat7:2023-01-13 15:04:18,370:16340: Initialising event
CRITICAL:strat7:2023-01-13 15:04:56,307:16340: Yes my_avgbuy_price unavailable
CRITICAL:strat7:2023-01-13 15:04:59,667:16340: Yes my_avgbuy_price unavailable
WARNING:strat7:2023-01-13 15:05:01,569:16340: last_values_dict empty
INFO:strat7:2023-01-13 15:05:08,319:16341: Initialising event
CRITICAL:strat7:2023-01-13 15:05:45,787:16341: Yes my_avgbuy_price unavailable
CRITICAL:strat7:2023-01-13 15:05:51,685:16341: Yes my_avgbuy_price unavailable
WARNING:strat7:2023-01-13 15:05:53,574:16341: last_values_dict empty
INFO:strat7:2023-01-13 15:06:00,166:16342: Initialising event
CRITICAL:strat7:2023-01-13 15:06:37,569:16342: No my_buy_price unavailable
CRITICAL:strat7:2023-01-13 15:06:40,544:16342: No my_buy_price unavailable
WARNING:strat7:2023-01-13 15:06:42,251:16342: last_values_dict empty
INFO:strat7:2023-01-13 15:06:48,855:16343: Initialising event
CRITICAL:strat7:2023-01-13 15:07:28,156:16343: No my_buy_price unavailable
CRITICAL:strat7:2023-01-13 15:07:31,124:16343: No my_buy_price unavailable
WARNING:strat7:2023-01-13 15:07:32,814:16343: last_values_dict empty
INFO:strat7:2023-01-13 15:07:39,249:16344: Initialising event
CRITICAL:strat7:2023-01-13 15:08:19,075:16344: No my_buy_price unavailable
CRITICAL:strat7:2023-01-13 15:08:21,979:16344: No my_buy_price unavailable
WARNING:strat7:2023-01-13 15:08:23,596:16344: last_values_dict empty
INFO:strat7:2023-01-13 15:08:30,037:16345: Initialising event
WARNING:strat7:2023-01-13 15:09:10,256:16345: last_values_dict empty
CRITICAL:strat7:2023-01-13 15:09:48,174:16338: Yes my_avgbuy_price unavailable
CRITICAL:strat7:2023-01-13 15:09:51,034:16338: Yes my_avgbuy_price unavailable
CRITICAL:strat7:2023-01-13 15:09:54,202:16338: Yes my_avgbuy_price unavailable
CRITICAL:strat7:2023-01-13 15:09:57,084:16338: Yes my_avgbuy_price unavailable
CRITICAL:strat7:2023-01-13 15:10:36,584:16339: Yes my_avgbuy_price unavailable
CRITICAL:strat7:2023-01-13 15:10:39,881:16339: Yes my_avgbuy_price unavailable
CRITICAL:strat7:2023-01-13 15:10:43,676:16339: Yes my_avgbuy_price unavailable
CRITICAL:strat7:2023-01-13 15:10:46,975:16339: Yes my_avgbuy_price unavailable
CRITICAL:strat7:2023-01-13 15:11:22,441:16340: Yes my_avgbuy_price unavailable
CRITICAL:strat7:2023-01-13 15:11:25,820:16340: Yes my_avgbuy_price unavailable
CRITICAL:strat7:2023-01-13 15:11:29,697:16340: Yes my_avgbuy_price unavailable
CRITICAL:strat7:2023-01-13 15:11:32,905:16340: Yes my_avgbuy_price unavailable
CRITICAL:strat7:2023-01-13 15:12:10,543:16341: Yes my_avgbuy_price unavailable
CRITICAL:strat7:2023-01-13 15:12:13,537:16341: Yes my_avgbuy_price unavailable
CRITICAL:strat7:2023-01-13 15:12:16,863:16341: Yes my_avgbuy_price unavailable
CRITICAL:strat7:2023-01-13 15:12:19,774:16341: Yes my_avgbuy_price unavailable
CRITICAL:strat7:2023-01-13 15:12:59,926:16342: No my_buy_price unavailable
CRITICAL:strat7:2023-01-13 15:13:02,839:16342: No my_buy_price unavailable
CRITICAL:strat7:2023-01-13 15:13:06,780:16342: No my_buy_price unavailable
CRITICAL:strat7:2023-01-13 15:13:09,604:16342: No my_buy_price unavailable
CRITICAL:strat7:2023-01-13 15:13:48,823:16343: No my_buy_price unavailable
CRITICAL:strat7:2023-01-13 15:13:52,189:16343: No my_buy_price unavailable
CRITICAL:strat7:2023-01-13 15:13:56,549:16343: No my_buy_price unavailable
CRITICAL:strat7:2023-01-13 15:13:59,854:16343: No my_buy_price unavailable
CRITICAL:strat7:2023-01-13 15:14:38,980:16344: No my_buy_price unavailable
CRITICAL:strat7:2023-01-13 15:14:42,344:16344: No my_buy_price unavailable
CRITICAL:strat7:2023-01-13 15:14:46,204:16344: No my_buy_price unavailable
CRITICAL:strat7:2023-01-13 15:14:49,427:16344: No my_buy_price unavailable
CRITICAL:strat7:2023-01-13 15:15:30,968:16345: No my_buy_price unavailable
CRITICAL:strat7:2023-01-13 15:15:34,373:16345: No my_buy_price unavailable
CRITICAL:strat7:2023-01-13 15:15:38,295:16345: No my_buy_price unavailable
CRITICAL:strat7:2023-01-13 15:15:42,438:16345: No my_buy_price unavailable
CRITICAL:strat7:2023-01-13 15:17:25,619:16338: Yes my_avgbuy_price unavailable
CRITICAL:strat7:2023-01-13 15:17:28,496:16338: Yes my_avgbuy_price unavailable
CRITICAL:strat7:2023-01-13 15:17:31,955:16338: Yes my_avgbuy_price unavailable
CRITICAL:strat7:2023-01-13 15:17:34,814:16338: Yes my_avgbuy_price unavailable
CRITICAL:strat7:2023-01-13 15:18:16,382:16339: Yes my_avgbuy_price unavailable
CRITICAL:strat7:2023-01-13 15:18:19,332:16339: Yes my_avgbuy_price unavailable
CRITICAL:strat7:2023-01-13 15:18:22,714:16339: Yes my_avgbuy_price unavailable
CRITICAL:strat7:2023-01-13 15:18:25,710:16339: Yes my_avgbuy_price unavailable
CRITICAL:strat7:2023-01-13 15:19:06,895:16340: Yes my_avgbuy_price unavailable
CRITICAL:strat7:2023-01-13 15:19:10,067:16340: Yes my_avgbuy_price unavailable
CRITICAL:strat7:2023-01-13 15:19:13,554:16340: Yes my_avgbuy_price unavailable
CRITICAL:strat7:2023-01-13 15:19:16,448:16340: Yes my_avgbuy_price unavailable
CRITICAL:strat7:2023-01-13 15:19:57,695:16341: Yes my_avgbuy_price unavailable
CRITICAL:strat7:2023-01-13 15:20:00,799:16341: Yes my_avgbuy_price unavailable
CRITICAL:strat7:2023-01-13 15:20:04,229:16341: Yes my_avgbuy_price unavailable
CRITICAL:strat7:2023-01-13 15:20:07,157:16341: Yes my_avgbuy_price unavailable
CRITICAL:strat7:2023-01-13 15:20:45,777:16342: Yes my_avgbuy_price unavailable
CRITICAL:strat7:2023-01-13 15:20:48,651:16342: Yes my_avgbuy_price unavailable
CRITICAL:strat7:2023-01-13 15:20:51,946:16342: Yes my_avgbuy_price unavailable
CRITICAL:strat7:2023-01-13 15:20:54,906:16342: Yes my_avgbuy_price unavailable
CRITICAL:strat7:2023-01-13 15:21:35,907:16343: No my_buy_price unavailable
CRITICAL:strat7:2023-01-13 15:21:38,779:16343: No my_buy_price unavailable
CRITICAL:strat7:2023-01-13 15:21:42,094:16343: No my_buy_price unavailable
CRITICAL:strat7:2023-01-13 15:21:44,944:16343: No my_buy_price unavailable
CRITICAL:strat7:2023-01-13 15:22:21,769:16344: No my_buy_price unavailable
CRITICAL:strat7:2023-01-13 15:22:25,078:16344: No my_buy_price unavailable
CRITICAL:strat7:2023-01-13 15:22:28,294:16344: No my_buy_price unavailable
CRITICAL:strat7:2023-01-13 15:22:31,214:16344: No my_buy_price unavailable
CRITICAL:strat7:2023-01-13 15:23:07,684:16345: No my_buy_price unavailable
CRITICAL:strat7:2023-01-13 15:23:10,908:16345: No my_buy_price unavailable
CRITICAL:strat7:2023-01-13 15:23:14,758:16345: No my_buy_price unavailable
CRITICAL:strat7:2023-01-13 15:23:17,946:16345: No my_buy_price unavailable
CRITICAL:strat7:2023-01-13 15:25:00,980:16338: Yes my_avgbuy_price unavailable
CRITICAL:strat7:2023-01-13 15:25:04,398:16338: Yes my_avgbuy_price unavailable
CRITICAL:strat7:2023-01-13 15:25:08,319:16338: Yes my_avgbuy_price unavailable
CRITICAL:strat7:2023-01-13 15:25:11,574:16338: Yes my_avgbuy_price unavailable
CRITICAL:strat7:2023-01-13 15:25:54,295:16339: Yes my_avgbuy_price unavailable
CRITICAL:strat7:2023-01-13 15:25:57,513:16339: Yes my_avgbuy_price unavailable
CRITICAL:strat7:2023-01-13 15:26:01,596:16339: Yes my_avgbuy_price unavailable
CRITICAL:strat7:2023-01-13 15:26:04,770:16339: Yes my_avgbuy_price unavailable
CRITICAL:strat7:2023-01-13 15:26:46,381:16340: Yes my_avgbuy_price unavailable
CRITICAL:strat7:2023-01-13 15:26:49,237:16340: Yes my_avgbuy_price unavailable
CRITICAL:strat7:2023-01-13 15:26:52,513:16340: Yes my_avgbuy_price unavailable
CRITICAL:strat7:2023-01-13 15:26:55,445:16340: Yes my_avgbuy_price unavailable
CRITICAL:strat7:2023-01-13 15:27:37,756:16341: Yes my_avgbuy_price unavailable
CRITICAL:strat7:2023-01-13 15:27:41,094:16341: Yes my_avgbuy_price unavailable
CRITICAL:strat7:2023-01-13 15:27:44,469:16341: Yes my_avgbuy_price unavailable
CRITICAL:strat7:2023-01-13 15:27:47,327:16341: Yes my_avgbuy_price unavailable
CRITICAL:strat7:2023-01-13 15:28:24,418:16342: Yes my_avgbuy_price unavailable
CRITICAL:strat7:2023-01-13 15:28:27,862:16342: Yes my_avgbuy_price unavailable
CRITICAL:strat7:2023-01-13 15:28:32,029:16342: Yes my_avgbuy_price unavailable
CRITICAL:strat7:2023-01-13 15:28:35,667:16342: Yes my_avgbuy_price unavailable
CRITICAL:strat7:2023-01-13 15:29:18,499:16343: No my_buy_price unavailable
CRITICAL:strat7:2023-01-13 15:29:21,305:16343: No my_buy_price unavailable
CRITICAL:strat7:2023-01-13 15:29:24,595:16343: No my_buy_price unavailable
CRITICAL:strat7:2023-01-13 15:29:27,394:16343: No my_buy_price unavailable
CRITICAL:strat7:2023-01-13 15:30:09,441:16344: No my_buy_price unavailable
CRITICAL:strat7:2023-01-13 15:30:12,298:16344: No my_buy_price unavailable
CRITICAL:strat7:2023-01-13 15:30:15,586:16344: No my_buy_price unavailable
CRITICAL:strat7:2023-01-13 15:30:18,393:16344: No my_buy_price unavailable
CRITICAL:strat7:2023-01-13 15:30:58,737:16345: No my_buy_price unavailable
CRITICAL:strat7:2023-01-13 15:31:01,809:16345: No my_buy_price unavailable
CRITICAL:strat7:2023-01-13 15:31:05,169:16345: No my_buy_price unavailable
CRITICAL:strat7:2023-01-13 15:31:08,068:16345: No my_buy_price unavailable
CRITICAL:strat7:2023-01-13 15:32:49,276:16338: Yes my_avgbuy_price unavailable
CRITICAL:strat7:2023-01-13 15:32:52,191:16338: Yes my_avgbuy_price unavailable
CRITICAL:strat7:2023-01-13 15:32:55,433:16338: Yes my_avgbuy_price unavailable
CRITICAL:strat7:2023-01-13 15:32:58,328:16338: Yes my_avgbuy_price unavailable
CRITICAL:strat7:2023-01-13 15:33:38,267:16339: Yes my_avgbuy_price unavailable
CRITICAL:strat7:2023-01-13 15:33:41,542:16339: Yes my_avgbuy_price unavailable
CRITICAL:strat7:2023-01-13 15:33:45,375:16339: Yes my_avgbuy_price unavailable
CRITICAL:strat7:2023-01-13 15:33:48,633:16339: Yes my_avgbuy_price unavailable
CRITICAL:strat7:2023-01-13 15:34:30,733:16340: Yes my_avgbuy_price unavailable
CRITICAL:strat7:2023-01-13 15:34:34,063:16340: Yes my_avgbuy_price unavailable
CRITICAL:strat7:2023-01-13 15:34:37,568:16340: Yes my_avgbuy_price unavailable
CRITICAL:strat7:2023-01-13 15:34:40,411:16340: Yes my_avgbuy_price unavailable
CRITICAL:strat7:2023-01-13 15:35:20,598:16341: Yes my_avgbuy_price unavailable
CRITICAL:strat7:2023-01-13 15:35:23,565:16341: Yes my_avgbuy_price unavailable
CRITICAL:strat7:2023-01-13 15:35:26,883:16341: Yes my_avgbuy_price unavailable
CRITICAL:strat7:2023-01-13 15:35:29,832:16341: Yes my_avgbuy_price unavailable
CRITICAL:strat7:2023-01-13 15:36:11,325:16342: Yes my_avgbuy_price unavailable
CRITICAL:strat7:2023-01-13 15:36:14,673:16342: Yes my_avgbuy_price unavailable
CRITICAL:strat7:2023-01-13 15:36:18,596:16342: Yes my_avgbuy_price unavailable
CRITICAL:strat7:2023-01-13 15:36:21,845:16342: Yes my_avgbuy_price unavailable
CRITICAL:strat7:2023-01-13 15:37:03,559:16343: No my_buy_price unavailable
CRITICAL:strat7:2023-01-13 15:37:06,383:16343: No my_buy_price unavailable
CRITICAL:strat7:2023-01-13 15:37:09,667:16343: No my_buy_price unavailable
CRITICAL:strat7:2023-01-13 15:37:12,471:16343: No my_buy_price unavailable
CRITICAL:strat7:2023-01-13 15:37:54,261:16344: No my_buy_price unavailable
CRITICAL:strat7:2023-01-13 15:37:57,382:16344: No my_buy_price unavailable
CRITICAL:strat7:2023-01-13 15:38:01,426:16344: No my_buy_price unavailable
CRITICAL:strat7:2023-01-13 15:38:06,018:16344: No my_buy_price unavailable
CRITICAL:strat7:2023-01-13 15:38:48,865:16345: No my_buy_price unavailable
CRITICAL:strat7:2023-01-13 15:38:52,098:16345: No my_buy_price unavailable
CRITICAL:strat7:2023-01-13 15:38:55,508:16345: No my_buy_price unavailable
CRITICAL:strat7:2023-01-13 15:38:58,383:16345: No my_buy_price unavailable
CRITICAL:strat7:2023-01-13 15:40:36,578:16338: Yes my_avgbuy_price unavailable
CRITICAL:strat7:2023-01-13 15:40:39,506:16338: Yes my_avgbuy_price unavailable
CRITICAL:strat7:2023-01-13 15:40:42,742:16338: Yes my_avgbuy_price unavailable
CRITICAL:strat7:2023-01-13 15:40:45,889:16338: Yes my_avgbuy_price unavailable
CRITICAL:strat7:2023-01-13 15:41:26,047:16339: Yes my_avgbuy_price unavailable
CRITICAL:strat7:2023-01-13 15:41:28,874:16339: Yes my_avgbuy_price unavailable
CRITICAL:strat7:2023-01-13 15:41:32,122:16339: Yes my_avgbuy_price unavailable
CRITICAL:strat7:2023-01-13 15:41:34,966:16339: Yes my_avgbuy_price unavailable
CRITICAL:strat7:2023-01-13 15:42:16,235:16340: Yes my_avgbuy_price unavailable
CRITICAL:strat7:2023-01-13 15:42:19,078:16340: Yes my_avgbuy_price unavailable
CRITICAL:strat7:2023-01-13 15:42:22,404:16340: Yes my_avgbuy_price unavailable
CRITICAL:strat7:2023-01-13 15:42:25,228:16340: Yes my_avgbuy_price unavailable
CRITICAL:strat7:2023-01-13 15:43:04,491:16341: Yes my_avgbuy_price unavailable
CRITICAL:strat7:2023-01-13 15:43:07,434:16341: Yes my_avgbuy_price unavailable
CRITICAL:strat7:2023-01-13 15:43:10,692:16341: Yes my_avgbuy_price unavailable
CRITICAL:strat7:2023-01-13 15:43:13,629:16341: Yes my_avgbuy_price unavailable
CRITICAL:strat7:2023-01-13 15:43:54,305:16342: Yes my_avgbuy_price unavailable
CRITICAL:strat7:2023-01-13 15:43:57,633:16342: Yes my_avgbuy_price unavailable
CRITICAL:strat7:2023-01-13 15:44:01,621:16342: Yes my_avgbuy_price unavailable
CRITICAL:strat7:2023-01-13 15:44:04,911:16342: Yes my_avgbuy_price unavailable
CRITICAL:strat7:2023-01-13 15:44:48,092:16343: No my_buy_price unavailable
CRITICAL:strat7:2023-01-13 15:44:50,993:16343: No my_buy_price unavailable
CRITICAL:strat7:2023-01-13 15:44:54,448:16343: No my_buy_price unavailable
CRITICAL:strat7:2023-01-13 15:44:57,760:16343: No my_buy_price unavailable
CRITICAL:strat7:2023-01-13 15:45:39,043:16344: No my_buy_price unavailable
CRITICAL:strat7:2023-01-13 15:45:42,009:16344: No my_buy_price unavailable
CRITICAL:strat7:2023-01-13 15:45:45,207:16344: No my_buy_price unavailable
CRITICAL:strat7:2023-01-13 15:45:48,043:16344: No my_buy_price unavailable
CRITICAL:strat7:2023-01-13 15:46:27,104:16345: No my_buy_price unavailable
CRITICAL:strat7:2023-01-13 15:46:30,020:16345: No my_buy_price unavailable
CRITICAL:strat7:2023-01-13 15:46:33,310:16345: No my_buy_price unavailable
CRITICAL:strat7:2023-01-13 15:46:36,268:16345: No my_buy_price unavailable
CRITICAL:strat7:2023-01-13 15:48:17,982:16338: Yes my_avgbuy_price unavailable
CRITICAL:strat7:2023-01-13 15:48:21,213:16338: Yes my_avgbuy_price unavailable
CRITICAL:strat7:2023-01-13 15:48:25,131:16338: Yes my_avgbuy_price unavailable
CRITICAL:strat7:2023-01-13 15:48:28,379:16338: Yes my_avgbuy_price unavailable
CRITICAL:strat7:2023-01-13 15:49:09,384:16339: Yes my_avgbuy_price unavailable
CRITICAL:strat7:2023-01-13 15:49:12,781:16339: Yes my_avgbuy_price unavailable
CRITICAL:strat7:2023-01-13 15:49:16,727:16339: Yes my_avgbuy_price unavailable
CRITICAL:strat7:2023-01-13 15:49:19,831:16339: Yes my_avgbuy_price unavailable
CRITICAL:strat7:2023-01-13 15:49:58,387:16340: Yes my_avgbuy_price unavailable
CRITICAL:strat7:2023-01-13 15:50:01,260:16340: Yes my_avgbuy_price unavailable
CRITICAL:strat7:2023-01-13 15:50:04,756:16340: Yes my_avgbuy_price unavailable
CRITICAL:strat7:2023-01-13 15:50:07,911:16340: Yes my_avgbuy_price unavailable
CRITICAL:strat7:2023-01-13 15:50:47,960:16341: Yes my_avgbuy_price unavailable
CRITICAL:strat7:2023-01-13 15:50:51,177:16341: Yes my_avgbuy_price unavailable
CRITICAL:strat7:2023-01-13 15:50:55,093:16341: Yes my_avgbuy_price unavailable
CRITICAL:strat7:2023-01-13 15:50:58,328:16341: Yes my_avgbuy_price unavailable
CRITICAL:strat7:2023-01-13 15:51:41,256:16342: Yes my_avgbuy_price unavailable
CRITICAL:strat7:2023-01-13 15:51:44,194:16342: Yes my_avgbuy_price unavailable
CRITICAL:strat7:2023-01-13 15:51:47,431:16342: Yes my_avgbuy_price unavailable
CRITICAL:strat7:2023-01-13 15:51:50,223:16342: Yes my_avgbuy_price unavailable
CRITICAL:strat7:2023-01-13 15:52:30,207:16343: No my_buy_price unavailable
CRITICAL:strat7:2023-01-13 15:52:33,165:16343: No my_buy_price unavailable
CRITICAL:strat7:2023-01-13 15:52:36,546:16343: No my_buy_price unavailable
CRITICAL:strat7:2023-01-13 15:52:39,500:16343: No my_buy_price unavailable
CRITICAL:strat7:2023-01-13 15:53:18,816:16344: No my_buy_price unavailable
CRITICAL:strat7:2023-01-13 15:53:21,713:16344: No my_buy_price unavailable
CRITICAL:strat7:2023-01-13 15:53:24,980:16344: No my_buy_price unavailable
CRITICAL:strat7:2023-01-13 15:53:28,801:16344: No my_buy_price unavailable
CRITICAL:strat7:2023-01-13 15:54:10,954:16345: No my_buy_price unavailable
CRITICAL:strat7:2023-01-13 15:54:14,265:16345: No my_buy_price unavailable
CRITICAL:strat7:2023-01-13 15:54:17,595:16345: No my_buy_price unavailable
CRITICAL:strat7:2023-01-13 15:54:20,470:16345: No my_buy_price unavailable
CRITICAL:strat7:2023-01-13 15:55:59,953:16338: Yes my_avgbuy_price unavailable
CRITICAL:strat7:2023-01-13 15:56:03,144:16338: Yes my_avgbuy_price unavailable
CRITICAL:strat7:2023-01-13 15:56:06,408:16338: Yes my_avgbuy_price unavailable
CRITICAL:strat7:2023-01-13 15:56:09,203:16338: Yes my_avgbuy_price unavailable
CRITICAL:strat7:2023-01-13 15:56:48,464:16339: Yes my_avgbuy_price unavailable
CRITICAL:strat7:2023-01-13 15:56:51,250:16339: Yes my_avgbuy_price unavailable
CRITICAL:strat7:2023-01-13 15:56:54,622:16339: Yes my_avgbuy_price unavailable
CRITICAL:strat7:2023-01-13 15:56:57,711:16339: Yes my_avgbuy_price unavailable
CRITICAL:strat7:2023-01-13 15:57:39,275:16340: Yes my_avgbuy_price unavailable
CRITICAL:strat7:2023-01-13 15:57:42,138:16340: Yes my_avgbuy_price unavailable
CRITICAL:strat7:2023-01-13 15:57:45,371:16340: Yes my_avgbuy_price unavailable
CRITICAL:strat7:2023-01-13 15:57:48,270:16340: Yes my_avgbuy_price unavailable
CRITICAL:strat7:2023-01-13 15:58:28,102:16341: Yes my_avgbuy_price unavailable
CRITICAL:strat7:2023-01-13 15:58:30,959:16341: Yes my_avgbuy_price unavailable
CRITICAL:strat7:2023-01-13 15:58:34,240:16341: Yes my_avgbuy_price unavailable
CRITICAL:strat7:2023-01-13 15:58:37,239:16341: Yes my_avgbuy_price unavailable
CRITICAL:strat7:2023-01-13 15:59:17,195:16342: Yes my_avgbuy_price unavailable
CRITICAL:strat7:2023-01-13 15:59:20,113:16342: Yes my_avgbuy_price unavailable
CRITICAL:strat7:2023-01-13 15:59:23,452:16342: Yes my_avgbuy_price unavailable
CRITICAL:strat7:2023-01-13 15:59:26,390:16342: Yes my_avgbuy_price unavailable
CRITICAL:strat7:2023-01-13 16:00:07,667:16343: No my_buy_price unavailable
CRITICAL:strat7:2023-01-13 16:00:11,209:16343: No my_buy_price unavailable
CRITICAL:strat7:2023-01-13 16:00:15,000:16343: No my_buy_price unavailable
CRITICAL:strat7:2023-01-13 16:00:18,234:16343: No my_buy_price unavailable
CRITICAL:strat7:2023-01-13 16:00:59,632:16344: No my_buy_price unavailable
CRITICAL:strat7:2023-01-13 16:01:02,948:16344: No my_buy_price unavailable
CRITICAL:strat7:2023-01-13 16:01:07,251:16344: No my_buy_price unavailable
CRITICAL:strat7:2023-01-13 16:01:10,463:16344: No my_buy_price unavailable
CRITICAL:strat7:2023-01-13 16:01:52,083:16345: No my_buy_price unavailable
CRITICAL:strat7:2023-01-13 16:01:55,368:16345: No my_buy_price unavailable
CRITICAL:strat7:2023-01-13 16:01:59,032:16345: No my_buy_price unavailable
CRITICAL:strat7:2023-01-13 16:02:01,900:16345: No my_buy_price unavailable
CRITICAL:strat7:2023-01-13 16:03:41,700:16338: Yes my_avgbuy_price unavailable
CRITICAL:strat7:2023-01-13 16:03:44,620:16338: Yes my_avgbuy_price unavailable
CRITICAL:strat7:2023-01-13 16:03:48,002:16338: Yes my_avgbuy_price unavailable
CRITICAL:strat7:2023-01-13 16:03:50,962:16338: Yes my_avgbuy_price unavailable
CRITICAL:strat7:2023-01-13 16:04:31,990:16339: Yes my_avgbuy_price unavailable
CRITICAL:strat7:2023-01-13 16:04:34,922:16339: Yes my_avgbuy_price unavailable
CRITICAL:strat7:2023-01-13 16:04:38,141:16339: Yes my_avgbuy_price unavailable
CRITICAL:strat7:2023-01-13 16:04:41,114:16339: Yes my_avgbuy_price unavailable
CRITICAL:strat7:2023-01-13 16:05:21,170:16340: Yes my_avgbuy_price unavailable
CRITICAL:strat7:2023-01-13 16:05:24,502:16340: Yes my_avgbuy_price unavailable
CRITICAL:strat7:2023-01-13 16:05:28,603:16340: Yes my_avgbuy_price unavailable
CRITICAL:strat7:2023-01-13 16:05:33,191:16340: Yes my_avgbuy_price unavailable
CRITICAL:strat7:2023-01-13 16:06:13,653:16341: Yes my_avgbuy_price unavailable
CRITICAL:strat7:2023-01-13 16:06:17,063:16341: Yes my_avgbuy_price unavailable
CRITICAL:strat7:2023-01-13 16:06:20,293:16341: Yes my_avgbuy_price unavailable
CRITICAL:strat7:2023-01-13 16:06:23,208:16341: Yes my_avgbuy_price unavailable
CRITICAL:strat7:2023-01-13 16:07:03,431:16342: No my_buy_price unavailable
CRITICAL:strat7:2023-01-13 16:07:06,472:16342: No my_buy_price unavailable
CRITICAL:strat7:2023-01-13 16:07:10,288:16342: No my_buy_price unavailable
CRITICAL:strat7:2023-01-13 16:07:13,608:16342: No my_buy_price unavailable
CRITICAL:strat7:2023-01-13 16:07:54,849:16343: No my_buy_price unavailable
CRITICAL:strat7:2023-01-13 16:07:58,097:16343: No my_buy_price unavailable
CRITICAL:strat7:2023-01-13 16:08:02,160:16343: No my_buy_price unavailable
CRITICAL:strat7:2023-01-13 16:08:05,533:16343: No my_buy_price unavailable
CRITICAL:strat7:2023-01-13 16:08:46,011:16344: No my_buy_price unavailable
CRITICAL:strat7:2023-01-13 16:08:49,281:16344: No my_buy_price unavailable
CRITICAL:strat7:2023-01-13 16:08:53,122:16344: No my_buy_price unavailable
CRITICAL:strat7:2023-01-13 16:08:56,310:16344: No my_buy_price unavailable
CRITICAL:strat7:2023-01-13 16:09:36,576:16345: No my_buy_price unavailable
CRITICAL:strat7:2023-01-13 16:09:39,451:16345: No my_buy_price unavailable
CRITICAL:strat7:2023-01-13 16:09:42,644:16345: No my_buy_price unavailable
CRITICAL:strat7:2023-01-13 16:09:46,965:16345: No my_buy_price unavailable
CRITICAL:strat7:2023-01-13 16:11:28,468:16338: Yes my_avgbuy_price unavailable
CRITICAL:strat7:2023-01-13 16:11:31,859:16338: Yes my_avgbuy_price unavailable
CRITICAL:strat7:2023-01-13 16:11:35,772:16338: Yes my_avgbuy_price unavailable
CRITICAL:strat7:2023-01-13 16:11:39,040:16338: Yes my_avgbuy_price unavailable
CRITICAL:strat7:2023-01-13 16:12:20,675:16339: Yes my_avgbuy_price unavailable
CRITICAL:strat7:2023-01-13 16:12:24,019:16339: Yes my_avgbuy_price unavailable
CRITICAL:strat7:2023-01-13 16:12:28,062:16339: Yes my_avgbuy_price unavailable
CRITICAL:strat7:2023-01-13 16:12:31,296:16339: Yes my_avgbuy_price unavailable
CRITICAL:strat7:2023-01-13 16:13:12,195:16340: Yes my_avgbuy_price unavailable
CRITICAL:strat7:2023-01-13 16:13:15,377:16340: Yes my_avgbuy_price unavailable
CRITICAL:strat7:2023-01-13 16:13:19,167:16340: Yes my_avgbuy_price unavailable
CRITICAL:strat7:2023-01-13 16:13:22,174:16340: Yes my_avgbuy_price unavailable
CRITICAL:strat7:2023-01-13 16:14:01,580:16341: Yes my_avgbuy_price unavailable
CRITICAL:strat7:2023-01-13 16:14:04,606:16341: Yes my_avgbuy_price unavailable
CRITICAL:strat7:2023-01-13 16:14:07,931:16341: Yes my_avgbuy_price unavailable
CRITICAL:strat7:2023-01-13 16:14:10,942:16341: Yes my_avgbuy_price unavailable
CRITICAL:strat7:2023-01-13 16:14:50,484:16342: Yes my_avgbuy_price unavailable
CRITICAL:strat7:2023-01-13 16:14:53,687:16342: Yes my_avgbuy_price unavailable
CRITICAL:strat7:2023-01-13 16:14:57,517:16342: Yes my_avgbuy_price unavailable
CRITICAL:strat7:2023-01-13 16:15:00,889:16342: Yes my_avgbuy_price unavailable
CRITICAL:strat7:2023-01-13 16:15:42,821:16343: No my_buy_price unavailable
CRITICAL:strat7:2023-01-13 16:15:45,992:16343: No my_buy_price unavailable
CRITICAL:strat7:2023-01-13 16:15:49,360:16343: No my_buy_price unavailable
CRITICAL:strat7:2023-01-13 16:15:52,234:16343: No my_buy_price unavailable
CRITICAL:strat7:2023-01-13 16:16:32,579:16344: No my_buy_price unavailable
CRITICAL:strat7:2023-01-13 16:16:35,492:16344: No my_buy_price unavailable
CRITICAL:strat7:2023-01-13 16:16:38,955:16344: No my_buy_price unavailable
CRITICAL:strat7:2023-01-13 16:16:41,868:16344: No my_buy_price unavailable
CRITICAL:strat7:2023-01-13 16:17:20,270:16345: No my_buy_price unavailable
CRITICAL:strat7:2023-01-13 16:17:23,272:16345: No my_buy_price unavailable
CRITICAL:strat7:2023-01-13 16:17:26,617:16345: No my_buy_price unavailable
CRITICAL:strat7:2023-01-13 16:17:29,796:16345: No my_buy_price unavailable
CRITICAL:strat7:2023-01-13 16:19:11,386:16338: Yes my_avgbuy_price unavailable
CRITICAL:strat7:2023-01-13 16:19:14,709:16338: Yes my_avgbuy_price unavailable
CRITICAL:strat7:2023-01-13 16:19:18,512:16338: Yes my_avgbuy_price unavailable
CRITICAL:strat7:2023-01-13 16:19:21,832:16338: Yes my_avgbuy_price unavailable
CRITICAL:strat7:2023-01-13 16:20:02,597:16339: Yes my_avgbuy_price unavailable
CRITICAL:strat7:2023-01-13 16:20:05,481:16339: Yes my_avgbuy_price unavailable
CRITICAL:strat7:2023-01-13 16:20:08,775:16339: Yes my_avgbuy_price unavailable
CRITICAL:strat7:2023-01-13 16:20:11,670:16339: Yes my_avgbuy_price unavailable
CRITICAL:strat7:2023-01-13 16:20:51,512:16340: Yes my_avgbuy_price unavailable
CRITICAL:strat7:2023-01-13 16:20:54,312:16340: Yes my_avgbuy_price unavailable
CRITICAL:strat7:2023-01-13 16:20:57,753:16340: Yes my_avgbuy_price unavailable
CRITICAL:strat7:2023-01-13 16:21:01,640:16340: Yes my_avgbuy_price unavailable
CRITICAL:strat7:2023-01-13 16:21:41,612:16341: Yes my_avgbuy_price unavailable
CRITICAL:strat7:2023-01-13 16:21:44,910:16341: Yes my_avgbuy_price unavailable
CRITICAL:strat7:2023-01-13 16:21:48,718:16341: Yes my_avgbuy_price unavailable
CRITICAL:strat7:2023-01-13 16:21:52,061:16341: Yes my_avgbuy_price unavailable
CRITICAL:strat7:2023-01-13 16:22:34,584:16342: Yes my_avgbuy_price unavailable
CRITICAL:strat7:2023-01-13 16:22:37,872:16342: Yes my_avgbuy_price unavailable
CRITICAL:strat7:2023-01-13 16:22:41,782:16342: Yes my_avgbuy_price unavailable
CRITICAL:strat7:2023-01-13 16:22:45,190:16342: Yes my_avgbuy_price unavailable
CRITICAL:strat7:2023-01-13 16:23:28,255:16343: No my_buy_price unavailable
CRITICAL:strat7:2023-01-13 16:23:31,626:16343: No my_buy_price unavailable
CRITICAL:strat7:2023-01-13 16:23:35,650:16343: No my_buy_price unavailable
CRITICAL:strat7:2023-01-13 16:23:38,740:16343: No my_buy_price unavailable
CRITICAL:strat7:2023-01-13 16:24:19,259:16344: No my_buy_price unavailable
CRITICAL:strat7:2023-01-13 16:24:22,172:16344: No my_buy_price unavailable
CRITICAL:strat7:2023-01-13 16:24:25,371:16344: No my_buy_price unavailable
CRITICAL:strat7:2023-01-13 16:24:28,280:16344: No my_buy_price unavailable
CRITICAL:strat7:2023-01-13 16:25:07,141:16345: No my_buy_price unavailable
CRITICAL:strat7:2023-01-13 16:25:10,473:16345: No my_buy_price unavailable
CRITICAL:strat7:2023-01-13 16:25:13,772:16345: No my_buy_price unavailable
CRITICAL:strat7:2023-01-13 16:25:16,864:16345: No my_buy_price unavailable
CRITICAL:strat7:2023-01-13 16:26:56,725:16338: Yes my_avgbuy_price unavailable
CRITICAL:strat7:2023-01-13 16:26:59,609:16338: Yes my_avgbuy_price unavailable
CRITICAL:strat7:2023-01-13 16:27:03,076:16338: Yes my_avgbuy_price unavailable
CRITICAL:strat7:2023-01-13 16:27:05,956:16338: Yes my_avgbuy_price unavailable
CRITICAL:strat7:2023-01-13 16:27:44,325:16339: Yes my_avgbuy_price unavailable
CRITICAL:strat7:2023-01-13 16:27:47,361:16339: Yes my_avgbuy_price unavailable
CRITICAL:strat7:2023-01-13 16:27:50,485:16339: Yes my_avgbuy_price unavailable
CRITICAL:strat7:2023-01-13 16:27:53,770:16339: Yes my_avgbuy_price unavailable
CRITICAL:strat7:2023-01-13 16:28:31,196:16340: Yes my_avgbuy_price unavailable
CRITICAL:strat7:2023-01-13 16:28:34,149:16340: Yes my_avgbuy_price unavailable
CRITICAL:strat7:2023-01-13 16:28:37,450:16340: Yes my_avgbuy_price unavailable
CRITICAL:strat7:2023-01-13 16:28:40,275:16340: Yes my_avgbuy_price unavailable
CRITICAL:strat7:2023-01-13 16:29:19,490:16341: Yes my_avgbuy_price unavailable
CRITICAL:strat7:2023-01-13 16:29:22,393:16341: Yes my_avgbuy_price unavailable
CRITICAL:strat7:2023-01-13 16:29:26,439:16341: Yes my_avgbuy_price unavailable
CRITICAL:strat7:2023-01-13 16:29:29,374:16341: Yes my_avgbuy_price unavailable
CRITICAL:strat7:2023-01-13 16:30:11,161:16342: Yes my_avgbuy_price unavailable
CRITICAL:strat7:2023-01-13 16:30:14,421:16342: Yes my_avgbuy_price unavailable
CRITICAL:strat7:2023-01-13 16:30:18,432:16342: Yes my_avgbuy_price unavailable
CRITICAL:strat7:2023-01-13 16:30:21,908:16342: Yes my_avgbuy_price unavailable
CRITICAL:strat7:2023-01-13 16:31:03,251:16343: Yes my_avgbuy_price unavailable
CRITICAL:strat7:2023-01-13 16:31:06,184:16343: Yes my_avgbuy_price unavailable
CRITICAL:strat7:2023-01-13 16:31:09,399:16343: Yes my_avgbuy_price unavailable
CRITICAL:strat7:2023-01-13 16:31:12,185:16343: Yes my_avgbuy_price unavailable
CRITICAL:strat7:2023-01-13 16:31:50,028:16344: No my_buy_price unavailable
CRITICAL:strat7:2023-01-13 16:31:52,943:16344: No my_buy_price unavailable
CRITICAL:strat7:2023-01-13 16:31:56,221:16344: No my_buy_price unavailable
CRITICAL:strat7:2023-01-13 16:31:59,125:16344: No my_buy_price unavailable
CRITICAL:strat7:2023-01-13 16:32:38,873:16345: No my_buy_price unavailable
CRITICAL:strat7:2023-01-13 16:32:41,699:16345: No my_buy_price unavailable
CRITICAL:strat7:2023-01-13 16:32:44,940:16345: No my_buy_price unavailable
CRITICAL:strat7:2023-01-13 16:32:47,855:16345: No my_buy_price unavailable
CRITICAL:strat7:2023-01-13 16:34:28,723:16338: Yes my_avgbuy_price unavailable
CRITICAL:strat7:2023-01-13 16:34:32,023:16338: Yes my_avgbuy_price unavailable
CRITICAL:strat7:2023-01-13 16:34:35,928:16338: Yes my_avgbuy_price unavailable
CRITICAL:strat7:2023-01-13 16:34:39,178:16338: Yes my_avgbuy_price unavailable
CRITICAL:strat7:2023-01-13 16:35:20,023:16339: Yes my_avgbuy_price unavailable
CRITICAL:strat7:2023-01-13 16:35:22,910:16339: Yes my_avgbuy_price unavailable
CRITICAL:strat7:2023-01-13 16:35:26,138:16339: Yes my_avgbuy_price unavailable
CRITICAL:strat7:2023-01-13 16:35:29,049:16339: Yes my_avgbuy_price unavailable
CRITICAL:strat7:2023-01-13 16:36:08,610:16340: Yes my_avgbuy_price unavailable
CRITICAL:strat7:2023-01-13 16:36:11,896:16340: Yes my_avgbuy_price unavailable
CRITICAL:strat7:2023-01-13 16:36:15,390:16340: Yes my_avgbuy_price unavailable
CRITICAL:strat7:2023-01-13 16:36:18,319:16340: Yes my_avgbuy_price unavailable
CRITICAL:strat7:2023-01-13 16:36:57,601:16341: Yes my_avgbuy_price unavailable
CRITICAL:strat7:2023-01-13 16:37:00,544:16341: Yes my_avgbuy_price unavailable
CRITICAL:strat7:2023-01-13 16:37:03,998:16341: Yes my_avgbuy_price unavailable
CRITICAL:strat7:2023-01-13 16:37:06,904:16341: Yes my_avgbuy_price unavailable
CRITICAL:strat7:2023-01-13 16:37:46,531:16342: Yes my_avgbuy_price unavailable
CRITICAL:strat7:2023-01-13 16:37:49,392:16342: Yes my_avgbuy_price unavailable
CRITICAL:strat7:2023-01-13 16:37:52,629:16342: Yes my_avgbuy_price unavailable
CRITICAL:strat7:2023-01-13 16:37:55,511:16342: Yes my_avgbuy_price unavailable
CRITICAL:strat7:2023-01-13 16:38:35,897:16343: No my_buy_price unavailable
CRITICAL:strat7:2023-01-13 16:38:38,727:16343: No my_buy_price unavailable
CRITICAL:strat7:2023-01-13 16:38:42,019:16343: No my_buy_price unavailable
CRITICAL:strat7:2023-01-13 16:38:44,808:16343: No my_buy_price unavailable
CRITICAL:strat7:2023-01-13 16:39:25,242:16344: No my_buy_price unavailable
CRITICAL:strat7:2023-01-13 16:39:28,247:16344: No my_buy_price unavailable
CRITICAL:strat7:2023-01-13 16:39:31,832:16344: No my_buy_price unavailable
CRITICAL:strat7:2023-01-13 16:39:35,125:16344: No my_buy_price unavailable
CRITICAL:strat7:2023-01-13 16:40:17,153:16345: No my_buy_price unavailable
CRITICAL:strat7:2023-01-13 16:40:20,458:16345: No my_buy_price unavailable
CRITICAL:strat7:2023-01-13 16:40:24,283:16345: No my_buy_price unavailable
CRITICAL:strat7:2023-01-13 16:40:27,537:16345: No my_buy_price unavailable
CRITICAL:strat7:2023-01-13 16:42:09,376:16338: Yes my_avgbuy_price unavailable
CRITICAL:strat7:2023-01-13 16:42:12,334:16338: Yes my_avgbuy_price unavailable
CRITICAL:strat7:2023-01-13 16:42:15,506:16338: Yes my_avgbuy_price unavailable
CRITICAL:strat7:2023-01-13 16:42:18,457:16338: Yes my_avgbuy_price unavailable
CRITICAL:strat7:2023-01-13 16:42:58,080:16339: Yes my_avgbuy_price unavailable
CRITICAL:strat7:2023-01-13 16:43:01,086:16339: Yes my_avgbuy_price unavailable
CRITICAL:strat7:2023-01-13 16:43:04,328:16339: Yes my_avgbuy_price unavailable
CRITICAL:strat7:2023-01-13 16:43:07,238:16339: Yes my_avgbuy_price unavailable
CRITICAL:strat7:2023-01-13 16:43:47,126:16340: Yes my_avgbuy_price unavailable
CRITICAL:strat7:2023-01-13 16:43:50,130:16340: Yes my_avgbuy_price unavailable
CRITICAL:strat7:2023-01-13 16:43:53,466:16340: Yes my_avgbuy_price unavailable
CRITICAL:strat7:2023-01-13 16:43:56,219:16340: Yes my_avgbuy_price unavailable
CRITICAL:strat7:2023-01-13 16:44:37,323:16341: Yes my_avgbuy_price unavailable
CRITICAL:strat7:2023-01-13 16:44:40,818:16341: Yes my_avgbuy_price unavailable
CRITICAL:strat7:2023-01-13 16:44:44,936:16341: Yes my_avgbuy_price unavailable
CRITICAL:strat7:2023-01-13 16:44:48,364:16341: Yes my_avgbuy_price unavailable
CRITICAL:strat7:2023-01-13 16:45:32,705:16342: Yes my_avgbuy_price unavailable
CRITICAL:strat7:2023-01-13 16:45:35,632:16342: Yes my_avgbuy_price unavailable
CRITICAL:strat7:2023-01-13 16:45:38,876:16342: Yes my_avgbuy_price unavailable
CRITICAL:strat7:2023-01-13 16:45:41,833:16342: Yes my_avgbuy_price unavailable
CRITICAL:strat7:2023-01-13 16:46:21,932:16343: No my_buy_price unavailable
CRITICAL:strat7:2023-01-13 16:46:24,903:16343: No my_buy_price unavailable
CRITICAL:strat7:2023-01-13 16:46:28,186:16343: No my_buy_price unavailable
CRITICAL:strat7:2023-01-13 16:46:30,987:16343: No my_buy_price unavailable
CRITICAL:strat7:2023-01-13 16:47:10,976:16344: No my_buy_price unavailable
CRITICAL:strat7:2023-01-13 16:47:13,970:16344: No my_buy_price unavailable
CRITICAL:strat7:2023-01-13 16:47:17,319:16344: No my_buy_price unavailable
CRITICAL:strat7:2023-01-13 16:47:20,198:16344: No my_buy_price unavailable
CRITICAL:strat7:2023-01-13 16:47:59,501:16345: No my_buy_price unavailable
CRITICAL:strat7:2023-01-13 16:48:02,472:16345: No my_buy_price unavailable
CRITICAL:strat7:2023-01-13 16:48:05,813:16345: No my_buy_price unavailable
CRITICAL:strat7:2023-01-13 16:48:08,721:16345: No my_buy_price unavailable
CRITICAL:strat7:2023-01-13 16:49:47,789:16338: Yes my_avgbuy_price unavailable
CRITICAL:strat7:2023-01-13 16:49:50,998:16338: Yes my_avgbuy_price unavailable
CRITICAL:strat7:2023-01-13 16:49:54,233:16338: Yes my_avgbuy_price unavailable
CRITICAL:strat7:2023-01-13 16:49:57,013:16338: Yes my_avgbuy_price unavailable
CRITICAL:strat7:2023-01-13 16:50:36,213:16339: Yes my_avgbuy_price unavailable
CRITICAL:strat7:2023-01-13 16:50:39,138:16339: Yes my_avgbuy_price unavailable
CRITICAL:strat7:2023-01-13 16:50:42,442:16339: Yes my_avgbuy_price unavailable
CRITICAL:strat7:2023-01-13 16:50:45,345:16339: Yes my_avgbuy_price unavailable
CRITICAL:strat7:2023-01-13 16:51:25,485:16340: Yes my_avgbuy_price unavailable
CRITICAL:strat7:2023-01-13 16:51:28,533:16340: Yes my_avgbuy_price unavailable
CRITICAL:strat7:2023-01-13 16:51:31,861:16340: Yes my_avgbuy_price unavailable
CRITICAL:strat7:2023-01-13 16:51:34,713:16340: Yes my_avgbuy_price unavailable
CRITICAL:strat7:2023-01-13 16:52:15,639:16341: Yes my_avgbuy_price unavailable
CRITICAL:strat7:2023-01-13 16:52:18,537:16341: Yes my_avgbuy_price unavailable
CRITICAL:strat7:2023-01-13 16:52:21,834:16341: Yes my_avgbuy_price unavailable
CRITICAL:strat7:2023-01-13 16:52:24,644:16341: Yes my_avgbuy_price unavailable
CRITICAL:strat7:2023-01-13 16:53:03,382:16342: Yes my_avgbuy_price unavailable
CRITICAL:strat7:2023-01-13 16:53:06,268:16342: Yes my_avgbuy_price unavailable
CRITICAL:strat7:2023-01-13 16:53:09,703:16342: Yes my_avgbuy_price unavailable
CRITICAL:strat7:2023-01-13 16:53:12,497:16342: Yes my_avgbuy_price unavailable
CRITICAL:strat7:2023-01-13 16:53:53,066:16343: No my_buy_price unavailable
CRITICAL:strat7:2023-01-13 16:53:55,907:16343: No my_buy_price unavailable
CRITICAL:strat7:2023-01-13 16:53:59,135:16343: No my_buy_price unavailable
CRITICAL:strat7:2023-01-13 16:54:02,616:16343: No my_buy_price unavailable
CRITICAL:strat7:2023-01-13 16:54:42,653:16344: No my_buy_price unavailable
CRITICAL:strat7:2023-01-13 16:54:45,933:16344: No my_buy_price unavailable
CRITICAL:strat7:2023-01-13 16:54:50,069:16344: No my_buy_price unavailable
CRITICAL:strat7:2023-01-13 16:54:53,293:16344: No my_buy_price unavailable
CRITICAL:strat7:2023-01-13 16:55:34,944:16345: No my_buy_price unavailable
CRITICAL:strat7:2023-01-13 16:55:38,252:16345: No my_buy_price unavailable
CRITICAL:strat7:2023-01-13 16:55:42,316:16345: No my_buy_price unavailable
CRITICAL:strat7:2023-01-13 16:55:45,661:16345: No my_buy_price unavailable
CRITICAL:strat7:2023-01-13 16:57:28,893:16338: Yes my_avgbuy_price unavailable
CRITICAL:strat7:2023-01-13 16:57:32,224:16338: Yes my_avgbuy_price unavailable
CRITICAL:strat7:2023-01-13 16:57:36,220:16338: Yes my_avgbuy_price unavailable
CRITICAL:strat7:2023-01-13 16:57:39,173:16338: Yes my_avgbuy_price unavailable
CRITICAL:strat7:2023-01-13 16:58:21,972:16339: Yes my_avgbuy_price unavailable
CRITICAL:strat7:2023-01-13 16:58:24,821:16339: Yes my_avgbuy_price unavailable
CRITICAL:strat7:2023-01-13 16:58:28,096:16339: Yes my_avgbuy_price unavailable
CRITICAL:strat7:2023-01-13 16:58:31,013:16339: Yes my_avgbuy_price unavailable
CRITICAL:strat7:2023-01-13 16:59:11,362:16340: Yes my_avgbuy_price unavailable
CRITICAL:strat7:2023-01-13 16:59:14,648:16340: Yes my_avgbuy_price unavailable
CRITICAL:strat7:2023-01-13 16:59:18,466:16340: Yes my_avgbuy_price unavailable
CRITICAL:strat7:2023-01-13 16:59:21,898:16340: Yes my_avgbuy_price unavailable
CRITICAL:strat7:2023-01-13 17:00:02,611:16341: Yes my_avgbuy_price unavailable
CRITICAL:strat7:2023-01-13 17:00:05,592:16341: Yes my_avgbuy_price unavailable
CRITICAL:strat7:2023-01-13 17:00:08,844:16341: Yes my_avgbuy_price unavailable
CRITICAL:strat7:2023-01-13 17:00:11,812:16341: Yes my_avgbuy_price unavailable
CRITICAL:strat7:2023-01-13 17:00:54,024:16342: Yes my_avgbuy_price unavailable
CRITICAL:strat7:2023-01-13 17:00:57,418:16342: Yes my_avgbuy_price unavailable
CRITICAL:strat7:2023-01-13 17:01:00,801:16342: Yes my_avgbuy_price unavailable
CRITICAL:strat7:2023-01-13 17:01:03,733:16342: Yes my_avgbuy_price unavailable
CRITICAL:strat7:2023-01-13 17:01:41,620:16343: No my_buy_price unavailable
CRITICAL:strat7:2023-01-13 17:01:44,447:16343: No my_buy_price unavailable
CRITICAL:strat7:2023-01-13 17:01:47,706:16343: No my_buy_price unavailable
CRITICAL:strat7:2023-01-13 17:01:50,755:16343: No my_buy_price unavailable
CRITICAL:strat7:2023-01-13 17:02:33,051:16344: No my_buy_price unavailable
CRITICAL:strat7:2023-01-13 17:02:36,362:16344: No my_buy_price unavailable
CRITICAL:strat7:2023-01-13 17:02:40,238:16344: No my_buy_price unavailable
CRITICAL:strat7:2023-01-13 17:02:43,519:16344: No my_buy_price unavailable
CRITICAL:strat7:2023-01-13 17:03:26,126:16345: No my_buy_price unavailable
CRITICAL:strat7:2023-01-13 17:03:29,017:16345: No my_buy_price unavailable
CRITICAL:strat7:2023-01-13 17:03:32,626:16345: No my_buy_price unavailable
CRITICAL:strat7:2023-01-13 17:03:35,429:16345: No my_buy_price unavailable
CRITICAL:strat7:2023-01-13 17:05:17,552:16338: Yes my_avgbuy_price unavailable
CRITICAL:strat7:2023-01-13 17:05:20,984:16338: Yes my_avgbuy_price unavailable
CRITICAL:strat7:2023-01-13 17:05:24,988:16338: Yes my_avgbuy_price unavailable
CRITICAL:strat7:2023-01-13 17:05:28,544:16338: Yes my_avgbuy_price unavailable
CRITICAL:strat7:2023-01-13 17:06:12,829:16339: Yes my_avgbuy_price unavailable
CRITICAL:strat7:2023-01-13 17:06:15,719:16339: Yes my_avgbuy_price unavailable
CRITICAL:strat7:2023-01-13 17:06:18,959:16339: Yes my_avgbuy_price unavailable
CRITICAL:strat7:2023-01-13 17:06:21,910:16339: Yes my_avgbuy_price unavailable
CRITICAL:strat7:2023-01-13 17:07:04,239:16340: Yes my_avgbuy_price unavailable
CRITICAL:strat7:2023-01-13 17:07:07,130:16340: Yes my_avgbuy_price unavailable
CRITICAL:strat7:2023-01-13 17:07:10,429:16340: Yes my_avgbuy_price unavailable
CRITICAL:strat7:2023-01-13 17:07:13,278:16340: Yes my_avgbuy_price unavailable
CRITICAL:strat7:2023-01-13 17:07:51,215:16341: Yes my_avgbuy_price unavailable
CRITICAL:strat7:2023-01-13 17:07:54,052:16341: Yes my_avgbuy_price unavailable
CRITICAL:strat7:2023-01-13 17:07:57,379:16341: Yes my_avgbuy_price unavailable
CRITICAL:strat7:2023-01-13 17:08:00,323:16341: Yes my_avgbuy_price unavailable
CRITICAL:strat7:2023-01-13 17:08:41,095:16342: Yes my_avgbuy_price unavailable
CRITICAL:strat7:2023-01-13 17:08:43,999:16342: Yes my_avgbuy_price unavailable
CRITICAL:strat7:2023-01-13 17:08:47,262:16342: Yes my_avgbuy_price unavailable
CRITICAL:strat7:2023-01-13 17:08:50,121:16342: Yes my_avgbuy_price unavailable
CRITICAL:strat7:2023-01-13 17:09:30,074:16343: No my_buy_price unavailable
CRITICAL:strat7:2023-01-13 17:09:33,354:16343: No my_buy_price unavailable
CRITICAL:strat7:2023-01-13 17:09:37,247:16343: No my_buy_price unavailable
CRITICAL:strat7:2023-01-13 17:09:40,477:16343: No my_buy_price unavailable
CRITICAL:strat7:2023-01-13 17:10:22,216:16344: No my_buy_price unavailable
CRITICAL:strat7:2023-01-13 17:10:25,091:16344: No my_buy_price unavailable
CRITICAL:strat7:2023-01-13 17:10:28,378:16344: No my_buy_price unavailable
CRITICAL:strat7:2023-01-13 17:10:31,277:16344: No my_buy_price unavailable
CRITICAL:strat7:2023-01-13 17:11:09,940:16345: No my_buy_price unavailable
CRITICAL:strat7:2023-01-13 17:11:12,988:16345: No my_buy_price unavailable
CRITICAL:strat7:2023-01-13 17:11:16,236:16345: No my_buy_price unavailable
CRITICAL:strat7:2023-01-13 17:11:19,165:16345: No my_buy_price unavailable
CRITICAL:strat7:2023-01-13 17:12:59,933:16338: Yes my_avgbuy_price unavailable
CRITICAL:strat7:2023-01-13 17:13:02,783:16338: Yes my_avgbuy_price unavailable
CRITICAL:strat7:2023-01-13 17:13:06,534:16338: Yes my_avgbuy_price unavailable
CRITICAL:strat7:2023-01-13 17:13:09,366:16338: Yes my_avgbuy_price unavailable
CRITICAL:strat7:2023-01-13 17:13:45,548:16339: Yes my_avgbuy_price unavailable
CRITICAL:strat7:2023-01-13 17:13:48,441:16339: Yes my_avgbuy_price unavailable
CRITICAL:strat7:2023-01-13 17:13:51,626:16339: Yes my_avgbuy_price unavailable
CRITICAL:strat7:2023-01-13 17:13:54,598:16339: Yes my_avgbuy_price unavailable
CRITICAL:strat7:2023-01-13 17:14:36,788:16340: Yes my_avgbuy_price unavailable
CRITICAL:strat7:2023-01-13 17:14:39,862:16340: Yes my_avgbuy_price unavailable
CRITICAL:strat7:2023-01-13 17:14:43,286:16340: Yes my_avgbuy_price unavailable
CRITICAL:strat7:2023-01-13 17:14:46,277:16340: Yes my_avgbuy_price unavailable
CRITICAL:strat7:2023-01-13 17:15:23,723:16341: Yes my_avgbuy_price unavailable
CRITICAL:strat7:2023-01-13 17:15:26,952:16341: Yes my_avgbuy_price unavailable
CRITICAL:strat7:2023-01-13 17:15:30,937:16341: Yes my_avgbuy_price unavailable
CRITICAL:strat7:2023-01-13 17:15:34,247:16341: Yes my_avgbuy_price unavailable
CRITICAL:strat7:2023-01-13 17:16:14,010:16342: Yes my_avgbuy_price unavailable
CRITICAL:strat7:2023-01-13 17:16:16,918:16342: Yes my_avgbuy_price unavailable
CRITICAL:strat7:2023-01-13 17:16:20,088:16342: Yes my_avgbuy_price unavailable
CRITICAL:strat7:2023-01-13 17:16:23,011:16342: Yes my_avgbuy_price unavailable
CRITICAL:strat7:2023-01-13 17:17:01,752:16343: No my_buy_price unavailable
CRITICAL:strat7:2023-01-13 17:17:05,001:16343: No my_buy_price unavailable
CRITICAL:strat7:2023-01-13 17:17:08,421:16343: No my_buy_price unavailable
CRITICAL:strat7:2023-01-13 17:17:11,282:16343: No my_buy_price unavailable
CRITICAL:strat7:2023-01-13 17:17:50,183:16344: No my_buy_price unavailable
CRITICAL:strat7:2023-01-13 17:17:52,991:16344: No my_buy_price unavailable
CRITICAL:strat7:2023-01-13 17:17:56,961:16344: No my_buy_price unavailable
CRITICAL:strat7:2023-01-13 17:17:59,869:16344: No my_buy_price unavailable
CRITICAL:strat7:2023-01-13 17:18:38,901:16345: No my_buy_price unavailable
CRITICAL:strat7:2023-01-13 17:18:41,789:16345: No my_buy_price unavailable
CRITICAL:strat7:2023-01-13 17:18:44,915:16345: No my_buy_price unavailable
CRITICAL:strat7:2023-01-13 17:18:47,777:16345: No my_buy_price unavailable
CRITICAL:strat7:2023-01-13 17:20:28,137:16338: Yes my_avgbuy_price unavailable
CRITICAL:strat7:2023-01-13 17:20:31,337:16338: Yes my_avgbuy_price unavailable
CRITICAL:strat7:2023-01-13 17:20:35,430:16338: Yes my_avgbuy_price unavailable
CRITICAL:strat7:2023-01-13 17:20:38,725:16338: Yes my_avgbuy_price unavailable
CRITICAL:strat7:2023-01-13 17:21:19,124:16339: Yes my_avgbuy_price unavailable
CRITICAL:strat7:2023-01-13 17:21:22,323:16339: Yes my_avgbuy_price unavailable
CRITICAL:strat7:2023-01-13 17:21:26,150:16339: Yes my_avgbuy_price unavailable
CRITICAL:strat7:2023-01-13 17:21:29,478:16339: Yes my_avgbuy_price unavailable
CRITICAL:strat7:2023-01-13 17:22:10,744:16340: Yes my_avgbuy_price unavailable
CRITICAL:strat7:2023-01-13 17:22:14,034:16340: Yes my_avgbuy_price unavailable
CRITICAL:strat7:2023-01-13 17:22:17,431:16340: Yes my_avgbuy_price unavailable
CRITICAL:strat7:2023-01-13 17:22:20,193:16340: Yes my_avgbuy_price unavailable
CRITICAL:strat7:2023-01-13 17:22:58,437:16341: Yes my_avgbuy_price unavailable
CRITICAL:strat7:2023-01-13 17:23:01,366:16341: Yes my_avgbuy_price unavailable
CRITICAL:strat7:2023-01-13 17:23:04,552:16341: Yes my_avgbuy_price unavailable
CRITICAL:strat7:2023-01-13 17:23:07,621:16341: Yes my_avgbuy_price unavailable
CRITICAL:strat7:2023-01-13 17:23:50,105:16342: No my_buy_price unavailable
CRITICAL:strat7:2023-01-13 17:23:53,312:16342: No my_buy_price unavailable
CRITICAL:strat7:2023-01-13 17:23:57,235:16342: No my_buy_price unavailable
CRITICAL:strat7:2023-01-13 17:24:00,434:16342: No my_buy_price unavailable
CRITICAL:strat7:2023-01-13 17:24:40,064:16343: No my_buy_price unavailable
CRITICAL:strat7:2023-01-13 17:24:42,928:16343: No my_buy_price unavailable
CRITICAL:strat7:2023-01-13 17:24:46,018:16343: No my_buy_price unavailable
CRITICAL:strat7:2023-01-13 17:24:48,891:16343: No my_buy_price unavailable
CRITICAL:strat7:2023-01-13 17:25:27,036:16344: No my_buy_price unavailable
CRITICAL:strat7:2023-01-13 17:25:30,892:16344: No my_buy_price unavailable
CRITICAL:strat7:2023-01-13 17:25:34,115:16344: No my_buy_price unavailable
CRITICAL:strat7:2023-01-13 17:25:36,950:16344: No my_buy_price unavailable
CRITICAL:strat7:2023-01-13 17:26:15,510:16345: No my_buy_price unavailable
CRITICAL:strat7:2023-01-13 17:26:18,372:16345: No my_buy_price unavailable
CRITICAL:strat7:2023-01-13 17:26:21,718:16345: No my_buy_price unavailable
CRITICAL:strat7:2023-01-13 17:26:24,532:16345: No my_buy_price unavailable
CRITICAL:strat7:2023-01-13 17:28:04,863:16338: Yes my_avgbuy_price unavailable
CRITICAL:strat7:2023-01-13 17:28:07,923:16338: Yes my_avgbuy_price unavailable
CRITICAL:strat7:2023-01-13 17:28:11,210:16338: Yes my_avgbuy_price unavailable
CRITICAL:strat7:2023-01-13 17:28:15,063:16338: Yes my_avgbuy_price unavailable
CRITICAL:strat7:2023-01-13 17:28:53,127:16339: Yes my_avgbuy_price unavailable
CRITICAL:strat7:2023-01-13 17:28:56,529:16339: Yes my_avgbuy_price unavailable
CRITICAL:strat7:2023-01-13 17:28:59,921:16339: Yes my_avgbuy_price unavailable
CRITICAL:strat7:2023-01-13 17:29:02,906:16339: Yes my_avgbuy_price unavailable
CRITICAL:strat7:2023-01-13 17:29:41,216:16340: Yes my_avgbuy_price unavailable
CRITICAL:strat7:2023-01-13 17:29:44,005:16340: Yes my_avgbuy_price unavailable
CRITICAL:strat7:2023-01-13 17:29:47,216:16340: Yes my_avgbuy_price unavailable
CRITICAL:strat7:2023-01-13 17:29:50,115:16340: Yes my_avgbuy_price unavailable
CRITICAL:strat7:2023-01-13 17:30:31,961:16341: Yes my_avgbuy_price unavailable
CRITICAL:strat7:2023-01-13 17:30:34,784:16341: Yes my_avgbuy_price unavailable
CRITICAL:strat7:2023-01-13 17:30:38,077:16341: Yes my_avgbuy_price unavailable
CRITICAL:strat7:2023-01-13 17:30:40,954:16341: Yes my_avgbuy_price unavailable
CRITICAL:strat7:2023-01-13 17:31:18,937:16342: Yes my_avgbuy_price unavailable
CRITICAL:strat7:2023-01-13 17:31:21,785:16342: Yes my_avgbuy_price unavailable
CRITICAL:strat7:2023-01-13 17:31:24,914:16342: Yes my_avgbuy_price unavailable
CRITICAL:strat7:2023-01-13 17:31:27,816:16342: Yes my_avgbuy_price unavailable
CRITICAL:strat7:2023-01-13 17:32:08,686:16343: No my_buy_price unavailable
CRITICAL:strat7:2023-01-13 17:32:11,511:16343: No my_buy_price unavailable
CRITICAL:strat7:2023-01-13 17:32:14,788:16343: No my_buy_price unavailable
CRITICAL:strat7:2023-01-13 17:32:18,226:16343: No my_buy_price unavailable
CRITICAL:strat7:2023-01-13 17:32:57,381:16344: No my_buy_price unavailable
CRITICAL:strat7:2023-01-13 17:33:00,244:16344: No my_buy_price unavailable
CRITICAL:strat7:2023-01-13 17:33:03,635:16344: No my_buy_price unavailable
CRITICAL:strat7:2023-01-13 17:33:06,465:16344: No my_buy_price unavailable
CRITICAL:strat7:2023-01-13 17:33:44,695:16345: No my_buy_price unavailable
CRITICAL:strat7:2023-01-13 17:33:47,540:16345: No my_buy_price unavailable
CRITICAL:strat7:2023-01-13 17:33:50,902:16345: No my_buy_price unavailable
CRITICAL:strat7:2023-01-13 17:33:53,831:16345: No my_buy_price unavailable
CRITICAL:strat7:2023-01-13 17:35:32,746:16338: Yes my_avgbuy_price unavailable
CRITICAL:strat7:2023-01-13 17:35:35,605:16338: Yes my_avgbuy_price unavailable
CRITICAL:strat7:2023-01-13 17:35:38,819:16338: Yes my_avgbuy_price unavailable
CRITICAL:strat7:2023-01-13 17:35:41,638:16338: Yes my_avgbuy_price unavailable
CRITICAL:strat7:2023-01-13 17:36:20,104:16339: Yes my_avgbuy_price unavailable
CRITICAL:strat7:2023-01-13 17:36:22,963:16339: Yes my_avgbuy_price unavailable
CRITICAL:strat7:2023-01-13 17:36:26,174:16339: Yes my_avgbuy_price unavailable
CRITICAL:strat7:2023-01-13 17:36:28,968:16339: Yes my_avgbuy_price unavailable
CRITICAL:strat7:2023-01-13 17:37:08,224:16340: Yes my_avgbuy_price unavailable
CRITICAL:strat7:2023-01-13 17:37:11,461:16340: Yes my_avgbuy_price unavailable
CRITICAL:strat7:2023-01-13 17:37:14,867:16340: Yes my_avgbuy_price unavailable
CRITICAL:strat7:2023-01-13 17:37:17,776:16340: Yes my_avgbuy_price unavailable
CRITICAL:strat7:2023-01-13 17:37:55,620:16341: Yes my_avgbuy_price unavailable
CRITICAL:strat7:2023-01-13 17:37:58,468:16341: Yes my_avgbuy_price unavailable
CRITICAL:strat7:2023-01-13 17:38:02,627:16341: Yes my_avgbuy_price unavailable
CRITICAL:strat7:2023-01-13 17:38:05,619:16341: Yes my_avgbuy_price unavailable
CRITICAL:strat7:2023-01-13 17:38:42,604:16342: No my_buy_price unavailable
CRITICAL:strat7:2023-01-13 17:38:45,408:16342: No my_buy_price unavailable
CRITICAL:strat7:2023-01-13 17:38:48,550:16342: No my_buy_price unavailable
CRITICAL:strat7:2023-01-13 17:38:51,397:16342: No my_buy_price unavailable
CRITICAL:strat7:2023-01-13 17:39:30,232:16343: No my_buy_price unavailable
CRITICAL:strat7:2023-01-13 17:39:33,121:16343: No my_buy_price unavailable
CRITICAL:strat7:2023-01-13 17:39:36,347:16343: No my_buy_price unavailable
CRITICAL:strat7:2023-01-13 17:39:39,166:16343: No my_buy_price unavailable
CRITICAL:strat7:2023-01-13 17:40:17,183:16344: No my_buy_price unavailable
CRITICAL:strat7:2023-01-13 17:40:20,516:16344: No my_buy_price unavailable
CRITICAL:strat7:2023-01-13 17:40:23,754:16344: No my_buy_price unavailable
CRITICAL:strat7:2023-01-13 17:40:26,640:16344: No my_buy_price unavailable
CRITICAL:strat7:2023-01-13 17:41:04,498:16345: No my_buy_price unavailable
CRITICAL:strat7:2023-01-13 17:41:07,356:16345: No my_buy_price unavailable
CRITICAL:strat7:2023-01-13 17:41:10,627:16345: No my_buy_price unavailable
CRITICAL:strat7:2023-01-13 17:41:13,447:16345: No my_buy_price unavailable
CRITICAL:strat7:2023-01-13 17:42:51,839:16338: Yes my_avgbuy_price unavailable
CRITICAL:strat7:2023-01-13 17:42:54,721:16338: Yes my_avgbuy_price unavailable
CRITICAL:strat7:2023-01-13 17:42:57,881:16338: Yes my_avgbuy_price unavailable
CRITICAL:strat7:2023-01-13 17:43:00,668:16338: Yes my_avgbuy_price unavailable
CRITICAL:strat7:2023-01-13 17:43:40,912:16339: Yes my_avgbuy_price unavailable
CRITICAL:strat7:2023-01-13 17:43:43,886:16339: Yes my_avgbuy_price unavailable
CRITICAL:strat7:2023-01-13 17:43:47,200:16339: Yes my_avgbuy_price unavailable
CRITICAL:strat7:2023-01-13 17:43:50,029:16339: Yes my_avgbuy_price unavailable
CRITICAL:strat7:2023-01-13 17:44:29,796:16340: Yes my_avgbuy_price unavailable
CRITICAL:strat7:2023-01-13 17:44:32,716:16340: Yes my_avgbuy_price unavailable
CRITICAL:strat7:2023-01-13 17:44:35,985:16340: Yes my_avgbuy_price unavailable
CRITICAL:strat7:2023-01-13 17:44:38,828:16340: Yes my_avgbuy_price unavailable
CRITICAL:strat7:2023-01-13 17:45:17,152:16341: Yes my_avgbuy_price unavailable
CRITICAL:strat7:2023-01-13 17:45:20,032:16341: Yes my_avgbuy_price unavailable
CRITICAL:strat7:2023-01-13 17:45:23,365:16341: Yes my_avgbuy_price unavailable
CRITICAL:strat7:2023-01-13 17:45:26,241:16341: Yes my_avgbuy_price unavailable
CRITICAL:strat7:2023-01-13 17:46:03,721:16342: Yes my_avgbuy_price unavailable
CRITICAL:strat7:2023-01-13 17:46:06,602:16342: Yes my_avgbuy_price unavailable
CRITICAL:strat7:2023-01-13 17:46:09,882:16342: Yes my_avgbuy_price unavailable
CRITICAL:strat7:2023-01-13 17:46:12,806:16342: Yes my_avgbuy_price unavailable
CRITICAL:strat7:2023-01-13 17:46:51,913:16343: No my_buy_price unavailable
CRITICAL:strat7:2023-01-13 17:46:54,691:16343: No my_buy_price unavailable
CRITICAL:strat7:2023-01-13 17:46:57,974:16343: No my_buy_price unavailable
CRITICAL:strat7:2023-01-13 17:47:01,044:16343: No my_buy_price unavailable
CRITICAL:strat7:2023-01-13 17:47:39,187:16344: No my_buy_price unavailable
CRITICAL:strat7:2023-01-13 17:47:42,031:16344: No my_buy_price unavailable
CRITICAL:strat7:2023-01-13 17:47:45,187:16344: No my_buy_price unavailable
CRITICAL:strat7:2023-01-13 17:47:47,972:16344: No my_buy_price unavailable
CRITICAL:strat7:2023-01-13 17:48:27,952:16345: No my_buy_price unavailable
CRITICAL:strat7:2023-01-13 17:48:30,832:16345: No my_buy_price unavailable
CRITICAL:strat7:2023-01-13 17:48:34,017:16345: No my_buy_price unavailable
CRITICAL:strat7:2023-01-13 17:48:36,863:16345: No my_buy_price unavailable
CRITICAL:strat7:2023-01-13 17:50:14,933:16338: Yes my_avgbuy_price unavailable
CRITICAL:strat7:2023-01-13 17:50:17,775:16338: Yes my_avgbuy_price unavailable
CRITICAL:strat7:2023-01-13 17:50:20,980:16338: Yes my_avgbuy_price unavailable
CRITICAL:strat7:2023-01-13 17:50:24,642:16338: Yes my_avgbuy_price unavailable
CRITICAL:strat7:2023-01-13 17:51:03,964:16339: Yes my_avgbuy_price unavailable
CRITICAL:strat7:2023-01-13 17:51:06,834:16339: Yes my_avgbuy_price unavailable
CRITICAL:strat7:2023-01-13 17:51:10,018:16339: Yes my_avgbuy_price unavailable
CRITICAL:strat7:2023-01-13 17:51:12,923:16339: Yes my_avgbuy_price unavailable
CRITICAL:strat7:2023-01-13 17:51:51,928:16340: Yes my_avgbuy_price unavailable
CRITICAL:strat7:2023-01-13 17:51:54,817:16340: Yes my_avgbuy_price unavailable
CRITICAL:strat7:2023-01-13 17:51:58,172:16340: Yes my_avgbuy_price unavailable
CRITICAL:strat7:2023-01-13 17:52:01,132:16340: Yes my_avgbuy_price unavailable
CRITICAL:strat7:2023-01-13 17:52:38,809:16341: Yes my_avgbuy_price unavailable
CRITICAL:strat7:2023-01-13 17:52:41,646:16341: Yes my_avgbuy_price unavailable
CRITICAL:strat7:2023-01-13 17:52:44,813:16341: Yes my_avgbuy_price unavailable
CRITICAL:strat7:2023-01-13 17:52:47,625:16341: Yes my_avgbuy_price unavailable
CRITICAL:strat7:2023-01-13 17:53:26,947:16342: Yes my_avgbuy_price unavailable
CRITICAL:strat7:2023-01-13 17:53:29,792:16342: Yes my_avgbuy_price unavailable
CRITICAL:strat7:2023-01-13 17:53:33,021:16342: Yes my_avgbuy_price unavailable
CRITICAL:strat7:2023-01-13 17:53:35,951:16342: Yes my_avgbuy_price unavailable
CRITICAL:strat7:2023-01-13 17:54:15,297:16343: No my_buy_price unavailable
CRITICAL:strat7:2023-01-13 17:54:18,143:16343: No my_buy_price unavailable
CRITICAL:strat7:2023-01-13 17:54:21,482:16343: No my_buy_price unavailable
CRITICAL:strat7:2023-01-13 17:54:24,361:16343: No my_buy_price unavailable
CRITICAL:strat7:2023-01-13 17:55:01,622:16344: No my_buy_price unavailable
CRITICAL:strat7:2023-01-13 17:55:04,616:16344: No my_buy_price unavailable
CRITICAL:strat7:2023-01-13 17:55:09,501:16344: No my_buy_price unavailable
CRITICAL:strat7:2023-01-13 17:55:12,366:16344: No my_buy_price unavailable
CRITICAL:strat7:2023-01-13 17:55:50,501:16345: No my_buy_price unavailable
CRITICAL:strat7:2023-01-13 17:55:53,448:16345: No my_buy_price unavailable
CRITICAL:strat7:2023-01-13 17:55:56,758:16345: No my_buy_price unavailable
CRITICAL:strat7:2023-01-13 17:55:59,527:16345: No my_buy_price unavailable
CRITICAL:strat7:2023-01-13 17:57:38,223:16338: Yes my_avgbuy_price unavailable
CRITICAL:strat7:2023-01-13 17:57:41,063:16338: Yes my_avgbuy_price unavailable
CRITICAL:strat7:2023-01-13 17:57:44,613:16338: Yes my_avgbuy_price unavailable
CRITICAL:strat7:2023-01-13 17:57:47,412:16338: Yes my_avgbuy_price unavailable
CRITICAL:strat7:2023-01-13 17:58:25,872:16339: Yes my_avgbuy_price unavailable
CRITICAL:strat7:2023-01-13 17:58:28,635:16339: Yes my_avgbuy_price unavailable
CRITICAL:strat7:2023-01-13 17:58:32,043:16339: Yes my_avgbuy_price unavailable
CRITICAL:strat7:2023-01-13 17:58:34,849:16339: Yes my_avgbuy_price unavailable
CRITICAL:strat7:2023-01-13 17:59:14,106:16340: Yes my_avgbuy_price unavailable
CRITICAL:strat7:2023-01-13 17:59:16,944:16340: Yes my_avgbuy_price unavailable
CRITICAL:strat7:2023-01-13 17:59:20,223:16340: Yes my_avgbuy_price unavailable
CRITICAL:strat7:2023-01-13 17:59:23,114:16340: Yes my_avgbuy_price unavailable
CRITICAL:strat7:2023-01-13 18:00:01,151:16341: Yes my_avgbuy_price unavailable
CRITICAL:strat7:2023-01-13 18:00:04,019:16341: Yes my_avgbuy_price unavailable
CRITICAL:strat7:2023-01-13 18:00:07,337:16341: Yes my_avgbuy_price unavailable
CRITICAL:strat7:2023-01-13 18:00:10,146:16341: Yes my_avgbuy_price unavailable
CRITICAL:strat7:2023-01-13 18:00:48,043:16342: No my_buy_price unavailable
CRITICAL:strat7:2023-01-13 18:00:50,944:16342: No my_buy_price unavailable
CRITICAL:strat7:2023-01-13 18:00:54,160:16342: No my_buy_price unavailable
CRITICAL:strat7:2023-01-13 18:00:57,025:16342: No my_buy_price unavailable
CRITICAL:strat7:2023-01-13 18:01:35,653:16343: No my_buy_price unavailable
CRITICAL:strat7:2023-01-13 18:01:38,639:16343: No my_buy_price unavailable
CRITICAL:strat7:2023-01-13 18:01:41,966:16343: No my_buy_price unavailable
CRITICAL:strat7:2023-01-13 18:01:44,847:16343: No my_buy_price unavailable
CRITICAL:strat7:2023-01-13 18:02:24,132:16344: No my_buy_price unavailable
CRITICAL:strat7:2023-01-13 18:02:27,089:16344: No my_buy_price unavailable
CRITICAL:strat7:2023-01-13 18:02:30,327:16344: No my_buy_price unavailable
CRITICAL:strat7:2023-01-13 18:02:33,302:16344: No my_buy_price unavailable
CRITICAL:strat7:2023-01-13 18:03:11,257:16345: No my_buy_price unavailable
CRITICAL:strat7:2023-01-13 18:03:14,188:16345: No my_buy_price unavailable
CRITICAL:strat7:2023-01-13 18:03:17,486:16345: No my_buy_price unavailable
CRITICAL:strat7:2023-01-13 18:03:20,343:16345: No my_buy_price unavailable
CRITICAL:strat7:2023-01-13 18:04:57,656:16338: Yes my_avgbuy_price unavailable
CRITICAL:strat7:2023-01-13 18:05:00,506:16338: Yes my_avgbuy_price unavailable
CRITICAL:strat7:2023-01-13 18:05:04,032:16338: Yes my_avgbuy_price unavailable
CRITICAL:strat7:2023-01-13 18:05:06,832:16338: Yes my_avgbuy_price unavailable
CRITICAL:strat7:2023-01-13 18:05:45,241:16339: Yes my_avgbuy_price unavailable
CRITICAL:strat7:2023-01-13 18:05:48,140:16339: Yes my_avgbuy_price unavailable
CRITICAL:strat7:2023-01-13 18:05:51,356:16339: Yes my_avgbuy_price unavailable
CRITICAL:strat7:2023-01-13 18:05:54,130:16339: Yes my_avgbuy_price unavailable
CRITICAL:strat7:2023-01-13 18:06:32,745:16340: Yes my_avgbuy_price unavailable
CRITICAL:strat7:2023-01-13 18:06:35,561:16340: Yes my_avgbuy_price unavailable
CRITICAL:strat7:2023-01-13 18:06:38,819:16340: Yes my_avgbuy_price unavailable
CRITICAL:strat7:2023-01-13 18:06:41,690:16340: Yes my_avgbuy_price unavailable
CRITICAL:strat7:2023-01-13 18:07:20,808:16341: Yes my_avgbuy_price unavailable
CRITICAL:strat7:2023-01-13 18:07:23,656:16341: Yes my_avgbuy_price unavailable
CRITICAL:strat7:2023-01-13 18:07:26,990:16341: Yes my_avgbuy_price unavailable
CRITICAL:strat7:2023-01-13 18:07:29,820:16341: Yes my_avgbuy_price unavailable
CRITICAL:strat7:2023-01-13 18:08:07,288:16342: No my_buy_price unavailable
CRITICAL:strat7:2023-01-13 18:08:11,111:16342: No my_buy_price unavailable
CRITICAL:strat7:2023-01-13 18:08:14,386:16342: No my_buy_price unavailable
CRITICAL:strat7:2023-01-13 18:08:17,239:16342: No my_buy_price unavailable
CRITICAL:strat7:2023-01-13 18:08:55,411:16343: No my_buy_price unavailable
CRITICAL:strat7:2023-01-13 18:08:58,557:16343: No my_buy_price unavailable
CRITICAL:strat7:2023-01-13 18:09:01,847:16343: No my_buy_price unavailable
CRITICAL:strat7:2023-01-13 18:09:04,676:16343: No my_buy_price unavailable
CRITICAL:strat7:2023-01-13 18:09:43,569:16344: No my_buy_price unavailable
CRITICAL:strat7:2023-01-13 18:09:46,422:16344: No my_buy_price unavailable
CRITICAL:strat7:2023-01-13 18:09:49,565:16344: No my_buy_price unavailable
CRITICAL:strat7:2023-01-13 18:09:52,399:16344: No my_buy_price unavailable
CRITICAL:strat7:2023-01-13 18:10:31,532:16345: No my_buy_price unavailable
CRITICAL:strat7:2023-01-13 18:10:34,491:16345: No my_buy_price unavailable
CRITICAL:strat7:2023-01-13 18:10:37,776:16345: No my_buy_price unavailable
CRITICAL:strat7:2023-01-13 18:10:40,673:16345: No my_buy_price unavailable
CRITICAL:strat7:2023-01-13 18:12:18,970:16338: Yes my_avgbuy_price unavailable
CRITICAL:strat7:2023-01-13 18:12:21,800:16338: Yes my_avgbuy_price unavailable
CRITICAL:strat7:2023-01-13 18:12:25,236:16338: Yes my_avgbuy_price unavailable
CRITICAL:strat7:2023-01-13 18:12:28,254:16338: Yes my_avgbuy_price unavailable
CRITICAL:strat7:2023-01-13 18:13:05,698:16339: Yes my_avgbuy_price unavailable
CRITICAL:strat7:2023-01-13 18:13:08,410:16339: Yes my_avgbuy_price unavailable
CRITICAL:strat7:2023-01-13 18:13:11,747:16339: Yes my_avgbuy_price unavailable
CRITICAL:strat7:2023-01-13 18:13:14,621:16339: Yes my_avgbuy_price unavailable
CRITICAL:strat7:2023-01-13 18:13:52,467:16340: Yes my_avgbuy_price unavailable
CRITICAL:strat7:2023-01-13 18:13:55,391:16340: Yes my_avgbuy_price unavailable
CRITICAL:strat7:2023-01-13 18:13:58,601:16340: Yes my_avgbuy_price unavailable
CRITICAL:strat7:2023-01-13 18:14:02,950:16340: Yes my_avgbuy_price unavailable
CRITICAL:strat7:2023-01-13 18:14:43,716:16341: Yes my_avgbuy_price unavailable
CRITICAL:strat7:2023-01-13 18:14:46,573:16341: Yes my_avgbuy_price unavailable
CRITICAL:strat7:2023-01-13 18:14:49,814:16341: Yes my_avgbuy_price unavailable
CRITICAL:strat7:2023-01-13 18:14:52,742:16341: Yes my_avgbuy_price unavailable
CRITICAL:strat7:2023-01-13 18:15:33,459:16342: No my_buy_price unavailable
CRITICAL:strat7:2023-01-13 18:15:36,329:16342: No my_buy_price unavailable
CRITICAL:strat7:2023-01-13 18:15:39,601:16342: No my_buy_price unavailable
CRITICAL:strat7:2023-01-13 18:15:43,080:16342: No my_buy_price unavailable
CRITICAL:strat7:2023-01-13 18:16:24,016:16343: No my_buy_price unavailable
CRITICAL:strat7:2023-01-13 18:16:26,914:16343: No my_buy_price unavailable
CRITICAL:strat7:2023-01-13 18:16:30,131:16343: No my_buy_price unavailable
CRITICAL:strat7:2023-01-13 18:16:32,901:16343: No my_buy_price unavailable
CRITICAL:strat7:2023-01-13 18:17:11,465:16344: No my_buy_price unavailable
CRITICAL:strat7:2023-01-13 18:17:14,323:16344: No my_buy_price unavailable
CRITICAL:strat7:2023-01-13 18:17:17,633:16344: No my_buy_price unavailable
CRITICAL:strat7:2023-01-13 18:17:20,396:16344: No my_buy_price unavailable
CRITICAL:strat7:2023-01-13 18:17:57,577:16345: No my_buy_price unavailable
CRITICAL:strat7:2023-01-13 18:18:00,476:16345: No my_buy_price unavailable
CRITICAL:strat7:2023-01-13 18:18:03,874:16345: No my_buy_price unavailable
CRITICAL:strat7:2023-01-13 18:18:06,772:16345: No my_buy_price unavailable
CRITICAL:strat7:2023-01-13 18:30:33,214:16338: Yes my_avgbuy_price unavailable
CRITICAL:strat7:2023-01-13 18:32:27,308:16338: Yes my_avgbuy_price unavailable
CRITICAL:strat7:2023-01-13 18:32:33,822:16338: Yes my_avgbuy_price unavailable
CRITICAL:strat7:2023-01-13 18:32:36,701:16338: Yes my_avgbuy_price unavailable
CRITICAL:strat7:2023-01-13 18:33:17,514:16339: Yes my_avgbuy_price unavailable
CRITICAL:strat7:2023-01-13 18:33:20,381:16339: Yes my_avgbuy_price unavailable
CRITICAL:strat7:2023-01-13 18:33:24,126:16339: Yes my_avgbuy_price unavailable
CRITICAL:strat7:2023-01-13 18:33:27,043:16339: Yes my_avgbuy_price unavailable
CRITICAL:strat7:2023-01-13 18:35:04,767:16340: Yes my_avgbuy_price unavailable
CRITICAL:strat7:2023-01-13 18:35:07,853:16340: Yes my_avgbuy_price unavailable
CRITICAL:strat7:2023-01-13 18:35:11,466:16340: Yes my_avgbuy_price unavailable
CRITICAL:strat7:2023-01-13 18:35:14,281:16340: Yes my_avgbuy_price unavailable
INFO:strat7:2023-01-13 22:03:06,001:16338: Initialising event
CRITICAL:strat7:2023-01-13 22:03:50,499:16338: Yes my_avgbuy_price unavailable
CRITICAL:strat7:2023-01-13 22:03:53,184:16338: Yes my_avgbuy_price unavailable
WARNING:strat7:2023-01-13 22:03:54,708:16338: last_values_dict empty
INFO:strat7:2023-01-13 22:04:01,042:16339: Initialising event
CRITICAL:strat7:2023-01-13 22:04:44,681:16339: Yes my_avgbuy_price unavailable
CRITICAL:strat7:2023-01-13 22:04:47,238:16339: Yes my_avgbuy_price unavailable
WARNING:strat7:2023-01-13 22:04:48,861:16339: last_values_dict empty
INFO:strat7:2023-01-13 22:04:55,087:16340: Initialising event
CRITICAL:strat7:2023-01-13 22:05:32,067:16340: Yes my_avgbuy_price unavailable
CRITICAL:strat7:2023-01-13 22:05:35,218:16340: Yes my_avgbuy_price unavailable
WARNING:strat7:2023-01-13 22:05:37,459:16340: last_values_dict empty
INFO:strat7:2023-01-13 22:05:43,886:16341: Initialising event
CRITICAL:strat7:2023-01-13 22:07:20,872:16341: Yes my_avgbuy_price unavailable
CRITICAL:strat7:2023-01-13 22:07:23,392:16341: Yes my_avgbuy_price unavailable
WARNING:strat7:2023-01-13 22:07:24,822:16341: last_values_dict empty
INFO:strat7:2023-01-13 22:07:31,013:16342: Initialising event
CRITICAL:strat7:2023-01-13 22:10:53,161:16342: Yes my_avgbuy_price unavailable
CRITICAL:strat7:2023-01-13 22:11:03,705:16342: Yes my_avgbuy_price unavailable
WARNING:strat7:2023-01-13 22:11:05,257:16342: last_values_dict empty
INFO:strat7:2023-01-13 22:11:11,485:16343: Initialising event
CRITICAL:strat7:2023-01-13 22:11:43,105:16343: Yes my_avgbuy_price unavailable
CRITICAL:strat7:2023-01-13 22:11:45,866:16343: Yes my_avgbuy_price unavailable
WARNING:strat7:2023-01-13 22:11:47,461:16343: last_values_dict empty
INFO:strat7:2023-01-13 22:11:53,749:16344: Initialising event
CRITICAL:strat7:2023-01-13 22:12:27,095:16344: Yes my_avgbuy_price unavailable
CRITICAL:strat7:2023-01-13 22:12:29,810:16344: Yes my_avgbuy_price unavailable
WARNING:strat7:2023-01-13 22:12:31,341:16344: last_values_dict empty
INFO:strat7:2023-01-13 22:12:37,581:16345: Initialising event
CRITICAL:strat7:2023-01-13 22:13:10,869:16345: No my_buy_price unavailable
CRITICAL:strat7:2023-01-13 22:13:13,621:16345: No my_buy_price unavailable
WARNING:strat7:2023-01-13 22:13:15,217:16345: last_values_dict empty
CRITICAL:strat7:2023-01-13 22:13:49,866:16338: Yes my_avgbuy_price unavailable
CRITICAL:strat7:2023-01-13 22:13:52,706:16338: Yes my_avgbuy_price unavailable
CRITICAL:strat7:2023-01-13 22:13:56,639:16338: Yes my_avgbuy_price unavailable
CRITICAL:strat7:2023-01-13 22:13:59,396:16338: Yes my_avgbuy_price unavailable
CRITICAL:strat7:2023-01-13 22:14:39,099:16339: Yes my_avgbuy_price unavailable
CRITICAL:strat7:2023-01-13 22:14:41,878:16339: Yes my_avgbuy_price unavailable
CRITICAL:strat7:2023-01-13 22:14:45,953:16339: Yes my_avgbuy_price unavailable
CRITICAL:strat7:2023-01-13 22:14:48,744:16339: Yes my_avgbuy_price unavailable
CRITICAL:strat7:2023-01-13 22:15:27,873:16340: Yes my_avgbuy_price unavailable
CRITICAL:strat7:2023-01-13 22:15:30,836:16340: Yes my_avgbuy_price unavailable
CRITICAL:strat7:2023-01-13 22:15:34,867:16340: Yes my_avgbuy_price unavailable
CRITICAL:strat7:2023-01-13 22:15:37,699:16340: Yes my_avgbuy_price unavailable
CRITICAL:strat7:2023-01-13 22:16:17,245:16341: Yes my_avgbuy_price unavailable
CRITICAL:strat7:2023-01-13 22:16:20,041:16341: Yes my_avgbuy_price unavailable
CRITICAL:strat7:2023-01-13 22:16:24,138:16341: Yes my_avgbuy_price unavailable
CRITICAL:strat7:2023-01-13 22:16:26,895:16341: Yes my_avgbuy_price unavailable
CRITICAL:strat7:2023-01-13 22:17:06,861:16342: Yes my_avgbuy_price unavailable
CRITICAL:strat7:2023-01-13 22:17:09,597:16342: Yes my_avgbuy_price unavailable
CRITICAL:strat7:2023-01-13 22:17:13,089:16342: Yes my_avgbuy_price unavailable
CRITICAL:strat7:2023-01-13 22:17:15,830:16342: Yes my_avgbuy_price unavailable
CRITICAL:strat7:2023-01-13 22:17:51,047:16343: Yes my_avgbuy_price unavailable
CRITICAL:strat7:2023-01-13 22:17:53,806:16343: Yes my_avgbuy_price unavailable
CRITICAL:strat7:2023-01-13 22:17:56,874:16343: Yes my_avgbuy_price unavailable
CRITICAL:strat7:2023-01-13 22:17:59,611:16343: Yes my_avgbuy_price unavailable
CRITICAL:strat7:2023-01-13 22:18:38,836:16344: Yes my_avgbuy_price unavailable
CRITICAL:strat7:2023-01-13 22:18:41,533:16344: Yes my_avgbuy_price unavailable
CRITICAL:strat7:2023-01-13 22:18:44,604:16344: Yes my_avgbuy_price unavailable
CRITICAL:strat7:2023-01-13 22:18:47,277:16344: Yes my_avgbuy_price unavailable
CRITICAL:strat7:2023-01-13 22:19:24,117:16345: No my_buy_price unavailable
CRITICAL:strat7:2023-01-13 22:19:26,895:16345: No my_buy_price unavailable
CRITICAL:strat7:2023-01-13 22:19:30,054:16345: No my_buy_price unavailable
CRITICAL:strat7:2023-01-13 22:19:32,754:16345: No my_buy_price unavailable
CRITICAL:strat7:2023-01-13 22:21:13,118:16338: Yes my_avgbuy_price unavailable
CRITICAL:strat7:2023-01-13 22:21:15,935:16338: Yes my_avgbuy_price unavailable
CRITICAL:strat7:2023-01-13 22:21:19,965:16338: Yes my_avgbuy_price unavailable
CRITICAL:strat7:2023-01-13 22:21:22,969:16338: Yes my_avgbuy_price unavailable
CRITICAL:strat7:2023-01-13 22:22:03,233:16339: Yes my_avgbuy_price unavailable
CRITICAL:strat7:2023-01-13 22:22:06,104:16339: Yes my_avgbuy_price unavailable
CRITICAL:strat7:2023-01-13 22:22:10,124:16339: Yes my_avgbuy_price unavailable
CRITICAL:strat7:2023-01-13 22:22:12,913:16339: Yes my_avgbuy_price unavailable
CRITICAL:strat7:2023-01-13 22:22:49,238:16340: Yes my_avgbuy_price unavailable
CRITICAL:strat7:2023-01-13 22:22:52,113:16340: Yes my_avgbuy_price unavailable
CRITICAL:strat7:2023-01-13 22:22:56,107:16340: Yes my_avgbuy_price unavailable
CRITICAL:strat7:2023-01-13 22:22:58,891:16340: Yes my_avgbuy_price unavailable
CRITICAL:strat7:2023-01-13 22:23:38,577:16341: Yes my_avgbuy_price unavailable
CRITICAL:strat7:2023-01-13 22:23:41,399:16341: Yes my_avgbuy_price unavailable
CRITICAL:strat7:2023-01-13 22:23:45,401:16341: Yes my_avgbuy_price unavailable
CRITICAL:strat7:2023-01-13 22:23:48,235:16341: Yes my_avgbuy_price unavailable
CRITICAL:strat7:2023-01-13 22:24:26,789:16342: Yes my_avgbuy_price unavailable
CRITICAL:strat7:2023-01-13 22:24:29,530:16342: Yes my_avgbuy_price unavailable
CRITICAL:strat7:2023-01-13 22:24:32,686:16342: Yes my_avgbuy_price unavailable
CRITICAL:strat7:2023-01-13 22:24:35,388:16342: Yes my_avgbuy_price unavailable
CRITICAL:strat7:2023-01-13 22:25:10,433:16343: Yes my_avgbuy_price unavailable
CRITICAL:strat7:2023-01-13 22:25:13,211:16343: Yes my_avgbuy_price unavailable
CRITICAL:strat7:2023-01-13 22:25:16,390:16343: Yes my_avgbuy_price unavailable
CRITICAL:strat7:2023-01-13 22:25:19,195:16343: Yes my_avgbuy_price unavailable
CRITICAL:strat7:2023-01-13 22:25:57,600:16344: Yes my_avgbuy_price unavailable
CRITICAL:strat7:2023-01-13 22:26:00,436:16344: Yes my_avgbuy_price unavailable
CRITICAL:strat7:2023-01-13 22:26:03,592:16344: Yes my_avgbuy_price unavailable
CRITICAL:strat7:2023-01-13 22:26:06,319:16344: Yes my_avgbuy_price unavailable
CRITICAL:strat7:2023-01-13 22:26:45,978:16345: No my_buy_price unavailable
CRITICAL:strat7:2023-01-13 22:26:48,817:16345: No my_buy_price unavailable
CRITICAL:strat7:2023-01-13 22:26:52,011:16345: No my_buy_price unavailable
CRITICAL:strat7:2023-01-13 22:26:54,668:16345: No my_buy_price unavailable
CRITICAL:strat7:2023-01-13 22:28:36,470:16338: Yes my_avgbuy_price unavailable
CRITICAL:strat7:2023-01-13 22:28:39,247:16338: Yes my_avgbuy_price unavailable
CRITICAL:strat7:2023-01-13 22:28:43,312:16338: Yes my_avgbuy_price unavailable
CRITICAL:strat7:2023-01-13 22:28:46,169:16338: Yes my_avgbuy_price unavailable
CRITICAL:strat7:2023-01-13 22:29:22,733:16339: Yes my_avgbuy_price unavailable
CRITICAL:strat7:2023-01-13 22:29:25,496:16339: Yes my_avgbuy_price unavailable
CRITICAL:strat7:2023-01-13 22:29:29,486:16339: Yes my_avgbuy_price unavailable
CRITICAL:strat7:2023-01-13 22:29:32,390:16339: Yes my_avgbuy_price unavailable
CRITICAL:strat7:2023-01-13 22:30:10,477:16340: Yes my_avgbuy_price unavailable
CRITICAL:strat7:2023-01-13 22:30:13,273:16340: Yes my_avgbuy_price unavailable
CRITICAL:strat7:2023-01-13 22:30:17,280:16340: Yes my_avgbuy_price unavailable
CRITICAL:strat7:2023-01-13 22:30:20,114:16340: Yes my_avgbuy_price unavailable
CRITICAL:strat7:2023-01-13 22:30:59,764:16341: Yes my_avgbuy_price unavailable
CRITICAL:strat7:2023-01-13 22:31:02,549:16341: Yes my_avgbuy_price unavailable
CRITICAL:strat7:2023-01-13 22:31:07,077:16341: Yes my_avgbuy_price unavailable
CRITICAL:strat7:2023-01-13 22:31:09,876:16341: Yes my_avgbuy_price unavailable
CRITICAL:strat7:2023-01-13 22:31:48,184:16342: Yes my_avgbuy_price unavailable
CRITICAL:strat7:2023-01-13 22:31:50,958:16342: Yes my_avgbuy_price unavailable
CRITICAL:strat7:2023-01-13 22:31:54,871:16342: Yes my_avgbuy_price unavailable
CRITICAL:strat7:2023-01-13 22:31:57,615:16342: Yes my_avgbuy_price unavailable
CRITICAL:strat7:2023-01-13 22:32:35,629:16343: Yes my_avgbuy_price unavailable
CRITICAL:strat7:2023-01-13 22:32:38,336:16343: Yes my_avgbuy_price unavailable
CRITICAL:strat7:2023-01-13 22:32:41,406:16343: Yes my_avgbuy_price unavailable
CRITICAL:strat7:2023-01-13 22:32:44,145:16343: Yes my_avgbuy_price unavailable
CRITICAL:strat7:2023-01-13 22:33:22,377:16344: Yes my_avgbuy_price unavailable
CRITICAL:strat7:2023-01-13 22:33:25,171:16344: Yes my_avgbuy_price unavailable
CRITICAL:strat7:2023-01-13 22:33:28,247:16344: Yes my_avgbuy_price unavailable
CRITICAL:strat7:2023-01-13 22:33:30,939:16344: Yes my_avgbuy_price unavailable
CRITICAL:strat7:2023-01-13 22:34:09,313:16345: No my_buy_price unavailable
CRITICAL:strat7:2023-01-13 22:34:12,142:16345: No my_buy_price unavailable
CRITICAL:strat7:2023-01-13 22:34:15,270:16345: No my_buy_price unavailable
CRITICAL:strat7:2023-01-13 22:34:18,066:16345: No my_buy_price unavailable
CRITICAL:strat7:2023-01-13 22:35:53,430:16338: Yes my_avgbuy_price unavailable
CRITICAL:strat7:2023-01-13 22:35:56,216:16338: Yes my_avgbuy_price unavailable
CRITICAL:strat7:2023-01-13 22:36:00,266:16338: Yes my_avgbuy_price unavailable
CRITICAL:strat7:2023-01-13 22:36:03,194:16338: Yes my_avgbuy_price unavailable
CRITICAL:strat7:2023-01-13 22:36:40,446:16339: Yes my_avgbuy_price unavailable
CRITICAL:strat7:2023-01-13 22:36:43,230:16339: Yes my_avgbuy_price unavailable
CRITICAL:strat7:2023-01-13 22:36:47,285:16339: Yes my_avgbuy_price unavailable
CRITICAL:strat7:2023-01-13 22:36:50,122:16339: Yes my_avgbuy_price unavailable
CRITICAL:strat7:2023-01-13 22:37:29,047:16340: Yes my_avgbuy_price unavailable
CRITICAL:strat7:2023-01-13 22:37:31,780:16340: Yes my_avgbuy_price unavailable
CRITICAL:strat7:2023-01-13 22:37:35,831:16340: Yes my_avgbuy_price unavailable
CRITICAL:strat7:2023-01-13 22:37:38,722:16340: Yes my_avgbuy_price unavailable
CRITICAL:strat7:2023-01-13 22:38:13,300:16341: Yes my_avgbuy_price unavailable
CRITICAL:strat7:2023-01-13 22:38:16,120:16341: Yes my_avgbuy_price unavailable
CRITICAL:strat7:2023-01-13 22:38:20,142:16341: Yes my_avgbuy_price unavailable
CRITICAL:strat7:2023-01-13 22:38:22,943:16341: Yes my_avgbuy_price unavailable
CRITICAL:strat7:2023-01-13 22:39:02,199:16342: Yes my_avgbuy_price unavailable
CRITICAL:strat7:2023-01-13 22:39:05,083:16342: Yes my_avgbuy_price unavailable
CRITICAL:strat7:2023-01-13 22:39:09,103:16342: Yes my_avgbuy_price unavailable
CRITICAL:strat7:2023-01-13 22:39:11,868:16342: Yes my_avgbuy_price unavailable
CRITICAL:strat7:2023-01-13 22:39:51,591:16343: Yes my_avgbuy_price unavailable
CRITICAL:strat7:2023-01-13 22:39:54,332:16343: Yes my_avgbuy_price unavailable
CRITICAL:strat7:2023-01-13 22:39:57,895:16343: Yes my_avgbuy_price unavailable
CRITICAL:strat7:2023-01-13 22:40:00,674:16343: Yes my_avgbuy_price unavailable
CRITICAL:strat7:2023-01-13 22:40:37,342:16344: Yes my_avgbuy_price unavailable
CRITICAL:strat7:2023-01-13 22:40:41,122:16344: Yes my_avgbuy_price unavailable
CRITICAL:strat7:2023-01-13 22:40:44,204:16344: Yes my_avgbuy_price unavailable
CRITICAL:strat7:2023-01-13 22:40:47,039:16344: Yes my_avgbuy_price unavailable
CRITICAL:strat7:2023-01-13 22:41:22,139:16345: No my_buy_price unavailable
CRITICAL:strat7:2023-01-13 22:41:24,920:16345: No my_buy_price unavailable
CRITICAL:strat7:2023-01-13 22:41:28,052:16345: No my_buy_price unavailable
CRITICAL:strat7:2023-01-13 22:41:30,875:16345: No my_buy_price unavailable
CRITICAL:strat7:2023-01-13 22:43:08,027:16338: Yes my_avgbuy_price unavailable
CRITICAL:strat7:2023-01-13 22:43:10,804:16338: Yes my_avgbuy_price unavailable
CRITICAL:strat7:2023-01-13 22:43:14,867:16338: Yes my_avgbuy_price unavailable
CRITICAL:strat7:2023-01-13 22:43:17,655:16338: Yes my_avgbuy_price unavailable
CRITICAL:strat7:2023-01-13 22:43:59,309:16339: Yes my_avgbuy_price unavailable
CRITICAL:strat7:2023-01-13 22:44:02,158:16339: Yes my_avgbuy_price unavailable
CRITICAL:strat7:2023-01-13 22:44:06,417:16339: Yes my_avgbuy_price unavailable
CRITICAL:strat7:2023-01-13 22:44:09,252:16339: Yes my_avgbuy_price unavailable
CRITICAL:strat7:2023-01-13 22:44:45,163:16340: Yes my_avgbuy_price unavailable
CRITICAL:strat7:2023-01-13 22:44:47,900:16340: Yes my_avgbuy_price unavailable
CRITICAL:strat7:2023-01-13 22:44:51,877:16340: Yes my_avgbuy_price unavailable
CRITICAL:strat7:2023-01-13 22:44:54,635:16340: Yes my_avgbuy_price unavailable
CRITICAL:strat7:2023-01-13 22:45:37,974:16341: Yes my_avgbuy_price unavailable
CRITICAL:strat7:2023-01-13 22:45:40,712:16341: Yes my_avgbuy_price unavailable
CRITICAL:strat7:2023-01-13 22:45:44,636:16341: Yes my_avgbuy_price unavailable
CRITICAL:strat7:2023-01-13 22:45:47,762:16341: Yes my_avgbuy_price unavailable
CRITICAL:strat7:2023-01-13 22:46:27,830:16342: Yes my_avgbuy_price unavailable
CRITICAL:strat7:2023-01-13 22:46:30,624:16342: Yes my_avgbuy_price unavailable
CRITICAL:strat7:2023-01-13 22:46:34,590:16342: Yes my_avgbuy_price unavailable
CRITICAL:strat7:2023-01-13 22:46:37,376:16342: Yes my_avgbuy_price unavailable
CRITICAL:strat7:2023-01-13 22:47:19,940:16343: Yes my_avgbuy_price unavailable
CRITICAL:strat7:2023-01-13 22:47:22,724:16343: Yes my_avgbuy_price unavailable
CRITICAL:strat7:2023-01-13 22:47:26,742:16343: Yes my_avgbuy_price unavailable
CRITICAL:strat7:2023-01-13 22:47:29,456:16343: Yes my_avgbuy_price unavailable
CRITICAL:strat7:2023-01-13 22:48:08,155:16344: Yes my_avgbuy_price unavailable
CRITICAL:strat7:2023-01-13 22:48:10,878:16344: Yes my_avgbuy_price unavailable
CRITICAL:strat7:2023-01-13 22:48:13,949:16344: Yes my_avgbuy_price unavailable
CRITICAL:strat7:2023-01-13 22:48:16,649:16344: Yes my_avgbuy_price unavailable
CRITICAL:strat7:2023-01-13 22:48:56,298:16345: No my_buy_price unavailable
CRITICAL:strat7:2023-01-13 22:48:58,998:16345: No my_buy_price unavailable
CRITICAL:strat7:2023-01-13 22:49:02,113:16345: No my_buy_price unavailable
CRITICAL:strat7:2023-01-13 22:49:04,862:16345: No my_buy_price unavailable
CRITICAL:strat7:2023-01-13 22:50:46,727:16338: Yes my_avgbuy_price unavailable
CRITICAL:strat7:2023-01-13 22:50:49,528:16338: Yes my_avgbuy_price unavailable
CRITICAL:strat7:2023-01-13 22:50:53,477:16338: Yes my_avgbuy_price unavailable
CRITICAL:strat7:2023-01-13 22:50:56,258:16338: Yes my_avgbuy_price unavailable
CRITICAL:strat7:2023-01-13 22:51:36,035:16339: Yes my_avgbuy_price unavailable
CRITICAL:strat7:2023-01-13 22:51:38,832:16339: Yes my_avgbuy_price unavailable
CRITICAL:strat7:2023-01-13 22:51:42,824:16339: Yes my_avgbuy_price unavailable
CRITICAL:strat7:2023-01-13 22:51:45,597:16339: Yes my_avgbuy_price unavailable
CRITICAL:strat7:2023-01-13 22:52:25,132:16340: Yes my_avgbuy_price unavailable
CRITICAL:strat7:2023-01-13 22:52:27,902:16340: Yes my_avgbuy_price unavailable
CRITICAL:strat7:2023-01-13 22:52:31,889:16340: Yes my_avgbuy_price unavailable
CRITICAL:strat7:2023-01-13 22:52:34,612:16340: Yes my_avgbuy_price unavailable
CRITICAL:strat7:2023-01-13 22:53:17,959:16341: Yes my_avgbuy_price unavailable
CRITICAL:strat7:2023-01-13 22:53:20,736:16341: Yes my_avgbuy_price unavailable
CRITICAL:strat7:2023-01-13 22:53:24,631:16341: Yes my_avgbuy_price unavailable
CRITICAL:strat7:2023-01-13 22:53:27,382:16341: Yes my_avgbuy_price unavailable
CRITICAL:strat7:2023-01-13 22:54:06,983:16342: Yes my_avgbuy_price unavailable
CRITICAL:strat7:2023-01-13 22:54:09,717:16342: Yes my_avgbuy_price unavailable
CRITICAL:strat7:2023-01-13 22:54:13,592:16342: Yes my_avgbuy_price unavailable
CRITICAL:strat7:2023-01-13 22:54:16,359:16342: Yes my_avgbuy_price unavailable
CRITICAL:strat7:2023-01-13 22:54:54,967:16343: Yes my_avgbuy_price unavailable
CRITICAL:strat7:2023-01-13 22:54:57,709:16343: Yes my_avgbuy_price unavailable
CRITICAL:strat7:2023-01-13 22:55:01,786:16343: Yes my_avgbuy_price unavailable
CRITICAL:strat7:2023-01-13 22:55:04,496:16343: Yes my_avgbuy_price unavailable
CRITICAL:strat7:2023-01-13 22:55:45,980:16344: Yes my_avgbuy_price unavailable
CRITICAL:strat7:2023-01-13 22:55:48,755:16344: Yes my_avgbuy_price unavailable
CRITICAL:strat7:2023-01-13 22:55:52,725:16344: Yes my_avgbuy_price unavailable
CRITICAL:strat7:2023-01-13 22:55:55,429:16344: Yes my_avgbuy_price unavailable
CRITICAL:strat7:2023-01-13 22:56:38,435:16345: Yes my_avgbuy_price unavailable
CRITICAL:strat7:2023-01-13 22:56:41,319:16345: Yes my_avgbuy_price unavailable
CRITICAL:strat7:2023-01-13 22:56:45,341:16345: Yes my_avgbuy_price unavailable
CRITICAL:strat7:2023-01-13 22:56:48,278:16345: Yes my_avgbuy_price unavailable
CRITICAL:strat7:2023-01-13 22:59:56,337:16340: Yes my_avgbuy_price unavailable
CRITICAL:strat7:2023-01-13 22:59:59,168:16340: Yes my_avgbuy_price unavailable
CRITICAL:strat7:2023-01-13 23:00:04,536:16340: Yes my_avgbuy_price unavailable
CRITICAL:strat7:2023-01-13 23:00:07,325:16340: Yes my_avgbuy_price unavailable
CRITICAL:strat7:2023-01-13 23:00:45,889:16341: Yes my_avgbuy_price unavailable
CRITICAL:strat7:2023-01-13 23:00:48,687:16341: Yes my_avgbuy_price unavailable
CRITICAL:strat7:2023-01-13 23:00:52,638:16341: Yes my_avgbuy_price unavailable
CRITICAL:strat7:2023-01-13 23:00:55,481:16341: Yes my_avgbuy_price unavailable
CRITICAL:strat7:2023-01-13 23:01:36,882:16342: Yes my_avgbuy_price unavailable
CRITICAL:strat7:2023-01-13 23:01:39,575:16342: Yes my_avgbuy_price unavailable
CRITICAL:strat7:2023-01-13 23:01:43,600:16342: Yes my_avgbuy_price unavailable
CRITICAL:strat7:2023-01-13 23:01:46,399:16342: Yes my_avgbuy_price unavailable
CRITICAL:strat7:2023-01-13 23:02:27,567:16343: Yes my_avgbuy_price unavailable
CRITICAL:strat7:2023-01-13 23:02:30,338:16343: Yes my_avgbuy_price unavailable
CRITICAL:strat7:2023-01-13 23:02:34,325:16343: Yes my_avgbuy_price unavailable
CRITICAL:strat7:2023-01-13 23:02:37,109:16343: Yes my_avgbuy_price unavailable
CRITICAL:strat7:2023-01-13 23:03:12,903:16344: Yes my_avgbuy_price unavailable
CRITICAL:strat7:2023-01-13 23:03:15,699:16344: Yes my_avgbuy_price unavailable
CRITICAL:strat7:2023-01-13 23:03:19,751:16344: Yes my_avgbuy_price unavailable
CRITICAL:strat7:2023-01-13 23:03:22,553:16344: Yes my_avgbuy_price unavailable
