INFO:strat7:2022-12-10 16:09:13,310:13635: Initialising event
CRITICAL:strat7:2022-12-10 16:09:40,050:13635: No my_buy_price unavailable
WARNING:strat7:2022-12-10 16:09:41,746:13635: last_values_dict empty
INFO:strat7:2022-12-10 16:09:47,686:13636: Initialising event
CRITICAL:strat7:2022-12-10 16:10:04,179:13636: No my_buy_price unavailable
WARNING:strat7:2022-12-10 16:10:05,906:13636: last_values_dict empty
INFO:strat7:2022-12-10 16:10:11,849:13640: Initialising event
CRITICAL:strat7:2022-12-10 16:10:30,086:13640: No my_buy_price unavailable
WARNING:strat7:2022-12-10 16:10:31,895:13640: last_values_dict empty
INFO:strat7:2022-12-10 16:10:37,863:13641: Initialising event
CRITICAL:strat7:2022-12-10 16:10:57,831:13641: Yes my_avgbuy_price unavailable
WARNING:strat7:2022-12-10 16:10:59,590:13641: last_values_dict empty
INFO:strat7:2022-12-10 16:11:05,554:13642: Initialising event
CRITICAL:strat7:2022-12-10 16:11:22,089:13642: No my_buy_price unavailable
WARNING:strat7:2022-12-10 16:11:23,867:13642: last_values_dict empty
INFO:strat7:2022-12-10 16:11:29,679:13643: Initialising event
CRITICAL:strat7:2022-12-10 16:11:49,778:13643: No my_buy_price unavailable
WARNING:strat7:2022-12-10 16:11:51,706:13643: last_values_dict empty
INFO:strat7:2022-12-10 16:11:57,607:13644: Initialising event
CRITICAL:strat7:2022-12-10 16:12:17,689:13644: No my_buy_price unavailable
WARNING:strat7:2022-12-10 16:12:19,501:13644: last_values_dict empty
INFO:strat7:2022-12-10 16:12:25,402:13645: Initialising event
CRITICAL:strat7:2022-12-10 16:12:46,621:13645: No my_buy_price unavailable
WARNING:strat7:2022-12-10 16:12:48,419:13645: last_values_dict empty
CRITICAL:strat7:2022-12-10 16:13:08,552:13635: No my_buy_price unavailable
CRITICAL:strat7:2022-12-10 16:13:10,305:13635: No my_buy_price unavailable
CRITICAL:strat7:2022-12-10 16:13:32,382:13636: No my_buy_price unavailable
CRITICAL:strat7:2022-12-10 16:13:34,220:13636: No my_buy_price unavailable
CRITICAL:strat7:2022-12-10 16:13:56,315:13640: No my_buy_price unavailable
CRITICAL:strat7:2022-12-10 16:13:58,091:13640: No my_buy_price unavailable
CRITICAL:strat7:2022-12-10 16:14:20,928:13641: Yes my_avgbuy_price unavailable
CRITICAL:strat7:2022-12-10 16:14:23,957:13641: Yes my_avgbuy_price unavailable
CRITICAL:strat7:2022-12-10 16:14:46,792:13642: No my_buy_price unavailable
CRITICAL:strat7:2022-12-10 16:14:48,738:13642: No my_buy_price unavailable
CRITICAL:strat7:2022-12-10 16:15:11,638:13643: No my_buy_price unavailable
CRITICAL:strat7:2022-12-10 16:15:14,692:13643: No my_buy_price unavailable
CRITICAL:strat7:2022-12-10 16:15:39,110:13644: No my_buy_price unavailable
CRITICAL:strat7:2022-12-10 16:15:42,256:13644: No my_buy_price unavailable
CRITICAL:strat7:2022-12-10 16:16:06,425:13645: No my_buy_price unavailable
CRITICAL:strat7:2022-12-10 16:16:09,577:13645: No my_buy_price unavailable
CRITICAL:strat7:2022-12-10 16:17:31,563:13635: No my_buy_price unavailable
CRITICAL:strat7:2022-12-10 16:17:33,467:13635: No my_buy_price unavailable
CRITICAL:strat7:2022-12-10 16:17:54,678:13636: No my_buy_price unavailable
CRITICAL:strat7:2022-12-10 16:17:56,516:13636: No my_buy_price unavailable
CRITICAL:strat7:2022-12-10 16:18:18,862:13640: No my_buy_price unavailable
CRITICAL:strat7:2022-12-10 16:18:20,626:13640: No my_buy_price unavailable
CRITICAL:strat7:2022-12-10 16:18:44,665:13641: Yes my_avgbuy_price unavailable
CRITICAL:strat7:2022-12-10 16:18:48,501:13641: Yes my_avgbuy_price unavailable
CRITICAL:strat7:2022-12-10 16:19:14,871:13642: No my_buy_price unavailable
CRITICAL:strat7:2022-12-10 16:19:16,697:13642: No my_buy_price unavailable
CRITICAL:strat7:2022-12-10 16:19:42,415:13643: No my_buy_price unavailable
CRITICAL:strat7:2022-12-10 16:19:45,585:13643: No my_buy_price unavailable
CRITICAL:strat7:2022-12-10 16:20:10,732:13644: No my_buy_price unavailable
CRITICAL:strat7:2022-12-10 16:20:13,863:13644: No my_buy_price unavailable
CRITICAL:strat7:2022-12-10 16:20:40,906:13645: No my_buy_price unavailable
CRITICAL:strat7:2022-12-10 16:20:43,519:13645: No my_buy_price unavailable
CRITICAL:strat7:2022-12-10 16:22:06,258:13635: No my_buy_price unavailable
CRITICAL:strat7:2022-12-10 16:22:08,202:13635: No my_buy_price unavailable
CRITICAL:strat7:2022-12-10 16:22:29,735:13636: No my_buy_price unavailable
CRITICAL:strat7:2022-12-10 16:22:31,566:13636: No my_buy_price unavailable
CRITICAL:strat7:2022-12-10 16:22:54,732:13640: No my_buy_price unavailable
CRITICAL:strat7:2022-12-10 16:22:56,521:13640: No my_buy_price unavailable
CRITICAL:strat7:2022-12-10 16:23:17,906:13641: No my_buy_price unavailable
CRITICAL:strat7:2022-12-10 16:23:21,124:13641: No my_buy_price unavailable
CRITICAL:strat7:2022-12-10 16:23:43,206:13642: No my_buy_price unavailable
CRITICAL:strat7:2022-12-10 16:23:45,012:13642: No my_buy_price unavailable
CRITICAL:strat7:2022-12-10 16:24:08,466:13643: No my_buy_price unavailable
CRITICAL:strat7:2022-12-10 16:24:11,506:13643: No my_buy_price unavailable
CRITICAL:strat7:2022-12-10 16:24:35,310:13644: No my_buy_price unavailable
CRITICAL:strat7:2022-12-10 16:24:38,442:13644: No my_buy_price unavailable
CRITICAL:strat7:2022-12-10 16:25:05,963:13645: No my_buy_price unavailable
CRITICAL:strat7:2022-12-10 16:25:08,565:13645: No my_buy_price unavailable
CRITICAL:strat7:2022-12-10 16:26:30,210:13635: No my_buy_price unavailable
CRITICAL:strat7:2022-12-10 16:26:32,030:13635: No my_buy_price unavailable
CRITICAL:strat7:2022-12-10 16:26:56,683:13636: No my_buy_price unavailable
CRITICAL:strat7:2022-12-10 16:26:58,608:13636: No my_buy_price unavailable
CRITICAL:strat7:2022-12-10 16:27:23,877:13640: No my_buy_price unavailable
CRITICAL:strat7:2022-12-10 16:27:26,908:13640: No my_buy_price unavailable
CRITICAL:strat7:2022-12-10 16:27:49,403:13641: No my_buy_price unavailable
CRITICAL:strat7:2022-12-10 16:27:51,230:13641: No my_buy_price unavailable
CRITICAL:strat7:2022-12-10 16:28:08,802:13642: No my_buy_price unavailable
CRITICAL:strat7:2022-12-10 16:28:10,717:13642: No my_buy_price unavailable
CRITICAL:strat7:2022-12-10 16:28:33,506:13643: No my_buy_price unavailable
CRITICAL:strat7:2022-12-10 16:28:36,622:13643: No my_buy_price unavailable
CRITICAL:strat7:2022-12-10 16:28:59,332:13644: No my_buy_price unavailable
CRITICAL:strat7:2022-12-10 16:29:02,429:13644: No my_buy_price unavailable
CRITICAL:strat7:2022-12-10 16:30:52,361:13635: No my_buy_price unavailable
CRITICAL:strat7:2022-12-10 16:30:54,158:13635: No my_buy_price unavailable
CRITICAL:strat7:2022-12-10 16:31:16,753:13636: No my_buy_price unavailable
CRITICAL:strat7:2022-12-10 16:31:18,536:13636: No my_buy_price unavailable
CRITICAL:strat7:2022-12-10 16:31:39,924:13640: No my_buy_price unavailable
CRITICAL:strat7:2022-12-10 16:31:41,687:13640: No my_buy_price unavailable
CRITICAL:strat7:2022-12-10 16:32:07,061:13641: Yes my_avgbuy_price unavailable
CRITICAL:strat7:2022-12-10 16:32:09,509:13641: Yes my_avgbuy_price unavailable
CRITICAL:strat7:2022-12-10 16:32:30,578:13642: No my_buy_price unavailable
CRITICAL:strat7:2022-12-10 16:32:32,493:13642: No my_buy_price unavailable
CRITICAL:strat7:2022-12-10 16:33:20,842:13644: No my_buy_price unavailable
CRITICAL:strat7:2022-12-10 16:33:23,941:13644: No my_buy_price unavailable
CRITICAL:strat7:2022-12-10 16:35:10,318:13635: No my_buy_price unavailable
CRITICAL:strat7:2022-12-10 16:35:12,179:13635: No my_buy_price unavailable
CRITICAL:strat7:2022-12-10 16:35:33,285:13636: No my_buy_price unavailable
CRITICAL:strat7:2022-12-10 16:35:35,063:13636: No my_buy_price unavailable
CRITICAL:strat7:2022-12-10 16:35:56,255:13640: No my_buy_price unavailable
CRITICAL:strat7:2022-12-10 16:35:58,029:13640: No my_buy_price unavailable
CRITICAL:strat7:2022-12-10 16:36:20,906:13641: Yes my_avgbuy_price unavailable
CRITICAL:strat7:2022-12-10 16:36:24,012:13641: Yes my_avgbuy_price unavailable
CRITICAL:strat7:2022-12-10 16:36:45,013:13642: Yes my_avgbuy_price unavailable
CRITICAL:strat7:2022-12-10 16:36:46,873:13642: Yes my_avgbuy_price unavailable
CRITICAL:strat7:2022-12-10 16:37:41,713:13644: No my_buy_price unavailable
CRITICAL:strat7:2022-12-10 16:37:44,242:13644: No my_buy_price unavailable
CRITICAL:strat7:2022-12-10 16:39:31,591:13635: No my_buy_price unavailable
CRITICAL:strat7:2022-12-10 16:39:33,482:13635: No my_buy_price unavailable
CRITICAL:strat7:2022-12-10 16:39:54,735:13636: No my_buy_price unavailable
CRITICAL:strat7:2022-12-10 16:39:56,530:13636: No my_buy_price unavailable
CRITICAL:strat7:2022-12-10 16:40:17,419:13640: No my_buy_price unavailable
CRITICAL:strat7:2022-12-10 16:40:19,161:13640: No my_buy_price unavailable
CRITICAL:strat7:2022-12-10 16:40:41,122:13641: Yes my_avgbuy_price unavailable
CRITICAL:strat7:2022-12-10 16:40:44,252:13641: Yes my_avgbuy_price unavailable
CRITICAL:strat7:2022-12-10 16:41:06,099:13642: Yes my_avgbuy_price unavailable
CRITICAL:strat7:2022-12-10 16:41:07,834:13642: Yes my_avgbuy_price unavailable
CRITICAL:strat7:2022-12-10 16:41:56,238:13644: No my_buy_price unavailable
CRITICAL:strat7:2022-12-10 16:41:59,293:13644: No my_buy_price unavailable
CRITICAL:strat7:2022-12-10 16:43:45,692:13635: No my_buy_price unavailable
CRITICAL:strat7:2022-12-10 16:43:47,563:13635: No my_buy_price unavailable
CRITICAL:strat7:2022-12-10 16:44:10,115:13636: No my_buy_price unavailable
CRITICAL:strat7:2022-12-10 16:44:11,875:13636: No my_buy_price unavailable
CRITICAL:strat7:2022-12-10 16:44:34,750:13640: No my_buy_price unavailable
CRITICAL:strat7:2022-12-10 16:44:36,519:13640: No my_buy_price unavailable
CRITICAL:strat7:2022-12-10 16:44:59,271:13641: Yes my_avgbuy_price unavailable
CRITICAL:strat7:2022-12-10 16:45:02,522:13641: Yes my_avgbuy_price unavailable
CRITICAL:strat7:2022-12-10 16:45:24,156:13642: Yes my_avgbuy_price unavailable
CRITICAL:strat7:2022-12-10 16:45:25,989:13642: Yes my_avgbuy_price unavailable
CRITICAL:strat7:2022-12-10 16:46:14,921:13644: No my_buy_price unavailable
CRITICAL:strat7:2022-12-10 16:46:18,070:13644: No my_buy_price unavailable
CRITICAL:strat7:2022-12-10 16:48:05,000:13635: No my_buy_price unavailable
CRITICAL:strat7:2022-12-10 16:48:06,879:13635: No my_buy_price unavailable
CRITICAL:strat7:2022-12-10 16:48:28,065:13636: No my_buy_price unavailable
CRITICAL:strat7:2022-12-10 16:48:29,843:13636: No my_buy_price unavailable
CRITICAL:strat7:2022-12-10 16:48:51,113:13640: No my_buy_price unavailable
CRITICAL:strat7:2022-12-10 16:48:52,895:13640: No my_buy_price unavailable
CRITICAL:strat7:2022-12-10 16:49:15,899:13641: Yes my_avgbuy_price unavailable
CRITICAL:strat7:2022-12-10 16:49:19,099:13641: Yes my_avgbuy_price unavailable
CRITICAL:strat7:2022-12-10 16:49:40,773:13642: Yes my_avgbuy_price unavailable
CRITICAL:strat7:2022-12-10 16:49:42,500:13642: Yes my_avgbuy_price unavailable
CRITICAL:strat7:2022-12-10 16:50:30,166:13644: No my_buy_price unavailable
CRITICAL:strat7:2022-12-10 16:50:33,314:13644: No my_buy_price unavailable
CRITICAL:strat7:2022-12-10 16:52:15,448:13635: No my_buy_price unavailable
CRITICAL:strat7:2022-12-10 16:52:17,200:13635: No my_buy_price unavailable
CRITICAL:strat7:2022-12-10 16:52:38,891:13636: No my_buy_price unavailable
CRITICAL:strat7:2022-12-10 16:52:40,722:13636: No my_buy_price unavailable
CRITICAL:strat7:2022-12-10 16:53:00,944:13640: No my_buy_price unavailable
CRITICAL:strat7:2022-12-10 16:53:02,807:13640: No my_buy_price unavailable
CRITICAL:strat7:2022-12-10 16:53:25,124:13641: Yes my_avgbuy_price unavailable
CRITICAL:strat7:2022-12-10 16:53:28,393:13641: Yes my_avgbuy_price unavailable
CRITICAL:strat7:2022-12-10 16:53:52,415:13642: Yes my_avgbuy_price unavailable
CRITICAL:strat7:2022-12-10 16:53:54,923:13642: Yes my_avgbuy_price unavailable
CRITICAL:strat7:2022-12-10 16:54:44,792:13644: No my_buy_price unavailable
CRITICAL:strat7:2022-12-10 16:54:47,891:13644: No my_buy_price unavailable
CRITICAL:strat7:2022-12-10 16:56:29,324:13635: No my_buy_price unavailable
CRITICAL:strat7:2022-12-10 16:56:31,064:13635: No my_buy_price unavailable
CRITICAL:strat7:2022-12-10 16:56:52,173:13636: No my_buy_price unavailable
CRITICAL:strat7:2022-12-10 16:56:54,045:13636: No my_buy_price unavailable
CRITICAL:strat7:2022-12-10 16:57:15,781:13640: No my_buy_price unavailable
CRITICAL:strat7:2022-12-10 16:57:17,670:13640: No my_buy_price unavailable
CRITICAL:strat7:2022-12-10 16:57:39,136:13641: No my_buy_price unavailable
CRITICAL:strat7:2022-12-10 16:57:42,421:13641: No my_buy_price unavailable
CRITICAL:strat7:2022-12-10 16:58:03,423:13642: Yes my_avgbuy_price unavailable
CRITICAL:strat7:2022-12-10 16:58:06,654:13642: Yes my_avgbuy_price unavailable
CRITICAL:strat7:2022-12-10 16:58:57,050:13644: No my_buy_price unavailable
CRITICAL:strat7:2022-12-10 16:59:00,132:13644: No my_buy_price unavailable
CRITICAL:strat7:2022-12-10 17:00:43,206:13635: No my_buy_price unavailable
CRITICAL:strat7:2022-12-10 17:00:44,996:13635: No my_buy_price unavailable
CRITICAL:strat7:2022-12-10 17:01:07,200:13636: No my_buy_price unavailable
CRITICAL:strat7:2022-12-10 17:01:08,996:13636: No my_buy_price unavailable
CRITICAL:strat7:2022-12-10 17:01:30,889:13640: No my_buy_price unavailable
CRITICAL:strat7:2022-12-10 17:01:32,770:13640: No my_buy_price unavailable
CRITICAL:strat7:2022-12-10 17:01:57,193:13641: Yes my_avgbuy_price unavailable
CRITICAL:strat7:2022-12-10 17:01:59,648:13641: Yes my_avgbuy_price unavailable
CRITICAL:strat7:2022-12-10 17:02:23,891:13642: No my_buy_price unavailable
CRITICAL:strat7:2022-12-10 17:02:27,735:13642: No my_buy_price unavailable
CRITICAL:strat7:2022-12-10 17:03:16,214:13644: No my_buy_price unavailable
CRITICAL:strat7:2022-12-10 17:03:19,291:13644: No my_buy_price unavailable
CRITICAL:strat7:2022-12-10 17:05:01,606:13635: No my_buy_price unavailable
CRITICAL:strat7:2022-12-10 17:05:03,476:13635: No my_buy_price unavailable
CRITICAL:strat7:2022-12-10 17:05:24,468:13636: No my_buy_price unavailable
CRITICAL:strat7:2022-12-10 17:05:26,281:13636: No my_buy_price unavailable
CRITICAL:strat7:2022-12-10 17:05:46,952:13640: No my_buy_price unavailable
CRITICAL:strat7:2022-12-10 17:05:48,737:13640: No my_buy_price unavailable
CRITICAL:strat7:2022-12-10 17:06:15,407:13641: Yes my_avgbuy_price unavailable
CRITICAL:strat7:2022-12-10 17:06:17,805:13641: Yes my_avgbuy_price unavailable
CRITICAL:strat7:2022-12-10 17:06:45,847:13642: No my_buy_price unavailable
CRITICAL:strat7:2022-12-10 17:06:48,212:13642: No my_buy_price unavailable
CRITICAL:strat7:2022-12-10 17:07:36,592:13644: No my_buy_price unavailable
CRITICAL:strat7:2022-12-10 17:07:40,872:13644: No my_buy_price unavailable
CRITICAL:strat7:2022-12-10 17:09:24,140:13635: No my_buy_price unavailable
CRITICAL:strat7:2022-12-10 17:09:25,940:13635: No my_buy_price unavailable
CRITICAL:strat7:2022-12-10 17:09:46,668:13636: No my_buy_price unavailable
CRITICAL:strat7:2022-12-10 17:09:48,481:13636: No my_buy_price unavailable
CRITICAL:strat7:2022-12-10 17:10:09,452:13640: No my_buy_price unavailable
CRITICAL:strat7:2022-12-10 17:10:11,244:13640: No my_buy_price unavailable
CRITICAL:strat7:2022-12-10 17:10:36,040:13641: No my_buy_price unavailable
CRITICAL:strat7:2022-12-10 17:10:39,974:13641: No my_buy_price unavailable
CRITICAL:strat7:2022-12-10 17:11:02,669:13642: No my_buy_price unavailable
CRITICAL:strat7:2022-12-10 17:11:06,240:13642: No my_buy_price unavailable
CRITICAL:strat7:2022-12-10 17:11:52,161:13644: No my_buy_price unavailable
CRITICAL:strat7:2022-12-10 17:11:55,235:13644: No my_buy_price unavailable
CRITICAL:strat7:2022-12-10 17:13:35,916:13635: No my_buy_price unavailable
CRITICAL:strat7:2022-12-10 17:13:37,744:13635: No my_buy_price unavailable
CRITICAL:strat7:2022-12-10 17:13:58,667:13636: No my_buy_price unavailable
CRITICAL:strat7:2022-12-10 17:14:00,413:13636: No my_buy_price unavailable
CRITICAL:strat7:2022-12-10 17:14:21,549:13640: No my_buy_price unavailable
CRITICAL:strat7:2022-12-10 17:14:23,365:13640: No my_buy_price unavailable
CRITICAL:strat7:2022-12-10 17:15:13,846:13642: No my_buy_price unavailable
CRITICAL:strat7:2022-12-10 17:15:16,801:13642: No my_buy_price unavailable
CRITICAL:strat7:2022-12-10 17:15:40,513:13643: No my_buy_price unavailable
CRITICAL:strat7:2022-12-10 17:15:43,437:13643: No my_buy_price unavailable
CRITICAL:strat7:2022-12-10 17:16:06,464:13644: No my_buy_price unavailable
CRITICAL:strat7:2022-12-10 17:16:09,679:13644: No my_buy_price unavailable
CRITICAL:strat7:2022-12-10 17:17:52,531:13635: No my_buy_price unavailable
CRITICAL:strat7:2022-12-10 17:17:54,283:13635: No my_buy_price unavailable
CRITICAL:strat7:2022-12-10 17:18:15,213:13636: No my_buy_price unavailable
CRITICAL:strat7:2022-12-10 17:18:16,952:13636: No my_buy_price unavailable
CRITICAL:strat7:2022-12-10 17:18:39,017:13640: No my_buy_price unavailable
CRITICAL:strat7:2022-12-10 17:18:40,738:13640: No my_buy_price unavailable
CRITICAL:strat7:2022-12-10 17:19:23,862:13642: No my_buy_price unavailable
CRITICAL:strat7:2022-12-10 17:19:27,323:13642: No my_buy_price unavailable
CRITICAL:strat7:2022-12-10 17:19:55,761:13643: No my_buy_price unavailable
CRITICAL:strat7:2022-12-10 17:19:58,780:13643: No my_buy_price unavailable
CRITICAL:strat7:2022-12-10 17:20:21,863:13644: No my_buy_price unavailable
CRITICAL:strat7:2022-12-10 17:20:25,218:13644: No my_buy_price unavailable
CRITICAL:strat7:2022-12-10 17:22:08,495:13635: No my_buy_price unavailable
CRITICAL:strat7:2022-12-10 17:22:10,315:13635: No my_buy_price unavailable
CRITICAL:strat7:2022-12-10 17:22:32,014:13636: No my_buy_price unavailable
CRITICAL:strat7:2022-12-10 17:22:33,793:13636: No my_buy_price unavailable
CRITICAL:strat7:2022-12-10 17:22:55,603:13640: No my_buy_price unavailable
CRITICAL:strat7:2022-12-10 17:22:57,371:13640: No my_buy_price unavailable
CRITICAL:strat7:2022-12-10 17:23:42,672:13642: No my_buy_price unavailable
CRITICAL:strat7:2022-12-10 17:23:45,707:13642: No my_buy_price unavailable
CRITICAL:strat7:2022-12-10 17:24:11,592:13643: No my_buy_price unavailable
CRITICAL:strat7:2022-12-10 17:24:14,661:13643: No my_buy_price unavailable
CRITICAL:strat7:2022-12-10 17:24:38,090:13644: No my_buy_price unavailable
CRITICAL:strat7:2022-12-10 17:24:41,072:13644: No my_buy_price unavailable
CRITICAL:strat7:2022-12-10 17:26:24,030:13635: No my_buy_price unavailable
CRITICAL:strat7:2022-12-10 17:26:25,744:13635: No my_buy_price unavailable
CRITICAL:strat7:2022-12-10 17:26:46,947:13636: No my_buy_price unavailable
CRITICAL:strat7:2022-12-10 17:26:48,648:13636: No my_buy_price unavailable
CRITICAL:strat7:2022-12-10 17:27:10,063:13640: No my_buy_price unavailable
CRITICAL:strat7:2022-12-10 17:27:11,779:13640: No my_buy_price unavailable
CRITICAL:strat7:2022-12-10 17:27:56,871:13642: No my_buy_price unavailable
CRITICAL:strat7:2022-12-10 17:28:00,066:13642: No my_buy_price unavailable
CRITICAL:strat7:2022-12-10 17:28:23,207:13643: No my_buy_price unavailable
CRITICAL:strat7:2022-12-10 17:28:27,290:13643: No my_buy_price unavailable
CRITICAL:strat7:2022-12-10 17:28:50,746:13644: No my_buy_price unavailable
CRITICAL:strat7:2022-12-10 17:28:53,943:13644: No my_buy_price unavailable
CRITICAL:strat7:2022-12-10 17:30:37,434:13635: No my_buy_price unavailable
CRITICAL:strat7:2022-12-10 17:30:39,188:13635: No my_buy_price unavailable
CRITICAL:strat7:2022-12-10 17:31:01,111:13636: No my_buy_price unavailable
CRITICAL:strat7:2022-12-10 17:31:02,900:13636: No my_buy_price unavailable
CRITICAL:strat7:2022-12-10 17:31:24,544:13640: No my_buy_price unavailable
CRITICAL:strat7:2022-12-10 17:31:26,316:13640: No my_buy_price unavailable
CRITICAL:strat7:2022-12-10 17:31:50,944:13641: Yes my_avgbuy_price unavailable
CRITICAL:strat7:2022-12-10 17:31:57,975:13641: Yes my_avgbuy_price unavailable
CRITICAL:strat7:2022-12-10 17:32:21,699:13642: No my_buy_price unavailable
CRITICAL:strat7:2022-12-10 17:32:24,778:13642: No my_buy_price unavailable
CRITICAL:strat7:2022-12-10 17:32:47,511:13643: No my_buy_price unavailable
CRITICAL:strat7:2022-12-10 17:32:50,471:13643: No my_buy_price unavailable
CRITICAL:strat7:2022-12-10 17:33:13,379:13644: No my_buy_price unavailable
CRITICAL:strat7:2022-12-10 17:33:16,328:13644: No my_buy_price unavailable
CRITICAL:strat7:2022-12-10 17:34:58,789:13635: No my_buy_price unavailable
CRITICAL:strat7:2022-12-10 17:35:00,554:13635: No my_buy_price unavailable
CRITICAL:strat7:2022-12-10 17:35:22,587:13636: No my_buy_price unavailable
CRITICAL:strat7:2022-12-10 17:35:24,410:13636: No my_buy_price unavailable
CRITICAL:strat7:2022-12-10 17:35:45,687:13640: No my_buy_price unavailable
CRITICAL:strat7:2022-12-10 17:35:47,530:13640: No my_buy_price unavailable
CRITICAL:strat7:2022-12-10 17:36:10,922:13641: Yes my_avgbuy_price unavailable
CRITICAL:strat7:2022-12-10 17:36:13,816:13641: Yes my_avgbuy_price unavailable
CRITICAL:strat7:2022-12-10 17:36:40,975:13642: No my_buy_price unavailable
CRITICAL:strat7:2022-12-10 17:36:43,380:13642: No my_buy_price unavailable
CRITICAL:strat7:2022-12-10 17:37:06,197:13643: No my_buy_price unavailable
CRITICAL:strat7:2022-12-10 17:37:09,243:13643: No my_buy_price unavailable
CRITICAL:strat7:2022-12-10 17:37:33,390:13644: No my_buy_price unavailable
CRITICAL:strat7:2022-12-10 17:37:36,595:13644: No my_buy_price unavailable
CRITICAL:strat7:2022-12-10 17:39:20,544:13635: No my_buy_price unavailable
CRITICAL:strat7:2022-12-10 17:39:22,275:13635: No my_buy_price unavailable
CRITICAL:strat7:2022-12-10 17:39:43,762:13636: No my_buy_price unavailable
CRITICAL:strat7:2022-12-10 17:39:45,487:13636: No my_buy_price unavailable
CRITICAL:strat7:2022-12-10 17:40:06,905:13640: No my_buy_price unavailable
CRITICAL:strat7:2022-12-10 17:40:08,775:13640: No my_buy_price unavailable
CRITICAL:strat7:2022-12-10 17:40:31,116:13641: Yes my_avgbuy_price unavailable
CRITICAL:strat7:2022-12-10 17:40:34,181:13641: Yes my_avgbuy_price unavailable
CRITICAL:strat7:2022-12-10 17:40:57,754:13642: No my_buy_price unavailable
CRITICAL:strat7:2022-12-10 17:41:00,725:13642: No my_buy_price unavailable
CRITICAL:strat7:2022-12-10 17:41:23,657:13643: No my_buy_price unavailable
CRITICAL:strat7:2022-12-10 17:41:26,765:13643: No my_buy_price unavailable
CRITICAL:strat7:2022-12-10 17:41:49,426:13644: No my_buy_price unavailable
CRITICAL:strat7:2022-12-10 17:41:52,426:13644: No my_buy_price unavailable
CRITICAL:strat7:2022-12-10 17:43:35,989:13635: No my_buy_price unavailable
CRITICAL:strat7:2022-12-10 17:43:37,703:13635: No my_buy_price unavailable
CRITICAL:strat7:2022-12-10 17:43:59,230:13636: No my_buy_price unavailable
CRITICAL:strat7:2022-12-10 17:44:01,086:13636: No my_buy_price unavailable
CRITICAL:strat7:2022-12-10 17:44:23,439:13640: No my_buy_price unavailable
CRITICAL:strat7:2022-12-10 17:44:25,188:13640: No my_buy_price unavailable
CRITICAL:strat7:2022-12-10 17:44:47,889:13641: Yes my_avgbuy_price unavailable
CRITICAL:strat7:2022-12-10 17:44:51,037:13641: Yes my_avgbuy_price unavailable
CRITICAL:strat7:2022-12-10 17:45:13,547:13642: No my_buy_price unavailable
CRITICAL:strat7:2022-12-10 17:45:16,594:13642: No my_buy_price unavailable
CRITICAL:strat7:2022-12-10 17:45:42,389:13643: No my_buy_price unavailable
CRITICAL:strat7:2022-12-10 17:45:45,406:13643: No my_buy_price unavailable
CRITICAL:strat7:2022-12-10 17:46:13,173:13644: No my_buy_price unavailable
CRITICAL:strat7:2022-12-10 17:46:15,530:13644: No my_buy_price unavailable
CRITICAL:strat7:2022-12-10 17:47:59,843:13635: No my_buy_price unavailable
CRITICAL:strat7:2022-12-10 17:48:01,631:13635: No my_buy_price unavailable
CRITICAL:strat7:2022-12-10 17:48:23,594:13636: No my_buy_price unavailable
CRITICAL:strat7:2022-12-10 17:48:25,344:13636: No my_buy_price unavailable
CRITICAL:strat7:2022-12-10 17:48:47,476:13640: No my_buy_price unavailable
CRITICAL:strat7:2022-12-10 17:48:49,273:13640: No my_buy_price unavailable
CRITICAL:strat7:2022-12-10 17:49:13,336:13641: Yes my_avgbuy_price unavailable
CRITICAL:strat7:2022-12-10 17:49:16,427:13641: Yes my_avgbuy_price unavailable
CRITICAL:strat7:2022-12-10 17:49:38,842:13642: Yes my_avgbuy_price unavailable
CRITICAL:strat7:2022-12-10 17:49:42,118:13642: Yes my_avgbuy_price unavailable
CRITICAL:strat7:2022-12-10 17:50:04,775:13643: No my_buy_price unavailable
CRITICAL:strat7:2022-12-10 17:50:07,875:13643: No my_buy_price unavailable
CRITICAL:strat7:2022-12-10 17:50:30,953:13644: No my_buy_price unavailable
CRITICAL:strat7:2022-12-10 17:50:34,058:13644: No my_buy_price unavailable
CRITICAL:strat7:2022-12-10 17:52:16,795:13635: No my_buy_price unavailable
CRITICAL:strat7:2022-12-10 17:52:19,354:13635: No my_buy_price unavailable
CRITICAL:strat7:2022-12-10 17:52:41,905:13636: No my_buy_price unavailable
CRITICAL:strat7:2022-12-10 17:52:43,690:13636: No my_buy_price unavailable
CRITICAL:strat7:2022-12-10 17:53:05,102:13640: No my_buy_price unavailable
CRITICAL:strat7:2022-12-10 17:53:06,908:13640: No my_buy_price unavailable
CRITICAL:strat7:2022-12-10 17:53:29,716:13641: Yes my_avgbuy_price unavailable
CRITICAL:strat7:2022-12-10 17:53:32,950:13641: Yes my_avgbuy_price unavailable
CRITICAL:strat7:2022-12-10 17:53:57,643:13642: Yes my_avgbuy_price unavailable
CRITICAL:strat7:2022-12-10 17:54:00,120:13642: Yes my_avgbuy_price unavailable
CRITICAL:strat7:2022-12-10 17:54:22,664:13643: No my_buy_price unavailable
CRITICAL:strat7:2022-12-10 17:54:25,862:13643: No my_buy_price unavailable
CRITICAL:strat7:2022-12-10 17:54:48,908:13644: No my_buy_price unavailable
CRITICAL:strat7:2022-12-10 17:54:51,916:13644: No my_buy_price unavailable
CRITICAL:strat7:2022-12-10 17:56:39,817:13635: No my_buy_price unavailable
CRITICAL:strat7:2022-12-10 17:56:42,551:13635: No my_buy_price unavailable
CRITICAL:strat7:2022-12-10 17:57:03,790:13636: No my_buy_price unavailable
CRITICAL:strat7:2022-12-10 17:57:05,552:13636: No my_buy_price unavailable
CRITICAL:strat7:2022-12-10 17:57:27,817:13640: No my_buy_price unavailable
CRITICAL:strat7:2022-12-10 17:57:29,617:13640: No my_buy_price unavailable
CRITICAL:strat7:2022-12-10 17:57:53,573:13641: Yes my_avgbuy_price unavailable
CRITICAL:strat7:2022-12-10 17:57:56,598:13641: Yes my_avgbuy_price unavailable
CRITICAL:strat7:2022-12-10 17:58:20,244:13642: Yes my_avgbuy_price unavailable
CRITICAL:strat7:2022-12-10 17:58:23,362:13642: Yes my_avgbuy_price unavailable
CRITICAL:strat7:2022-12-10 17:58:46,991:13643: No my_buy_price unavailable
CRITICAL:strat7:2022-12-10 17:58:50,087:13643: No my_buy_price unavailable
CRITICAL:strat7:2022-12-10 17:59:12,800:13644: No my_buy_price unavailable
CRITICAL:strat7:2022-12-10 17:59:15,891:13644: No my_buy_price unavailable
CRITICAL:strat7:2022-12-10 17:59:41,386:13645: No my_buy_price unavailable
CRITICAL:strat7:2022-12-10 17:59:44,165:13645: No my_buy_price unavailable
CRITICAL:strat7:2022-12-10 18:01:06,443:13635: No my_buy_price unavailable
CRITICAL:strat7:2022-12-10 18:01:08,254:13635: No my_buy_price unavailable
CRITICAL:strat7:2022-12-10 18:01:30,831:13636: No my_buy_price unavailable
CRITICAL:strat7:2022-12-10 18:01:32,717:13636: No my_buy_price unavailable
CRITICAL:strat7:2022-12-10 18:01:54,264:13640: No my_buy_price unavailable
CRITICAL:strat7:2022-12-10 18:01:56,173:13640: No my_buy_price unavailable
CRITICAL:strat7:2022-12-10 18:02:44,977:13642: Yes my_avgbuy_price unavailable
CRITICAL:strat7:2022-12-10 18:02:48,028:13642: Yes my_avgbuy_price unavailable
CRITICAL:strat7:2022-12-10 18:03:11,459:13643: No my_buy_price unavailable
CRITICAL:strat7:2022-12-10 18:03:14,572:13643: No my_buy_price unavailable
CRITICAL:strat7:2022-12-10 18:03:38,793:13644: No my_buy_price unavailable
CRITICAL:strat7:2022-12-10 18:03:41,805:13644: No my_buy_price unavailable
CRITICAL:strat7:2022-12-10 18:05:29,250:13635: No my_buy_price unavailable
CRITICAL:strat7:2022-12-10 18:05:31,065:13635: No my_buy_price unavailable
CRITICAL:strat7:2022-12-10 18:05:52,430:13636: No my_buy_price unavailable
CRITICAL:strat7:2022-12-10 18:05:54,241:13636: No my_buy_price unavailable
CRITICAL:strat7:2022-12-10 18:06:16,997:13640: No my_buy_price unavailable
CRITICAL:strat7:2022-12-10 18:06:18,783:13640: No my_buy_price unavailable
CRITICAL:strat7:2022-12-10 18:07:06,084:13642: Yes my_avgbuy_price unavailable
CRITICAL:strat7:2022-12-10 18:07:09,181:13642: Yes my_avgbuy_price unavailable
CRITICAL:strat7:2022-12-10 18:07:36,264:13643: No my_buy_price unavailable
CRITICAL:strat7:2022-12-10 18:07:38,785:13643: No my_buy_price unavailable
CRITICAL:strat7:2022-12-10 18:08:01,640:13644: No my_buy_price unavailable
CRITICAL:strat7:2022-12-10 18:08:04,961:13644: No my_buy_price unavailable
CRITICAL:strat7:2022-12-10 18:09:50,134:13635: No my_buy_price unavailable
CRITICAL:strat7:2022-12-10 18:09:51,974:13635: No my_buy_price unavailable
CRITICAL:strat7:2022-12-10 18:10:13,843:13636: No my_buy_price unavailable
CRITICAL:strat7:2022-12-10 18:10:15,635:13636: No my_buy_price unavailable
CRITICAL:strat7:2022-12-10 18:10:37,851:13640: No my_buy_price unavailable
CRITICAL:strat7:2022-12-10 18:10:39,706:13640: No my_buy_price unavailable
CRITICAL:strat7:2022-12-10 18:11:05,402:13641: Yes my_avgbuy_price unavailable
CRITICAL:strat7:2022-12-10 18:11:07,886:13641: Yes my_avgbuy_price unavailable
CRITICAL:strat7:2022-12-10 18:11:33,702:13642: No my_buy_price unavailable
CRITICAL:strat7:2022-12-10 18:11:37,670:13642: No my_buy_price unavailable
CRITICAL:strat7:2022-12-10 18:12:01,879:13643: No my_buy_price unavailable
CRITICAL:strat7:2022-12-10 18:12:04,924:13643: No my_buy_price unavailable
CRITICAL:strat7:2022-12-10 18:12:28,960:13644: No my_buy_price unavailable
CRITICAL:strat7:2022-12-10 18:12:32,482:13644: No my_buy_price unavailable
CRITICAL:strat7:2022-12-10 18:14:22,341:13635: No my_buy_price unavailable
CRITICAL:strat7:2022-12-10 18:14:24,120:13635: No my_buy_price unavailable
CRITICAL:strat7:2022-12-10 18:14:46,646:13636: No my_buy_price unavailable
CRITICAL:strat7:2022-12-10 18:14:48,434:13636: No my_buy_price unavailable
CRITICAL:strat7:2022-12-10 18:15:10,093:13640: No my_buy_price unavailable
CRITICAL:strat7:2022-12-10 18:15:11,866:13640: No my_buy_price unavailable
CRITICAL:strat7:2022-12-10 18:15:59,329:13642: No my_buy_price unavailable
CRITICAL:strat7:2022-12-10 18:16:02,562:13642: No my_buy_price unavailable
CRITICAL:strat7:2022-12-10 18:16:26,381:13643: No my_buy_price unavailable
CRITICAL:strat7:2022-12-10 18:16:29,507:13643: No my_buy_price unavailable
CRITICAL:strat7:2022-12-10 18:16:53,084:13644: No my_buy_price unavailable
CRITICAL:strat7:2022-12-10 18:16:56,174:13644: No my_buy_price unavailable
CRITICAL:strat7:2022-12-10 18:18:44,690:13635: No my_buy_price unavailable
CRITICAL:strat7:2022-12-10 18:18:46,483:13635: No my_buy_price unavailable
CRITICAL:strat7:2022-12-10 18:19:08,330:13636: No my_buy_price unavailable
CRITICAL:strat7:2022-12-10 18:19:10,086:13636: No my_buy_price unavailable
CRITICAL:strat7:2022-12-10 18:19:31,276:13640: No my_buy_price unavailable
CRITICAL:strat7:2022-12-10 18:19:33,071:13640: No my_buy_price unavailable
CRITICAL:strat7:2022-12-10 18:20:20,244:13642: No my_buy_price unavailable
CRITICAL:strat7:2022-12-10 18:20:23,320:13642: No my_buy_price unavailable
CRITICAL:strat7:2022-12-10 18:20:46,558:13643: No my_buy_price unavailable
CRITICAL:strat7:2022-12-10 18:20:50,422:13643: No my_buy_price unavailable
CRITICAL:strat7:2022-12-10 18:21:13,938:13644: No my_buy_price unavailable
CRITICAL:strat7:2022-12-10 18:21:16,904:13644: No my_buy_price unavailable
CRITICAL:strat7:2022-12-10 18:23:07,768:13635: No my_buy_price unavailable
CRITICAL:strat7:2022-12-10 18:23:09,722:13635: No my_buy_price unavailable
CRITICAL:strat7:2022-12-10 18:23:31,350:13636: No my_buy_price unavailable
CRITICAL:strat7:2022-12-10 18:23:33,144:13636: No my_buy_price unavailable
CRITICAL:strat7:2022-12-10 18:23:55,446:13640: No my_buy_price unavailable
CRITICAL:strat7:2022-12-10 18:23:57,241:13640: No my_buy_price unavailable
CRITICAL:strat7:2022-12-10 18:24:46,300:13642: Yes my_avgbuy_price unavailable
CRITICAL:strat7:2022-12-10 18:24:50,195:13642: Yes my_avgbuy_price unavailable
CRITICAL:strat7:2022-12-10 18:25:16,315:13643: No my_buy_price unavailable
CRITICAL:strat7:2022-12-10 18:25:18,753:13643: No my_buy_price unavailable
CRITICAL:strat7:2022-12-10 18:25:42,715:13644: No my_buy_price unavailable
CRITICAL:strat7:2022-12-10 18:25:46,217:13644: No my_buy_price unavailable
CRITICAL:strat7:2022-12-10 18:27:30,137:13635: No my_buy_price unavailable
CRITICAL:strat7:2022-12-10 18:27:31,898:13635: No my_buy_price unavailable
CRITICAL:strat7:2022-12-10 18:27:55,041:13636: No my_buy_price unavailable
CRITICAL:strat7:2022-12-10 18:27:56,922:13636: No my_buy_price unavailable
CRITICAL:strat7:2022-12-10 18:28:18,999:13640: No my_buy_price unavailable
CRITICAL:strat7:2022-12-10 18:28:20,832:13640: No my_buy_price unavailable
CRITICAL:strat7:2022-12-10 18:29:08,228:13642: Yes my_avgbuy_price unavailable
CRITICAL:strat7:2022-12-10 18:29:11,290:13642: Yes my_avgbuy_price unavailable
CRITICAL:strat7:2022-12-10 18:29:34,150:13643: No my_buy_price unavailable
CRITICAL:strat7:2022-12-10 18:29:37,287:13643: No my_buy_price unavailable
CRITICAL:strat7:2022-12-10 18:30:00,124:13644: No my_buy_price unavailable
CRITICAL:strat7:2022-12-10 18:30:03,764:13644: No my_buy_price unavailable
CRITICAL:strat7:2022-12-10 18:31:46,933:13635: No my_buy_price unavailable
CRITICAL:strat7:2022-12-10 18:31:48,700:13635: No my_buy_price unavailable
CRITICAL:strat7:2022-12-10 18:32:10,169:13636: No my_buy_price unavailable
CRITICAL:strat7:2022-12-10 18:32:11,994:13636: No my_buy_price unavailable
CRITICAL:strat7:2022-12-10 18:32:35,612:13640: No my_buy_price unavailable
CRITICAL:strat7:2022-12-10 18:32:37,369:13640: No my_buy_price unavailable
CRITICAL:strat7:2022-12-10 18:33:24,777:13642: Yes my_avgbuy_price unavailable
CRITICAL:strat7:2022-12-10 18:33:27,786:13642: Yes my_avgbuy_price unavailable
CRITICAL:strat7:2022-12-10 18:33:50,584:13643: No my_buy_price unavailable
CRITICAL:strat7:2022-12-10 18:33:53,824:13643: No my_buy_price unavailable
CRITICAL:strat7:2022-12-10 18:34:17,391:13644: No my_buy_price unavailable
CRITICAL:strat7:2022-12-10 18:34:20,506:13644: No my_buy_price unavailable
CRITICAL:strat7:2022-12-10 18:34:47,904:13645: No my_buy_price unavailable
CRITICAL:strat7:2022-12-10 18:34:50,331:13645: No my_buy_price unavailable
CRITICAL:strat7:2022-12-10 18:36:12,072:13635: No my_buy_price unavailable
CRITICAL:strat7:2022-12-10 18:36:13,809:13635: No my_buy_price unavailable
CRITICAL:strat7:2022-12-10 18:36:36,029:13636: No my_buy_price unavailable
CRITICAL:strat7:2022-12-10 18:36:37,807:13636: No my_buy_price unavailable
CRITICAL:strat7:2022-12-10 18:36:59,249:13640: No my_buy_price unavailable
CRITICAL:strat7:2022-12-10 18:37:01,062:13640: No my_buy_price unavailable
CRITICAL:strat7:2022-12-10 18:37:49,632:13642: Yes my_avgbuy_price unavailable
CRITICAL:strat7:2022-12-10 18:37:52,914:13642: Yes my_avgbuy_price unavailable
CRITICAL:strat7:2022-12-10 18:38:17,266:13643: No my_buy_price unavailable
CRITICAL:strat7:2022-12-10 18:38:20,322:13643: No my_buy_price unavailable
CRITICAL:strat7:2022-12-10 18:38:43,840:13644: No my_buy_price unavailable
CRITICAL:strat7:2022-12-10 18:38:47,330:13644: No my_buy_price unavailable
CRITICAL:strat7:2022-12-10 18:39:10,728:13645: No my_buy_price unavailable
CRITICAL:strat7:2022-12-10 18:39:13,739:13645: No my_buy_price unavailable
CRITICAL:strat7:2022-12-10 18:40:35,903:13635: No my_buy_price unavailable
CRITICAL:strat7:2022-12-10 18:40:37,675:13635: No my_buy_price unavailable
CRITICAL:strat7:2022-12-10 18:40:59,926:13636: No my_buy_price unavailable
CRITICAL:strat7:2022-12-10 18:41:01,762:13636: No my_buy_price unavailable
CRITICAL:strat7:2022-12-10 18:41:24,395:13640: No my_buy_price unavailable
CRITICAL:strat7:2022-12-10 18:41:26,181:13640: No my_buy_price unavailable
CRITICAL:strat7:2022-12-10 18:42:13,930:13642: Yes my_avgbuy_price unavailable
CRITICAL:strat7:2022-12-10 18:42:16,957:13642: Yes my_avgbuy_price unavailable
CRITICAL:strat7:2022-12-10 18:42:40,270:13643: No my_buy_price unavailable
CRITICAL:strat7:2022-12-10 18:42:43,367:13643: No my_buy_price unavailable
CRITICAL:strat7:2022-12-10 18:43:07,173:13644: No my_buy_price unavailable
CRITICAL:strat7:2022-12-10 18:43:10,183:13644: No my_buy_price unavailable
CRITICAL:strat7:2022-12-10 18:43:33,242:13645: No my_buy_price unavailable
CRITICAL:strat7:2022-12-10 18:43:36,351:13645: No my_buy_price unavailable
CRITICAL:strat7:2022-12-10 18:44:59,576:13635: No my_buy_price unavailable
CRITICAL:strat7:2022-12-10 18:45:01,330:13635: No my_buy_price unavailable
CRITICAL:strat7:2022-12-10 18:45:26,980:13636: Yes my_avgbuy_price unavailable
CRITICAL:strat7:2022-12-10 18:45:29,430:13636: Yes my_avgbuy_price unavailable
CRITICAL:strat7:2022-12-10 18:45:50,981:13640: No my_buy_price unavailable
CRITICAL:strat7:2022-12-10 18:45:52,848:13640: No my_buy_price unavailable
CRITICAL:strat7:2022-12-10 18:46:18,591:13641: Yes my_avgbuy_price unavailable
CRITICAL:strat7:2022-12-10 18:46:21,098:13641: Yes my_avgbuy_price unavailable
CRITICAL:strat7:2022-12-10 18:46:46,599:13642: Yes my_avgbuy_price unavailable
CRITICAL:strat7:2022-12-10 18:46:49,087:13642: Yes my_avgbuy_price unavailable
CRITICAL:strat7:2022-12-10 18:47:12,859:13643: No my_buy_price unavailable
CRITICAL:strat7:2022-12-10 18:47:15,964:13643: No my_buy_price unavailable
CRITICAL:strat7:2022-12-10 18:47:38,961:13644: No my_buy_price unavailable
CRITICAL:strat7:2022-12-10 18:47:42,020:13644: No my_buy_price unavailable
CRITICAL:strat7:2022-12-10 18:48:06,822:13645: No my_buy_price unavailable
CRITICAL:strat7:2022-12-10 18:48:09,951:13645: No my_buy_price unavailable
CRITICAL:strat7:2022-12-10 18:49:31,472:13635: No my_buy_price unavailable
CRITICAL:strat7:2022-12-10 18:49:33,273:13635: No my_buy_price unavailable
CRITICAL:strat7:2022-12-10 18:49:55,280:13636: No my_buy_price unavailable
CRITICAL:strat7:2022-12-10 18:49:58,519:13636: No my_buy_price unavailable
CRITICAL:strat7:2022-12-10 18:50:20,491:13640: No my_buy_price unavailable
CRITICAL:strat7:2022-12-10 18:50:22,263:13640: No my_buy_price unavailable
CRITICAL:strat7:2022-12-10 18:51:10,130:13642: Yes my_avgbuy_price unavailable
CRITICAL:strat7:2022-12-10 18:51:12,568:13642: Yes my_avgbuy_price unavailable
CRITICAL:strat7:2022-12-10 18:51:35,080:13643: No my_buy_price unavailable
CRITICAL:strat7:2022-12-10 18:51:38,201:13643: No my_buy_price unavailable
CRITICAL:strat7:2022-12-10 18:52:01,201:13644: No my_buy_price unavailable
CRITICAL:strat7:2022-12-10 18:52:04,351:13644: No my_buy_price unavailable
CRITICAL:strat7:2022-12-10 18:52:27,300:13645: No my_buy_price unavailable
CRITICAL:strat7:2022-12-10 18:52:30,334:13645: No my_buy_price unavailable
CRITICAL:strat7:2022-12-10 18:53:53,345:13635: No my_buy_price unavailable
CRITICAL:strat7:2022-12-10 18:53:55,113:13635: No my_buy_price unavailable
CRITICAL:strat7:2022-12-10 18:54:30,193:13640: No my_buy_price unavailable
CRITICAL:strat7:2022-12-10 18:54:32,001:13640: No my_buy_price unavailable
CRITICAL:strat7:2022-12-10 18:55:19,061:13642: Yes my_avgbuy_price unavailable
CRITICAL:strat7:2022-12-10 18:55:21,433:13642: Yes my_avgbuy_price unavailable
CRITICAL:strat7:2022-12-10 18:55:44,095:13643: No my_buy_price unavailable
CRITICAL:strat7:2022-12-10 18:55:46,509:13643: No my_buy_price unavailable
CRITICAL:strat7:2022-12-10 18:56:10,544:13644: No my_buy_price unavailable
CRITICAL:strat7:2022-12-10 18:56:13,572:13644: No my_buy_price unavailable
CRITICAL:strat7:2022-12-10 18:56:36,891:13645: No my_buy_price unavailable
CRITICAL:strat7:2022-12-10 18:56:39,922:13645: No my_buy_price unavailable
CRITICAL:strat7:2022-12-10 18:58:02,265:13635: No my_buy_price unavailable
CRITICAL:strat7:2022-12-10 18:58:04,192:13635: No my_buy_price unavailable
CRITICAL:strat7:2022-12-10 18:58:26,218:13636: No my_buy_price unavailable
CRITICAL:strat7:2022-12-10 18:58:27,937:13636: No my_buy_price unavailable
CRITICAL:strat7:2022-12-10 18:58:49,292:13640: No my_buy_price unavailable
CRITICAL:strat7:2022-12-10 18:58:51,708:13640: No my_buy_price unavailable
CRITICAL:strat7:2022-12-10 19:00:33,031:13644: No my_buy_price unavailable
CRITICAL:strat7:2022-12-10 19:00:36,086:13644: No my_buy_price unavailable
CRITICAL:strat7:2022-12-10 19:00:58,610:13645: No my_buy_price unavailable
CRITICAL:strat7:2022-12-10 19:01:01,118:13645: No my_buy_price unavailable
CRITICAL:strat7:2022-12-10 19:02:22,571:13635: No my_buy_price unavailable
CRITICAL:strat7:2022-12-10 19:02:24,352:13635: No my_buy_price unavailable
CRITICAL:strat7:2022-12-10 19:02:46,868:13636: No my_buy_price unavailable
CRITICAL:strat7:2022-12-10 19:02:48,617:13636: No my_buy_price unavailable
CRITICAL:strat7:2022-12-10 19:03:10,937:13640: No my_buy_price unavailable
CRITICAL:strat7:2022-12-10 19:03:12,761:13640: No my_buy_price unavailable
CRITICAL:strat7:2022-12-10 19:03:38,104:13641: Yes my_avgbuy_price unavailable
CRITICAL:strat7:2022-12-10 19:03:40,671:13641: Yes my_avgbuy_price unavailable
CRITICAL:strat7:2022-12-10 19:04:05,478:13642: No my_buy_price unavailable
CRITICAL:strat7:2022-12-10 19:04:12,179:13642: No my_buy_price unavailable
CRITICAL:strat7:2022-12-10 19:05:00,907:13644: No my_buy_price unavailable
CRITICAL:strat7:2022-12-10 19:05:04,136:13644: No my_buy_price unavailable
CRITICAL:strat7:2022-12-10 19:05:27,522:13645: No my_buy_price unavailable
CRITICAL:strat7:2022-12-10 19:05:30,085:13645: No my_buy_price unavailable
CRITICAL:strat7:2022-12-10 19:06:54,014:13635: Yes my_avgbuy_price unavailable
CRITICAL:strat7:2022-12-10 19:06:56,451:13635: Yes my_avgbuy_price unavailable
CRITICAL:strat7:2022-12-10 19:07:17,830:13636: No my_buy_price unavailable
CRITICAL:strat7:2022-12-10 19:07:19,670:13636: No my_buy_price unavailable
CRITICAL:strat7:2022-12-10 19:07:41,786:13640: No my_buy_price unavailable
CRITICAL:strat7:2022-12-10 19:07:43,678:13640: No my_buy_price unavailable
CRITICAL:strat7:2022-12-10 19:08:08,114:13641: Yes my_avgbuy_price unavailable
CRITICAL:strat7:2022-12-10 19:08:11,660:13641: Yes my_avgbuy_price unavailable
CRITICAL:strat7:2022-12-10 19:09:01,438:13643: No my_buy_price unavailable
CRITICAL:strat7:2022-12-10 19:09:04,657:13643: No my_buy_price unavailable
CRITICAL:strat7:2022-12-10 19:09:29,249:13644: No my_buy_price unavailable
CRITICAL:strat7:2022-12-10 19:09:33,543:13644: No my_buy_price unavailable
CRITICAL:strat7:2022-12-10 19:09:57,013:13645: No my_buy_price unavailable
CRITICAL:strat7:2022-12-10 19:10:00,077:13645: No my_buy_price unavailable
CRITICAL:strat7:2022-12-10 19:11:22,437:13635: Yes my_avgbuy_price unavailable
CRITICAL:strat7:2022-12-10 19:11:25,007:13635: Yes my_avgbuy_price unavailable
CRITICAL:strat7:2022-12-10 19:11:47,345:13636: No my_buy_price unavailable
CRITICAL:strat7:2022-12-10 19:11:49,229:13636: No my_buy_price unavailable
CRITICAL:strat7:2022-12-10 19:12:10,539:13640: No my_buy_price unavailable
CRITICAL:strat7:2022-12-10 19:12:12,380:13640: No my_buy_price unavailable
CRITICAL:strat7:2022-12-10 19:12:35,322:13641: Yes my_avgbuy_price unavailable
CRITICAL:strat7:2022-12-10 19:12:38,411:13641: Yes my_avgbuy_price unavailable
CRITICAL:strat7:2022-12-10 19:13:25,371:13643: No my_buy_price unavailable
CRITICAL:strat7:2022-12-10 19:13:28,456:13643: No my_buy_price unavailable
CRITICAL:strat7:2022-12-10 19:13:51,914:13644: No my_buy_price unavailable
CRITICAL:strat7:2022-12-10 19:13:54,954:13644: No my_buy_price unavailable
CRITICAL:strat7:2022-12-10 19:14:20,052:13645: No my_buy_price unavailable
CRITICAL:strat7:2022-12-10 19:14:22,539:13645: No my_buy_price unavailable
CRITICAL:strat7:2022-12-10 19:15:45,002:13635: No my_buy_price unavailable
CRITICAL:strat7:2022-12-10 19:15:48,826:13635: No my_buy_price unavailable
CRITICAL:strat7:2022-12-10 19:16:11,469:13636: No my_buy_price unavailable
CRITICAL:strat7:2022-12-10 19:16:13,240:13636: No my_buy_price unavailable
CRITICAL:strat7:2022-12-10 19:16:36,752:13640: No my_buy_price unavailable
CRITICAL:strat7:2022-12-10 19:16:38,546:13640: No my_buy_price unavailable
CRITICAL:strat7:2022-12-10 19:17:02,186:13641: Yes my_avgbuy_price unavailable
CRITICAL:strat7:2022-12-10 19:17:05,291:13641: Yes my_avgbuy_price unavailable
CRITICAL:strat7:2022-12-10 19:17:30,490:13642: No my_buy_price unavailable
CRITICAL:strat7:2022-12-10 19:17:33,132:13642: No my_buy_price unavailable
CRITICAL:strat7:2022-12-10 19:17:57,051:13643: No my_buy_price unavailable
CRITICAL:strat7:2022-12-10 19:18:00,079:13643: No my_buy_price unavailable
CRITICAL:strat7:2022-12-10 19:18:23,818:13644: No my_buy_price unavailable
CRITICAL:strat7:2022-12-10 19:18:27,005:13644: No my_buy_price unavailable
CRITICAL:strat7:2022-12-10 19:20:17,208:13635: No my_buy_price unavailable
CRITICAL:strat7:2022-12-10 19:20:18,975:13635: No my_buy_price unavailable
CRITICAL:strat7:2022-12-10 19:20:41,621:13636: No my_buy_price unavailable
CRITICAL:strat7:2022-12-10 19:20:43,411:13636: No my_buy_price unavailable
CRITICAL:strat7:2022-12-10 19:21:04,914:13640: No my_buy_price unavailable
CRITICAL:strat7:2022-12-10 19:21:06,786:13640: No my_buy_price unavailable
CRITICAL:strat7:2022-12-10 19:21:29,254:13641: Yes my_avgbuy_price unavailable
CRITICAL:strat7:2022-12-10 19:21:32,435:13641: Yes my_avgbuy_price unavailable
CRITICAL:strat7:2022-12-10 19:22:20,120:13643: No my_buy_price unavailable
CRITICAL:strat7:2022-12-10 19:22:23,444:13643: No my_buy_price unavailable
CRITICAL:strat7:2022-12-10 19:22:47,859:13644: No my_buy_price unavailable
CRITICAL:strat7:2022-12-10 19:22:50,954:13644: No my_buy_price unavailable
CRITICAL:strat7:2022-12-10 19:24:41,132:13635: No my_buy_price unavailable
CRITICAL:strat7:2022-12-10 19:24:42,853:13635: No my_buy_price unavailable
CRITICAL:strat7:2022-12-10 19:25:04,684:13636: No my_buy_price unavailable
CRITICAL:strat7:2022-12-10 19:25:06,715:13636: No my_buy_price unavailable
CRITICAL:strat7:2022-12-10 19:25:28,059:13640: No my_buy_price unavailable
CRITICAL:strat7:2022-12-10 19:25:29,841:13640: No my_buy_price unavailable
CRITICAL:strat7:2022-12-10 19:25:54,111:13641: Yes my_avgbuy_price unavailable
CRITICAL:strat7:2022-12-10 19:25:57,374:13641: Yes my_avgbuy_price unavailable
CRITICAL:strat7:2022-12-10 19:26:46,135:13643: No my_buy_price unavailable
CRITICAL:strat7:2022-12-10 19:26:49,253:13643: No my_buy_price unavailable
CRITICAL:strat7:2022-12-10 19:27:12,558:13644: No my_buy_price unavailable
CRITICAL:strat7:2022-12-10 19:27:15,588:13644: No my_buy_price unavailable
CRITICAL:strat7:2022-12-10 19:28:59,061:13635: No my_buy_price unavailable
CRITICAL:strat7:2022-12-10 19:29:00,981:13635: No my_buy_price unavailable
CRITICAL:strat7:2022-12-10 19:29:22,926:13636: No my_buy_price unavailable
CRITICAL:strat7:2022-12-10 19:29:24,695:13636: No my_buy_price unavailable
CRITICAL:strat7:2022-12-10 19:29:46,923:13640: No my_buy_price unavailable
CRITICAL:strat7:2022-12-10 19:29:48,724:13640: No my_buy_price unavailable
CRITICAL:strat7:2022-12-10 19:30:11,809:13641: Yes my_avgbuy_price unavailable
CRITICAL:strat7:2022-12-10 19:30:14,912:13641: Yes my_avgbuy_price unavailable
CRITICAL:strat7:2022-12-10 19:31:07,148:13643: No my_buy_price unavailable
CRITICAL:strat7:2022-12-10 19:31:10,354:13643: No my_buy_price unavailable
CRITICAL:strat7:2022-12-10 19:31:33,212:13644: No my_buy_price unavailable
CRITICAL:strat7:2022-12-10 19:31:36,397:13644: No my_buy_price unavailable
CRITICAL:strat7:2022-12-10 19:33:25,577:13635: No my_buy_price unavailable
CRITICAL:strat7:2022-12-10 19:33:27,492:13635: No my_buy_price unavailable
CRITICAL:strat7:2022-12-10 19:33:50,043:13636: No my_buy_price unavailable
CRITICAL:strat7:2022-12-10 19:33:51,966:13636: No my_buy_price unavailable
CRITICAL:strat7:2022-12-10 19:34:17,259:13640: Yes my_avgbuy_price unavailable
CRITICAL:strat7:2022-12-10 19:34:19,728:13640: Yes my_avgbuy_price unavailable
CRITICAL:strat7:2022-12-10 19:34:44,094:13641: Yes my_avgbuy_price unavailable
CRITICAL:strat7:2022-12-10 19:34:47,625:13641: Yes my_avgbuy_price unavailable
CRITICAL:strat7:2022-12-10 19:35:37,877:13643: No my_buy_price unavailable
CRITICAL:strat7:2022-12-10 19:35:40,980:13643: No my_buy_price unavailable
CRITICAL:strat7:2022-12-10 19:36:04,595:13644: No my_buy_price unavailable
CRITICAL:strat7:2022-12-10 19:36:07,885:13644: No my_buy_price unavailable
CRITICAL:strat7:2022-12-10 19:37:51,821:13635: No my_buy_price unavailable
CRITICAL:strat7:2022-12-10 19:37:53,659:13635: No my_buy_price unavailable
CRITICAL:strat7:2022-12-10 19:38:15,581:13636: No my_buy_price unavailable
CRITICAL:strat7:2022-12-10 19:38:17,537:13636: No my_buy_price unavailable
CRITICAL:strat7:2022-12-10 19:38:40,966:13640: Yes my_avgbuy_price unavailable
CRITICAL:strat7:2022-12-10 19:38:44,015:13640: Yes my_avgbuy_price unavailable
CRITICAL:strat7:2022-12-10 19:39:06,890:13641: Yes my_avgbuy_price unavailable
CRITICAL:strat7:2022-12-10 19:39:10,093:13641: Yes my_avgbuy_price unavailable
CRITICAL:strat7:2022-12-10 19:40:02,771:13643: No my_buy_price unavailable
CRITICAL:strat7:2022-12-10 19:40:06,496:13643: No my_buy_price unavailable
CRITICAL:strat7:2022-12-10 19:40:29,887:13644: No my_buy_price unavailable
CRITICAL:strat7:2022-12-10 19:40:33,068:13644: No my_buy_price unavailable
CRITICAL:strat7:2022-12-10 19:42:17,585:13635: No my_buy_price unavailable
CRITICAL:strat7:2022-12-10 19:42:19,404:13635: No my_buy_price unavailable
CRITICAL:strat7:2022-12-10 19:42:40,415:13636: No my_buy_price unavailable
CRITICAL:strat7:2022-12-10 19:42:42,284:13636: No my_buy_price unavailable
CRITICAL:strat7:2022-12-10 19:43:05,932:13640: Yes my_avgbuy_price unavailable
CRITICAL:strat7:2022-12-10 19:43:09,037:13640: Yes my_avgbuy_price unavailable
CRITICAL:strat7:2022-12-10 19:43:33,189:13641: Yes my_avgbuy_price unavailable
CRITICAL:strat7:2022-12-10 19:43:36,268:13641: Yes my_avgbuy_price unavailable
CRITICAL:strat7:2022-12-10 19:45:07,945:13644: No my_buy_price unavailable
CRITICAL:strat7:2022-12-10 19:45:11,257:13644: No my_buy_price unavailable
CRITICAL:strat7:2022-12-10 19:47:00,303:13635: No my_buy_price unavailable
CRITICAL:strat7:2022-12-10 19:47:02,713:13635: No my_buy_price unavailable
CRITICAL:strat7:2022-12-10 19:47:26,294:13636: No my_buy_price unavailable
CRITICAL:strat7:2022-12-10 19:47:28,121:13636: No my_buy_price unavailable
CRITICAL:strat7:2022-12-10 19:47:53,774:13640: Yes my_avgbuy_price unavailable
CRITICAL:strat7:2022-12-10 19:47:57,239:13640: Yes my_avgbuy_price unavailable
CRITICAL:strat7:2022-12-10 19:48:22,766:13641: Yes my_avgbuy_price unavailable
CRITICAL:strat7:2022-12-10 19:48:26,703:13641: Yes my_avgbuy_price unavailable
CRITICAL:strat7:2022-12-10 19:49:44,548:13644: No my_buy_price unavailable
CRITICAL:strat7:2022-12-10 19:49:47,917:13644: No my_buy_price unavailable
CRITICAL:strat7:2022-12-10 19:51:35,262:13635: No my_buy_price unavailable
CRITICAL:strat7:2022-12-10 19:51:37,106:13635: No my_buy_price unavailable
CRITICAL:strat7:2022-12-10 19:51:59,385:13636: No my_buy_price unavailable
CRITICAL:strat7:2022-12-10 19:52:01,308:13636: No my_buy_price unavailable
CRITICAL:strat7:2022-12-10 19:52:27,656:13640: Yes my_avgbuy_price unavailable
CRITICAL:strat7:2022-12-10 19:52:30,309:13640: Yes my_avgbuy_price unavailable
CRITICAL:strat7:2022-12-10 19:52:54,058:13641: Yes my_avgbuy_price unavailable
CRITICAL:strat7:2022-12-10 19:52:57,188:13641: Yes my_avgbuy_price unavailable
CRITICAL:strat7:2022-12-10 19:54:06,849:13644: No my_buy_price unavailable
CRITICAL:strat7:2022-12-10 19:54:10,008:13644: No my_buy_price unavailable
CRITICAL:strat7:2022-12-10 19:56:02,670:13635: Yes my_avgbuy_price unavailable
CRITICAL:strat7:2022-12-10 19:56:05,106:13635: Yes my_avgbuy_price unavailable
CRITICAL:strat7:2022-12-10 19:56:27,087:13636: No my_buy_price unavailable
CRITICAL:strat7:2022-12-10 19:56:28,971:13636: No my_buy_price unavailable
CRITICAL:strat7:2022-12-10 19:56:52,399:13640: Yes my_avgbuy_price unavailable
CRITICAL:strat7:2022-12-10 19:56:55,496:13640: Yes my_avgbuy_price unavailable
CRITICAL:strat7:2022-12-10 19:57:19,217:13641: Yes my_avgbuy_price unavailable
CRITICAL:strat7:2022-12-10 19:57:22,232:13641: Yes my_avgbuy_price unavailable
CRITICAL:strat7:2022-12-10 19:58:10,927:13643: No my_buy_price unavailable
CRITICAL:strat7:2022-12-10 19:58:13,295:13643: No my_buy_price unavailable
CRITICAL:strat7:2022-12-10 19:58:36,420:13644: No my_buy_price unavailable
CRITICAL:strat7:2022-12-10 19:58:39,449:13644: No my_buy_price unavailable
CRITICAL:strat7:2022-12-10 20:00:24,252:13635: No my_buy_price unavailable
CRITICAL:strat7:2022-12-10 20:00:28,134:13635: No my_buy_price unavailable
CRITICAL:strat7:2022-12-10 20:00:49,922:13636: No my_buy_price unavailable
CRITICAL:strat7:2022-12-10 20:00:51,669:13636: No my_buy_price unavailable
CRITICAL:strat7:2022-12-10 20:01:17,263:13640: Yes my_avgbuy_price unavailable
CRITICAL:strat7:2022-12-10 20:01:19,713:13640: Yes my_avgbuy_price unavailable
CRITICAL:strat7:2022-12-10 20:01:46,885:13641: Yes my_avgbuy_price unavailable
CRITICAL:strat7:2022-12-10 20:01:49,383:13641: Yes my_avgbuy_price unavailable
CRITICAL:strat7:2022-12-10 20:02:40,424:13643: No my_buy_price unavailable
CRITICAL:strat7:2022-12-10 20:02:43,233:13643: No my_buy_price unavailable
CRITICAL:strat7:2022-12-10 20:03:08,415:13644: No my_buy_price unavailable
CRITICAL:strat7:2022-12-10 20:03:11,590:13644: No my_buy_price unavailable
CRITICAL:strat7:2022-12-10 20:04:55,506:13635: No my_buy_price unavailable
CRITICAL:strat7:2022-12-10 20:04:57,336:13635: No my_buy_price unavailable
CRITICAL:strat7:2022-12-10 20:05:19,804:13636: No my_buy_price unavailable
CRITICAL:strat7:2022-12-10 20:05:22,502:13636: No my_buy_price unavailable
CRITICAL:strat7:2022-12-10 20:05:45,147:13640: Yes my_avgbuy_price unavailable
CRITICAL:strat7:2022-12-10 20:05:47,576:13640: Yes my_avgbuy_price unavailable
CRITICAL:strat7:2022-12-10 20:06:11,436:13641: Yes my_avgbuy_price unavailable
CRITICAL:strat7:2022-12-10 20:06:14,553:13641: Yes my_avgbuy_price unavailable
CRITICAL:strat7:2022-12-10 20:07:06,585:13643: No my_buy_price unavailable
CRITICAL:strat7:2022-12-10 20:07:09,057:13643: No my_buy_price unavailable
CRITICAL:strat7:2022-12-10 20:07:31,480:13644: No my_buy_price unavailable
CRITICAL:strat7:2022-12-10 20:07:34,464:13644: No my_buy_price unavailable
CRITICAL:strat7:2022-12-10 20:09:24,912:13635: No my_buy_price unavailable
CRITICAL:strat7:2022-12-10 20:09:26,652:13635: No my_buy_price unavailable
CRITICAL:strat7:2022-12-10 20:09:48,187:13636: No my_buy_price unavailable
CRITICAL:strat7:2022-12-10 20:09:49,910:13636: No my_buy_price unavailable
CRITICAL:strat7:2022-12-10 20:10:12,724:13640: Yes my_avgbuy_price unavailable
CRITICAL:strat7:2022-12-10 20:10:15,312:13640: Yes my_avgbuy_price unavailable
CRITICAL:strat7:2022-12-10 20:10:38,733:13641: Yes my_avgbuy_price unavailable
CRITICAL:strat7:2022-12-10 20:10:41,775:13641: Yes my_avgbuy_price unavailable
CRITICAL:strat7:2022-12-10 20:11:30,117:13643: No my_buy_price unavailable
CRITICAL:strat7:2022-12-10 20:11:32,651:13643: No my_buy_price unavailable
CRITICAL:strat7:2022-12-10 20:11:55,070:13644: No my_buy_price unavailable
CRITICAL:strat7:2022-12-10 20:11:58,152:13644: No my_buy_price unavailable
CRITICAL:strat7:2022-12-10 20:13:43,596:13635: No my_buy_price unavailable
CRITICAL:strat7:2022-12-10 20:13:45,372:13635: No my_buy_price unavailable
CRITICAL:strat7:2022-12-10 20:14:07,207:13636: No my_buy_price unavailable
CRITICAL:strat7:2022-12-10 20:14:08,977:13636: No my_buy_price unavailable
CRITICAL:strat7:2022-12-10 20:14:32,613:13640: Yes my_avgbuy_price unavailable
CRITICAL:strat7:2022-12-10 20:14:35,073:13640: Yes my_avgbuy_price unavailable
CRITICAL:strat7:2022-12-10 20:14:57,912:13641: Yes my_avgbuy_price unavailable
CRITICAL:strat7:2022-12-10 20:15:00,946:13641: Yes my_avgbuy_price unavailable
CRITICAL:strat7:2022-12-10 20:15:27,692:13642: Yes my_avgbuy_price unavailable
CRITICAL:strat7:2022-12-10 20:15:34,278:13642: Yes my_avgbuy_price unavailable
CRITICAL:strat7:2022-12-10 20:15:56,923:13643: No my_buy_price unavailable
CRITICAL:strat7:2022-12-10 20:15:59,429:13643: No my_buy_price unavailable
CRITICAL:strat7:2022-12-10 20:16:22,837:13644: No my_buy_price unavailable
CRITICAL:strat7:2022-12-10 20:16:26,372:13644: No my_buy_price unavailable
CRITICAL:strat7:2022-12-10 20:18:11,219:13635: No my_buy_price unavailable
CRITICAL:strat7:2022-12-10 20:18:13,049:13635: No my_buy_price unavailable
CRITICAL:strat7:2022-12-10 20:18:36,907:13636: No my_buy_price unavailable
CRITICAL:strat7:2022-12-10 20:18:38,771:13636: No my_buy_price unavailable
CRITICAL:strat7:2022-12-10 20:19:01,337:13640: Yes my_avgbuy_price unavailable
CRITICAL:strat7:2022-12-10 20:19:03,955:13640: Yes my_avgbuy_price unavailable
CRITICAL:strat7:2022-12-10 20:19:52,525:13642: Yes my_avgbuy_price unavailable
CRITICAL:strat7:2022-12-10 20:19:59,622:13642: Yes my_avgbuy_price unavailable
CRITICAL:strat7:2022-12-10 20:20:22,770:13643: No my_buy_price unavailable
CRITICAL:strat7:2022-12-10 20:20:25,190:13643: No my_buy_price unavailable
CRITICAL:strat7:2022-12-10 20:20:49,570:13644: No my_buy_price unavailable
CRITICAL:strat7:2022-12-10 20:20:52,591:13644: No my_buy_price unavailable
CRITICAL:strat7:2022-12-10 20:22:36,907:13635: No my_buy_price unavailable
CRITICAL:strat7:2022-12-10 20:22:38,691:13635: No my_buy_price unavailable
CRITICAL:strat7:2022-12-10 20:23:00,390:13636: No my_buy_price unavailable
CRITICAL:strat7:2022-12-10 20:23:02,143:13636: No my_buy_price unavailable
CRITICAL:strat7:2022-12-10 20:23:26,114:13640: Yes my_avgbuy_price unavailable
CRITICAL:strat7:2022-12-10 20:23:28,531:13640: Yes my_avgbuy_price unavailable
CRITICAL:strat7:2022-12-10 20:24:20,714:13642: Yes my_avgbuy_price unavailable
CRITICAL:strat7:2022-12-10 20:24:23,859:13642: Yes my_avgbuy_price unavailable
CRITICAL:strat7:2022-12-10 20:24:47,655:13643: No my_buy_price unavailable
CRITICAL:strat7:2022-12-10 20:24:50,129:13643: No my_buy_price unavailable
CRITICAL:strat7:2022-12-10 20:25:12,606:13644: No my_buy_price unavailable
CRITICAL:strat7:2022-12-10 20:25:15,741:13644: No my_buy_price unavailable
CRITICAL:strat7:2022-12-10 20:27:05,826:13635: No my_buy_price unavailable
CRITICAL:strat7:2022-12-10 20:27:07,521:13635: No my_buy_price unavailable
CRITICAL:strat7:2022-12-10 20:27:28,471:13636: No my_buy_price unavailable
CRITICAL:strat7:2022-12-10 20:27:30,319:13636: No my_buy_price unavailable
CRITICAL:strat7:2022-12-10 20:27:53,229:13640: Yes my_avgbuy_price unavailable
CRITICAL:strat7:2022-12-10 20:27:55,756:13640: Yes my_avgbuy_price unavailable
CRITICAL:strat7:2022-12-10 20:29:06,830:13643: No my_buy_price unavailable
CRITICAL:strat7:2022-12-10 20:29:09,245:13643: No my_buy_price unavailable
CRITICAL:strat7:2022-12-10 20:29:32,009:13644: No my_buy_price unavailable
CRITICAL:strat7:2022-12-10 20:29:35,160:13644: No my_buy_price unavailable
CRITICAL:strat7:2022-12-10 20:31:19,696:13635: No my_buy_price unavailable
CRITICAL:strat7:2022-12-10 20:31:21,532:13635: No my_buy_price unavailable
CRITICAL:strat7:2022-12-10 20:31:46,058:13636: No my_buy_price unavailable
CRITICAL:strat7:2022-12-10 20:31:47,775:13636: No my_buy_price unavailable
CRITICAL:strat7:2022-12-10 20:32:09,776:13640: No my_buy_price unavailable
CRITICAL:strat7:2022-12-10 20:32:12,929:13640: No my_buy_price unavailable
CRITICAL:strat7:2022-12-10 20:32:40,136:13641: Yes my_avgbuy_price unavailable
CRITICAL:strat7:2022-12-10 20:32:42,618:13641: Yes my_avgbuy_price unavailable
CRITICAL:strat7:2022-12-10 20:33:25,932:13643: No my_buy_price unavailable
CRITICAL:strat7:2022-12-10 20:33:28,388:13643: No my_buy_price unavailable
CRITICAL:strat7:2022-12-10 20:33:51,133:13644: No my_buy_price unavailable
CRITICAL:strat7:2022-12-10 20:33:54,124:13644: No my_buy_price unavailable
CRITICAL:strat7:2022-12-10 20:35:47,783:13635: Yes my_avgbuy_price unavailable
CRITICAL:strat7:2022-12-10 20:35:50,207:13635: Yes my_avgbuy_price unavailable
CRITICAL:strat7:2022-12-10 20:36:11,833:13636: No my_buy_price unavailable
CRITICAL:strat7:2022-12-10 20:36:13,650:13636: No my_buy_price unavailable
CRITICAL:strat7:2022-12-10 20:36:36,027:13640: No my_buy_price unavailable
CRITICAL:strat7:2022-12-10 20:36:37,794:13640: No my_buy_price unavailable
CRITICAL:strat7:2022-12-10 20:37:27,989:13642: Yes my_avgbuy_price unavailable
CRITICAL:strat7:2022-12-10 20:37:30,365:13642: Yes my_avgbuy_price unavailable
CRITICAL:strat7:2022-12-10 20:37:54,681:13643: No my_buy_price unavailable
CRITICAL:strat7:2022-12-10 20:37:57,075:13643: No my_buy_price unavailable
CRITICAL:strat7:2022-12-10 20:38:20,978:13644: No my_buy_price unavailable
CRITICAL:strat7:2022-12-10 20:38:24,240:13644: No my_buy_price unavailable
CRITICAL:strat7:2022-12-10 20:38:48,198:13645: No my_buy_price unavailable
CRITICAL:strat7:2022-12-10 20:38:51,353:13645: No my_buy_price unavailable
CRITICAL:strat7:2022-12-10 20:40:13,931:13635: Yes my_avgbuy_price unavailable
CRITICAL:strat7:2022-12-10 20:40:17,201:13635: Yes my_avgbuy_price unavailable
CRITICAL:strat7:2022-12-10 20:40:39,147:13636: No my_buy_price unavailable
CRITICAL:strat7:2022-12-10 20:40:40,954:13636: No my_buy_price unavailable
CRITICAL:strat7:2022-12-10 20:41:02,524:13640: No my_buy_price unavailable
CRITICAL:strat7:2022-12-10 20:41:04,361:13640: No my_buy_price unavailable
CRITICAL:strat7:2022-12-10 20:41:50,820:13642: Yes my_avgbuy_price unavailable
CRITICAL:strat7:2022-12-10 20:41:53,209:13642: Yes my_avgbuy_price unavailable
CRITICAL:strat7:2022-12-10 20:42:19,731:13643: No my_buy_price unavailable
CRITICAL:strat7:2022-12-10 20:42:22,131:13643: No my_buy_price unavailable
CRITICAL:strat7:2022-12-10 20:42:46,298:13644: No my_buy_price unavailable
CRITICAL:strat7:2022-12-10 20:42:49,562:13644: No my_buy_price unavailable
CRITICAL:strat7:2022-12-10 20:43:13,251:13645: No my_buy_price unavailable
CRITICAL:strat7:2022-12-10 20:43:16,264:13645: No my_buy_price unavailable
CRITICAL:strat7:2022-12-10 20:44:39,614:13635: No my_buy_price unavailable
CRITICAL:strat7:2022-12-10 20:44:42,888:13635: No my_buy_price unavailable
CRITICAL:strat7:2022-12-10 20:45:04,613:13636: No my_buy_price unavailable
CRITICAL:strat7:2022-12-10 20:45:06,455:13636: No my_buy_price unavailable
CRITICAL:strat7:2022-12-10 20:45:27,822:13640: No my_buy_price unavailable
CRITICAL:strat7:2022-12-10 20:45:29,671:13640: No my_buy_price unavailable
CRITICAL:strat7:2022-12-10 20:46:16,994:13642: Yes my_avgbuy_price unavailable
CRITICAL:strat7:2022-12-10 20:46:19,780:13642: Yes my_avgbuy_price unavailable
CRITICAL:strat7:2022-12-10 20:46:43,479:13643: No my_buy_price unavailable
CRITICAL:strat7:2022-12-10 20:46:45,852:13643: No my_buy_price unavailable
CRITICAL:strat7:2022-12-10 20:47:08,547:13644: No my_buy_price unavailable
CRITICAL:strat7:2022-12-10 20:47:11,801:13644: No my_buy_price unavailable
CRITICAL:strat7:2022-12-10 20:47:34,323:13645: No my_buy_price unavailable
CRITICAL:strat7:2022-12-10 20:47:37,548:13645: No my_buy_price unavailable
CRITICAL:strat7:2022-12-10 20:48:59,532:13635: No my_buy_price unavailable
CRITICAL:strat7:2022-12-10 20:49:01,354:13635: No my_buy_price unavailable
CRITICAL:strat7:2022-12-10 20:49:23,208:13636: No my_buy_price unavailable
CRITICAL:strat7:2022-12-10 20:49:24,984:13636: No my_buy_price unavailable
CRITICAL:strat7:2022-12-10 20:49:46,566:13640: No my_buy_price unavailable
CRITICAL:strat7:2022-12-10 20:49:48,300:13640: No my_buy_price unavailable
CRITICAL:strat7:2022-12-10 20:51:01,361:13643: No my_buy_price unavailable
CRITICAL:strat7:2022-12-10 20:51:03,873:13643: No my_buy_price unavailable
CRITICAL:strat7:2022-12-10 20:51:27,659:13644: No my_buy_price unavailable
CRITICAL:strat7:2022-12-10 20:51:30,784:13644: No my_buy_price unavailable
CRITICAL:strat7:2022-12-10 20:51:54,017:13645: No my_buy_price unavailable
CRITICAL:strat7:2022-12-10 20:51:57,195:13645: No my_buy_price unavailable
CRITICAL:strat7:2022-12-10 20:53:19,804:13635: No my_buy_price unavailable
CRITICAL:strat7:2022-12-10 20:53:21,595:13635: No my_buy_price unavailable
CRITICAL:strat7:2022-12-10 20:53:42,471:13636: No my_buy_price unavailable
CRITICAL:strat7:2022-12-10 20:53:44,306:13636: No my_buy_price unavailable
CRITICAL:strat7:2022-12-10 20:54:06,115:13640: No my_buy_price unavailable
CRITICAL:strat7:2022-12-10 20:54:07,885:13640: No my_buy_price unavailable
CRITICAL:strat7:2022-12-10 20:54:54,650:13642: Yes my_avgbuy_price unavailable
CRITICAL:strat7:2022-12-10 20:54:57,631:13642: Yes my_avgbuy_price unavailable
CRITICAL:strat7:2022-12-10 20:55:45,708:13644: No my_buy_price unavailable
CRITICAL:strat7:2022-12-10 20:55:48,899:13644: No my_buy_price unavailable
CRITICAL:strat7:2022-12-10 20:56:12,505:13645: No my_buy_price unavailable
CRITICAL:strat7:2022-12-10 20:56:15,621:13645: No my_buy_price unavailable
CRITICAL:strat7:2022-12-10 20:57:37,932:13635: No my_buy_price unavailable
CRITICAL:strat7:2022-12-10 20:57:40,321:13635: No my_buy_price unavailable
CRITICAL:strat7:2022-12-10 20:58:02,335:13636: No my_buy_price unavailable
CRITICAL:strat7:2022-12-10 20:58:04,209:13636: No my_buy_price unavailable
CRITICAL:strat7:2022-12-10 20:58:26,524:13640: No my_buy_price unavailable
CRITICAL:strat7:2022-12-10 20:58:28,360:13640: No my_buy_price unavailable
CRITICAL:strat7:2022-12-10 20:59:19,238:13642: Yes my_avgbuy_price unavailable
CRITICAL:strat7:2022-12-10 20:59:21,642:13642: Yes my_avgbuy_price unavailable
CRITICAL:strat7:2022-12-10 21:00:09,530:13644: No my_buy_price unavailable
CRITICAL:strat7:2022-12-10 21:00:12,573:13644: No my_buy_price unavailable
CRITICAL:strat7:2022-12-10 21:00:35,760:13645: No my_buy_price unavailable
CRITICAL:strat7:2022-12-10 21:00:38,824:13645: No my_buy_price unavailable
CRITICAL:strat7:2022-12-10 21:02:00,660:13635: No my_buy_price unavailable
CRITICAL:strat7:2022-12-10 21:02:03,248:13635: No my_buy_price unavailable
CRITICAL:strat7:2022-12-10 21:02:25,274:13636: No my_buy_price unavailable
CRITICAL:strat7:2022-12-10 21:02:27,040:13636: No my_buy_price unavailable
CRITICAL:strat7:2022-12-10 21:02:48,943:13640: No my_buy_price unavailable
CRITICAL:strat7:2022-12-10 21:02:50,763:13640: No my_buy_price unavailable
CRITICAL:strat7:2022-12-10 21:04:01,831:13643: No my_buy_price unavailable
CRITICAL:strat7:2022-12-10 21:04:04,892:13643: No my_buy_price unavailable
CRITICAL:strat7:2022-12-10 21:04:29,059:13644: No my_buy_price unavailable
CRITICAL:strat7:2022-12-10 21:04:32,062:13644: No my_buy_price unavailable
CRITICAL:strat7:2022-12-10 21:06:23,477:13635: No my_buy_price unavailable
CRITICAL:strat7:2022-12-10 21:06:25,365:13635: No my_buy_price unavailable
CRITICAL:strat7:2022-12-10 21:06:48,662:13636: No my_buy_price unavailable
CRITICAL:strat7:2022-12-10 21:06:50,469:13636: No my_buy_price unavailable
CRITICAL:strat7:2022-12-10 21:07:13,162:13640: No my_buy_price unavailable
CRITICAL:strat7:2022-12-10 21:07:15,139:13640: No my_buy_price unavailable
CRITICAL:strat7:2022-12-10 21:08:34,949:13643: No my_buy_price unavailable
CRITICAL:strat7:2022-12-10 21:08:38,096:13643: No my_buy_price unavailable
CRITICAL:strat7:2022-12-10 21:09:01,882:13644: No my_buy_price unavailable
CRITICAL:strat7:2022-12-10 21:09:05,117:13644: No my_buy_price unavailable
CRITICAL:strat7:2022-12-10 21:09:32,737:13645: No my_buy_price unavailable
CRITICAL:strat7:2022-12-10 21:09:35,195:13645: No my_buy_price unavailable
CRITICAL:strat7:2022-12-10 21:10:57,842:13635: No my_buy_price unavailable
CRITICAL:strat7:2022-12-10 21:10:59,722:13635: No my_buy_price unavailable
CRITICAL:strat7:2022-12-10 21:11:22,680:13636: No my_buy_price unavailable
CRITICAL:strat7:2022-12-10 21:11:24,667:13636: No my_buy_price unavailable
CRITICAL:strat7:2022-12-10 21:11:47,114:13640: No my_buy_price unavailable
CRITICAL:strat7:2022-12-10 21:11:49,043:13640: No my_buy_price unavailable
CRITICAL:strat7:2022-12-10 21:12:40,674:13642: Yes my_avgbuy_price unavailable
CRITICAL:strat7:2022-12-10 21:12:43,143:13642: Yes my_avgbuy_price unavailable
CRITICAL:strat7:2022-12-10 21:13:06,889:13643: No my_buy_price unavailable
CRITICAL:strat7:2022-12-10 21:13:09,857:13643: No my_buy_price unavailable
CRITICAL:strat7:2022-12-10 21:13:33,309:13644: No my_buy_price unavailable
CRITICAL:strat7:2022-12-10 21:13:36,268:13644: No my_buy_price unavailable
CRITICAL:strat7:2022-12-10 21:14:02,808:13645: No my_buy_price unavailable
CRITICAL:strat7:2022-12-10 21:14:05,276:13645: No my_buy_price unavailable
CRITICAL:strat7:2022-12-10 21:15:27,290:13635: No my_buy_price unavailable
CRITICAL:strat7:2022-12-10 21:15:29,176:13635: No my_buy_price unavailable
CRITICAL:strat7:2022-12-10 21:15:50,766:13636: No my_buy_price unavailable
CRITICAL:strat7:2022-12-10 21:15:52,546:13636: No my_buy_price unavailable
CRITICAL:strat7:2022-12-10 21:16:15,464:13640: No my_buy_price unavailable
CRITICAL:strat7:2022-12-10 21:16:17,339:13640: No my_buy_price unavailable
CRITICAL:strat7:2022-12-10 21:17:04,910:13642: Yes my_avgbuy_price unavailable
CRITICAL:strat7:2022-12-10 21:17:08,128:13642: Yes my_avgbuy_price unavailable
CRITICAL:strat7:2022-12-10 21:18:00,178:13644: No my_buy_price unavailable
CRITICAL:strat7:2022-12-10 21:18:03,287:13644: No my_buy_price unavailable
CRITICAL:strat7:2022-12-10 21:18:29,626:13645: No my_buy_price unavailable
CRITICAL:strat7:2022-12-10 21:18:32,110:13645: No my_buy_price unavailable
CRITICAL:strat7:2022-12-10 21:19:54,095:13635: No my_buy_price unavailable
CRITICAL:strat7:2022-12-10 21:19:55,898:13635: No my_buy_price unavailable
CRITICAL:strat7:2022-12-10 21:20:18,031:13636: No my_buy_price unavailable
CRITICAL:strat7:2022-12-10 21:20:19,857:13636: No my_buy_price unavailable
CRITICAL:strat7:2022-12-10 21:20:42,293:13640: No my_buy_price unavailable
CRITICAL:strat7:2022-12-10 21:20:44,091:13640: No my_buy_price unavailable
CRITICAL:strat7:2022-12-10 21:22:25,992:13644: No my_buy_price unavailable
CRITICAL:strat7:2022-12-10 21:22:29,186:13644: No my_buy_price unavailable
CRITICAL:strat7:2022-12-10 21:22:52,980:13645: No my_buy_price unavailable
CRITICAL:strat7:2022-12-10 21:22:55,381:13645: No my_buy_price unavailable
CRITICAL:strat7:2022-12-10 21:24:18,442:13635: No my_buy_price unavailable
CRITICAL:strat7:2022-12-10 21:24:20,172:13635: No my_buy_price unavailable
CRITICAL:strat7:2022-12-10 21:24:41,788:13636: No my_buy_price unavailable
CRITICAL:strat7:2022-12-10 21:24:43,516:13636: No my_buy_price unavailable
CRITICAL:strat7:2022-12-10 21:25:04,498:13640: No my_buy_price unavailable
CRITICAL:strat7:2022-12-10 21:25:06,302:13640: No my_buy_price unavailable
CRITICAL:strat7:2022-12-10 21:26:50,551:13644: No my_buy_price unavailable
CRITICAL:strat7:2022-12-10 21:26:53,540:13644: No my_buy_price unavailable
CRITICAL:strat7:2022-12-10 21:27:19,929:13645: No my_buy_price unavailable
CRITICAL:strat7:2022-12-10 21:27:22,421:13645: No my_buy_price unavailable
CRITICAL:strat7:2022-12-10 21:28:44,655:13635: No my_buy_price unavailable
CRITICAL:strat7:2022-12-10 21:28:46,405:13635: No my_buy_price unavailable
CRITICAL:strat7:2022-12-10 21:29:08,814:13636: No my_buy_price unavailable
CRITICAL:strat7:2022-12-10 21:29:11,221:13636: No my_buy_price unavailable
CRITICAL:strat7:2022-12-10 21:29:33,085:13640: No my_buy_price unavailable
CRITICAL:strat7:2022-12-10 21:29:34,843:13640: No my_buy_price unavailable
CRITICAL:strat7:2022-12-10 21:30:24,134:13642: Yes my_avgbuy_price unavailable
CRITICAL:strat7:2022-12-10 21:30:26,554:13642: Yes my_avgbuy_price unavailable
CRITICAL:strat7:2022-12-10 21:30:53,003:13643: No my_buy_price unavailable
CRITICAL:strat7:2022-12-10 21:30:55,415:13643: No my_buy_price unavailable
CRITICAL:strat7:2022-12-10 21:31:22,186:13644: No my_buy_price unavailable
CRITICAL:strat7:2022-12-10 21:31:24,588:13644: No my_buy_price unavailable
CRITICAL:strat7:2022-12-10 21:31:47,660:13645: No my_buy_price unavailable
CRITICAL:strat7:2022-12-10 21:31:50,165:13645: No my_buy_price unavailable
CRITICAL:strat7:2022-12-10 21:33:12,530:13635: No my_buy_price unavailable
CRITICAL:strat7:2022-12-10 21:33:14,332:13635: No my_buy_price unavailable
CRITICAL:strat7:2022-12-10 21:33:35,280:13636: No my_buy_price unavailable
CRITICAL:strat7:2022-12-10 21:33:37,003:13636: No my_buy_price unavailable
CRITICAL:strat7:2022-12-10 21:33:58,283:13640: No my_buy_price unavailable
CRITICAL:strat7:2022-12-10 21:34:00,171:13640: No my_buy_price unavailable
CRITICAL:strat7:2022-12-10 21:34:47,979:13642: Yes my_avgbuy_price unavailable
CRITICAL:strat7:2022-12-10 21:34:51,044:13642: Yes my_avgbuy_price unavailable
CRITICAL:strat7:2022-12-10 21:35:17,762:13643: No my_buy_price unavailable
CRITICAL:strat7:2022-12-10 21:35:20,194:13643: No my_buy_price unavailable
CRITICAL:strat7:2022-12-10 21:36:08,364:13645: No my_buy_price unavailable
CRITICAL:strat7:2022-12-10 21:36:10,880:13645: No my_buy_price unavailable
CRITICAL:strat7:2022-12-10 21:37:32,807:13635: No my_buy_price unavailable
CRITICAL:strat7:2022-12-10 21:37:34,624:13635: No my_buy_price unavailable
CRITICAL:strat7:2022-12-10 21:37:56,705:13636: No my_buy_price unavailable
CRITICAL:strat7:2022-12-10 21:37:58,467:13636: No my_buy_price unavailable
CRITICAL:strat7:2022-12-10 21:38:20,235:13640: No my_buy_price unavailable
CRITICAL:strat7:2022-12-10 21:38:22,079:13640: No my_buy_price unavailable
CRITICAL:strat7:2022-12-10 21:39:09,223:13642: Yes my_avgbuy_price unavailable
CRITICAL:strat7:2022-12-10 21:39:12,292:13642: Yes my_avgbuy_price unavailable
CRITICAL:strat7:2022-12-10 21:40:29,913:13645: No my_buy_price unavailable
CRITICAL:strat7:2022-12-10 21:40:32,575:13645: No my_buy_price unavailable
CRITICAL:strat7:2022-12-10 21:41:54,570:13635: No my_buy_price unavailable
CRITICAL:strat7:2022-12-10 21:41:56,330:13635: No my_buy_price unavailable
CRITICAL:strat7:2022-12-10 21:42:17,993:13636: No my_buy_price unavailable
CRITICAL:strat7:2022-12-10 21:42:19,705:13636: No my_buy_price unavailable
CRITICAL:strat7:2022-12-10 21:42:41,861:13640: No my_buy_price unavailable
CRITICAL:strat7:2022-12-10 21:42:43,693:13640: No my_buy_price unavailable
CRITICAL:strat7:2022-12-10 21:43:33,961:13642: Yes my_avgbuy_price unavailable
CRITICAL:strat7:2022-12-10 21:43:36,361:13642: Yes my_avgbuy_price unavailable
CRITICAL:strat7:2022-12-10 21:44:02,696:13643: No my_buy_price unavailable
CRITICAL:strat7:2022-12-10 21:44:05,267:13643: No my_buy_price unavailable
CRITICAL:strat7:2022-12-10 21:44:52,383:13645: Yes my_avgbuy_price unavailable
CRITICAL:strat7:2022-12-10 21:44:55,642:13645: Yes my_avgbuy_price unavailable
CRITICAL:strat7:2022-12-10 21:46:16,990:13635: No my_buy_price unavailable
CRITICAL:strat7:2022-12-10 21:46:19,021:13635: No my_buy_price unavailable
CRITICAL:strat7:2022-12-10 21:46:42,132:13636: No my_buy_price unavailable
CRITICAL:strat7:2022-12-10 21:46:43,835:13636: No my_buy_price unavailable
CRITICAL:strat7:2022-12-10 21:47:05,924:13640: No my_buy_price unavailable
CRITICAL:strat7:2022-12-10 21:47:07,680:13640: No my_buy_price unavailable
CRITICAL:strat7:2022-12-10 21:48:22,128:13643: No my_buy_price unavailable
CRITICAL:strat7:2022-12-10 21:48:24,557:13643: No my_buy_price unavailable
CRITICAL:strat7:2022-12-10 21:49:12,783:13645: Yes my_avgbuy_price unavailable
CRITICAL:strat7:2022-12-10 21:49:14,546:13645: Yes my_avgbuy_price unavailable
CRITICAL:strat7:2022-12-10 21:50:37,087:13635: No my_buy_price unavailable
CRITICAL:strat7:2022-12-10 21:50:38,884:13635: No my_buy_price unavailable
CRITICAL:strat7:2022-12-10 21:50:59,727:13636: No my_buy_price unavailable
CRITICAL:strat7:2022-12-10 21:51:01,603:13636: No my_buy_price unavailable
CRITICAL:strat7:2022-12-10 21:51:26,184:13640: Yes my_avgbuy_price unavailable
CRITICAL:strat7:2022-12-10 21:51:28,686:13640: Yes my_avgbuy_price unavailable
CRITICAL:strat7:2022-12-10 21:52:43,802:13643: No my_buy_price unavailable
CRITICAL:strat7:2022-12-10 21:52:46,373:13643: No my_buy_price unavailable
CRITICAL:strat7:2022-12-10 21:53:34,090:13645: Yes my_avgbuy_price unavailable
CRITICAL:strat7:2022-12-10 21:53:35,824:13645: Yes my_avgbuy_price unavailable
CRITICAL:strat7:2022-12-10 21:54:57,258:13635: No my_buy_price unavailable
CRITICAL:strat7:2022-12-10 21:54:59,061:13635: No my_buy_price unavailable
CRITICAL:strat7:2022-12-10 21:55:21,559:13636: No my_buy_price unavailable
CRITICAL:strat7:2022-12-10 21:55:23,412:13636: No my_buy_price unavailable
CRITICAL:strat7:2022-12-10 21:55:47,586:13640: Yes my_avgbuy_price unavailable
CRITICAL:strat7:2022-12-10 21:55:50,577:13640: Yes my_avgbuy_price unavailable
CRITICAL:strat7:2022-12-10 21:57:06,236:13643: No my_buy_price unavailable
CRITICAL:strat7:2022-12-10 21:57:09,214:13643: No my_buy_price unavailable
CRITICAL:strat7:2022-12-10 21:58:00,272:13645: No my_buy_price unavailable
CRITICAL:strat7:2022-12-10 21:58:02,695:13645: No my_buy_price unavailable
CRITICAL:strat7:2022-12-10 21:59:24,278:13635: No my_buy_price unavailable
CRITICAL:strat7:2022-12-10 21:59:26,023:13635: No my_buy_price unavailable
CRITICAL:strat7:2022-12-10 21:59:48,141:13636: No my_buy_price unavailable
CRITICAL:strat7:2022-12-10 21:59:49,908:13636: No my_buy_price unavailable
CRITICAL:strat7:2022-12-10 22:00:12,888:13640: Yes my_avgbuy_price unavailable
CRITICAL:strat7:2022-12-10 22:00:16,019:13640: Yes my_avgbuy_price unavailable
CRITICAL:strat7:2022-12-10 22:01:33,547:13643: No my_buy_price unavailable
CRITICAL:strat7:2022-12-10 22:01:35,935:13643: No my_buy_price unavailable
CRITICAL:strat7:2022-12-10 22:02:19,687:13645: No my_buy_price unavailable
CRITICAL:strat7:2022-12-10 22:02:22,050:13645: No my_buy_price unavailable
CRITICAL:strat7:2022-12-10 22:03:44,665:13635: No my_buy_price unavailable
CRITICAL:strat7:2022-12-10 22:03:46,423:13635: No my_buy_price unavailable
CRITICAL:strat7:2022-12-10 22:04:08,621:13636: No my_buy_price unavailable
CRITICAL:strat7:2022-12-10 22:04:10,409:13636: No my_buy_price unavailable
CRITICAL:strat7:2022-12-10 22:04:33,457:13640: Yes my_avgbuy_price unavailable
CRITICAL:strat7:2022-12-10 22:04:36,521:13640: Yes my_avgbuy_price unavailable
CRITICAL:strat7:2022-12-10 22:05:49,329:13643: No my_buy_price unavailable
CRITICAL:strat7:2022-12-10 22:05:51,727:13643: No my_buy_price unavailable
CRITICAL:strat7:2022-12-10 22:06:40,612:13645: No my_buy_price unavailable
CRITICAL:strat7:2022-12-10 22:06:47,143:13645: No my_buy_price unavailable
CRITICAL:strat7:2022-12-10 22:08:10,106:13635: No my_buy_price unavailable
CRITICAL:strat7:2022-12-10 22:08:11,960:13635: No my_buy_price unavailable
CRITICAL:strat7:2022-12-10 22:08:34,026:13636: No my_buy_price unavailable
CRITICAL:strat7:2022-12-10 22:08:35,873:13636: No my_buy_price unavailable
CRITICAL:strat7:2022-12-10 22:08:58,611:13640: Yes my_avgbuy_price unavailable
CRITICAL:strat7:2022-12-10 22:09:01,732:13640: Yes my_avgbuy_price unavailable
CRITICAL:strat7:2022-12-10 22:10:17,148:13643: No my_buy_price unavailable
CRITICAL:strat7:2022-12-10 22:10:19,706:13643: No my_buy_price unavailable
CRITICAL:strat7:2022-12-10 22:12:33,883:13635: No my_buy_price unavailable
CRITICAL:strat7:2022-12-10 22:12:35,664:13635: No my_buy_price unavailable
CRITICAL:strat7:2022-12-10 22:12:57,978:13636: No my_buy_price unavailable
CRITICAL:strat7:2022-12-10 22:12:59,763:13636: No my_buy_price unavailable
CRITICAL:strat7:2022-12-10 22:13:22,277:13640: Yes my_avgbuy_price unavailable
CRITICAL:strat7:2022-12-10 22:13:25,445:13640: Yes my_avgbuy_price unavailable
CRITICAL:strat7:2022-12-10 22:14:38,108:13643: No my_buy_price unavailable
CRITICAL:strat7:2022-12-10 22:14:40,679:13643: No my_buy_price unavailable
CRITICAL:strat7:2022-12-10 22:15:24,482:13645: Yes my_avgbuy_price unavailable
CRITICAL:strat7:2022-12-10 22:15:30,289:13645: Yes my_avgbuy_price unavailable
CRITICAL:strat7:2022-12-10 22:16:56,319:13635: No my_buy_price unavailable
CRITICAL:strat7:2022-12-10 22:16:58,094:13635: No my_buy_price unavailable
CRITICAL:strat7:2022-12-10 22:17:19,801:13636: No my_buy_price unavailable
CRITICAL:strat7:2022-12-10 22:17:21,476:13636: No my_buy_price unavailable
CRITICAL:strat7:2022-12-10 22:17:43,494:13640: No my_buy_price unavailable
CRITICAL:strat7:2022-12-10 22:17:46,923:13640: No my_buy_price unavailable
CRITICAL:strat7:2022-12-10 22:18:59,809:13643: No my_buy_price unavailable
CRITICAL:strat7:2022-12-10 22:19:02,387:13643: No my_buy_price unavailable
CRITICAL:strat7:2022-12-10 22:19:26,502:13644: No my_buy_price unavailable
CRITICAL:strat7:2022-12-10 22:19:29,566:13644: No my_buy_price unavailable
CRITICAL:strat7:2022-12-10 22:21:20,046:13635: No my_buy_price unavailable
CRITICAL:strat7:2022-12-10 22:21:21,832:13635: No my_buy_price unavailable
CRITICAL:strat7:2022-12-10 22:21:43,454:13636: No my_buy_price unavailable
CRITICAL:strat7:2022-12-10 22:21:45,335:13636: No my_buy_price unavailable
CRITICAL:strat7:2022-12-10 22:22:07,127:13640: No my_buy_price unavailable
CRITICAL:strat7:2022-12-10 22:22:08,944:13640: No my_buy_price unavailable
CRITICAL:strat7:2022-12-10 22:23:24,862:13643: No my_buy_price unavailable
CRITICAL:strat7:2022-12-10 22:23:27,228:13643: No my_buy_price unavailable
CRITICAL:strat7:2022-12-10 22:23:50,226:13644: No my_buy_price unavailable
CRITICAL:strat7:2022-12-10 22:23:53,304:13644: No my_buy_price unavailable
CRITICAL:strat7:2022-12-10 22:25:44,499:13635: No my_buy_price unavailable
CRITICAL:strat7:2022-12-10 22:25:46,313:13635: No my_buy_price unavailable
CRITICAL:strat7:2022-12-10 22:26:08,290:13636: No my_buy_price unavailable
CRITICAL:strat7:2022-12-10 22:26:10,082:13636: No my_buy_price unavailable
CRITICAL:strat7:2022-12-10 22:26:32,407:13640: No my_buy_price unavailable
CRITICAL:strat7:2022-12-10 22:26:34,302:13640: No my_buy_price unavailable
CRITICAL:strat7:2022-12-10 22:27:52,471:13643: No my_buy_price unavailable
CRITICAL:strat7:2022-12-10 22:27:55,065:13643: No my_buy_price unavailable
CRITICAL:strat7:2022-12-10 22:28:17,801:13644: No my_buy_price unavailable
CRITICAL:strat7:2022-12-10 22:28:20,789:13644: No my_buy_price unavailable
CRITICAL:strat7:2022-12-10 22:28:44,091:13645: No my_buy_price unavailable
CRITICAL:strat7:2022-12-10 22:28:47,140:13645: No my_buy_price unavailable
CRITICAL:strat7:2022-12-10 22:30:09,027:13635: No my_buy_price unavailable
CRITICAL:strat7:2022-12-10 22:30:10,729:13635: No my_buy_price unavailable
CRITICAL:strat7:2022-12-10 22:30:33,323:13636: No my_buy_price unavailable
CRITICAL:strat7:2022-12-10 22:30:35,093:13636: No my_buy_price unavailable
CRITICAL:strat7:2022-12-10 22:30:56,725:13640: No my_buy_price unavailable
CRITICAL:strat7:2022-12-10 22:30:58,527:13640: No my_buy_price unavailable
CRITICAL:strat7:2022-12-10 22:32:09,800:13643: Yes my_avgbuy_price unavailable
CRITICAL:strat7:2022-12-10 22:32:13,025:13643: Yes my_avgbuy_price unavailable
CRITICAL:strat7:2022-12-10 22:32:36,733:13644: No my_buy_price unavailable
CRITICAL:strat7:2022-12-10 22:32:39,662:13644: No my_buy_price unavailable
CRITICAL:strat7:2022-12-10 22:33:07,578:13645: No my_buy_price unavailable
CRITICAL:strat7:2022-12-10 22:33:10,004:13645: No my_buy_price unavailable
CRITICAL:strat7:2022-12-10 22:34:32,736:13635: No my_buy_price unavailable
CRITICAL:strat7:2022-12-10 22:34:34,535:13635: No my_buy_price unavailable
CRITICAL:strat7:2022-12-10 22:34:55,883:13636: No my_buy_price unavailable
CRITICAL:strat7:2022-12-10 22:34:57,581:13636: No my_buy_price unavailable
CRITICAL:strat7:2022-12-10 22:35:19,111:13640: No my_buy_price unavailable
CRITICAL:strat7:2022-12-10 22:35:20,838:13640: No my_buy_price unavailable
CRITICAL:strat7:2022-12-10 22:36:36,246:13643: No my_buy_price unavailable
CRITICAL:strat7:2022-12-10 22:36:38,771:13643: No my_buy_price unavailable
CRITICAL:strat7:2022-12-10 22:37:01,347:13644: No my_buy_price unavailable
CRITICAL:strat7:2022-12-10 22:37:04,418:13644: No my_buy_price unavailable
CRITICAL:strat7:2022-12-10 22:37:30,923:13645: No my_buy_price unavailable
CRITICAL:strat7:2022-12-10 22:37:33,393:13645: No my_buy_price unavailable
CRITICAL:strat7:2022-12-10 22:38:55,645:13635: No my_buy_price unavailable
CRITICAL:strat7:2022-12-10 22:38:57,370:13635: No my_buy_price unavailable
CRITICAL:strat7:2022-12-10 22:39:18,763:13636: No my_buy_price unavailable
CRITICAL:strat7:2022-12-10 22:39:20,558:13636: No my_buy_price unavailable
CRITICAL:strat7:2022-12-10 22:39:42,114:13640: No my_buy_price unavailable
CRITICAL:strat7:2022-12-10 22:39:43,861:13640: No my_buy_price unavailable
CRITICAL:strat7:2022-12-10 22:40:57,174:13643: No my_buy_price unavailable
CRITICAL:strat7:2022-12-10 22:40:59,739:13643: No my_buy_price unavailable
CRITICAL:strat7:2022-12-10 22:41:26,176:13644: No my_buy_price unavailable
CRITICAL:strat7:2022-12-10 22:41:28,692:13644: No my_buy_price unavailable
CRITICAL:strat7:2022-12-10 22:41:50,253:13645: Yes my_avgbuy_price unavailable
CRITICAL:strat7:2022-12-10 22:41:56,194:13645: Yes my_avgbuy_price unavailable
CRITICAL:strat7:2022-12-10 22:43:19,610:13635: No my_buy_price unavailable
CRITICAL:strat7:2022-12-10 22:43:21,324:13635: No my_buy_price unavailable
CRITICAL:strat7:2022-12-10 22:43:43,258:13636: No my_buy_price unavailable
CRITICAL:strat7:2022-12-10 22:43:45,028:13636: No my_buy_price unavailable
CRITICAL:strat7:2022-12-10 22:44:08,140:13640: No my_buy_price unavailable
CRITICAL:strat7:2022-12-10 22:44:09,983:13640: No my_buy_price unavailable
CRITICAL:strat7:2022-12-10 22:45:49,872:13644: No my_buy_price unavailable
CRITICAL:strat7:2022-12-10 22:45:52,960:13644: No my_buy_price unavailable
CRITICAL:strat7:2022-12-10 22:46:14,022:13645: Yes my_avgbuy_price unavailable
CRITICAL:strat7:2022-12-10 22:46:15,775:13645: Yes my_avgbuy_price unavailable
CRITICAL:strat7:2022-12-10 22:47:37,555:13635: No my_buy_price unavailable
CRITICAL:strat7:2022-12-10 22:47:39,409:13635: No my_buy_price unavailable
CRITICAL:strat7:2022-12-10 22:48:01,828:13636: No my_buy_price unavailable
CRITICAL:strat7:2022-12-10 22:48:03,831:13636: No my_buy_price unavailable
CRITICAL:strat7:2022-12-10 22:48:25,334:13640: No my_buy_price unavailable
CRITICAL:strat7:2022-12-10 22:48:27,129:13640: No my_buy_price unavailable
CRITICAL:strat7:2022-12-10 22:50:04,168:13644: No my_buy_price unavailable
CRITICAL:strat7:2022-12-10 22:50:07,342:13644: No my_buy_price unavailable
CRITICAL:strat7:2022-12-10 22:50:29,196:13645: Yes my_avgbuy_price unavailable
CRITICAL:strat7:2022-12-10 22:50:31,004:13645: Yes my_avgbuy_price unavailable
CRITICAL:strat7:2022-12-10 22:51:52,785:13635: No my_buy_price unavailable
CRITICAL:strat7:2022-12-10 22:51:54,586:13635: No my_buy_price unavailable
CRITICAL:strat7:2022-12-10 22:52:15,891:13636: No my_buy_price unavailable
CRITICAL:strat7:2022-12-10 22:52:17,742:13636: No my_buy_price unavailable
CRITICAL:strat7:2022-12-10 22:52:39,762:13640: No my_buy_price unavailable
CRITICAL:strat7:2022-12-10 22:52:41,619:13640: No my_buy_price unavailable
CRITICAL:strat7:2022-12-10 22:54:00,200:13643: No my_buy_price unavailable
CRITICAL:strat7:2022-12-10 22:54:02,721:13643: No my_buy_price unavailable
CRITICAL:strat7:2022-12-10 22:54:25,779:13644: No my_buy_price unavailable
CRITICAL:strat7:2022-12-10 22:54:29,036:13644: No my_buy_price unavailable
CRITICAL:strat7:2022-12-10 22:54:50,583:13645: Yes my_avgbuy_price unavailable
CRITICAL:strat7:2022-12-10 22:54:52,460:13645: Yes my_avgbuy_price unavailable
CRITICAL:strat7:2022-12-10 22:56:14,404:13635: No my_buy_price unavailable
CRITICAL:strat7:2022-12-10 22:56:16,213:13635: No my_buy_price unavailable
CRITICAL:strat7:2022-12-10 22:56:38,129:13636: No my_buy_price unavailable
CRITICAL:strat7:2022-12-10 22:56:40,030:13636: No my_buy_price unavailable
CRITICAL:strat7:2022-12-10 22:57:02,352:13640: No my_buy_price unavailable
CRITICAL:strat7:2022-12-10 22:57:04,143:13640: No my_buy_price unavailable
CRITICAL:strat7:2022-12-10 22:58:24,727:13643: Yes my_avgbuy_price unavailable
CRITICAL:strat7:2022-12-10 22:58:27,942:13643: Yes my_avgbuy_price unavailable
CRITICAL:strat7:2022-12-10 22:58:52,303:13644: No my_buy_price unavailable
CRITICAL:strat7:2022-12-10 22:58:55,272:13644: No my_buy_price unavailable
CRITICAL:strat7:2022-12-10 22:59:18,143:13645: Yes my_avgbuy_price unavailable
CRITICAL:strat7:2022-12-10 22:59:20,144:13645: Yes my_avgbuy_price unavailable
