INFO:strat7:2022-12-09 15:37:09,875:13558: Initialising event
CRITICAL:strat7:2022-12-09 15:37:27,028:13558: No my_buy_price unavailable
WARNING:strat7:2022-12-09 15:37:28,762:13558: last_values_dict empty
INFO:strat7:2022-12-09 15:37:34,653:13559: Initialising event
CRITICAL:strat7:2022-12-09 15:37:55,763:13559: No my_buy_price unavailable
WARNING:strat7:2022-12-09 15:37:57,626:13559: last_values_dict empty
INFO:strat7:2022-12-09 15:38:03,644:13560: Initialising event
CRITICAL:strat7:2022-12-09 15:38:25,978:13560: No my_buy_price unavailable
WARNING:strat7:2022-12-09 15:38:27,798:13560: last_values_dict empty
INFO:strat7:2022-12-09 15:38:34,126:13561: Initialising event
CRITICAL:strat7:2022-12-09 15:38:55,497:13561: No my_buy_price unavailable
WARNING:strat7:2022-12-09 15:38:57,362:13561: last_values_dict empty
ERROR:strat7:2022-12-09 15:39:17,287:cannot convert float NaN to integer
Traceback (most recent call last):
  File "D:\Synced folder 2\tradex_opinionTrading\codes_2\strat7.py", line 143, in __set_getoutsellpricediff
    self.yesfp_std = int(df["yesfp"].std())
ValueError: cannot convert float NaN to integer
ERROR:strat7:2022-12-09 15:39:33,411:cannot convert float NaN to integer
Traceback (most recent call last):
  File "D:\Synced folder 2\tradex_opinionTrading\codes_2\strat7.py", line 143, in __set_getoutsellpricediff
    self.yesfp_std = int(df["yesfp"].std())
ValueError: cannot convert float NaN to integer
ERROR:strat7:2022-12-09 15:39:47,572:cannot convert float NaN to integer
Traceback (most recent call last):
  File "D:\Synced folder 2\tradex_opinionTrading\codes_2\strat7.py", line 143, in __set_getoutsellpricediff
    self.yesfp_std = int(df["yesfp"].std())
ValueError: cannot convert float NaN to integer
ERROR:strat7:2022-12-09 15:40:01,539:cannot convert float NaN to integer
Traceback (most recent call last):
  File "D:\Synced folder 2\tradex_opinionTrading\codes_2\strat7.py", line 143, in __set_getoutsellpricediff
    self.yesfp_std = int(df["yesfp"].std())
ValueError: cannot convert float NaN to integer
ERROR:strat7:2022-12-09 15:41:17,042:cannot convert float NaN to integer
Traceback (most recent call last):
  File "D:\Synced folder 2\tradex_opinionTrading\codes_2\strat7.py", line 143, in __set_getoutsellpricediff
    self.yesfp_std = int(df["yesfp"].std())
ValueError: cannot convert float NaN to integer
ERROR:strat7:2022-12-09 15:41:32,699:cannot convert float NaN to integer
Traceback (most recent call last):
  File "D:\Synced folder 2\tradex_opinionTrading\codes_2\strat7.py", line 143, in __set_getoutsellpricediff
    self.yesfp_std = int(df["yesfp"].std())
ValueError: cannot convert float NaN to integer
ERROR:strat7:2022-12-09 15:41:47,818:cannot convert float NaN to integer
Traceback (most recent call last):
  File "D:\Synced folder 2\tradex_opinionTrading\codes_2\strat7.py", line 143, in __set_getoutsellpricediff
    self.yesfp_std = int(df["yesfp"].std())
ValueError: cannot convert float NaN to integer
ERROR:strat7:2022-12-09 15:42:02,605:cannot convert float NaN to integer
Traceback (most recent call last):
  File "D:\Synced folder 2\tradex_opinionTrading\codes_2\strat7.py", line 143, in __set_getoutsellpricediff
    self.yesfp_std = int(df["yesfp"].std())
ValueError: cannot convert float NaN to integer
ERROR:strat7:2022-12-09 15:43:16,970:cannot convert float NaN to integer
Traceback (most recent call last):
  File "D:\Synced folder 2\tradex_opinionTrading\codes_2\strat7.py", line 143, in __set_getoutsellpricediff
    self.yesfp_std = int(df["yesfp"].std())
ValueError: cannot convert float NaN to integer
ERROR:strat7:2022-12-09 15:43:30,828:cannot convert float NaN to integer
Traceback (most recent call last):
  File "D:\Synced folder 2\tradex_opinionTrading\codes_2\strat7.py", line 143, in __set_getoutsellpricediff
    self.yesfp_std = int(df["yesfp"].std())
ValueError: cannot convert float NaN to integer
ERROR:strat7:2022-12-09 15:43:45,577:cannot convert float NaN to integer
Traceback (most recent call last):
  File "D:\Synced folder 2\tradex_opinionTrading\codes_2\strat7.py", line 143, in __set_getoutsellpricediff
    self.yesfp_std = int(df["yesfp"].std())
ValueError: cannot convert float NaN to integer
ERROR:strat7:2022-12-09 15:43:59,704:cannot convert float NaN to integer
Traceback (most recent call last):
  File "D:\Synced folder 2\tradex_opinionTrading\codes_2\strat7.py", line 143, in __set_getoutsellpricediff
    self.yesfp_std = int(df["yesfp"].std())
ValueError: cannot convert float NaN to integer
ERROR:strat7:2022-12-09 15:45:14,229:cannot convert float NaN to integer
Traceback (most recent call last):
  File "D:\Synced folder 2\tradex_opinionTrading\codes_2\strat7.py", line 143, in __set_getoutsellpricediff
    self.yesfp_std = int(df["yesfp"].std())
ValueError: cannot convert float NaN to integer
ERROR:strat7:2022-12-09 15:45:30,462:cannot convert float NaN to integer
Traceback (most recent call last):
  File "D:\Synced folder 2\tradex_opinionTrading\codes_2\strat7.py", line 143, in __set_getoutsellpricediff
    self.yesfp_std = int(df["yesfp"].std())
ValueError: cannot convert float NaN to integer
ERROR:strat7:2022-12-09 15:45:46,002:cannot convert float NaN to integer
Traceback (most recent call last):
  File "D:\Synced folder 2\tradex_opinionTrading\codes_2\strat7.py", line 143, in __set_getoutsellpricediff
    self.yesfp_std = int(df["yesfp"].std())
ValueError: cannot convert float NaN to integer
ERROR:strat7:2022-12-09 15:45:59,088:cannot convert float NaN to integer
Traceback (most recent call last):
  File "D:\Synced folder 2\tradex_opinionTrading\codes_2\strat7.py", line 143, in __set_getoutsellpricediff
    self.yesfp_std = int(df["yesfp"].std())
ValueError: cannot convert float NaN to integer
ERROR:strat7:2022-12-09 15:47:15,862:cannot convert float NaN to integer
Traceback (most recent call last):
  File "D:\Synced folder 2\tradex_opinionTrading\codes_2\strat7.py", line 143, in __set_getoutsellpricediff
    self.yesfp_std = int(df["yesfp"].std())
ValueError: cannot convert float NaN to integer
ERROR:strat7:2022-12-09 15:47:31,792:cannot convert float NaN to integer
Traceback (most recent call last):
  File "D:\Synced folder 2\tradex_opinionTrading\codes_2\strat7.py", line 143, in __set_getoutsellpricediff
    self.yesfp_std = int(df["yesfp"].std())
ValueError: cannot convert float NaN to integer
ERROR:strat7:2022-12-09 15:47:45,712:cannot convert float NaN to integer
Traceback (most recent call last):
  File "D:\Synced folder 2\tradex_opinionTrading\codes_2\strat7.py", line 143, in __set_getoutsellpricediff
    self.yesfp_std = int(df["yesfp"].std())
ValueError: cannot convert float NaN to integer
ERROR:strat7:2022-12-09 15:48:00,855:cannot convert float NaN to integer
Traceback (most recent call last):
  File "D:\Synced folder 2\tradex_opinionTrading\codes_2\strat7.py", line 143, in __set_getoutsellpricediff
    self.yesfp_std = int(df["yesfp"].std())
ValueError: cannot convert float NaN to integer
ERROR:strat7:2022-12-09 15:49:16,996:cannot convert float NaN to integer
Traceback (most recent call last):
  File "D:\Synced folder 2\tradex_opinionTrading\codes_2\strat7.py", line 143, in __set_getoutsellpricediff
    self.yesfp_std = int(df["yesfp"].std())
ValueError: cannot convert float NaN to integer
ERROR:strat7:2022-12-09 15:49:33,703:cannot convert float NaN to integer
Traceback (most recent call last):
  File "D:\Synced folder 2\tradex_opinionTrading\codes_2\strat7.py", line 143, in __set_getoutsellpricediff
    self.yesfp_std = int(df["yesfp"].std())
ValueError: cannot convert float NaN to integer
ERROR:strat7:2022-12-09 15:49:49,068:cannot convert float NaN to integer
Traceback (most recent call last):
  File "D:\Synced folder 2\tradex_opinionTrading\codes_2\strat7.py", line 143, in __set_getoutsellpricediff
    self.yesfp_std = int(df["yesfp"].std())
ValueError: cannot convert float NaN to integer
ERROR:strat7:2022-12-09 15:50:05,153:cannot convert float NaN to integer
Traceback (most recent call last):
  File "D:\Synced folder 2\tradex_opinionTrading\codes_2\strat7.py", line 143, in __set_getoutsellpricediff
    self.yesfp_std = int(df["yesfp"].std())
ValueError: cannot convert float NaN to integer
ERROR:strat7:2022-12-09 15:51:20,425:cannot convert float NaN to integer
Traceback (most recent call last):
  File "D:\Synced folder 2\tradex_opinionTrading\codes_2\strat7.py", line 143, in __set_getoutsellpricediff
    self.yesfp_std = int(df["yesfp"].std())
ValueError: cannot convert float NaN to integer
ERROR:strat7:2022-12-09 15:51:35,420:cannot convert float NaN to integer
Traceback (most recent call last):
  File "D:\Synced folder 2\tradex_opinionTrading\codes_2\strat7.py", line 143, in __set_getoutsellpricediff
    self.yesfp_std = int(df["yesfp"].std())
ValueError: cannot convert float NaN to integer
ERROR:strat7:2022-12-09 15:51:50,973:cannot convert float NaN to integer
Traceback (most recent call last):
  File "D:\Synced folder 2\tradex_opinionTrading\codes_2\strat7.py", line 143, in __set_getoutsellpricediff
    self.yesfp_std = int(df["yesfp"].std())
ValueError: cannot convert float NaN to integer
ERROR:strat7:2022-12-09 15:52:07,549:cannot convert float NaN to integer
Traceback (most recent call last):
  File "D:\Synced folder 2\tradex_opinionTrading\codes_2\strat7.py", line 143, in __set_getoutsellpricediff
    self.yesfp_std = int(df["yesfp"].std())
ValueError: cannot convert float NaN to integer
INFO:strat7:2022-12-09 15:53:32,313:13558: Initialising event
CRITICAL:strat7:2022-12-09 15:53:52,335:13558: Yes my_avgbuy_price unavailable
WARNING:strat7:2022-12-09 15:53:54,126:13558: last_values_dict empty
INFO:strat7:2022-12-09 15:53:59,744:13559: Initialising event
CRITICAL:strat7:2022-12-09 15:54:21,979:13559: No my_buy_price unavailable
WARNING:strat7:2022-12-09 15:54:24,012:13559: last_values_dict empty
INFO:strat7:2022-12-09 15:54:29,920:13560: Initialising event
CRITICAL:strat7:2022-12-09 15:54:56,385:13560: No my_buy_price unavailable
WARNING:strat7:2022-12-09 15:54:58,289:13560: last_values_dict empty
INFO:strat7:2022-12-09 15:55:03,929:13561: Initialising event
CRITICAL:strat7:2022-12-09 15:55:27,026:13561: No my_buy_price unavailable
WARNING:strat7:2022-12-09 15:55:29,072:13561: last_values_dict empty
CRITICAL:strat7:2022-12-09 15:55:50,321:13558: Yes my_avgbuy_price unavailable
CRITICAL:strat7:2022-12-09 15:55:52,822:13558: Yes my_avgbuy_price unavailable
CRITICAL:strat7:2022-12-09 15:56:16,697:13559: No my_buy_price unavailable
CRITICAL:strat7:2022-12-09 15:56:20,197:13559: No my_buy_price unavailable
CRITICAL:strat7:2022-12-09 15:56:43,604:13560: No my_buy_price unavailable
CRITICAL:strat7:2022-12-09 15:56:46,860:13560: No my_buy_price unavailable
CRITICAL:strat7:2022-12-09 15:57:10,552:13561: No my_buy_price unavailable
CRITICAL:strat7:2022-12-09 15:57:14,483:13561: No my_buy_price unavailable
CRITICAL:strat7:2022-12-09 15:58:37,513:13558: No my_buy_price unavailable
CRITICAL:strat7:2022-12-09 15:58:40,839:13558: No my_buy_price unavailable
CRITICAL:strat7:2022-12-09 15:59:04,026:13559: No my_buy_price unavailable
CRITICAL:strat7:2022-12-09 15:59:07,192:13559: No my_buy_price unavailable
CRITICAL:strat7:2022-12-09 15:59:27,148:13560: No my_buy_price unavailable
CRITICAL:strat7:2022-12-09 15:59:30,396:13560: No my_buy_price unavailable
CRITICAL:strat7:2022-12-09 15:59:53,821:13561: No my_buy_price unavailable
CRITICAL:strat7:2022-12-09 15:59:56,998:13561: No my_buy_price unavailable
CRITICAL:strat7:2022-12-09 16:01:19,911:13558: No my_buy_price unavailable
CRITICAL:strat7:2022-12-09 16:01:22,103:13558: No my_buy_price unavailable
CRITICAL:strat7:2022-12-09 16:01:44,035:13559: No my_buy_price unavailable
CRITICAL:strat7:2022-12-09 16:01:47,129:13559: No my_buy_price unavailable
CRITICAL:strat7:2022-12-09 16:02:12,708:13560: No my_buy_price unavailable
CRITICAL:strat7:2022-12-09 16:02:15,132:13560: No my_buy_price unavailable
CRITICAL:strat7:2022-12-09 16:02:39,744:13561: No my_buy_price unavailable
CRITICAL:strat7:2022-12-09 16:02:42,768:13561: No my_buy_price unavailable
CRITICAL:strat7:2022-12-09 16:04:03,583:13558: No my_buy_price unavailable
CRITICAL:strat7:2022-12-09 16:04:05,382:13558: No my_buy_price unavailable
CRITICAL:strat7:2022-12-09 16:04:27,463:13559: No my_buy_price unavailable
CRITICAL:strat7:2022-12-09 16:04:30,513:13559: No my_buy_price unavailable
CRITICAL:strat7:2022-12-09 16:04:51,646:13560: No my_buy_price unavailable
CRITICAL:strat7:2022-12-09 16:04:54,245:13560: No my_buy_price unavailable
CRITICAL:strat7:2022-12-09 16:05:16,842:13561: No my_buy_price unavailable
CRITICAL:strat7:2022-12-09 16:05:20,493:13561: No my_buy_price unavailable
CRITICAL:strat7:2022-12-09 16:06:42,549:13558: No my_buy_price unavailable
CRITICAL:strat7:2022-12-09 16:06:44,368:13558: No my_buy_price unavailable
CRITICAL:strat7:2022-12-09 16:07:08,540:13559: No my_buy_price unavailable
CRITICAL:strat7:2022-12-09 16:07:11,707:13559: No my_buy_price unavailable
CRITICAL:strat7:2022-12-09 16:07:33,579:13560: No my_buy_price unavailable
CRITICAL:strat7:2022-12-09 16:07:36,157:13560: No my_buy_price unavailable
CRITICAL:strat7:2022-12-09 16:08:03,947:13561: No my_buy_price unavailable
CRITICAL:strat7:2022-12-09 16:08:06,595:13561: No my_buy_price unavailable
CRITICAL:strat7:2022-12-09 16:09:28,518:13558: No my_buy_price unavailable
CRITICAL:strat7:2022-12-09 16:09:30,294:13558: No my_buy_price unavailable
CRITICAL:strat7:2022-12-09 16:09:54,553:13559: No my_buy_price unavailable
CRITICAL:strat7:2022-12-09 16:09:57,527:13559: No my_buy_price unavailable
CRITICAL:strat7:2022-12-09 16:10:20,671:13560: No my_buy_price unavailable
CRITICAL:strat7:2022-12-09 16:10:23,212:13560: No my_buy_price unavailable
CRITICAL:strat7:2022-12-09 16:10:46,802:13561: No my_buy_price unavailable
CRITICAL:strat7:2022-12-09 16:10:49,855:13561: No my_buy_price unavailable
CRITICAL:strat7:2022-12-09 16:12:11,694:13558: No my_buy_price unavailable
CRITICAL:strat7:2022-12-09 16:12:13,485:13558: No my_buy_price unavailable
CRITICAL:strat7:2022-12-09 16:12:36,746:13559: No my_buy_price unavailable
CRITICAL:strat7:2022-12-09 16:12:39,873:13559: No my_buy_price unavailable
CRITICAL:strat7:2022-12-09 16:13:03,408:13560: No my_buy_price unavailable
CRITICAL:strat7:2022-12-09 16:13:05,906:13560: No my_buy_price unavailable
CRITICAL:strat7:2022-12-09 16:13:29,384:13561: No my_buy_price unavailable
CRITICAL:strat7:2022-12-09 16:13:32,501:13561: No my_buy_price unavailable
CRITICAL:strat7:2022-12-09 16:14:54,773:13558: No my_buy_price unavailable
CRITICAL:strat7:2022-12-09 16:14:56,624:13558: No my_buy_price unavailable
CRITICAL:strat7:2022-12-09 16:15:18,711:13559: No my_buy_price unavailable
CRITICAL:strat7:2022-12-09 16:15:21,860:13559: No my_buy_price unavailable
CRITICAL:strat7:2022-12-09 16:15:44,396:13560: No my_buy_price unavailable
CRITICAL:strat7:2022-12-09 16:15:46,896:13560: No my_buy_price unavailable
CRITICAL:strat7:2022-12-09 16:16:10,217:13561: No my_buy_price unavailable
CRITICAL:strat7:2022-12-09 16:16:13,223:13561: No my_buy_price unavailable
CRITICAL:strat7:2022-12-09 16:17:35,998:13558: No my_buy_price unavailable
CRITICAL:strat7:2022-12-09 16:17:37,728:13558: No my_buy_price unavailable
CRITICAL:strat7:2022-12-09 16:18:02,940:13559: No my_buy_price unavailable
CRITICAL:strat7:2022-12-09 16:18:06,304:13559: No my_buy_price unavailable
CRITICAL:strat7:2022-12-09 16:18:28,543:13560: No my_buy_price unavailable
CRITICAL:strat7:2022-12-09 16:18:31,173:13560: No my_buy_price unavailable
CRITICAL:strat7:2022-12-09 16:18:54,282:13561: No my_buy_price unavailable
CRITICAL:strat7:2022-12-09 16:18:57,776:13561: No my_buy_price unavailable
CRITICAL:strat7:2022-12-09 16:20:18,324:13558: Yes my_avgbuy_price unavailable
CRITICAL:strat7:2022-12-09 16:20:20,992:13558: Yes my_avgbuy_price unavailable
CRITICAL:strat7:2022-12-09 16:20:43,449:13559: No my_buy_price unavailable
CRITICAL:strat7:2022-12-09 16:20:46,485:13559: No my_buy_price unavailable
CRITICAL:strat7:2022-12-09 16:21:11,088:13560: No my_buy_price unavailable
CRITICAL:strat7:2022-12-09 16:21:16,140:13560: No my_buy_price unavailable
CRITICAL:strat7:2022-12-09 16:21:37,840:13561: No my_buy_price unavailable
CRITICAL:strat7:2022-12-09 16:21:40,254:13561: No my_buy_price unavailable
CRITICAL:strat7:2022-12-09 16:23:01,435:13558: No my_buy_price unavailable
CRITICAL:strat7:2022-12-09 16:23:05,906:13558: No my_buy_price unavailable
CRITICAL:strat7:2022-12-09 16:23:28,382:13559: No my_buy_price unavailable
CRITICAL:strat7:2022-12-09 16:23:31,439:13559: No my_buy_price unavailable
CRITICAL:strat7:2022-12-09 16:24:17,760:13561: No my_buy_price unavailable
CRITICAL:strat7:2022-12-09 16:24:20,230:13561: No my_buy_price unavailable
CRITICAL:strat7:2022-12-09 16:25:42,976:13558: No my_buy_price unavailable
CRITICAL:strat7:2022-12-09 16:25:48,866:13558: No my_buy_price unavailable
CRITICAL:strat7:2022-12-09 16:26:12,664:13559: No my_buy_price unavailable
CRITICAL:strat7:2022-12-09 16:26:15,770:13559: No my_buy_price unavailable
CRITICAL:strat7:2022-12-09 16:26:59,812:13561: No my_buy_price unavailable
CRITICAL:strat7:2022-12-09 16:27:02,406:13561: No my_buy_price unavailable
CRITICAL:strat7:2022-12-09 16:29:37,995:13561: No my_buy_price unavailable
CRITICAL:strat7:2022-12-09 16:29:40,445:13561: No my_buy_price unavailable
CRITICAL:strat7:2022-12-09 16:32:10,909:13561: No my_buy_price unavailable
CRITICAL:strat7:2022-12-09 16:32:13,433:13561: No my_buy_price unavailable
CRITICAL:strat7:2022-12-09 16:34:44,252:13561: No my_buy_price unavailable
CRITICAL:strat7:2022-12-09 16:34:46,775:13561: No my_buy_price unavailable
CRITICAL:strat7:2022-12-09 16:37:12,051:13561: No my_buy_price unavailable
CRITICAL:strat7:2022-12-09 16:37:14,531:13561: No my_buy_price unavailable
CRITICAL:strat7:2022-12-09 16:41:31,012:13559: No my_buy_price unavailable
CRITICAL:strat7:2022-12-09 16:41:33,570:13559: No my_buy_price unavailable
CRITICAL:strat7:2022-12-09 16:43:59,820:13559: No my_buy_price unavailable
CRITICAL:strat7:2022-12-09 16:44:03,385:13559: No my_buy_price unavailable
CRITICAL:strat7:2022-12-09 16:46:34,215:13559: No my_buy_price unavailable
CRITICAL:strat7:2022-12-09 16:46:37,970:13559: No my_buy_price unavailable
CRITICAL:strat7:2022-12-09 16:49:05,730:13559: No my_buy_price unavailable
CRITICAL:strat7:2022-12-09 16:49:08,722:13559: No my_buy_price unavailable
CRITICAL:strat7:2022-12-09 16:51:32,754:13559: No my_buy_price unavailable
CRITICAL:strat7:2022-12-09 16:51:36,051:13559: No my_buy_price unavailable
CRITICAL:strat7:2022-12-09 16:54:11,921:13559: No my_buy_price unavailable
CRITICAL:strat7:2022-12-09 16:54:14,927:13559: No my_buy_price unavailable
CRITICAL:strat7:2022-12-09 16:56:44,278:13559: No my_buy_price unavailable
CRITICAL:strat7:2022-12-09 16:56:47,442:13559: No my_buy_price unavailable
CRITICAL:strat7:2022-12-09 16:57:34,443:13561: No my_buy_price unavailable
CRITICAL:strat7:2022-12-09 16:57:36,977:13561: No my_buy_price unavailable
CRITICAL:strat7:2022-12-09 16:59:24,505:13559: No my_buy_price unavailable
CRITICAL:strat7:2022-12-09 16:59:27,543:13559: No my_buy_price unavailable
CRITICAL:strat7:2022-12-09 17:00:14,530:13561: No my_buy_price unavailable
CRITICAL:strat7:2022-12-09 17:00:17,027:13561: No my_buy_price unavailable
CRITICAL:strat7:2022-12-09 17:02:03,372:13559: Yes my_avgbuy_price unavailable
CRITICAL:strat7:2022-12-09 17:02:07,903:13559: Yes my_avgbuy_price unavailable
CRITICAL:strat7:2022-12-09 17:02:59,638:13561: No my_buy_price unavailable
CRITICAL:strat7:2022-12-09 17:03:02,088:13561: No my_buy_price unavailable
CRITICAL:strat7:2022-12-09 17:04:47,534:13559: Yes my_avgbuy_price unavailable
CRITICAL:strat7:2022-12-09 17:04:50,601:13559: Yes my_avgbuy_price unavailable
CRITICAL:strat7:2022-12-09 17:05:35,282:13561: No my_buy_price unavailable
CRITICAL:strat7:2022-12-09 17:05:38,340:13561: No my_buy_price unavailable
CRITICAL:strat7:2022-12-09 17:07:21,634:13559: Yes my_avgbuy_price unavailable
CRITICAL:strat7:2022-12-09 17:07:24,649:13559: Yes my_avgbuy_price unavailable
CRITICAL:strat7:2022-12-09 17:08:09,825:13561: No my_buy_price unavailable
CRITICAL:strat7:2022-12-09 17:08:13,424:13561: No my_buy_price unavailable
CRITICAL:strat7:2022-12-09 17:10:03,573:13559: Yes my_avgbuy_price unavailable
CRITICAL:strat7:2022-12-09 17:10:06,290:13559: Yes my_avgbuy_price unavailable
CRITICAL:strat7:2022-12-09 17:10:56,311:13561: No my_buy_price unavailable
CRITICAL:strat7:2022-12-09 17:10:59,014:13561: No my_buy_price unavailable
CRITICAL:strat7:2022-12-09 17:12:45,066:13559: Yes my_avgbuy_price unavailable
CRITICAL:strat7:2022-12-09 17:12:47,694:13559: Yes my_avgbuy_price unavailable
CRITICAL:strat7:2022-12-09 17:15:20,474:13559: Yes my_avgbuy_price unavailable
CRITICAL:strat7:2022-12-09 17:15:23,160:13559: Yes my_avgbuy_price unavailable
CRITICAL:strat7:2022-12-09 17:23:35,665:13560: No my_buy_price unavailable
CRITICAL:strat7:2022-12-09 17:23:38,055:13560: No my_buy_price unavailable
CRITICAL:strat7:2022-12-09 17:26:14,609:13560: No my_buy_price unavailable
CRITICAL:strat7:2022-12-09 17:26:18,024:13560: No my_buy_price unavailable
CRITICAL:strat7:2022-12-09 17:28:59,674:13560: No my_buy_price unavailable
CRITICAL:strat7:2022-12-09 17:29:03,289:13560: No my_buy_price unavailable
CRITICAL:strat7:2022-12-09 17:31:37,022:13560: Yes my_avgbuy_price unavailable
CRITICAL:strat7:2022-12-09 17:31:41,116:13560: Yes my_avgbuy_price unavailable
CRITICAL:strat7:2022-12-09 17:34:20,231:13560: Yes my_avgbuy_price unavailable
CRITICAL:strat7:2022-12-09 17:34:22,955:13560: Yes my_avgbuy_price unavailable
CRITICAL:strat7:2022-12-09 17:36:58,577:13560: Yes my_avgbuy_price unavailable
CRITICAL:strat7:2022-12-09 17:37:01,237:13560: Yes my_avgbuy_price unavailable
CRITICAL:strat7:2022-12-09 17:37:25,300:13561: No my_buy_price unavailable
CRITICAL:strat7:2022-12-09 17:37:28,407:13561: No my_buy_price unavailable
CRITICAL:strat7:2022-12-09 17:39:35,207:13560: Yes my_avgbuy_price unavailable
CRITICAL:strat7:2022-12-09 17:39:37,701:13560: Yes my_avgbuy_price unavailable
CRITICAL:strat7:2022-12-09 17:40:01,976:13561: No my_buy_price unavailable
CRITICAL:strat7:2022-12-09 17:40:05,064:13561: No my_buy_price unavailable
CRITICAL:strat7:2022-12-09 17:42:13,141:13560: Yes my_avgbuy_price unavailable
CRITICAL:strat7:2022-12-09 17:42:15,817:13560: Yes my_avgbuy_price unavailable
CRITICAL:strat7:2022-12-09 17:42:39,664:13561: No my_buy_price unavailable
CRITICAL:strat7:2022-12-09 17:42:42,855:13561: No my_buy_price unavailable
CRITICAL:strat7:2022-12-09 17:44:51,597:13560: Yes my_avgbuy_price unavailable
CRITICAL:strat7:2022-12-09 17:44:54,191:13560: Yes my_avgbuy_price unavailable
CRITICAL:strat7:2022-12-09 17:45:18,373:13561: No my_buy_price unavailable
CRITICAL:strat7:2022-12-09 17:45:21,472:13561: No my_buy_price unavailable
CRITICAL:strat7:2022-12-09 17:47:28,419:13560: Yes my_avgbuy_price unavailable
CRITICAL:strat7:2022-12-09 17:47:30,962:13560: Yes my_avgbuy_price unavailable
CRITICAL:strat7:2022-12-09 17:47:54,733:13561: No my_buy_price unavailable
CRITICAL:strat7:2022-12-09 17:47:58,059:13561: No my_buy_price unavailable
CRITICAL:strat7:2022-12-09 17:50:05,312:13560: Yes my_avgbuy_price unavailable
CRITICAL:strat7:2022-12-09 17:50:07,866:13560: Yes my_avgbuy_price unavailable
CRITICAL:strat7:2022-12-09 17:50:31,831:13561: No my_buy_price unavailable
CRITICAL:strat7:2022-12-09 17:50:35,231:13561: No my_buy_price unavailable
CRITICAL:strat7:2022-12-09 17:52:41,410:13560: Yes my_avgbuy_price unavailable
CRITICAL:strat7:2022-12-09 17:52:44,212:13560: Yes my_avgbuy_price unavailable
CRITICAL:strat7:2022-12-09 17:53:07,362:13561: No my_buy_price unavailable
CRITICAL:strat7:2022-12-09 17:53:10,639:13561: No my_buy_price unavailable
CRITICAL:strat7:2022-12-09 17:55:19,213:13560: Yes my_avgbuy_price unavailable
CRITICAL:strat7:2022-12-09 17:55:21,924:13560: Yes my_avgbuy_price unavailable
CRITICAL:strat7:2022-12-09 17:55:45,951:13561: No my_buy_price unavailable
CRITICAL:strat7:2022-12-09 17:55:49,084:13561: No my_buy_price unavailable
CRITICAL:strat7:2022-12-09 17:58:24,517:13561: No my_buy_price unavailable
CRITICAL:strat7:2022-12-09 17:58:27,807:13561: No my_buy_price unavailable
CRITICAL:strat7:2022-12-09 18:00:16,205:13559: Yes my_avgbuy_price unavailable
CRITICAL:strat7:2022-12-09 18:00:18,897:13559: Yes my_avgbuy_price unavailable
CRITICAL:strat7:2022-12-09 18:01:06,682:13561: No my_buy_price unavailable
CRITICAL:strat7:2022-12-09 18:01:10,017:13561: No my_buy_price unavailable
CRITICAL:strat7:2022-12-09 18:02:54,921:13559: Yes my_avgbuy_price unavailable
CRITICAL:strat7:2022-12-09 18:02:57,673:13559: Yes my_avgbuy_price unavailable
CRITICAL:strat7:2022-12-09 18:03:46,736:13561: No my_buy_price unavailable
CRITICAL:strat7:2022-12-09 18:03:50,032:13561: No my_buy_price unavailable
CRITICAL:strat7:2022-12-09 18:05:44,615:13559: Yes my_avgbuy_price unavailable
CRITICAL:strat7:2022-12-09 18:06:31,203:13561: No my_buy_price unavailable
CRITICAL:strat7:2022-12-09 18:06:33,932:13561: No my_buy_price unavailable
CRITICAL:strat7:2022-12-09 18:08:22,470:13559: Yes my_avgbuy_price unavailable
CRITICAL:strat7:2022-12-09 18:08:25,056:13559: Yes my_avgbuy_price unavailable
CRITICAL:strat7:2022-12-09 18:11:02,680:13559: Yes my_avgbuy_price unavailable
CRITICAL:strat7:2022-12-09 18:11:05,369:13559: Yes my_avgbuy_price unavailable
CRITICAL:strat7:2022-12-09 18:11:53,030:13561: Yes my_avgbuy_price unavailable
CRITICAL:strat7:2022-12-09 18:11:57,194:13561: Yes my_avgbuy_price unavailable
CRITICAL:strat7:2022-12-09 18:13:47,771:13559: Yes my_avgbuy_price unavailable
CRITICAL:strat7:2022-12-09 18:13:50,336:13559: Yes my_avgbuy_price unavailable
CRITICAL:strat7:2022-12-09 18:19:10,702:13559: No my_buy_price unavailable
CRITICAL:strat7:2022-12-09 18:19:13,205:13559: No my_buy_price unavailable
CRITICAL:strat7:2022-12-09 18:21:43,179:13559: No my_buy_price unavailable
CRITICAL:strat7:2022-12-09 18:21:45,837:13559: No my_buy_price unavailable
CRITICAL:strat7:2022-12-09 18:24:18,676:13559: No my_buy_price unavailable
CRITICAL:strat7:2022-12-09 18:24:21,347:13559: No my_buy_price unavailable
CRITICAL:strat7:2022-12-09 18:24:46,922:13560: Yes my_avgbuy_price unavailable
CRITICAL:strat7:2022-12-09 18:24:49,512:13560: Yes my_avgbuy_price unavailable
CRITICAL:strat7:2022-12-09 18:26:57,561:13559: No my_buy_price unavailable
CRITICAL:strat7:2022-12-09 18:27:00,341:13559: No my_buy_price unavailable
CRITICAL:strat7:2022-12-09 18:27:58,862:13561: No my_buy_price unavailable
CRITICAL:strat7:2022-12-09 18:28:01,489:13561: No my_buy_price unavailable
CRITICAL:strat7:2022-12-09 18:29:50,952:13559: Yes my_avgbuy_price unavailable
CRITICAL:strat7:2022-12-09 18:29:55,826:13559: Yes my_avgbuy_price unavailable
CRITICAL:strat7:2022-12-09 18:30:45,067:13561: No my_buy_price unavailable
CRITICAL:strat7:2022-12-09 18:30:47,734:13561: No my_buy_price unavailable
CRITICAL:strat7:2022-12-09 18:32:39,245:13559: Yes my_avgbuy_price unavailable
CRITICAL:strat7:2022-12-09 18:32:41,888:13559: Yes my_avgbuy_price unavailable
CRITICAL:strat7:2022-12-09 18:33:07,534:13560: Yes my_avgbuy_price unavailable
CRITICAL:strat7:2022-12-09 18:33:10,076:13560: Yes my_avgbuy_price unavailable
CRITICAL:strat7:2022-12-09 18:33:34,492:13561: No my_buy_price unavailable
CRITICAL:strat7:2022-12-09 18:33:37,448:13561: No my_buy_price unavailable
CRITICAL:strat7:2022-12-09 18:35:05,012:13558: Yes my_avgbuy_price unavailable
CRITICAL:strat7:2022-12-09 18:35:07,535:13558: Yes my_avgbuy_price unavailable
CRITICAL:strat7:2022-12-09 18:37:52,647:13558: Yes my_avgbuy_price unavailable
CRITICAL:strat7:2022-12-09 18:37:55,777:13558: Yes my_avgbuy_price unavailable
CRITICAL:strat7:2022-12-09 18:38:42,981:13560: Yes my_avgbuy_price unavailable
CRITICAL:strat7:2022-12-09 18:38:46,088:13560: Yes my_avgbuy_price unavailable
CRITICAL:strat7:2022-12-09 18:40:38,634:13558: Yes my_avgbuy_price unavailable
CRITICAL:strat7:2022-12-09 18:40:41,204:13558: Yes my_avgbuy_price unavailable
CRITICAL:strat7:2022-12-09 18:41:07,494:13559: No my_buy_price unavailable
CRITICAL:strat7:2022-12-09 18:41:11,403:13559: No my_buy_price unavailable
CRITICAL:strat7:2022-12-09 18:43:23,513:13558: Yes my_avgbuy_price unavailable
CRITICAL:strat7:2022-12-09 18:43:25,912:13558: Yes my_avgbuy_price unavailable
CRITICAL:strat7:2022-12-09 18:43:47,262:13559: No my_buy_price unavailable
CRITICAL:strat7:2022-12-09 18:45:53,882:13558: Yes my_avgbuy_price unavailable
CRITICAL:strat7:2022-12-09 18:45:56,255:13558: Yes my_avgbuy_price unavailable
CRITICAL:strat7:2022-12-09 18:46:18,991:13559: No my_buy_price unavailable
CRITICAL:strat7:2022-12-09 18:46:21,560:13559: No my_buy_price unavailable
CRITICAL:strat7:2022-12-09 18:48:29,621:13558: Yes my_avgbuy_price unavailable
CRITICAL:strat7:2022-12-09 18:48:32,216:13558: Yes my_avgbuy_price unavailable
CRITICAL:strat7:2022-12-09 18:48:53,628:13559: No my_buy_price unavailable
CRITICAL:strat7:2022-12-09 18:48:56,179:13559: No my_buy_price unavailable
CRITICAL:strat7:2022-12-09 18:51:08,489:13558: Yes my_avgbuy_price unavailable
CRITICAL:strat7:2022-12-09 18:51:10,868:13558: Yes my_avgbuy_price unavailable
CRITICAL:strat7:2022-12-09 18:51:33,313:13559: No my_buy_price unavailable
CRITICAL:strat7:2022-12-09 18:51:35,746:13559: No my_buy_price unavailable
CRITICAL:strat7:2022-12-09 18:52:00,055:13560: No my_buy_price unavailable
CRITICAL:strat7:2022-12-09 18:52:02,512:13560: No my_buy_price unavailable
CRITICAL:strat7:2022-12-09 18:53:49,971:13558: Yes my_avgbuy_price unavailable
CRITICAL:strat7:2022-12-09 18:53:52,387:13558: Yes my_avgbuy_price unavailable
CRITICAL:strat7:2022-12-09 18:54:13,868:13559: No my_buy_price unavailable
CRITICAL:strat7:2022-12-09 18:54:16,341:13559: No my_buy_price unavailable
CRITICAL:strat7:2022-12-09 18:54:39,226:13560: No my_buy_price unavailable
CRITICAL:strat7:2022-12-09 18:54:42,185:13560: No my_buy_price unavailable
CRITICAL:strat7:2022-12-09 18:56:33,718:13558: Yes my_avgbuy_price unavailable
CRITICAL:strat7:2022-12-09 18:56:36,080:13558: Yes my_avgbuy_price unavailable
CRITICAL:strat7:2022-12-09 18:56:58,602:13559: No my_buy_price unavailable
CRITICAL:strat7:2022-12-09 18:57:01,609:13559: No my_buy_price unavailable
CRITICAL:strat7:2022-12-09 18:59:10,890:13558: Yes my_avgbuy_price unavailable
CRITICAL:strat7:2022-12-09 18:59:13,466:13558: Yes my_avgbuy_price unavailable
CRITICAL:strat7:2022-12-09 18:59:36,407:13559: No my_buy_price unavailable
CRITICAL:strat7:2022-12-09 18:59:39,810:13559: No my_buy_price unavailable
CRITICAL:strat7:2022-12-09 19:00:06,015:13560: Yes my_avgbuy_price unavailable
CRITICAL:strat7:2022-12-09 19:00:08,489:13560: Yes my_avgbuy_price unavailable
CRITICAL:strat7:2022-12-09 19:01:50,963:13558: No my_buy_price unavailable
CRITICAL:strat7:2022-12-09 19:01:54,208:13558: No my_buy_price unavailable
CRITICAL:strat7:2022-12-09 19:02:15,970:13559: No my_buy_price unavailable
CRITICAL:strat7:2022-12-09 19:02:18,402:13559: No my_buy_price unavailable
CRITICAL:strat7:2022-12-09 19:02:41,939:13560: No my_buy_price unavailable
CRITICAL:strat7:2022-12-09 19:02:46,017:13560: No my_buy_price unavailable
CRITICAL:strat7:2022-12-09 19:03:08,585:13561: No my_buy_price unavailable
CRITICAL:strat7:2022-12-09 19:03:11,819:13561: No my_buy_price unavailable
CRITICAL:strat7:2022-12-09 19:04:35,917:13558: No my_buy_price unavailable
CRITICAL:strat7:2022-12-09 19:04:37,687:13558: No my_buy_price unavailable
CRITICAL:strat7:2022-12-09 19:05:27,641:13560: No my_buy_price unavailable
CRITICAL:strat7:2022-12-09 19:05:30,111:13560: No my_buy_price unavailable
CRITICAL:strat7:2022-12-09 19:05:52,544:13561: No my_buy_price unavailable
CRITICAL:strat7:2022-12-09 19:05:55,549:13561: No my_buy_price unavailable
CRITICAL:strat7:2022-12-09 19:07:16,261:13558: No my_buy_price unavailable
CRITICAL:strat7:2022-12-09 19:07:18,093:13558: No my_buy_price unavailable
CRITICAL:strat7:2022-12-09 19:07:44,033:13559: No my_buy_price unavailable
CRITICAL:strat7:2022-12-09 19:07:46,783:13559: No my_buy_price unavailable
CRITICAL:strat7:2022-12-09 19:08:09,940:13560: No my_buy_price unavailable
CRITICAL:strat7:2022-12-09 19:08:12,958:13560: No my_buy_price unavailable
CRITICAL:strat7:2022-12-09 19:08:37,032:13561: No my_buy_price unavailable
CRITICAL:strat7:2022-12-09 19:08:40,108:13561: No my_buy_price unavailable
CRITICAL:strat7:2022-12-09 19:10:00,911:13558: No my_buy_price unavailable
CRITICAL:strat7:2022-12-09 19:10:02,744:13558: No my_buy_price unavailable
CRITICAL:strat7:2022-12-09 19:10:29,632:13559: No my_buy_price unavailable
CRITICAL:strat7:2022-12-09 19:10:52,271:13560: No my_buy_price unavailable
CRITICAL:strat7:2022-12-09 19:11:16,149:13561: No my_buy_price unavailable
CRITICAL:strat7:2022-12-09 19:11:19,343:13561: No my_buy_price unavailable
CRITICAL:strat7:2022-12-09 19:12:41,468:13558: No my_buy_price unavailable
CRITICAL:strat7:2022-12-09 19:12:43,272:13558: No my_buy_price unavailable
CRITICAL:strat7:2022-12-09 19:13:10,503:13559: No my_buy_price unavailable
CRITICAL:strat7:2022-12-09 19:13:13,079:13559: No my_buy_price unavailable
CRITICAL:strat7:2022-12-09 19:13:38,944:13560: No my_buy_price unavailable
CRITICAL:strat7:2022-12-09 19:13:41,448:13560: No my_buy_price unavailable
CRITICAL:strat7:2022-12-09 19:14:08,692:13561: No my_buy_price unavailable
CRITICAL:strat7:2022-12-09 19:14:11,090:13561: No my_buy_price unavailable
CRITICAL:strat7:2022-12-09 19:15:32,567:13558: No my_buy_price unavailable
CRITICAL:strat7:2022-12-09 19:15:34,340:13558: No my_buy_price unavailable
CRITICAL:strat7:2022-12-09 19:15:55,733:13559: No my_buy_price unavailable
CRITICAL:strat7:2022-12-09 19:16:41,060:13561: No my_buy_price unavailable
CRITICAL:strat7:2022-12-09 19:16:43,572:13561: No my_buy_price unavailable
CRITICAL:strat7:2022-12-09 19:18:03,965:13558: No my_buy_price unavailable
CRITICAL:strat7:2022-12-09 19:18:05,959:13558: No my_buy_price unavailable
CRITICAL:strat7:2022-12-09 19:18:54,229:13560: No my_buy_price unavailable
CRITICAL:strat7:2022-12-09 19:18:56,712:13560: No my_buy_price unavailable
CRITICAL:strat7:2022-12-09 19:20:42,333:13558: No my_buy_price unavailable
CRITICAL:strat7:2022-12-09 19:20:44,132:13558: No my_buy_price unavailable
CRITICAL:strat7:2022-12-09 19:21:08,522:13559: No my_buy_price unavailable
CRITICAL:strat7:2022-12-09 19:21:11,773:13559: No my_buy_price unavailable
CRITICAL:strat7:2022-12-09 19:21:58,853:13561: No my_buy_price unavailable
CRITICAL:strat7:2022-12-09 19:22:03,111:13561: No my_buy_price unavailable
CRITICAL:strat7:2022-12-09 19:23:23,133:13558: No my_buy_price unavailable
CRITICAL:strat7:2022-12-09 19:23:25,049:13558: No my_buy_price unavailable
CRITICAL:strat7:2022-12-09 19:23:50,729:13559: No my_buy_price unavailable
CRITICAL:strat7:2022-12-09 19:23:53,185:13559: No my_buy_price unavailable
CRITICAL:strat7:2022-12-09 19:24:39,471:13561: No my_buy_price unavailable
CRITICAL:strat7:2022-12-09 19:24:42,563:13561: No my_buy_price unavailable
CRITICAL:strat7:2022-12-09 19:26:03,844:13558: No my_buy_price unavailable
CRITICAL:strat7:2022-12-09 19:26:05,614:13558: No my_buy_price unavailable
CRITICAL:strat7:2022-12-09 19:27:17,749:13561: No my_buy_price unavailable
CRITICAL:strat7:2022-12-09 19:27:20,793:13561: No my_buy_price unavailable
CRITICAL:strat7:2022-12-09 19:28:42,168:13558: No my_buy_price unavailable
CRITICAL:strat7:2022-12-09 19:28:43,981:13558: No my_buy_price unavailable
CRITICAL:strat7:2022-12-09 19:29:52,924:13561: No my_buy_price unavailable
CRITICAL:strat7:2022-12-09 19:29:55,977:13561: No my_buy_price unavailable
CRITICAL:strat7:2022-12-09 19:31:16,946:13558: No my_buy_price unavailable
CRITICAL:strat7:2022-12-09 19:31:18,709:13558: No my_buy_price unavailable
CRITICAL:strat7:2022-12-09 19:32:35,239:13561: No my_buy_price unavailable
CRITICAL:strat7:2022-12-09 19:32:38,431:13561: No my_buy_price unavailable
CRITICAL:strat7:2022-12-09 19:34:00,240:13558: No my_buy_price unavailable
CRITICAL:strat7:2022-12-09 19:34:02,007:13558: No my_buy_price unavailable
CRITICAL:strat7:2022-12-09 19:34:23,889:13559: No my_buy_price unavailable
CRITICAL:strat7:2022-12-09 19:34:26,954:13559: No my_buy_price unavailable
CRITICAL:strat7:2022-12-09 19:35:15,468:13561: No my_buy_price unavailable
CRITICAL:strat7:2022-12-09 19:35:18,904:13561: No my_buy_price unavailable
CRITICAL:strat7:2022-12-09 19:36:39,615:13558: No my_buy_price unavailable
CRITICAL:strat7:2022-12-09 19:36:41,422:13558: No my_buy_price unavailable
CRITICAL:strat7:2022-12-09 19:37:07,534:13559: No my_buy_price unavailable
CRITICAL:strat7:2022-12-09 19:37:10,697:13559: No my_buy_price unavailable
CRITICAL:strat7:2022-12-09 19:37:56,497:13561: No my_buy_price unavailable
CRITICAL:strat7:2022-12-09 19:37:59,731:13561: No my_buy_price unavailable
CRITICAL:strat7:2022-12-09 19:39:21,818:13558: No my_buy_price unavailable
CRITICAL:strat7:2022-12-09 19:39:23,642:13558: No my_buy_price unavailable
CRITICAL:strat7:2022-12-09 19:39:50,994:13559: No my_buy_price unavailable
CRITICAL:strat7:2022-12-09 19:39:53,603:13559: No my_buy_price unavailable
CRITICAL:strat7:2022-12-09 19:40:44,419:13561: No my_buy_price unavailable
CRITICAL:strat7:2022-12-09 19:40:47,958:13561: No my_buy_price unavailable
CRITICAL:strat7:2022-12-09 19:42:10,177:13558: No my_buy_price unavailable
CRITICAL:strat7:2022-12-09 19:42:12,091:13558: No my_buy_price unavailable
CRITICAL:strat7:2022-12-09 19:42:39,219:13559: No my_buy_price unavailable
CRITICAL:strat7:2022-12-09 19:42:42,923:13559: No my_buy_price unavailable
CRITICAL:strat7:2022-12-09 19:43:33,083:13561: No my_buy_price unavailable
CRITICAL:strat7:2022-12-09 19:43:36,302:13561: No my_buy_price unavailable
CRITICAL:strat7:2022-12-09 19:44:57,643:13558: No my_buy_price unavailable
CRITICAL:strat7:2022-12-09 19:44:59,465:13558: No my_buy_price unavailable
CRITICAL:strat7:2022-12-09 19:45:23,284:13559: No my_buy_price unavailable
CRITICAL:strat7:2022-12-09 19:45:26,349:13559: No my_buy_price unavailable
CRITICAL:strat7:2022-12-09 19:46:11,659:13561: No my_buy_price unavailable
CRITICAL:strat7:2022-12-09 19:46:14,825:13561: No my_buy_price unavailable
CRITICAL:strat7:2022-12-09 19:47:36,293:13558: No my_buy_price unavailable
CRITICAL:strat7:2022-12-09 19:47:38,137:13558: No my_buy_price unavailable
CRITICAL:strat7:2022-12-09 19:48:00,970:13559: No my_buy_price unavailable
CRITICAL:strat7:2022-12-09 19:48:03,734:13559: No my_buy_price unavailable
CRITICAL:strat7:2022-12-09 19:48:50,580:13561: No my_buy_price unavailable
CRITICAL:strat7:2022-12-09 19:48:53,781:13561: No my_buy_price unavailable
CRITICAL:strat7:2022-12-09 19:50:16,854:13558: No my_buy_price unavailable
CRITICAL:strat7:2022-12-09 19:50:18,691:13558: No my_buy_price unavailable
CRITICAL:strat7:2022-12-09 19:50:41,598:13559: No my_buy_price unavailable
CRITICAL:strat7:2022-12-09 19:50:44,200:13559: No my_buy_price unavailable
CRITICAL:strat7:2022-12-09 19:51:30,471:13561: No my_buy_price unavailable
CRITICAL:strat7:2022-12-09 19:51:33,986:13561: No my_buy_price unavailable
CRITICAL:strat7:2022-12-09 19:52:56,538:13558: No my_buy_price unavailable
CRITICAL:strat7:2022-12-09 19:52:58,397:13558: No my_buy_price unavailable
CRITICAL:strat7:2022-12-09 19:53:20,777:13559: No my_buy_price unavailable
CRITICAL:strat7:2022-12-09 19:53:23,862:13559: No my_buy_price unavailable
CRITICAL:strat7:2022-12-09 19:54:09,873:13561: No my_buy_price unavailable
CRITICAL:strat7:2022-12-09 19:54:13,008:13561: No my_buy_price unavailable
CRITICAL:strat7:2022-12-09 19:55:34,899:13558: No my_buy_price unavailable
CRITICAL:strat7:2022-12-09 19:55:36,683:13558: No my_buy_price unavailable
CRITICAL:strat7:2022-12-09 19:56:01,761:13559: No my_buy_price unavailable
CRITICAL:strat7:2022-12-09 19:56:05,531:13559: No my_buy_price unavailable
CRITICAL:strat7:2022-12-09 19:56:51,837:13561: No my_buy_price unavailable
CRITICAL:strat7:2022-12-09 19:56:54,854:13561: No my_buy_price unavailable
CRITICAL:strat7:2022-12-09 19:58:17,081:13558: No my_buy_price unavailable
CRITICAL:strat7:2022-12-09 19:58:18,883:13558: No my_buy_price unavailable
CRITICAL:strat7:2022-12-09 19:58:41,078:13559: No my_buy_price unavailable
CRITICAL:strat7:2022-12-09 19:58:44,168:13559: No my_buy_price unavailable
CRITICAL:strat7:2022-12-09 19:59:30,616:13561: No my_buy_price unavailable
CRITICAL:strat7:2022-12-09 19:59:33,965:13561: No my_buy_price unavailable
CRITICAL:strat7:2022-12-09 20:00:55,233:13558: No my_buy_price unavailable
CRITICAL:strat7:2022-12-09 20:00:57,087:13558: No my_buy_price unavailable
CRITICAL:strat7:2022-12-09 20:02:13,562:13561: No my_buy_price unavailable
CRITICAL:strat7:2022-12-09 20:02:16,782:13561: No my_buy_price unavailable
CRITICAL:strat7:2022-12-09 20:03:38,288:13558: No my_buy_price unavailable
CRITICAL:strat7:2022-12-09 20:03:40,106:13558: No my_buy_price unavailable
CRITICAL:strat7:2022-12-09 20:04:50,676:13561: No my_buy_price unavailable
CRITICAL:strat7:2022-12-09 20:04:53,759:13561: No my_buy_price unavailable
CRITICAL:strat7:2022-12-09 20:06:17,785:13558: No my_buy_price unavailable
CRITICAL:strat7:2022-12-09 20:06:19,744:13558: No my_buy_price unavailable
CRITICAL:strat7:2022-12-09 20:09:08,601:13558: No my_buy_price unavailable
CRITICAL:strat7:2022-12-09 20:09:10,490:13558: No my_buy_price unavailable
CRITICAL:strat7:2022-12-09 20:11:53,426:13558: No my_buy_price unavailable
CRITICAL:strat7:2022-12-09 20:11:55,205:13558: No my_buy_price unavailable
CRITICAL:strat7:2022-12-09 20:13:10,879:13561: No my_buy_price unavailable
CRITICAL:strat7:2022-12-09 20:13:13,447:13561: No my_buy_price unavailable
CRITICAL:strat7:2022-12-09 20:14:35,884:13558: No my_buy_price unavailable
CRITICAL:strat7:2022-12-09 20:14:37,708:13558: No my_buy_price unavailable
CRITICAL:strat7:2022-12-09 20:15:51,763:13561: No my_buy_price unavailable
CRITICAL:strat7:2022-12-09 20:15:54,203:13561: No my_buy_price unavailable
CRITICAL:strat7:2022-12-09 20:17:15,217:13558: No my_buy_price unavailable
CRITICAL:strat7:2022-12-09 20:17:17,155:13558: No my_buy_price unavailable
CRITICAL:strat7:2022-12-09 20:18:30,121:13561: No my_buy_price unavailable
CRITICAL:strat7:2022-12-09 20:18:33,415:13561: No my_buy_price unavailable
CRITICAL:strat7:2022-12-09 20:19:54,454:13558: No my_buy_price unavailable
CRITICAL:strat7:2022-12-09 20:19:56,384:13558: No my_buy_price unavailable
CRITICAL:strat7:2022-12-09 20:21:08,439:13561: No my_buy_price unavailable
CRITICAL:strat7:2022-12-09 20:21:10,964:13561: No my_buy_price unavailable
CRITICAL:strat7:2022-12-09 20:22:32,099:13558: No my_buy_price unavailable
CRITICAL:strat7:2022-12-09 20:22:33,889:13558: No my_buy_price unavailable
CRITICAL:strat7:2022-12-09 20:23:46,618:13561: No my_buy_price unavailable
CRITICAL:strat7:2022-12-09 20:23:49,940:13561: No my_buy_price unavailable
CRITICAL:strat7:2022-12-09 20:25:10,814:13558: No my_buy_price unavailable
CRITICAL:strat7:2022-12-09 20:25:12,636:13558: No my_buy_price unavailable
CRITICAL:strat7:2022-12-09 20:26:27,481:13561: No my_buy_price unavailable
CRITICAL:strat7:2022-12-09 20:26:29,943:13561: No my_buy_price unavailable
CRITICAL:strat7:2022-12-09 20:27:52,112:13558: No my_buy_price unavailable
CRITICAL:strat7:2022-12-09 20:27:53,941:13558: No my_buy_price unavailable
CRITICAL:strat7:2022-12-09 20:29:09,969:13561: No my_buy_price unavailable
CRITICAL:strat7:2022-12-09 20:29:12,480:13561: No my_buy_price unavailable
CRITICAL:strat7:2022-12-09 20:30:35,038:13558: No my_buy_price unavailable
CRITICAL:strat7:2022-12-09 20:30:36,854:13558: No my_buy_price unavailable
CRITICAL:strat7:2022-12-09 20:31:53,274:13561: No my_buy_price unavailable
CRITICAL:strat7:2022-12-09 20:31:55,980:13561: No my_buy_price unavailable
CRITICAL:strat7:2022-12-09 20:33:17,603:13558: No my_buy_price unavailable
CRITICAL:strat7:2022-12-09 20:33:19,390:13558: No my_buy_price unavailable
CRITICAL:strat7:2022-12-09 20:34:29,596:13561: No my_buy_price unavailable
CRITICAL:strat7:2022-12-09 20:34:32,222:13561: No my_buy_price unavailable
CRITICAL:strat7:2022-12-09 20:35:53,810:13558: No my_buy_price unavailable
CRITICAL:strat7:2022-12-09 20:35:55,620:13558: No my_buy_price unavailable
CRITICAL:strat7:2022-12-09 20:38:35,390:13558: No my_buy_price unavailable
CRITICAL:strat7:2022-12-09 20:38:37,196:13558: No my_buy_price unavailable
CRITICAL:strat7:2022-12-09 20:41:16,665:13558: No my_buy_price unavailable
CRITICAL:strat7:2022-12-09 20:41:18,584:13558: No my_buy_price unavailable
CRITICAL:strat7:2022-12-09 20:42:27,416:13561: No my_buy_price unavailable
CRITICAL:strat7:2022-12-09 20:42:30,574:13561: No my_buy_price unavailable
CRITICAL:strat7:2022-12-09 20:43:53,183:13558: No my_buy_price unavailable
CRITICAL:strat7:2022-12-09 20:43:54,993:13558: No my_buy_price unavailable
CRITICAL:strat7:2022-12-09 20:46:38,321:13558: No my_buy_price unavailable
CRITICAL:strat7:2022-12-09 20:46:40,136:13558: No my_buy_price unavailable
CRITICAL:strat7:2022-12-09 20:47:06,936:13559: No my_buy_price unavailable
CRITICAL:strat7:2022-12-09 20:47:09,444:13559: No my_buy_price unavailable
CRITICAL:strat7:2022-12-09 20:49:22,336:13558: No my_buy_price unavailable
CRITICAL:strat7:2022-12-09 20:49:24,227:13558: No my_buy_price unavailable
CRITICAL:strat7:2022-12-09 20:51:47,878:13558: No my_buy_price unavailable
CRITICAL:strat7:2022-12-09 20:51:49,755:13558: No my_buy_price unavailable
CRITICAL:strat7:2022-12-09 20:54:18,364:13558: No my_buy_price unavailable
CRITICAL:strat7:2022-12-09 20:54:20,150:13558: No my_buy_price unavailable
CRITICAL:strat7:2022-12-09 20:55:28,575:13561: No my_buy_price unavailable
CRITICAL:strat7:2022-12-09 20:56:51,073:13558: No my_buy_price unavailable
CRITICAL:strat7:2022-12-09 20:56:52,911:13558: No my_buy_price unavailable
CRITICAL:strat7:2022-12-09 20:58:07,056:13561: No my_buy_price unavailable
CRITICAL:strat7:2022-12-09 20:58:09,599:13561: No my_buy_price unavailable
CRITICAL:strat7:2022-12-09 20:59:31,353:13558: No my_buy_price unavailable
CRITICAL:strat7:2022-12-09 20:59:33,257:13558: No my_buy_price unavailable
CRITICAL:strat7:2022-12-09 21:00:19,846:13560: No my_buy_price unavailable
CRITICAL:strat7:2022-12-09 21:00:22,372:13560: No my_buy_price unavailable
CRITICAL:strat7:2022-12-09 21:00:44,388:13561: No my_buy_price unavailable
CRITICAL:strat7:2022-12-09 21:00:46,833:13561: No my_buy_price unavailable
CRITICAL:strat7:2022-12-09 21:02:12,277:13558: Yes my_avgbuy_price unavailable
CRITICAL:strat7:2022-12-09 21:02:14,798:13558: Yes my_avgbuy_price unavailable
CRITICAL:strat7:2022-12-09 21:02:40,977:13559: Yes my_avgbuy_price unavailable
CRITICAL:strat7:2022-12-09 21:02:45,505:13559: Yes my_avgbuy_price unavailable
CRITICAL:strat7:2022-12-09 21:03:09,874:13560: No my_buy_price unavailable
CRITICAL:strat7:2022-12-09 21:03:32,201:13561: No my_buy_price unavailable
CRITICAL:strat7:2022-12-09 21:03:34,635:13561: No my_buy_price unavailable
CRITICAL:strat7:2022-12-09 21:04:58,713:13558: Yes my_avgbuy_price unavailable
CRITICAL:strat7:2022-12-09 21:05:02,238:13558: Yes my_avgbuy_price unavailable
CRITICAL:strat7:2022-12-09 21:05:28,046:13559: Yes my_avgbuy_price unavailable
CRITICAL:strat7:2022-12-09 21:05:31,142:13559: Yes my_avgbuy_price unavailable
CRITICAL:strat7:2022-12-09 21:05:55,198:13560: No my_buy_price unavailable
CRITICAL:strat7:2022-12-09 21:05:58,492:13560: No my_buy_price unavailable
CRITICAL:strat7:2022-12-09 21:06:21,382:13561: No my_buy_price unavailable
CRITICAL:strat7:2022-12-09 21:06:23,899:13561: No my_buy_price unavailable
CRITICAL:strat7:2022-12-09 21:07:50,039:13558: Yes my_avgbuy_price unavailable
CRITICAL:strat7:2022-12-09 21:07:52,514:13558: Yes my_avgbuy_price unavailable
CRITICAL:strat7:2022-12-09 21:08:46,974:13560: No my_buy_price unavailable
CRITICAL:strat7:2022-12-09 21:09:10,004:13561: No my_buy_price unavailable
CRITICAL:strat7:2022-12-09 21:09:12,440:13561: No my_buy_price unavailable
CRITICAL:strat7:2022-12-09 21:10:35,201:13558: Yes my_avgbuy_price unavailable
CRITICAL:strat7:2022-12-09 21:10:37,737:13558: Yes my_avgbuy_price unavailable
CRITICAL:strat7:2022-12-09 21:11:25,421:13560: No my_buy_price unavailable
CRITICAL:strat7:2022-12-09 21:11:47,926:13561: No my_buy_price unavailable
CRITICAL:strat7:2022-12-09 21:11:50,379:13561: No my_buy_price unavailable
CRITICAL:strat7:2022-12-09 21:13:12,393:13558: No my_buy_price unavailable
CRITICAL:strat7:2022-12-09 21:13:15,649:13558: No my_buy_price unavailable
CRITICAL:strat7:2022-12-09 21:14:28,330:13561: No my_buy_price unavailable
CRITICAL:strat7:2022-12-09 21:14:30,844:13561: No my_buy_price unavailable
CRITICAL:strat7:2022-12-09 21:15:55,256:13558: Yes my_avgbuy_price unavailable
CRITICAL:strat7:2022-12-09 21:15:57,791:13558: Yes my_avgbuy_price unavailable
CRITICAL:strat7:2022-12-09 21:17:14,114:13561: No my_buy_price unavailable
CRITICAL:strat7:2022-12-09 21:17:16,619:13561: No my_buy_price unavailable
CRITICAL:strat7:2022-12-09 21:18:39,612:13558: Yes my_avgbuy_price unavailable
CRITICAL:strat7:2022-12-09 21:18:42,742:13558: Yes my_avgbuy_price unavailable
CRITICAL:strat7:2022-12-09 21:19:55,520:13561: No my_buy_price unavailable
CRITICAL:strat7:2022-12-09 21:19:58,657:13561: No my_buy_price unavailable
CRITICAL:strat7:2022-12-09 21:21:21,790:13558: Yes my_avgbuy_price unavailable
CRITICAL:strat7:2022-12-09 21:21:24,992:13558: Yes my_avgbuy_price unavailable
CRITICAL:strat7:2022-12-09 21:24:07,614:13558: Yes my_avgbuy_price unavailable
CRITICAL:strat7:2022-12-09 21:24:10,735:13558: Yes my_avgbuy_price unavailable
CRITICAL:strat7:2022-12-09 21:26:49,810:13558: Yes my_avgbuy_price unavailable
CRITICAL:strat7:2022-12-09 21:26:53,069:13558: Yes my_avgbuy_price unavailable
CRITICAL:strat7:2022-12-09 21:29:31,264:13558: Yes my_avgbuy_price unavailable
CRITICAL:strat7:2022-12-09 21:29:34,574:13558: Yes my_avgbuy_price unavailable
CRITICAL:strat7:2022-12-09 21:32:16,688:13558: Yes my_avgbuy_price unavailable
CRITICAL:strat7:2022-12-09 21:32:19,878:13558: Yes my_avgbuy_price unavailable
CRITICAL:strat7:2022-12-09 21:35:01,741:13558: Yes my_avgbuy_price unavailable
CRITICAL:strat7:2022-12-09 21:35:04,901:13558: Yes my_avgbuy_price unavailable
CRITICAL:strat7:2022-12-09 21:44:22,978:13561: No my_buy_price unavailable
CRITICAL:strat7:2022-12-09 21:44:26,199:13561: No my_buy_price unavailable
CRITICAL:strat7:2022-12-09 21:45:49,620:13558: Yes my_avgbuy_price unavailable
CRITICAL:strat7:2022-12-09 21:45:52,892:13558: Yes my_avgbuy_price unavailable
CRITICAL:strat7:2022-12-09 21:47:03,073:13561: No my_buy_price unavailable
CRITICAL:strat7:2022-12-09 21:47:06,860:13561: No my_buy_price unavailable
CRITICAL:strat7:2022-12-09 21:48:29,635:13558: Yes my_avgbuy_price unavailable
CRITICAL:strat7:2022-12-09 21:48:32,860:13558: Yes my_avgbuy_price unavailable
CRITICAL:strat7:2022-12-09 21:49:43,086:13561: No my_buy_price unavailable
CRITICAL:strat7:2022-12-09 21:49:46,897:13561: No my_buy_price unavailable
CRITICAL:strat7:2022-12-09 21:51:10,455:13558: Yes my_avgbuy_price unavailable
CRITICAL:strat7:2022-12-09 21:51:13,910:13558: Yes my_avgbuy_price unavailable
CRITICAL:strat7:2022-12-09 21:52:23,976:13561: No my_buy_price unavailable
CRITICAL:strat7:2022-12-09 21:52:27,325:13561: No my_buy_price unavailable
CRITICAL:strat7:2022-12-09 21:53:50,672:13558: Yes my_avgbuy_price unavailable
CRITICAL:strat7:2022-12-09 21:53:53,959:13558: Yes my_avgbuy_price unavailable
CRITICAL:strat7:2022-12-09 21:55:09,080:13561: No my_buy_price unavailable
CRITICAL:strat7:2022-12-09 21:55:11,617:13561: No my_buy_price unavailable
CRITICAL:strat7:2022-12-09 21:56:34,437:13558: Yes my_avgbuy_price unavailable
CRITICAL:strat7:2022-12-09 21:56:37,650:13558: Yes my_avgbuy_price unavailable
CRITICAL:strat7:2022-12-09 21:57:47,564:13561: No my_buy_price unavailable
CRITICAL:strat7:2022-12-09 21:57:50,264:13561: No my_buy_price unavailable
CRITICAL:strat7:2022-12-09 21:59:12,438:13558: No my_buy_price unavailable
CRITICAL:strat7:2022-12-09 21:59:15,828:13558: No my_buy_price unavailable
CRITICAL:strat7:2022-12-09 22:00:28,500:13561: No my_buy_price unavailable
CRITICAL:strat7:2022-12-09 22:00:31,676:13561: No my_buy_price unavailable
CRITICAL:strat7:2022-12-09 22:01:53,703:13558: No my_buy_price unavailable
CRITICAL:strat7:2022-12-09 22:01:55,523:13558: No my_buy_price unavailable
CRITICAL:strat7:2022-12-09 22:02:21,019:13559: Yes my_avgbuy_price unavailable
CRITICAL:strat7:2022-12-09 22:02:23,611:13559: Yes my_avgbuy_price unavailable
CRITICAL:strat7:2022-12-09 22:02:48,797:13560: No my_buy_price unavailable
CRITICAL:strat7:2022-12-09 22:02:51,285:13560: No my_buy_price unavailable
CRITICAL:strat7:2022-12-09 22:03:13,944:13561: No my_buy_price unavailable
CRITICAL:strat7:2022-12-09 22:03:16,620:13561: No my_buy_price unavailable
CRITICAL:strat7:2022-12-09 22:04:38,657:13558: No my_buy_price unavailable
CRITICAL:strat7:2022-12-09 22:04:40,524:13558: No my_buy_price unavailable
CRITICAL:strat7:2022-12-09 22:05:03,119:13559: Yes my_avgbuy_price unavailable
CRITICAL:strat7:2022-12-09 22:05:06,360:13559: Yes my_avgbuy_price unavailable
CRITICAL:strat7:2022-12-09 22:05:29,202:13560: No my_buy_price unavailable
CRITICAL:strat7:2022-12-09 22:07:23,916:13558: No my_buy_price unavailable
CRITICAL:strat7:2022-12-09 22:07:25,815:13558: No my_buy_price unavailable
CRITICAL:strat7:2022-12-09 22:07:48,498:13559: Yes my_avgbuy_price unavailable
CRITICAL:strat7:2022-12-09 22:07:51,246:13559: Yes my_avgbuy_price unavailable
CRITICAL:strat7:2022-12-09 22:08:18,258:13560: No my_buy_price unavailable
CRITICAL:strat7:2022-12-09 22:08:44,068:13561: No my_buy_price unavailable
CRITICAL:strat7:2022-12-09 22:08:46,610:13561: No my_buy_price unavailable
CRITICAL:strat7:2022-12-09 22:10:08,188:13558: No my_buy_price unavailable
CRITICAL:strat7:2022-12-09 22:10:10,096:13558: No my_buy_price unavailable
CRITICAL:strat7:2022-12-09 22:11:21,045:13561: No my_buy_price unavailable
CRITICAL:strat7:2022-12-09 22:11:23,570:13561: No my_buy_price unavailable
CRITICAL:strat7:2022-12-09 22:12:44,846:13558: No my_buy_price unavailable
CRITICAL:strat7:2022-12-09 22:12:46,644:13558: No my_buy_price unavailable
CRITICAL:strat7:2022-12-09 22:13:35,011:13560: No my_buy_price unavailable
CRITICAL:strat7:2022-12-09 22:13:37,513:13560: No my_buy_price unavailable
CRITICAL:strat7:2022-12-09 22:15:22,066:13558: No my_buy_price unavailable
CRITICAL:strat7:2022-12-09 22:15:23,865:13558: No my_buy_price unavailable
CRITICAL:strat7:2022-12-09 22:16:14,395:13560: No my_buy_price unavailable
CRITICAL:strat7:2022-12-09 22:16:17,209:13560: No my_buy_price unavailable
CRITICAL:strat7:2022-12-09 22:18:04,607:13558: No my_buy_price unavailable
CRITICAL:strat7:2022-12-09 22:18:06,489:13558: No my_buy_price unavailable
CRITICAL:strat7:2022-12-09 22:18:52,721:13560: No my_buy_price unavailable
CRITICAL:strat7:2022-12-09 22:18:55,205:13560: No my_buy_price unavailable
CRITICAL:strat7:2022-12-09 22:20:41,326:13558: No my_buy_price unavailable
CRITICAL:strat7:2022-12-09 22:20:43,199:13558: No my_buy_price unavailable
CRITICAL:strat7:2022-12-09 22:21:08,436:13559: Yes my_avgbuy_price unavailable
CRITICAL:strat7:2022-12-09 22:21:10,911:13559: Yes my_avgbuy_price unavailable
CRITICAL:strat7:2022-12-09 22:21:59,788:13561: No my_buy_price unavailable
CRITICAL:strat7:2022-12-09 22:22:02,622:13561: No my_buy_price unavailable
CRITICAL:strat7:2022-12-09 22:23:25,574:13558: No my_buy_price unavailable
CRITICAL:strat7:2022-12-09 22:23:27,368:13558: No my_buy_price unavailable
CRITICAL:strat7:2022-12-09 22:24:18,829:13560: No my_buy_price unavailable
CRITICAL:strat7:2022-12-09 22:24:42,973:13561: No my_buy_price unavailable
CRITICAL:strat7:2022-12-09 22:24:45,558:13561: No my_buy_price unavailable
CRITICAL:strat7:2022-12-09 22:26:07,039:13558: No my_buy_price unavailable
CRITICAL:strat7:2022-12-09 22:26:08,857:13558: No my_buy_price unavailable
CRITICAL:strat7:2022-12-09 22:27:27,191:13561: No my_buy_price unavailable
CRITICAL:strat7:2022-12-09 22:27:29,802:13561: No my_buy_price unavailable
CRITICAL:strat7:2022-12-09 22:28:51,589:13558: No my_buy_price unavailable
CRITICAL:strat7:2022-12-09 22:28:53,439:13558: No my_buy_price unavailable
CRITICAL:strat7:2022-12-09 22:30:07,011:13561: No my_buy_price unavailable
CRITICAL:strat7:2022-12-09 22:30:09,618:13561: No my_buy_price unavailable
CRITICAL:strat7:2022-12-09 22:31:33,255:13558: No my_buy_price unavailable
CRITICAL:strat7:2022-12-09 22:31:35,198:13558: No my_buy_price unavailable
CRITICAL:strat7:2022-12-09 22:32:44,514:13561: No my_buy_price unavailable
CRITICAL:strat7:2022-12-09 22:32:47,782:13561: No my_buy_price unavailable
CRITICAL:strat7:2022-12-09 22:34:10,321:13558: No my_buy_price unavailable
CRITICAL:strat7:2022-12-09 22:34:12,141:13558: No my_buy_price unavailable
CRITICAL:strat7:2022-12-09 22:34:37,895:13559: Yes my_avgbuy_price unavailable
CRITICAL:strat7:2022-12-09 22:34:40,459:13559: Yes my_avgbuy_price unavailable
CRITICAL:strat7:2022-12-09 22:35:29,268:13561: No my_buy_price unavailable
CRITICAL:strat7:2022-12-09 22:35:32,250:13561: No my_buy_price unavailable
CRITICAL:strat7:2022-12-09 22:36:54,742:13558: No my_buy_price unavailable
CRITICAL:strat7:2022-12-09 22:36:56,515:13558: No my_buy_price unavailable
CRITICAL:strat7:2022-12-09 22:37:43,960:13560: No my_buy_price unavailable
CRITICAL:strat7:2022-12-09 22:37:47,337:13560: No my_buy_price unavailable
CRITICAL:strat7:2022-12-09 22:38:11,387:13561: No my_buy_price unavailable
CRITICAL:strat7:2022-12-09 22:38:14,053:13561: No my_buy_price unavailable
CRITICAL:strat7:2022-12-09 22:39:37,207:13558: No my_buy_price unavailable
CRITICAL:strat7:2022-12-09 22:39:38,974:13558: No my_buy_price unavailable
CRITICAL:strat7:2022-12-09 22:42:19,334:13558: No my_buy_price unavailable
CRITICAL:strat7:2022-12-09 22:42:21,143:13558: No my_buy_price unavailable
CRITICAL:strat7:2022-12-09 22:42:47,754:13559: Yes my_avgbuy_price unavailable
CRITICAL:strat7:2022-12-09 22:42:50,561:13559: Yes my_avgbuy_price unavailable
CRITICAL:strat7:2022-12-09 22:43:12,892:13560: No my_buy_price unavailable
CRITICAL:strat7:2022-12-09 22:44:57,873:13558: No my_buy_price unavailable
CRITICAL:strat7:2022-12-09 22:44:59,756:13558: No my_buy_price unavailable
CRITICAL:strat7:2022-12-09 22:45:22,410:13559: Yes my_avgbuy_price unavailable
CRITICAL:strat7:2022-12-09 22:45:25,494:13559: Yes my_avgbuy_price unavailable
CRITICAL:strat7:2022-12-09 22:45:48,163:13560: No my_buy_price unavailable
CRITICAL:strat7:2022-12-09 22:47:40,091:13558: No my_buy_price unavailable
CRITICAL:strat7:2022-12-09 22:47:42,019:13558: No my_buy_price unavailable
CRITICAL:strat7:2022-12-09 22:48:05,398:13559: Yes my_avgbuy_price unavailable
CRITICAL:strat7:2022-12-09 22:48:28,359:13560: No my_buy_price unavailable
CRITICAL:strat7:2022-12-09 22:48:52,521:13561: No my_buy_price unavailable
CRITICAL:strat7:2022-12-09 22:48:55,046:13561: No my_buy_price unavailable
CRITICAL:strat7:2022-12-09 22:50:16,403:13558: No my_buy_price unavailable
CRITICAL:strat7:2022-12-09 22:50:18,221:13558: No my_buy_price unavailable
CRITICAL:strat7:2022-12-09 22:51:10,594:13560: No my_buy_price unavailable
CRITICAL:strat7:2022-12-09 22:51:32,538:13561: No my_buy_price unavailable
CRITICAL:strat7:2022-12-09 22:51:35,085:13561: No my_buy_price unavailable
CRITICAL:strat7:2022-12-09 22:52:57,977:13558: No my_buy_price unavailable
CRITICAL:strat7:2022-12-09 22:52:59,913:13558: No my_buy_price unavailable
CRITICAL:strat7:2022-12-09 22:53:22,092:13559: Yes my_avgbuy_price unavailable
CRITICAL:strat7:2022-12-09 22:53:44,680:13560: No my_buy_price unavailable
CRITICAL:strat7:2022-12-09 22:54:08,500:13561: No my_buy_price unavailable
CRITICAL:strat7:2022-12-09 22:54:10,955:13561: No my_buy_price unavailable
CRITICAL:strat7:2022-12-09 22:55:32,785:13558: No my_buy_price unavailable
CRITICAL:strat7:2022-12-09 22:55:34,543:13558: No my_buy_price unavailable
CRITICAL:strat7:2022-12-09 22:56:50,057:13561: No my_buy_price unavailable
CRITICAL:strat7:2022-12-09 22:56:53,214:13561: No my_buy_price unavailable
CRITICAL:strat7:2022-12-09 22:58:13,121:13558: No my_buy_price unavailable
CRITICAL:strat7:2022-12-09 22:58:14,938:13558: No my_buy_price unavailable
CRITICAL:strat7:2022-12-09 22:59:03,774:13560: No my_buy_price unavailable
CRITICAL:strat7:2022-12-09 22:59:26,619:13561: No my_buy_price unavailable
CRITICAL:strat7:2022-12-09 22:59:29,785:13561: No my_buy_price unavailable
