INFO:strat7:2022-12-24 15:59:26,377:14631: Initialising event
WARNING:strat7:2022-12-24 15:59:55,562:14631: last_values_dict empty
INFO:strat7:2022-12-24 16:00:01,811:14632: Initialising event
CRITICAL:strat7:2022-12-24 16:00:34,098:14632: Yes my_avgbuy_price unavailable
CRITICAL:strat7:2022-12-24 16:00:36,421:14632: Yes my_avgbuy_price unavailable
WARNING:strat7:2022-12-24 16:00:37,712:14632: last_values_dict empty
INFO:strat7:2022-12-24 16:00:43,932:14633: Initialising event
CRITICAL:strat7:2022-12-24 16:01:13,794:14633: Yes my_avgbuy_price unavailable
CRITICAL:strat7:2022-12-24 16:01:16,018:14633: Yes my_avgbuy_price unavailable
WARNING:strat7:2022-12-24 16:01:17,173:14633: last_values_dict empty
INFO:strat7:2022-12-24 16:01:23,590:14634: Initialising event
CRITICAL:strat7:2022-12-24 16:01:48,145:14634: Yes my_avgbuy_price unavailable
CRITICAL:strat7:2022-12-24 16:01:50,334:14634: Yes my_avgbuy_price unavailable
WARNING:strat7:2022-12-24 16:01:51,583:14634: last_values_dict empty
INFO:strat7:2022-12-24 16:01:58,128:14635: Initialising event
CRITICAL:strat7:2022-12-24 16:02:24,254:14635: No my_buy_price unavailable
CRITICAL:strat7:2022-12-24 16:02:26,434:14635: No my_buy_price unavailable
WARNING:strat7:2022-12-24 16:02:27,639:14635: last_values_dict empty
INFO:strat7:2022-12-24 16:02:33,793:14636: Initialising event
CRITICAL:strat7:2022-12-24 16:03:02,319:14636: No my_buy_price unavailable
CRITICAL:strat7:2022-12-24 16:03:04,445:14636: No my_buy_price unavailable
WARNING:strat7:2022-12-24 16:03:05,656:14636: last_values_dict empty
INFO:strat7:2022-12-24 16:03:11,841:14637: Initialising event
CRITICAL:strat7:2022-12-24 16:03:39,963:14637: No my_buy_price unavailable
CRITICAL:strat7:2022-12-24 16:03:42,095:14637: No my_buy_price unavailable
WARNING:strat7:2022-12-24 16:03:43,405:14637: last_values_dict empty
INFO:strat7:2022-12-24 16:03:49,557:14638: Initialising event
CRITICAL:strat7:2022-12-24 16:04:18,246:14638: No my_buy_price unavailable
CRITICAL:strat7:2022-12-24 16:04:20,399:14638: No my_buy_price unavailable
WARNING:strat7:2022-12-24 16:04:21,660:14638: last_values_dict empty
CRITICAL:strat7:2022-12-24 16:05:23,374:14632: Yes my_avgbuy_price unavailable
CRITICAL:strat7:2022-12-24 16:05:25,570:14632: Yes my_avgbuy_price unavailable
CRITICAL:strat7:2022-12-24 16:05:28,480:14632: Yes my_avgbuy_price unavailable
CRITICAL:strat7:2022-12-24 16:05:30,583:14632: Yes my_avgbuy_price unavailable
CRITICAL:strat7:2022-12-24 16:05:59,494:14633: Yes my_avgbuy_price unavailable
CRITICAL:strat7:2022-12-24 16:06:01,729:14633: Yes my_avgbuy_price unavailable
CRITICAL:strat7:2022-12-24 16:06:05,015:14633: Yes my_avgbuy_price unavailable
CRITICAL:strat7:2022-12-24 16:06:07,024:14633: Yes my_avgbuy_price unavailable
CRITICAL:strat7:2022-12-24 16:06:35,301:14634: Yes my_avgbuy_price unavailable
CRITICAL:strat7:2022-12-24 16:06:37,403:14634: Yes my_avgbuy_price unavailable
CRITICAL:strat7:2022-12-24 16:06:40,317:14634: Yes my_avgbuy_price unavailable
CRITICAL:strat7:2022-12-24 16:06:42,438:14634: Yes my_avgbuy_price unavailable
CRITICAL:strat7:2022-12-24 16:07:09,734:14635: No my_buy_price unavailable
CRITICAL:strat7:2022-12-24 16:07:11,743:14635: No my_buy_price unavailable
CRITICAL:strat7:2022-12-24 16:07:14,669:14635: No my_buy_price unavailable
CRITICAL:strat7:2022-12-24 16:07:16,807:14635: No my_buy_price unavailable
CRITICAL:strat7:2022-12-24 16:07:44,635:14636: No my_buy_price unavailable
CRITICAL:strat7:2022-12-24 16:07:46,628:14636: No my_buy_price unavailable
CRITICAL:strat7:2022-12-24 16:07:49,539:14636: No my_buy_price unavailable
CRITICAL:strat7:2022-12-24 16:07:51,591:14636: No my_buy_price unavailable
CRITICAL:strat7:2022-12-24 16:08:19,211:14637: No my_buy_price unavailable
CRITICAL:strat7:2022-12-24 16:08:21,292:14637: No my_buy_price unavailable
CRITICAL:strat7:2022-12-24 16:08:25,878:14637: No my_buy_price unavailable
CRITICAL:strat7:2022-12-24 16:08:27,938:14637: No my_buy_price unavailable
CRITICAL:strat7:2022-12-24 16:11:09,595:14632: Yes my_avgbuy_price unavailable
CRITICAL:strat7:2022-12-24 16:11:11,796:14632: Yes my_avgbuy_price unavailable
CRITICAL:strat7:2022-12-24 16:11:14,928:14632: Yes my_avgbuy_price unavailable
CRITICAL:strat7:2022-12-24 16:11:17,072:14632: Yes my_avgbuy_price unavailable
CRITICAL:strat7:2022-12-24 16:11:47,581:14633: Yes my_avgbuy_price unavailable
CRITICAL:strat7:2022-12-24 16:11:49,833:14633: Yes my_avgbuy_price unavailable
CRITICAL:strat7:2022-12-24 16:11:52,958:14633: Yes my_avgbuy_price unavailable
CRITICAL:strat7:2022-12-24 16:11:55,271:14633: Yes my_avgbuy_price unavailable
CRITICAL:strat7:2022-12-24 16:12:22,559:14634: Yes my_avgbuy_price unavailable
CRITICAL:strat7:2022-12-24 16:12:24,649:14634: Yes my_avgbuy_price unavailable
CRITICAL:strat7:2022-12-24 16:12:27,803:14634: Yes my_avgbuy_price unavailable
CRITICAL:strat7:2022-12-24 16:12:30,023:14634: Yes my_avgbuy_price unavailable
CRITICAL:strat7:2022-12-24 16:13:00,313:14635: No my_buy_price unavailable
CRITICAL:strat7:2022-12-24 16:13:03,386:14635: No my_buy_price unavailable
CRITICAL:strat7:2022-12-24 16:13:06,674:14635: No my_buy_price unavailable
CRITICAL:strat7:2022-12-24 16:13:08,843:14635: No my_buy_price unavailable
CRITICAL:strat7:2022-12-24 16:13:36,851:14636: No my_buy_price unavailable
CRITICAL:strat7:2022-12-24 16:13:39,431:14636: No my_buy_price unavailable
CRITICAL:strat7:2022-12-24 16:13:42,592:14636: No my_buy_price unavailable
CRITICAL:strat7:2022-12-24 16:13:44,863:14636: No my_buy_price unavailable
CRITICAL:strat7:2022-12-24 16:14:16,761:14637: No my_buy_price unavailable
CRITICAL:strat7:2022-12-24 16:14:19,065:14637: No my_buy_price unavailable
CRITICAL:strat7:2022-12-24 16:14:22,298:14637: No my_buy_price unavailable
CRITICAL:strat7:2022-12-24 16:14:24,468:14637: No my_buy_price unavailable
CRITICAL:strat7:2022-12-24 16:16:58,758:14632: Yes my_avgbuy_price unavailable
CRITICAL:strat7:2022-12-24 16:17:00,983:14632: Yes my_avgbuy_price unavailable
CRITICAL:strat7:2022-12-24 16:17:04,182:14632: Yes my_avgbuy_price unavailable
CRITICAL:strat7:2022-12-24 16:17:06,422:14632: Yes my_avgbuy_price unavailable
CRITICAL:strat7:2022-12-24 16:17:35,126:14633: Yes my_avgbuy_price unavailable
CRITICAL:strat7:2022-12-24 16:17:37,383:14633: Yes my_avgbuy_price unavailable
CRITICAL:strat7:2022-12-24 16:17:40,541:14633: Yes my_avgbuy_price unavailable
CRITICAL:strat7:2022-12-24 16:17:42,582:14633: Yes my_avgbuy_price unavailable
CRITICAL:strat7:2022-12-24 16:18:11,913:14634: Yes my_avgbuy_price unavailable
CRITICAL:strat7:2022-12-24 16:18:14,198:14634: Yes my_avgbuy_price unavailable
CRITICAL:strat7:2022-12-24 16:18:17,724:14634: Yes my_avgbuy_price unavailable
CRITICAL:strat7:2022-12-24 16:18:19,811:14634: Yes my_avgbuy_price unavailable
CRITICAL:strat7:2022-12-24 16:18:46,502:14635: No my_buy_price unavailable
CRITICAL:strat7:2022-12-24 16:18:48,525:14635: No my_buy_price unavailable
CRITICAL:strat7:2022-12-24 16:18:51,350:14635: No my_buy_price unavailable
CRITICAL:strat7:2022-12-24 16:18:53,372:14635: No my_buy_price unavailable
CRITICAL:strat7:2022-12-24 16:19:20,253:14636: No my_buy_price unavailable
CRITICAL:strat7:2022-12-24 16:19:22,299:14636: No my_buy_price unavailable
CRITICAL:strat7:2022-12-24 16:19:25,292:14636: No my_buy_price unavailable
CRITICAL:strat7:2022-12-24 16:19:28,065:14636: No my_buy_price unavailable
CRITICAL:strat7:2022-12-24 16:19:58,337:14637: No my_buy_price unavailable
CRITICAL:strat7:2022-12-24 16:20:00,810:14637: No my_buy_price unavailable
CRITICAL:strat7:2022-12-24 16:20:03,931:14637: No my_buy_price unavailable
CRITICAL:strat7:2022-12-24 16:20:06,128:14637: No my_buy_price unavailable
CRITICAL:strat7:2022-12-24 16:22:59,825:14632: Yes my_avgbuy_price unavailable
CRITICAL:strat7:2022-12-24 16:23:02,118:14632: Yes my_avgbuy_price unavailable
CRITICAL:strat7:2022-12-24 16:23:05,339:14632: Yes my_avgbuy_price unavailable
CRITICAL:strat7:2022-12-24 16:23:07,463:14632: Yes my_avgbuy_price unavailable
CRITICAL:strat7:2022-12-24 16:23:40,381:14633: Yes my_avgbuy_price unavailable
CRITICAL:strat7:2022-12-24 16:23:42,678:14633: Yes my_avgbuy_price unavailable
CRITICAL:strat7:2022-12-24 16:23:46,059:14633: Yes my_avgbuy_price unavailable
CRITICAL:strat7:2022-12-24 16:23:48,257:14633: Yes my_avgbuy_price unavailable
CRITICAL:strat7:2022-12-24 16:24:15,212:14634: Yes my_avgbuy_price unavailable
CRITICAL:strat7:2022-12-24 16:24:17,645:14634: Yes my_avgbuy_price unavailable
CRITICAL:strat7:2022-12-24 16:24:20,548:14634: Yes my_avgbuy_price unavailable
CRITICAL:strat7:2022-12-24 16:24:22,486:14634: Yes my_avgbuy_price unavailable
CRITICAL:strat7:2022-12-24 16:24:52,731:14635: No my_buy_price unavailable
CRITICAL:strat7:2022-12-24 16:24:54,856:14635: No my_buy_price unavailable
CRITICAL:strat7:2022-12-24 16:24:58,384:14635: No my_buy_price unavailable
CRITICAL:strat7:2022-12-24 16:25:00,941:14635: No my_buy_price unavailable
CRITICAL:strat7:2022-12-24 16:25:30,584:14636: No my_buy_price unavailable
CRITICAL:strat7:2022-12-24 16:25:32,806:14636: No my_buy_price unavailable
CRITICAL:strat7:2022-12-24 16:25:35,628:14636: No my_buy_price unavailable
CRITICAL:strat7:2022-12-24 16:25:37,623:14636: No my_buy_price unavailable
CRITICAL:strat7:2022-12-24 16:26:05,830:14637: No my_buy_price unavailable
CRITICAL:strat7:2022-12-24 16:26:08,042:14637: No my_buy_price unavailable
CRITICAL:strat7:2022-12-24 16:26:10,951:14637: No my_buy_price unavailable
CRITICAL:strat7:2022-12-24 16:26:13,175:14637: No my_buy_price unavailable
CRITICAL:strat7:2022-12-24 16:29:03,355:14632: Yes my_avgbuy_price unavailable
CRITICAL:strat7:2022-12-24 16:29:05,537:14632: Yes my_avgbuy_price unavailable
CRITICAL:strat7:2022-12-24 16:29:08,723:14632: Yes my_avgbuy_price unavailable
CRITICAL:strat7:2022-12-24 16:29:10,994:14632: Yes my_avgbuy_price unavailable
CRITICAL:strat7:2022-12-24 16:29:36,417:14633: Yes my_avgbuy_price unavailable
CRITICAL:strat7:2022-12-24 16:29:39,358:14633: Yes my_avgbuy_price unavailable
CRITICAL:strat7:2022-12-24 16:29:42,695:14633: Yes my_avgbuy_price unavailable
CRITICAL:strat7:2022-12-24 16:29:44,947:14633: Yes my_avgbuy_price unavailable
CRITICAL:strat7:2022-12-24 16:30:16,514:14634: Yes my_avgbuy_price unavailable
CRITICAL:strat7:2022-12-24 16:30:20,273:14634: Yes my_avgbuy_price unavailable
CRITICAL:strat7:2022-12-24 16:30:23,429:14634: Yes my_avgbuy_price unavailable
CRITICAL:strat7:2022-12-24 16:30:25,899:14634: Yes my_avgbuy_price unavailable
CRITICAL:strat7:2022-12-24 16:30:54,792:14635: No my_buy_price unavailable
CRITICAL:strat7:2022-12-24 16:30:56,944:14635: No my_buy_price unavailable
CRITICAL:strat7:2022-12-24 16:30:59,949:14635: No my_buy_price unavailable
CRITICAL:strat7:2022-12-24 16:31:02,303:14635: No my_buy_price unavailable
CRITICAL:strat7:2022-12-24 16:31:33,501:14636: No my_buy_price unavailable
CRITICAL:strat7:2022-12-24 16:31:35,695:14636: No my_buy_price unavailable
CRITICAL:strat7:2022-12-24 16:31:38,654:14636: No my_buy_price unavailable
CRITICAL:strat7:2022-12-24 16:31:40,584:14636: No my_buy_price unavailable
CRITICAL:strat7:2022-12-24 16:32:12,931:14637: No my_buy_price unavailable
CRITICAL:strat7:2022-12-24 16:32:15,305:14637: No my_buy_price unavailable
CRITICAL:strat7:2022-12-24 16:32:18,744:14637: No my_buy_price unavailable
CRITICAL:strat7:2022-12-24 16:32:20,742:14637: No my_buy_price unavailable
CRITICAL:strat7:2022-12-24 16:35:13,942:14632: Yes my_avgbuy_price unavailable
CRITICAL:strat7:2022-12-24 16:35:16,080:14632: Yes my_avgbuy_price unavailable
CRITICAL:strat7:2022-12-24 16:35:19,028:14632: Yes my_avgbuy_price unavailable
CRITICAL:strat7:2022-12-24 16:35:21,016:14632: Yes my_avgbuy_price unavailable
CRITICAL:strat7:2022-12-24 16:35:49,494:14633: Yes my_avgbuy_price unavailable
CRITICAL:strat7:2022-12-24 16:35:51,649:14633: Yes my_avgbuy_price unavailable
CRITICAL:strat7:2022-12-24 16:35:54,565:14633: Yes my_avgbuy_price unavailable
CRITICAL:strat7:2022-12-24 16:35:56,605:14633: Yes my_avgbuy_price unavailable
CRITICAL:strat7:2022-12-24 16:36:22,414:14634: Yes my_avgbuy_price unavailable
CRITICAL:strat7:2022-12-24 16:36:24,565:14634: Yes my_avgbuy_price unavailable
CRITICAL:strat7:2022-12-24 16:36:27,449:14634: Yes my_avgbuy_price unavailable
CRITICAL:strat7:2022-12-24 16:36:29,604:14634: Yes my_avgbuy_price unavailable
CRITICAL:strat7:2022-12-24 16:36:57,161:14635: No my_buy_price unavailable
CRITICAL:strat7:2022-12-24 16:36:59,433:14635: No my_buy_price unavailable
CRITICAL:strat7:2022-12-24 16:37:02,428:14635: No my_buy_price unavailable
CRITICAL:strat7:2022-12-24 16:37:04,521:14635: No my_buy_price unavailable
CRITICAL:strat7:2022-12-24 16:37:31,326:14636: No my_buy_price unavailable
CRITICAL:strat7:2022-12-24 16:37:33,448:14636: No my_buy_price unavailable
CRITICAL:strat7:2022-12-24 16:37:36,270:14636: No my_buy_price unavailable
CRITICAL:strat7:2022-12-24 16:37:38,331:14636: No my_buy_price unavailable
CRITICAL:strat7:2022-12-24 16:38:04,278:14637: No my_buy_price unavailable
CRITICAL:strat7:2022-12-24 16:38:06,228:14637: No my_buy_price unavailable
CRITICAL:strat7:2022-12-24 16:38:09,220:14637: No my_buy_price unavailable
CRITICAL:strat7:2022-12-24 16:38:11,403:14637: No my_buy_price unavailable
CRITICAL:strat7:2022-12-24 16:41:03,033:14632: Yes my_avgbuy_price unavailable
CRITICAL:strat7:2022-12-24 16:41:05,227:14632: Yes my_avgbuy_price unavailable
CRITICAL:strat7:2022-12-24 16:41:08,332:14632: Yes my_avgbuy_price unavailable
CRITICAL:strat7:2022-12-24 16:41:10,508:14632: Yes my_avgbuy_price unavailable
CRITICAL:strat7:2022-12-24 16:41:38,377:14633: Yes my_avgbuy_price unavailable
CRITICAL:strat7:2022-12-24 16:41:42,701:14633: Yes my_avgbuy_price unavailable
CRITICAL:strat7:2022-12-24 16:41:45,687:14633: Yes my_avgbuy_price unavailable
CRITICAL:strat7:2022-12-24 16:41:47,754:14633: Yes my_avgbuy_price unavailable
CRITICAL:strat7:2022-12-24 16:42:19,503:14634: Yes my_avgbuy_price unavailable
CRITICAL:strat7:2022-12-24 16:42:21,473:14634: Yes my_avgbuy_price unavailable
CRITICAL:strat7:2022-12-24 16:42:24,272:14634: Yes my_avgbuy_price unavailable
CRITICAL:strat7:2022-12-24 16:42:26,518:14634: Yes my_avgbuy_price unavailable
CRITICAL:strat7:2022-12-24 16:42:53,664:14635: No my_buy_price unavailable
CRITICAL:strat7:2022-12-24 16:42:55,746:14635: No my_buy_price unavailable
CRITICAL:strat7:2022-12-24 16:42:58,525:14635: No my_buy_price unavailable
CRITICAL:strat7:2022-12-24 16:43:00,557:14635: No my_buy_price unavailable
CRITICAL:strat7:2022-12-24 16:43:27,472:14636: No my_buy_price unavailable
CRITICAL:strat7:2022-12-24 16:43:29,671:14636: No my_buy_price unavailable
CRITICAL:strat7:2022-12-24 16:43:32,577:14636: No my_buy_price unavailable
CRITICAL:strat7:2022-12-24 16:43:34,615:14636: No my_buy_price unavailable
CRITICAL:strat7:2022-12-24 16:44:11,079:14637: No my_buy_price unavailable
CRITICAL:strat7:2022-12-24 16:44:13,133:14637: No my_buy_price unavailable
CRITICAL:strat7:2022-12-24 16:44:16,490:14637: No my_buy_price unavailable
CRITICAL:strat7:2022-12-24 16:44:18,596:14637: No my_buy_price unavailable
CRITICAL:strat7:2022-12-24 16:46:49,866:14632: Yes my_avgbuy_price unavailable
CRITICAL:strat7:2022-12-24 16:46:52,392:14632: Yes my_avgbuy_price unavailable
CRITICAL:strat7:2022-12-24 16:46:55,908:14632: Yes my_avgbuy_price unavailable
CRITICAL:strat7:2022-12-24 16:46:58,266:14632: Yes my_avgbuy_price unavailable
CRITICAL:strat7:2022-12-24 16:47:28,580:14633: Yes my_avgbuy_price unavailable
CRITICAL:strat7:2022-12-24 16:47:30,794:14633: Yes my_avgbuy_price unavailable
CRITICAL:strat7:2022-12-24 16:47:33,997:14633: Yes my_avgbuy_price unavailable
CRITICAL:strat7:2022-12-24 16:47:36,501:14633: Yes my_avgbuy_price unavailable
CRITICAL:strat7:2022-12-24 16:48:06,543:14634: Yes my_avgbuy_price unavailable
CRITICAL:strat7:2022-12-24 16:48:08,559:14634: Yes my_avgbuy_price unavailable
CRITICAL:strat7:2022-12-24 16:48:11,392:14634: Yes my_avgbuy_price unavailable
CRITICAL:strat7:2022-12-24 16:48:13,541:14634: Yes my_avgbuy_price unavailable
CRITICAL:strat7:2022-12-24 16:48:41,464:14635: No my_buy_price unavailable
CRITICAL:strat7:2022-12-24 16:48:43,504:14635: No my_buy_price unavailable
CRITICAL:strat7:2022-12-24 16:48:46,469:14635: No my_buy_price unavailable
CRITICAL:strat7:2022-12-24 16:48:48,523:14635: No my_buy_price unavailable
CRITICAL:strat7:2022-12-24 16:49:15,110:14636: No my_buy_price unavailable
CRITICAL:strat7:2022-12-24 16:49:17,166:14636: No my_buy_price unavailable
CRITICAL:strat7:2022-12-24 16:49:20,153:14636: No my_buy_price unavailable
CRITICAL:strat7:2022-12-24 16:49:22,245:14636: No my_buy_price unavailable
CRITICAL:strat7:2022-12-24 16:49:52,088:14637: No my_buy_price unavailable
CRITICAL:strat7:2022-12-24 16:49:54,177:14637: No my_buy_price unavailable
CRITICAL:strat7:2022-12-24 16:49:57,203:14637: No my_buy_price unavailable
CRITICAL:strat7:2022-12-24 16:49:59,365:14637: No my_buy_price unavailable
CRITICAL:strat7:2022-12-24 16:52:33,062:14632: Yes my_avgbuy_price unavailable
CRITICAL:strat7:2022-12-24 16:52:35,220:14632: Yes my_avgbuy_price unavailable
CRITICAL:strat7:2022-12-24 16:52:38,482:14632: Yes my_avgbuy_price unavailable
CRITICAL:strat7:2022-12-24 16:52:40,704:14632: Yes my_avgbuy_price unavailable
CRITICAL:strat7:2022-12-24 16:53:10,455:14633: Yes my_avgbuy_price unavailable
CRITICAL:strat7:2022-12-24 16:53:12,662:14633: Yes my_avgbuy_price unavailable
CRITICAL:strat7:2022-12-24 16:53:15,615:14633: Yes my_avgbuy_price unavailable
CRITICAL:strat7:2022-12-24 16:53:17,719:14633: Yes my_avgbuy_price unavailable
CRITICAL:strat7:2022-12-24 16:53:46,473:14634: Yes my_avgbuy_price unavailable
CRITICAL:strat7:2022-12-24 16:53:48,691:14634: Yes my_avgbuy_price unavailable
CRITICAL:strat7:2022-12-24 16:53:51,588:14634: Yes my_avgbuy_price unavailable
CRITICAL:strat7:2022-12-24 16:53:53,730:14634: Yes my_avgbuy_price unavailable
CRITICAL:strat7:2022-12-24 16:54:24,400:14635: No my_buy_price unavailable
CRITICAL:strat7:2022-12-24 16:54:26,546:14635: No my_buy_price unavailable
CRITICAL:strat7:2022-12-24 16:54:29,474:14635: No my_buy_price unavailable
CRITICAL:strat7:2022-12-24 16:54:31,612:14635: No my_buy_price unavailable
CRITICAL:strat7:2022-12-24 16:55:00,480:14636: No my_buy_price unavailable
CRITICAL:strat7:2022-12-24 16:55:02,634:14636: No my_buy_price unavailable
CRITICAL:strat7:2022-12-24 16:55:05,543:14636: No my_buy_price unavailable
CRITICAL:strat7:2022-12-24 16:55:07,686:14636: No my_buy_price unavailable
CRITICAL:strat7:2022-12-24 16:55:37,286:14637: No my_buy_price unavailable
CRITICAL:strat7:2022-12-24 16:55:39,494:14637: No my_buy_price unavailable
CRITICAL:strat7:2022-12-24 16:55:42,497:14637: No my_buy_price unavailable
CRITICAL:strat7:2022-12-24 16:55:44,624:14637: No my_buy_price unavailable
CRITICAL:strat7:2022-12-24 16:58:16,772:14632: Yes my_avgbuy_price unavailable
CRITICAL:strat7:2022-12-24 16:58:18,809:14632: Yes my_avgbuy_price unavailable
CRITICAL:strat7:2022-12-24 16:58:21,700:14632: Yes my_avgbuy_price unavailable
CRITICAL:strat7:2022-12-24 16:58:23,786:14632: Yes my_avgbuy_price unavailable
CRITICAL:strat7:2022-12-24 16:58:51,049:14633: Yes my_avgbuy_price unavailable
CRITICAL:strat7:2022-12-24 16:58:53,063:14633: Yes my_avgbuy_price unavailable
CRITICAL:strat7:2022-12-24 16:58:55,967:14633: Yes my_avgbuy_price unavailable
CRITICAL:strat7:2022-12-24 16:58:58,123:14633: Yes my_avgbuy_price unavailable
CRITICAL:strat7:2022-12-24 16:59:25,116:14634: Yes my_avgbuy_price unavailable
CRITICAL:strat7:2022-12-24 16:59:27,158:14634: Yes my_avgbuy_price unavailable
CRITICAL:strat7:2022-12-24 16:59:30,109:14634: Yes my_avgbuy_price unavailable
CRITICAL:strat7:2022-12-24 16:59:32,217:14634: Yes my_avgbuy_price unavailable
CRITICAL:strat7:2022-12-24 16:59:57,681:14635: No my_buy_price unavailable
CRITICAL:strat7:2022-12-24 16:59:59,961:14635: No my_buy_price unavailable
CRITICAL:strat7:2022-12-24 17:00:03,217:14635: No my_buy_price unavailable
CRITICAL:strat7:2022-12-24 17:00:05,336:14635: No my_buy_price unavailable
CRITICAL:strat7:2022-12-24 17:00:33,423:14636: No my_buy_price unavailable
CRITICAL:strat7:2022-12-24 17:00:35,744:14636: No my_buy_price unavailable
CRITICAL:strat7:2022-12-24 17:00:38,956:14636: No my_buy_price unavailable
CRITICAL:strat7:2022-12-24 17:00:40,918:14636: No my_buy_price unavailable
CRITICAL:strat7:2022-12-24 17:01:05,275:14637: No my_buy_price unavailable
CRITICAL:strat7:2022-12-24 17:01:07,572:14637: No my_buy_price unavailable
CRITICAL:strat7:2022-12-24 17:01:10,744:14637: No my_buy_price unavailable
CRITICAL:strat7:2022-12-24 17:01:12,876:14637: No my_buy_price unavailable
CRITICAL:strat7:2022-12-24 17:03:32,268:14632: Yes my_avgbuy_price unavailable
CRITICAL:strat7:2022-12-24 17:03:34,725:14632: Yes my_avgbuy_price unavailable
CRITICAL:strat7:2022-12-24 17:03:37,717:14632: Yes my_avgbuy_price unavailable
CRITICAL:strat7:2022-12-24 17:03:39,707:14632: Yes my_avgbuy_price unavailable
CRITICAL:strat7:2022-12-24 17:04:07,181:14633: Yes my_avgbuy_price unavailable
CRITICAL:strat7:2022-12-24 17:04:09,510:14633: Yes my_avgbuy_price unavailable
CRITICAL:strat7:2022-12-24 17:04:12,745:14633: Yes my_avgbuy_price unavailable
CRITICAL:strat7:2022-12-24 17:04:14,855:14633: Yes my_avgbuy_price unavailable
CRITICAL:strat7:2022-12-24 17:04:39,025:14634: Yes my_avgbuy_price unavailable
CRITICAL:strat7:2022-12-24 17:04:41,156:14634: Yes my_avgbuy_price unavailable
CRITICAL:strat7:2022-12-24 17:04:44,444:14634: Yes my_avgbuy_price unavailable
CRITICAL:strat7:2022-12-24 17:04:46,537:14634: Yes my_avgbuy_price unavailable
CRITICAL:strat7:2022-12-24 17:05:11,167:14635: No my_buy_price unavailable
CRITICAL:strat7:2022-12-24 17:05:13,448:14635: No my_buy_price unavailable
CRITICAL:strat7:2022-12-24 17:05:16,666:14635: No my_buy_price unavailable
CRITICAL:strat7:2022-12-24 17:05:18,691:14635: No my_buy_price unavailable
CRITICAL:strat7:2022-12-24 17:05:42,574:14636: No my_buy_price unavailable
CRITICAL:strat7:2022-12-24 17:05:44,515:14636: No my_buy_price unavailable
CRITICAL:strat7:2022-12-24 17:05:47,285:14636: No my_buy_price unavailable
CRITICAL:strat7:2022-12-24 17:05:49,143:14636: No my_buy_price unavailable
CRITICAL:strat7:2022-12-24 17:06:11,879:14637: No my_buy_price unavailable
CRITICAL:strat7:2022-12-24 17:06:14,172:14637: No my_buy_price unavailable
CRITICAL:strat7:2022-12-24 17:06:17,207:14637: No my_buy_price unavailable
CRITICAL:strat7:2022-12-24 17:06:19,184:14637: No my_buy_price unavailable
CRITICAL:strat7:2022-12-24 17:08:46,285:14632: Yes my_avgbuy_price unavailable
CRITICAL:strat7:2022-12-24 17:08:48,676:14632: Yes my_avgbuy_price unavailable
CRITICAL:strat7:2022-12-24 17:08:51,893:14632: Yes my_avgbuy_price unavailable
CRITICAL:strat7:2022-12-24 17:08:54,089:14632: Yes my_avgbuy_price unavailable
CRITICAL:strat7:2022-12-24 17:09:20,583:14633: Yes my_avgbuy_price unavailable
CRITICAL:strat7:2022-12-24 17:09:22,736:14633: Yes my_avgbuy_price unavailable
CRITICAL:strat7:2022-12-24 17:09:25,650:14633: Yes my_avgbuy_price unavailable
CRITICAL:strat7:2022-12-24 17:09:27,816:14633: Yes my_avgbuy_price unavailable
CRITICAL:strat7:2022-12-24 17:09:55,706:14634: Yes my_avgbuy_price unavailable
CRITICAL:strat7:2022-12-24 17:09:57,889:14634: Yes my_avgbuy_price unavailable
CRITICAL:strat7:2022-12-24 17:10:01,009:14634: Yes my_avgbuy_price unavailable
CRITICAL:strat7:2022-12-24 17:10:03,167:14634: Yes my_avgbuy_price unavailable
CRITICAL:strat7:2022-12-24 17:10:33,448:14635: No my_buy_price unavailable
CRITICAL:strat7:2022-12-24 17:10:35,590:14635: No my_buy_price unavailable
CRITICAL:strat7:2022-12-24 17:10:38,581:14635: No my_buy_price unavailable
CRITICAL:strat7:2022-12-24 17:10:40,698:14635: No my_buy_price unavailable
CRITICAL:strat7:2022-12-24 17:11:11,837:14636: No my_buy_price unavailable
CRITICAL:strat7:2022-12-24 17:11:13,940:14636: No my_buy_price unavailable
CRITICAL:strat7:2022-12-24 17:11:16,986:14636: No my_buy_price unavailable
CRITICAL:strat7:2022-12-24 17:11:19,076:14636: No my_buy_price unavailable
CRITICAL:strat7:2022-12-24 17:11:53,376:14637: No my_buy_price unavailable
CRITICAL:strat7:2022-12-24 17:11:55,581:14637: No my_buy_price unavailable
CRITICAL:strat7:2022-12-24 17:11:58,566:14637: No my_buy_price unavailable
CRITICAL:strat7:2022-12-24 17:12:00,866:14637: No my_buy_price unavailable
CRITICAL:strat7:2022-12-24 17:14:28,630:14632: Yes my_avgbuy_price unavailable
CRITICAL:strat7:2022-12-24 17:14:30,917:14632: Yes my_avgbuy_price unavailable
CRITICAL:strat7:2022-12-24 17:14:34,134:14632: Yes my_avgbuy_price unavailable
CRITICAL:strat7:2022-12-24 17:14:36,474:14632: Yes my_avgbuy_price unavailable
CRITICAL:strat7:2022-12-24 17:15:08,605:14633: Yes my_avgbuy_price unavailable
CRITICAL:strat7:2022-12-24 17:15:10,926:14633: Yes my_avgbuy_price unavailable
CRITICAL:strat7:2022-12-24 17:15:14,196:14633: Yes my_avgbuy_price unavailable
CRITICAL:strat7:2022-12-24 17:15:16,514:14633: Yes my_avgbuy_price unavailable
CRITICAL:strat7:2022-12-24 17:15:44,934:14634: Yes my_avgbuy_price unavailable
CRITICAL:strat7:2022-12-24 17:15:47,389:14634: Yes my_avgbuy_price unavailable
CRITICAL:strat7:2022-12-24 17:15:51,661:14634: Yes my_avgbuy_price unavailable
CRITICAL:strat7:2022-12-24 17:15:53,831:14634: Yes my_avgbuy_price unavailable
CRITICAL:strat7:2022-12-24 17:16:29,688:14635: No my_buy_price unavailable
CRITICAL:strat7:2022-12-24 17:16:31,850:14635: No my_buy_price unavailable
CRITICAL:strat7:2022-12-24 17:16:34,772:14635: No my_buy_price unavailable
CRITICAL:strat7:2022-12-24 17:16:36,857:14635: No my_buy_price unavailable
CRITICAL:strat7:2022-12-24 17:17:11,649:14636: No my_buy_price unavailable
CRITICAL:strat7:2022-12-24 17:17:13,866:14636: No my_buy_price unavailable
CRITICAL:strat7:2022-12-24 17:17:16,969:14636: No my_buy_price unavailable
CRITICAL:strat7:2022-12-24 17:17:18,956:14636: No my_buy_price unavailable
CRITICAL:strat7:2022-12-24 17:17:46,898:14637: No my_buy_price unavailable
CRITICAL:strat7:2022-12-24 17:17:49,030:14637: No my_buy_price unavailable
CRITICAL:strat7:2022-12-24 17:17:52,004:14637: No my_buy_price unavailable
CRITICAL:strat7:2022-12-24 17:17:54,071:14637: No my_buy_price unavailable
CRITICAL:strat7:2022-12-24 17:20:41,070:14632: Yes my_avgbuy_price unavailable
CRITICAL:strat7:2022-12-24 17:20:43,594:14632: Yes my_avgbuy_price unavailable
CRITICAL:strat7:2022-12-24 17:20:47,059:14632: Yes my_avgbuy_price unavailable
CRITICAL:strat7:2022-12-24 17:20:49,826:14632: Yes my_avgbuy_price unavailable
CRITICAL:strat7:2022-12-24 17:21:22,423:14633: Yes my_avgbuy_price unavailable
CRITICAL:strat7:2022-12-24 17:21:24,572:14633: Yes my_avgbuy_price unavailable
CRITICAL:strat7:2022-12-24 17:21:27,608:14633: Yes my_avgbuy_price unavailable
CRITICAL:strat7:2022-12-24 17:21:29,869:14633: Yes my_avgbuy_price unavailable
CRITICAL:strat7:2022-12-24 17:22:01,304:14634: Yes my_avgbuy_price unavailable
CRITICAL:strat7:2022-12-24 17:22:03,686:14634: Yes my_avgbuy_price unavailable
CRITICAL:strat7:2022-12-24 17:22:06,970:14634: Yes my_avgbuy_price unavailable
CRITICAL:strat7:2022-12-24 17:22:09,150:14634: Yes my_avgbuy_price unavailable
CRITICAL:strat7:2022-12-24 17:22:46,395:14635: No my_buy_price unavailable
CRITICAL:strat7:2022-12-24 17:22:48,647:14635: No my_buy_price unavailable
CRITICAL:strat7:2022-12-24 17:22:51,778:14635: No my_buy_price unavailable
CRITICAL:strat7:2022-12-24 17:22:53,857:14635: No my_buy_price unavailable
CRITICAL:strat7:2022-12-24 17:23:29,171:14636: No my_buy_price unavailable
CRITICAL:strat7:2022-12-24 17:23:32,076:14636: No my_buy_price unavailable
CRITICAL:strat7:2022-12-24 17:23:35,263:14636: No my_buy_price unavailable
CRITICAL:strat7:2022-12-24 17:23:37,530:14636: No my_buy_price unavailable
CRITICAL:strat7:2022-12-24 17:24:12,300:14637: No my_buy_price unavailable
CRITICAL:strat7:2022-12-24 17:24:14,724:14637: No my_buy_price unavailable
CRITICAL:strat7:2022-12-24 17:24:18,253:14637: No my_buy_price unavailable
CRITICAL:strat7:2022-12-24 17:24:20,570:14637: No my_buy_price unavailable
CRITICAL:strat7:2022-12-24 17:26:58,932:14632: Yes my_avgbuy_price unavailable
CRITICAL:strat7:2022-12-24 17:27:01,398:14632: Yes my_avgbuy_price unavailable
CRITICAL:strat7:2022-12-24 17:27:04,491:14632: Yes my_avgbuy_price unavailable
CRITICAL:strat7:2022-12-24 17:27:06,607:14632: Yes my_avgbuy_price unavailable
CRITICAL:strat7:2022-12-24 17:27:37,970:14633: Yes my_avgbuy_price unavailable
CRITICAL:strat7:2022-12-24 17:27:40,162:14633: Yes my_avgbuy_price unavailable
CRITICAL:strat7:2022-12-24 17:27:43,327:14633: Yes my_avgbuy_price unavailable
CRITICAL:strat7:2022-12-24 17:27:46,181:14633: Yes my_avgbuy_price unavailable
CRITICAL:strat7:2022-12-24 17:28:22,603:14634: Yes my_avgbuy_price unavailable
CRITICAL:strat7:2022-12-24 17:28:25,135:14634: Yes my_avgbuy_price unavailable
CRITICAL:strat7:2022-12-24 17:28:29,158:14634: Yes my_avgbuy_price unavailable
CRITICAL:strat7:2022-12-24 17:28:31,613:14634: Yes my_avgbuy_price unavailable
CRITICAL:strat7:2022-12-24 17:29:01,975:14635: No my_buy_price unavailable
CRITICAL:strat7:2022-12-24 17:29:04,363:14635: No my_buy_price unavailable
CRITICAL:strat7:2022-12-24 17:29:07,622:14635: No my_buy_price unavailable
CRITICAL:strat7:2022-12-24 17:29:10,000:14635: No my_buy_price unavailable
CRITICAL:strat7:2022-12-24 17:29:46,953:14636: No my_buy_price unavailable
CRITICAL:strat7:2022-12-24 17:29:49,084:14636: No my_buy_price unavailable
CRITICAL:strat7:2022-12-24 17:29:52,094:14636: No my_buy_price unavailable
CRITICAL:strat7:2022-12-24 17:29:54,194:14636: No my_buy_price unavailable
CRITICAL:strat7:2022-12-24 17:30:28,212:14637: No my_buy_price unavailable
CRITICAL:strat7:2022-12-24 17:30:31,165:14637: No my_buy_price unavailable
CRITICAL:strat7:2022-12-24 17:30:35,129:14637: No my_buy_price unavailable
CRITICAL:strat7:2022-12-24 17:30:37,352:14637: No my_buy_price unavailable
CRITICAL:strat7:2022-12-24 17:33:20,728:14632: Yes my_avgbuy_price unavailable
CRITICAL:strat7:2022-12-24 17:33:22,895:14632: Yes my_avgbuy_price unavailable
CRITICAL:strat7:2022-12-24 17:33:25,974:14632: Yes my_avgbuy_price unavailable
CRITICAL:strat7:2022-12-24 17:33:29,377:14632: Yes my_avgbuy_price unavailable
CRITICAL:strat7:2022-12-24 17:33:59,540:14633: Yes my_avgbuy_price unavailable
CRITICAL:strat7:2022-12-24 17:34:01,616:14633: Yes my_avgbuy_price unavailable
CRITICAL:strat7:2022-12-24 17:34:04,536:14633: Yes my_avgbuy_price unavailable
CRITICAL:strat7:2022-12-24 17:34:06,592:14633: Yes my_avgbuy_price unavailable
CRITICAL:strat7:2022-12-24 17:34:33,048:14634: Yes my_avgbuy_price unavailable
CRITICAL:strat7:2022-12-24 17:34:35,460:14634: Yes my_avgbuy_price unavailable
CRITICAL:strat7:2022-12-24 17:34:38,526:14634: Yes my_avgbuy_price unavailable
CRITICAL:strat7:2022-12-24 17:34:40,590:14634: Yes my_avgbuy_price unavailable
CRITICAL:strat7:2022-12-24 17:35:11,912:14635: No my_buy_price unavailable
CRITICAL:strat7:2022-12-24 17:35:14,045:14635: No my_buy_price unavailable
CRITICAL:strat7:2022-12-24 17:35:16,999:14635: No my_buy_price unavailable
CRITICAL:strat7:2022-12-24 17:35:19,022:14635: No my_buy_price unavailable
CRITICAL:strat7:2022-12-24 17:35:54,207:14636: No my_buy_price unavailable
CRITICAL:strat7:2022-12-24 17:35:56,336:14636: No my_buy_price unavailable
CRITICAL:strat7:2022-12-24 17:35:59,321:14636: No my_buy_price unavailable
CRITICAL:strat7:2022-12-24 17:36:02,720:14636: No my_buy_price unavailable
CRITICAL:strat7:2022-12-24 17:36:47,802:14637: No my_buy_price unavailable
CRITICAL:strat7:2022-12-24 17:36:50,027:14637: No my_buy_price unavailable
CRITICAL:strat7:2022-12-24 17:36:53,364:14637: No my_buy_price unavailable
CRITICAL:strat7:2022-12-24 17:36:55,429:14637: No my_buy_price unavailable
CRITICAL:strat7:2022-12-24 17:39:37,452:14632: Yes my_avgbuy_price unavailable
CRITICAL:strat7:2022-12-24 17:39:41,148:14632: Yes my_avgbuy_price unavailable
CRITICAL:strat7:2022-12-24 17:39:44,224:14632: Yes my_avgbuy_price unavailable
CRITICAL:strat7:2022-12-24 17:39:46,286:14632: Yes my_avgbuy_price unavailable
CRITICAL:strat7:2022-12-24 17:40:12,887:14633: Yes my_avgbuy_price unavailable
CRITICAL:strat7:2022-12-24 17:40:14,921:14633: Yes my_avgbuy_price unavailable
CRITICAL:strat7:2022-12-24 17:40:18,115:14633: Yes my_avgbuy_price unavailable
CRITICAL:strat7:2022-12-24 17:40:20,189:14633: Yes my_avgbuy_price unavailable
CRITICAL:strat7:2022-12-24 17:40:46,485:14634: Yes my_avgbuy_price unavailable
CRITICAL:strat7:2022-12-24 17:40:48,667:14634: Yes my_avgbuy_price unavailable
CRITICAL:strat7:2022-12-24 17:40:51,677:14634: Yes my_avgbuy_price unavailable
CRITICAL:strat7:2022-12-24 17:40:53,892:14634: Yes my_avgbuy_price unavailable
CRITICAL:strat7:2022-12-24 17:41:22,190:14635: No my_buy_price unavailable
CRITICAL:strat7:2022-12-24 17:41:24,359:14635: No my_buy_price unavailable
CRITICAL:strat7:2022-12-24 17:41:27,392:14635: No my_buy_price unavailable
CRITICAL:strat7:2022-12-24 17:41:29,598:14635: No my_buy_price unavailable
CRITICAL:strat7:2022-12-24 17:41:59,215:14636: No my_buy_price unavailable
CRITICAL:strat7:2022-12-24 17:42:01,541:14636: No my_buy_price unavailable
CRITICAL:strat7:2022-12-24 17:42:04,494:14636: No my_buy_price unavailable
CRITICAL:strat7:2022-12-24 17:42:06,597:14636: No my_buy_price unavailable
CRITICAL:strat7:2022-12-24 17:42:34,061:14637: No my_buy_price unavailable
CRITICAL:strat7:2022-12-24 17:42:36,115:14637: No my_buy_price unavailable
CRITICAL:strat7:2022-12-24 17:42:39,185:14637: No my_buy_price unavailable
CRITICAL:strat7:2022-12-24 17:42:41,478:14637: No my_buy_price unavailable
CRITICAL:strat7:2022-12-24 17:45:14,541:14632: Yes my_avgbuy_price unavailable
CRITICAL:strat7:2022-12-24 17:45:16,792:14632: Yes my_avgbuy_price unavailable
CRITICAL:strat7:2022-12-24 17:45:19,699:14632: Yes my_avgbuy_price unavailable
CRITICAL:strat7:2022-12-24 17:45:21,798:14632: Yes my_avgbuy_price unavailable
CRITICAL:strat7:2022-12-24 17:45:50,467:14633: Yes my_avgbuy_price unavailable
CRITICAL:strat7:2022-12-24 17:45:52,716:14633: Yes my_avgbuy_price unavailable
CRITICAL:strat7:2022-12-24 17:45:56,377:14633: Yes my_avgbuy_price unavailable
CRITICAL:strat7:2022-12-24 17:45:58,717:14633: Yes my_avgbuy_price unavailable
CRITICAL:strat7:2022-12-24 17:46:27,502:14634: Yes my_avgbuy_price unavailable
CRITICAL:strat7:2022-12-24 17:46:29,682:14634: Yes my_avgbuy_price unavailable
CRITICAL:strat7:2022-12-24 17:46:32,618:14634: Yes my_avgbuy_price unavailable
CRITICAL:strat7:2022-12-24 17:46:34,780:14634: Yes my_avgbuy_price unavailable
CRITICAL:strat7:2022-12-24 17:47:03,417:14635: No my_buy_price unavailable
CRITICAL:strat7:2022-12-24 17:47:05,579:14635: No my_buy_price unavailable
CRITICAL:strat7:2022-12-24 17:47:08,502:14635: No my_buy_price unavailable
CRITICAL:strat7:2022-12-24 17:47:10,665:14635: No my_buy_price unavailable
CRITICAL:strat7:2022-12-24 17:47:38,966:14636: No my_buy_price unavailable
CRITICAL:strat7:2022-12-24 17:47:40,945:14636: No my_buy_price unavailable
CRITICAL:strat7:2022-12-24 17:47:43,790:14636: No my_buy_price unavailable
CRITICAL:strat7:2022-12-24 17:47:45,777:14636: No my_buy_price unavailable
CRITICAL:strat7:2022-12-24 17:48:13,145:14637: No my_buy_price unavailable
CRITICAL:strat7:2022-12-24 17:48:15,277:14637: No my_buy_price unavailable
CRITICAL:strat7:2022-12-24 17:48:18,191:14637: No my_buy_price unavailable
CRITICAL:strat7:2022-12-24 17:48:20,277:14637: No my_buy_price unavailable
CRITICAL:strat7:2022-12-24 17:50:41,468:14632: Yes my_avgbuy_price unavailable
CRITICAL:strat7:2022-12-24 17:50:43,542:14632: Yes my_avgbuy_price unavailable
CRITICAL:strat7:2022-12-24 17:50:46,469:14632: Yes my_avgbuy_price unavailable
CRITICAL:strat7:2022-12-24 17:50:48,481:14632: Yes my_avgbuy_price unavailable
CRITICAL:strat7:2022-12-24 17:51:17,156:14633: Yes my_avgbuy_price unavailable
CRITICAL:strat7:2022-12-24 17:51:19,267:14633: Yes my_avgbuy_price unavailable
CRITICAL:strat7:2022-12-24 17:51:22,153:14633: Yes my_avgbuy_price unavailable
CRITICAL:strat7:2022-12-24 17:51:24,425:14633: Yes my_avgbuy_price unavailable
CRITICAL:strat7:2022-12-24 17:51:52,345:14634: Yes my_avgbuy_price unavailable
CRITICAL:strat7:2022-12-24 17:51:54,441:14634: Yes my_avgbuy_price unavailable
CRITICAL:strat7:2022-12-24 17:51:57,410:14634: Yes my_avgbuy_price unavailable
CRITICAL:strat7:2022-12-24 17:51:59,578:14634: Yes my_avgbuy_price unavailable
CRITICAL:strat7:2022-12-24 17:52:26,767:14635: No my_buy_price unavailable
CRITICAL:strat7:2022-12-24 17:52:28,834:14635: No my_buy_price unavailable
CRITICAL:strat7:2022-12-24 17:52:31,728:14635: No my_buy_price unavailable
CRITICAL:strat7:2022-12-24 17:52:33,722:14635: No my_buy_price unavailable
CRITICAL:strat7:2022-12-24 17:53:01,076:14636: No my_buy_price unavailable
CRITICAL:strat7:2022-12-24 17:53:03,113:14636: No my_buy_price unavailable
CRITICAL:strat7:2022-12-24 17:53:06,050:14636: No my_buy_price unavailable
CRITICAL:strat7:2022-12-24 17:53:08,089:14636: No my_buy_price unavailable
CRITICAL:strat7:2022-12-24 17:53:35,658:14637: No my_buy_price unavailable
CRITICAL:strat7:2022-12-24 17:53:37,785:14637: No my_buy_price unavailable
CRITICAL:strat7:2022-12-24 17:53:40,682:14637: No my_buy_price unavailable
CRITICAL:strat7:2022-12-24 17:53:42,770:14637: No my_buy_price unavailable
CRITICAL:strat7:2022-12-24 17:56:09,638:14632: Yes my_avgbuy_price unavailable
CRITICAL:strat7:2022-12-24 17:56:11,804:14632: Yes my_avgbuy_price unavailable
CRITICAL:strat7:2022-12-24 17:56:14,816:14632: Yes my_avgbuy_price unavailable
CRITICAL:strat7:2022-12-24 17:56:16,866:14632: Yes my_avgbuy_price unavailable
CRITICAL:strat7:2022-12-24 17:56:45,650:14633: Yes my_avgbuy_price unavailable
CRITICAL:strat7:2022-12-24 17:56:47,668:14633: Yes my_avgbuy_price unavailable
CRITICAL:strat7:2022-12-24 17:56:51,548:14633: Yes my_avgbuy_price unavailable
CRITICAL:strat7:2022-12-24 17:56:53,709:14633: Yes my_avgbuy_price unavailable
CRITICAL:strat7:2022-12-24 17:57:21,647:14634: Yes my_avgbuy_price unavailable
CRITICAL:strat7:2022-12-24 17:57:23,798:14634: Yes my_avgbuy_price unavailable
CRITICAL:strat7:2022-12-24 17:57:26,654:14634: Yes my_avgbuy_price unavailable
CRITICAL:strat7:2022-12-24 17:57:28,678:14634: Yes my_avgbuy_price unavailable
CRITICAL:strat7:2022-12-24 17:57:56,327:14635: No my_buy_price unavailable
CRITICAL:strat7:2022-12-24 17:57:58,597:14635: No my_buy_price unavailable
CRITICAL:strat7:2022-12-24 17:58:01,860:14635: No my_buy_price unavailable
CRITICAL:strat7:2022-12-24 17:58:04,188:14635: No my_buy_price unavailable
CRITICAL:strat7:2022-12-24 17:58:32,903:14636: No my_buy_price unavailable
CRITICAL:strat7:2022-12-24 17:58:34,984:14636: No my_buy_price unavailable
CRITICAL:strat7:2022-12-24 17:58:38,183:14636: No my_buy_price unavailable
CRITICAL:strat7:2022-12-24 17:58:40,376:14636: No my_buy_price unavailable
CRITICAL:strat7:2022-12-24 17:59:11,498:14637: No my_buy_price unavailable
CRITICAL:strat7:2022-12-24 17:59:13,672:14637: No my_buy_price unavailable
CRITICAL:strat7:2022-12-24 17:59:16,647:14637: No my_buy_price unavailable
CRITICAL:strat7:2022-12-24 17:59:18,781:14637: No my_buy_price unavailable
CRITICAL:strat7:2022-12-24 18:01:55,109:14632: Yes my_avgbuy_price unavailable
CRITICAL:strat7:2022-12-24 18:01:57,379:14632: Yes my_avgbuy_price unavailable
CRITICAL:strat7:2022-12-24 18:02:00,451:14632: Yes my_avgbuy_price unavailable
CRITICAL:strat7:2022-12-24 18:02:02,731:14632: Yes my_avgbuy_price unavailable
CRITICAL:strat7:2022-12-24 18:02:37,733:14633: Yes my_avgbuy_price unavailable
CRITICAL:strat7:2022-12-24 18:02:39,914:14633: Yes my_avgbuy_price unavailable
CRITICAL:strat7:2022-12-24 18:02:43,160:14633: Yes my_avgbuy_price unavailable
CRITICAL:strat7:2022-12-24 18:02:45,290:14633: Yes my_avgbuy_price unavailable
CRITICAL:strat7:2022-12-24 18:03:22,855:14634: Yes my_avgbuy_price unavailable
CRITICAL:strat7:2022-12-24 18:03:25,187:14634: Yes my_avgbuy_price unavailable
CRITICAL:strat7:2022-12-24 18:03:28,530:14634: Yes my_avgbuy_price unavailable
CRITICAL:strat7:2022-12-24 18:03:30,881:14634: Yes my_avgbuy_price unavailable
CRITICAL:strat7:2022-12-24 18:04:17,930:14635: No my_buy_price unavailable
CRITICAL:strat7:2022-12-24 18:04:20,824:14635: No my_buy_price unavailable
CRITICAL:strat7:2022-12-24 18:04:24,194:14635: No my_buy_price unavailable
CRITICAL:strat7:2022-12-24 18:04:27,020:14635: No my_buy_price unavailable
CRITICAL:strat7:2022-12-24 18:04:58,912:14636: No my_buy_price unavailable
CRITICAL:strat7:2022-12-24 18:05:01,248:14636: No my_buy_price unavailable
CRITICAL:strat7:2022-12-24 18:05:09,678:14636: No my_buy_price unavailable
CRITICAL:strat7:2022-12-24 18:05:11,681:14636: No my_buy_price unavailable
CRITICAL:strat7:2022-12-24 18:05:40,372:14637: No my_buy_price unavailable
CRITICAL:strat7:2022-12-24 18:05:42,508:14637: No my_buy_price unavailable
CRITICAL:strat7:2022-12-24 18:05:45,438:14637: No my_buy_price unavailable
CRITICAL:strat7:2022-12-24 18:05:47,583:14637: No my_buy_price unavailable
CRITICAL:strat7:2022-12-24 18:08:11,554:14632: Yes my_avgbuy_price unavailable
CRITICAL:strat7:2022-12-24 18:08:13,676:14632: Yes my_avgbuy_price unavailable
CRITICAL:strat7:2022-12-24 18:08:16,626:14632: Yes my_avgbuy_price unavailable
CRITICAL:strat7:2022-12-24 18:08:18,753:14632: Yes my_avgbuy_price unavailable
CRITICAL:strat7:2022-12-24 18:08:53,803:14633: Yes my_avgbuy_price unavailable
CRITICAL:strat7:2022-12-24 18:08:56,469:14633: Yes my_avgbuy_price unavailable
CRITICAL:strat7:2022-12-24 18:08:59,941:14633: Yes my_avgbuy_price unavailable
CRITICAL:strat7:2022-12-24 18:09:02,282:14633: Yes my_avgbuy_price unavailable
CRITICAL:strat7:2022-12-24 18:09:34,167:14634: Yes my_avgbuy_price unavailable
CRITICAL:strat7:2022-12-24 18:09:36,347:14634: Yes my_avgbuy_price unavailable
CRITICAL:strat7:2022-12-24 18:09:40,094:14634: Yes my_avgbuy_price unavailable
CRITICAL:strat7:2022-12-24 18:09:42,220:14634: Yes my_avgbuy_price unavailable
CRITICAL:strat7:2022-12-24 18:10:46,027:14636: No my_buy_price unavailable
CRITICAL:strat7:2022-12-24 18:10:48,212:14636: No my_buy_price unavailable
CRITICAL:strat7:2022-12-24 18:10:51,384:14636: No my_buy_price unavailable
CRITICAL:strat7:2022-12-24 18:10:53,658:14636: No my_buy_price unavailable
CRITICAL:strat7:2022-12-24 18:11:22,740:14637: No my_buy_price unavailable
CRITICAL:strat7:2022-12-24 18:11:24,937:14637: No my_buy_price unavailable
CRITICAL:strat7:2022-12-24 18:11:28,201:14637: No my_buy_price unavailable
CRITICAL:strat7:2022-12-24 18:11:30,753:14637: No my_buy_price unavailable
CRITICAL:strat7:2022-12-24 18:14:17,950:14632: Yes my_avgbuy_price unavailable
CRITICAL:strat7:2022-12-24 18:14:20,138:14632: Yes my_avgbuy_price unavailable
CRITICAL:strat7:2022-12-24 18:14:23,534:14632: Yes my_avgbuy_price unavailable
CRITICAL:strat7:2022-12-24 18:14:26,671:14632: Yes my_avgbuy_price unavailable
CRITICAL:strat7:2022-12-24 18:15:09,202:14633: Yes my_avgbuy_price unavailable
CRITICAL:strat7:2022-12-24 18:15:11,440:14633: Yes my_avgbuy_price unavailable
CRITICAL:strat7:2022-12-24 18:15:14,371:14633: Yes my_avgbuy_price unavailable
CRITICAL:strat7:2022-12-24 18:15:16,487:14633: Yes my_avgbuy_price unavailable
CRITICAL:strat7:2022-12-24 18:15:53,447:14634: Yes my_avgbuy_price unavailable
CRITICAL:strat7:2022-12-24 18:15:56,202:14634: Yes my_avgbuy_price unavailable
CRITICAL:strat7:2022-12-24 18:15:59,642:14634: Yes my_avgbuy_price unavailable
CRITICAL:strat7:2022-12-24 18:16:02,485:14634: Yes my_avgbuy_price unavailable
CRITICAL:strat7:2022-12-24 18:17:32,401:14636: No my_buy_price unavailable
CRITICAL:strat7:2022-12-24 18:17:35,373:14636: No my_buy_price unavailable
CRITICAL:strat7:2022-12-24 18:17:38,824:14636: No my_buy_price unavailable
CRITICAL:strat7:2022-12-24 18:17:41,666:14636: No my_buy_price unavailable
CRITICAL:strat7:2022-12-24 18:18:15,854:14637: No my_buy_price unavailable
CRITICAL:strat7:2022-12-24 18:18:18,424:14637: No my_buy_price unavailable
CRITICAL:strat7:2022-12-24 18:18:21,890:14637: No my_buy_price unavailable
CRITICAL:strat7:2022-12-24 18:18:24,284:14637: No my_buy_price unavailable
CRITICAL:strat7:2022-12-24 18:21:05,445:14632: Yes my_avgbuy_price unavailable
CRITICAL:strat7:2022-12-24 18:21:08,381:14632: Yes my_avgbuy_price unavailable
CRITICAL:strat7:2022-12-24 18:21:12,159:14632: Yes my_avgbuy_price unavailable
CRITICAL:strat7:2022-12-24 18:21:14,425:14632: Yes my_avgbuy_price unavailable
CRITICAL:strat7:2022-12-24 18:21:48,998:14633: Yes my_avgbuy_price unavailable
CRITICAL:strat7:2022-12-24 18:21:51,358:14633: Yes my_avgbuy_price unavailable
CRITICAL:strat7:2022-12-24 18:21:55,416:14633: Yes my_avgbuy_price unavailable
CRITICAL:strat7:2022-12-24 18:21:57,807:14633: Yes my_avgbuy_price unavailable
CRITICAL:strat7:2022-12-24 18:22:31,681:14634: Yes my_avgbuy_price unavailable
CRITICAL:strat7:2022-12-24 18:22:33,865:14634: Yes my_avgbuy_price unavailable
CRITICAL:strat7:2022-12-24 18:22:36,905:14634: Yes my_avgbuy_price unavailable
CRITICAL:strat7:2022-12-24 18:22:39,624:14634: Yes my_avgbuy_price unavailable
CRITICAL:strat7:2022-12-24 18:23:48,785:14636: No my_buy_price unavailable
CRITICAL:strat7:2022-12-24 18:23:50,815:14636: No my_buy_price unavailable
CRITICAL:strat7:2022-12-24 18:23:54,619:14636: No my_buy_price unavailable
CRITICAL:strat7:2022-12-24 18:23:57,264:14636: No my_buy_price unavailable
CRITICAL:strat7:2022-12-24 18:24:27,520:14637: No my_buy_price unavailable
CRITICAL:strat7:2022-12-24 18:24:29,734:14637: No my_buy_price unavailable
CRITICAL:strat7:2022-12-24 18:24:33,011:14637: No my_buy_price unavailable
CRITICAL:strat7:2022-12-24 18:24:36,127:14637: No my_buy_price unavailable
CRITICAL:strat7:2022-12-24 18:26:59,202:14632: Yes my_avgbuy_price unavailable
CRITICAL:strat7:2022-12-24 18:27:01,334:14632: Yes my_avgbuy_price unavailable
CRITICAL:strat7:2022-12-24 18:27:04,271:14632: Yes my_avgbuy_price unavailable
CRITICAL:strat7:2022-12-24 18:27:06,428:14632: Yes my_avgbuy_price unavailable
CRITICAL:strat7:2022-12-24 18:27:32,187:14633: Yes my_avgbuy_price unavailable
CRITICAL:strat7:2022-12-24 18:27:34,232:14633: Yes my_avgbuy_price unavailable
CRITICAL:strat7:2022-12-24 18:27:37,190:14633: Yes my_avgbuy_price unavailable
CRITICAL:strat7:2022-12-24 18:27:39,224:14633: Yes my_avgbuy_price unavailable
CRITICAL:strat7:2022-12-24 18:28:06,299:14634: Yes my_avgbuy_price unavailable
CRITICAL:strat7:2022-12-24 18:28:08,438:14634: Yes my_avgbuy_price unavailable
CRITICAL:strat7:2022-12-24 18:28:11,359:14634: Yes my_avgbuy_price unavailable
CRITICAL:strat7:2022-12-24 18:28:13,470:14634: Yes my_avgbuy_price unavailable
CRITICAL:strat7:2022-12-24 18:29:13,225:14636: No my_buy_price unavailable
CRITICAL:strat7:2022-12-24 18:29:15,479:14636: No my_buy_price unavailable
CRITICAL:strat7:2022-12-24 18:29:18,388:14636: No my_buy_price unavailable
CRITICAL:strat7:2022-12-24 18:29:20,410:14636: No my_buy_price unavailable
CRITICAL:strat7:2022-12-24 18:29:46,441:14637: No my_buy_price unavailable
CRITICAL:strat7:2022-12-24 18:29:48,623:14637: No my_buy_price unavailable
CRITICAL:strat7:2022-12-24 18:29:51,472:14637: No my_buy_price unavailable
CRITICAL:strat7:2022-12-24 18:29:53,619:14637: No my_buy_price unavailable
CRITICAL:strat7:2022-12-24 18:32:16,600:14632: Yes my_avgbuy_price unavailable
CRITICAL:strat7:2022-12-24 18:32:18,723:14632: Yes my_avgbuy_price unavailable
CRITICAL:strat7:2022-12-24 18:32:21,661:14632: Yes my_avgbuy_price unavailable
CRITICAL:strat7:2022-12-24 18:32:23,715:14632: Yes my_avgbuy_price unavailable
CRITICAL:strat7:2022-12-24 18:32:52,684:14633: Yes my_avgbuy_price unavailable
CRITICAL:strat7:2022-12-24 18:32:54,741:14633: Yes my_avgbuy_price unavailable
CRITICAL:strat7:2022-12-24 18:32:57,692:14633: Yes my_avgbuy_price unavailable
CRITICAL:strat7:2022-12-24 18:32:59,722:14633: Yes my_avgbuy_price unavailable
CRITICAL:strat7:2022-12-24 18:33:28,005:14634: Yes my_avgbuy_price unavailable
CRITICAL:strat7:2022-12-24 18:33:30,144:14634: Yes my_avgbuy_price unavailable
CRITICAL:strat7:2022-12-24 18:33:33,141:14634: Yes my_avgbuy_price unavailable
CRITICAL:strat7:2022-12-24 18:33:35,116:14634: Yes my_avgbuy_price unavailable
CRITICAL:strat7:2022-12-24 18:34:38,931:14636: No my_buy_price unavailable
CRITICAL:strat7:2022-12-24 18:34:41,047:14636: No my_buy_price unavailable
CRITICAL:strat7:2022-12-24 18:34:44,135:14636: No my_buy_price unavailable
CRITICAL:strat7:2022-12-24 18:34:46,202:14636: No my_buy_price unavailable
CRITICAL:strat7:2022-12-24 18:35:14,904:14637: No my_buy_price unavailable
CRITICAL:strat7:2022-12-24 18:35:16,951:14637: No my_buy_price unavailable
CRITICAL:strat7:2022-12-24 18:35:19,955:14637: No my_buy_price unavailable
CRITICAL:strat7:2022-12-24 18:35:22,025:14637: No my_buy_price unavailable
CRITICAL:strat7:2022-12-24 18:37:45,484:14632: Yes my_avgbuy_price unavailable
CRITICAL:strat7:2022-12-24 18:37:47,560:14632: Yes my_avgbuy_price unavailable
CRITICAL:strat7:2022-12-24 18:37:50,526:14632: Yes my_avgbuy_price unavailable
CRITICAL:strat7:2022-12-24 18:37:52,610:14632: Yes my_avgbuy_price unavailable
CRITICAL:strat7:2022-12-24 18:38:22,482:14633: Yes my_avgbuy_price unavailable
CRITICAL:strat7:2022-12-24 18:38:24,668:14633: Yes my_avgbuy_price unavailable
CRITICAL:strat7:2022-12-24 18:38:27,570:14633: Yes my_avgbuy_price unavailable
CRITICAL:strat7:2022-12-24 18:38:29,726:14633: Yes my_avgbuy_price unavailable
CRITICAL:strat7:2022-12-24 18:38:56,606:14634: Yes my_avgbuy_price unavailable
CRITICAL:strat7:2022-12-24 18:38:58,708:14634: Yes my_avgbuy_price unavailable
CRITICAL:strat7:2022-12-24 18:39:01,715:14634: Yes my_avgbuy_price unavailable
CRITICAL:strat7:2022-12-24 18:39:03,719:14634: Yes my_avgbuy_price unavailable
CRITICAL:strat7:2022-12-24 18:40:08,056:14636: No my_buy_price unavailable
CRITICAL:strat7:2022-12-24 18:40:10,347:14636: No my_buy_price unavailable
CRITICAL:strat7:2022-12-24 18:40:13,379:14636: No my_buy_price unavailable
CRITICAL:strat7:2022-12-24 18:40:15,521:14636: No my_buy_price unavailable
CRITICAL:strat7:2022-12-24 18:40:44,642:14637: No my_buy_price unavailable
CRITICAL:strat7:2022-12-24 18:40:46,798:14637: No my_buy_price unavailable
CRITICAL:strat7:2022-12-24 18:40:49,719:14637: No my_buy_price unavailable
CRITICAL:strat7:2022-12-24 18:40:51,993:14637: No my_buy_price unavailable
CRITICAL:strat7:2022-12-24 18:43:20,524:14632: Yes my_avgbuy_price unavailable
CRITICAL:strat7:2022-12-24 18:43:22,625:14632: Yes my_avgbuy_price unavailable
CRITICAL:strat7:2022-12-24 18:43:25,575:14632: Yes my_avgbuy_price unavailable
CRITICAL:strat7:2022-12-24 18:43:27,700:14632: Yes my_avgbuy_price unavailable
CRITICAL:strat7:2022-12-24 18:43:55,715:14633: Yes my_avgbuy_price unavailable
CRITICAL:strat7:2022-12-24 18:43:57,946:14633: Yes my_avgbuy_price unavailable
CRITICAL:strat7:2022-12-24 18:44:01,128:14633: Yes my_avgbuy_price unavailable
CRITICAL:strat7:2022-12-24 18:44:03,390:14633: Yes my_avgbuy_price unavailable
CRITICAL:strat7:2022-12-24 18:44:31,486:14634: Yes my_avgbuy_price unavailable
CRITICAL:strat7:2022-12-24 18:44:33,708:14634: Yes my_avgbuy_price unavailable
CRITICAL:strat7:2022-12-24 18:44:36,831:14634: Yes my_avgbuy_price unavailable
CRITICAL:strat7:2022-12-24 18:44:39,032:14634: Yes my_avgbuy_price unavailable
CRITICAL:strat7:2022-12-24 18:45:41,783:14636: No my_buy_price unavailable
CRITICAL:strat7:2022-12-24 18:45:44,091:14636: No my_buy_price unavailable
CRITICAL:strat7:2022-12-24 18:45:47,265:14636: No my_buy_price unavailable
CRITICAL:strat7:2022-12-24 18:45:49,887:14636: No my_buy_price unavailable
CRITICAL:strat7:2022-12-24 18:46:15,991:14637: No my_buy_price unavailable
CRITICAL:strat7:2022-12-24 18:46:18,200:14637: No my_buy_price unavailable
CRITICAL:strat7:2022-12-24 18:46:21,429:14637: No my_buy_price unavailable
CRITICAL:strat7:2022-12-24 18:46:23,715:14637: No my_buy_price unavailable
CRITICAL:strat7:2022-12-24 18:48:45,547:14632: Yes my_avgbuy_price unavailable
CRITICAL:strat7:2022-12-24 18:48:47,714:14632: Yes my_avgbuy_price unavailable
CRITICAL:strat7:2022-12-24 18:48:50,791:14632: Yes my_avgbuy_price unavailable
CRITICAL:strat7:2022-12-24 18:48:53,092:14632: Yes my_avgbuy_price unavailable
CRITICAL:strat7:2022-12-24 18:49:25,121:14633: Yes my_avgbuy_price unavailable
CRITICAL:strat7:2022-12-24 18:49:27,339:14633: Yes my_avgbuy_price unavailable
CRITICAL:strat7:2022-12-24 18:49:58,751:14634: Yes my_avgbuy_price unavailable
CRITICAL:strat7:2022-12-24 18:50:00,966:14634: Yes my_avgbuy_price unavailable
CRITICAL:strat7:2022-12-24 18:50:04,524:14634: Yes my_avgbuy_price unavailable
CRITICAL:strat7:2022-12-24 18:50:06,743:14634: Yes my_avgbuy_price unavailable
CRITICAL:strat7:2022-12-24 18:51:11,397:14636: No my_buy_price unavailable
CRITICAL:strat7:2022-12-24 18:51:13,555:14636: No my_buy_price unavailable
CRITICAL:strat7:2022-12-24 18:51:16,530:14636: No my_buy_price unavailable
CRITICAL:strat7:2022-12-24 18:51:18,699:14636: No my_buy_price unavailable
CRITICAL:strat7:2022-12-24 18:51:52,786:14637: No my_buy_price unavailable
CRITICAL:strat7:2022-12-24 18:51:54,932:14637: No my_buy_price unavailable
CRITICAL:strat7:2022-12-24 18:51:57,923:14637: No my_buy_price unavailable
CRITICAL:strat7:2022-12-24 18:52:00,059:14637: No my_buy_price unavailable
CRITICAL:strat7:2022-12-24 18:54:29,502:14632: Yes my_avgbuy_price unavailable
CRITICAL:strat7:2022-12-24 18:54:31,605:14632: Yes my_avgbuy_price unavailable
CRITICAL:strat7:2022-12-24 18:54:34,623:14632: Yes my_avgbuy_price unavailable
CRITICAL:strat7:2022-12-24 18:54:36,739:14632: Yes my_avgbuy_price unavailable
CRITICAL:strat7:2022-12-24 18:55:38,504:14634: Yes my_avgbuy_price unavailable
CRITICAL:strat7:2022-12-24 18:55:40,585:14634: Yes my_avgbuy_price unavailable
CRITICAL:strat7:2022-12-24 18:55:43,416:14634: Yes my_avgbuy_price unavailable
CRITICAL:strat7:2022-12-24 18:55:45,447:14634: Yes my_avgbuy_price unavailable
CRITICAL:strat7:2022-12-24 18:56:47,596:14636: No my_buy_price unavailable
CRITICAL:strat7:2022-12-24 18:56:49,691:14636: No my_buy_price unavailable
CRITICAL:strat7:2022-12-24 18:56:52,703:14636: No my_buy_price unavailable
CRITICAL:strat7:2022-12-24 18:56:54,757:14636: No my_buy_price unavailable
CRITICAL:strat7:2022-12-24 18:57:23,232:14637: No my_buy_price unavailable
CRITICAL:strat7:2022-12-24 18:57:25,403:14637: No my_buy_price unavailable
CRITICAL:strat7:2022-12-24 18:57:28,446:14637: No my_buy_price unavailable
CRITICAL:strat7:2022-12-24 18:57:30,603:14637: No my_buy_price unavailable
CRITICAL:strat7:2022-12-24 18:59:57,109:14632: Yes my_avgbuy_price unavailable
CRITICAL:strat7:2022-12-24 18:59:59,315:14632: Yes my_avgbuy_price unavailable
CRITICAL:strat7:2022-12-24 19:00:02,666:14632: Yes my_avgbuy_price unavailable
CRITICAL:strat7:2022-12-24 19:00:04,711:14632: Yes my_avgbuy_price unavailable
CRITICAL:strat7:2022-12-24 19:01:06,453:14634: Yes my_avgbuy_price unavailable
CRITICAL:strat7:2022-12-24 19:01:08,709:14634: Yes my_avgbuy_price unavailable
CRITICAL:strat7:2022-12-24 19:01:11,832:14634: Yes my_avgbuy_price unavailable
CRITICAL:strat7:2022-12-24 19:01:13,962:14634: Yes my_avgbuy_price unavailable
CRITICAL:strat7:2022-12-24 19:02:15,856:14636: No my_buy_price unavailable
CRITICAL:strat7:2022-12-24 19:02:17,976:14636: No my_buy_price unavailable
CRITICAL:strat7:2022-12-24 19:02:21,045:14636: No my_buy_price unavailable
CRITICAL:strat7:2022-12-24 19:02:23,089:14636: No my_buy_price unavailable
CRITICAL:strat7:2022-12-24 19:02:50,162:14637: No my_buy_price unavailable
CRITICAL:strat7:2022-12-24 19:02:52,289:14637: No my_buy_price unavailable
CRITICAL:strat7:2022-12-24 19:02:55,246:14637: No my_buy_price unavailable
CRITICAL:strat7:2022-12-24 19:02:57,302:14637: No my_buy_price unavailable
CRITICAL:strat7:2022-12-24 19:05:16,662:14632: Yes my_avgbuy_price unavailable
CRITICAL:strat7:2022-12-24 19:05:18,846:14632: Yes my_avgbuy_price unavailable
CRITICAL:strat7:2022-12-24 19:05:21,765:14632: Yes my_avgbuy_price unavailable
CRITICAL:strat7:2022-12-24 19:05:23,937:14632: Yes my_avgbuy_price unavailable
CRITICAL:strat7:2022-12-24 19:06:29,098:14634: Yes my_avgbuy_price unavailable
CRITICAL:strat7:2022-12-24 19:06:31,197:14634: Yes my_avgbuy_price unavailable
CRITICAL:strat7:2022-12-24 19:06:34,233:14634: Yes my_avgbuy_price unavailable
CRITICAL:strat7:2022-12-24 19:06:36,339:14634: Yes my_avgbuy_price unavailable
CRITICAL:strat7:2022-12-24 19:07:38,601:14636: No my_buy_price unavailable
CRITICAL:strat7:2022-12-24 19:07:40,731:14636: No my_buy_price unavailable
CRITICAL:strat7:2022-12-24 19:07:43,691:14636: No my_buy_price unavailable
CRITICAL:strat7:2022-12-24 19:07:45,833:14636: No my_buy_price unavailable
CRITICAL:strat7:2022-12-24 19:08:14,917:14637: No my_buy_price unavailable
CRITICAL:strat7:2022-12-24 19:08:17,311:14637: No my_buy_price unavailable
CRITICAL:strat7:2022-12-24 19:08:21,838:14637: No my_buy_price unavailable
CRITICAL:strat7:2022-12-24 19:08:24,442:14637: No my_buy_price unavailable
CRITICAL:strat7:2022-12-24 19:10:58,188:14632: Yes my_avgbuy_price unavailable
CRITICAL:strat7:2022-12-24 19:11:00,265:14632: Yes my_avgbuy_price unavailable
CRITICAL:strat7:2022-12-24 19:11:03,266:14632: Yes my_avgbuy_price unavailable
CRITICAL:strat7:2022-12-24 19:11:05,180:14632: Yes my_avgbuy_price unavailable
CRITICAL:strat7:2022-12-24 19:12:12,633:14634: Yes my_avgbuy_price unavailable
CRITICAL:strat7:2022-12-24 19:12:15,026:14634: Yes my_avgbuy_price unavailable
CRITICAL:strat7:2022-12-24 19:12:19,090:14634: Yes my_avgbuy_price unavailable
CRITICAL:strat7:2022-12-24 19:12:22,507:14634: Yes my_avgbuy_price unavailable
CRITICAL:strat7:2022-12-24 19:13:29,897:14636: No my_buy_price unavailable
CRITICAL:strat7:2022-12-24 19:13:32,511:14636: No my_buy_price unavailable
CRITICAL:strat7:2022-12-24 19:13:41,843:14636: No my_buy_price unavailable
CRITICAL:strat7:2022-12-24 19:13:43,963:14636: No my_buy_price unavailable
CRITICAL:strat7:2022-12-24 19:14:18,360:14637: No my_buy_price unavailable
CRITICAL:strat7:2022-12-24 19:14:21,127:14637: No my_buy_price unavailable
CRITICAL:strat7:2022-12-24 19:14:24,632:14637: No my_buy_price unavailable
CRITICAL:strat7:2022-12-24 19:14:27,043:14637: No my_buy_price unavailable
CRITICAL:strat7:2022-12-24 19:17:08,833:14632: Yes my_avgbuy_price unavailable
CRITICAL:strat7:2022-12-24 19:17:11,390:14632: Yes my_avgbuy_price unavailable
CRITICAL:strat7:2022-12-24 19:17:15,475:14632: Yes my_avgbuy_price unavailable
CRITICAL:strat7:2022-12-24 19:17:17,906:14632: Yes my_avgbuy_price unavailable
CRITICAL:strat7:2022-12-24 19:18:40,218:14634: Yes my_avgbuy_price unavailable
CRITICAL:strat7:2022-12-24 19:18:42,733:14634: Yes my_avgbuy_price unavailable
CRITICAL:strat7:2022-12-24 19:18:46,038:14634: Yes my_avgbuy_price unavailable
CRITICAL:strat7:2022-12-24 19:18:48,732:14634: Yes my_avgbuy_price unavailable
CRITICAL:strat7:2022-12-24 19:20:23,082:14636: No my_buy_price unavailable
CRITICAL:strat7:2022-12-24 19:20:25,529:14636: No my_buy_price unavailable
CRITICAL:strat7:2022-12-24 19:20:28,700:14636: No my_buy_price unavailable
CRITICAL:strat7:2022-12-24 19:20:30,926:14636: No my_buy_price unavailable
CRITICAL:strat7:2022-12-24 19:20:57,287:14637: No my_buy_price unavailable
CRITICAL:strat7:2022-12-24 19:20:59,435:14637: No my_buy_price unavailable
CRITICAL:strat7:2022-12-24 19:21:02,582:14637: No my_buy_price unavailable
CRITICAL:strat7:2022-12-24 19:21:04,659:14637: No my_buy_price unavailable
CRITICAL:strat7:2022-12-24 19:23:20,713:14632: Yes my_avgbuy_price unavailable
CRITICAL:strat7:2022-12-24 19:23:22,774:14632: Yes my_avgbuy_price unavailable
CRITICAL:strat7:2022-12-24 19:23:25,719:14632: Yes my_avgbuy_price unavailable
CRITICAL:strat7:2022-12-24 19:23:27,906:14632: Yes my_avgbuy_price unavailable
CRITICAL:strat7:2022-12-24 19:24:35,615:14634: Yes my_avgbuy_price unavailable
CRITICAL:strat7:2022-12-24 19:24:37,790:14634: Yes my_avgbuy_price unavailable
CRITICAL:strat7:2022-12-24 19:24:41,169:14634: Yes my_avgbuy_price unavailable
CRITICAL:strat7:2022-12-24 19:24:44,196:14634: Yes my_avgbuy_price unavailable
CRITICAL:strat7:2022-12-24 19:25:50,443:14636: No my_buy_price unavailable
CRITICAL:strat7:2022-12-24 19:25:52,776:14636: No my_buy_price unavailable
CRITICAL:strat7:2022-12-24 19:25:56,158:14636: No my_buy_price unavailable
CRITICAL:strat7:2022-12-24 19:25:58,540:14636: No my_buy_price unavailable
CRITICAL:strat7:2022-12-24 19:26:25,818:14637: No my_buy_price unavailable
CRITICAL:strat7:2022-12-24 19:26:28,017:14637: No my_buy_price unavailable
CRITICAL:strat7:2022-12-24 19:26:31,111:14637: No my_buy_price unavailable
CRITICAL:strat7:2022-12-24 19:26:33,416:14637: No my_buy_price unavailable
CRITICAL:strat7:2022-12-24 19:29:04,745:14632: Yes my_avgbuy_price unavailable
CRITICAL:strat7:2022-12-24 19:29:06,875:14632: Yes my_avgbuy_price unavailable
CRITICAL:strat7:2022-12-24 19:29:09,944:14632: Yes my_avgbuy_price unavailable
CRITICAL:strat7:2022-12-24 19:29:12,124:14632: Yes my_avgbuy_price unavailable
CRITICAL:strat7:2022-12-24 19:30:15,338:14634: Yes my_avgbuy_price unavailable
CRITICAL:strat7:2022-12-24 19:30:17,545:14634: Yes my_avgbuy_price unavailable
CRITICAL:strat7:2022-12-24 19:30:20,503:14634: Yes my_avgbuy_price unavailable
CRITICAL:strat7:2022-12-24 19:30:22,875:14634: Yes my_avgbuy_price unavailable
CRITICAL:strat7:2022-12-24 19:31:31,420:14636: No my_buy_price unavailable
CRITICAL:strat7:2022-12-24 19:31:33,529:14636: No my_buy_price unavailable
CRITICAL:strat7:2022-12-24 19:31:36,496:14636: No my_buy_price unavailable
CRITICAL:strat7:2022-12-24 19:31:38,724:14636: No my_buy_price unavailable
CRITICAL:strat7:2022-12-24 19:32:09,128:14637: No my_buy_price unavailable
CRITICAL:strat7:2022-12-24 19:32:11,202:14637: No my_buy_price unavailable
CRITICAL:strat7:2022-12-24 19:32:14,225:14637: No my_buy_price unavailable
CRITICAL:strat7:2022-12-24 19:32:16,406:14637: No my_buy_price unavailable
CRITICAL:strat7:2022-12-24 19:34:45,208:14632: Yes my_avgbuy_price unavailable
CRITICAL:strat7:2022-12-24 19:34:47,351:14632: Yes my_avgbuy_price unavailable
CRITICAL:strat7:2022-12-24 19:34:50,349:14632: Yes my_avgbuy_price unavailable
CRITICAL:strat7:2022-12-24 19:34:52,546:14632: Yes my_avgbuy_price unavailable
CRITICAL:strat7:2022-12-24 19:35:52,922:14634: Yes my_avgbuy_price unavailable
CRITICAL:strat7:2022-12-24 19:35:55,309:14634: Yes my_avgbuy_price unavailable
CRITICAL:strat7:2022-12-24 19:35:58,544:14634: Yes my_avgbuy_price unavailable
CRITICAL:strat7:2022-12-24 19:36:00,865:14634: Yes my_avgbuy_price unavailable
CRITICAL:strat7:2022-12-24 19:37:07,583:14636: No my_buy_price unavailable
CRITICAL:strat7:2022-12-24 19:37:09,803:14636: No my_buy_price unavailable
CRITICAL:strat7:2022-12-24 19:37:12,753:14636: No my_buy_price unavailable
CRITICAL:strat7:2022-12-24 19:37:15,611:14636: No my_buy_price unavailable
CRITICAL:strat7:2022-12-24 19:37:52,144:14637: No my_buy_price unavailable
CRITICAL:strat7:2022-12-24 19:37:54,403:14637: No my_buy_price unavailable
CRITICAL:strat7:2022-12-24 19:40:27,632:14632: Yes my_avgbuy_price unavailable
CRITICAL:strat7:2022-12-24 19:40:29,907:14632: Yes my_avgbuy_price unavailable
CRITICAL:strat7:2022-12-24 19:40:33,794:14632: Yes my_avgbuy_price unavailable
CRITICAL:strat7:2022-12-24 19:40:35,952:14632: Yes my_avgbuy_price unavailable
CRITICAL:strat7:2022-12-24 19:41:41,883:14634: Yes my_avgbuy_price unavailable
CRITICAL:strat7:2022-12-24 19:41:44,129:14634: Yes my_avgbuy_price unavailable
CRITICAL:strat7:2022-12-24 19:41:47,376:14634: Yes my_avgbuy_price unavailable
CRITICAL:strat7:2022-12-24 19:41:49,542:14634: Yes my_avgbuy_price unavailable
CRITICAL:strat7:2022-12-24 19:42:56,512:14636: No my_buy_price unavailable
CRITICAL:strat7:2022-12-24 19:42:58,663:14636: No my_buy_price unavailable
CRITICAL:strat7:2022-12-24 19:43:01,743:14636: No my_buy_price unavailable
CRITICAL:strat7:2022-12-24 19:43:03,938:14636: No my_buy_price unavailable
CRITICAL:strat7:2022-12-24 19:45:58,591:14632: Yes my_avgbuy_price unavailable
CRITICAL:strat7:2022-12-24 19:46:00,859:14632: Yes my_avgbuy_price unavailable
CRITICAL:strat7:2022-12-24 19:46:04,016:14632: Yes my_avgbuy_price unavailable
CRITICAL:strat7:2022-12-24 19:46:06,426:14632: Yes my_avgbuy_price unavailable
CRITICAL:strat7:2022-12-24 19:47:06,144:14634: Yes my_avgbuy_price unavailable
CRITICAL:strat7:2022-12-24 19:47:08,198:14634: Yes my_avgbuy_price unavailable
CRITICAL:strat7:2022-12-24 19:47:11,318:14634: Yes my_avgbuy_price unavailable
CRITICAL:strat7:2022-12-24 19:47:13,454:14634: Yes my_avgbuy_price unavailable
CRITICAL:strat7:2022-12-24 19:48:12,170:14636: No my_buy_price unavailable
CRITICAL:strat7:2022-12-24 19:48:14,268:14636: No my_buy_price unavailable
CRITICAL:strat7:2022-12-24 19:48:17,269:14636: No my_buy_price unavailable
CRITICAL:strat7:2022-12-24 19:48:19,403:14636: No my_buy_price unavailable
CRITICAL:strat7:2022-12-24 19:51:16,539:14632: Yes my_avgbuy_price unavailable
CRITICAL:strat7:2022-12-24 19:51:18,750:14632: Yes my_avgbuy_price unavailable
CRITICAL:strat7:2022-12-24 19:51:21,707:14632: Yes my_avgbuy_price unavailable
CRITICAL:strat7:2022-12-24 19:51:23,959:14632: Yes my_avgbuy_price unavailable
CRITICAL:strat7:2022-12-24 19:52:32,862:14634: Yes my_avgbuy_price unavailable
CRITICAL:strat7:2022-12-24 19:52:35,616:14634: Yes my_avgbuy_price unavailable
CRITICAL:strat7:2022-12-24 19:52:39,441:14634: Yes my_avgbuy_price unavailable
CRITICAL:strat7:2022-12-24 19:52:42,035:14634: Yes my_avgbuy_price unavailable
CRITICAL:strat7:2022-12-24 19:53:46,601:14636: No my_buy_price unavailable
CRITICAL:strat7:2022-12-24 19:53:48,982:14636: No my_buy_price unavailable
CRITICAL:strat7:2022-12-24 19:53:52,538:14636: No my_buy_price unavailable
CRITICAL:strat7:2022-12-24 19:53:55,881:14636: No my_buy_price unavailable
CRITICAL:strat7:2022-12-24 19:57:10,031:14632: Yes my_avgbuy_price unavailable
CRITICAL:strat7:2022-12-24 19:57:13,101:14632: Yes my_avgbuy_price unavailable
CRITICAL:strat7:2022-12-24 19:57:16,768:14632: Yes my_avgbuy_price unavailable
CRITICAL:strat7:2022-12-24 19:57:19,101:14632: Yes my_avgbuy_price unavailable
CRITICAL:strat7:2022-12-24 19:58:44,547:14634: Yes my_avgbuy_price unavailable
CRITICAL:strat7:2022-12-24 19:58:46,706:14634: Yes my_avgbuy_price unavailable
CRITICAL:strat7:2022-12-24 19:58:49,721:14634: Yes my_avgbuy_price unavailable
CRITICAL:strat7:2022-12-24 19:58:51,914:14634: Yes my_avgbuy_price unavailable
CRITICAL:strat7:2022-12-24 19:59:53,471:14636: No my_buy_price unavailable
CRITICAL:strat7:2022-12-24 19:59:55,619:14636: No my_buy_price unavailable
CRITICAL:strat7:2022-12-24 19:59:58,521:14636: No my_buy_price unavailable
CRITICAL:strat7:2022-12-24 20:00:00,783:14636: No my_buy_price unavailable
CRITICAL:strat7:2022-12-24 20:03:02,628:14632: Yes my_avgbuy_price unavailable
CRITICAL:strat7:2022-12-24 20:03:04,752:14632: Yes my_avgbuy_price unavailable
CRITICAL:strat7:2022-12-24 20:03:07,796:14632: Yes my_avgbuy_price unavailable
CRITICAL:strat7:2022-12-24 20:03:09,911:14632: Yes my_avgbuy_price unavailable
CRITICAL:strat7:2022-12-24 20:04:14,726:14634: Yes my_avgbuy_price unavailable
CRITICAL:strat7:2022-12-24 20:04:16,967:14634: Yes my_avgbuy_price unavailable
CRITICAL:strat7:2022-12-24 20:04:21,642:14634: Yes my_avgbuy_price unavailable
CRITICAL:strat7:2022-12-24 20:04:23,867:14634: Yes my_avgbuy_price unavailable
CRITICAL:strat7:2022-12-24 20:05:31,704:14636: No my_buy_price unavailable
CRITICAL:strat7:2022-12-24 20:05:33,842:14636: No my_buy_price unavailable
CRITICAL:strat7:2022-12-24 20:05:36,836:14636: No my_buy_price unavailable
CRITICAL:strat7:2022-12-24 20:05:38,960:14636: No my_buy_price unavailable
CRITICAL:strat7:2022-12-24 20:08:41,233:14632: Yes my_avgbuy_price unavailable
CRITICAL:strat7:2022-12-24 20:08:43,330:14632: Yes my_avgbuy_price unavailable
CRITICAL:strat7:2022-12-24 20:08:46,363:14632: Yes my_avgbuy_price unavailable
CRITICAL:strat7:2022-12-24 20:08:48,458:14632: Yes my_avgbuy_price unavailable
CRITICAL:strat7:2022-12-24 20:09:48,345:14634: Yes my_avgbuy_price unavailable
CRITICAL:strat7:2022-12-24 20:09:50,547:14634: Yes my_avgbuy_price unavailable
CRITICAL:strat7:2022-12-24 20:09:53,403:14634: Yes my_avgbuy_price unavailable
CRITICAL:strat7:2022-12-24 20:09:57,187:14634: Yes my_avgbuy_price unavailable
CRITICAL:strat7:2022-12-24 20:10:50,637:14636: No my_buy_price unavailable
CRITICAL:strat7:2022-12-24 20:10:52,825:14636: No my_buy_price unavailable
CRITICAL:strat7:2022-12-24 20:10:55,841:14636: No my_buy_price unavailable
CRITICAL:strat7:2022-12-24 20:10:57,877:14636: No my_buy_price unavailable
CRITICAL:strat7:2022-12-24 20:13:53,732:14632: Yes my_avgbuy_price unavailable
CRITICAL:strat7:2022-12-24 20:13:55,869:14632: Yes my_avgbuy_price unavailable
CRITICAL:strat7:2022-12-24 20:13:59,043:14632: Yes my_avgbuy_price unavailable
CRITICAL:strat7:2022-12-24 20:14:01,259:14632: Yes my_avgbuy_price unavailable
CRITICAL:strat7:2022-12-24 20:15:02,956:14634: Yes my_avgbuy_price unavailable
CRITICAL:strat7:2022-12-24 20:15:05,054:14634: Yes my_avgbuy_price unavailable
CRITICAL:strat7:2022-12-24 20:15:07,966:14634: Yes my_avgbuy_price unavailable
CRITICAL:strat7:2022-12-24 20:15:10,067:14634: Yes my_avgbuy_price unavailable
CRITICAL:strat7:2022-12-24 20:16:14,555:14636: No my_buy_price unavailable
CRITICAL:strat7:2022-12-24 20:16:16,699:14636: No my_buy_price unavailable
CRITICAL:strat7:2022-12-24 20:16:19,641:14636: No my_buy_price unavailable
CRITICAL:strat7:2022-12-24 20:16:21,736:14636: No my_buy_price unavailable
CRITICAL:strat7:2022-12-24 20:19:17,519:14632: Yes my_avgbuy_price unavailable
CRITICAL:strat7:2022-12-24 20:19:19,794:14632: Yes my_avgbuy_price unavailable
CRITICAL:strat7:2022-12-24 20:19:22,761:14632: Yes my_avgbuy_price unavailable
CRITICAL:strat7:2022-12-24 20:19:25,460:14632: Yes my_avgbuy_price unavailable
CRITICAL:strat7:2022-12-24 20:20:28,017:14634: Yes my_avgbuy_price unavailable
CRITICAL:strat7:2022-12-24 20:20:30,055:14634: Yes my_avgbuy_price unavailable
CRITICAL:strat7:2022-12-24 20:20:33,140:14634: Yes my_avgbuy_price unavailable
CRITICAL:strat7:2022-12-24 20:20:35,242:14634: Yes my_avgbuy_price unavailable
CRITICAL:strat7:2022-12-24 20:21:36,672:14636: No my_buy_price unavailable
CRITICAL:strat7:2022-12-24 20:21:38,969:14636: No my_buy_price unavailable
CRITICAL:strat7:2022-12-24 20:21:42,261:14636: No my_buy_price unavailable
CRITICAL:strat7:2022-12-24 20:21:44,550:14636: No my_buy_price unavailable
CRITICAL:strat7:2022-12-24 20:24:41,245:14632: Yes my_avgbuy_price unavailable
CRITICAL:strat7:2022-12-24 20:24:43,292:14632: Yes my_avgbuy_price unavailable
CRITICAL:strat7:2022-12-24 20:24:47,074:14632: Yes my_avgbuy_price unavailable
CRITICAL:strat7:2022-12-24 20:24:49,171:14632: Yes my_avgbuy_price unavailable
CRITICAL:strat7:2022-12-24 20:25:52,882:14634: Yes my_avgbuy_price unavailable
CRITICAL:strat7:2022-12-24 20:25:55,164:14634: Yes my_avgbuy_price unavailable
CRITICAL:strat7:2022-12-24 20:25:58,369:14634: Yes my_avgbuy_price unavailable
CRITICAL:strat7:2022-12-24 20:26:00,760:14634: Yes my_avgbuy_price unavailable
CRITICAL:strat7:2022-12-24 20:27:04,335:14636: No my_buy_price unavailable
CRITICAL:strat7:2022-12-24 20:27:06,668:14636: No my_buy_price unavailable
CRITICAL:strat7:2022-12-24 20:27:09,725:14636: No my_buy_price unavailable
CRITICAL:strat7:2022-12-24 20:27:11,996:14636: No my_buy_price unavailable
CRITICAL:strat7:2022-12-24 20:30:10,318:14632: Yes my_avgbuy_price unavailable
CRITICAL:strat7:2022-12-24 20:30:12,491:14632: Yes my_avgbuy_price unavailable
CRITICAL:strat7:2022-12-24 20:30:15,656:14632: Yes my_avgbuy_price unavailable
CRITICAL:strat7:2022-12-24 20:30:17,809:14632: Yes my_avgbuy_price unavailable
CRITICAL:strat7:2022-12-24 20:31:22,224:14634: Yes my_avgbuy_price unavailable
CRITICAL:strat7:2022-12-24 20:31:24,563:14634: Yes my_avgbuy_price unavailable
CRITICAL:strat7:2022-12-24 20:31:27,783:14634: Yes my_avgbuy_price unavailable
CRITICAL:strat7:2022-12-24 20:31:29,964:14634: Yes my_avgbuy_price unavailable
CRITICAL:strat7:2022-12-24 20:32:31,451:14636: No my_buy_price unavailable
CRITICAL:strat7:2022-12-24 20:32:33,864:14636: No my_buy_price unavailable
CRITICAL:strat7:2022-12-24 20:32:37,087:14636: No my_buy_price unavailable
CRITICAL:strat7:2022-12-24 20:32:39,358:14636: No my_buy_price unavailable
CRITICAL:strat7:2022-12-24 20:35:47,260:14632: Yes my_avgbuy_price unavailable
CRITICAL:strat7:2022-12-24 20:35:49,366:14632: Yes my_avgbuy_price unavailable
CRITICAL:strat7:2022-12-24 20:35:52,534:14632: Yes my_avgbuy_price unavailable
CRITICAL:strat7:2022-12-24 20:35:54,795:14632: Yes my_avgbuy_price unavailable
CRITICAL:strat7:2022-12-24 20:36:52,939:14634: Yes my_avgbuy_price unavailable
CRITICAL:strat7:2022-12-24 20:36:55,055:14634: Yes my_avgbuy_price unavailable
CRITICAL:strat7:2022-12-24 20:36:58,060:14634: Yes my_avgbuy_price unavailable
CRITICAL:strat7:2022-12-24 20:37:00,262:14634: Yes my_avgbuy_price unavailable
CRITICAL:strat7:2022-12-24 20:38:03,813:14636: No my_buy_price unavailable
CRITICAL:strat7:2022-12-24 20:38:05,893:14636: No my_buy_price unavailable
CRITICAL:strat7:2022-12-24 20:38:08,914:14636: No my_buy_price unavailable
CRITICAL:strat7:2022-12-24 20:38:10,976:14636: No my_buy_price unavailable
CRITICAL:strat7:2022-12-24 20:41:08,699:14632: Yes my_avgbuy_price unavailable
CRITICAL:strat7:2022-12-24 20:41:11,031:14632: Yes my_avgbuy_price unavailable
CRITICAL:strat7:2022-12-24 20:41:14,214:14632: Yes my_avgbuy_price unavailable
CRITICAL:strat7:2022-12-24 20:41:16,545:14632: Yes my_avgbuy_price unavailable
CRITICAL:strat7:2022-12-24 20:42:12,021:14634: Yes my_avgbuy_price unavailable
CRITICAL:strat7:2022-12-24 20:42:14,248:14634: Yes my_avgbuy_price unavailable
CRITICAL:strat7:2022-12-24 20:42:17,534:14634: Yes my_avgbuy_price unavailable
CRITICAL:strat7:2022-12-24 20:42:19,862:14634: Yes my_avgbuy_price unavailable
CRITICAL:strat7:2022-12-24 20:43:24,863:14636: No my_buy_price unavailable
CRITICAL:strat7:2022-12-24 20:43:27,154:14636: No my_buy_price unavailable
CRITICAL:strat7:2022-12-24 20:43:30,436:14636: No my_buy_price unavailable
CRITICAL:strat7:2022-12-24 20:43:32,847:14636: No my_buy_price unavailable
CRITICAL:strat7:2022-12-24 20:46:30,450:14632: Yes my_avgbuy_price unavailable
CRITICAL:strat7:2022-12-24 20:46:32,675:14632: Yes my_avgbuy_price unavailable
CRITICAL:strat7:2022-12-24 20:46:35,671:14632: Yes my_avgbuy_price unavailable
CRITICAL:strat7:2022-12-24 20:46:37,889:14632: Yes my_avgbuy_price unavailable
CRITICAL:strat7:2022-12-24 20:47:36,792:14634: Yes my_avgbuy_price unavailable
CRITICAL:strat7:2022-12-24 20:47:38,971:14634: Yes my_avgbuy_price unavailable
CRITICAL:strat7:2022-12-24 20:47:42,091:14634: Yes my_avgbuy_price unavailable
CRITICAL:strat7:2022-12-24 20:47:44,147:14634: Yes my_avgbuy_price unavailable
CRITICAL:strat7:2022-12-24 20:48:52,294:14636: No my_buy_price unavailable
CRITICAL:strat7:2022-12-24 20:48:54,449:14636: No my_buy_price unavailable
CRITICAL:strat7:2022-12-24 20:48:57,497:14636: No my_buy_price unavailable
CRITICAL:strat7:2022-12-24 20:48:59,638:14636: No my_buy_price unavailable
CRITICAL:strat7:2022-12-24 20:51:54,481:14632: Yes my_avgbuy_price unavailable
CRITICAL:strat7:2022-12-24 20:51:56,768:14632: Yes my_avgbuy_price unavailable
CRITICAL:strat7:2022-12-24 20:51:59,953:14632: Yes my_avgbuy_price unavailable
CRITICAL:strat7:2022-12-24 20:52:02,288:14632: Yes my_avgbuy_price unavailable
CRITICAL:strat7:2022-12-24 20:53:00,009:14634: Yes my_avgbuy_price unavailable
CRITICAL:strat7:2022-12-24 20:53:02,363:14634: Yes my_avgbuy_price unavailable
CRITICAL:strat7:2022-12-24 20:53:05,535:14634: Yes my_avgbuy_price unavailable
CRITICAL:strat7:2022-12-24 20:53:07,765:14634: Yes my_avgbuy_price unavailable
CRITICAL:strat7:2022-12-24 20:54:10,316:14636: No my_buy_price unavailable
CRITICAL:strat7:2022-12-24 20:54:12,596:14636: No my_buy_price unavailable
CRITICAL:strat7:2022-12-24 20:54:15,760:14636: No my_buy_price unavailable
CRITICAL:strat7:2022-12-24 20:54:18,026:14636: No my_buy_price unavailable
CRITICAL:strat7:2022-12-24 20:57:18,871:14632: Yes my_avgbuy_price unavailable
CRITICAL:strat7:2022-12-24 20:57:21,113:14632: Yes my_avgbuy_price unavailable
CRITICAL:strat7:2022-12-24 20:57:24,281:14632: Yes my_avgbuy_price unavailable
CRITICAL:strat7:2022-12-24 20:57:26,605:14632: Yes my_avgbuy_price unavailable
CRITICAL:strat7:2022-12-24 20:58:23,654:14634: Yes my_avgbuy_price unavailable
CRITICAL:strat7:2022-12-24 20:58:25,707:14634: Yes my_avgbuy_price unavailable
CRITICAL:strat7:2022-12-24 20:58:28,753:14634: Yes my_avgbuy_price unavailable
CRITICAL:strat7:2022-12-24 20:58:30,884:14634: Yes my_avgbuy_price unavailable
CRITICAL:strat7:2022-12-24 20:59:34,537:14636: No my_buy_price unavailable
CRITICAL:strat7:2022-12-24 20:59:36,716:14636: No my_buy_price unavailable
CRITICAL:strat7:2022-12-24 20:59:39,585:14636: No my_buy_price unavailable
CRITICAL:strat7:2022-12-24 20:59:41,725:14636: No my_buy_price unavailable
CRITICAL:strat7:2022-12-24 21:02:37,621:14632: Yes my_avgbuy_price unavailable
CRITICAL:strat7:2022-12-24 21:02:39,707:14632: Yes my_avgbuy_price unavailable
CRITICAL:strat7:2022-12-24 21:02:42,637:14632: Yes my_avgbuy_price unavailable
CRITICAL:strat7:2022-12-24 21:02:44,678:14632: Yes my_avgbuy_price unavailable
CRITICAL:strat7:2022-12-24 21:03:41,114:14634: Yes my_avgbuy_price unavailable
CRITICAL:strat7:2022-12-24 21:03:43,239:14634: Yes my_avgbuy_price unavailable
CRITICAL:strat7:2022-12-24 21:03:46,428:14634: Yes my_avgbuy_price unavailable
CRITICAL:strat7:2022-12-24 21:03:48,793:14634: Yes my_avgbuy_price unavailable
CRITICAL:strat7:2022-12-24 21:04:51,275:14636: No my_buy_price unavailable
CRITICAL:strat7:2022-12-24 21:04:53,476:14636: No my_buy_price unavailable
CRITICAL:strat7:2022-12-24 21:04:56,613:14636: No my_buy_price unavailable
CRITICAL:strat7:2022-12-24 21:04:58,749:14636: No my_buy_price unavailable
CRITICAL:strat7:2022-12-24 21:07:46,768:14632: Yes my_avgbuy_price unavailable
CRITICAL:strat7:2022-12-24 21:07:48,986:14632: Yes my_avgbuy_price unavailable
CRITICAL:strat7:2022-12-24 21:07:52,211:14632: Yes my_avgbuy_price unavailable
CRITICAL:strat7:2022-12-24 21:07:54,529:14632: Yes my_avgbuy_price unavailable
CRITICAL:strat7:2022-12-24 21:08:52,238:14634: Yes my_avgbuy_price unavailable
CRITICAL:strat7:2022-12-24 21:08:54,525:14634: Yes my_avgbuy_price unavailable
CRITICAL:strat7:2022-12-24 21:08:57,714:14634: Yes my_avgbuy_price unavailable
CRITICAL:strat7:2022-12-24 21:08:59,940:14634: Yes my_avgbuy_price unavailable
CRITICAL:strat7:2022-12-24 21:10:07,945:14636: No my_buy_price unavailable
CRITICAL:strat7:2022-12-24 21:10:10,169:14636: No my_buy_price unavailable
CRITICAL:strat7:2022-12-24 21:10:13,305:14636: No my_buy_price unavailable
CRITICAL:strat7:2022-12-24 21:10:15,542:14636: No my_buy_price unavailable
CRITICAL:strat7:2022-12-24 21:13:13,754:14632: Yes my_avgbuy_price unavailable
CRITICAL:strat7:2022-12-24 21:13:15,795:14632: Yes my_avgbuy_price unavailable
CRITICAL:strat7:2022-12-24 21:13:18,764:14632: Yes my_avgbuy_price unavailable
CRITICAL:strat7:2022-12-24 21:13:20,796:14632: Yes my_avgbuy_price unavailable
CRITICAL:strat7:2022-12-24 21:14:19,788:14634: Yes my_avgbuy_price unavailable
CRITICAL:strat7:2022-12-24 21:14:21,860:14634: Yes my_avgbuy_price unavailable
CRITICAL:strat7:2022-12-24 21:15:23,656:14636: No my_buy_price unavailable
CRITICAL:strat7:2022-12-24 21:15:25,706:14636: No my_buy_price unavailable
CRITICAL:strat7:2022-12-24 21:15:29,035:14636: No my_buy_price unavailable
CRITICAL:strat7:2022-12-24 21:15:31,048:14636: No my_buy_price unavailable
CRITICAL:strat7:2022-12-24 21:18:22,894:14632: Yes my_avgbuy_price unavailable
CRITICAL:strat7:2022-12-24 21:18:24,987:14632: Yes my_avgbuy_price unavailable
CRITICAL:strat7:2022-12-24 21:18:28,090:14632: Yes my_avgbuy_price unavailable
CRITICAL:strat7:2022-12-24 21:18:30,193:14632: Yes my_avgbuy_price unavailable
CRITICAL:strat7:2022-12-24 21:20:39,253:14636: No my_buy_price unavailable
CRITICAL:strat7:2022-12-24 21:20:41,366:14636: No my_buy_price unavailable
CRITICAL:strat7:2022-12-24 21:20:44,462:14636: No my_buy_price unavailable
CRITICAL:strat7:2022-12-24 21:20:46,573:14636: No my_buy_price unavailable
CRITICAL:strat7:2022-12-24 21:23:39,945:14632: Yes my_avgbuy_price unavailable
CRITICAL:strat7:2022-12-24 21:23:41,941:14632: Yes my_avgbuy_price unavailable
CRITICAL:strat7:2022-12-24 21:23:44,847:14632: Yes my_avgbuy_price unavailable
CRITICAL:strat7:2022-12-24 21:23:46,844:14632: Yes my_avgbuy_price unavailable
CRITICAL:strat7:2022-12-24 21:25:43,727:14636: No my_buy_price unavailable
CRITICAL:strat7:2022-12-24 21:25:45,816:14636: No my_buy_price unavailable
CRITICAL:strat7:2022-12-24 21:25:48,680:14636: No my_buy_price unavailable
CRITICAL:strat7:2022-12-24 21:25:50,658:14636: No my_buy_price unavailable
CRITICAL:strat7:2022-12-24 21:28:42,567:14632: Yes my_avgbuy_price unavailable
CRITICAL:strat7:2022-12-24 21:28:44,685:14632: Yes my_avgbuy_price unavailable
CRITICAL:strat7:2022-12-24 21:28:49,322:14632: Yes my_avgbuy_price unavailable
CRITICAL:strat7:2022-12-24 21:28:51,510:14632: Yes my_avgbuy_price unavailable
CRITICAL:strat7:2022-12-24 21:30:55,292:14636: No my_buy_price unavailable
CRITICAL:strat7:2022-12-24 21:30:57,399:14636: No my_buy_price unavailable
CRITICAL:strat7:2022-12-24 21:31:03,113:14636: No my_buy_price unavailable
CRITICAL:strat7:2022-12-24 21:31:06,844:14636: No my_buy_price unavailable
CRITICAL:strat7:2022-12-24 21:33:54,843:14632: Yes my_avgbuy_price unavailable
CRITICAL:strat7:2022-12-24 21:33:56,825:14632: Yes my_avgbuy_price unavailable
CRITICAL:strat7:2022-12-24 21:33:59,645:14632: Yes my_avgbuy_price unavailable
CRITICAL:strat7:2022-12-24 21:34:01,762:14632: Yes my_avgbuy_price unavailable
CRITICAL:strat7:2022-12-24 21:39:07,834:14632: Yes my_avgbuy_price unavailable
CRITICAL:strat7:2022-12-24 21:39:09,870:14632: Yes my_avgbuy_price unavailable
CRITICAL:strat7:2022-12-24 21:39:12,761:14632: Yes my_avgbuy_price unavailable
CRITICAL:strat7:2022-12-24 21:39:14,822:14632: Yes my_avgbuy_price unavailable
CRITICAL:strat7:2022-12-24 21:44:18,513:14632: Yes my_avgbuy_price unavailable
CRITICAL:strat7:2022-12-24 21:44:20,628:14632: Yes my_avgbuy_price unavailable
CRITICAL:strat7:2022-12-24 21:44:23,522:14632: Yes my_avgbuy_price unavailable
CRITICAL:strat7:2022-12-24 21:44:25,621:14632: Yes my_avgbuy_price unavailable
CRITICAL:strat7:2022-12-24 21:49:19,336:14632: Yes my_avgbuy_price unavailable
CRITICAL:strat7:2022-12-24 21:49:21,423:14632: Yes my_avgbuy_price unavailable
CRITICAL:strat7:2022-12-24 21:49:24,296:14632: Yes my_avgbuy_price unavailable
CRITICAL:strat7:2022-12-24 21:49:26,262:14632: Yes my_avgbuy_price unavailable
CRITICAL:strat7:2022-12-24 21:54:29,724:14632: Yes my_avgbuy_price unavailable
CRITICAL:strat7:2022-12-24 21:54:31,746:14632: Yes my_avgbuy_price unavailable
CRITICAL:strat7:2022-12-24 21:54:34,638:14632: Yes my_avgbuy_price unavailable
CRITICAL:strat7:2022-12-24 21:54:36,757:14632: Yes my_avgbuy_price unavailable
CRITICAL:strat7:2022-12-24 21:59:28,291:14632: Yes my_avgbuy_price unavailable
CRITICAL:strat7:2022-12-24 21:59:30,331:14632: Yes my_avgbuy_price unavailable
CRITICAL:strat7:2022-12-24 21:59:33,303:14632: Yes my_avgbuy_price unavailable
CRITICAL:strat7:2022-12-24 21:59:35,346:14632: Yes my_avgbuy_price unavailable
CRITICAL:strat7:2022-12-24 22:04:35,638:14632: Yes my_avgbuy_price unavailable
CRITICAL:strat7:2022-12-24 22:04:37,620:14632: Yes my_avgbuy_price unavailable
CRITICAL:strat7:2022-12-24 22:04:40,561:14632: Yes my_avgbuy_price unavailable
CRITICAL:strat7:2022-12-24 22:04:42,707:14632: Yes my_avgbuy_price unavailable
CRITICAL:strat7:2022-12-24 22:09:42,951:14632: Yes my_avgbuy_price unavailable
CRITICAL:strat7:2022-12-24 22:09:44,905:14632: Yes my_avgbuy_price unavailable
CRITICAL:strat7:2022-12-24 22:09:47,782:14632: Yes my_avgbuy_price unavailable
CRITICAL:strat7:2022-12-24 22:09:50,507:14632: Yes my_avgbuy_price unavailable
CRITICAL:strat7:2022-12-24 22:14:37,584:14632: Yes my_avgbuy_price unavailable
CRITICAL:strat7:2022-12-24 22:14:39,604:14632: Yes my_avgbuy_price unavailable
CRITICAL:strat7:2022-12-24 22:14:42,519:14632: Yes my_avgbuy_price unavailable
CRITICAL:strat7:2022-12-24 22:14:44,604:14632: Yes my_avgbuy_price unavailable
CRITICAL:strat7:2022-12-24 22:19:41,461:14632: Yes my_avgbuy_price unavailable
CRITICAL:strat7:2022-12-24 22:19:43,537:14632: Yes my_avgbuy_price unavailable
CRITICAL:strat7:2022-12-24 22:19:46,367:14632: Yes my_avgbuy_price unavailable
CRITICAL:strat7:2022-12-24 22:19:48,472:14632: Yes my_avgbuy_price unavailable
CRITICAL:strat7:2022-12-24 22:24:31,492:14632: Yes my_avgbuy_price unavailable
CRITICAL:strat7:2022-12-24 22:24:33,578:14632: Yes my_avgbuy_price unavailable
CRITICAL:strat7:2022-12-24 22:24:36,516:14632: Yes my_avgbuy_price unavailable
CRITICAL:strat7:2022-12-24 22:24:38,618:14632: Yes my_avgbuy_price unavailable
CRITICAL:strat7:2022-12-24 22:29:35,888:14632: Yes my_avgbuy_price unavailable
CRITICAL:strat7:2022-12-24 22:29:38,093:14632: Yes my_avgbuy_price unavailable
CRITICAL:strat7:2022-12-24 22:29:41,046:14632: Yes my_avgbuy_price unavailable
CRITICAL:strat7:2022-12-24 22:29:43,111:14632: Yes my_avgbuy_price unavailable
CRITICAL:strat7:2022-12-24 22:34:32,876:14632: Yes my_avgbuy_price unavailable
CRITICAL:strat7:2022-12-24 22:34:34,891:14632: Yes my_avgbuy_price unavailable
CRITICAL:strat7:2022-12-24 22:34:37,712:14632: Yes my_avgbuy_price unavailable
CRITICAL:strat7:2022-12-24 22:34:39,699:14632: Yes my_avgbuy_price unavailable
CRITICAL:strat7:2022-12-24 22:39:37,033:14632: Yes my_avgbuy_price unavailable
CRITICAL:strat7:2022-12-24 22:39:39,248:14632: Yes my_avgbuy_price unavailable
CRITICAL:strat7:2022-12-24 22:39:42,264:14632: Yes my_avgbuy_price unavailable
CRITICAL:strat7:2022-12-24 22:39:44,354:14632: Yes my_avgbuy_price unavailable
CRITICAL:strat7:2022-12-24 22:44:47,071:14632: Yes my_avgbuy_price unavailable
CRITICAL:strat7:2022-12-24 22:44:49,041:14632: Yes my_avgbuy_price unavailable
CRITICAL:strat7:2022-12-24 22:44:51,888:14632: Yes my_avgbuy_price unavailable
CRITICAL:strat7:2022-12-24 22:44:53,933:14632: Yes my_avgbuy_price unavailable
CRITICAL:strat7:2022-12-24 22:55:25,409:14632: Yes my_avgbuy_price unavailable
CRITICAL:strat7:2022-12-24 22:55:27,419:14632: Yes my_avgbuy_price unavailable
