INFO:strat7:2023-01-04 15:03:49,925:15449: Initialising event
CRITICAL:strat7:2023-01-04 15:04:27,100:15449: Yes my_avgbuy_price unavailable
CRITICAL:strat7:2023-01-04 15:04:29,325:15449: Yes my_avgbuy_price unavailable
WARNING:strat7:2023-01-04 15:04:30,685:15449: last_values_dict empty
INFO:strat7:2023-01-04 15:04:37,107:15450: Initialising event
CRITICAL:strat7:2023-01-04 15:05:17,757:15450: Yes my_avgbuy_price unavailable
CRITICAL:strat7:2023-01-04 15:05:20,081:15450: Yes my_avgbuy_price unavailable
WARNING:strat7:2023-01-04 15:05:21,582:15450: last_values_dict empty
INFO:strat7:2023-01-04 15:05:27,715:15451: Initialising event
CRITICAL:strat7:2023-01-04 15:06:02,127:15451: Yes my_avgbuy_price unavailable
CRITICAL:strat7:2023-01-04 15:06:04,529:15451: Yes my_avgbuy_price unavailable
WARNING:strat7:2023-01-04 15:06:05,862:15451: last_values_dict empty
INFO:strat7:2023-01-04 15:06:12,047:15452: Initialising event
CRITICAL:strat7:2023-01-04 15:06:38,518:15452: Yes my_avgbuy_price unavailable
CRITICAL:strat7:2023-01-04 15:06:40,846:15452: Yes my_avgbuy_price unavailable
WARNING:strat7:2023-01-04 15:06:42,245:15452: last_values_dict empty
INFO:strat7:2023-01-04 15:06:48,486:15453: Initialising event
CRITICAL:strat7:2023-01-04 15:07:15,650:15453: No my_buy_price unavailable
CRITICAL:strat7:2023-01-04 15:07:17,956:15453: No my_buy_price unavailable
WARNING:strat7:2023-01-04 15:07:19,386:15453: last_values_dict empty
INFO:strat7:2023-01-04 15:07:25,591:15454: Initialising event
CRITICAL:strat7:2023-01-04 15:07:59,022:15454: No my_buy_price unavailable
CRITICAL:strat7:2023-01-04 15:08:01,620:15454: No my_buy_price unavailable
WARNING:strat7:2023-01-04 15:08:02,868:15454: last_values_dict empty
INFO:strat7:2023-01-04 15:08:09,081:15455: Initialising event
CRITICAL:strat7:2023-01-04 15:08:40,827:15455: No my_buy_price unavailable
CRITICAL:strat7:2023-01-04 15:08:43,185:15455: No my_buy_price unavailable
WARNING:strat7:2023-01-04 15:08:44,809:15455: last_values_dict empty
INFO:strat7:2023-01-04 15:08:51,119:15456: Initialising event
CRITICAL:strat7:2023-01-04 15:09:27,291:15456: No my_buy_price unavailable
CRITICAL:strat7:2023-01-04 15:09:30,016:15456: No my_buy_price unavailable
WARNING:strat7:2023-01-04 15:09:31,368:15456: last_values_dict empty
CRITICAL:strat7:2023-01-04 15:10:05,391:15449: Yes my_avgbuy_price unavailable
CRITICAL:strat7:2023-01-04 15:10:07,686:15449: Yes my_avgbuy_price unavailable
CRITICAL:strat7:2023-01-04 15:10:11,219:15449: Yes my_avgbuy_price unavailable
CRITICAL:strat7:2023-01-04 15:10:13,850:15449: Yes my_avgbuy_price unavailable
CRITICAL:strat7:2023-01-04 15:10:50,923:15450: Yes my_avgbuy_price unavailable
CRITICAL:strat7:2023-01-04 15:10:53,266:15450: Yes my_avgbuy_price unavailable
CRITICAL:strat7:2023-01-04 15:10:56,486:15450: Yes my_avgbuy_price unavailable
CRITICAL:strat7:2023-01-04 15:10:58,945:15450: Yes my_avgbuy_price unavailable
CRITICAL:strat7:2023-01-04 15:11:36,579:15451: Yes my_avgbuy_price unavailable
CRITICAL:strat7:2023-01-04 15:11:38,983:15451: Yes my_avgbuy_price unavailable
CRITICAL:strat7:2023-01-04 15:11:42,536:15451: Yes my_avgbuy_price unavailable
CRITICAL:strat7:2023-01-04 15:11:45,465:15451: Yes my_avgbuy_price unavailable
CRITICAL:strat7:2023-01-04 15:12:18,893:15452: Yes my_avgbuy_price unavailable
CRITICAL:strat7:2023-01-04 15:12:21,363:15452: Yes my_avgbuy_price unavailable
CRITICAL:strat7:2023-01-04 15:12:24,102:15452: Yes my_avgbuy_price unavailable
CRITICAL:strat7:2023-01-04 15:12:26,674:15452: Yes my_avgbuy_price unavailable
CRITICAL:strat7:2023-01-04 15:13:02,258:15453: No my_buy_price unavailable
CRITICAL:strat7:2023-01-04 15:13:04,718:15453: No my_buy_price unavailable
CRITICAL:strat7:2023-01-04 15:13:07,350:15453: No my_buy_price unavailable
CRITICAL:strat7:2023-01-04 15:13:09,890:15453: No my_buy_price unavailable
CRITICAL:strat7:2023-01-04 15:13:45,884:15454: No my_buy_price unavailable
CRITICAL:strat7:2023-01-04 15:13:48,358:15454: No my_buy_price unavailable
CRITICAL:strat7:2023-01-04 15:13:51,857:15454: No my_buy_price unavailable
CRITICAL:strat7:2023-01-04 15:13:54,293:15454: No my_buy_price unavailable
CRITICAL:strat7:2023-01-04 15:14:34,630:15455: No my_buy_price unavailable
CRITICAL:strat7:2023-01-04 15:14:37,504:15455: No my_buy_price unavailable
CRITICAL:strat7:2023-01-04 15:14:40,959:15455: No my_buy_price unavailable
CRITICAL:strat7:2023-01-04 15:14:43,557:15455: No my_buy_price unavailable
CRITICAL:strat7:2023-01-04 15:15:24,546:15456: No my_buy_price unavailable
CRITICAL:strat7:2023-01-04 15:15:27,287:15456: No my_buy_price unavailable
CRITICAL:strat7:2023-01-04 15:17:07,475:15449: Yes my_avgbuy_price unavailable
CRITICAL:strat7:2023-01-04 15:17:09,866:15449: Yes my_avgbuy_price unavailable
CRITICAL:strat7:2023-01-04 15:17:13,241:15449: Yes my_avgbuy_price unavailable
CRITICAL:strat7:2023-01-04 15:17:15,614:15449: Yes my_avgbuy_price unavailable
CRITICAL:strat7:2023-01-04 15:17:49,607:15450: Yes my_avgbuy_price unavailable
CRITICAL:strat7:2023-01-04 15:17:51,939:15450: Yes my_avgbuy_price unavailable
CRITICAL:strat7:2023-01-04 15:17:55,167:15450: Yes my_avgbuy_price unavailable
CRITICAL:strat7:2023-01-04 15:17:57,452:15450: Yes my_avgbuy_price unavailable
CRITICAL:strat7:2023-01-04 15:18:32,436:15451: Yes my_avgbuy_price unavailable
CRITICAL:strat7:2023-01-04 15:18:34,642:15451: Yes my_avgbuy_price unavailable
CRITICAL:strat7:2023-01-04 15:18:37,756:15451: Yes my_avgbuy_price unavailable
CRITICAL:strat7:2023-01-04 15:18:40,220:15451: Yes my_avgbuy_price unavailable
CRITICAL:strat7:2023-01-04 15:19:16,331:15452: Yes my_avgbuy_price unavailable
CRITICAL:strat7:2023-01-04 15:19:18,714:15452: Yes my_avgbuy_price unavailable
CRITICAL:strat7:2023-01-04 15:19:21,349:15452: Yes my_avgbuy_price unavailable
CRITICAL:strat7:2023-01-04 15:19:24,554:15452: Yes my_avgbuy_price unavailable
CRITICAL:strat7:2023-01-04 15:20:01,023:15453: No my_buy_price unavailable
CRITICAL:strat7:2023-01-04 15:20:03,436:15453: No my_buy_price unavailable
CRITICAL:strat7:2023-01-04 15:20:06,545:15453: No my_buy_price unavailable
CRITICAL:strat7:2023-01-04 15:20:08,816:15453: No my_buy_price unavailable
CRITICAL:strat7:2023-01-04 15:20:44,483:15454: No my_buy_price unavailable
CRITICAL:strat7:2023-01-04 15:20:46,944:15454: No my_buy_price unavailable
CRITICAL:strat7:2023-01-04 15:20:50,347:15454: No my_buy_price unavailable
CRITICAL:strat7:2023-01-04 15:20:52,878:15454: No my_buy_price unavailable
CRITICAL:strat7:2023-01-04 15:21:23,397:15455: No my_buy_price unavailable
CRITICAL:strat7:2023-01-04 15:21:25,763:15455: No my_buy_price unavailable
CRITICAL:strat7:2023-01-04 15:21:29,078:15455: No my_buy_price unavailable
CRITICAL:strat7:2023-01-04 15:21:31,494:15455: No my_buy_price unavailable
INFO:strat7:2023-01-04 15:23:52,549:15449: Initialising event
CRITICAL:strat7:2023-01-04 15:24:30,899:15449: Yes my_avgbuy_price unavailable
CRITICAL:strat7:2023-01-04 15:24:33,299:15449: Yes my_avgbuy_price unavailable
WARNING:strat7:2023-01-04 15:24:34,653:15449: last_values_dict empty
INFO:strat7:2023-01-04 15:24:40,623:15450: Initialising event
CRITICAL:strat7:2023-01-04 15:25:18,910:15450: Yes my_avgbuy_price unavailable
CRITICAL:strat7:2023-01-04 15:25:21,293:15450: Yes my_avgbuy_price unavailable
WARNING:strat7:2023-01-04 15:25:22,605:15450: last_values_dict empty
INFO:strat7:2023-01-04 15:25:28,622:15451: Initialising event
CRITICAL:strat7:2023-01-04 15:26:07,188:15451: Yes my_avgbuy_price unavailable
CRITICAL:strat7:2023-01-04 15:26:09,533:15451: Yes my_avgbuy_price unavailable
WARNING:strat7:2023-01-04 15:26:11,031:15451: last_values_dict empty
INFO:strat7:2023-01-04 15:26:17,000:15452: Initialising event
CRITICAL:strat7:2023-01-04 15:26:50,368:15452: Yes my_avgbuy_price unavailable
CRITICAL:strat7:2023-01-04 15:26:54,729:15452: Yes my_avgbuy_price unavailable
WARNING:strat7:2023-01-04 15:26:56,052:15452: last_values_dict empty
INFO:strat7:2023-01-04 15:27:02,067:15453: Initialising event
CRITICAL:strat7:2023-01-04 15:27:35,071:15453: No my_buy_price unavailable
CRITICAL:strat7:2023-01-04 15:27:37,317:15453: No my_buy_price unavailable
WARNING:strat7:2023-01-04 15:27:38,677:15453: last_values_dict empty
INFO:strat7:2023-01-04 15:27:44,644:15454: Initialising event
CRITICAL:strat7:2023-01-04 15:28:22,386:15454: No my_buy_price unavailable
CRITICAL:strat7:2023-01-04 15:28:25,285:15454: No my_buy_price unavailable
WARNING:strat7:2023-01-04 15:28:26,750:15454: last_values_dict empty
INFO:strat7:2023-01-04 15:28:32,833:15455: Initialising event
CRITICAL:strat7:2023-01-04 15:29:09,529:15455: No my_buy_price unavailable
CRITICAL:strat7:2023-01-04 15:29:11,938:15455: No my_buy_price unavailable
WARNING:strat7:2023-01-04 15:29:15,850:15455: last_values_dict empty
INFO:strat7:2023-01-04 15:29:21,866:15456: Initialising event
CRITICAL:strat7:2023-01-04 15:30:00,338:15456: No my_buy_price unavailable
CRITICAL:strat7:2023-01-04 15:30:03,208:15456: No my_buy_price unavailable
WARNING:strat7:2023-01-04 15:30:04,705:15456: last_values_dict empty
CRITICAL:strat7:2023-01-04 15:30:43,651:15449: Yes my_avgbuy_price unavailable
CRITICAL:strat7:2023-01-04 15:30:45,971:15449: Yes my_avgbuy_price unavailable
CRITICAL:strat7:2023-01-04 15:30:49,164:15449: Yes my_avgbuy_price unavailable
CRITICAL:strat7:2023-01-04 15:30:53,703:15449: Yes my_avgbuy_price unavailable
CRITICAL:strat7:2023-01-04 15:31:34,154:15450: Yes my_avgbuy_price unavailable
CRITICAL:strat7:2023-01-04 15:31:36,359:15450: Yes my_avgbuy_price unavailable
CRITICAL:strat7:2023-01-04 15:31:39,656:15450: Yes my_avgbuy_price unavailable
CRITICAL:strat7:2023-01-04 15:31:42,061:15450: Yes my_avgbuy_price unavailable
CRITICAL:strat7:2023-01-04 15:32:17,124:15451: Yes my_avgbuy_price unavailable
CRITICAL:strat7:2023-01-04 15:32:19,463:15451: Yes my_avgbuy_price unavailable
CRITICAL:strat7:2023-01-04 15:32:22,771:15451: Yes my_avgbuy_price unavailable
CRITICAL:strat7:2023-01-04 15:32:24,995:15451: Yes my_avgbuy_price unavailable
CRITICAL:strat7:2023-01-04 15:32:58,241:15452: Yes my_avgbuy_price unavailable
CRITICAL:strat7:2023-01-04 15:33:00,467:15452: Yes my_avgbuy_price unavailable
CRITICAL:strat7:2023-01-04 15:33:03,233:15452: Yes my_avgbuy_price unavailable
CRITICAL:strat7:2023-01-04 15:33:06,406:15452: Yes my_avgbuy_price unavailable
CRITICAL:strat7:2023-01-04 15:33:41,915:15453: No my_buy_price unavailable
CRITICAL:strat7:2023-01-04 15:33:45,082:15453: No my_buy_price unavailable
CRITICAL:strat7:2023-01-04 15:33:47,835:15453: No my_buy_price unavailable
CRITICAL:strat7:2023-01-04 15:33:50,140:15453: No my_buy_price unavailable
CRITICAL:strat7:2023-01-04 15:34:25,946:15454: No my_buy_price unavailable
CRITICAL:strat7:2023-01-04 15:34:28,264:15454: No my_buy_price unavailable
CRITICAL:strat7:2023-01-04 15:34:31,518:15454: No my_buy_price unavailable
CRITICAL:strat7:2023-01-04 15:34:33,830:15454: No my_buy_price unavailable
CRITICAL:strat7:2023-01-04 15:35:10,756:15455: No my_buy_price unavailable
CRITICAL:strat7:2023-01-04 15:35:13,107:15455: No my_buy_price unavailable
CRITICAL:strat7:2023-01-04 15:35:16,532:15455: No my_buy_price unavailable
CRITICAL:strat7:2023-01-04 15:35:18,876:15455: No my_buy_price unavailable
CRITICAL:strat7:2023-01-04 15:37:40,649:15449: Yes my_avgbuy_price unavailable
CRITICAL:strat7:2023-01-04 15:37:42,979:15449: Yes my_avgbuy_price unavailable
CRITICAL:strat7:2023-01-04 15:37:46,312:15449: Yes my_avgbuy_price unavailable
CRITICAL:strat7:2023-01-04 15:37:49,597:15449: Yes my_avgbuy_price unavailable
CRITICAL:strat7:2023-01-04 15:38:28,619:15450: Yes my_avgbuy_price unavailable
CRITICAL:strat7:2023-01-04 15:38:30,990:15450: Yes my_avgbuy_price unavailable
CRITICAL:strat7:2023-01-04 15:38:34,256:15450: Yes my_avgbuy_price unavailable
CRITICAL:strat7:2023-01-04 15:38:36,606:15450: Yes my_avgbuy_price unavailable
CRITICAL:strat7:2023-01-04 15:39:10,400:15451: Yes my_avgbuy_price unavailable
CRITICAL:strat7:2023-01-04 15:39:12,834:15451: Yes my_avgbuy_price unavailable
CRITICAL:strat7:2023-01-04 15:39:16,208:15451: Yes my_avgbuy_price unavailable
CRITICAL:strat7:2023-01-04 15:39:18,395:15451: Yes my_avgbuy_price unavailable
CRITICAL:strat7:2023-01-04 15:39:49,563:15452: Yes my_avgbuy_price unavailable
CRITICAL:strat7:2023-01-04 15:39:51,895:15452: Yes my_avgbuy_price unavailable
CRITICAL:strat7:2023-01-04 15:39:54,676:15452: Yes my_avgbuy_price unavailable
CRITICAL:strat7:2023-01-04 15:39:56,904:15452: Yes my_avgbuy_price unavailable
CRITICAL:strat7:2023-01-04 15:40:33,315:15453: No my_buy_price unavailable
CRITICAL:strat7:2023-01-04 15:40:36,486:15453: No my_buy_price unavailable
CRITICAL:strat7:2023-01-04 15:40:39,206:15453: No my_buy_price unavailable
CRITICAL:strat7:2023-01-04 15:40:41,485:15453: No my_buy_price unavailable
CRITICAL:strat7:2023-01-04 15:41:22,805:15454: No my_buy_price unavailable
CRITICAL:strat7:2023-01-04 15:41:25,290:15454: No my_buy_price unavailable
CRITICAL:strat7:2023-01-04 15:41:28,649:15454: No my_buy_price unavailable
CRITICAL:strat7:2023-01-04 15:41:30,910:15454: No my_buy_price unavailable
CRITICAL:strat7:2023-01-04 15:42:12,815:15455: No my_buy_price unavailable
CRITICAL:strat7:2023-01-04 15:42:15,202:15455: No my_buy_price unavailable
CRITICAL:strat7:2023-01-04 15:42:18,617:15455: No my_buy_price unavailable
CRITICAL:strat7:2023-01-04 15:42:20,848:15455: No my_buy_price unavailable
CRITICAL:strat7:2023-01-04 15:44:42,751:15449: Yes my_avgbuy_price unavailable
CRITICAL:strat7:2023-01-04 15:44:45,077:15449: Yes my_avgbuy_price unavailable
CRITICAL:strat7:2023-01-04 15:44:49,572:15449: Yes my_avgbuy_price unavailable
CRITICAL:strat7:2023-01-04 15:44:51,855:15449: Yes my_avgbuy_price unavailable
CRITICAL:strat7:2023-01-04 15:45:29,222:15450: Yes my_avgbuy_price unavailable
CRITICAL:strat7:2023-01-04 15:45:31,499:15450: Yes my_avgbuy_price unavailable
CRITICAL:strat7:2023-01-04 15:45:34,681:15450: Yes my_avgbuy_price unavailable
CRITICAL:strat7:2023-01-04 15:45:36,841:15450: Yes my_avgbuy_price unavailable
CRITICAL:strat7:2023-01-04 15:46:16,473:15451: Yes my_avgbuy_price unavailable
CRITICAL:strat7:2023-01-04 15:46:18,917:15451: Yes my_avgbuy_price unavailable
CRITICAL:strat7:2023-01-04 15:46:22,206:15451: Yes my_avgbuy_price unavailable
CRITICAL:strat7:2023-01-04 15:46:24,512:15451: Yes my_avgbuy_price unavailable
CRITICAL:strat7:2023-01-04 15:47:00,312:15452: Yes my_avgbuy_price unavailable
CRITICAL:strat7:2023-01-04 15:47:02,618:15452: Yes my_avgbuy_price unavailable
CRITICAL:strat7:2023-01-04 15:47:05,301:15452: Yes my_avgbuy_price unavailable
CRITICAL:strat7:2023-01-04 15:47:07,611:15452: Yes my_avgbuy_price unavailable
CRITICAL:strat7:2023-01-04 15:47:40,569:15453: No my_buy_price unavailable
CRITICAL:strat7:2023-01-04 15:47:42,851:15453: No my_buy_price unavailable
CRITICAL:strat7:2023-01-04 15:47:45,454:15453: No my_buy_price unavailable
CRITICAL:strat7:2023-01-04 15:47:48,659:15453: No my_buy_price unavailable
CRITICAL:strat7:2023-01-04 15:48:18,419:15454: No my_buy_price unavailable
CRITICAL:strat7:2023-01-04 15:48:20,767:15454: No my_buy_price unavailable
CRITICAL:strat7:2023-01-04 15:48:24,037:15454: No my_buy_price unavailable
CRITICAL:strat7:2023-01-04 15:48:26,444:15454: No my_buy_price unavailable
CRITICAL:strat7:2023-01-04 15:49:00,050:15455: No my_buy_price unavailable
CRITICAL:strat7:2023-01-04 15:49:02,326:15455: No my_buy_price unavailable
CRITICAL:strat7:2023-01-04 15:49:05,690:15455: No my_buy_price unavailable
CRITICAL:strat7:2023-01-04 15:49:08,146:15455: No my_buy_price unavailable
CRITICAL:strat7:2023-01-04 15:51:33,221:15449: Yes my_avgbuy_price unavailable
CRITICAL:strat7:2023-01-04 15:51:35,659:15449: Yes my_avgbuy_price unavailable
CRITICAL:strat7:2023-01-04 15:51:38,921:15449: Yes my_avgbuy_price unavailable
CRITICAL:strat7:2023-01-04 15:51:41,291:15449: Yes my_avgbuy_price unavailable
CRITICAL:strat7:2023-01-04 15:52:20,725:15450: Yes my_avgbuy_price unavailable
CRITICAL:strat7:2023-01-04 15:52:23,072:15450: Yes my_avgbuy_price unavailable
CRITICAL:strat7:2023-01-04 15:52:26,333:15450: Yes my_avgbuy_price unavailable
CRITICAL:strat7:2023-01-04 15:52:28,750:15450: Yes my_avgbuy_price unavailable
CRITICAL:strat7:2023-01-04 15:53:06,755:15451: Yes my_avgbuy_price unavailable
CRITICAL:strat7:2023-01-04 15:53:11,102:15451: Yes my_avgbuy_price unavailable
CRITICAL:strat7:2023-01-04 15:53:14,539:15451: Yes my_avgbuy_price unavailable
CRITICAL:strat7:2023-01-04 15:53:16,909:15451: Yes my_avgbuy_price unavailable
CRITICAL:strat7:2023-01-04 15:53:53,884:15452: Yes my_avgbuy_price unavailable
CRITICAL:strat7:2023-01-04 15:53:56,132:15452: Yes my_avgbuy_price unavailable
CRITICAL:strat7:2023-01-04 15:53:58,769:15452: Yes my_avgbuy_price unavailable
CRITICAL:strat7:2023-01-04 15:54:01,023:15452: Yes my_avgbuy_price unavailable
CRITICAL:strat7:2023-01-04 15:54:35,758:15453: No my_buy_price unavailable
CRITICAL:strat7:2023-01-04 15:54:38,001:15453: No my_buy_price unavailable
CRITICAL:strat7:2023-01-04 15:54:40,524:15453: No my_buy_price unavailable
CRITICAL:strat7:2023-01-04 15:54:42,870:15453: No my_buy_price unavailable
CRITICAL:strat7:2023-01-04 15:55:21,586:15454: No my_buy_price unavailable
CRITICAL:strat7:2023-01-04 15:55:23,873:15454: No my_buy_price unavailable
CRITICAL:strat7:2023-01-04 15:55:27,252:15454: No my_buy_price unavailable
CRITICAL:strat7:2023-01-04 15:55:30,290:15454: No my_buy_price unavailable
CRITICAL:strat7:2023-01-04 15:56:12,885:15455: No my_buy_price unavailable
CRITICAL:strat7:2023-01-04 15:56:15,194:15455: No my_buy_price unavailable
CRITICAL:strat7:2023-01-04 15:56:18,535:15455: No my_buy_price unavailable
CRITICAL:strat7:2023-01-04 15:56:20,860:15455: No my_buy_price unavailable
CRITICAL:strat7:2023-01-04 15:58:43,892:15449: Yes my_avgbuy_price unavailable
CRITICAL:strat7:2023-01-04 15:58:46,292:15449: Yes my_avgbuy_price unavailable
CRITICAL:strat7:2023-01-04 15:58:50,621:15449: Yes my_avgbuy_price unavailable
CRITICAL:strat7:2023-01-04 15:58:53,115:15449: Yes my_avgbuy_price unavailable
CRITICAL:strat7:2023-01-04 15:59:30,040:15450: Yes my_avgbuy_price unavailable
CRITICAL:strat7:2023-01-04 15:59:32,369:15450: Yes my_avgbuy_price unavailable
CRITICAL:strat7:2023-01-04 15:59:35,925:15450: Yes my_avgbuy_price unavailable
CRITICAL:strat7:2023-01-04 15:59:38,223:15450: Yes my_avgbuy_price unavailable
CRITICAL:strat7:2023-01-04 16:00:15,558:15451: Yes my_avgbuy_price unavailable
CRITICAL:strat7:2023-01-04 16:00:17,823:15451: Yes my_avgbuy_price unavailable
CRITICAL:strat7:2023-01-04 16:00:21,062:15451: Yes my_avgbuy_price unavailable
CRITICAL:strat7:2023-01-04 16:00:23,358:15451: Yes my_avgbuy_price unavailable
CRITICAL:strat7:2023-01-04 16:00:58,010:15452: Yes my_avgbuy_price unavailable
CRITICAL:strat7:2023-01-04 16:01:00,288:15452: Yes my_avgbuy_price unavailable
CRITICAL:strat7:2023-01-04 16:01:03,063:15452: Yes my_avgbuy_price unavailable
CRITICAL:strat7:2023-01-04 16:01:05,308:15452: Yes my_avgbuy_price unavailable
CRITICAL:strat7:2023-01-04 16:01:40,682:15453: No my_buy_price unavailable
CRITICAL:strat7:2023-01-04 16:01:42,944:15453: No my_buy_price unavailable
CRITICAL:strat7:2023-01-04 16:01:45,579:15453: No my_buy_price unavailable
CRITICAL:strat7:2023-01-04 16:01:47,870:15453: No my_buy_price unavailable
CRITICAL:strat7:2023-01-04 16:02:24,653:15454: No my_buy_price unavailable
CRITICAL:strat7:2023-01-04 16:02:26,875:15454: No my_buy_price unavailable
CRITICAL:strat7:2023-01-04 16:02:30,116:15454: No my_buy_price unavailable
CRITICAL:strat7:2023-01-04 16:02:32,423:15454: No my_buy_price unavailable
CRITICAL:strat7:2023-01-04 16:03:14,410:15455: No my_buy_price unavailable
CRITICAL:strat7:2023-01-04 16:03:16,798:15455: No my_buy_price unavailable
CRITICAL:strat7:2023-01-04 16:03:20,154:15455: No my_buy_price unavailable
CRITICAL:strat7:2023-01-04 16:03:22,499:15455: No my_buy_price unavailable
CRITICAL:strat7:2023-01-04 16:05:37,033:15449: Yes my_avgbuy_price unavailable
CRITICAL:strat7:2023-01-04 16:05:39,335:15449: Yes my_avgbuy_price unavailable
CRITICAL:strat7:2023-01-04 16:05:42,668:15449: Yes my_avgbuy_price unavailable
CRITICAL:strat7:2023-01-04 16:05:44,932:15449: Yes my_avgbuy_price unavailable
CRITICAL:strat7:2023-01-04 16:06:18,968:15450: Yes my_avgbuy_price unavailable
CRITICAL:strat7:2023-01-04 16:06:21,254:15450: Yes my_avgbuy_price unavailable
CRITICAL:strat7:2023-01-04 16:06:24,617:15450: Yes my_avgbuy_price unavailable
CRITICAL:strat7:2023-01-04 16:06:26,965:15450: Yes my_avgbuy_price unavailable
CRITICAL:strat7:2023-01-04 16:07:43,351:15452: Yes my_avgbuy_price unavailable
CRITICAL:strat7:2023-01-04 16:07:45,725:15452: Yes my_avgbuy_price unavailable
CRITICAL:strat7:2023-01-04 16:07:48,357:15452: Yes my_avgbuy_price unavailable
CRITICAL:strat7:2023-01-04 16:07:50,755:15452: Yes my_avgbuy_price unavailable
CRITICAL:strat7:2023-01-04 16:08:27,310:15453: No my_buy_price unavailable
CRITICAL:strat7:2023-01-04 16:08:29,660:15453: No my_buy_price unavailable
CRITICAL:strat7:2023-01-04 16:08:32,284:15453: No my_buy_price unavailable
CRITICAL:strat7:2023-01-04 16:08:34,646:15453: No my_buy_price unavailable
CRITICAL:strat7:2023-01-04 16:09:09,949:15454: No my_buy_price unavailable
CRITICAL:strat7:2023-01-04 16:09:12,236:15454: No my_buy_price unavailable
CRITICAL:strat7:2023-01-04 16:09:15,575:15454: No my_buy_price unavailable
CRITICAL:strat7:2023-01-04 16:09:17,915:15454: No my_buy_price unavailable
CRITICAL:strat7:2023-01-04 16:09:57,634:15455: No my_buy_price unavailable
CRITICAL:strat7:2023-01-04 16:09:59,910:15455: No my_buy_price unavailable
CRITICAL:strat7:2023-01-04 16:12:15,036:15449: Yes my_avgbuy_price unavailable
CRITICAL:strat7:2023-01-04 16:12:17,461:15449: Yes my_avgbuy_price unavailable
CRITICAL:strat7:2023-01-04 16:12:20,943:15449: Yes my_avgbuy_price unavailable
CRITICAL:strat7:2023-01-04 16:12:23,177:15449: Yes my_avgbuy_price unavailable
CRITICAL:strat7:2023-01-04 16:13:09,045:15450: Yes my_avgbuy_price unavailable
CRITICAL:strat7:2023-01-04 16:13:11,374:15450: Yes my_avgbuy_price unavailable
CRITICAL:strat7:2023-01-04 16:13:14,846:15450: Yes my_avgbuy_price unavailable
CRITICAL:strat7:2023-01-04 16:13:17,105:15450: Yes my_avgbuy_price unavailable
CRITICAL:strat7:2023-01-04 16:14:38,198:15452: Yes my_avgbuy_price unavailable
CRITICAL:strat7:2023-01-04 16:14:41,218:15452: Yes my_avgbuy_price unavailable
CRITICAL:strat7:2023-01-04 16:14:46,001:15452: Yes my_avgbuy_price unavailable
CRITICAL:strat7:2023-01-04 16:14:48,276:15452: Yes my_avgbuy_price unavailable
CRITICAL:strat7:2023-01-04 16:15:23,829:15453: No my_buy_price unavailable
CRITICAL:strat7:2023-01-04 16:15:26,143:15453: No my_buy_price unavailable
CRITICAL:strat7:2023-01-04 16:15:28,934:15453: No my_buy_price unavailable
CRITICAL:strat7:2023-01-04 16:15:31,210:15453: No my_buy_price unavailable
CRITICAL:strat7:2023-01-04 16:16:08,231:15454: No my_buy_price unavailable
CRITICAL:strat7:2023-01-04 16:16:10,656:15454: No my_buy_price unavailable
CRITICAL:strat7:2023-01-04 16:16:13,961:15454: No my_buy_price unavailable
CRITICAL:strat7:2023-01-04 16:16:16,316:15454: No my_buy_price unavailable
CRITICAL:strat7:2023-01-04 16:19:13,581:15449: Yes my_avgbuy_price unavailable
CRITICAL:strat7:2023-01-04 16:19:15,926:15449: Yes my_avgbuy_price unavailable
CRITICAL:strat7:2023-01-04 16:19:19,204:15449: Yes my_avgbuy_price unavailable
CRITICAL:strat7:2023-01-04 16:19:21,563:15449: Yes my_avgbuy_price unavailable
CRITICAL:strat7:2023-01-04 16:19:58,971:15450: Yes my_avgbuy_price unavailable
CRITICAL:strat7:2023-01-04 16:20:01,356:15450: Yes my_avgbuy_price unavailable
CRITICAL:strat7:2023-01-04 16:20:04,746:15450: Yes my_avgbuy_price unavailable
CRITICAL:strat7:2023-01-04 16:20:07,111:15450: Yes my_avgbuy_price unavailable
CRITICAL:strat7:2023-01-04 16:21:19,735:15452: Yes my_avgbuy_price unavailable
CRITICAL:strat7:2023-01-04 16:21:21,931:15452: Yes my_avgbuy_price unavailable
CRITICAL:strat7:2023-01-04 16:21:24,618:15452: Yes my_avgbuy_price unavailable
CRITICAL:strat7:2023-01-04 16:21:26,931:15452: Yes my_avgbuy_price unavailable
CRITICAL:strat7:2023-01-04 16:22:01,960:15453: No my_buy_price unavailable
CRITICAL:strat7:2023-01-04 16:22:04,233:15453: No my_buy_price unavailable
CRITICAL:strat7:2023-01-04 16:22:06,943:15453: No my_buy_price unavailable
CRITICAL:strat7:2023-01-04 16:22:09,196:15453: No my_buy_price unavailable
CRITICAL:strat7:2023-01-04 16:22:46,506:15454: No my_buy_price unavailable
CRITICAL:strat7:2023-01-04 16:22:49,626:15454: No my_buy_price unavailable
CRITICAL:strat7:2023-01-04 16:22:53,010:15454: No my_buy_price unavailable
CRITICAL:strat7:2023-01-04 16:22:55,386:15454: No my_buy_price unavailable
CRITICAL:strat7:2023-01-04 16:25:52,159:15449: Yes my_avgbuy_price unavailable
CRITICAL:strat7:2023-01-04 16:25:54,666:15449: Yes my_avgbuy_price unavailable
CRITICAL:strat7:2023-01-04 16:25:58,104:15449: Yes my_avgbuy_price unavailable
CRITICAL:strat7:2023-01-04 16:26:00,496:15449: Yes my_avgbuy_price unavailable
CRITICAL:strat7:2023-01-04 16:26:35,740:15450: Yes my_avgbuy_price unavailable
CRITICAL:strat7:2023-01-04 16:26:38,019:15450: Yes my_avgbuy_price unavailable
CRITICAL:strat7:2023-01-04 16:26:41,333:15450: Yes my_avgbuy_price unavailable
CRITICAL:strat7:2023-01-04 16:26:43,799:15450: Yes my_avgbuy_price unavailable
CRITICAL:strat7:2023-01-04 16:28:00,661:15452: Yes my_avgbuy_price unavailable
CRITICAL:strat7:2023-01-04 16:28:02,974:15452: Yes my_avgbuy_price unavailable
CRITICAL:strat7:2023-01-04 16:28:05,631:15452: Yes my_avgbuy_price unavailable
CRITICAL:strat7:2023-01-04 16:28:07,940:15452: Yes my_avgbuy_price unavailable
CRITICAL:strat7:2023-01-04 16:28:44,043:15453: No my_buy_price unavailable
CRITICAL:strat7:2023-01-04 16:28:46,259:15453: No my_buy_price unavailable
CRITICAL:strat7:2023-01-04 16:28:49,015:15453: No my_buy_price unavailable
CRITICAL:strat7:2023-01-04 16:28:51,253:15453: No my_buy_price unavailable
CRITICAL:strat7:2023-01-04 16:29:24,520:15454: No my_buy_price unavailable
CRITICAL:strat7:2023-01-04 16:29:26,946:15454: No my_buy_price unavailable
CRITICAL:strat7:2023-01-04 16:29:30,252:15454: No my_buy_price unavailable
CRITICAL:strat7:2023-01-04 16:29:32,561:15454: No my_buy_price unavailable
CRITICAL:strat7:2023-01-04 16:32:32,601:15449: Yes my_avgbuy_price unavailable
CRITICAL:strat7:2023-01-04 16:32:34,954:15449: Yes my_avgbuy_price unavailable
CRITICAL:strat7:2023-01-04 16:32:38,266:15449: Yes my_avgbuy_price unavailable
CRITICAL:strat7:2023-01-04 16:32:40,780:15449: Yes my_avgbuy_price unavailable
CRITICAL:strat7:2023-01-04 16:33:17,535:15450: Yes my_avgbuy_price unavailable
CRITICAL:strat7:2023-01-04 16:33:19,917:15450: Yes my_avgbuy_price unavailable
CRITICAL:strat7:2023-01-04 16:33:23,462:15450: Yes my_avgbuy_price unavailable
CRITICAL:strat7:2023-01-04 16:33:25,877:15450: Yes my_avgbuy_price unavailable
CRITICAL:strat7:2023-01-04 16:34:41,116:15452: Yes my_avgbuy_price unavailable
CRITICAL:strat7:2023-01-04 16:34:43,333:15452: Yes my_avgbuy_price unavailable
CRITICAL:strat7:2023-01-04 16:34:45,962:15452: Yes my_avgbuy_price unavailable
CRITICAL:strat7:2023-01-04 16:34:48,181:15452: Yes my_avgbuy_price unavailable
CRITICAL:strat7:2023-01-04 16:35:22,197:15453: No my_buy_price unavailable
CRITICAL:strat7:2023-01-04 16:35:24,464:15453: No my_buy_price unavailable
CRITICAL:strat7:2023-01-04 16:35:27,346:15453: No my_buy_price unavailable
CRITICAL:strat7:2023-01-04 16:35:29,805:15453: No my_buy_price unavailable
CRITICAL:strat7:2023-01-04 16:36:07,511:15454: No my_buy_price unavailable
CRITICAL:strat7:2023-01-04 16:36:10,152:15454: No my_buy_price unavailable
CRITICAL:strat7:2023-01-04 16:36:13,688:15454: No my_buy_price unavailable
CRITICAL:strat7:2023-01-04 16:36:15,970:15454: No my_buy_price unavailable
CRITICAL:strat7:2023-01-04 16:39:09,512:15449: Yes my_avgbuy_price unavailable
CRITICAL:strat7:2023-01-04 16:39:11,839:15449: Yes my_avgbuy_price unavailable
CRITICAL:strat7:2023-01-04 16:39:15,886:15449: Yes my_avgbuy_price unavailable
CRITICAL:strat7:2023-01-04 16:39:18,185:15449: Yes my_avgbuy_price unavailable
CRITICAL:strat7:2023-01-04 16:39:53,628:15450: Yes my_avgbuy_price unavailable
CRITICAL:strat7:2023-01-04 16:39:55,945:15450: Yes my_avgbuy_price unavailable
CRITICAL:strat7:2023-01-04 16:39:59,266:15450: Yes my_avgbuy_price unavailable
CRITICAL:strat7:2023-01-04 16:40:01,582:15450: Yes my_avgbuy_price unavailable
CRITICAL:strat7:2023-01-04 16:41:16,216:15452: Yes my_avgbuy_price unavailable
CRITICAL:strat7:2023-01-04 16:41:18,440:15452: Yes my_avgbuy_price unavailable
CRITICAL:strat7:2023-01-04 16:41:21,129:15452: Yes my_avgbuy_price unavailable
CRITICAL:strat7:2023-01-04 16:41:23,476:15452: Yes my_avgbuy_price unavailable
CRITICAL:strat7:2023-01-04 16:41:59,099:15453: No my_buy_price unavailable
CRITICAL:strat7:2023-01-04 16:42:01,563:15453: No my_buy_price unavailable
CRITICAL:strat7:2023-01-04 16:42:04,537:15453: No my_buy_price unavailable
CRITICAL:strat7:2023-01-04 16:42:06,903:15453: No my_buy_price unavailable
CRITICAL:strat7:2023-01-04 16:42:43,979:15454: No my_buy_price unavailable
CRITICAL:strat7:2023-01-04 16:42:46,354:15454: No my_buy_price unavailable
CRITICAL:strat7:2023-01-04 16:42:49,647:15454: No my_buy_price unavailable
CRITICAL:strat7:2023-01-04 16:42:51,907:15454: No my_buy_price unavailable
CRITICAL:strat7:2023-01-04 16:45:42,034:15449: Yes my_avgbuy_price unavailable
CRITICAL:strat7:2023-01-04 16:45:44,324:15449: Yes my_avgbuy_price unavailable
CRITICAL:strat7:2023-01-04 16:45:47,618:15449: Yes my_avgbuy_price unavailable
CRITICAL:strat7:2023-01-04 16:45:49,962:15449: Yes my_avgbuy_price unavailable
CRITICAL:strat7:2023-01-04 16:46:28,413:15450: Yes my_avgbuy_price unavailable
CRITICAL:strat7:2023-01-04 16:46:30,909:15450: Yes my_avgbuy_price unavailable
CRITICAL:strat7:2023-01-04 16:46:35,508:15450: Yes my_avgbuy_price unavailable
CRITICAL:strat7:2023-01-04 16:46:38,034:15450: Yes my_avgbuy_price unavailable
CRITICAL:strat7:2023-01-04 16:47:55,562:15452: Yes my_avgbuy_price unavailable
CRITICAL:strat7:2023-01-04 16:47:57,791:15452: Yes my_avgbuy_price unavailable
CRITICAL:strat7:2023-01-04 16:48:00,654:15452: Yes my_avgbuy_price unavailable
CRITICAL:strat7:2023-01-04 16:48:03,393:15452: Yes my_avgbuy_price unavailable
CRITICAL:strat7:2023-01-04 16:48:32,426:15453: No my_buy_price unavailable
CRITICAL:strat7:2023-01-04 16:48:34,584:15453: No my_buy_price unavailable
CRITICAL:strat7:2023-01-04 16:48:37,170:15453: No my_buy_price unavailable
CRITICAL:strat7:2023-01-04 16:48:39,651:15453: No my_buy_price unavailable
CRITICAL:strat7:2023-01-04 16:49:12,956:15454: No my_buy_price unavailable
CRITICAL:strat7:2023-01-04 16:49:15,434:15454: No my_buy_price unavailable
CRITICAL:strat7:2023-01-04 16:49:18,843:15454: No my_buy_price unavailable
CRITICAL:strat7:2023-01-04 16:49:21,778:15454: No my_buy_price unavailable
CRITICAL:strat7:2023-01-04 16:52:11,938:15449: Yes my_avgbuy_price unavailable
CRITICAL:strat7:2023-01-04 16:52:14,333:15449: Yes my_avgbuy_price unavailable
CRITICAL:strat7:2023-01-04 16:52:17,671:15449: Yes my_avgbuy_price unavailable
CRITICAL:strat7:2023-01-04 16:52:19,977:15449: Yes my_avgbuy_price unavailable
CRITICAL:strat7:2023-01-04 16:52:58,209:15450: Yes my_avgbuy_price unavailable
CRITICAL:strat7:2023-01-04 16:53:00,602:15450: Yes my_avgbuy_price unavailable
CRITICAL:strat7:2023-01-04 16:53:03,965:15450: Yes my_avgbuy_price unavailable
CRITICAL:strat7:2023-01-04 16:53:06,277:15450: Yes my_avgbuy_price unavailable
CRITICAL:strat7:2023-01-04 16:54:23,732:15452: Yes my_avgbuy_price unavailable
CRITICAL:strat7:2023-01-04 16:54:26,270:15452: Yes my_avgbuy_price unavailable
CRITICAL:strat7:2023-01-04 16:54:28,971:15452: Yes my_avgbuy_price unavailable
CRITICAL:strat7:2023-01-04 16:54:31,354:15452: Yes my_avgbuy_price unavailable
CRITICAL:strat7:2023-01-04 16:55:05,853:15453: No my_buy_price unavailable
CRITICAL:strat7:2023-01-04 16:55:08,080:15453: No my_buy_price unavailable
CRITICAL:strat7:2023-01-04 16:55:10,672:15453: No my_buy_price unavailable
CRITICAL:strat7:2023-01-04 16:55:13,008:15453: No my_buy_price unavailable
CRITICAL:strat7:2023-01-04 16:55:50,042:15454: No my_buy_price unavailable
CRITICAL:strat7:2023-01-04 16:55:52,528:15454: No my_buy_price unavailable
CRITICAL:strat7:2023-01-04 16:55:55,999:15454: No my_buy_price unavailable
CRITICAL:strat7:2023-01-04 16:55:58,379:15454: No my_buy_price unavailable
CRITICAL:strat7:2023-01-04 16:58:56,966:15449: Yes my_avgbuy_price unavailable
CRITICAL:strat7:2023-01-04 16:58:59,199:15449: Yes my_avgbuy_price unavailable
CRITICAL:strat7:2023-01-04 16:59:02,622:15449: Yes my_avgbuy_price unavailable
CRITICAL:strat7:2023-01-04 16:59:04,992:15449: Yes my_avgbuy_price unavailable
CRITICAL:strat7:2023-01-04 16:59:40,057:15450: Yes my_avgbuy_price unavailable
CRITICAL:strat7:2023-01-04 16:59:42,327:15450: Yes my_avgbuy_price unavailable
CRITICAL:strat7:2023-01-04 16:59:46,052:15450: Yes my_avgbuy_price unavailable
CRITICAL:strat7:2023-01-04 16:59:48,263:15450: Yes my_avgbuy_price unavailable
CRITICAL:strat7:2023-01-04 17:01:02,448:15452: Yes my_avgbuy_price unavailable
CRITICAL:strat7:2023-01-04 17:01:04,769:15452: Yes my_avgbuy_price unavailable
CRITICAL:strat7:2023-01-04 17:01:07,343:15452: Yes my_avgbuy_price unavailable
CRITICAL:strat7:2023-01-04 17:01:09,707:15452: Yes my_avgbuy_price unavailable
CRITICAL:strat7:2023-01-04 17:01:44,322:15453: No my_buy_price unavailable
CRITICAL:strat7:2023-01-04 17:01:46,786:15453: No my_buy_price unavailable
CRITICAL:strat7:2023-01-04 17:01:49,473:15453: No my_buy_price unavailable
CRITICAL:strat7:2023-01-04 17:01:51,846:15453: No my_buy_price unavailable
CRITICAL:strat7:2023-01-04 17:02:28,477:15454: No my_buy_price unavailable
CRITICAL:strat7:2023-01-04 17:02:31,932:15454: No my_buy_price unavailable
CRITICAL:strat7:2023-01-04 17:02:34,678:15454: No my_buy_price unavailable
CRITICAL:strat7:2023-01-04 17:02:37,077:15454: No my_buy_price unavailable
CRITICAL:strat7:2023-01-04 17:05:38,454:15449: Yes my_avgbuy_price unavailable
CRITICAL:strat7:2023-01-04 17:05:40,791:15449: Yes my_avgbuy_price unavailable
CRITICAL:strat7:2023-01-04 17:05:44,310:15449: Yes my_avgbuy_price unavailable
CRITICAL:strat7:2023-01-04 17:05:46,635:15449: Yes my_avgbuy_price unavailable
CRITICAL:strat7:2023-01-04 17:06:23,592:15450: Yes my_avgbuy_price unavailable
CRITICAL:strat7:2023-01-04 17:06:25,997:15450: Yes my_avgbuy_price unavailable
CRITICAL:strat7:2023-01-04 17:06:29,370:15450: Yes my_avgbuy_price unavailable
CRITICAL:strat7:2023-01-04 17:06:31,890:15450: Yes my_avgbuy_price unavailable
CRITICAL:strat7:2023-01-04 17:07:51,897:15452: Yes my_avgbuy_price unavailable
CRITICAL:strat7:2023-01-04 17:07:54,143:15452: Yes my_avgbuy_price unavailable
CRITICAL:strat7:2023-01-04 17:07:56,818:15452: Yes my_avgbuy_price unavailable
CRITICAL:strat7:2023-01-04 17:07:59,158:15452: Yes my_avgbuy_price unavailable
CRITICAL:strat7:2023-01-04 17:08:33,748:15453: No my_buy_price unavailable
CRITICAL:strat7:2023-01-04 17:08:36,493:15453: No my_buy_price unavailable
CRITICAL:strat7:2023-01-04 17:08:39,156:15453: No my_buy_price unavailable
CRITICAL:strat7:2023-01-04 17:08:41,423:15453: No my_buy_price unavailable
CRITICAL:strat7:2023-01-04 17:09:16,467:15454: No my_buy_price unavailable
CRITICAL:strat7:2023-01-04 17:09:18,854:15454: No my_buy_price unavailable
CRITICAL:strat7:2023-01-04 17:09:21,494:15454: No my_buy_price unavailable
CRITICAL:strat7:2023-01-04 17:09:23,895:15454: No my_buy_price unavailable
CRITICAL:strat7:2023-01-04 17:12:11,842:15449: Yes my_avgbuy_price unavailable
CRITICAL:strat7:2023-01-04 17:12:14,336:15449: Yes my_avgbuy_price unavailable
CRITICAL:strat7:2023-01-04 17:12:17,913:15449: Yes my_avgbuy_price unavailable
CRITICAL:strat7:2023-01-04 17:12:20,656:15449: Yes my_avgbuy_price unavailable
CRITICAL:strat7:2023-01-04 17:12:55,217:15450: Yes my_avgbuy_price unavailable
CRITICAL:strat7:2023-01-04 17:12:57,561:15450: Yes my_avgbuy_price unavailable
CRITICAL:strat7:2023-01-04 17:13:05,095:15450: Yes my_avgbuy_price unavailable
CRITICAL:strat7:2023-01-04 17:13:07,434:15450: Yes my_avgbuy_price unavailable
CRITICAL:strat7:2023-01-04 17:14:23,866:15452: Yes my_avgbuy_price unavailable
CRITICAL:strat7:2023-01-04 17:14:26,322:15452: Yes my_avgbuy_price unavailable
CRITICAL:strat7:2023-01-04 17:14:29,194:15452: Yes my_avgbuy_price unavailable
CRITICAL:strat7:2023-01-04 17:14:31,809:15452: Yes my_avgbuy_price unavailable
CRITICAL:strat7:2023-01-04 17:15:04,995:15453: No my_buy_price unavailable
CRITICAL:strat7:2023-01-04 17:15:07,279:15453: No my_buy_price unavailable
CRITICAL:strat7:2023-01-04 17:15:10,255:15453: No my_buy_price unavailable
CRITICAL:strat7:2023-01-04 17:15:13,270:15453: No my_buy_price unavailable
CRITICAL:strat7:2023-01-04 17:15:46,820:15454: No my_buy_price unavailable
CRITICAL:strat7:2023-01-04 17:15:49,277:15454: No my_buy_price unavailable
CRITICAL:strat7:2023-01-04 17:15:52,158:15454: No my_buy_price unavailable
CRITICAL:strat7:2023-01-04 17:15:54,545:15454: No my_buy_price unavailable
CRITICAL:strat7:2023-01-04 17:18:48,549:15449: Yes my_avgbuy_price unavailable
CRITICAL:strat7:2023-01-04 17:18:50,967:15449: Yes my_avgbuy_price unavailable
CRITICAL:strat7:2023-01-04 17:18:54,257:15449: Yes my_avgbuy_price unavailable
CRITICAL:strat7:2023-01-04 17:18:57,590:15449: Yes my_avgbuy_price unavailable
CRITICAL:strat7:2023-01-04 17:19:32,967:15450: Yes my_avgbuy_price unavailable
CRITICAL:strat7:2023-01-04 17:19:35,713:15450: Yes my_avgbuy_price unavailable
CRITICAL:strat7:2023-01-04 17:19:40,016:15450: Yes my_avgbuy_price unavailable
CRITICAL:strat7:2023-01-04 17:19:42,353:15450: Yes my_avgbuy_price unavailable
CRITICAL:strat7:2023-01-04 17:20:57,936:15452: Yes my_avgbuy_price unavailable
CRITICAL:strat7:2023-01-04 17:21:00,901:15452: Yes my_avgbuy_price unavailable
CRITICAL:strat7:2023-01-04 17:21:03,718:15452: Yes my_avgbuy_price unavailable
CRITICAL:strat7:2023-01-04 17:21:06,217:15452: Yes my_avgbuy_price unavailable
CRITICAL:strat7:2023-01-04 17:21:44,021:15453: No my_buy_price unavailable
CRITICAL:strat7:2023-01-04 17:21:46,482:15453: No my_buy_price unavailable
CRITICAL:strat7:2023-01-04 17:21:49,097:15453: No my_buy_price unavailable
CRITICAL:strat7:2023-01-04 17:21:51,739:15453: No my_buy_price unavailable
CRITICAL:strat7:2023-01-04 17:22:25,917:15454: No my_buy_price unavailable
CRITICAL:strat7:2023-01-04 17:22:28,214:15454: No my_buy_price unavailable
CRITICAL:strat7:2023-01-04 17:22:31,477:15454: No my_buy_price unavailable
CRITICAL:strat7:2023-01-04 17:22:34,167:15454: No my_buy_price unavailable
CRITICAL:strat7:2023-01-04 17:25:27,676:15449: Yes my_avgbuy_price unavailable
CRITICAL:strat7:2023-01-04 17:25:30,354:15449: Yes my_avgbuy_price unavailable
CRITICAL:strat7:2023-01-04 17:25:34,187:15449: Yes my_avgbuy_price unavailable
CRITICAL:strat7:2023-01-04 17:25:36,611:15449: Yes my_avgbuy_price unavailable
CRITICAL:strat7:2023-01-04 17:26:16,682:15450: Yes my_avgbuy_price unavailable
CRITICAL:strat7:2023-01-04 17:26:19,207:15450: Yes my_avgbuy_price unavailable
CRITICAL:strat7:2023-01-04 17:26:22,729:15450: Yes my_avgbuy_price unavailable
CRITICAL:strat7:2023-01-04 17:26:25,496:15450: Yes my_avgbuy_price unavailable
CRITICAL:strat7:2023-01-04 17:27:43,135:15452: Yes my_avgbuy_price unavailable
CRITICAL:strat7:2023-01-04 17:27:45,720:15452: Yes my_avgbuy_price unavailable
CRITICAL:strat7:2023-01-04 17:27:48,781:15452: Yes my_avgbuy_price unavailable
CRITICAL:strat7:2023-01-04 17:27:51,395:15452: Yes my_avgbuy_price unavailable
CRITICAL:strat7:2023-01-04 17:28:25,088:15453: No my_buy_price unavailable
CRITICAL:strat7:2023-01-04 17:28:27,515:15453: No my_buy_price unavailable
CRITICAL:strat7:2023-01-04 17:28:30,875:15453: No my_buy_price unavailable
CRITICAL:strat7:2023-01-04 17:28:33,525:15453: No my_buy_price unavailable
CRITICAL:strat7:2023-01-04 17:29:11,782:15454: No my_buy_price unavailable
CRITICAL:strat7:2023-01-04 17:29:14,248:15454: No my_buy_price unavailable
CRITICAL:strat7:2023-01-04 17:29:17,448:15454: No my_buy_price unavailable
CRITICAL:strat7:2023-01-04 17:29:20,111:15454: No my_buy_price unavailable
CRITICAL:strat7:2023-01-04 17:32:07,642:15449: Yes my_avgbuy_price unavailable
CRITICAL:strat7:2023-01-04 17:32:10,177:15449: Yes my_avgbuy_price unavailable
CRITICAL:strat7:2023-01-04 17:32:13,864:15449: Yes my_avgbuy_price unavailable
CRITICAL:strat7:2023-01-04 17:32:16,405:15449: Yes my_avgbuy_price unavailable
CRITICAL:strat7:2023-01-04 17:32:52,379:15450: Yes my_avgbuy_price unavailable
CRITICAL:strat7:2023-01-04 17:32:54,823:15450: Yes my_avgbuy_price unavailable
CRITICAL:strat7:2023-01-04 17:32:58,100:15450: Yes my_avgbuy_price unavailable
CRITICAL:strat7:2023-01-04 17:33:00,472:15450: Yes my_avgbuy_price unavailable
CRITICAL:strat7:2023-01-04 17:34:18,563:15452: Yes my_avgbuy_price unavailable
CRITICAL:strat7:2023-01-04 17:34:20,903:15452: Yes my_avgbuy_price unavailable
CRITICAL:strat7:2023-01-04 17:34:23,621:15452: Yes my_avgbuy_price unavailable
CRITICAL:strat7:2023-01-04 17:34:25,936:15452: Yes my_avgbuy_price unavailable
CRITICAL:strat7:2023-01-04 17:34:56,828:15453: No my_buy_price unavailable
CRITICAL:strat7:2023-01-04 17:34:59,089:15453: No my_buy_price unavailable
CRITICAL:strat7:2023-01-04 17:35:01,861:15453: No my_buy_price unavailable
CRITICAL:strat7:2023-01-04 17:35:04,223:15453: No my_buy_price unavailable
CRITICAL:strat7:2023-01-04 17:35:42,093:15454: No my_buy_price unavailable
CRITICAL:strat7:2023-01-04 17:35:44,456:15454: No my_buy_price unavailable
CRITICAL:strat7:2023-01-04 17:35:47,781:15454: No my_buy_price unavailable
CRITICAL:strat7:2023-01-04 17:35:50,312:15454: No my_buy_price unavailable
CRITICAL:strat7:2023-01-04 17:40:52,869:15452: Yes my_avgbuy_price unavailable
CRITICAL:strat7:2023-01-04 17:40:55,346:15452: Yes my_avgbuy_price unavailable
CRITICAL:strat7:2023-01-04 17:40:58,096:15452: Yes my_avgbuy_price unavailable
CRITICAL:strat7:2023-01-04 17:41:00,389:15452: Yes my_avgbuy_price unavailable
CRITICAL:strat7:2023-01-04 17:41:36,463:15453: No my_buy_price unavailable
CRITICAL:strat7:2023-01-04 17:41:38,993:15453: No my_buy_price unavailable
CRITICAL:strat7:2023-01-04 17:41:42,236:15453: No my_buy_price unavailable
CRITICAL:strat7:2023-01-04 17:41:44,805:15453: No my_buy_price unavailable
CRITICAL:strat7:2023-01-04 17:42:23,123:15454: No my_buy_price unavailable
CRITICAL:strat7:2023-01-04 17:42:25,631:15454: No my_buy_price unavailable
CRITICAL:strat7:2023-01-04 17:42:29,072:15454: No my_buy_price unavailable
CRITICAL:strat7:2023-01-04 17:42:31,518:15454: No my_buy_price unavailable
CRITICAL:strat7:2023-01-04 17:47:19,167:15452: Yes my_avgbuy_price unavailable
CRITICAL:strat7:2023-01-04 17:47:21,580:15452: Yes my_avgbuy_price unavailable
CRITICAL:strat7:2023-01-04 17:47:24,212:15452: Yes my_avgbuy_price unavailable
CRITICAL:strat7:2023-01-04 17:47:26,635:15452: Yes my_avgbuy_price unavailable
CRITICAL:strat7:2023-01-04 17:47:57,291:15453: No my_buy_price unavailable
CRITICAL:strat7:2023-01-04 17:47:59,629:15453: No my_buy_price unavailable
CRITICAL:strat7:2023-01-04 17:48:02,592:15453: No my_buy_price unavailable
CRITICAL:strat7:2023-01-04 17:48:04,954:15453: No my_buy_price unavailable
CRITICAL:strat7:2023-01-04 17:48:36,655:15454: No my_buy_price unavailable
CRITICAL:strat7:2023-01-04 17:48:38,977:15454: No my_buy_price unavailable
CRITICAL:strat7:2023-01-04 17:48:42,215:15454: No my_buy_price unavailable
CRITICAL:strat7:2023-01-04 17:48:44,534:15454: No my_buy_price unavailable
CRITICAL:strat7:2023-01-04 17:53:46,493:15452: Yes my_avgbuy_price unavailable
CRITICAL:strat7:2023-01-04 17:53:48,890:15452: Yes my_avgbuy_price unavailable
CRITICAL:strat7:2023-01-04 17:53:51,498:15452: Yes my_avgbuy_price unavailable
CRITICAL:strat7:2023-01-04 17:53:53,942:15452: Yes my_avgbuy_price unavailable
CRITICAL:strat7:2023-01-04 17:54:32,138:15453: No my_buy_price unavailable
CRITICAL:strat7:2023-01-04 17:54:34,477:15453: No my_buy_price unavailable
CRITICAL:strat7:2023-01-04 17:54:37,604:15453: No my_buy_price unavailable
CRITICAL:strat7:2023-01-04 17:54:40,783:15453: No my_buy_price unavailable
CRITICAL:strat7:2023-01-04 17:55:20,542:15454: No my_buy_price unavailable
CRITICAL:strat7:2023-01-04 17:55:22,971:15454: No my_buy_price unavailable
CRITICAL:strat7:2023-01-04 17:55:26,317:15454: No my_buy_price unavailable
CRITICAL:strat7:2023-01-04 17:55:29,113:15454: No my_buy_price unavailable
CRITICAL:strat7:2023-01-04 18:00:13,267:15452: Yes my_avgbuy_price unavailable
CRITICAL:strat7:2023-01-04 18:00:15,687:15452: Yes my_avgbuy_price unavailable
CRITICAL:strat7:2023-01-04 18:00:18,424:15452: Yes my_avgbuy_price unavailable
CRITICAL:strat7:2023-01-04 18:00:21,090:15452: Yes my_avgbuy_price unavailable
CRITICAL:strat7:2023-01-04 18:00:59,426:15453: No my_buy_price unavailable
CRITICAL:strat7:2023-01-04 18:01:01,753:15453: No my_buy_price unavailable
CRITICAL:strat7:2023-01-04 18:01:04,324:15453: No my_buy_price unavailable
CRITICAL:strat7:2023-01-04 18:01:06,572:15453: No my_buy_price unavailable
CRITICAL:strat7:2023-01-04 18:01:40,997:15454: No my_buy_price unavailable
CRITICAL:strat7:2023-01-04 18:01:45,344:15454: No my_buy_price unavailable
CRITICAL:strat7:2023-01-04 18:01:51,679:15454: No my_buy_price unavailable
CRITICAL:strat7:2023-01-04 18:01:54,966:15454: No my_buy_price unavailable
CRITICAL:strat7:2023-01-04 18:06:45,791:15452: Yes my_avgbuy_price unavailable
CRITICAL:strat7:2023-01-04 18:06:48,044:15452: Yes my_avgbuy_price unavailable
CRITICAL:strat7:2023-01-04 18:06:51,048:15452: Yes my_avgbuy_price unavailable
CRITICAL:strat7:2023-01-04 18:06:53,819:15452: Yes my_avgbuy_price unavailable
CRITICAL:strat7:2023-01-04 18:07:28,288:15453: No my_buy_price unavailable
CRITICAL:strat7:2023-01-04 18:07:31,236:15453: No my_buy_price unavailable
CRITICAL:strat7:2023-01-04 18:07:34,095:15453: No my_buy_price unavailable
CRITICAL:strat7:2023-01-04 18:07:36,784:15453: No my_buy_price unavailable
CRITICAL:strat7:2023-01-04 18:08:11,093:15454: No my_buy_price unavailable
CRITICAL:strat7:2023-01-04 18:08:13,496:15454: No my_buy_price unavailable
CRITICAL:strat7:2023-01-04 18:08:16,939:15454: No my_buy_price unavailable
CRITICAL:strat7:2023-01-04 18:08:19,284:15454: No my_buy_price unavailable
CRITICAL:strat7:2023-01-04 18:13:23,361:15452: Yes my_avgbuy_price unavailable
CRITICAL:strat7:2023-01-04 18:13:25,960:15452: Yes my_avgbuy_price unavailable
CRITICAL:strat7:2023-01-04 18:13:28,796:15452: Yes my_avgbuy_price unavailable
CRITICAL:strat7:2023-01-04 18:13:31,298:15452: Yes my_avgbuy_price unavailable
CRITICAL:strat7:2023-01-04 18:14:08,370:15453: No my_buy_price unavailable
CRITICAL:strat7:2023-01-04 18:14:11,088:15453: No my_buy_price unavailable
CRITICAL:strat7:2023-01-04 18:14:14,186:15453: No my_buy_price unavailable
CRITICAL:strat7:2023-01-04 18:14:16,700:15453: No my_buy_price unavailable
CRITICAL:strat7:2023-01-04 18:14:52,635:15454: No my_buy_price unavailable
CRITICAL:strat7:2023-01-04 18:14:55,272:15454: No my_buy_price unavailable
CRITICAL:strat7:2023-01-04 18:14:58,669:15454: No my_buy_price unavailable
CRITICAL:strat7:2023-01-04 18:15:01,329:15454: No my_buy_price unavailable
CRITICAL:strat7:2023-01-04 18:17:53,413:15449: Yes my_avgbuy_price unavailable
CRITICAL:strat7:2023-01-04 18:17:55,800:15449: Yes my_avgbuy_price unavailable
CRITICAL:strat7:2023-01-04 18:19:51,335:15452: Yes my_avgbuy_price unavailable
CRITICAL:strat7:2023-01-04 18:19:53,614:15452: Yes my_avgbuy_price unavailable
CRITICAL:strat7:2023-01-04 18:19:56,226:15452: Yes my_avgbuy_price unavailable
CRITICAL:strat7:2023-01-04 18:19:58,507:15452: Yes my_avgbuy_price unavailable
CRITICAL:strat7:2023-01-04 18:20:33,315:15453: No my_buy_price unavailable
CRITICAL:strat7:2023-01-04 18:20:35,659:15453: No my_buy_price unavailable
CRITICAL:strat7:2023-01-04 18:20:39,116:15453: No my_buy_price unavailable
CRITICAL:strat7:2023-01-04 18:20:41,421:15453: No my_buy_price unavailable
CRITICAL:strat7:2023-01-04 18:21:21,505:15454: No my_buy_price unavailable
CRITICAL:strat7:2023-01-04 18:21:23,725:15454: No my_buy_price unavailable
CRITICAL:strat7:2023-01-04 18:21:27,087:15454: No my_buy_price unavailable
CRITICAL:strat7:2023-01-04 18:21:29,364:15454: No my_buy_price unavailable
CRITICAL:strat7:2023-01-04 18:24:14,175:15449: Yes my_avgbuy_price unavailable
CRITICAL:strat7:2023-01-04 18:24:16,411:15449: Yes my_avgbuy_price unavailable
CRITICAL:strat7:2023-01-04 18:24:19,666:15449: Yes my_avgbuy_price unavailable
CRITICAL:strat7:2023-01-04 18:24:21,904:15449: Yes my_avgbuy_price unavailable
CRITICAL:strat7:2023-01-04 18:26:16,398:15452: Yes my_avgbuy_price unavailable
CRITICAL:strat7:2023-01-04 18:26:18,747:15452: Yes my_avgbuy_price unavailable
CRITICAL:strat7:2023-01-04 18:26:21,455:15452: Yes my_avgbuy_price unavailable
CRITICAL:strat7:2023-01-04 18:26:23,719:15452: Yes my_avgbuy_price unavailable
CRITICAL:strat7:2023-01-04 18:26:57,010:15453: No my_buy_price unavailable
CRITICAL:strat7:2023-01-04 18:26:59,230:15453: No my_buy_price unavailable
CRITICAL:strat7:2023-01-04 18:27:02,505:15453: No my_buy_price unavailable
CRITICAL:strat7:2023-01-04 18:27:04,879:15453: No my_buy_price unavailable
CRITICAL:strat7:2023-01-04 18:27:40,128:15454: No my_buy_price unavailable
CRITICAL:strat7:2023-01-04 18:27:42,358:15454: No my_buy_price unavailable
CRITICAL:strat7:2023-01-04 18:27:45,529:15454: No my_buy_price unavailable
CRITICAL:strat7:2023-01-04 18:27:47,901:15454: No my_buy_price unavailable
CRITICAL:strat7:2023-01-04 18:30:34,567:15449: Yes my_avgbuy_price unavailable
CRITICAL:strat7:2023-01-04 18:30:36,675:15449: Yes my_avgbuy_price unavailable
CRITICAL:strat7:2023-01-04 18:30:39,665:15449: Yes my_avgbuy_price unavailable
CRITICAL:strat7:2023-01-04 18:30:41,776:15449: Yes my_avgbuy_price unavailable
CRITICAL:strat7:2023-01-04 18:32:45,348:15452: Yes my_avgbuy_price unavailable
CRITICAL:strat7:2023-01-04 18:32:48,858:15452: Yes my_avgbuy_price unavailable
CRITICAL:strat7:2023-01-04 18:32:51,835:15452: Yes my_avgbuy_price unavailable
CRITICAL:strat7:2023-01-04 18:32:54,140:15452: Yes my_avgbuy_price unavailable
CRITICAL:strat7:2023-01-04 18:33:33,347:15453: No my_buy_price unavailable
CRITICAL:strat7:2023-01-04 18:33:36,062:15453: No my_buy_price unavailable
CRITICAL:strat7:2023-01-04 18:33:39,916:15453: No my_buy_price unavailable
CRITICAL:strat7:2023-01-04 18:33:42,185:15453: No my_buy_price unavailable
CRITICAL:strat7:2023-01-04 18:34:21,796:15454: No my_buy_price unavailable
CRITICAL:strat7:2023-01-04 18:34:23,842:15454: No my_buy_price unavailable
CRITICAL:strat7:2023-01-04 18:34:27,411:15454: No my_buy_price unavailable
CRITICAL:strat7:2023-01-04 18:34:29,917:15454: No my_buy_price unavailable
CRITICAL:strat7:2023-01-04 18:37:11,622:15449: Yes my_avgbuy_price unavailable
CRITICAL:strat7:2023-01-04 18:37:13,938:15449: Yes my_avgbuy_price unavailable
CRITICAL:strat7:2023-01-04 18:37:17,421:15449: Yes my_avgbuy_price unavailable
CRITICAL:strat7:2023-01-04 18:37:20,168:15449: Yes my_avgbuy_price unavailable
CRITICAL:strat7:2023-01-04 18:39:17,257:15452: Yes my_avgbuy_price unavailable
CRITICAL:strat7:2023-01-04 18:39:19,529:15452: Yes my_avgbuy_price unavailable
CRITICAL:strat7:2023-01-04 18:39:22,251:15452: Yes my_avgbuy_price unavailable
CRITICAL:strat7:2023-01-04 18:39:24,539:15452: Yes my_avgbuy_price unavailable
CRITICAL:strat7:2023-01-04 18:40:03,598:15453: No my_buy_price unavailable
CRITICAL:strat7:2023-01-04 18:40:06,416:15453: No my_buy_price unavailable
CRITICAL:strat7:2023-01-04 18:40:09,557:15453: No my_buy_price unavailable
CRITICAL:strat7:2023-01-04 18:40:11,966:15453: No my_buy_price unavailable
CRITICAL:strat7:2023-01-04 18:40:44,224:15454: No my_buy_price unavailable
CRITICAL:strat7:2023-01-04 18:40:46,682:15454: No my_buy_price unavailable
CRITICAL:strat7:2023-01-04 18:40:50,203:15454: No my_buy_price unavailable
CRITICAL:strat7:2023-01-04 18:40:52,596:15454: No my_buy_price unavailable
CRITICAL:strat7:2023-01-04 18:43:36,074:15449: Yes my_avgbuy_price unavailable
CRITICAL:strat7:2023-01-04 18:43:38,326:15449: Yes my_avgbuy_price unavailable
CRITICAL:strat7:2023-01-04 18:43:41,716:15449: Yes my_avgbuy_price unavailable
CRITICAL:strat7:2023-01-04 18:43:44,836:15449: Yes my_avgbuy_price unavailable
CRITICAL:strat7:2023-01-04 18:45:34,009:15452: Yes my_avgbuy_price unavailable
CRITICAL:strat7:2023-01-04 18:45:36,268:15452: Yes my_avgbuy_price unavailable
CRITICAL:strat7:2023-01-04 18:45:39,675:15452: Yes my_avgbuy_price unavailable
CRITICAL:strat7:2023-01-04 18:45:42,105:15452: Yes my_avgbuy_price unavailable
CRITICAL:strat7:2023-01-04 18:46:17,141:15453: No my_buy_price unavailable
CRITICAL:strat7:2023-01-04 18:46:19,941:15453: No my_buy_price unavailable
CRITICAL:strat7:2023-01-04 18:46:23,414:15453: No my_buy_price unavailable
CRITICAL:strat7:2023-01-04 18:46:25,857:15453: No my_buy_price unavailable
CRITICAL:strat7:2023-01-04 18:46:57,980:15454: No my_buy_price unavailable
CRITICAL:strat7:2023-01-04 18:47:00,267:15454: No my_buy_price unavailable
CRITICAL:strat7:2023-01-04 18:47:03,464:15454: No my_buy_price unavailable
CRITICAL:strat7:2023-01-04 18:47:05,789:15454: No my_buy_price unavailable
CRITICAL:strat7:2023-01-04 18:49:49,007:15449: Yes my_avgbuy_price unavailable
CRITICAL:strat7:2023-01-04 18:49:51,735:15449: Yes my_avgbuy_price unavailable
CRITICAL:strat7:2023-01-04 18:49:55,124:15449: Yes my_avgbuy_price unavailable
CRITICAL:strat7:2023-01-04 18:49:57,315:15449: Yes my_avgbuy_price unavailable
CRITICAL:strat7:2023-01-04 18:51:44,897:15452: Yes my_avgbuy_price unavailable
CRITICAL:strat7:2023-01-04 18:51:47,183:15452: Yes my_avgbuy_price unavailable
CRITICAL:strat7:2023-01-04 18:51:49,890:15452: Yes my_avgbuy_price unavailable
CRITICAL:strat7:2023-01-04 18:51:52,222:15452: Yes my_avgbuy_price unavailable
CRITICAL:strat7:2023-01-04 18:52:23,852:15453: No my_buy_price unavailable
CRITICAL:strat7:2023-01-04 18:52:26,294:15453: No my_buy_price unavailable
CRITICAL:strat7:2023-01-04 18:52:29,046:15453: No my_buy_price unavailable
CRITICAL:strat7:2023-01-04 18:52:31,368:15453: No my_buy_price unavailable
CRITICAL:strat7:2023-01-04 18:53:06,290:15454: No my_buy_price unavailable
CRITICAL:strat7:2023-01-04 18:53:08,629:15454: No my_buy_price unavailable
CRITICAL:strat7:2023-01-04 18:53:12,163:15454: No my_buy_price unavailable
CRITICAL:strat7:2023-01-04 18:53:15,581:15454: No my_buy_price unavailable
CRITICAL:strat7:2023-01-04 18:56:05,201:15449: Yes my_avgbuy_price unavailable
CRITICAL:strat7:2023-01-04 18:56:07,502:15449: Yes my_avgbuy_price unavailable
CRITICAL:strat7:2023-01-04 18:56:11,658:15449: Yes my_avgbuy_price unavailable
CRITICAL:strat7:2023-01-04 18:56:14,141:15449: Yes my_avgbuy_price unavailable
CRITICAL:strat7:2023-01-04 18:58:11,038:15452: Yes my_avgbuy_price unavailable
CRITICAL:strat7:2023-01-04 18:58:13,541:15452: Yes my_avgbuy_price unavailable
CRITICAL:strat7:2023-01-04 18:58:16,901:15452: Yes my_avgbuy_price unavailable
CRITICAL:strat7:2023-01-04 18:58:19,745:15452: Yes my_avgbuy_price unavailable
CRITICAL:strat7:2023-01-04 18:59:00,450:15453: No my_buy_price unavailable
CRITICAL:strat7:2023-01-04 18:59:02,872:15453: No my_buy_price unavailable
CRITICAL:strat7:2023-01-04 18:59:06,737:15453: No my_buy_price unavailable
CRITICAL:strat7:2023-01-04 18:59:09,448:15453: No my_buy_price unavailable
CRITICAL:strat7:2023-01-04 18:59:49,927:15454: No my_buy_price unavailable
CRITICAL:strat7:2023-01-04 18:59:54,415:15454: No my_buy_price unavailable
CRITICAL:strat7:2023-01-04 18:59:57,814:15454: No my_buy_price unavailable
CRITICAL:strat7:2023-01-04 19:00:00,554:15454: No my_buy_price unavailable
CRITICAL:strat7:2023-01-04 19:03:08,651:15449: Yes my_avgbuy_price unavailable
CRITICAL:strat7:2023-01-04 19:03:11,011:15449: Yes my_avgbuy_price unavailable
CRITICAL:strat7:2023-01-04 19:03:14,240:15449: Yes my_avgbuy_price unavailable
CRITICAL:strat7:2023-01-04 19:03:17,381:15449: Yes my_avgbuy_price unavailable
CRITICAL:strat7:2023-01-04 19:05:18,366:15452: Yes my_avgbuy_price unavailable
CRITICAL:strat7:2023-01-04 19:05:21,825:15452: Yes my_avgbuy_price unavailable
CRITICAL:strat7:2023-01-04 19:05:24,757:15452: Yes my_avgbuy_price unavailable
CRITICAL:strat7:2023-01-04 19:05:26,976:15452: Yes my_avgbuy_price unavailable
CRITICAL:strat7:2023-01-04 19:06:06,517:15453: No my_buy_price unavailable
CRITICAL:strat7:2023-01-04 19:06:08,821:15453: No my_buy_price unavailable
CRITICAL:strat7:2023-01-04 19:06:11,923:15453: No my_buy_price unavailable
CRITICAL:strat7:2023-01-04 19:06:14,985:15453: No my_buy_price unavailable
CRITICAL:strat7:2023-01-04 19:06:54,127:15454: No my_buy_price unavailable
CRITICAL:strat7:2023-01-04 19:06:57,020:15454: No my_buy_price unavailable
CRITICAL:strat7:2023-01-04 19:07:01,014:15454: No my_buy_price unavailable
CRITICAL:strat7:2023-01-04 19:07:03,496:15454: No my_buy_price unavailable
CRITICAL:strat7:2023-01-04 19:10:00,338:15449: Yes my_avgbuy_price unavailable
CRITICAL:strat7:2023-01-04 19:10:03,093:15449: Yes my_avgbuy_price unavailable
CRITICAL:strat7:2023-01-04 19:10:06,422:15449: Yes my_avgbuy_price unavailable
CRITICAL:strat7:2023-01-04 19:10:08,711:15449: Yes my_avgbuy_price unavailable
CRITICAL:strat7:2023-01-04 19:11:55,901:15452: Yes my_avgbuy_price unavailable
CRITICAL:strat7:2023-01-04 19:11:58,054:15452: Yes my_avgbuy_price unavailable
CRITICAL:strat7:2023-01-04 19:12:00,505:15452: Yes my_avgbuy_price unavailable
CRITICAL:strat7:2023-01-04 19:12:02,791:15452: Yes my_avgbuy_price unavailable
CRITICAL:strat7:2023-01-04 19:12:38,927:15453: No my_buy_price unavailable
CRITICAL:strat7:2023-01-04 19:12:41,408:15453: No my_buy_price unavailable
CRITICAL:strat7:2023-01-04 19:12:44,346:15453: No my_buy_price unavailable
CRITICAL:strat7:2023-01-04 19:12:46,665:15453: No my_buy_price unavailable
CRITICAL:strat7:2023-01-04 19:13:22,252:15454: No my_buy_price unavailable
CRITICAL:strat7:2023-01-04 19:13:24,860:15454: No my_buy_price unavailable
CRITICAL:strat7:2023-01-04 19:13:28,700:15454: No my_buy_price unavailable
CRITICAL:strat7:2023-01-04 19:13:31,349:15454: No my_buy_price unavailable
CRITICAL:strat7:2023-01-04 19:16:23,033:15449: Yes my_avgbuy_price unavailable
CRITICAL:strat7:2023-01-04 19:16:25,578:15449: Yes my_avgbuy_price unavailable
CRITICAL:strat7:2023-01-04 19:16:29,461:15449: Yes my_avgbuy_price unavailable
CRITICAL:strat7:2023-01-04 19:16:31,990:15449: Yes my_avgbuy_price unavailable
CRITICAL:strat7:2023-01-04 19:18:25,747:15452: Yes my_avgbuy_price unavailable
CRITICAL:strat7:2023-01-04 19:18:28,550:15452: Yes my_avgbuy_price unavailable
CRITICAL:strat7:2023-01-04 19:18:31,194:15452: Yes my_avgbuy_price unavailable
CRITICAL:strat7:2023-01-04 19:18:33,919:15452: Yes my_avgbuy_price unavailable
CRITICAL:strat7:2023-01-04 19:19:07,012:15453: No my_buy_price unavailable
CRITICAL:strat7:2023-01-04 19:19:09,739:15453: No my_buy_price unavailable
CRITICAL:strat7:2023-01-04 19:19:13,036:15453: No my_buy_price unavailable
CRITICAL:strat7:2023-01-04 19:19:15,394:15453: No my_buy_price unavailable
CRITICAL:strat7:2023-01-04 19:19:51,583:15454: No my_buy_price unavailable
CRITICAL:strat7:2023-01-04 19:19:53,882:15454: No my_buy_price unavailable
CRITICAL:strat7:2023-01-04 19:19:57,740:15454: No my_buy_price unavailable
CRITICAL:strat7:2023-01-04 19:20:00,405:15454: No my_buy_price unavailable
CRITICAL:strat7:2023-01-04 19:22:52,994:15449: Yes my_avgbuy_price unavailable
CRITICAL:strat7:2023-01-04 19:22:55,682:15449: Yes my_avgbuy_price unavailable
CRITICAL:strat7:2023-01-04 19:22:59,380:15449: Yes my_avgbuy_price unavailable
CRITICAL:strat7:2023-01-04 19:23:02,324:15449: Yes my_avgbuy_price unavailable
CRITICAL:strat7:2023-01-04 19:24:48,682:15452: Yes my_avgbuy_price unavailable
CRITICAL:strat7:2023-01-04 19:24:50,891:15452: Yes my_avgbuy_price unavailable
CRITICAL:strat7:2023-01-04 19:24:53,492:15452: Yes my_avgbuy_price unavailable
CRITICAL:strat7:2023-01-04 19:24:55,854:15452: Yes my_avgbuy_price unavailable
CRITICAL:strat7:2023-01-04 19:25:30,182:15453: No my_buy_price unavailable
CRITICAL:strat7:2023-01-04 19:25:32,646:15453: No my_buy_price unavailable
CRITICAL:strat7:2023-01-04 19:25:35,300:15453: No my_buy_price unavailable
CRITICAL:strat7:2023-01-04 19:25:37,533:15453: No my_buy_price unavailable
CRITICAL:strat7:2023-01-04 19:26:13,673:15454: No my_buy_price unavailable
CRITICAL:strat7:2023-01-04 19:26:16,053:15454: No my_buy_price unavailable
CRITICAL:strat7:2023-01-04 19:26:19,308:15454: No my_buy_price unavailable
CRITICAL:strat7:2023-01-04 19:26:21,581:15454: No my_buy_price unavailable
CRITICAL:strat7:2023-01-04 19:29:04,505:15449: Yes my_avgbuy_price unavailable
CRITICAL:strat7:2023-01-04 19:29:06,824:15449: Yes my_avgbuy_price unavailable
CRITICAL:strat7:2023-01-04 19:29:10,036:15449: Yes my_avgbuy_price unavailable
CRITICAL:strat7:2023-01-04 19:29:12,342:15449: Yes my_avgbuy_price unavailable
CRITICAL:strat7:2023-01-04 19:31:05,036:15452: Yes my_avgbuy_price unavailable
CRITICAL:strat7:2023-01-04 19:31:07,702:15452: Yes my_avgbuy_price unavailable
CRITICAL:strat7:2023-01-04 19:31:10,139:15452: Yes my_avgbuy_price unavailable
CRITICAL:strat7:2023-01-04 19:31:12,302:15452: Yes my_avgbuy_price unavailable
CRITICAL:strat7:2023-01-04 19:31:49,805:15453: No my_buy_price unavailable
CRITICAL:strat7:2023-01-04 19:31:52,085:15453: No my_buy_price unavailable
CRITICAL:strat7:2023-01-04 19:31:54,693:15453: No my_buy_price unavailable
CRITICAL:strat7:2023-01-04 19:31:56,949:15453: No my_buy_price unavailable
CRITICAL:strat7:2023-01-04 19:32:37,969:15454: No my_buy_price unavailable
CRITICAL:strat7:2023-01-04 19:32:40,205:15454: No my_buy_price unavailable
CRITICAL:strat7:2023-01-04 19:32:43,537:15454: No my_buy_price unavailable
CRITICAL:strat7:2023-01-04 19:32:45,843:15454: No my_buy_price unavailable
CRITICAL:strat7:2023-01-04 19:35:33,393:15449: Yes my_avgbuy_price unavailable
CRITICAL:strat7:2023-01-04 19:35:35,792:15449: Yes my_avgbuy_price unavailable
CRITICAL:strat7:2023-01-04 19:35:39,066:15449: Yes my_avgbuy_price unavailable
CRITICAL:strat7:2023-01-04 19:35:41,295:15449: Yes my_avgbuy_price unavailable
CRITICAL:strat7:2023-01-04 19:37:35,303:15452: Yes my_avgbuy_price unavailable
CRITICAL:strat7:2023-01-04 19:37:37,625:15452: Yes my_avgbuy_price unavailable
CRITICAL:strat7:2023-01-04 19:37:40,197:15452: Yes my_avgbuy_price unavailable
CRITICAL:strat7:2023-01-04 19:37:42,416:15452: Yes my_avgbuy_price unavailable
CRITICAL:strat7:2023-01-04 19:38:15,264:15453: No my_buy_price unavailable
CRITICAL:strat7:2023-01-04 19:38:17,518:15453: No my_buy_price unavailable
CRITICAL:strat7:2023-01-04 19:38:20,175:15453: No my_buy_price unavailable
CRITICAL:strat7:2023-01-04 19:38:22,353:15453: No my_buy_price unavailable
CRITICAL:strat7:2023-01-04 19:38:56,183:15454: No my_buy_price unavailable
CRITICAL:strat7:2023-01-04 19:38:58,423:15454: No my_buy_price unavailable
CRITICAL:strat7:2023-01-04 19:39:01,719:15454: No my_buy_price unavailable
CRITICAL:strat7:2023-01-04 19:39:03,949:15454: No my_buy_price unavailable
CRITICAL:strat7:2023-01-04 19:41:53,509:15449: Yes my_avgbuy_price unavailable
CRITICAL:strat7:2023-01-04 19:41:55,911:15449: Yes my_avgbuy_price unavailable
CRITICAL:strat7:2023-01-04 19:41:59,118:15449: Yes my_avgbuy_price unavailable
CRITICAL:strat7:2023-01-04 19:42:01,449:15449: Yes my_avgbuy_price unavailable
CRITICAL:strat7:2023-01-04 19:43:54,137:15452: Yes my_avgbuy_price unavailable
CRITICAL:strat7:2023-01-04 19:43:56,424:15452: Yes my_avgbuy_price unavailable
CRITICAL:strat7:2023-01-04 19:43:59,187:15452: Yes my_avgbuy_price unavailable
CRITICAL:strat7:2023-01-04 19:44:01,530:15452: Yes my_avgbuy_price unavailable
CRITICAL:strat7:2023-01-04 19:44:32,777:15453: No my_buy_price unavailable
CRITICAL:strat7:2023-01-04 19:44:35,029:15453: No my_buy_price unavailable
CRITICAL:strat7:2023-01-04 19:44:37,613:15453: No my_buy_price unavailable
CRITICAL:strat7:2023-01-04 19:44:39,855:15453: No my_buy_price unavailable
CRITICAL:strat7:2023-01-04 19:45:14,851:15454: No my_buy_price unavailable
CRITICAL:strat7:2023-01-04 19:45:17,158:15454: No my_buy_price unavailable
CRITICAL:strat7:2023-01-04 19:45:20,495:15454: No my_buy_price unavailable
CRITICAL:strat7:2023-01-04 19:45:23,004:15454: No my_buy_price unavailable
CRITICAL:strat7:2023-01-04 19:48:20,269:15449: Yes my_avgbuy_price unavailable
CRITICAL:strat7:2023-01-04 19:48:22,526:15449: Yes my_avgbuy_price unavailable
CRITICAL:strat7:2023-01-04 19:48:26,574:15449: Yes my_avgbuy_price unavailable
CRITICAL:strat7:2023-01-04 19:48:28,893:15449: Yes my_avgbuy_price unavailable
CRITICAL:strat7:2023-01-04 19:50:12,677:15452: Yes my_avgbuy_price unavailable
CRITICAL:strat7:2023-01-04 19:50:14,989:15452: Yes my_avgbuy_price unavailable
CRITICAL:strat7:2023-01-04 19:50:17,547:15452: Yes my_avgbuy_price unavailable
CRITICAL:strat7:2023-01-04 19:50:19,844:15452: Yes my_avgbuy_price unavailable
CRITICAL:strat7:2023-01-04 19:51:05,422:15453: No my_buy_price unavailable
CRITICAL:strat7:2023-01-04 19:51:08,724:15453: No my_buy_price unavailable
CRITICAL:strat7:2023-01-04 19:51:11,978:15453: No my_buy_price unavailable
CRITICAL:strat7:2023-01-04 19:51:14,453:15453: No my_buy_price unavailable
CRITICAL:strat7:2023-01-04 19:51:49,049:15454: No my_buy_price unavailable
CRITICAL:strat7:2023-01-04 19:51:51,323:15454: No my_buy_price unavailable
CRITICAL:strat7:2023-01-04 19:51:54,588:15454: No my_buy_price unavailable
CRITICAL:strat7:2023-01-04 19:51:56,897:15454: No my_buy_price unavailable
CRITICAL:strat7:2023-01-04 19:54:40,956:15449: Yes my_avgbuy_price unavailable
CRITICAL:strat7:2023-01-04 19:54:43,862:15449: Yes my_avgbuy_price unavailable
CRITICAL:strat7:2023-01-04 19:54:47,294:15449: Yes my_avgbuy_price unavailable
CRITICAL:strat7:2023-01-04 19:54:49,681:15449: Yes my_avgbuy_price unavailable
CRITICAL:strat7:2023-01-04 19:56:40,450:15452: Yes my_avgbuy_price unavailable
CRITICAL:strat7:2023-01-04 19:56:42,753:15452: Yes my_avgbuy_price unavailable
CRITICAL:strat7:2023-01-04 19:56:45,298:15452: Yes my_avgbuy_price unavailable
CRITICAL:strat7:2023-01-04 19:56:47,483:15452: Yes my_avgbuy_price unavailable
CRITICAL:strat7:2023-01-04 19:57:27,462:15453: No my_buy_price unavailable
CRITICAL:strat7:2023-01-04 19:57:29,828:15453: No my_buy_price unavailable
CRITICAL:strat7:2023-01-04 19:57:33,046:15453: No my_buy_price unavailable
CRITICAL:strat7:2023-01-04 19:57:35,387:15453: No my_buy_price unavailable
CRITICAL:strat7:2023-01-04 19:58:10,248:15454: No my_buy_price unavailable
CRITICAL:strat7:2023-01-04 19:58:12,487:15454: No my_buy_price unavailable
CRITICAL:strat7:2023-01-04 19:58:15,700:15454: No my_buy_price unavailable
CRITICAL:strat7:2023-01-04 19:58:17,975:15454: No my_buy_price unavailable
CRITICAL:strat7:2023-01-04 20:01:08,015:15449: Yes my_avgbuy_price unavailable
CRITICAL:strat7:2023-01-04 20:01:10,326:15449: Yes my_avgbuy_price unavailable
CRITICAL:strat7:2023-01-04 20:01:14,467:15449: Yes my_avgbuy_price unavailable
CRITICAL:strat7:2023-01-04 20:01:16,879:15449: Yes my_avgbuy_price unavailable
CRITICAL:strat7:2023-01-04 20:03:10,297:15452: Yes my_avgbuy_price unavailable
CRITICAL:strat7:2023-01-04 20:03:12,582:15452: Yes my_avgbuy_price unavailable
CRITICAL:strat7:2023-01-04 20:03:15,170:15452: Yes my_avgbuy_price unavailable
CRITICAL:strat7:2023-01-04 20:03:17,425:15452: Yes my_avgbuy_price unavailable
CRITICAL:strat7:2023-01-04 20:03:56,342:15453: No my_buy_price unavailable
CRITICAL:strat7:2023-01-04 20:03:58,816:15453: No my_buy_price unavailable
CRITICAL:strat7:2023-01-04 20:04:02,091:15453: No my_buy_price unavailable
CRITICAL:strat7:2023-01-04 20:04:04,498:15453: No my_buy_price unavailable
CRITICAL:strat7:2023-01-04 20:04:40,621:15454: No my_buy_price unavailable
CRITICAL:strat7:2023-01-04 20:04:43,756:15454: No my_buy_price unavailable
CRITICAL:strat7:2023-01-04 20:04:47,001:15454: No my_buy_price unavailable
CRITICAL:strat7:2023-01-04 20:04:49,255:15454: No my_buy_price unavailable
CRITICAL:strat7:2023-01-04 20:07:38,500:15449: Yes my_avgbuy_price unavailable
CRITICAL:strat7:2023-01-04 20:07:40,807:15449: Yes my_avgbuy_price unavailable
CRITICAL:strat7:2023-01-04 20:07:43,983:15449: Yes my_avgbuy_price unavailable
CRITICAL:strat7:2023-01-04 20:07:46,293:15449: Yes my_avgbuy_price unavailable
CRITICAL:strat7:2023-01-04 20:09:34,419:15452: Yes my_avgbuy_price unavailable
CRITICAL:strat7:2023-01-04 20:09:36,671:15452: Yes my_avgbuy_price unavailable
CRITICAL:strat7:2023-01-04 20:09:39,132:15452: Yes my_avgbuy_price unavailable
CRITICAL:strat7:2023-01-04 20:09:41,284:15452: Yes my_avgbuy_price unavailable
CRITICAL:strat7:2023-01-04 20:10:17,664:15453: No my_buy_price unavailable
CRITICAL:strat7:2023-01-04 20:10:20,038:15453: No my_buy_price unavailable
CRITICAL:strat7:2023-01-04 20:10:22,685:15453: No my_buy_price unavailable
CRITICAL:strat7:2023-01-04 20:10:24,928:15453: No my_buy_price unavailable
CRITICAL:strat7:2023-01-04 20:11:00,490:15454: No my_buy_price unavailable
CRITICAL:strat7:2023-01-04 20:11:03,874:15454: No my_buy_price unavailable
CRITICAL:strat7:2023-01-04 20:11:07,156:15454: No my_buy_price unavailable
CRITICAL:strat7:2023-01-04 20:11:09,512:15454: No my_buy_price unavailable
CRITICAL:strat7:2023-01-04 20:13:58,336:15449: Yes my_avgbuy_price unavailable
CRITICAL:strat7:2023-01-04 20:14:00,673:15449: Yes my_avgbuy_price unavailable
CRITICAL:strat7:2023-01-04 20:14:03,958:15449: Yes my_avgbuy_price unavailable
CRITICAL:strat7:2023-01-04 20:14:06,184:15449: Yes my_avgbuy_price unavailable
CRITICAL:strat7:2023-01-04 20:15:53,400:15452: Yes my_avgbuy_price unavailable
CRITICAL:strat7:2023-01-04 20:15:55,974:15452: Yes my_avgbuy_price unavailable
CRITICAL:strat7:2023-01-04 20:15:58,979:15452: Yes my_avgbuy_price unavailable
CRITICAL:strat7:2023-01-04 20:16:01,425:15452: Yes my_avgbuy_price unavailable
CRITICAL:strat7:2023-01-04 20:16:39,025:15453: No my_buy_price unavailable
CRITICAL:strat7:2023-01-04 20:16:41,358:15453: No my_buy_price unavailable
CRITICAL:strat7:2023-01-04 20:16:44,122:15453: No my_buy_price unavailable
CRITICAL:strat7:2023-01-04 20:16:46,661:15453: No my_buy_price unavailable
CRITICAL:strat7:2023-01-04 20:17:20,173:15454: No my_buy_price unavailable
CRITICAL:strat7:2023-01-04 20:17:22,498:15454: No my_buy_price unavailable
CRITICAL:strat7:2023-01-04 20:17:25,971:15454: No my_buy_price unavailable
CRITICAL:strat7:2023-01-04 20:17:28,276:15454: No my_buy_price unavailable
CRITICAL:strat7:2023-01-04 20:20:15,971:15449: Yes my_avgbuy_price unavailable
CRITICAL:strat7:2023-01-04 20:20:18,207:15449: Yes my_avgbuy_price unavailable
CRITICAL:strat7:2023-01-04 20:20:21,449:15449: Yes my_avgbuy_price unavailable
CRITICAL:strat7:2023-01-04 20:20:23,829:15449: Yes my_avgbuy_price unavailable
CRITICAL:strat7:2023-01-04 20:22:11,056:15452: Yes my_avgbuy_price unavailable
CRITICAL:strat7:2023-01-04 20:22:13,296:15452: Yes my_avgbuy_price unavailable
CRITICAL:strat7:2023-01-04 20:22:15,883:15452: Yes my_avgbuy_price unavailable
CRITICAL:strat7:2023-01-04 20:22:20,150:15452: Yes my_avgbuy_price unavailable
CRITICAL:strat7:2023-01-04 20:22:54,801:15453: No my_buy_price unavailable
CRITICAL:strat7:2023-01-04 20:22:57,132:15453: No my_buy_price unavailable
CRITICAL:strat7:2023-01-04 20:22:59,741:15453: No my_buy_price unavailable
CRITICAL:strat7:2023-01-04 20:23:02,038:15453: No my_buy_price unavailable
CRITICAL:strat7:2023-01-04 20:23:37,102:15454: No my_buy_price unavailable
CRITICAL:strat7:2023-01-04 20:23:39,198:15454: No my_buy_price unavailable
CRITICAL:strat7:2023-01-04 20:23:42,334:15454: No my_buy_price unavailable
CRITICAL:strat7:2023-01-04 20:23:44,864:15454: No my_buy_price unavailable
CRITICAL:strat7:2023-01-04 20:26:30,771:15449: Yes my_avgbuy_price unavailable
CRITICAL:strat7:2023-01-04 20:26:32,968:15449: Yes my_avgbuy_price unavailable
CRITICAL:strat7:2023-01-04 20:26:36,211:15449: Yes my_avgbuy_price unavailable
CRITICAL:strat7:2023-01-04 20:26:38,589:15449: Yes my_avgbuy_price unavailable
CRITICAL:strat7:2023-01-04 20:28:27,253:15452: Yes my_avgbuy_price unavailable
CRITICAL:strat7:2023-01-04 20:28:29,991:15452: Yes my_avgbuy_price unavailable
CRITICAL:strat7:2023-01-04 20:28:32,562:15452: Yes my_avgbuy_price unavailable
CRITICAL:strat7:2023-01-04 20:28:34,836:15452: Yes my_avgbuy_price unavailable
CRITICAL:strat7:2023-01-04 20:29:08,573:15453: No my_buy_price unavailable
CRITICAL:strat7:2023-01-04 20:29:10,831:15453: No my_buy_price unavailable
CRITICAL:strat7:2023-01-04 20:29:13,342:15453: No my_buy_price unavailable
CRITICAL:strat7:2023-01-04 20:29:15,517:15453: No my_buy_price unavailable
CRITICAL:strat7:2023-01-04 20:29:48,193:15454: No my_buy_price unavailable
CRITICAL:strat7:2023-01-04 20:29:50,420:15454: No my_buy_price unavailable
CRITICAL:strat7:2023-01-04 20:29:54,657:15454: No my_buy_price unavailable
CRITICAL:strat7:2023-01-04 20:29:56,898:15454: No my_buy_price unavailable
CRITICAL:strat7:2023-01-04 20:32:40,878:15449: Yes my_avgbuy_price unavailable
CRITICAL:strat7:2023-01-04 20:32:43,090:15449: Yes my_avgbuy_price unavailable
CRITICAL:strat7:2023-01-04 20:32:46,245:15449: Yes my_avgbuy_price unavailable
CRITICAL:strat7:2023-01-04 20:32:48,467:15449: Yes my_avgbuy_price unavailable
CRITICAL:strat7:2023-01-04 20:34:32,126:15452: Yes my_avgbuy_price unavailable
CRITICAL:strat7:2023-01-04 20:34:34,287:15452: Yes my_avgbuy_price unavailable
CRITICAL:strat7:2023-01-04 20:34:36,783:15452: Yes my_avgbuy_price unavailable
CRITICAL:strat7:2023-01-04 20:34:38,951:15452: Yes my_avgbuy_price unavailable
CRITICAL:strat7:2023-01-04 20:35:13,501:15453: No my_buy_price unavailable
CRITICAL:strat7:2023-01-04 20:35:15,701:15453: No my_buy_price unavailable
CRITICAL:strat7:2023-01-04 20:35:18,252:15453: No my_buy_price unavailable
CRITICAL:strat7:2023-01-04 20:35:20,503:15453: No my_buy_price unavailable
CRITICAL:strat7:2023-01-04 20:35:52,857:15454: No my_buy_price unavailable
CRITICAL:strat7:2023-01-04 20:35:55,106:15454: No my_buy_price unavailable
CRITICAL:strat7:2023-01-04 20:35:58,315:15454: No my_buy_price unavailable
CRITICAL:strat7:2023-01-04 20:36:00,555:15454: No my_buy_price unavailable
CRITICAL:strat7:2023-01-04 20:38:48,925:15449: Yes my_avgbuy_price unavailable
CRITICAL:strat7:2023-01-04 20:38:51,160:15449: Yes my_avgbuy_price unavailable
CRITICAL:strat7:2023-01-04 20:38:54,340:15449: Yes my_avgbuy_price unavailable
CRITICAL:strat7:2023-01-04 20:38:57,248:15449: Yes my_avgbuy_price unavailable
CRITICAL:strat7:2023-01-04 20:40:45,899:15452: No my_buy_price unavailable
CRITICAL:strat7:2023-01-04 20:40:48,020:15452: No my_buy_price unavailable
CRITICAL:strat7:2023-01-04 20:40:50,601:15452: No my_buy_price unavailable
CRITICAL:strat7:2023-01-04 20:40:52,959:15452: No my_buy_price unavailable
CRITICAL:strat7:2023-01-04 20:41:29,681:15453: No my_buy_price unavailable
CRITICAL:strat7:2023-01-04 20:41:31,887:15453: No my_buy_price unavailable
CRITICAL:strat7:2023-01-04 20:41:35,021:15453: No my_buy_price unavailable
CRITICAL:strat7:2023-01-04 20:41:37,325:15453: No my_buy_price unavailable
CRITICAL:strat7:2023-01-04 20:42:10,766:15454: No my_buy_price unavailable
CRITICAL:strat7:2023-01-04 20:42:12,990:15454: No my_buy_price unavailable
CRITICAL:strat7:2023-01-04 20:42:16,276:15454: No my_buy_price unavailable
CRITICAL:strat7:2023-01-04 20:42:18,483:15454: No my_buy_price unavailable
CRITICAL:strat7:2023-01-04 20:46:58,439:15452: No my_buy_price unavailable
CRITICAL:strat7:2023-01-04 20:47:00,638:15452: No my_buy_price unavailable
CRITICAL:strat7:2023-01-04 20:47:03,124:15452: No my_buy_price unavailable
CRITICAL:strat7:2023-01-04 20:47:05,367:15452: No my_buy_price unavailable
CRITICAL:strat7:2023-01-04 20:47:39,686:15453: No my_buy_price unavailable
CRITICAL:strat7:2023-01-04 20:47:41,885:15453: No my_buy_price unavailable
CRITICAL:strat7:2023-01-04 20:47:45,079:15453: No my_buy_price unavailable
CRITICAL:strat7:2023-01-04 20:47:47,405:15453: No my_buy_price unavailable
CRITICAL:strat7:2023-01-04 20:48:20,599:15454: No my_buy_price unavailable
CRITICAL:strat7:2023-01-04 20:48:22,806:15454: No my_buy_price unavailable
CRITICAL:strat7:2023-01-04 20:48:25,953:15454: No my_buy_price unavailable
CRITICAL:strat7:2023-01-04 20:48:28,204:15454: No my_buy_price unavailable
CRITICAL:strat7:2023-01-04 20:53:09,069:15452: Yes my_avgbuy_price unavailable
CRITICAL:strat7:2023-01-04 20:53:11,219:15452: Yes my_avgbuy_price unavailable
CRITICAL:strat7:2023-01-04 20:53:13,763:15452: Yes my_avgbuy_price unavailable
CRITICAL:strat7:2023-01-04 20:53:15,927:15452: Yes my_avgbuy_price unavailable
CRITICAL:strat7:2023-01-04 20:53:49,721:15453: No my_buy_price unavailable
CRITICAL:strat7:2023-01-04 20:53:51,979:15453: No my_buy_price unavailable
CRITICAL:strat7:2023-01-04 20:53:54,462:15453: No my_buy_price unavailable
CRITICAL:strat7:2023-01-04 20:53:56,692:15453: No my_buy_price unavailable
CRITICAL:strat7:2023-01-04 20:54:30,565:15454: No my_buy_price unavailable
CRITICAL:strat7:2023-01-04 20:54:32,795:15454: No my_buy_price unavailable
CRITICAL:strat7:2023-01-04 20:54:35,904:15454: No my_buy_price unavailable
CRITICAL:strat7:2023-01-04 20:54:38,082:15454: No my_buy_price unavailable
CRITICAL:strat7:2023-01-04 20:59:00,752:15452: Yes my_avgbuy_price unavailable
CRITICAL:strat7:2023-01-04 20:59:02,965:15452: Yes my_avgbuy_price unavailable
CRITICAL:strat7:2023-01-04 20:59:05,525:15452: Yes my_avgbuy_price unavailable
CRITICAL:strat7:2023-01-04 20:59:07,671:15452: Yes my_avgbuy_price unavailable
CRITICAL:strat7:2023-01-04 20:59:45,193:15453: No my_buy_price unavailable
CRITICAL:strat7:2023-01-04 20:59:47,389:15453: No my_buy_price unavailable
CRITICAL:strat7:2023-01-04 20:59:50,756:15453: No my_buy_price unavailable
CRITICAL:strat7:2023-01-04 20:59:52,987:15453: No my_buy_price unavailable
CRITICAL:strat7:2023-01-04 21:00:25,621:15454: No my_buy_price unavailable
CRITICAL:strat7:2023-01-04 21:00:27,896:15454: No my_buy_price unavailable
CRITICAL:strat7:2023-01-04 21:00:31,025:15454: No my_buy_price unavailable
CRITICAL:strat7:2023-01-04 21:00:33,295:15454: No my_buy_price unavailable
CRITICAL:strat7:2023-01-04 21:05:01,574:15452: Yes my_avgbuy_price unavailable
CRITICAL:strat7:2023-01-04 21:05:03,750:15452: Yes my_avgbuy_price unavailable
CRITICAL:strat7:2023-01-04 21:05:06,256:15452: Yes my_avgbuy_price unavailable
CRITICAL:strat7:2023-01-04 21:05:08,474:15452: Yes my_avgbuy_price unavailable
CRITICAL:strat7:2023-01-04 21:06:24,422:15454: No my_buy_price unavailable
CRITICAL:strat7:2023-01-04 21:06:26,715:15454: No my_buy_price unavailable
CRITICAL:strat7:2023-01-04 21:06:29,925:15454: No my_buy_price unavailable
CRITICAL:strat7:2023-01-04 21:06:32,130:15454: No my_buy_price unavailable
CRITICAL:strat7:2023-01-04 21:11:01,397:15452: Yes my_avgbuy_price unavailable
CRITICAL:strat7:2023-01-04 21:11:03,670:15452: Yes my_avgbuy_price unavailable
CRITICAL:strat7:2023-01-04 21:11:06,307:15452: Yes my_avgbuy_price unavailable
CRITICAL:strat7:2023-01-04 21:11:08,989:15452: Yes my_avgbuy_price unavailable
CRITICAL:strat7:2023-01-04 21:12:20,791:15454: No my_buy_price unavailable
CRITICAL:strat7:2023-01-04 21:12:23,301:15454: No my_buy_price unavailable
CRITICAL:strat7:2023-01-04 21:12:26,558:15454: No my_buy_price unavailable
CRITICAL:strat7:2023-01-04 21:12:28,942:15454: No my_buy_price unavailable
CRITICAL:strat7:2023-01-04 21:17:00,234:15452: Yes my_avgbuy_price unavailable
CRITICAL:strat7:2023-01-04 21:17:02,394:15452: Yes my_avgbuy_price unavailable
CRITICAL:strat7:2023-01-04 21:17:04,937:15452: Yes my_avgbuy_price unavailable
CRITICAL:strat7:2023-01-04 21:17:07,151:15452: Yes my_avgbuy_price unavailable
CRITICAL:strat7:2023-01-04 21:18:20,680:15454: No my_buy_price unavailable
CRITICAL:strat7:2023-01-04 21:18:22,905:15454: No my_buy_price unavailable
CRITICAL:strat7:2023-01-04 21:18:26,042:15454: No my_buy_price unavailable
CRITICAL:strat7:2023-01-04 21:18:28,307:15454: No my_buy_price unavailable
CRITICAL:strat7:2023-01-04 21:22:55,799:15452: Yes my_avgbuy_price unavailable
CRITICAL:strat7:2023-01-04 21:22:58,061:15452: Yes my_avgbuy_price unavailable
CRITICAL:strat7:2023-01-04 21:23:00,582:15452: Yes my_avgbuy_price unavailable
CRITICAL:strat7:2023-01-04 21:23:02,862:15452: Yes my_avgbuy_price unavailable
CRITICAL:strat7:2023-01-04 21:24:14,180:15454: No my_buy_price unavailable
CRITICAL:strat7:2023-01-04 21:24:17,593:15454: No my_buy_price unavailable
CRITICAL:strat7:2023-01-04 21:24:20,772:15454: No my_buy_price unavailable
CRITICAL:strat7:2023-01-04 21:24:22,966:15454: No my_buy_price unavailable
CRITICAL:strat7:2023-01-04 21:28:56,496:15452: Yes my_avgbuy_price unavailable
CRITICAL:strat7:2023-01-04 21:28:58,771:15452: Yes my_avgbuy_price unavailable
CRITICAL:strat7:2023-01-04 21:29:01,319:15452: Yes my_avgbuy_price unavailable
CRITICAL:strat7:2023-01-04 21:29:03,549:15452: Yes my_avgbuy_price unavailable
CRITICAL:strat7:2023-01-04 21:30:20,004:15454: No my_buy_price unavailable
CRITICAL:strat7:2023-01-04 21:30:22,281:15454: No my_buy_price unavailable
CRITICAL:strat7:2023-01-04 21:30:25,529:15454: No my_buy_price unavailable
CRITICAL:strat7:2023-01-04 21:30:27,781:15454: No my_buy_price unavailable
CRITICAL:strat7:2023-01-04 21:34:57,492:15452: Yes my_avgbuy_price unavailable
CRITICAL:strat7:2023-01-04 21:34:59,760:15452: Yes my_avgbuy_price unavailable
CRITICAL:strat7:2023-01-04 21:35:02,661:15452: Yes my_avgbuy_price unavailable
CRITICAL:strat7:2023-01-04 21:35:05,394:15452: Yes my_avgbuy_price unavailable
CRITICAL:strat7:2023-01-04 21:36:30,668:15454: No my_buy_price unavailable
CRITICAL:strat7:2023-01-04 21:36:32,965:15454: No my_buy_price unavailable
CRITICAL:strat7:2023-01-04 21:36:36,287:15454: No my_buy_price unavailable
CRITICAL:strat7:2023-01-04 21:36:39,932:15454: No my_buy_price unavailable
CRITICAL:strat7:2023-01-04 21:39:36,888:15449: Yes my_avgbuy_price unavailable
CRITICAL:strat7:2023-01-04 21:39:41,163:15449: Yes my_avgbuy_price unavailable
CRITICAL:strat7:2023-01-04 21:39:44,209:15449: Yes my_avgbuy_price unavailable
CRITICAL:strat7:2023-01-04 21:39:46,730:15449: Yes my_avgbuy_price unavailable
CRITICAL:strat7:2023-01-04 21:41:44,496:15452: Yes my_avgbuy_price unavailable
CRITICAL:strat7:2023-01-04 21:41:46,714:15452: Yes my_avgbuy_price unavailable
CRITICAL:strat7:2023-01-04 21:41:49,206:15452: Yes my_avgbuy_price unavailable
CRITICAL:strat7:2023-01-04 21:41:51,391:15452: Yes my_avgbuy_price unavailable
CRITICAL:strat7:2023-01-04 21:43:01,827:15454: No my_buy_price unavailable
CRITICAL:strat7:2023-01-04 21:43:04,043:15454: No my_buy_price unavailable
CRITICAL:strat7:2023-01-04 21:43:07,278:15454: No my_buy_price unavailable
CRITICAL:strat7:2023-01-04 21:43:09,585:15454: No my_buy_price unavailable
CRITICAL:strat7:2023-01-04 21:46:04,715:15449: Yes my_avgbuy_price unavailable
CRITICAL:strat7:2023-01-04 21:46:07,012:15449: Yes my_avgbuy_price unavailable
CRITICAL:strat7:2023-01-04 21:46:10,105:15449: Yes my_avgbuy_price unavailable
CRITICAL:strat7:2023-01-04 21:46:13,390:15449: Yes my_avgbuy_price unavailable
CRITICAL:strat7:2023-01-04 21:47:23,168:15451: Yes my_avgbuy_price unavailable
CRITICAL:strat7:2023-01-04 21:47:25,361:15451: Yes my_avgbuy_price unavailable
CRITICAL:strat7:2023-01-04 21:47:28,957:15451: Yes my_avgbuy_price unavailable
CRITICAL:strat7:2023-01-04 21:47:31,365:15451: Yes my_avgbuy_price unavailable
CRITICAL:strat7:2023-01-04 21:48:12,519:15452: Yes my_avgbuy_price unavailable
CRITICAL:strat7:2023-01-04 21:48:15,923:15452: Yes my_avgbuy_price unavailable
CRITICAL:strat7:2023-01-04 21:48:21,001:15452: Yes my_avgbuy_price unavailable
CRITICAL:strat7:2023-01-04 21:48:24,758:15452: Yes my_avgbuy_price unavailable
CRITICAL:strat7:2023-01-04 21:49:32,371:15454: No my_buy_price unavailable
CRITICAL:strat7:2023-01-04 21:49:34,698:15454: No my_buy_price unavailable
CRITICAL:strat7:2023-01-04 21:49:37,983:15454: No my_buy_price unavailable
CRITICAL:strat7:2023-01-04 21:49:40,265:15454: No my_buy_price unavailable
CRITICAL:strat7:2023-01-04 21:52:29,580:15449: Yes my_avgbuy_price unavailable
CRITICAL:strat7:2023-01-04 21:52:32,871:15449: Yes my_avgbuy_price unavailable
CRITICAL:strat7:2023-01-04 21:52:36,069:15449: Yes my_avgbuy_price unavailable
CRITICAL:strat7:2023-01-04 21:52:38,778:15449: Yes my_avgbuy_price unavailable
CRITICAL:strat7:2023-01-04 21:53:50,193:15451: Yes my_avgbuy_price unavailable
CRITICAL:strat7:2023-01-04 21:53:52,474:15451: Yes my_avgbuy_price unavailable
CRITICAL:strat7:2023-01-04 21:53:55,641:15451: Yes my_avgbuy_price unavailable
CRITICAL:strat7:2023-01-04 21:53:57,970:15451: Yes my_avgbuy_price unavailable
CRITICAL:strat7:2023-01-04 21:54:34,869:15452: Yes my_avgbuy_price unavailable
CRITICAL:strat7:2023-01-04 21:54:37,105:15452: Yes my_avgbuy_price unavailable
CRITICAL:strat7:2023-01-04 21:54:40,328:15452: Yes my_avgbuy_price unavailable
CRITICAL:strat7:2023-01-04 21:54:42,554:15452: Yes my_avgbuy_price unavailable
CRITICAL:strat7:2023-01-04 21:56:06,032:15454: No my_buy_price unavailable
CRITICAL:strat7:2023-01-04 21:56:08,457:15454: No my_buy_price unavailable
CRITICAL:strat7:2023-01-04 21:56:11,947:15454: No my_buy_price unavailable
CRITICAL:strat7:2023-01-04 21:56:14,850:15454: No my_buy_price unavailable
CRITICAL:strat7:2023-01-04 21:59:12,295:15449: Yes my_avgbuy_price unavailable
CRITICAL:strat7:2023-01-04 21:59:16,660:15449: Yes my_avgbuy_price unavailable
CRITICAL:strat7:2023-01-04 21:59:21,815:15449: Yes my_avgbuy_price unavailable
CRITICAL:strat7:2023-01-04 21:59:24,206:15449: Yes my_avgbuy_price unavailable
CRITICAL:strat7:2023-01-04 22:00:37,576:15451: Yes my_avgbuy_price unavailable
CRITICAL:strat7:2023-01-04 22:00:39,882:15451: Yes my_avgbuy_price unavailable
CRITICAL:strat7:2023-01-04 22:00:43,278:15451: Yes my_avgbuy_price unavailable
CRITICAL:strat7:2023-01-04 22:00:46,729:15451: Yes my_avgbuy_price unavailable
CRITICAL:strat7:2023-01-04 22:01:20,582:15452: Yes my_avgbuy_price unavailable
CRITICAL:strat7:2023-01-04 22:01:22,951:15452: Yes my_avgbuy_price unavailable
CRITICAL:strat7:2023-01-04 22:01:26,379:15452: Yes my_avgbuy_price unavailable
CRITICAL:strat7:2023-01-04 22:01:28,916:15452: Yes my_avgbuy_price unavailable
CRITICAL:strat7:2023-01-04 22:02:46,132:15454: No my_buy_price unavailable
CRITICAL:strat7:2023-01-04 22:02:48,508:15454: No my_buy_price unavailable
CRITICAL:strat7:2023-01-04 22:02:51,709:15454: No my_buy_price unavailable
CRITICAL:strat7:2023-01-04 22:02:53,970:15454: No my_buy_price unavailable
CRITICAL:strat7:2023-01-04 22:05:48,195:15449: Yes my_avgbuy_price unavailable
CRITICAL:strat7:2023-01-04 22:05:50,358:15449: Yes my_avgbuy_price unavailable
CRITICAL:strat7:2023-01-04 22:05:53,566:15449: Yes my_avgbuy_price unavailable
CRITICAL:strat7:2023-01-04 22:05:55,713:15449: Yes my_avgbuy_price unavailable
CRITICAL:strat7:2023-01-04 22:07:01,209:15451: Yes my_avgbuy_price unavailable
CRITICAL:strat7:2023-01-04 22:07:03,556:15451: Yes my_avgbuy_price unavailable
CRITICAL:strat7:2023-01-04 22:07:06,843:15451: Yes my_avgbuy_price unavailable
CRITICAL:strat7:2023-01-04 22:07:09,111:15451: Yes my_avgbuy_price unavailable
CRITICAL:strat7:2023-01-04 22:07:45,484:15452: Yes my_avgbuy_price unavailable
CRITICAL:strat7:2023-01-04 22:07:47,841:15452: Yes my_avgbuy_price unavailable
CRITICAL:strat7:2023-01-04 22:07:51,045:15452: Yes my_avgbuy_price unavailable
CRITICAL:strat7:2023-01-04 22:07:53,334:15452: Yes my_avgbuy_price unavailable
CRITICAL:strat7:2023-01-04 22:08:26,951:15453: No my_buy_price unavailable
CRITICAL:strat7:2023-01-04 22:08:29,218:15453: No my_buy_price unavailable
CRITICAL:strat7:2023-01-04 22:08:31,924:15453: No my_buy_price unavailable
CRITICAL:strat7:2023-01-04 22:08:34,536:15453: No my_buy_price unavailable
CRITICAL:strat7:2023-01-04 22:09:10,149:15454: No my_buy_price unavailable
CRITICAL:strat7:2023-01-04 22:09:12,350:15454: No my_buy_price unavailable
CRITICAL:strat7:2023-01-04 22:09:15,616:15454: No my_buy_price unavailable
CRITICAL:strat7:2023-01-04 22:09:17,832:15454: No my_buy_price unavailable
CRITICAL:strat7:2023-01-04 22:12:09,572:15449: Yes my_avgbuy_price unavailable
CRITICAL:strat7:2023-01-04 22:12:11,951:15449: Yes my_avgbuy_price unavailable
CRITICAL:strat7:2023-01-04 22:12:15,118:15449: Yes my_avgbuy_price unavailable
CRITICAL:strat7:2023-01-04 22:12:17,407:15449: Yes my_avgbuy_price unavailable
CRITICAL:strat7:2023-01-04 22:13:23,621:15451: Yes my_avgbuy_price unavailable
CRITICAL:strat7:2023-01-04 22:13:25,954:15451: Yes my_avgbuy_price unavailable
CRITICAL:strat7:2023-01-04 22:13:29,838:15451: Yes my_avgbuy_price unavailable
CRITICAL:strat7:2023-01-04 22:13:32,052:15451: Yes my_avgbuy_price unavailable
CRITICAL:strat7:2023-01-04 22:14:05,023:15452: Yes my_avgbuy_price unavailable
CRITICAL:strat7:2023-01-04 22:14:07,234:15452: Yes my_avgbuy_price unavailable
CRITICAL:strat7:2023-01-04 22:14:10,542:15452: Yes my_avgbuy_price unavailable
CRITICAL:strat7:2023-01-04 22:14:12,899:15452: Yes my_avgbuy_price unavailable
CRITICAL:strat7:2023-01-04 22:14:47,440:15453: No my_buy_price unavailable
CRITICAL:strat7:2023-01-04 22:14:49,753:15453: No my_buy_price unavailable
CRITICAL:strat7:2023-01-04 22:14:52,331:15453: No my_buy_price unavailable
CRITICAL:strat7:2023-01-04 22:14:54,474:15453: No my_buy_price unavailable
CRITICAL:strat7:2023-01-04 22:15:28,092:15454: No my_buy_price unavailable
CRITICAL:strat7:2023-01-04 22:15:30,346:15454: No my_buy_price unavailable
CRITICAL:strat7:2023-01-04 22:15:33,511:15454: No my_buy_price unavailable
CRITICAL:strat7:2023-01-04 22:15:35,819:15454: No my_buy_price unavailable
CRITICAL:strat7:2023-01-04 22:18:21,738:15449: Yes my_avgbuy_price unavailable
CRITICAL:strat7:2023-01-04 22:18:23,959:15449: Yes my_avgbuy_price unavailable
CRITICAL:strat7:2023-01-04 22:18:27,714:15449: Yes my_avgbuy_price unavailable
CRITICAL:strat7:2023-01-04 22:18:30,048:15449: Yes my_avgbuy_price unavailable
CRITICAL:strat7:2023-01-04 22:19:36,673:15451: Yes my_avgbuy_price unavailable
CRITICAL:strat7:2023-01-04 22:19:38,951:15451: Yes my_avgbuy_price unavailable
CRITICAL:strat7:2023-01-04 22:19:42,068:15451: Yes my_avgbuy_price unavailable
CRITICAL:strat7:2023-01-04 22:19:44,329:15451: Yes my_avgbuy_price unavailable
CRITICAL:strat7:2023-01-04 22:20:18,500:15452: Yes my_avgbuy_price unavailable
CRITICAL:strat7:2023-01-04 22:20:20,823:15452: Yes my_avgbuy_price unavailable
CRITICAL:strat7:2023-01-04 22:20:23,985:15452: Yes my_avgbuy_price unavailable
CRITICAL:strat7:2023-01-04 22:20:26,237:15452: Yes my_avgbuy_price unavailable
CRITICAL:strat7:2023-01-04 22:21:03,519:15453: No my_buy_price unavailable
CRITICAL:strat7:2023-01-04 22:21:05,857:15453: No my_buy_price unavailable
CRITICAL:strat7:2023-01-04 22:21:09,009:15453: No my_buy_price unavailable
CRITICAL:strat7:2023-01-04 22:21:11,209:15453: No my_buy_price unavailable
CRITICAL:strat7:2023-01-04 22:21:46,009:15454: No my_buy_price unavailable
CRITICAL:strat7:2023-01-04 22:21:48,254:15454: No my_buy_price unavailable
CRITICAL:strat7:2023-01-04 22:21:51,504:15454: No my_buy_price unavailable
CRITICAL:strat7:2023-01-04 22:21:53,757:15454: No my_buy_price unavailable
CRITICAL:strat7:2023-01-04 22:24:38,509:15449: Yes my_avgbuy_price unavailable
CRITICAL:strat7:2023-01-04 22:24:40,904:15449: Yes my_avgbuy_price unavailable
CRITICAL:strat7:2023-01-04 22:24:44,094:15449: Yes my_avgbuy_price unavailable
CRITICAL:strat7:2023-01-04 22:24:46,306:15449: Yes my_avgbuy_price unavailable
CRITICAL:strat7:2023-01-04 22:26:36,367:15452: Yes my_avgbuy_price unavailable
CRITICAL:strat7:2023-01-04 22:26:38,590:15452: Yes my_avgbuy_price unavailable
CRITICAL:strat7:2023-01-04 22:26:41,808:15452: Yes my_avgbuy_price unavailable
CRITICAL:strat7:2023-01-04 22:26:44,053:15452: Yes my_avgbuy_price unavailable
CRITICAL:strat7:2023-01-04 22:27:18,320:15453: No my_buy_price unavailable
CRITICAL:strat7:2023-01-04 22:27:20,520:15453: No my_buy_price unavailable
CRITICAL:strat7:2023-01-04 22:27:23,149:15453: No my_buy_price unavailable
CRITICAL:strat7:2023-01-04 22:27:25,333:15453: No my_buy_price unavailable
CRITICAL:strat7:2023-01-04 22:27:59,089:15454: No my_buy_price unavailable
CRITICAL:strat7:2023-01-04 22:28:01,521:15454: No my_buy_price unavailable
CRITICAL:strat7:2023-01-04 22:28:04,712:15454: No my_buy_price unavailable
CRITICAL:strat7:2023-01-04 22:28:07,006:15454: No my_buy_price unavailable
CRITICAL:strat7:2023-01-04 22:30:47,758:15449: Yes my_avgbuy_price unavailable
CRITICAL:strat7:2023-01-04 22:30:49,964:15449: Yes my_avgbuy_price unavailable
CRITICAL:strat7:2023-01-04 22:30:53,300:15449: Yes my_avgbuy_price unavailable
CRITICAL:strat7:2023-01-04 22:30:55,730:15449: Yes my_avgbuy_price unavailable
CRITICAL:strat7:2023-01-04 22:32:02,697:15451: Yes my_avgbuy_price unavailable
CRITICAL:strat7:2023-01-04 22:32:04,957:15451: Yes my_avgbuy_price unavailable
CRITICAL:strat7:2023-01-04 22:32:08,144:15451: Yes my_avgbuy_price unavailable
CRITICAL:strat7:2023-01-04 22:32:10,465:15451: Yes my_avgbuy_price unavailable
CRITICAL:strat7:2023-01-04 22:32:43,467:15452: Yes my_avgbuy_price unavailable
CRITICAL:strat7:2023-01-04 22:32:45,769:15452: Yes my_avgbuy_price unavailable
CRITICAL:strat7:2023-01-04 22:32:48,905:15452: Yes my_avgbuy_price unavailable
CRITICAL:strat7:2023-01-04 22:32:51,180:15452: Yes my_avgbuy_price unavailable
CRITICAL:strat7:2023-01-04 22:33:28,291:15453: No my_buy_price unavailable
CRITICAL:strat7:2023-01-04 22:33:30,695:15453: No my_buy_price unavailable
CRITICAL:strat7:2023-01-04 22:33:33,856:15453: No my_buy_price unavailable
CRITICAL:strat7:2023-01-04 22:33:37,299:15453: No my_buy_price unavailable
CRITICAL:strat7:2023-01-04 22:34:11,016:15454: No my_buy_price unavailable
CRITICAL:strat7:2023-01-04 22:34:13,247:15454: No my_buy_price unavailable
CRITICAL:strat7:2023-01-04 22:34:16,522:15454: No my_buy_price unavailable
CRITICAL:strat7:2023-01-04 22:34:18,760:15454: No my_buy_price unavailable
CRITICAL:strat7:2023-01-04 22:37:03,974:15449: Yes my_avgbuy_price unavailable
CRITICAL:strat7:2023-01-04 22:37:06,179:15449: Yes my_avgbuy_price unavailable
CRITICAL:strat7:2023-01-04 22:37:09,470:15449: Yes my_avgbuy_price unavailable
CRITICAL:strat7:2023-01-04 22:37:11,727:15449: Yes my_avgbuy_price unavailable
CRITICAL:strat7:2023-01-04 22:38:18,227:15451: Yes my_avgbuy_price unavailable
CRITICAL:strat7:2023-01-04 22:38:20,476:15451: Yes my_avgbuy_price unavailable
CRITICAL:strat7:2023-01-04 22:38:23,757:15451: Yes my_avgbuy_price unavailable
CRITICAL:strat7:2023-01-04 22:38:25,975:15451: Yes my_avgbuy_price unavailable
CRITICAL:strat7:2023-01-04 22:39:04,383:15452: Yes my_avgbuy_price unavailable
CRITICAL:strat7:2023-01-04 22:39:06,619:15452: Yes my_avgbuy_price unavailable
CRITICAL:strat7:2023-01-04 22:39:09,833:15452: Yes my_avgbuy_price unavailable
CRITICAL:strat7:2023-01-04 22:39:12,046:15452: Yes my_avgbuy_price unavailable
CRITICAL:strat7:2023-01-04 22:39:45,983:15453: No my_buy_price unavailable
CRITICAL:strat7:2023-01-04 22:39:48,291:15453: No my_buy_price unavailable
CRITICAL:strat7:2023-01-04 22:39:51,645:15453: No my_buy_price unavailable
CRITICAL:strat7:2023-01-04 22:39:53,959:15453: No my_buy_price unavailable
CRITICAL:strat7:2023-01-04 22:43:26,151:15449: Yes my_avgbuy_price unavailable
CRITICAL:strat7:2023-01-04 22:43:28,490:15449: Yes my_avgbuy_price unavailable
CRITICAL:strat7:2023-01-04 22:43:31,722:15449: Yes my_avgbuy_price unavailable
CRITICAL:strat7:2023-01-04 22:43:33,970:15449: Yes my_avgbuy_price unavailable
CRITICAL:strat7:2023-01-04 22:44:40,271:15451: Yes my_avgbuy_price unavailable
CRITICAL:strat7:2023-01-04 22:44:42,890:15451: Yes my_avgbuy_price unavailable
CRITICAL:strat7:2023-01-04 22:44:46,097:15451: Yes my_avgbuy_price unavailable
CRITICAL:strat7:2023-01-04 22:44:48,351:15451: Yes my_avgbuy_price unavailable
CRITICAL:strat7:2023-01-04 22:45:21,706:15452: Yes my_avgbuy_price unavailable
CRITICAL:strat7:2023-01-04 22:45:24,067:15452: Yes my_avgbuy_price unavailable
CRITICAL:strat7:2023-01-04 22:45:27,341:15452: Yes my_avgbuy_price unavailable
CRITICAL:strat7:2023-01-04 22:45:29,666:15452: Yes my_avgbuy_price unavailable
CRITICAL:strat7:2023-01-04 22:46:03,206:15453: No my_buy_price unavailable
CRITICAL:strat7:2023-01-04 22:46:05,419:15453: No my_buy_price unavailable
CRITICAL:strat7:2023-01-04 22:46:08,654:15453: No my_buy_price unavailable
CRITICAL:strat7:2023-01-04 22:46:11,009:15453: No my_buy_price unavailable
CRITICAL:strat7:2023-01-04 22:49:40,291:15449: Yes my_avgbuy_price unavailable
CRITICAL:strat7:2023-01-04 22:49:42,542:15449: Yes my_avgbuy_price unavailable
CRITICAL:strat7:2023-01-04 22:49:45,789:15449: Yes my_avgbuy_price unavailable
CRITICAL:strat7:2023-01-04 22:49:48,034:15449: Yes my_avgbuy_price unavailable
CRITICAL:strat7:2023-01-04 22:50:53,791:15451: Yes my_avgbuy_price unavailable
CRITICAL:strat7:2023-01-04 22:50:56,097:15451: Yes my_avgbuy_price unavailable
CRITICAL:strat7:2023-01-04 22:50:59,351:15451: Yes my_avgbuy_price unavailable
CRITICAL:strat7:2023-01-04 22:51:01,835:15451: Yes my_avgbuy_price unavailable
CRITICAL:strat7:2023-01-04 22:51:35,639:15452: Yes my_avgbuy_price unavailable
CRITICAL:strat7:2023-01-04 22:51:37,915:15452: Yes my_avgbuy_price unavailable
CRITICAL:strat7:2023-01-04 22:51:41,068:15452: Yes my_avgbuy_price unavailable
CRITICAL:strat7:2023-01-04 22:51:43,303:15452: Yes my_avgbuy_price unavailable
CRITICAL:strat7:2023-01-04 22:52:16,015:15453: No my_buy_price unavailable
CRITICAL:strat7:2023-01-04 22:52:18,208:15453: No my_buy_price unavailable
CRITICAL:strat7:2023-01-04 22:52:21,500:15453: No my_buy_price unavailable
CRITICAL:strat7:2023-01-04 22:52:23,799:15453: No my_buy_price unavailable
CRITICAL:strat7:2023-01-04 22:55:56,453:15449: Yes my_avgbuy_price unavailable
CRITICAL:strat7:2023-01-04 22:55:59,345:15449: Yes my_avgbuy_price unavailable
CRITICAL:strat7:2023-01-04 22:56:02,816:15449: Yes my_avgbuy_price unavailable
CRITICAL:strat7:2023-01-04 22:56:05,023:15449: Yes my_avgbuy_price unavailable
CRITICAL:strat7:2023-01-04 22:57:12,124:15451: Yes my_avgbuy_price unavailable
CRITICAL:strat7:2023-01-04 22:57:14,353:15451: Yes my_avgbuy_price unavailable
CRITICAL:strat7:2023-01-04 22:57:17,544:15451: Yes my_avgbuy_price unavailable
CRITICAL:strat7:2023-01-04 22:57:20,599:15451: Yes my_avgbuy_price unavailable
CRITICAL:strat7:2023-01-04 22:57:53,226:15452: Yes my_avgbuy_price unavailable
CRITICAL:strat7:2023-01-04 22:57:55,461:15452: Yes my_avgbuy_price unavailable
CRITICAL:strat7:2023-01-04 22:57:58,639:15452: Yes my_avgbuy_price unavailable
CRITICAL:strat7:2023-01-04 22:58:00,963:15452: Yes my_avgbuy_price unavailable
CRITICAL:strat7:2023-01-04 22:58:34,168:15453: No my_buy_price unavailable
CRITICAL:strat7:2023-01-04 22:58:36,364:15453: No my_buy_price unavailable
CRITICAL:strat7:2023-01-04 22:58:44,083:15453: No my_buy_price unavailable
CRITICAL:strat7:2023-01-04 22:58:46,302:15453: No my_buy_price unavailable
