INFO:strat7:2023-01-08 18:24:59,857:15846: Initialising event
WARNING:strat7:2023-01-08 18:26:00,222:15846: last_values_dict empty
INFO:strat7:2023-01-08 18:26:07,287:15847: Initialising event
CRITICAL:strat7:2023-01-08 18:26:43,886:15847: Yes my_avgbuy_price unavailable
CRITICAL:strat7:2023-01-08 18:26:46,178:15847: Yes my_avgbuy_price unavailable
WARNING:strat7:2023-01-08 18:26:47,515:15847: last_values_dict empty
INFO:strat7:2023-01-08 18:26:53,794:15848: Initialising event
CRITICAL:strat7:2023-01-08 18:27:27,330:15848: Yes my_avgbuy_price unavailable
CRITICAL:strat7:2023-01-08 18:27:29,663:15848: Yes my_avgbuy_price unavailable
WARNING:strat7:2023-01-08 18:27:30,932:15848: last_values_dict empty
INFO:strat7:2023-01-08 18:27:37,230:15849: Initialising event
CRITICAL:strat7:2023-01-08 18:28:07,648:15849: Yes my_avgbuy_price unavailable
CRITICAL:strat7:2023-01-08 18:28:09,898:15849: Yes my_avgbuy_price unavailable
WARNING:strat7:2023-01-08 18:28:11,187:15849: last_values_dict empty
INFO:strat7:2023-01-08 18:28:17,469:15850: Initialising event
CRITICAL:strat7:2023-01-08 18:28:51,670:15850: No my_buy_price unavailable
CRITICAL:strat7:2023-01-08 18:28:54,023:15850: No my_buy_price unavailable
WARNING:strat7:2023-01-08 18:28:55,295:15850: last_values_dict empty
INFO:strat7:2023-01-08 18:29:01,549:15851: Initialising event
CRITICAL:strat7:2023-01-08 18:29:36,568:15851: No my_buy_price unavailable
CRITICAL:strat7:2023-01-08 18:29:39,114:15851: No my_buy_price unavailable
WARNING:strat7:2023-01-08 18:29:40,430:15851: last_values_dict empty
INFO:strat7:2023-01-08 18:29:46,662:15852: Initialising event
WARNING:strat7:2023-01-08 18:30:20,932:15852: last_values_dict empty
INFO:strat7:2023-01-08 18:30:27,218:15853: Initialising event
WARNING:strat7:2023-01-08 18:31:05,203:15853: last_values_dict empty
CRITICAL:strat7:2023-01-08 18:32:25,835:15847: Yes my_avgbuy_price unavailable
CRITICAL:strat7:2023-01-08 18:32:28,325:15847: Yes my_avgbuy_price unavailable
CRITICAL:strat7:2023-01-08 18:32:31,636:15847: Yes my_avgbuy_price unavailable
CRITICAL:strat7:2023-01-08 18:32:33,977:15847: Yes my_avgbuy_price unavailable
CRITICAL:strat7:2023-01-08 18:33:09,165:15848: Yes my_avgbuy_price unavailable
CRITICAL:strat7:2023-01-08 18:33:11,516:15848: Yes my_avgbuy_price unavailable
CRITICAL:strat7:2023-01-08 18:33:14,758:15848: Yes my_avgbuy_price unavailable
CRITICAL:strat7:2023-01-08 18:33:16,992:15848: Yes my_avgbuy_price unavailable
CRITICAL:strat7:2023-01-08 18:33:50,446:15849: Yes my_avgbuy_price unavailable
CRITICAL:strat7:2023-01-08 18:33:52,707:15849: Yes my_avgbuy_price unavailable
CRITICAL:strat7:2023-01-08 18:33:55,532:15849: Yes my_avgbuy_price unavailable
CRITICAL:strat7:2023-01-08 18:33:57,862:15849: Yes my_avgbuy_price unavailable
CRITICAL:strat7:2023-01-08 18:34:32,111:15850: No my_buy_price unavailable
CRITICAL:strat7:2023-01-08 18:34:34,452:15850: No my_buy_price unavailable
CRITICAL:strat7:2023-01-08 18:34:41,072:15850: No my_buy_price unavailable
CRITICAL:strat7:2023-01-08 18:34:43,497:15850: No my_buy_price unavailable
CRITICAL:strat7:2023-01-08 18:35:19,222:15851: No my_buy_price unavailable
CRITICAL:strat7:2023-01-08 18:35:21,507:15851: No my_buy_price unavailable
CRITICAL:strat7:2023-01-08 18:35:24,792:15851: No my_buy_price unavailable
CRITICAL:strat7:2023-01-08 18:35:27,112:15851: No my_buy_price unavailable
CRITICAL:strat7:2023-01-08 18:39:15,256:15847: Yes my_avgbuy_price unavailable
CRITICAL:strat7:2023-01-08 18:39:17,530:15847: Yes my_avgbuy_price unavailable
CRITICAL:strat7:2023-01-08 18:39:20,834:15847: Yes my_avgbuy_price unavailable
CRITICAL:strat7:2023-01-08 18:39:23,102:15847: Yes my_avgbuy_price unavailable
CRITICAL:strat7:2023-01-08 18:39:58,340:15848: Yes my_avgbuy_price unavailable
CRITICAL:strat7:2023-01-08 18:40:00,739:15848: Yes my_avgbuy_price unavailable
CRITICAL:strat7:2023-01-08 18:40:04,994:15848: Yes my_avgbuy_price unavailable
CRITICAL:strat7:2023-01-08 18:40:07,274:15848: Yes my_avgbuy_price unavailable
CRITICAL:strat7:2023-01-08 18:40:41,738:15849: Yes my_avgbuy_price unavailable
CRITICAL:strat7:2023-01-08 18:40:44,021:15849: Yes my_avgbuy_price unavailable
CRITICAL:strat7:2023-01-08 18:40:46,591:15849: Yes my_avgbuy_price unavailable
CRITICAL:strat7:2023-01-08 18:40:48,814:15849: Yes my_avgbuy_price unavailable
CRITICAL:strat7:2023-01-08 18:41:27,160:15850: No my_buy_price unavailable
CRITICAL:strat7:2023-01-08 18:41:29,452:15850: No my_buy_price unavailable
CRITICAL:strat7:2023-01-08 18:41:32,716:15850: No my_buy_price unavailable
CRITICAL:strat7:2023-01-08 18:41:34,969:15850: No my_buy_price unavailable
CRITICAL:strat7:2023-01-08 18:42:09,763:15851: No my_buy_price unavailable
CRITICAL:strat7:2023-01-08 18:42:12,028:15851: No my_buy_price unavailable
CRITICAL:strat7:2023-01-08 18:42:15,722:15851: No my_buy_price unavailable
CRITICAL:strat7:2023-01-08 18:42:17,998:15851: No my_buy_price unavailable
CRITICAL:strat7:2023-01-08 18:45:46,075:15847: Yes my_avgbuy_price unavailable
CRITICAL:strat7:2023-01-08 18:45:48,407:15847: Yes my_avgbuy_price unavailable
CRITICAL:strat7:2023-01-08 18:45:51,854:15847: Yes my_avgbuy_price unavailable
CRITICAL:strat7:2023-01-08 18:45:54,291:15847: Yes my_avgbuy_price unavailable
CRITICAL:strat7:2023-01-08 18:46:26,907:15848: Yes my_avgbuy_price unavailable
CRITICAL:strat7:2023-01-08 18:46:29,236:15848: Yes my_avgbuy_price unavailable
CRITICAL:strat7:2023-01-08 18:46:32,485:15848: Yes my_avgbuy_price unavailable
CRITICAL:strat7:2023-01-08 18:46:34,788:15848: Yes my_avgbuy_price unavailable
CRITICAL:strat7:2023-01-08 18:47:15,230:15849: Yes my_avgbuy_price unavailable
CRITICAL:strat7:2023-01-08 18:47:17,557:15849: Yes my_avgbuy_price unavailable
CRITICAL:strat7:2023-01-08 18:47:20,832:15849: Yes my_avgbuy_price unavailable
CRITICAL:strat7:2023-01-08 18:47:23,227:15849: Yes my_avgbuy_price unavailable
CRITICAL:strat7:2023-01-08 18:47:57,160:15850: No my_buy_price unavailable
CRITICAL:strat7:2023-01-08 18:47:59,433:15850: No my_buy_price unavailable
CRITICAL:strat7:2023-01-08 18:48:03,023:15850: No my_buy_price unavailable
CRITICAL:strat7:2023-01-08 18:48:05,370:15850: No my_buy_price unavailable
CRITICAL:strat7:2023-01-08 18:48:43,690:15851: No my_buy_price unavailable
CRITICAL:strat7:2023-01-08 18:48:46,126:15851: No my_buy_price unavailable
CRITICAL:strat7:2023-01-08 18:48:49,400:15851: No my_buy_price unavailable
CRITICAL:strat7:2023-01-08 18:48:51,726:15851: No my_buy_price unavailable
CRITICAL:strat7:2023-01-08 18:52:33,856:15847: Yes my_avgbuy_price unavailable
CRITICAL:strat7:2023-01-08 18:52:36,100:15847: Yes my_avgbuy_price unavailable
CRITICAL:strat7:2023-01-08 18:52:39,321:15847: Yes my_avgbuy_price unavailable
CRITICAL:strat7:2023-01-08 18:52:41,532:15847: Yes my_avgbuy_price unavailable
CRITICAL:strat7:2023-01-08 18:53:17,251:15848: Yes my_avgbuy_price unavailable
CRITICAL:strat7:2023-01-08 18:53:19,522:15848: Yes my_avgbuy_price unavailable
CRITICAL:strat7:2023-01-08 18:53:22,751:15848: Yes my_avgbuy_price unavailable
CRITICAL:strat7:2023-01-08 18:53:25,084:15848: Yes my_avgbuy_price unavailable
CRITICAL:strat7:2023-01-08 18:53:57,471:15849: Yes my_avgbuy_price unavailable
CRITICAL:strat7:2023-01-08 18:53:59,810:15849: Yes my_avgbuy_price unavailable
CRITICAL:strat7:2023-01-08 18:54:03,090:15849: Yes my_avgbuy_price unavailable
CRITICAL:strat7:2023-01-08 18:54:05,389:15849: Yes my_avgbuy_price unavailable
CRITICAL:strat7:2023-01-08 18:54:41,394:15850: No my_buy_price unavailable
CRITICAL:strat7:2023-01-08 18:54:43,756:15850: No my_buy_price unavailable
CRITICAL:strat7:2023-01-08 18:54:47,031:15850: No my_buy_price unavailable
CRITICAL:strat7:2023-01-08 18:54:49,297:15850: No my_buy_price unavailable
CRITICAL:strat7:2023-01-08 18:55:24,073:15851: No my_buy_price unavailable
CRITICAL:strat7:2023-01-08 18:55:26,318:15851: No my_buy_price unavailable
CRITICAL:strat7:2023-01-08 18:55:29,742:15851: No my_buy_price unavailable
CRITICAL:strat7:2023-01-08 18:55:32,064:15851: No my_buy_price unavailable
CRITICAL:strat7:2023-01-08 18:59:01,165:15847: Yes my_avgbuy_price unavailable
CRITICAL:strat7:2023-01-08 18:59:03,477:15847: Yes my_avgbuy_price unavailable
CRITICAL:strat7:2023-01-08 18:59:06,750:15847: Yes my_avgbuy_price unavailable
CRITICAL:strat7:2023-01-08 18:59:08,999:15847: Yes my_avgbuy_price unavailable
CRITICAL:strat7:2023-01-08 18:59:42,570:15848: Yes my_avgbuy_price unavailable
CRITICAL:strat7:2023-01-08 18:59:44,860:15848: Yes my_avgbuy_price unavailable
CRITICAL:strat7:2023-01-08 18:59:48,181:15848: Yes my_avgbuy_price unavailable
CRITICAL:strat7:2023-01-08 18:59:50,463:15848: Yes my_avgbuy_price unavailable
CRITICAL:strat7:2023-01-08 19:00:30,313:15849: Yes my_avgbuy_price unavailable
CRITICAL:strat7:2023-01-08 19:00:32,625:15849: Yes my_avgbuy_price unavailable
CRITICAL:strat7:2023-01-08 19:00:35,934:15849: Yes my_avgbuy_price unavailable
CRITICAL:strat7:2023-01-08 19:00:38,241:15849: Yes my_avgbuy_price unavailable
CRITICAL:strat7:2023-01-08 19:01:11,240:15850: No my_buy_price unavailable
CRITICAL:strat7:2023-01-08 19:01:13,488:15850: No my_buy_price unavailable
CRITICAL:strat7:2023-01-08 19:01:16,789:15850: No my_buy_price unavailable
CRITICAL:strat7:2023-01-08 19:01:19,068:15850: No my_buy_price unavailable
CRITICAL:strat7:2023-01-08 19:01:54,045:15851: No my_buy_price unavailable
CRITICAL:strat7:2023-01-08 19:01:56,367:15851: No my_buy_price unavailable
CRITICAL:strat7:2023-01-08 19:01:59,654:15851: No my_buy_price unavailable
CRITICAL:strat7:2023-01-08 19:02:02,049:15851: No my_buy_price unavailable
CRITICAL:strat7:2023-01-08 19:05:29,784:15847: Yes my_avgbuy_price unavailable
CRITICAL:strat7:2023-01-08 19:05:32,088:15847: Yes my_avgbuy_price unavailable
CRITICAL:strat7:2023-01-08 19:05:35,400:15847: Yes my_avgbuy_price unavailable
CRITICAL:strat7:2023-01-08 19:05:37,669:15847: Yes my_avgbuy_price unavailable
CRITICAL:strat7:2023-01-08 19:06:10,820:15848: Yes my_avgbuy_price unavailable
CRITICAL:strat7:2023-01-08 19:06:13,126:15848: Yes my_avgbuy_price unavailable
CRITICAL:strat7:2023-01-08 19:06:16,363:15848: Yes my_avgbuy_price unavailable
CRITICAL:strat7:2023-01-08 19:06:18,655:15848: Yes my_avgbuy_price unavailable
CRITICAL:strat7:2023-01-08 19:06:52,927:15849: Yes my_avgbuy_price unavailable
CRITICAL:strat7:2023-01-08 19:06:56,308:15849: Yes my_avgbuy_price unavailable
CRITICAL:strat7:2023-01-08 19:06:59,635:15849: Yes my_avgbuy_price unavailable
CRITICAL:strat7:2023-01-08 19:07:02,035:15849: Yes my_avgbuy_price unavailable
CRITICAL:strat7:2023-01-08 19:07:36,731:15850: No my_buy_price unavailable
CRITICAL:strat7:2023-01-08 19:07:39,106:15850: No my_buy_price unavailable
CRITICAL:strat7:2023-01-08 19:07:42,403:15850: No my_buy_price unavailable
CRITICAL:strat7:2023-01-08 19:07:44,724:15850: No my_buy_price unavailable
CRITICAL:strat7:2023-01-08 19:08:21,564:15851: No my_buy_price unavailable
CRITICAL:strat7:2023-01-08 19:08:23,909:15851: No my_buy_price unavailable
CRITICAL:strat7:2023-01-08 19:08:27,224:15851: No my_buy_price unavailable
CRITICAL:strat7:2023-01-08 19:08:29,630:15851: No my_buy_price unavailable
CRITICAL:strat7:2023-01-08 19:12:07,866:15847: Yes my_avgbuy_price unavailable
CRITICAL:strat7:2023-01-08 19:12:10,206:15847: Yes my_avgbuy_price unavailable
CRITICAL:strat7:2023-01-08 19:12:13,550:15847: Yes my_avgbuy_price unavailable
CRITICAL:strat7:2023-01-08 19:12:15,878:15847: Yes my_avgbuy_price unavailable
CRITICAL:strat7:2023-01-08 19:12:52,054:15848: Yes my_avgbuy_price unavailable
CRITICAL:strat7:2023-01-08 19:12:54,442:15848: Yes my_avgbuy_price unavailable
CRITICAL:strat7:2023-01-08 19:12:57,725:15848: Yes my_avgbuy_price unavailable
CRITICAL:strat7:2023-01-08 19:13:00,105:15848: Yes my_avgbuy_price unavailable
CRITICAL:strat7:2023-01-08 19:13:33,614:15849: Yes my_avgbuy_price unavailable
CRITICAL:strat7:2023-01-08 19:13:35,859:15849: Yes my_avgbuy_price unavailable
CRITICAL:strat7:2023-01-08 19:13:39,171:15849: Yes my_avgbuy_price unavailable
CRITICAL:strat7:2023-01-08 19:13:41,519:15849: Yes my_avgbuy_price unavailable
CRITICAL:strat7:2023-01-08 19:14:16,347:15850: No my_buy_price unavailable
CRITICAL:strat7:2023-01-08 19:14:18,672:15850: No my_buy_price unavailable
CRITICAL:strat7:2023-01-08 19:14:21,946:15850: No my_buy_price unavailable
CRITICAL:strat7:2023-01-08 19:14:24,268:15850: No my_buy_price unavailable
CRITICAL:strat7:2023-01-08 19:15:00,828:15851: No my_buy_price unavailable
CRITICAL:strat7:2023-01-08 19:15:02,971:15851: No my_buy_price unavailable
CRITICAL:strat7:2023-01-08 19:15:06,637:15851: No my_buy_price unavailable
CRITICAL:strat7:2023-01-08 19:15:09,044:15851: No my_buy_price unavailable
CRITICAL:strat7:2023-01-08 19:18:38,153:15847: Yes my_avgbuy_price unavailable
CRITICAL:strat7:2023-01-08 19:18:40,561:15847: Yes my_avgbuy_price unavailable
CRITICAL:strat7:2023-01-08 19:18:43,815:15847: Yes my_avgbuy_price unavailable
CRITICAL:strat7:2023-01-08 19:18:46,095:15847: Yes my_avgbuy_price unavailable
CRITICAL:strat7:2023-01-08 19:19:22,478:15848: Yes my_avgbuy_price unavailable
CRITICAL:strat7:2023-01-08 19:19:24,845:15848: Yes my_avgbuy_price unavailable
CRITICAL:strat7:2023-01-08 19:19:28,111:15848: Yes my_avgbuy_price unavailable
CRITICAL:strat7:2023-01-08 19:19:30,526:15848: Yes my_avgbuy_price unavailable
CRITICAL:strat7:2023-01-08 19:20:08,916:15849: Yes my_avgbuy_price unavailable
CRITICAL:strat7:2023-01-08 19:20:11,212:15849: Yes my_avgbuy_price unavailable
CRITICAL:strat7:2023-01-08 19:20:41,543:15850: No my_buy_price unavailable
CRITICAL:strat7:2023-01-08 19:20:43,873:15850: No my_buy_price unavailable
CRITICAL:strat7:2023-01-08 19:20:47,201:15850: No my_buy_price unavailable
CRITICAL:strat7:2023-01-08 19:20:49,513:15850: No my_buy_price unavailable
CRITICAL:strat7:2023-01-08 19:21:25,876:15851: No my_buy_price unavailable
CRITICAL:strat7:2023-01-08 19:21:28,209:15851: No my_buy_price unavailable
CRITICAL:strat7:2023-01-08 19:21:31,544:15851: No my_buy_price unavailable
CRITICAL:strat7:2023-01-08 19:21:33,838:15851: No my_buy_price unavailable
CRITICAL:strat7:2023-01-08 19:25:01,063:15847: Yes my_avgbuy_price unavailable
CRITICAL:strat7:2023-01-08 19:25:03,555:15847: Yes my_avgbuy_price unavailable
CRITICAL:strat7:2023-01-08 19:25:06,899:15847: Yes my_avgbuy_price unavailable
CRITICAL:strat7:2023-01-08 19:25:09,204:15847: Yes my_avgbuy_price unavailable
CRITICAL:strat7:2023-01-08 19:25:43,947:15848: Yes my_avgbuy_price unavailable
CRITICAL:strat7:2023-01-08 19:25:46,275:15848: Yes my_avgbuy_price unavailable
CRITICAL:strat7:2023-01-08 19:25:49,585:15848: Yes my_avgbuy_price unavailable
CRITICAL:strat7:2023-01-08 19:25:51,974:15848: Yes my_avgbuy_price unavailable
CRITICAL:strat7:2023-01-08 19:26:27,377:15849: Yes my_avgbuy_price unavailable
CRITICAL:strat7:2023-01-08 19:26:29,725:15849: Yes my_avgbuy_price unavailable
CRITICAL:strat7:2023-01-08 19:26:32,376:15849: Yes my_avgbuy_price unavailable
CRITICAL:strat7:2023-01-08 19:26:34,808:15849: Yes my_avgbuy_price unavailable
CRITICAL:strat7:2023-01-08 19:27:13,183:15850: No my_buy_price unavailable
CRITICAL:strat7:2023-01-08 19:27:15,580:15850: No my_buy_price unavailable
CRITICAL:strat7:2023-01-08 19:27:18,826:15850: No my_buy_price unavailable
CRITICAL:strat7:2023-01-08 19:27:21,157:15850: No my_buy_price unavailable
CRITICAL:strat7:2023-01-08 19:27:55,539:15851: No my_buy_price unavailable
CRITICAL:strat7:2023-01-08 19:27:57,799:15851: No my_buy_price unavailable
CRITICAL:strat7:2023-01-08 19:28:01,048:15851: No my_buy_price unavailable
CRITICAL:strat7:2023-01-08 19:28:03,379:15851: No my_buy_price unavailable
CRITICAL:strat7:2023-01-08 19:31:29,046:15847: Yes my_avgbuy_price unavailable
CRITICAL:strat7:2023-01-08 19:31:31,335:15847: Yes my_avgbuy_price unavailable
CRITICAL:strat7:2023-01-08 19:31:34,757:15847: Yes my_avgbuy_price unavailable
CRITICAL:strat7:2023-01-08 19:31:37,042:15847: Yes my_avgbuy_price unavailable
CRITICAL:strat7:2023-01-08 19:32:12,921:15848: Yes my_avgbuy_price unavailable
CRITICAL:strat7:2023-01-08 19:32:15,206:15848: Yes my_avgbuy_price unavailable
CRITICAL:strat7:2023-01-08 19:32:18,523:15848: Yes my_avgbuy_price unavailable
CRITICAL:strat7:2023-01-08 19:32:20,902:15848: Yes my_avgbuy_price unavailable
CRITICAL:strat7:2023-01-08 19:32:57,740:15849: Yes my_avgbuy_price unavailable
CRITICAL:strat7:2023-01-08 19:33:00,740:15849: Yes my_avgbuy_price unavailable
CRITICAL:strat7:2023-01-08 19:33:04,163:15849: Yes my_avgbuy_price unavailable
CRITICAL:strat7:2023-01-08 19:33:06,491:15849: Yes my_avgbuy_price unavailable
CRITICAL:strat7:2023-01-08 19:33:41,565:15850: No my_buy_price unavailable
CRITICAL:strat7:2023-01-08 19:33:43,890:15850: No my_buy_price unavailable
CRITICAL:strat7:2023-01-08 19:33:47,101:15850: No my_buy_price unavailable
CRITICAL:strat7:2023-01-08 19:33:49,418:15850: No my_buy_price unavailable
CRITICAL:strat7:2023-01-08 19:34:24,479:15851: No my_buy_price unavailable
CRITICAL:strat7:2023-01-08 19:34:26,828:15851: No my_buy_price unavailable
CRITICAL:strat7:2023-01-08 19:34:30,488:15851: No my_buy_price unavailable
CRITICAL:strat7:2023-01-08 19:34:32,925:15851: No my_buy_price unavailable
CRITICAL:strat7:2023-01-08 19:38:07,819:15847: Yes my_avgbuy_price unavailable
CRITICAL:strat7:2023-01-08 19:38:10,088:15847: Yes my_avgbuy_price unavailable
CRITICAL:strat7:2023-01-08 19:38:13,417:15847: Yes my_avgbuy_price unavailable
CRITICAL:strat7:2023-01-08 19:38:15,775:15847: Yes my_avgbuy_price unavailable
CRITICAL:strat7:2023-01-08 19:38:50,402:15848: Yes my_avgbuy_price unavailable
CRITICAL:strat7:2023-01-08 19:38:53,253:15848: Yes my_avgbuy_price unavailable
CRITICAL:strat7:2023-01-08 19:38:56,553:15848: Yes my_avgbuy_price unavailable
CRITICAL:strat7:2023-01-08 19:39:01,053:15848: Yes my_avgbuy_price unavailable
CRITICAL:strat7:2023-01-08 19:39:39,939:15849: Yes my_avgbuy_price unavailable
CRITICAL:strat7:2023-01-08 19:39:42,291:15849: Yes my_avgbuy_price unavailable
CRITICAL:strat7:2023-01-08 19:39:45,609:15849: Yes my_avgbuy_price unavailable
CRITICAL:strat7:2023-01-08 19:39:47,899:15849: Yes my_avgbuy_price unavailable
CRITICAL:strat7:2023-01-08 19:40:22,474:15850: No my_buy_price unavailable
CRITICAL:strat7:2023-01-08 19:40:24,836:15850: No my_buy_price unavailable
CRITICAL:strat7:2023-01-08 19:40:29,531:15850: No my_buy_price unavailable
CRITICAL:strat7:2023-01-08 19:40:31,833:15850: No my_buy_price unavailable
CRITICAL:strat7:2023-01-08 19:41:06,496:15851: No my_buy_price unavailable
CRITICAL:strat7:2023-01-08 19:41:08,816:15851: No my_buy_price unavailable
CRITICAL:strat7:2023-01-08 19:41:12,201:15851: No my_buy_price unavailable
CRITICAL:strat7:2023-01-08 19:41:14,600:15851: No my_buy_price unavailable
CRITICAL:strat7:2023-01-08 19:44:40,894:15847: Yes my_avgbuy_price unavailable
CRITICAL:strat7:2023-01-08 19:44:43,352:15847: Yes my_avgbuy_price unavailable
CRITICAL:strat7:2023-01-08 19:44:46,695:15847: Yes my_avgbuy_price unavailable
CRITICAL:strat7:2023-01-08 19:44:49,023:15847: Yes my_avgbuy_price unavailable
CRITICAL:strat7:2023-01-08 19:45:22,881:15848: Yes my_avgbuy_price unavailable
CRITICAL:strat7:2023-01-08 19:45:25,148:15848: Yes my_avgbuy_price unavailable
CRITICAL:strat7:2023-01-08 19:45:28,474:15848: Yes my_avgbuy_price unavailable
CRITICAL:strat7:2023-01-08 19:45:30,799:15848: Yes my_avgbuy_price unavailable
CRITICAL:strat7:2023-01-08 19:46:05,661:15849: Yes my_avgbuy_price unavailable
CRITICAL:strat7:2023-01-08 19:46:07,963:15849: Yes my_avgbuy_price unavailable
CRITICAL:strat7:2023-01-08 19:46:11,312:15849: Yes my_avgbuy_price unavailable
CRITICAL:strat7:2023-01-08 19:46:14,988:15849: Yes my_avgbuy_price unavailable
CRITICAL:strat7:2023-01-08 19:46:49,860:15850: No my_buy_price unavailable
CRITICAL:strat7:2023-01-08 19:46:52,088:15850: No my_buy_price unavailable
CRITICAL:strat7:2023-01-08 19:46:55,483:15850: No my_buy_price unavailable
CRITICAL:strat7:2023-01-08 19:46:57,846:15850: No my_buy_price unavailable
CRITICAL:strat7:2023-01-08 19:47:33,846:15851: No my_buy_price unavailable
CRITICAL:strat7:2023-01-08 19:47:36,150:15851: No my_buy_price unavailable
CRITICAL:strat7:2023-01-08 19:47:39,504:15851: No my_buy_price unavailable
CRITICAL:strat7:2023-01-08 19:47:41,804:15851: No my_buy_price unavailable
CRITICAL:strat7:2023-01-08 19:51:05,999:15847: Yes my_avgbuy_price unavailable
CRITICAL:strat7:2023-01-08 19:51:08,309:15847: Yes my_avgbuy_price unavailable
CRITICAL:strat7:2023-01-08 19:51:11,711:15847: Yes my_avgbuy_price unavailable
CRITICAL:strat7:2023-01-08 19:51:13,894:15847: Yes my_avgbuy_price unavailable
CRITICAL:strat7:2023-01-08 19:51:48,462:15848: Yes my_avgbuy_price unavailable
CRITICAL:strat7:2023-01-08 19:51:50,778:15848: Yes my_avgbuy_price unavailable
CRITICAL:strat7:2023-01-08 19:51:54,041:15848: Yes my_avgbuy_price unavailable
CRITICAL:strat7:2023-01-08 19:51:56,394:15848: Yes my_avgbuy_price unavailable
CRITICAL:strat7:2023-01-08 19:52:32,502:15849: Yes my_avgbuy_price unavailable
CRITICAL:strat7:2023-01-08 19:52:34,846:15849: Yes my_avgbuy_price unavailable
CRITICAL:strat7:2023-01-08 19:52:38,666:15849: Yes my_avgbuy_price unavailable
CRITICAL:strat7:2023-01-08 19:52:41,052:15849: Yes my_avgbuy_price unavailable
CRITICAL:strat7:2023-01-08 19:53:16,424:15850: No my_buy_price unavailable
CRITICAL:strat7:2023-01-08 19:53:18,822:15850: No my_buy_price unavailable
CRITICAL:strat7:2023-01-08 19:53:22,382:15850: No my_buy_price unavailable
CRITICAL:strat7:2023-01-08 19:53:24,752:15850: No my_buy_price unavailable
CRITICAL:strat7:2023-01-08 19:53:59,832:15851: No my_buy_price unavailable
CRITICAL:strat7:2023-01-08 19:54:02,160:15851: No my_buy_price unavailable
CRITICAL:strat7:2023-01-08 19:54:05,467:15851: No my_buy_price unavailable
CRITICAL:strat7:2023-01-08 19:54:07,871:15851: No my_buy_price unavailable
CRITICAL:strat7:2023-01-08 19:57:34,168:15847: Yes my_avgbuy_price unavailable
CRITICAL:strat7:2023-01-08 19:57:36,453:15847: Yes my_avgbuy_price unavailable
CRITICAL:strat7:2023-01-08 19:57:39,805:15847: Yes my_avgbuy_price unavailable
CRITICAL:strat7:2023-01-08 19:57:42,081:15847: Yes my_avgbuy_price unavailable
CRITICAL:strat7:2023-01-08 19:58:16,645:15848: Yes my_avgbuy_price unavailable
CRITICAL:strat7:2023-01-08 19:58:19,521:15848: Yes my_avgbuy_price unavailable
CRITICAL:strat7:2023-01-08 19:58:23,158:15848: Yes my_avgbuy_price unavailable
CRITICAL:strat7:2023-01-08 19:58:25,804:15848: Yes my_avgbuy_price unavailable
CRITICAL:strat7:2023-01-08 19:58:58,890:15849: Yes my_avgbuy_price unavailable
CRITICAL:strat7:2023-01-08 19:59:01,477:15849: Yes my_avgbuy_price unavailable
CRITICAL:strat7:2023-01-08 19:59:05,508:15849: Yes my_avgbuy_price unavailable
CRITICAL:strat7:2023-01-08 19:59:07,867:15849: Yes my_avgbuy_price unavailable
CRITICAL:strat7:2023-01-08 19:59:39,152:15850: No my_buy_price unavailable
CRITICAL:strat7:2023-01-08 19:59:41,617:15850: No my_buy_price unavailable
CRITICAL:strat7:2023-01-08 19:59:45,612:15850: No my_buy_price unavailable
CRITICAL:strat7:2023-01-08 19:59:48,591:15850: No my_buy_price unavailable
CRITICAL:strat7:2023-01-08 20:00:25,614:15851: No my_buy_price unavailable
CRITICAL:strat7:2023-01-08 20:00:28,212:15851: No my_buy_price unavailable
CRITICAL:strat7:2023-01-08 20:00:32,118:15851: No my_buy_price unavailable
CRITICAL:strat7:2023-01-08 20:00:34,985:15851: No my_buy_price unavailable
CRITICAL:strat7:2023-01-08 20:04:01,965:15847: Yes my_avgbuy_price unavailable
CRITICAL:strat7:2023-01-08 20:04:04,266:15847: Yes my_avgbuy_price unavailable
CRITICAL:strat7:2023-01-08 20:04:07,562:15847: Yes my_avgbuy_price unavailable
CRITICAL:strat7:2023-01-08 20:04:09,880:15847: Yes my_avgbuy_price unavailable
CRITICAL:strat7:2023-01-08 20:04:44,907:15848: Yes my_avgbuy_price unavailable
CRITICAL:strat7:2023-01-08 20:04:48,161:15848: Yes my_avgbuy_price unavailable
CRITICAL:strat7:2023-01-08 20:04:51,524:15848: Yes my_avgbuy_price unavailable
CRITICAL:strat7:2023-01-08 20:04:54,779:15848: Yes my_avgbuy_price unavailable
CRITICAL:strat7:2023-01-08 20:05:30,247:15849: Yes my_avgbuy_price unavailable
CRITICAL:strat7:2023-01-08 20:05:32,606:15849: Yes my_avgbuy_price unavailable
CRITICAL:strat7:2023-01-08 20:05:35,903:15849: Yes my_avgbuy_price unavailable
CRITICAL:strat7:2023-01-08 20:05:38,204:15849: Yes my_avgbuy_price unavailable
CRITICAL:strat7:2023-01-08 20:06:14,460:15850: No my_buy_price unavailable
CRITICAL:strat7:2023-01-08 20:06:16,807:15850: No my_buy_price unavailable
CRITICAL:strat7:2023-01-08 20:06:20,028:15850: No my_buy_price unavailable
CRITICAL:strat7:2023-01-08 20:06:22,369:15850: No my_buy_price unavailable
CRITICAL:strat7:2023-01-08 20:06:57,612:15851: No my_buy_price unavailable
CRITICAL:strat7:2023-01-08 20:06:59,904:15851: No my_buy_price unavailable
CRITICAL:strat7:2023-01-08 20:07:03,668:15851: No my_buy_price unavailable
CRITICAL:strat7:2023-01-08 20:07:06,054:15851: No my_buy_price unavailable
CRITICAL:strat7:2023-01-08 20:10:31,991:15847: Yes my_avgbuy_price unavailable
CRITICAL:strat7:2023-01-08 20:10:34,320:15847: Yes my_avgbuy_price unavailable
CRITICAL:strat7:2023-01-08 20:10:37,638:15847: Yes my_avgbuy_price unavailable
CRITICAL:strat7:2023-01-08 20:10:39,928:15847: Yes my_avgbuy_price unavailable
CRITICAL:strat7:2023-01-08 20:11:15,995:15848: Yes my_avgbuy_price unavailable
CRITICAL:strat7:2023-01-08 20:11:19,243:15848: Yes my_avgbuy_price unavailable
CRITICAL:strat7:2023-01-08 20:11:22,536:15848: Yes my_avgbuy_price unavailable
CRITICAL:strat7:2023-01-08 20:11:24,860:15848: Yes my_avgbuy_price unavailable
CRITICAL:strat7:2023-01-08 20:11:59,469:15849: Yes my_avgbuy_price unavailable
CRITICAL:strat7:2023-01-08 20:12:01,900:15849: Yes my_avgbuy_price unavailable
CRITICAL:strat7:2023-01-08 20:12:05,245:15849: Yes my_avgbuy_price unavailable
CRITICAL:strat7:2023-01-08 20:12:07,607:15849: Yes my_avgbuy_price unavailable
CRITICAL:strat7:2023-01-08 20:12:42,718:15850: No my_buy_price unavailable
CRITICAL:strat7:2023-01-08 20:12:45,015:15850: No my_buy_price unavailable
CRITICAL:strat7:2023-01-08 20:12:48,385:15850: No my_buy_price unavailable
CRITICAL:strat7:2023-01-08 20:12:50,730:15850: No my_buy_price unavailable
CRITICAL:strat7:2023-01-08 20:13:25,545:15851: No my_buy_price unavailable
CRITICAL:strat7:2023-01-08 20:13:27,860:15851: No my_buy_price unavailable
CRITICAL:strat7:2023-01-08 20:13:31,224:15851: No my_buy_price unavailable
CRITICAL:strat7:2023-01-08 20:13:33,554:15851: No my_buy_price unavailable
CRITICAL:strat7:2023-01-08 20:17:01,202:15847: Yes my_avgbuy_price unavailable
CRITICAL:strat7:2023-01-08 20:17:03,531:15847: Yes my_avgbuy_price unavailable
CRITICAL:strat7:2023-01-08 20:17:06,822:15847: Yes my_avgbuy_price unavailable
CRITICAL:strat7:2023-01-08 20:17:09,122:15847: Yes my_avgbuy_price unavailable
CRITICAL:strat7:2023-01-08 20:17:44,044:15848: Yes my_avgbuy_price unavailable
CRITICAL:strat7:2023-01-08 20:17:46,501:15848: Yes my_avgbuy_price unavailable
CRITICAL:strat7:2023-01-08 20:17:49,814:15848: Yes my_avgbuy_price unavailable
CRITICAL:strat7:2023-01-08 20:17:52,129:15848: Yes my_avgbuy_price unavailable
CRITICAL:strat7:2023-01-08 20:18:26,908:15849: Yes my_avgbuy_price unavailable
CRITICAL:strat7:2023-01-08 20:18:29,313:15849: Yes my_avgbuy_price unavailable
CRITICAL:strat7:2023-01-08 20:18:32,799:15849: Yes my_avgbuy_price unavailable
CRITICAL:strat7:2023-01-08 20:18:35,410:15849: Yes my_avgbuy_price unavailable
CRITICAL:strat7:2023-01-08 20:19:10,931:15850: No my_buy_price unavailable
CRITICAL:strat7:2023-01-08 20:19:13,198:15850: No my_buy_price unavailable
CRITICAL:strat7:2023-01-08 20:19:16,619:15850: No my_buy_price unavailable
CRITICAL:strat7:2023-01-08 20:19:18,916:15850: No my_buy_price unavailable
CRITICAL:strat7:2023-01-08 20:19:53,930:15851: No my_buy_price unavailable
CRITICAL:strat7:2023-01-08 20:19:56,445:15851: No my_buy_price unavailable
CRITICAL:strat7:2023-01-08 20:19:59,807:15851: No my_buy_price unavailable
CRITICAL:strat7:2023-01-08 20:20:02,098:15851: No my_buy_price unavailable
CRITICAL:strat7:2023-01-08 20:23:33,983:15847: Yes my_avgbuy_price unavailable
CRITICAL:strat7:2023-01-08 20:23:36,322:15847: Yes my_avgbuy_price unavailable
CRITICAL:strat7:2023-01-08 20:23:39,673:15847: Yes my_avgbuy_price unavailable
CRITICAL:strat7:2023-01-08 20:23:41,972:15847: Yes my_avgbuy_price unavailable
CRITICAL:strat7:2023-01-08 20:24:17,168:15848: Yes my_avgbuy_price unavailable
CRITICAL:strat7:2023-01-08 20:24:19,440:15848: Yes my_avgbuy_price unavailable
CRITICAL:strat7:2023-01-08 20:24:22,810:15848: Yes my_avgbuy_price unavailable
CRITICAL:strat7:2023-01-08 20:24:25,105:15848: Yes my_avgbuy_price unavailable
CRITICAL:strat7:2023-01-08 20:24:59,919:15849: Yes my_avgbuy_price unavailable
CRITICAL:strat7:2023-01-08 20:25:02,403:15849: Yes my_avgbuy_price unavailable
CRITICAL:strat7:2023-01-08 20:25:05,783:15849: Yes my_avgbuy_price unavailable
CRITICAL:strat7:2023-01-08 20:25:08,150:15849: Yes my_avgbuy_price unavailable
CRITICAL:strat7:2023-01-08 20:25:44,621:15850: No my_buy_price unavailable
CRITICAL:strat7:2023-01-08 20:25:46,954:15850: No my_buy_price unavailable
CRITICAL:strat7:2023-01-08 20:25:50,213:15850: No my_buy_price unavailable
CRITICAL:strat7:2023-01-08 20:25:52,640:15850: No my_buy_price unavailable
CRITICAL:strat7:2023-01-08 20:26:28,105:15851: No my_buy_price unavailable
CRITICAL:strat7:2023-01-08 20:26:30,538:15851: No my_buy_price unavailable
CRITICAL:strat7:2023-01-08 20:26:33,862:15851: No my_buy_price unavailable
CRITICAL:strat7:2023-01-08 20:26:36,188:15851: No my_buy_price unavailable
CRITICAL:strat7:2023-01-08 20:29:59,940:15847: Yes my_avgbuy_price unavailable
CRITICAL:strat7:2023-01-08 20:30:02,673:15847: Yes my_avgbuy_price unavailable
CRITICAL:strat7:2023-01-08 20:30:06,356:15847: Yes my_avgbuy_price unavailable
CRITICAL:strat7:2023-01-08 20:30:08,851:15847: Yes my_avgbuy_price unavailable
CRITICAL:strat7:2023-01-08 20:30:44,426:15848: Yes my_avgbuy_price unavailable
CRITICAL:strat7:2023-01-08 20:30:46,817:15848: Yes my_avgbuy_price unavailable
CRITICAL:strat7:2023-01-08 20:30:50,100:15848: Yes my_avgbuy_price unavailable
CRITICAL:strat7:2023-01-08 20:30:52,593:15848: Yes my_avgbuy_price unavailable
CRITICAL:strat7:2023-01-08 20:31:27,618:15849: Yes my_avgbuy_price unavailable
CRITICAL:strat7:2023-01-08 20:31:29,995:15849: Yes my_avgbuy_price unavailable
CRITICAL:strat7:2023-01-08 20:31:33,284:15849: Yes my_avgbuy_price unavailable
CRITICAL:strat7:2023-01-08 20:31:36,778:15849: Yes my_avgbuy_price unavailable
CRITICAL:strat7:2023-01-08 20:32:11,864:15850: No my_buy_price unavailable
CRITICAL:strat7:2023-01-08 20:32:14,190:15850: No my_buy_price unavailable
CRITICAL:strat7:2023-01-08 20:32:17,517:15850: No my_buy_price unavailable
CRITICAL:strat7:2023-01-08 20:32:19,861:15850: No my_buy_price unavailable
CRITICAL:strat7:2023-01-08 20:32:53,894:15851: No my_buy_price unavailable
CRITICAL:strat7:2023-01-08 20:32:56,183:15851: No my_buy_price unavailable
CRITICAL:strat7:2023-01-08 20:32:59,552:15851: No my_buy_price unavailable
CRITICAL:strat7:2023-01-08 20:33:01,898:15851: No my_buy_price unavailable
CRITICAL:strat7:2023-01-08 20:36:26,780:15847: Yes my_avgbuy_price unavailable
CRITICAL:strat7:2023-01-08 20:36:29,083:15847: Yes my_avgbuy_price unavailable
CRITICAL:strat7:2023-01-08 20:36:32,499:15847: Yes my_avgbuy_price unavailable
CRITICAL:strat7:2023-01-08 20:36:34,860:15847: Yes my_avgbuy_price unavailable
CRITICAL:strat7:2023-01-08 20:37:10,137:15848: Yes my_avgbuy_price unavailable
CRITICAL:strat7:2023-01-08 20:37:12,407:15848: Yes my_avgbuy_price unavailable
CRITICAL:strat7:2023-01-08 20:37:15,763:15848: Yes my_avgbuy_price unavailable
CRITICAL:strat7:2023-01-08 20:37:18,008:15848: Yes my_avgbuy_price unavailable
CRITICAL:strat7:2023-01-08 20:37:53,379:15849: Yes my_avgbuy_price unavailable
CRITICAL:strat7:2023-01-08 20:37:55,829:15849: Yes my_avgbuy_price unavailable
CRITICAL:strat7:2023-01-08 20:37:59,108:15849: Yes my_avgbuy_price unavailable
CRITICAL:strat7:2023-01-08 20:38:01,463:15849: Yes my_avgbuy_price unavailable
CRITICAL:strat7:2023-01-08 20:38:37,058:15850: No my_buy_price unavailable
CRITICAL:strat7:2023-01-08 20:38:39,340:15850: No my_buy_price unavailable
CRITICAL:strat7:2023-01-08 20:38:42,749:15850: No my_buy_price unavailable
CRITICAL:strat7:2023-01-08 20:38:45,090:15850: No my_buy_price unavailable
CRITICAL:strat7:2023-01-08 20:39:20,172:15851: No my_buy_price unavailable
CRITICAL:strat7:2023-01-08 20:39:22,537:15851: No my_buy_price unavailable
CRITICAL:strat7:2023-01-08 20:39:25,787:15851: No my_buy_price unavailable
CRITICAL:strat7:2023-01-08 20:39:28,110:15851: No my_buy_price unavailable
CRITICAL:strat7:2023-01-08 20:42:55,923:15847: Yes my_avgbuy_price unavailable
CRITICAL:strat7:2023-01-08 20:42:58,215:15847: Yes my_avgbuy_price unavailable
CRITICAL:strat7:2023-01-08 20:43:01,526:15847: Yes my_avgbuy_price unavailable
CRITICAL:strat7:2023-01-08 20:43:03,879:15847: Yes my_avgbuy_price unavailable
CRITICAL:strat7:2023-01-08 20:43:38,060:15848: Yes my_avgbuy_price unavailable
CRITICAL:strat7:2023-01-08 20:43:40,471:15848: Yes my_avgbuy_price unavailable
CRITICAL:strat7:2023-01-08 20:43:43,887:15848: Yes my_avgbuy_price unavailable
CRITICAL:strat7:2023-01-08 20:43:46,191:15848: Yes my_avgbuy_price unavailable
CRITICAL:strat7:2023-01-08 20:44:22,170:15849: Yes my_avgbuy_price unavailable
CRITICAL:strat7:2023-01-08 20:44:24,530:15849: Yes my_avgbuy_price unavailable
CRITICAL:strat7:2023-01-08 20:44:27,805:15849: Yes my_avgbuy_price unavailable
CRITICAL:strat7:2023-01-08 20:44:30,137:15849: Yes my_avgbuy_price unavailable
CRITICAL:strat7:2023-01-08 20:45:04,488:15850: No my_buy_price unavailable
CRITICAL:strat7:2023-01-08 20:45:06,884:15850: No my_buy_price unavailable
CRITICAL:strat7:2023-01-08 20:45:10,200:15850: No my_buy_price unavailable
CRITICAL:strat7:2023-01-08 20:45:12,491:15850: No my_buy_price unavailable
CRITICAL:strat7:2023-01-08 20:45:49,007:15851: No my_buy_price unavailable
CRITICAL:strat7:2023-01-08 20:45:52,443:15851: No my_buy_price unavailable
CRITICAL:strat7:2023-01-08 20:45:55,975:15851: No my_buy_price unavailable
CRITICAL:strat7:2023-01-08 20:45:58,302:15851: No my_buy_price unavailable
CRITICAL:strat7:2023-01-08 20:49:24,152:15847: Yes my_avgbuy_price unavailable
CRITICAL:strat7:2023-01-08 20:49:26,410:15847: Yes my_avgbuy_price unavailable
CRITICAL:strat7:2023-01-08 20:49:29,704:15847: Yes my_avgbuy_price unavailable
CRITICAL:strat7:2023-01-08 20:49:31,982:15847: Yes my_avgbuy_price unavailable
CRITICAL:strat7:2023-01-08 20:50:06,097:15848: Yes my_avgbuy_price unavailable
CRITICAL:strat7:2023-01-08 20:50:08,404:15848: Yes my_avgbuy_price unavailable
CRITICAL:strat7:2023-01-08 20:50:11,778:15848: Yes my_avgbuy_price unavailable
CRITICAL:strat7:2023-01-08 20:50:14,107:15848: Yes my_avgbuy_price unavailable
CRITICAL:strat7:2023-01-08 20:50:48,967:15849: Yes my_avgbuy_price unavailable
CRITICAL:strat7:2023-01-08 20:50:51,282:15849: Yes my_avgbuy_price unavailable
CRITICAL:strat7:2023-01-08 20:50:54,947:15849: Yes my_avgbuy_price unavailable
CRITICAL:strat7:2023-01-08 20:50:57,532:15849: Yes my_avgbuy_price unavailable
CRITICAL:strat7:2023-01-08 20:51:33,809:15850: No my_buy_price unavailable
CRITICAL:strat7:2023-01-08 20:51:36,226:15850: No my_buy_price unavailable
CRITICAL:strat7:2023-01-08 20:51:39,585:15850: No my_buy_price unavailable
CRITICAL:strat7:2023-01-08 20:51:41,864:15850: No my_buy_price unavailable
CRITICAL:strat7:2023-01-08 20:52:16,485:15851: No my_buy_price unavailable
CRITICAL:strat7:2023-01-08 20:52:18,832:15851: No my_buy_price unavailable
CRITICAL:strat7:2023-01-08 20:52:22,167:15851: No my_buy_price unavailable
CRITICAL:strat7:2023-01-08 20:52:24,533:15851: No my_buy_price unavailable
CRITICAL:strat7:2023-01-08 20:55:50,842:15847: Yes my_avgbuy_price unavailable
CRITICAL:strat7:2023-01-08 20:55:53,308:15847: Yes my_avgbuy_price unavailable
CRITICAL:strat7:2023-01-08 20:55:56,635:15847: Yes my_avgbuy_price unavailable
CRITICAL:strat7:2023-01-08 20:55:58,920:15847: Yes my_avgbuy_price unavailable
CRITICAL:strat7:2023-01-08 20:56:33,597:15848: Yes my_avgbuy_price unavailable
CRITICAL:strat7:2023-01-08 20:56:36,059:15848: Yes my_avgbuy_price unavailable
CRITICAL:strat7:2023-01-08 20:56:39,468:15848: Yes my_avgbuy_price unavailable
CRITICAL:strat7:2023-01-08 20:56:41,837:15848: Yes my_avgbuy_price unavailable
CRITICAL:strat7:2023-01-08 20:57:15,966:15849: Yes my_avgbuy_price unavailable
CRITICAL:strat7:2023-01-08 20:57:18,324:15849: Yes my_avgbuy_price unavailable
CRITICAL:strat7:2023-01-08 20:57:21,852:15849: Yes my_avgbuy_price unavailable
CRITICAL:strat7:2023-01-08 20:57:24,333:15849: Yes my_avgbuy_price unavailable
CRITICAL:strat7:2023-01-08 20:58:01,325:15850: No my_buy_price unavailable
CRITICAL:strat7:2023-01-08 20:58:03,746:15850: No my_buy_price unavailable
CRITICAL:strat7:2023-01-08 20:58:07,098:15850: No my_buy_price unavailable
CRITICAL:strat7:2023-01-08 20:58:09,385:15850: No my_buy_price unavailable
CRITICAL:strat7:2023-01-08 20:58:44,192:15851: No my_buy_price unavailable
CRITICAL:strat7:2023-01-08 20:58:46,564:15851: No my_buy_price unavailable
CRITICAL:strat7:2023-01-08 20:58:49,847:15851: No my_buy_price unavailable
CRITICAL:strat7:2023-01-08 20:58:52,146:15851: No my_buy_price unavailable
CRITICAL:strat7:2023-01-08 21:02:14,562:15847: Yes my_avgbuy_price unavailable
CRITICAL:strat7:2023-01-08 21:02:16,860:15847: Yes my_avgbuy_price unavailable
CRITICAL:strat7:2023-01-08 21:02:20,169:15847: Yes my_avgbuy_price unavailable
CRITICAL:strat7:2023-01-08 21:02:22,448:15847: Yes my_avgbuy_price unavailable
CRITICAL:strat7:2023-01-08 21:02:57,011:15848: Yes my_avgbuy_price unavailable
CRITICAL:strat7:2023-01-08 21:02:59,269:15848: Yes my_avgbuy_price unavailable
CRITICAL:strat7:2023-01-08 21:03:02,731:15848: Yes my_avgbuy_price unavailable
CRITICAL:strat7:2023-01-08 21:03:04,984:15848: Yes my_avgbuy_price unavailable
CRITICAL:strat7:2023-01-08 21:03:40,018:15849: Yes my_avgbuy_price unavailable
CRITICAL:strat7:2023-01-08 21:03:42,408:15849: Yes my_avgbuy_price unavailable
CRITICAL:strat7:2023-01-08 21:03:45,797:15849: Yes my_avgbuy_price unavailable
CRITICAL:strat7:2023-01-08 21:03:48,129:15849: Yes my_avgbuy_price unavailable
CRITICAL:strat7:2023-01-08 21:04:22,946:15850: No my_buy_price unavailable
CRITICAL:strat7:2023-01-08 21:04:25,185:15850: No my_buy_price unavailable
CRITICAL:strat7:2023-01-08 21:04:28,536:15850: No my_buy_price unavailable
CRITICAL:strat7:2023-01-08 21:04:30,902:15850: No my_buy_price unavailable
CRITICAL:strat7:2023-01-08 21:05:06,870:15851: No my_buy_price unavailable
CRITICAL:strat7:2023-01-08 21:05:09,138:15851: No my_buy_price unavailable
CRITICAL:strat7:2023-01-08 21:05:13,239:15851: No my_buy_price unavailable
CRITICAL:strat7:2023-01-08 21:05:15,529:15851: No my_buy_price unavailable
CRITICAL:strat7:2023-01-08 21:08:42,899:15847: Yes my_avgbuy_price unavailable
CRITICAL:strat7:2023-01-08 21:08:45,238:15847: Yes my_avgbuy_price unavailable
CRITICAL:strat7:2023-01-08 21:08:48,529:15847: Yes my_avgbuy_price unavailable
CRITICAL:strat7:2023-01-08 21:08:50,821:15847: Yes my_avgbuy_price unavailable
CRITICAL:strat7:2023-01-08 21:09:25,854:15848: Yes my_avgbuy_price unavailable
CRITICAL:strat7:2023-01-08 21:09:28,198:15848: Yes my_avgbuy_price unavailable
CRITICAL:strat7:2023-01-08 21:09:32,457:15848: Yes my_avgbuy_price unavailable
CRITICAL:strat7:2023-01-08 21:09:34,822:15848: Yes my_avgbuy_price unavailable
CRITICAL:strat7:2023-01-08 21:10:53,472:15850: No my_buy_price unavailable
CRITICAL:strat7:2023-01-08 21:10:55,942:15850: No my_buy_price unavailable
CRITICAL:strat7:2023-01-08 21:10:59,403:15850: No my_buy_price unavailable
CRITICAL:strat7:2023-01-08 21:11:01,978:15850: No my_buy_price unavailable
CRITICAL:strat7:2023-01-08 21:11:37,053:15851: No my_buy_price unavailable
CRITICAL:strat7:2023-01-08 21:11:39,345:15851: No my_buy_price unavailable
CRITICAL:strat7:2023-01-08 21:11:42,691:15851: No my_buy_price unavailable
CRITICAL:strat7:2023-01-08 21:11:44,962:15851: No my_buy_price unavailable
CRITICAL:strat7:2023-01-08 21:15:15,231:15847: Yes my_avgbuy_price unavailable
CRITICAL:strat7:2023-01-08 21:15:17,579:15847: Yes my_avgbuy_price unavailable
CRITICAL:strat7:2023-01-08 21:15:20,835:15847: Yes my_avgbuy_price unavailable
CRITICAL:strat7:2023-01-08 21:15:23,092:15847: Yes my_avgbuy_price unavailable
CRITICAL:strat7:2023-01-08 21:16:00,412:15848: Yes my_avgbuy_price unavailable
CRITICAL:strat7:2023-01-08 21:16:02,969:15848: Yes my_avgbuy_price unavailable
CRITICAL:strat7:2023-01-08 21:16:06,285:15848: Yes my_avgbuy_price unavailable
CRITICAL:strat7:2023-01-08 21:16:08,650:15848: Yes my_avgbuy_price unavailable
CRITICAL:strat7:2023-01-08 21:17:27,970:15850: No my_buy_price unavailable
CRITICAL:strat7:2023-01-08 21:17:30,309:15850: No my_buy_price unavailable
CRITICAL:strat7:2023-01-08 21:17:33,633:15850: No my_buy_price unavailable
CRITICAL:strat7:2023-01-08 21:17:35,896:15850: No my_buy_price unavailable
CRITICAL:strat7:2023-01-08 21:18:10,082:15851: No my_buy_price unavailable
CRITICAL:strat7:2023-01-08 21:18:12,348:15851: No my_buy_price unavailable
CRITICAL:strat7:2023-01-08 21:18:15,671:15851: No my_buy_price unavailable
CRITICAL:strat7:2023-01-08 21:18:17,943:15851: No my_buy_price unavailable
CRITICAL:strat7:2023-01-08 21:21:42,165:15847: Yes my_avgbuy_price unavailable
CRITICAL:strat7:2023-01-08 21:21:44,634:15847: Yes my_avgbuy_price unavailable
CRITICAL:strat7:2023-01-08 21:21:48,041:15847: Yes my_avgbuy_price unavailable
CRITICAL:strat7:2023-01-08 21:21:50,406:15847: Yes my_avgbuy_price unavailable
CRITICAL:strat7:2023-01-08 21:22:25,498:15848: Yes my_avgbuy_price unavailable
CRITICAL:strat7:2023-01-08 21:22:27,866:15848: Yes my_avgbuy_price unavailable
CRITICAL:strat7:2023-01-08 21:22:31,301:15848: Yes my_avgbuy_price unavailable
CRITICAL:strat7:2023-01-08 21:22:33,691:15848: Yes my_avgbuy_price unavailable
CRITICAL:strat7:2023-01-08 21:23:49,846:15850: No my_buy_price unavailable
CRITICAL:strat7:2023-01-08 21:23:52,102:15850: No my_buy_price unavailable
CRITICAL:strat7:2023-01-08 21:23:54,778:15850: No my_buy_price unavailable
CRITICAL:strat7:2023-01-08 21:23:57,054:15850: No my_buy_price unavailable
CRITICAL:strat7:2023-01-08 21:24:34,953:15851: No my_buy_price unavailable
CRITICAL:strat7:2023-01-08 21:24:37,232:15851: No my_buy_price unavailable
CRITICAL:strat7:2023-01-08 21:24:40,556:15851: No my_buy_price unavailable
CRITICAL:strat7:2023-01-08 21:24:42,907:15851: No my_buy_price unavailable
CRITICAL:strat7:2023-01-08 21:28:13,878:15847: Yes my_avgbuy_price unavailable
CRITICAL:strat7:2023-01-08 21:28:16,170:15847: Yes my_avgbuy_price unavailable
CRITICAL:strat7:2023-01-08 21:28:20,335:15847: Yes my_avgbuy_price unavailable
CRITICAL:strat7:2023-01-08 21:28:22,705:15847: Yes my_avgbuy_price unavailable
CRITICAL:strat7:2023-01-08 21:28:56,697:15848: Yes my_avgbuy_price unavailable
CRITICAL:strat7:2023-01-08 21:28:59,015:15848: Yes my_avgbuy_price unavailable
CRITICAL:strat7:2023-01-08 21:29:02,367:15848: Yes my_avgbuy_price unavailable
CRITICAL:strat7:2023-01-08 21:29:04,801:15848: Yes my_avgbuy_price unavailable
CRITICAL:strat7:2023-01-08 21:30:19,699:15850: No my_buy_price unavailable
CRITICAL:strat7:2023-01-08 21:30:21,916:15850: No my_buy_price unavailable
CRITICAL:strat7:2023-01-08 21:30:24,561:15850: No my_buy_price unavailable
CRITICAL:strat7:2023-01-08 21:30:27,463:15850: No my_buy_price unavailable
CRITICAL:strat7:2023-01-08 21:31:02,538:15851: No my_buy_price unavailable
CRITICAL:strat7:2023-01-08 21:31:05,303:15851: No my_buy_price unavailable
CRITICAL:strat7:2023-01-08 21:31:08,804:15851: No my_buy_price unavailable
CRITICAL:strat7:2023-01-08 21:31:11,074:15851: No my_buy_price unavailable
CRITICAL:strat7:2023-01-08 21:34:38,889:15847: Yes my_avgbuy_price unavailable
CRITICAL:strat7:2023-01-08 21:34:41,135:15847: Yes my_avgbuy_price unavailable
CRITICAL:strat7:2023-01-08 21:34:44,468:15847: Yes my_avgbuy_price unavailable
CRITICAL:strat7:2023-01-08 21:34:46,807:15847: Yes my_avgbuy_price unavailable
CRITICAL:strat7:2023-01-08 21:35:21,355:15848: Yes my_avgbuy_price unavailable
CRITICAL:strat7:2023-01-08 21:35:23,792:15848: Yes my_avgbuy_price unavailable
CRITICAL:strat7:2023-01-08 21:35:27,040:15848: Yes my_avgbuy_price unavailable
CRITICAL:strat7:2023-01-08 21:35:29,383:15848: Yes my_avgbuy_price unavailable
CRITICAL:strat7:2023-01-08 21:36:47,750:15850: No my_buy_price unavailable
CRITICAL:strat7:2023-01-08 21:36:50,068:15850: No my_buy_price unavailable
CRITICAL:strat7:2023-01-08 21:36:52,879:15850: No my_buy_price unavailable
CRITICAL:strat7:2023-01-08 21:36:55,125:15850: No my_buy_price unavailable
CRITICAL:strat7:2023-01-08 21:37:29,543:15851: No my_buy_price unavailable
CRITICAL:strat7:2023-01-08 21:37:31,933:15851: No my_buy_price unavailable
CRITICAL:strat7:2023-01-08 21:37:35,219:15851: No my_buy_price unavailable
CRITICAL:strat7:2023-01-08 21:37:37,477:15851: No my_buy_price unavailable
CRITICAL:strat7:2023-01-08 21:41:04,040:15847: Yes my_avgbuy_price unavailable
CRITICAL:strat7:2023-01-08 21:41:06,352:15847: Yes my_avgbuy_price unavailable
CRITICAL:strat7:2023-01-08 21:41:09,634:15847: Yes my_avgbuy_price unavailable
CRITICAL:strat7:2023-01-08 21:41:11,892:15847: Yes my_avgbuy_price unavailable
CRITICAL:strat7:2023-01-08 21:41:46,435:15848: Yes my_avgbuy_price unavailable
CRITICAL:strat7:2023-01-08 21:41:48,824:15848: Yes my_avgbuy_price unavailable
CRITICAL:strat7:2023-01-08 21:41:52,119:15848: Yes my_avgbuy_price unavailable
CRITICAL:strat7:2023-01-08 21:41:55,308:15848: Yes my_avgbuy_price unavailable
CRITICAL:strat7:2023-01-08 21:43:12,194:15850: No my_buy_price unavailable
CRITICAL:strat7:2023-01-08 21:43:14,593:15850: No my_buy_price unavailable
CRITICAL:strat7:2023-01-08 21:43:17,902:15850: No my_buy_price unavailable
CRITICAL:strat7:2023-01-08 21:43:20,183:15850: No my_buy_price unavailable
CRITICAL:strat7:2023-01-08 21:43:55,112:15851: No my_buy_price unavailable
CRITICAL:strat7:2023-01-08 21:43:57,367:15851: No my_buy_price unavailable
CRITICAL:strat7:2023-01-08 21:44:00,748:15851: No my_buy_price unavailable
CRITICAL:strat7:2023-01-08 21:44:03,034:15851: No my_buy_price unavailable
CRITICAL:strat7:2023-01-08 21:47:27,878:15847: Yes my_avgbuy_price unavailable
CRITICAL:strat7:2023-01-08 21:47:30,182:15847: Yes my_avgbuy_price unavailable
CRITICAL:strat7:2023-01-08 21:47:33,532:15847: Yes my_avgbuy_price unavailable
CRITICAL:strat7:2023-01-08 21:47:35,895:15847: Yes my_avgbuy_price unavailable
CRITICAL:strat7:2023-01-08 21:48:10,933:15848: Yes my_avgbuy_price unavailable
CRITICAL:strat7:2023-01-08 21:48:13,256:15848: Yes my_avgbuy_price unavailable
CRITICAL:strat7:2023-01-08 21:48:16,587:15848: Yes my_avgbuy_price unavailable
CRITICAL:strat7:2023-01-08 21:48:18,904:15848: Yes my_avgbuy_price unavailable
CRITICAL:strat7:2023-01-08 21:49:33,864:15850: No my_buy_price unavailable
CRITICAL:strat7:2023-01-08 21:49:36,136:15850: No my_buy_price unavailable
CRITICAL:strat7:2023-01-08 21:49:39,469:15850: No my_buy_price unavailable
CRITICAL:strat7:2023-01-08 21:49:41,801:15850: No my_buy_price unavailable
CRITICAL:strat7:2023-01-08 21:50:15,948:15851: No my_buy_price unavailable
CRITICAL:strat7:2023-01-08 21:50:18,274:15851: No my_buy_price unavailable
CRITICAL:strat7:2023-01-08 21:50:21,598:15851: No my_buy_price unavailable
CRITICAL:strat7:2023-01-08 21:50:23,900:15851: No my_buy_price unavailable
CRITICAL:strat7:2023-01-08 21:54:00,511:15847: Yes my_avgbuy_price unavailable
CRITICAL:strat7:2023-01-08 21:54:02,904:15847: Yes my_avgbuy_price unavailable
CRITICAL:strat7:2023-01-08 21:54:06,162:15847: Yes my_avgbuy_price unavailable
CRITICAL:strat7:2023-01-08 21:54:08,477:15847: Yes my_avgbuy_price unavailable
CRITICAL:strat7:2023-01-08 21:54:43,435:15848: Yes my_avgbuy_price unavailable
CRITICAL:strat7:2023-01-08 21:54:45,856:15848: Yes my_avgbuy_price unavailable
CRITICAL:strat7:2023-01-08 21:54:49,207:15848: Yes my_avgbuy_price unavailable
CRITICAL:strat7:2023-01-08 21:54:51,555:15848: Yes my_avgbuy_price unavailable
CRITICAL:strat7:2023-01-08 21:56:05,067:15850: No my_buy_price unavailable
CRITICAL:strat7:2023-01-08 21:56:07,391:15850: No my_buy_price unavailable
CRITICAL:strat7:2023-01-08 21:56:10,774:15850: No my_buy_price unavailable
CRITICAL:strat7:2023-01-08 21:56:13,082:15850: No my_buy_price unavailable
CRITICAL:strat7:2023-01-08 21:56:51,089:15851: No my_buy_price unavailable
CRITICAL:strat7:2023-01-08 21:56:54,170:15851: No my_buy_price unavailable
CRITICAL:strat7:2023-01-08 21:56:57,524:15851: No my_buy_price unavailable
CRITICAL:strat7:2023-01-08 21:56:59,851:15851: No my_buy_price unavailable
CRITICAL:strat7:2023-01-08 22:00:32,043:15847: Yes my_avgbuy_price unavailable
CRITICAL:strat7:2023-01-08 22:00:34,421:15847: Yes my_avgbuy_price unavailable
CRITICAL:strat7:2023-01-08 22:00:37,765:15847: Yes my_avgbuy_price unavailable
CRITICAL:strat7:2023-01-08 22:00:40,105:15847: Yes my_avgbuy_price unavailable
CRITICAL:strat7:2023-01-08 22:01:11,475:15848: Yes my_avgbuy_price unavailable
CRITICAL:strat7:2023-01-08 22:01:13,874:15848: Yes my_avgbuy_price unavailable
CRITICAL:strat7:2023-01-08 22:01:17,369:15848: Yes my_avgbuy_price unavailable
CRITICAL:strat7:2023-01-08 22:01:19,875:15848: Yes my_avgbuy_price unavailable
CRITICAL:strat7:2023-01-08 22:02:40,458:15850: No my_buy_price unavailable
CRITICAL:strat7:2023-01-08 22:02:42,900:15850: No my_buy_price unavailable
CRITICAL:strat7:2023-01-08 22:02:46,190:15850: No my_buy_price unavailable
CRITICAL:strat7:2023-01-08 22:02:48,487:15850: No my_buy_price unavailable
CRITICAL:strat7:2023-01-08 22:03:23,914:15851: No my_buy_price unavailable
CRITICAL:strat7:2023-01-08 22:03:26,272:15851: No my_buy_price unavailable
CRITICAL:strat7:2023-01-08 22:03:29,544:15851: No my_buy_price unavailable
CRITICAL:strat7:2023-01-08 22:03:31,920:15851: No my_buy_price unavailable
CRITICAL:strat7:2023-01-08 22:07:02,840:15847: Yes my_avgbuy_price unavailable
CRITICAL:strat7:2023-01-08 22:07:05,315:15847: Yes my_avgbuy_price unavailable
CRITICAL:strat7:2023-01-08 22:07:08,781:15847: Yes my_avgbuy_price unavailable
CRITICAL:strat7:2023-01-08 22:07:11,140:15847: Yes my_avgbuy_price unavailable
CRITICAL:strat7:2023-01-08 22:07:49,932:15848: Yes my_avgbuy_price unavailable
CRITICAL:strat7:2023-01-08 22:07:52,219:15848: Yes my_avgbuy_price unavailable
CRITICAL:strat7:2023-01-08 22:07:55,665:15848: Yes my_avgbuy_price unavailable
CRITICAL:strat7:2023-01-08 22:07:57,985:15848: Yes my_avgbuy_price unavailable
CRITICAL:strat7:2023-01-08 22:09:15,382:15850: No my_buy_price unavailable
CRITICAL:strat7:2023-01-08 22:09:17,827:15850: No my_buy_price unavailable
CRITICAL:strat7:2023-01-08 22:09:21,247:15850: No my_buy_price unavailable
CRITICAL:strat7:2023-01-08 22:09:23,593:15850: No my_buy_price unavailable
CRITICAL:strat7:2023-01-08 22:10:01,239:15851: No my_buy_price unavailable
CRITICAL:strat7:2023-01-08 22:10:03,626:15851: No my_buy_price unavailable
CRITICAL:strat7:2023-01-08 22:10:06,914:15851: No my_buy_price unavailable
CRITICAL:strat7:2023-01-08 22:10:09,237:15851: No my_buy_price unavailable
CRITICAL:strat7:2023-01-08 22:13:38,183:15847: Yes my_avgbuy_price unavailable
CRITICAL:strat7:2023-01-08 22:13:40,568:15847: Yes my_avgbuy_price unavailable
CRITICAL:strat7:2023-01-08 22:13:43,892:15847: Yes my_avgbuy_price unavailable
CRITICAL:strat7:2023-01-08 22:13:46,225:15847: Yes my_avgbuy_price unavailable
CRITICAL:strat7:2023-01-08 22:14:21,926:15848: Yes my_avgbuy_price unavailable
CRITICAL:strat7:2023-01-08 22:14:24,242:15848: Yes my_avgbuy_price unavailable
CRITICAL:strat7:2023-01-08 22:14:27,618:15848: Yes my_avgbuy_price unavailable
CRITICAL:strat7:2023-01-08 22:14:29,929:15848: Yes my_avgbuy_price unavailable
CRITICAL:strat7:2023-01-08 22:15:47,152:15850: No my_buy_price unavailable
CRITICAL:strat7:2023-01-08 22:15:49,796:15850: No my_buy_price unavailable
CRITICAL:strat7:2023-01-08 22:15:53,224:15850: No my_buy_price unavailable
CRITICAL:strat7:2023-01-08 22:15:55,642:15850: No my_buy_price unavailable
CRITICAL:strat7:2023-01-08 22:16:28,179:15851: No my_buy_price unavailable
CRITICAL:strat7:2023-01-08 22:16:30,601:15851: No my_buy_price unavailable
CRITICAL:strat7:2023-01-08 22:16:33,900:15851: No my_buy_price unavailable
CRITICAL:strat7:2023-01-08 22:16:36,196:15851: No my_buy_price unavailable
CRITICAL:strat7:2023-01-08 22:20:13,053:15847: Yes my_avgbuy_price unavailable
CRITICAL:strat7:2023-01-08 22:20:15,353:15847: Yes my_avgbuy_price unavailable
CRITICAL:strat7:2023-01-08 22:20:18,722:15847: Yes my_avgbuy_price unavailable
CRITICAL:strat7:2023-01-08 22:20:21,002:15847: Yes my_avgbuy_price unavailable
CRITICAL:strat7:2023-01-08 22:20:55,729:15848: Yes my_avgbuy_price unavailable
CRITICAL:strat7:2023-01-08 22:20:58,194:15848: Yes my_avgbuy_price unavailable
CRITICAL:strat7:2023-01-08 22:21:01,632:15848: Yes my_avgbuy_price unavailable
CRITICAL:strat7:2023-01-08 22:21:04,950:15848: Yes my_avgbuy_price unavailable
CRITICAL:strat7:2023-01-08 22:22:25,960:15850: No my_buy_price unavailable
CRITICAL:strat7:2023-01-08 22:22:28,320:15850: No my_buy_price unavailable
CRITICAL:strat7:2023-01-08 22:22:31,643:15850: No my_buy_price unavailable
CRITICAL:strat7:2023-01-08 22:22:33,939:15850: No my_buy_price unavailable
CRITICAL:strat7:2023-01-08 22:23:08,238:15851: No my_buy_price unavailable
CRITICAL:strat7:2023-01-08 22:23:10,642:15851: No my_buy_price unavailable
CRITICAL:strat7:2023-01-08 22:23:14,800:15851: No my_buy_price unavailable
CRITICAL:strat7:2023-01-08 22:23:17,106:15851: No my_buy_price unavailable
CRITICAL:strat7:2023-01-08 22:29:34,017:15851: No my_buy_price unavailable
CRITICAL:strat7:2023-01-08 22:29:36,348:15851: No my_buy_price unavailable
CRITICAL:strat7:2023-01-08 22:29:39,669:15851: No my_buy_price unavailable
CRITICAL:strat7:2023-01-08 22:29:41,974:15851: No my_buy_price unavailable
CRITICAL:strat7:2023-01-08 22:33:21,028:15847: Yes my_avgbuy_price unavailable
CRITICAL:strat7:2023-01-08 22:33:23,308:15847: Yes my_avgbuy_price unavailable
CRITICAL:strat7:2023-01-08 22:35:25,086:15850: No my_buy_price unavailable
CRITICAL:strat7:2023-01-08 22:35:27,440:15850: No my_buy_price unavailable
CRITICAL:strat7:2023-01-08 22:35:30,806:15850: No my_buy_price unavailable
CRITICAL:strat7:2023-01-08 22:35:33,119:15850: No my_buy_price unavailable
CRITICAL:strat7:2023-01-08 22:36:07,936:15851: No my_buy_price unavailable
CRITICAL:strat7:2023-01-08 22:36:10,259:15851: No my_buy_price unavailable
CRITICAL:strat7:2023-01-08 22:36:13,612:15851: No my_buy_price unavailable
CRITICAL:strat7:2023-01-08 22:36:15,972:15851: No my_buy_price unavailable
CRITICAL:strat7:2023-01-08 22:39:51,178:15847: Yes my_avgbuy_price unavailable
CRITICAL:strat7:2023-01-08 22:39:53,521:15847: Yes my_avgbuy_price unavailable
CRITICAL:strat7:2023-01-08 22:39:56,813:15847: Yes my_avgbuy_price unavailable
CRITICAL:strat7:2023-01-08 22:39:59,173:15847: Yes my_avgbuy_price unavailable
CRITICAL:strat7:2023-01-08 22:42:03,533:15850: No my_buy_price unavailable
CRITICAL:strat7:2023-01-08 22:42:05,913:15850: No my_buy_price unavailable
CRITICAL:strat7:2023-01-08 22:42:09,207:15850: No my_buy_price unavailable
CRITICAL:strat7:2023-01-08 22:42:11,633:15850: No my_buy_price unavailable
CRITICAL:strat7:2023-01-08 22:42:46,541:15851: No my_buy_price unavailable
CRITICAL:strat7:2023-01-08 22:42:48,850:15851: No my_buy_price unavailable
CRITICAL:strat7:2023-01-08 22:42:52,151:15851: No my_buy_price unavailable
CRITICAL:strat7:2023-01-08 22:42:54,443:15851: No my_buy_price unavailable
CRITICAL:strat7:2023-01-08 22:46:24,061:15847: Yes my_avgbuy_price unavailable
CRITICAL:strat7:2023-01-08 22:46:26,382:15847: Yes my_avgbuy_price unavailable
CRITICAL:strat7:2023-01-08 22:46:29,855:15847: Yes my_avgbuy_price unavailable
CRITICAL:strat7:2023-01-08 22:46:32,772:15847: Yes my_avgbuy_price unavailable
CRITICAL:strat7:2023-01-08 22:48:32,427:15850: No my_buy_price unavailable
CRITICAL:strat7:2023-01-08 22:48:34,883:15850: No my_buy_price unavailable
CRITICAL:strat7:2023-01-08 22:48:38,181:15850: No my_buy_price unavailable
CRITICAL:strat7:2023-01-08 22:48:40,489:15850: No my_buy_price unavailable
CRITICAL:strat7:2023-01-08 22:49:17,227:15851: No my_buy_price unavailable
CRITICAL:strat7:2023-01-08 22:49:19,509:15851: No my_buy_price unavailable
CRITICAL:strat7:2023-01-08 22:49:22,751:15851: No my_buy_price unavailable
CRITICAL:strat7:2023-01-08 22:49:25,059:15851: No my_buy_price unavailable
CRITICAL:strat7:2023-01-08 22:52:54,647:15847: Yes my_avgbuy_price unavailable
CRITICAL:strat7:2023-01-08 22:52:56,947:15847: Yes my_avgbuy_price unavailable
CRITICAL:strat7:2023-01-08 22:53:00,226:15847: Yes my_avgbuy_price unavailable
CRITICAL:strat7:2023-01-08 22:53:02,556:15847: Yes my_avgbuy_price unavailable
CRITICAL:strat7:2023-01-08 22:55:02,642:15850: No my_buy_price unavailable
CRITICAL:strat7:2023-01-08 22:55:04,941:15850: No my_buy_price unavailable
CRITICAL:strat7:2023-01-08 22:55:08,238:15850: No my_buy_price unavailable
CRITICAL:strat7:2023-01-08 22:55:10,621:15850: No my_buy_price unavailable
CRITICAL:strat7:2023-01-08 22:59:42,654:15847: Yes my_avgbuy_price unavailable
CRITICAL:strat7:2023-01-08 22:59:45,046:15847: Yes my_avgbuy_price unavailable
CRITICAL:strat7:2023-01-08 22:59:48,857:15847: Yes my_avgbuy_price unavailable
CRITICAL:strat7:2023-01-08 22:59:51,343:15847: Yes my_avgbuy_price unavailable
