INFO:strat7:2022-11-20 15:20:13,524:12358: Initialising event
INFO:strat7:2022-11-20 15:20:18,212:12359: Initialising event
CRITICAL:strat7:2022-11-20 15:20:33,667:12359: Yes my_avgbuy_price unavailable
WARNING:strat7:2022-11-20 15:20:35,434:12359: last_values_dict empty
INFO:strat7:2022-11-20 15:20:41,536:12360: Initialising event
INFO:strat7:2022-11-20 15:20:45,299:12361: Initialising event
CRITICAL:strat7:2022-11-20 15:21:01,056:12358: Yes my_avgbuy_price unavailable
WARNING:strat7:2022-11-20 15:21:02,985:12358: last_values_dict empty
CRITICAL:strat7:2022-11-20 15:21:16,723:12359: Yes my_avgbuy_price unavailable
CRITICAL:strat7:2022-11-20 15:21:19,739:12359: Yes my_avgbuy_price unavailable
CRITICAL:strat7:2022-11-20 15:22:41,059:12358: Yes my_avgbuy_price unavailable
CRITICAL:strat7:2022-11-20 15:22:43,389:12358: Yes my_avgbuy_price unavailable
CRITICAL:strat7:2022-11-20 15:22:57,673:12359: No my_buy_price unavailable
CRITICAL:strat7:2022-11-20 15:23:00,714:12359: No my_buy_price unavailable
WARNING:strat7:2022-11-20 15:23:14,929:12360: last_values_dict empty
CRITICAL:strat7:2022-11-20 15:23:31,085:12361: No my_buy_price unavailable
WARNING:strat7:2022-11-20 15:23:32,743:12361: last_values_dict empty
CRITICAL:strat7:2022-11-20 15:24:46,271:12358: Yes my_avgbuy_price unavailable
CRITICAL:strat7:2022-11-20 15:24:49,022:12358: Yes my_avgbuy_price unavailable
CRITICAL:strat7:2022-11-20 15:25:06,496:12359: No my_buy_price unavailable
CRITICAL:strat7:2022-11-20 15:25:08,810:12359: No my_buy_price unavailable
CRITICAL:strat7:2022-11-20 15:25:27,442:12360: No my_buy_price unavailable
CRITICAL:strat7:2022-11-20 15:25:48,250:12361: No my_buy_price unavailable
CRITICAL:strat7:2022-11-20 15:25:50,807:12361: No my_buy_price unavailable
CRITICAL:strat7:2022-11-20 15:27:09,654:12358: Yes my_avgbuy_price unavailable
CRITICAL:strat7:2022-11-20 15:27:12,035:12358: Yes my_avgbuy_price unavailable
CRITICAL:strat7:2022-11-20 15:27:27,414:12359: No my_buy_price unavailable
CRITICAL:strat7:2022-11-20 15:27:30,373:12359: No my_buy_price unavailable
CRITICAL:strat7:2022-11-20 15:27:50,482:12360: No my_buy_price unavailable
CRITICAL:strat7:2022-11-20 15:27:52,878:12360: No my_buy_price unavailable
CRITICAL:strat7:2022-11-20 15:28:12,490:12361: No my_buy_price unavailable
CRITICAL:strat7:2022-11-20 15:28:14,788:12361: No my_buy_price unavailable
CRITICAL:strat7:2022-11-20 15:29:29,310:12358: Yes my_avgbuy_price unavailable
CRITICAL:strat7:2022-11-20 15:29:31,493:12358: Yes my_avgbuy_price unavailable
CRITICAL:strat7:2022-11-20 15:29:47,025:12359: No my_buy_price unavailable
CRITICAL:strat7:2022-11-20 15:29:49,784:12359: No my_buy_price unavailable
CRITICAL:strat7:2022-11-20 15:30:08,551:12360: No my_buy_price unavailable
CRITICAL:strat7:2022-11-20 15:30:10,631:12360: No my_buy_price unavailable
CRITICAL:strat7:2022-11-20 15:30:25,777:12361: No my_buy_price unavailable
CRITICAL:strat7:2022-11-20 15:30:28,444:12361: No my_buy_price unavailable
CRITICAL:strat7:2022-11-20 15:31:46,668:12358: Yes my_avgbuy_price unavailable
CRITICAL:strat7:2022-11-20 15:31:49,119:12358: Yes my_avgbuy_price unavailable
CRITICAL:strat7:2022-11-20 15:32:05,028:12359: No my_buy_price unavailable
CRITICAL:strat7:2022-11-20 15:32:07,833:12359: No my_buy_price unavailable
CRITICAL:strat7:2022-11-20 15:32:25,144:12360: No my_buy_price unavailable
CRITICAL:strat7:2022-11-20 15:32:28,010:12360: No my_buy_price unavailable
CRITICAL:strat7:2022-11-20 15:32:44,376:12361: No my_buy_price unavailable
CRITICAL:strat7:2022-11-20 15:32:47,175:12361: No my_buy_price unavailable
CRITICAL:strat7:2022-11-20 15:34:01,788:12358: Yes my_avgbuy_price unavailable
CRITICAL:strat7:2022-11-20 15:34:03,989:12358: Yes my_avgbuy_price unavailable
CRITICAL:strat7:2022-11-20 15:34:18,872:12359: No my_buy_price unavailable
CRITICAL:strat7:2022-11-20 15:34:21,685:12359: No my_buy_price unavailable
CRITICAL:strat7:2022-11-20 15:34:36,510:12360: No my_buy_price unavailable
CRITICAL:strat7:2022-11-20 15:34:39,251:12360: No my_buy_price unavailable
CRITICAL:strat7:2022-11-20 15:34:54,602:12361: No my_buy_price unavailable
CRITICAL:strat7:2022-11-20 15:34:57,322:12361: No my_buy_price unavailable
CRITICAL:strat7:2022-11-20 15:36:12,375:12358: Yes my_avgbuy_price unavailable
CRITICAL:strat7:2022-11-20 15:36:14,645:12358: Yes my_avgbuy_price unavailable
CRITICAL:strat7:2022-11-20 15:36:29,731:12359: No my_buy_price unavailable
CRITICAL:strat7:2022-11-20 15:36:32,431:12359: No my_buy_price unavailable
CRITICAL:strat7:2022-11-20 15:36:47,772:12360: No my_buy_price unavailable
CRITICAL:strat7:2022-11-20 15:36:50,417:12360: No my_buy_price unavailable
CRITICAL:strat7:2022-11-20 15:38:47,129:12359: No my_buy_price unavailable
CRITICAL:strat7:2022-11-20 15:38:49,416:12359: No my_buy_price unavailable
CRITICAL:strat7:2022-11-20 15:39:04,619:12360: No my_buy_price unavailable
CRITICAL:strat7:2022-11-20 15:39:07,546:12360: No my_buy_price unavailable
CRITICAL:strat7:2022-11-20 15:40:54,116:12359: Yes my_avgbuy_price unavailable
CRITICAL:strat7:2022-11-20 15:40:57,626:12359: Yes my_avgbuy_price unavailable
CRITICAL:strat7:2022-11-20 15:41:12,392:12360: No my_buy_price unavailable
CRITICAL:strat7:2022-11-20 15:41:15,022:12360: No my_buy_price unavailable
CRITICAL:strat7:2022-11-20 15:41:33,045:12361: No my_buy_price unavailable
CRITICAL:strat7:2022-11-20 15:41:35,310:12361: No my_buy_price unavailable
CRITICAL:strat7:2022-11-20 15:43:05,381:12359: Yes my_avgbuy_price unavailable
CRITICAL:strat7:2022-11-20 15:43:08,954:12359: Yes my_avgbuy_price unavailable
CRITICAL:strat7:2022-11-20 15:43:27,642:12360: No my_buy_price unavailable
CRITICAL:strat7:2022-11-20 15:43:31,025:12360: No my_buy_price unavailable
CRITICAL:strat7:2022-11-20 15:43:47,585:12361: No my_buy_price unavailable
CRITICAL:strat7:2022-11-20 15:43:51,051:12361: No my_buy_price unavailable
CRITICAL:strat7:2022-11-20 15:45:28,991:12359: Yes my_avgbuy_price unavailable
CRITICAL:strat7:2022-11-20 15:45:32,689:12359: Yes my_avgbuy_price unavailable
CRITICAL:strat7:2022-11-20 15:45:53,176:12360: Yes my_avgbuy_price unavailable
CRITICAL:strat7:2022-11-20 15:45:57,530:12360: Yes my_avgbuy_price unavailable
CRITICAL:strat7:2022-11-20 15:47:51,763:12359: Yes my_avgbuy_price unavailable
CRITICAL:strat7:2022-11-20 15:47:55,726:12359: Yes my_avgbuy_price unavailable
CRITICAL:strat7:2022-11-20 15:48:17,388:12360: No my_buy_price unavailable
CRITICAL:strat7:2022-11-20 15:48:21,067:12360: No my_buy_price unavailable
CRITICAL:strat7:2022-11-20 15:50:08,335:12359: Yes my_avgbuy_price unavailable
CRITICAL:strat7:2022-11-20 15:50:12,270:12359: Yes my_avgbuy_price unavailable
CRITICAL:strat7:2022-11-20 15:50:31,965:12360: Yes my_avgbuy_price unavailable
CRITICAL:strat7:2022-11-20 15:50:36,043:12360: Yes my_avgbuy_price unavailable
CRITICAL:strat7:2022-11-20 15:52:25,167:12359: Yes my_avgbuy_price unavailable
CRITICAL:strat7:2022-11-20 15:52:27,953:12359: Yes my_avgbuy_price unavailable
CRITICAL:strat7:2022-11-20 15:52:42,652:12360: Yes my_avgbuy_price unavailable
CRITICAL:strat7:2022-11-20 15:52:45,369:12360: Yes my_avgbuy_price unavailable
CRITICAL:strat7:2022-11-20 15:54:34,751:12359: Yes my_avgbuy_price unavailable
CRITICAL:strat7:2022-11-20 15:54:37,473:12359: Yes my_avgbuy_price unavailable
CRITICAL:strat7:2022-11-20 15:54:53,688:12360: Yes my_avgbuy_price unavailable
CRITICAL:strat7:2022-11-20 15:54:56,595:12360: Yes my_avgbuy_price unavailable
CRITICAL:strat7:2022-11-20 15:56:57,619:12360: Yes my_avgbuy_price unavailable
CRITICAL:strat7:2022-11-20 15:57:00,447:12360: Yes my_avgbuy_price unavailable
CRITICAL:strat7:2022-11-20 15:58:36,948:12358: Yes my_avgbuy_price unavailable
CRITICAL:strat7:2022-11-20 15:58:39,143:12358: Yes my_avgbuy_price unavailable
CRITICAL:strat7:2022-11-20 15:59:08,690:12360: Yes my_avgbuy_price unavailable
CRITICAL:strat7:2022-11-20 15:59:11,449:12360: Yes my_avgbuy_price unavailable
CRITICAL:strat7:2022-11-20 16:00:39,760:12358: Yes my_avgbuy_price unavailable
CRITICAL:strat7:2022-11-20 16:00:41,974:12358: Yes my_avgbuy_price unavailable
CRITICAL:strat7:2022-11-20 16:01:12,299:12360: Yes my_avgbuy_price unavailable
CRITICAL:strat7:2022-11-20 16:01:15,006:12360: Yes my_avgbuy_price unavailable
CRITICAL:strat7:2022-11-20 16:02:44,107:12358: Yes my_avgbuy_price unavailable
CRITICAL:strat7:2022-11-20 16:02:46,305:12358: Yes my_avgbuy_price unavailable
CRITICAL:strat7:2022-11-20 16:03:16,439:12360: Yes my_avgbuy_price unavailable
CRITICAL:strat7:2022-11-20 16:03:19,292:12360: Yes my_avgbuy_price unavailable
CRITICAL:strat7:2022-11-20 16:04:54,438:12358: Yes my_avgbuy_price unavailable
CRITICAL:strat7:2022-11-20 16:04:56,872:12358: Yes my_avgbuy_price unavailable
CRITICAL:strat7:2022-11-20 16:05:25,697:12360: Yes my_avgbuy_price unavailable
CRITICAL:strat7:2022-11-20 16:05:28,447:12360: Yes my_avgbuy_price unavailable
CRITICAL:strat7:2022-11-20 16:07:00,235:12358: Yes my_avgbuy_price unavailable
CRITICAL:strat7:2022-11-20 16:07:02,508:12358: Yes my_avgbuy_price unavailable
CRITICAL:strat7:2022-11-20 16:07:30,940:12360: Yes my_avgbuy_price unavailable
CRITICAL:strat7:2022-11-20 16:07:33,695:12360: Yes my_avgbuy_price unavailable
CRITICAL:strat7:2022-11-20 16:07:54,475:12361: No my_buy_price unavailable
CRITICAL:strat7:2022-11-20 16:07:56,801:12361: No my_buy_price unavailable
CRITICAL:strat7:2022-11-20 16:09:12,247:12358: Yes my_avgbuy_price unavailable
CRITICAL:strat7:2022-11-20 16:09:14,999:12358: Yes my_avgbuy_price unavailable
CRITICAL:strat7:2022-11-20 16:09:50,328:12360: Yes my_avgbuy_price unavailable
CRITICAL:strat7:2022-11-20 16:09:52,633:12360: Yes my_avgbuy_price unavailable
CRITICAL:strat7:2022-11-20 16:11:25,735:12358: Yes my_avgbuy_price unavailable
CRITICAL:strat7:2022-11-20 16:11:28,492:12358: Yes my_avgbuy_price unavailable
CRITICAL:strat7:2022-11-20 16:12:02,877:12360: No my_buy_price unavailable
CRITICAL:strat7:2022-11-20 16:12:06,382:12360: No my_buy_price unavailable
CRITICAL:strat7:2022-11-20 16:13:34,659:12358: Yes my_avgbuy_price unavailable
CRITICAL:strat7:2022-11-20 16:13:37,258:12358: Yes my_avgbuy_price unavailable
CRITICAL:strat7:2022-11-20 16:14:05,870:12360: No my_buy_price unavailable
CRITICAL:strat7:2022-11-20 16:14:08,523:12360: No my_buy_price unavailable
CRITICAL:strat7:2022-11-20 16:15:46,299:12358: Yes my_avgbuy_price unavailable
CRITICAL:strat7:2022-11-20 16:16:17,948:12360: Yes my_avgbuy_price unavailable
CRITICAL:strat7:2022-11-20 16:16:21,407:12360: Yes my_avgbuy_price unavailable
CRITICAL:strat7:2022-11-20 16:17:53,911:12358: Yes my_avgbuy_price unavailable
CRITICAL:strat7:2022-11-20 16:18:10,251:12359: No my_buy_price unavailable
CRITICAL:strat7:2022-11-20 16:18:14,210:12359: No my_buy_price unavailable
CRITICAL:strat7:2022-11-20 16:18:30,936:12360: No my_buy_price unavailable
CRITICAL:strat7:2022-11-20 16:18:34,446:12360: No my_buy_price unavailable
CRITICAL:strat7:2022-11-20 16:20:07,090:12358: Yes my_avgbuy_price unavailable
CRITICAL:strat7:2022-11-20 16:20:40,587:12360: No my_buy_price unavailable
CRITICAL:strat7:2022-11-20 16:20:43,176:12360: No my_buy_price unavailable
CRITICAL:strat7:2022-11-20 16:22:12,094:12358: Yes my_avgbuy_price unavailable
CRITICAL:strat7:2022-11-20 16:22:47,148:12360: Yes my_avgbuy_price unavailable
CRITICAL:strat7:2022-11-20 16:22:50,515:12360: Yes my_avgbuy_price unavailable
CRITICAL:strat7:2022-11-20 16:24:43,925:12359: No my_buy_price unavailable
CRITICAL:strat7:2022-11-20 16:24:47,932:12359: No my_buy_price unavailable
CRITICAL:strat7:2022-11-20 16:25:05,898:12360: No my_buy_price unavailable
CRITICAL:strat7:2022-11-20 16:25:09,735:12360: No my_buy_price unavailable
CRITICAL:strat7:2022-11-20 16:27:22,972:12360: No my_buy_price unavailable
CRITICAL:strat7:2022-11-20 16:27:26,016:12360: No my_buy_price unavailable
CRITICAL:strat7:2022-11-20 16:29:06,782:12358: Yes my_avgbuy_price unavailable
CRITICAL:strat7:2022-11-20 16:29:25,493:12359: No my_buy_price unavailable
CRITICAL:strat7:2022-11-20 16:29:30,251:12359: No my_buy_price unavailable
CRITICAL:strat7:2022-11-20 16:29:49,502:12360: No my_buy_price unavailable
CRITICAL:strat7:2022-11-20 16:29:53,798:12360: No my_buy_price unavailable
CRITICAL:strat7:2022-11-20 16:31:34,838:12358: Yes my_avgbuy_price unavailable
CRITICAL:strat7:2022-11-20 16:31:53,104:12359: No my_buy_price unavailable
CRITICAL:strat7:2022-11-20 16:31:55,830:12359: No my_buy_price unavailable
CRITICAL:strat7:2022-11-20 16:32:14,700:12360: No my_buy_price unavailable
CRITICAL:strat7:2022-11-20 16:32:16,762:12360: No my_buy_price unavailable
CRITICAL:strat7:2022-11-20 16:32:35,562:12361: No my_buy_price unavailable
CRITICAL:strat7:2022-11-20 16:32:37,703:12361: No my_buy_price unavailable
CRITICAL:strat7:2022-11-20 16:33:52,088:12358: Yes my_avgbuy_price unavailable
CRITICAL:strat7:2022-11-20 16:34:26,462:12360: No my_buy_price unavailable
CRITICAL:strat7:2022-11-20 16:34:29,216:12360: No my_buy_price unavailable
CRITICAL:strat7:2022-11-20 16:34:45,516:12361: No my_buy_price unavailable
CRITICAL:strat7:2022-11-20 16:34:48,762:12361: No my_buy_price unavailable
CRITICAL:strat7:2022-11-20 16:36:02,378:12358: Yes my_avgbuy_price unavailable
CRITICAL:strat7:2022-11-20 16:36:30,750:12360: No my_buy_price unavailable
CRITICAL:strat7:2022-11-20 16:36:33,281:12360: No my_buy_price unavailable
CRITICAL:strat7:2022-11-20 16:36:48,064:12361: No my_buy_price unavailable
CRITICAL:strat7:2022-11-20 16:36:50,573:12361: No my_buy_price unavailable
CRITICAL:strat7:2022-11-20 16:38:04,399:12358: Yes my_avgbuy_price unavailable
CRITICAL:strat7:2022-11-20 16:38:33,838:12360: No my_buy_price unavailable
CRITICAL:strat7:2022-11-20 16:38:35,814:12360: No my_buy_price unavailable
CRITICAL:strat7:2022-11-20 16:38:58,154:12361: No my_buy_price unavailable
CRITICAL:strat7:2022-11-20 16:39:00,796:12361: No my_buy_price unavailable
CRITICAL:strat7:2022-11-20 16:40:17,920:12358: Yes my_avgbuy_price unavailable
CRITICAL:strat7:2022-11-20 16:40:19,758:12358: Yes my_avgbuy_price unavailable
CRITICAL:strat7:2022-11-20 16:41:01,095:12360: No my_buy_price unavailable
CRITICAL:strat7:2022-11-20 16:41:03,879:12360: No my_buy_price unavailable
CRITICAL:strat7:2022-11-20 16:41:19,199:12361: No my_buy_price unavailable
CRITICAL:strat7:2022-11-20 16:41:21,673:12361: No my_buy_price unavailable
CRITICAL:strat7:2022-11-20 16:42:35,473:12358: Yes my_avgbuy_price unavailable
CRITICAL:strat7:2022-11-20 16:42:37,102:12358: Yes my_avgbuy_price unavailable
CRITICAL:strat7:2022-11-20 16:43:15,293:12360: Yes my_avgbuy_price unavailable
CRITICAL:strat7:2022-11-20 16:43:18,977:12360: Yes my_avgbuy_price unavailable
CRITICAL:strat7:2022-11-20 16:43:36,211:12361: No my_buy_price unavailable
CRITICAL:strat7:2022-11-20 16:43:38,463:12361: No my_buy_price unavailable
CRITICAL:strat7:2022-11-20 16:45:38,691:12358: Yes my_avgbuy_price unavailable
CRITICAL:strat7:2022-11-20 16:45:40,320:12358: Yes my_avgbuy_price unavailable
CRITICAL:strat7:2022-11-20 16:45:58,990:12359: Yes my_avgbuy_price unavailable
CRITICAL:strat7:2022-11-20 16:46:01,080:12359: Yes my_avgbuy_price unavailable
CRITICAL:strat7:2022-11-20 16:46:15,429:12360: Yes my_avgbuy_price unavailable
CRITICAL:strat7:2022-11-20 16:46:17,953:12360: Yes my_avgbuy_price unavailable
CRITICAL:strat7:2022-11-20 16:46:32,317:12361: No my_buy_price unavailable
CRITICAL:strat7:2022-11-20 16:46:34,823:12361: No my_buy_price unavailable
CRITICAL:strat7:2022-11-20 16:47:48,777:12358: Yes my_avgbuy_price unavailable
CRITICAL:strat7:2022-11-20 16:47:50,536:12358: Yes my_avgbuy_price unavailable
CRITICAL:strat7:2022-11-20 16:48:08,606:12359: Yes my_avgbuy_price unavailable
CRITICAL:strat7:2022-11-20 16:48:11,110:12359: Yes my_avgbuy_price unavailable
CRITICAL:strat7:2022-11-20 16:48:30,561:12360: Yes my_avgbuy_price unavailable
CRITICAL:strat7:2022-11-20 16:48:33,194:12360: Yes my_avgbuy_price unavailable
CRITICAL:strat7:2022-11-20 16:48:47,344:12361: No my_buy_price unavailable
CRITICAL:strat7:2022-11-20 16:48:49,647:12361: No my_buy_price unavailable
CRITICAL:strat7:2022-11-20 16:50:03,566:12358: Yes my_avgbuy_price unavailable
CRITICAL:strat7:2022-11-20 16:50:05,085:12358: Yes my_avgbuy_price unavailable
CRITICAL:strat7:2022-11-20 16:50:26,007:12359: Yes my_avgbuy_price unavailable
CRITICAL:strat7:2022-11-20 16:50:28,201:12359: Yes my_avgbuy_price unavailable
CRITICAL:strat7:2022-11-20 16:50:46,493:12360: No my_buy_price unavailable
CRITICAL:strat7:2022-11-20 16:50:49,910:12360: No my_buy_price unavailable
CRITICAL:strat7:2022-11-20 16:52:43,886:12359: Yes my_avgbuy_price unavailable
CRITICAL:strat7:2022-11-20 16:52:46,588:12359: Yes my_avgbuy_price unavailable
CRITICAL:strat7:2022-11-20 16:53:02,287:12360: No my_buy_price unavailable
CRITICAL:strat7:2022-11-20 16:53:04,451:12360: No my_buy_price unavailable
CRITICAL:strat7:2022-11-20 16:54:53,610:12359: Yes my_avgbuy_price unavailable
CRITICAL:strat7:2022-11-20 16:54:56,213:12359: Yes my_avgbuy_price unavailable
CRITICAL:strat7:2022-11-20 16:55:11,311:12360: No my_buy_price unavailable
CRITICAL:strat7:2022-11-20 16:55:13,861:12360: No my_buy_price unavailable
CRITICAL:strat7:2022-11-20 16:57:01,192:12359: Yes my_avgbuy_price unavailable
CRITICAL:strat7:2022-11-20 16:57:03,828:12359: Yes my_avgbuy_price unavailable
CRITICAL:strat7:2022-11-20 16:57:19,000:12360: No my_buy_price unavailable
CRITICAL:strat7:2022-11-20 16:57:21,647:12360: No my_buy_price unavailable
CRITICAL:strat7:2022-11-20 16:59:12,166:12359: Yes my_avgbuy_price unavailable
CRITICAL:strat7:2022-11-20 16:59:14,744:12359: Yes my_avgbuy_price unavailable
CRITICAL:strat7:2022-11-20 16:59:30,019:12360: No my_buy_price unavailable
CRITICAL:strat7:2022-11-20 16:59:32,675:12360: No my_buy_price unavailable
CRITICAL:strat7:2022-11-20 17:01:23,717:12359: Yes my_avgbuy_price unavailable
CRITICAL:strat7:2022-11-20 17:01:26,280:12359: Yes my_avgbuy_price unavailable
CRITICAL:strat7:2022-11-20 17:01:40,969:12360: No my_buy_price unavailable
CRITICAL:strat7:2022-11-20 17:01:43,597:12360: No my_buy_price unavailable
CRITICAL:strat7:2022-11-20 17:03:28,585:12359: Yes my_avgbuy_price unavailable
CRITICAL:strat7:2022-11-20 17:03:30,589:12359: Yes my_avgbuy_price unavailable
CRITICAL:strat7:2022-11-20 17:03:45,135:12360: No my_buy_price unavailable
CRITICAL:strat7:2022-11-20 17:03:47,689:12360: No my_buy_price unavailable
CRITICAL:strat7:2022-11-20 17:05:48,848:12360: No my_buy_price unavailable
CRITICAL:strat7:2022-11-20 17:05:51,498:12360: No my_buy_price unavailable
CRITICAL:strat7:2022-11-20 17:06:08,993:12361: No my_buy_price unavailable
CRITICAL:strat7:2022-11-20 17:06:11,393:12361: No my_buy_price unavailable
CRITICAL:strat7:2022-11-20 17:07:45,493:12359: No my_buy_price unavailable
CRITICAL:strat7:2022-11-20 17:07:47,580:12359: No my_buy_price unavailable
CRITICAL:strat7:2022-11-20 17:08:04,061:12360: No my_buy_price unavailable
CRITICAL:strat7:2022-11-20 17:08:06,726:12360: No my_buy_price unavailable
CRITICAL:strat7:2022-11-20 17:08:24,203:12361: No my_buy_price unavailable
CRITICAL:strat7:2022-11-20 17:08:27,180:12361: No my_buy_price unavailable
CRITICAL:strat7:2022-11-20 17:09:59,539:12359: No my_buy_price unavailable
CRITICAL:strat7:2022-11-20 17:10:02,419:12359: No my_buy_price unavailable
CRITICAL:strat7:2022-11-20 17:10:24,041:12360: No my_buy_price unavailable
CRITICAL:strat7:2022-11-20 17:10:26,944:12360: No my_buy_price unavailable
CRITICAL:strat7:2022-11-20 17:10:43,822:12361: No my_buy_price unavailable
CRITICAL:strat7:2022-11-20 17:10:46,492:12361: No my_buy_price unavailable
CRITICAL:strat7:2022-11-20 17:12:22,865:12359: Yes my_avgbuy_price unavailable
CRITICAL:strat7:2022-11-20 17:12:26,333:12359: Yes my_avgbuy_price unavailable
CRITICAL:strat7:2022-11-20 17:12:42,898:12360: No my_buy_price unavailable
CRITICAL:strat7:2022-11-20 17:12:45,545:12360: No my_buy_price unavailable
CRITICAL:strat7:2022-11-20 17:13:02,136:12361: No my_buy_price unavailable
CRITICAL:strat7:2022-11-20 17:13:04,862:12361: No my_buy_price unavailable
CRITICAL:strat7:2022-11-20 17:14:32,963:12359: Yes my_avgbuy_price unavailable
CRITICAL:strat7:2022-11-20 17:14:35,089:12359: Yes my_avgbuy_price unavailable
CRITICAL:strat7:2022-11-20 17:14:49,904:12360: No my_buy_price unavailable
CRITICAL:strat7:2022-11-20 17:14:52,396:12360: No my_buy_price unavailable
CRITICAL:strat7:2022-11-20 17:15:10,028:12361: No my_buy_price unavailable
CRITICAL:strat7:2022-11-20 17:15:12,613:12361: No my_buy_price unavailable
CRITICAL:strat7:2022-11-20 17:17:02,037:12360: No my_buy_price unavailable
CRITICAL:strat7:2022-11-20 17:17:04,750:12360: No my_buy_price unavailable
CRITICAL:strat7:2022-11-20 17:17:19,477:12361: No my_buy_price unavailable
CRITICAL:strat7:2022-11-20 17:17:22,243:12361: No my_buy_price unavailable
CRITICAL:strat7:2022-11-20 17:19:15,404:12360: No my_buy_price unavailable
CRITICAL:strat7:2022-11-20 17:19:17,974:12360: No my_buy_price unavailable
CRITICAL:strat7:2022-11-20 17:19:33,303:12361: No my_buy_price unavailable
CRITICAL:strat7:2022-11-20 17:19:36,035:12361: No my_buy_price unavailable
CRITICAL:strat7:2022-11-20 17:21:23,581:12360: No my_buy_price unavailable
CRITICAL:strat7:2022-11-20 17:21:26,109:12360: No my_buy_price unavailable
CRITICAL:strat7:2022-11-20 17:23:33,876:12360: No my_buy_price unavailable
CRITICAL:strat7:2022-11-20 17:23:36,515:12360: No my_buy_price unavailable
CRITICAL:strat7:2022-11-20 17:25:26,261:12359: Yes my_avgbuy_price unavailable
CRITICAL:strat7:2022-11-20 17:25:28,339:12359: Yes my_avgbuy_price unavailable
CRITICAL:strat7:2022-11-20 17:25:43,811:12360: No my_buy_price unavailable
CRITICAL:strat7:2022-11-20 17:25:46,469:12360: No my_buy_price unavailable
CRITICAL:strat7:2022-11-20 17:27:37,157:12359: No my_buy_price unavailable
CRITICAL:strat7:2022-11-20 17:27:40,703:12359: No my_buy_price unavailable
CRITICAL:strat7:2022-11-20 17:27:56,126:12360: No my_buy_price unavailable
CRITICAL:strat7:2022-11-20 17:27:58,733:12360: No my_buy_price unavailable
CRITICAL:strat7:2022-11-20 17:29:45,576:12359: No my_buy_price unavailable
CRITICAL:strat7:2022-11-20 17:29:47,588:12359: No my_buy_price unavailable
CRITICAL:strat7:2022-11-20 17:30:02,993:12360: No my_buy_price unavailable
CRITICAL:strat7:2022-11-20 17:30:05,628:12360: No my_buy_price unavailable
CRITICAL:strat7:2022-11-20 17:31:53,045:12359: No my_buy_price unavailable
CRITICAL:strat7:2022-11-20 17:31:55,877:12359: No my_buy_price unavailable
CRITICAL:strat7:2022-11-20 17:32:15,904:12360: No my_buy_price unavailable
CRITICAL:strat7:2022-11-20 17:32:18,798:12360: No my_buy_price unavailable
CRITICAL:strat7:2022-11-20 17:34:07,378:12359: No my_buy_price unavailable
CRITICAL:strat7:2022-11-20 17:34:09,863:12359: No my_buy_price unavailable
CRITICAL:strat7:2022-11-20 17:34:25,489:12360: No my_buy_price unavailable
CRITICAL:strat7:2022-11-20 17:34:28,255:12360: No my_buy_price unavailable
CRITICAL:strat7:2022-11-20 17:36:19,433:12359: No my_buy_price unavailable
CRITICAL:strat7:2022-11-20 17:36:21,720:12359: No my_buy_price unavailable
CRITICAL:strat7:2022-11-20 17:36:38,652:12360: No my_buy_price unavailable
CRITICAL:strat7:2022-11-20 17:36:41,771:12360: No my_buy_price unavailable
CRITICAL:strat7:2022-11-20 17:38:26,810:12359: No my_buy_price unavailable
CRITICAL:strat7:2022-11-20 17:38:29,436:12359: No my_buy_price unavailable
CRITICAL:strat7:2022-11-20 17:38:44,552:12360: No my_buy_price unavailable
CRITICAL:strat7:2022-11-20 17:38:47,221:12360: No my_buy_price unavailable
CRITICAL:strat7:2022-11-20 17:40:33,208:12359: No my_buy_price unavailable
CRITICAL:strat7:2022-11-20 17:40:35,790:12359: No my_buy_price unavailable
CRITICAL:strat7:2022-11-20 17:40:50,703:12360: No my_buy_price unavailable
CRITICAL:strat7:2022-11-20 17:40:53,257:12360: No my_buy_price unavailable
CRITICAL:strat7:2022-11-20 17:42:36,403:12359: No my_buy_price unavailable
CRITICAL:strat7:2022-11-20 17:42:38,963:12359: No my_buy_price unavailable
CRITICAL:strat7:2022-11-20 17:42:56,268:12360: No my_buy_price unavailable
CRITICAL:strat7:2022-11-20 17:42:58,825:12360: No my_buy_price unavailable
CRITICAL:strat7:2022-11-20 17:44:44,705:12359: No my_buy_price unavailable
CRITICAL:strat7:2022-11-20 17:44:47,359:12359: No my_buy_price unavailable
CRITICAL:strat7:2022-11-20 17:45:03,761:12360: No my_buy_price unavailable
CRITICAL:strat7:2022-11-20 17:45:06,461:12360: No my_buy_price unavailable
CRITICAL:strat7:2022-11-20 17:46:48,763:12359: No my_buy_price unavailable
CRITICAL:strat7:2022-11-20 17:46:51,388:12359: No my_buy_price unavailable
CRITICAL:strat7:2022-11-20 17:47:06,236:12360: No my_buy_price unavailable
CRITICAL:strat7:2022-11-20 17:47:08,765:12360: No my_buy_price unavailable
CRITICAL:strat7:2022-11-20 17:47:26,806:12361: No my_buy_price unavailable
CRITICAL:strat7:2022-11-20 17:47:28,950:12361: No my_buy_price unavailable
CRITICAL:strat7:2022-11-20 17:49:01,326:12359: No my_buy_price unavailable
CRITICAL:strat7:2022-11-20 17:49:03,570:12359: No my_buy_price unavailable
CRITICAL:strat7:2022-11-20 17:49:20,277:12360: No my_buy_price unavailable
CRITICAL:strat7:2022-11-20 17:49:22,820:12360: No my_buy_price unavailable
CRITICAL:strat7:2022-11-20 17:49:43,112:12361: No my_buy_price unavailable
CRITICAL:strat7:2022-11-20 17:51:17,038:12359: No my_buy_price unavailable
CRITICAL:strat7:2022-11-20 17:51:19,298:12359: No my_buy_price unavailable
CRITICAL:strat7:2022-11-20 17:51:35,337:12360: No my_buy_price unavailable
CRITICAL:strat7:2022-11-20 17:51:37,940:12360: No my_buy_price unavailable
CRITICAL:strat7:2022-11-20 17:53:43,083:12360: No my_buy_price unavailable
CRITICAL:strat7:2022-11-20 17:53:45,756:12360: No my_buy_price unavailable
CRITICAL:strat7:2022-11-20 17:55:59,183:12360: No my_buy_price unavailable
CRITICAL:strat7:2022-11-20 17:56:02,987:12360: No my_buy_price unavailable
CRITICAL:strat7:2022-11-20 17:58:14,477:12360: No my_buy_price unavailable
CRITICAL:strat7:2022-11-20 17:58:18,193:12360: No my_buy_price unavailable
CRITICAL:strat7:2022-11-20 18:00:28,384:12360: No my_buy_price unavailable
CRITICAL:strat7:2022-11-20 18:00:32,290:12360: No my_buy_price unavailable
CRITICAL:strat7:2022-11-20 18:02:22,894:12359: No my_buy_price unavailable
CRITICAL:strat7:2022-11-20 18:02:41,609:12360: No my_buy_price unavailable
CRITICAL:strat7:2022-11-20 18:02:45,374:12360: No my_buy_price unavailable
CRITICAL:strat7:2022-11-20 18:03:04,744:12361: No my_buy_price unavailable
CRITICAL:strat7:2022-11-20 18:03:07,693:12361: No my_buy_price unavailable
CRITICAL:strat7:2022-11-20 18:04:41,456:12359: No my_buy_price unavailable
CRITICAL:strat7:2022-11-20 18:04:44,712:12359: No my_buy_price unavailable
CRITICAL:strat7:2022-11-20 18:05:01,779:12360: No my_buy_price unavailable
CRITICAL:strat7:2022-11-20 18:05:04,959:12360: No my_buy_price unavailable
CRITICAL:strat7:2022-11-20 18:05:23,903:12361: No my_buy_price unavailable
CRITICAL:strat7:2022-11-20 18:05:27,702:12361: No my_buy_price unavailable
CRITICAL:strat7:2022-11-20 18:07:02,473:12359: No my_buy_price unavailable
CRITICAL:strat7:2022-11-20 18:07:06,050:12359: No my_buy_price unavailable
CRITICAL:strat7:2022-11-20 18:07:25,245:12360: No my_buy_price unavailable
CRITICAL:strat7:2022-11-20 18:07:29,171:12360: No my_buy_price unavailable
CRITICAL:strat7:2022-11-20 18:07:44,557:12361: No my_buy_price unavailable
CRITICAL:strat7:2022-11-20 18:07:47,133:12361: No my_buy_price unavailable
CRITICAL:strat7:2022-11-20 18:09:20,704:12359: No my_buy_price unavailable
CRITICAL:strat7:2022-11-20 18:09:24,545:12359: No my_buy_price unavailable
CRITICAL:strat7:2022-11-20 18:09:43,473:12360: No my_buy_price unavailable
CRITICAL:strat7:2022-11-20 18:09:46,806:12360: No my_buy_price unavailable
CRITICAL:strat7:2022-11-20 18:11:46,085:12359: No my_buy_price unavailable
CRITICAL:strat7:2022-11-20 18:11:49,743:12359: No my_buy_price unavailable
CRITICAL:strat7:2022-11-20 18:12:09,173:12360: No my_buy_price unavailable
CRITICAL:strat7:2022-11-20 18:12:12,763:12360: No my_buy_price unavailable
CRITICAL:strat7:2022-11-20 18:14:27,927:12360: No my_buy_price unavailable
CRITICAL:strat7:2022-11-20 18:14:30,875:12360: No my_buy_price unavailable
CRITICAL:strat7:2022-11-20 18:16:14,737:12358: Yes my_avgbuy_price unavailable
CRITICAL:strat7:2022-11-20 18:16:17,395:12358: Yes my_avgbuy_price unavailable
CRITICAL:strat7:2022-11-20 18:16:58,540:12360: No my_buy_price unavailable
CRITICAL:strat7:2022-11-20 18:17:02,497:12360: No my_buy_price unavailable
CRITICAL:strat7:2022-11-20 18:18:42,123:12358: Yes my_avgbuy_price unavailable
CRITICAL:strat7:2022-11-20 18:18:46,034:12358: Yes my_avgbuy_price unavailable
CRITICAL:strat7:2022-11-20 18:19:29,500:12360: No my_buy_price unavailable
CRITICAL:strat7:2022-11-20 18:19:32,954:12360: No my_buy_price unavailable
CRITICAL:strat7:2022-11-20 18:19:55,097:12361: No my_buy_price unavailable
CRITICAL:strat7:2022-11-20 18:19:58,453:12361: No my_buy_price unavailable
CRITICAL:strat7:2022-11-20 18:21:14,304:12358: Yes my_avgbuy_price unavailable
CRITICAL:strat7:2022-11-20 18:21:16,843:12358: Yes my_avgbuy_price unavailable
CRITICAL:strat7:2022-11-20 18:21:52,027:12360: No my_buy_price unavailable
CRITICAL:strat7:2022-11-20 18:21:54,553:12360: No my_buy_price unavailable
CRITICAL:strat7:2022-11-20 18:23:32,349:12358: Yes my_avgbuy_price unavailable
CRITICAL:strat7:2022-11-20 18:23:35,044:12358: Yes my_avgbuy_price unavailable
CRITICAL:strat7:2022-11-20 18:23:53,687:12359: No my_buy_price unavailable
CRITICAL:strat7:2022-11-20 18:23:55,686:12359: No my_buy_price unavailable
CRITICAL:strat7:2022-11-20 18:24:11,402:12360: No my_buy_price unavailable
CRITICAL:strat7:2022-11-20 18:24:13,993:12360: No my_buy_price unavailable
CRITICAL:strat7:2022-11-20 18:25:49,757:12358: Yes my_avgbuy_price unavailable
CRITICAL:strat7:2022-11-20 18:25:51,708:12358: Yes my_avgbuy_price unavailable
CRITICAL:strat7:2022-11-20 18:26:09,702:12359: No my_buy_price unavailable
CRITICAL:strat7:2022-11-20 18:26:11,675:12359: No my_buy_price unavailable
CRITICAL:strat7:2022-11-20 18:26:26,034:12360: No my_buy_price unavailable
CRITICAL:strat7:2022-11-20 18:26:28,467:12360: No my_buy_price unavailable
CRITICAL:strat7:2022-11-20 18:27:57,663:12358: Yes my_avgbuy_price unavailable
CRITICAL:strat7:2022-11-20 18:28:00,152:12358: Yes my_avgbuy_price unavailable
CRITICAL:strat7:2022-11-20 18:28:17,809:12359: No my_buy_price unavailable
CRITICAL:strat7:2022-11-20 18:28:19,763:12359: No my_buy_price unavailable
CRITICAL:strat7:2022-11-20 18:28:34,324:12360: No my_buy_price unavailable
CRITICAL:strat7:2022-11-20 18:28:36,765:12360: No my_buy_price unavailable
CRITICAL:strat7:2022-11-20 18:30:13,318:12358: Yes my_avgbuy_price unavailable
CRITICAL:strat7:2022-11-20 18:30:15,733:12358: Yes my_avgbuy_price unavailable
CRITICAL:strat7:2022-11-20 18:30:29,599:12359: No my_buy_price unavailable
CRITICAL:strat7:2022-11-20 18:30:31,551:12359: No my_buy_price unavailable
CRITICAL:strat7:2022-11-20 18:30:45,978:12360: No my_buy_price unavailable
CRITICAL:strat7:2022-11-20 18:30:48,670:12360: No my_buy_price unavailable
CRITICAL:strat7:2022-11-20 18:32:25,368:12358: Yes my_avgbuy_price unavailable
CRITICAL:strat7:2022-11-20 18:32:27,845:12358: Yes my_avgbuy_price unavailable
CRITICAL:strat7:2022-11-20 18:32:42,744:12359: No my_buy_price unavailable
CRITICAL:strat7:2022-11-20 18:32:45,171:12359: No my_buy_price unavailable
CRITICAL:strat7:2022-11-20 18:32:59,318:12360: No my_buy_price unavailable
CRITICAL:strat7:2022-11-20 18:33:01,798:12360: No my_buy_price unavailable
CRITICAL:strat7:2022-11-20 18:34:35,725:12358: Yes my_avgbuy_price unavailable
CRITICAL:strat7:2022-11-20 18:34:38,301:12358: Yes my_avgbuy_price unavailable
CRITICAL:strat7:2022-11-20 18:34:54,398:12359: No my_buy_price unavailable
CRITICAL:strat7:2022-11-20 18:34:56,945:12359: No my_buy_price unavailable
CRITICAL:strat7:2022-11-20 18:35:11,872:12360: No my_buy_price unavailable
CRITICAL:strat7:2022-11-20 18:35:14,595:12360: No my_buy_price unavailable
CRITICAL:strat7:2022-11-20 18:36:48,658:12358: Yes my_avgbuy_price unavailable
CRITICAL:strat7:2022-11-20 18:36:51,214:12358: Yes my_avgbuy_price unavailable
CRITICAL:strat7:2022-11-20 18:37:06,829:12359: No my_buy_price unavailable
CRITICAL:strat7:2022-11-20 18:37:09,289:12359: No my_buy_price unavailable
CRITICAL:strat7:2022-11-20 18:37:25,456:12360: No my_buy_price unavailable
CRITICAL:strat7:2022-11-20 18:37:28,822:12360: No my_buy_price unavailable
CRITICAL:strat7:2022-11-20 18:39:03,285:12358: Yes my_avgbuy_price unavailable
CRITICAL:strat7:2022-11-20 18:39:06,437:12358: Yes my_avgbuy_price unavailable
CRITICAL:strat7:2022-11-20 18:39:24,580:12359: No my_buy_price unavailable
CRITICAL:strat7:2022-11-20 18:39:27,653:12359: No my_buy_price unavailable
CRITICAL:strat7:2022-11-20 18:39:45,389:12360: No my_buy_price unavailable
CRITICAL:strat7:2022-11-20 18:39:48,954:12360: No my_buy_price unavailable
CRITICAL:strat7:2022-11-20 18:41:25,425:12358: Yes my_avgbuy_price unavailable
CRITICAL:strat7:2022-11-20 18:41:28,644:12358: Yes my_avgbuy_price unavailable
CRITICAL:strat7:2022-11-20 18:42:14,353:12360: No my_buy_price unavailable
CRITICAL:strat7:2022-11-20 18:42:17,586:12360: No my_buy_price unavailable
CRITICAL:strat7:2022-11-20 18:43:49,066:12358: Yes my_avgbuy_price unavailable
CRITICAL:strat7:2022-11-20 18:43:51,513:12358: Yes my_avgbuy_price unavailable
CRITICAL:strat7:2022-11-20 18:44:27,689:12360: No my_buy_price unavailable
CRITICAL:strat7:2022-11-20 18:44:30,262:12360: No my_buy_price unavailable
CRITICAL:strat7:2022-11-20 18:46:02,585:12358: Yes my_avgbuy_price unavailable
CRITICAL:strat7:2022-11-20 18:46:06,110:12358: Yes my_avgbuy_price unavailable
CRITICAL:strat7:2022-11-20 18:46:26,057:12359: No my_buy_price unavailable
CRITICAL:strat7:2022-11-20 18:46:28,362:12359: No my_buy_price unavailable
CRITICAL:strat7:2022-11-20 18:46:50,002:12360: No my_buy_price unavailable
CRITICAL:strat7:2022-11-20 18:46:52,635:12360: No my_buy_price unavailable
CRITICAL:strat7:2022-11-20 18:48:27,549:12358: Yes my_avgbuy_price unavailable
CRITICAL:strat7:2022-11-20 18:48:31,732:12358: Yes my_avgbuy_price unavailable
CRITICAL:strat7:2022-11-20 18:48:48,702:12359: No my_buy_price unavailable
CRITICAL:strat7:2022-11-20 18:48:52,568:12359: No my_buy_price unavailable
CRITICAL:strat7:2022-11-20 18:49:09,764:12360: No my_buy_price unavailable
CRITICAL:strat7:2022-11-20 18:49:13,343:12360: No my_buy_price unavailable
CRITICAL:strat7:2022-11-20 18:50:47,091:12358: Yes my_avgbuy_price unavailable
CRITICAL:strat7:2022-11-20 18:50:50,435:12358: Yes my_avgbuy_price unavailable
CRITICAL:strat7:2022-11-20 18:51:07,385:12359: No my_buy_price unavailable
CRITICAL:strat7:2022-11-20 18:51:11,247:12359: No my_buy_price unavailable
CRITICAL:strat7:2022-11-20 18:51:29,776:12360: No my_buy_price unavailable
CRITICAL:strat7:2022-11-20 18:51:33,652:12360: No my_buy_price unavailable
CRITICAL:strat7:2022-11-20 18:53:15,821:12358: Yes my_avgbuy_price unavailable
CRITICAL:strat7:2022-11-20 18:53:19,024:12358: Yes my_avgbuy_price unavailable
CRITICAL:strat7:2022-11-20 18:53:40,416:12359: No my_buy_price unavailable
CRITICAL:strat7:2022-11-20 18:53:43,219:12359: No my_buy_price unavailable
CRITICAL:strat7:2022-11-20 18:54:01,529:12360: No my_buy_price unavailable
CRITICAL:strat7:2022-11-20 18:54:04,738:12360: No my_buy_price unavailable
CRITICAL:strat7:2022-11-20 18:54:28,111:12361: No my_buy_price unavailable
CRITICAL:strat7:2022-11-20 18:54:30,723:12361: No my_buy_price unavailable
CRITICAL:strat7:2022-11-20 18:55:51,298:12358: Yes my_avgbuy_price unavailable
CRITICAL:strat7:2022-11-20 18:55:53,783:12358: Yes my_avgbuy_price unavailable
CRITICAL:strat7:2022-11-20 18:56:29,701:12360: No my_buy_price unavailable
CRITICAL:strat7:2022-11-20 18:56:32,146:12360: No my_buy_price unavailable
CRITICAL:strat7:2022-11-20 18:56:52,448:12361: No my_buy_price unavailable
CRITICAL:strat7:2022-11-20 18:56:55,530:12361: No my_buy_price unavailable
CRITICAL:strat7:2022-11-20 18:58:12,304:12358: Yes my_avgbuy_price unavailable
CRITICAL:strat7:2022-11-20 18:58:15,504:12358: Yes my_avgbuy_price unavailable
CRITICAL:strat7:2022-11-20 18:59:01,589:12360: No my_buy_price unavailable
CRITICAL:strat7:2022-11-20 18:59:05,252:12360: No my_buy_price unavailable
CRITICAL:strat7:2022-11-20 18:59:23,234:12361: No my_buy_price unavailable
CRITICAL:strat7:2022-11-20 18:59:25,899:12361: No my_buy_price unavailable
CRITICAL:strat7:2022-11-20 19:00:43,734:12358: Yes my_avgbuy_price unavailable
CRITICAL:strat7:2022-11-20 19:00:47,671:12358: Yes my_avgbuy_price unavailable
CRITICAL:strat7:2022-11-20 19:01:29,899:12360: No my_buy_price unavailable
CRITICAL:strat7:2022-11-20 19:01:33,538:12360: No my_buy_price unavailable
CRITICAL:strat7:2022-11-20 19:01:55,653:12361: No my_buy_price unavailable
CRITICAL:strat7:2022-11-20 19:01:58,474:12361: No my_buy_price unavailable
CRITICAL:strat7:2022-11-20 19:03:13,445:12358: Yes my_avgbuy_price unavailable
CRITICAL:strat7:2022-11-20 19:03:15,460:12358: Yes my_avgbuy_price unavailable
CRITICAL:strat7:2022-11-20 19:03:50,624:12360: No my_buy_price unavailable
CRITICAL:strat7:2022-11-20 19:03:54,568:12360: No my_buy_price unavailable
CRITICAL:strat7:2022-11-20 19:04:10,939:12361: No my_buy_price unavailable
CRITICAL:strat7:2022-11-20 19:04:13,235:12361: No my_buy_price unavailable
CRITICAL:strat7:2022-11-20 19:05:29,970:12358: Yes my_avgbuy_price unavailable
CRITICAL:strat7:2022-11-20 19:05:33,334:12358: Yes my_avgbuy_price unavailable
CRITICAL:strat7:2022-11-20 19:06:06,068:12360: No my_buy_price unavailable
CRITICAL:strat7:2022-11-20 19:06:09,582:12360: No my_buy_price unavailable
CRITICAL:strat7:2022-11-20 19:06:27,495:12361: No my_buy_price unavailable
CRITICAL:strat7:2022-11-20 19:06:29,522:12361: No my_buy_price unavailable
CRITICAL:strat7:2022-11-20 19:07:46,621:12358: Yes my_avgbuy_price unavailable
CRITICAL:strat7:2022-11-20 19:07:49,023:12358: Yes my_avgbuy_price unavailable
CRITICAL:strat7:2022-11-20 19:08:10,162:12359: Yes my_avgbuy_price unavailable
CRITICAL:strat7:2022-11-20 19:08:16,126:12359: Yes my_avgbuy_price unavailable
CRITICAL:strat7:2022-11-20 19:08:35,088:12360: No my_buy_price unavailable
CRITICAL:strat7:2022-11-20 19:08:38,942:12360: No my_buy_price unavailable
CRITICAL:strat7:2022-11-20 19:08:54,746:12361: No my_buy_price unavailable
CRITICAL:strat7:2022-11-20 19:08:56,700:12361: No my_buy_price unavailable
CRITICAL:strat7:2022-11-20 19:10:13,993:12358: Yes my_avgbuy_price unavailable
CRITICAL:strat7:2022-11-20 19:10:16,992:12358: Yes my_avgbuy_price unavailable
CRITICAL:strat7:2022-11-20 19:10:38,115:12359: Yes my_avgbuy_price unavailable
CRITICAL:strat7:2022-11-20 19:10:45,151:12359: Yes my_avgbuy_price unavailable
CRITICAL:strat7:2022-11-20 19:11:03,039:12360: No my_buy_price unavailable
CRITICAL:strat7:2022-11-20 19:11:06,257:12360: No my_buy_price unavailable
CRITICAL:strat7:2022-11-20 19:11:23,178:12361: No my_buy_price unavailable
CRITICAL:strat7:2022-11-20 19:11:25,166:12361: No my_buy_price unavailable
CRITICAL:strat7:2022-11-20 19:12:42,036:12358: Yes my_avgbuy_price unavailable
CRITICAL:strat7:2022-11-20 19:12:45,225:12358: Yes my_avgbuy_price unavailable
CRITICAL:strat7:2022-11-20 19:13:03,190:12359: Yes my_avgbuy_price unavailable
CRITICAL:strat7:2022-11-20 19:13:07,335:12359: Yes my_avgbuy_price unavailable
CRITICAL:strat7:2022-11-20 19:13:26,440:12360: No my_buy_price unavailable
CRITICAL:strat7:2022-11-20 19:13:30,186:12360: No my_buy_price unavailable
CRITICAL:strat7:2022-11-20 19:13:48,488:12361: No my_buy_price unavailable
CRITICAL:strat7:2022-11-20 19:15:49,967:12360: No my_buy_price unavailable
CRITICAL:strat7:2022-11-20 19:15:52,818:12360: No my_buy_price unavailable
CRITICAL:strat7:2022-11-20 19:16:07,508:12361: No my_buy_price unavailable
CRITICAL:strat7:2022-11-20 19:17:59,318:12360: No my_buy_price unavailable
CRITICAL:strat7:2022-11-20 19:18:02,328:12360: No my_buy_price unavailable
CRITICAL:strat7:2022-11-20 19:18:16,909:12361: No my_buy_price unavailable
CRITICAL:strat7:2022-11-20 19:19:55,536:12359: Yes my_avgbuy_price unavailable
CRITICAL:strat7:2022-11-20 19:19:58,641:12359: Yes my_avgbuy_price unavailable
CRITICAL:strat7:2022-11-20 19:20:15,565:12360: No my_buy_price unavailable
CRITICAL:strat7:2022-11-20 19:20:18,510:12360: No my_buy_price unavailable
CRITICAL:strat7:2022-11-20 19:20:33,336:12361: No my_buy_price unavailable
CRITICAL:strat7:2022-11-20 19:20:35,040:12361: No my_buy_price unavailable
CRITICAL:strat7:2022-11-20 19:22:12,790:12359: Yes my_avgbuy_price unavailable
CRITICAL:strat7:2022-11-20 19:22:19,007:12359: Yes my_avgbuy_price unavailable
CRITICAL:strat7:2022-11-20 19:22:35,315:12360: No my_buy_price unavailable
CRITICAL:strat7:2022-11-20 19:22:38,376:12360: No my_buy_price unavailable
CRITICAL:strat7:2022-11-20 19:22:52,959:12361: No my_buy_price unavailable
CRITICAL:strat7:2022-11-20 19:22:54,750:12361: No my_buy_price unavailable
CRITICAL:strat7:2022-11-20 19:24:48,374:12360: No my_buy_price unavailable
CRITICAL:strat7:2022-11-20 19:24:51,245:12360: No my_buy_price unavailable
CRITICAL:strat7:2022-11-20 19:25:05,965:12361: No my_buy_price unavailable
CRITICAL:strat7:2022-11-20 19:25:07,681:12361: No my_buy_price unavailable
CRITICAL:strat7:2022-11-20 19:27:00,093:12360: No my_buy_price unavailable
CRITICAL:strat7:2022-11-20 19:27:02,994:12360: No my_buy_price unavailable
CRITICAL:strat7:2022-11-20 19:27:17,033:12361: No my_buy_price unavailable
CRITICAL:strat7:2022-11-20 19:27:18,786:12361: No my_buy_price unavailable
CRITICAL:strat7:2022-11-20 19:28:33,891:12358: Yes my_avgbuy_price unavailable
CRITICAL:strat7:2022-11-20 19:28:36,776:12358: Yes my_avgbuy_price unavailable
CRITICAL:strat7:2022-11-20 19:29:16,276:12360: No my_buy_price unavailable
CRITICAL:strat7:2022-11-20 19:29:19,137:12360: No my_buy_price unavailable
CRITICAL:strat7:2022-11-20 19:29:33,600:12361: No my_buy_price unavailable
CRITICAL:strat7:2022-11-20 19:29:35,304:12361: No my_buy_price unavailable
CRITICAL:strat7:2022-11-20 19:30:50,728:12358: Yes my_avgbuy_price unavailable
CRITICAL:strat7:2022-11-20 19:30:53,568:12358: Yes my_avgbuy_price unavailable
CRITICAL:strat7:2022-11-20 19:31:10,832:12359: Yes my_avgbuy_price unavailable
CRITICAL:strat7:2022-11-20 19:31:14,541:12359: Yes my_avgbuy_price unavailable
CRITICAL:strat7:2022-11-20 19:31:29,744:12360: No my_buy_price unavailable
CRITICAL:strat7:2022-11-20 19:31:32,642:12360: No my_buy_price unavailable
CRITICAL:strat7:2022-11-20 19:31:47,349:12361: No my_buy_price unavailable
CRITICAL:strat7:2022-11-20 19:31:49,140:12361: No my_buy_price unavailable
CRITICAL:strat7:2022-11-20 19:33:03,545:12358: Yes my_avgbuy_price unavailable
CRITICAL:strat7:2022-11-20 19:33:05,295:12358: Yes my_avgbuy_price unavailable
CRITICAL:strat7:2022-11-20 19:33:23,886:12359: Yes my_avgbuy_price unavailable
CRITICAL:strat7:2022-11-20 19:33:26,192:12359: Yes my_avgbuy_price unavailable
CRITICAL:strat7:2022-11-20 19:33:41,358:12360: No my_buy_price unavailable
CRITICAL:strat7:2022-11-20 19:33:44,257:12360: No my_buy_price unavailable
CRITICAL:strat7:2022-11-20 19:33:58,813:12361: No my_buy_price unavailable
CRITICAL:strat7:2022-11-20 19:34:00,518:12361: No my_buy_price unavailable
CRITICAL:strat7:2022-11-20 19:35:16,063:12358: Yes my_avgbuy_price unavailable
CRITICAL:strat7:2022-11-20 19:35:17,816:12358: Yes my_avgbuy_price unavailable
CRITICAL:strat7:2022-11-20 19:35:33,147:12359: Yes my_avgbuy_price unavailable
CRITICAL:strat7:2022-11-20 19:35:36,063:12359: Yes my_avgbuy_price unavailable
CRITICAL:strat7:2022-11-20 19:35:51,871:12360: No my_buy_price unavailable
CRITICAL:strat7:2022-11-20 19:35:55,099:12360: No my_buy_price unavailable
CRITICAL:strat7:2022-11-20 19:36:10,482:12361: No my_buy_price unavailable
CRITICAL:strat7:2022-11-20 19:36:12,242:12361: No my_buy_price unavailable
CRITICAL:strat7:2022-11-20 19:37:26,900:12358: Yes my_avgbuy_price unavailable
CRITICAL:strat7:2022-11-20 19:37:28,628:12358: Yes my_avgbuy_price unavailable
CRITICAL:strat7:2022-11-20 19:37:45,816:12359: Yes my_avgbuy_price unavailable
CRITICAL:strat7:2022-11-20 19:37:49,041:12359: Yes my_avgbuy_price unavailable
CRITICAL:strat7:2022-11-20 19:38:05,644:12360: No my_buy_price unavailable
CRITICAL:strat7:2022-11-20 19:38:08,915:12360: No my_buy_price unavailable
CRITICAL:strat7:2022-11-20 19:38:24,856:12361: No my_buy_price unavailable
CRITICAL:strat7:2022-11-20 19:38:26,644:12361: No my_buy_price unavailable
CRITICAL:strat7:2022-11-20 19:39:41,028:12358: Yes my_avgbuy_price unavailable
CRITICAL:strat7:2022-11-20 19:39:42,728:12358: Yes my_avgbuy_price unavailable
CRITICAL:strat7:2022-11-20 19:40:00,147:12359: No my_buy_price unavailable
CRITICAL:strat7:2022-11-20 19:40:03,879:12359: No my_buy_price unavailable
CRITICAL:strat7:2022-11-20 19:40:19,530:12360: No my_buy_price unavailable
CRITICAL:strat7:2022-11-20 19:40:22,538:12360: No my_buy_price unavailable
CRITICAL:strat7:2022-11-20 19:40:36,735:12361: No my_buy_price unavailable
CRITICAL:strat7:2022-11-20 19:40:38,418:12361: No my_buy_price unavailable
CRITICAL:strat7:2022-11-20 19:41:52,362:12358: Yes my_avgbuy_price unavailable
CRITICAL:strat7:2022-11-20 19:41:54,075:12358: Yes my_avgbuy_price unavailable
CRITICAL:strat7:2022-11-20 19:42:11,361:12359: Yes my_avgbuy_price unavailable
CRITICAL:strat7:2022-11-20 19:42:14,988:12359: Yes my_avgbuy_price unavailable
CRITICAL:strat7:2022-11-20 19:42:30,201:12360: No my_buy_price unavailable
CRITICAL:strat7:2022-11-20 19:42:33,140:12360: No my_buy_price unavailable
CRITICAL:strat7:2022-11-20 19:42:47,489:12361: No my_buy_price unavailable
CRITICAL:strat7:2022-11-20 19:42:49,223:12361: No my_buy_price unavailable
CRITICAL:strat7:2022-11-20 19:44:03,608:12358: Yes my_avgbuy_price unavailable
CRITICAL:strat7:2022-11-20 19:44:05,625:12358: Yes my_avgbuy_price unavailable
CRITICAL:strat7:2022-11-20 19:44:21,073:12359: Yes my_avgbuy_price unavailable
CRITICAL:strat7:2022-11-20 19:44:23,481:12359: Yes my_avgbuy_price unavailable
CRITICAL:strat7:2022-11-20 19:44:39,492:12360: No my_buy_price unavailable
CRITICAL:strat7:2022-11-20 19:44:42,682:12360: No my_buy_price unavailable
CRITICAL:strat7:2022-11-20 19:44:58,463:12361: No my_buy_price unavailable
CRITICAL:strat7:2022-11-20 19:45:00,349:12361: No my_buy_price unavailable
CRITICAL:strat7:2022-11-20 19:46:16,222:12358: Yes my_avgbuy_price unavailable
CRITICAL:strat7:2022-11-20 19:46:18,003:12358: Yes my_avgbuy_price unavailable
CRITICAL:strat7:2022-11-20 19:46:33,529:12359: Yes my_avgbuy_price unavailable
CRITICAL:strat7:2022-11-20 19:46:35,951:12359: Yes my_avgbuy_price unavailable
CRITICAL:strat7:2022-11-20 19:46:53,609:12360: No my_buy_price unavailable
CRITICAL:strat7:2022-11-20 19:46:55,923:12360: No my_buy_price unavailable
CRITICAL:strat7:2022-11-20 19:47:10,323:12361: No my_buy_price unavailable
CRITICAL:strat7:2022-11-20 19:47:12,092:12361: No my_buy_price unavailable
CRITICAL:strat7:2022-11-20 19:48:26,005:12358: Yes my_avgbuy_price unavailable
CRITICAL:strat7:2022-11-20 19:48:27,776:12358: Yes my_avgbuy_price unavailable
CRITICAL:strat7:2022-11-20 19:48:43,698:12359: Yes my_avgbuy_price unavailable
CRITICAL:strat7:2022-11-20 19:48:46,064:12359: Yes my_avgbuy_price unavailable
CRITICAL:strat7:2022-11-20 19:49:16,124:12361: No my_buy_price unavailable
CRITICAL:strat7:2022-11-20 19:49:17,864:12361: No my_buy_price unavailable
CRITICAL:strat7:2022-11-20 19:50:32,772:12358: Yes my_avgbuy_price unavailable
CRITICAL:strat7:2022-11-20 19:50:34,532:12358: Yes my_avgbuy_price unavailable
CRITICAL:strat7:2022-11-20 19:50:52,791:12359: No my_buy_price unavailable
CRITICAL:strat7:2022-11-20 19:50:56,679:12359: No my_buy_price unavailable
CRITICAL:strat7:2022-11-20 19:51:28,036:12361: No my_buy_price unavailable
CRITICAL:strat7:2022-11-20 19:51:29,861:12361: No my_buy_price unavailable
CRITICAL:strat7:2022-11-20 19:52:45,964:12358: Yes my_avgbuy_price unavailable
CRITICAL:strat7:2022-11-20 19:52:48,466:12358: Yes my_avgbuy_price unavailable
CRITICAL:strat7:2022-11-20 19:53:11,828:12359: No my_buy_price unavailable
CRITICAL:strat7:2022-11-20 19:53:15,259:12359: No my_buy_price unavailable
CRITICAL:strat7:2022-11-20 19:53:47,960:12361: No my_buy_price unavailable
CRITICAL:strat7:2022-11-20 19:53:50,135:12361: No my_buy_price unavailable
CRITICAL:strat7:2022-11-20 19:55:08,706:12358: Yes my_avgbuy_price unavailable
CRITICAL:strat7:2022-11-20 19:55:11,045:12358: Yes my_avgbuy_price unavailable
CRITICAL:strat7:2022-11-20 19:55:31,382:12359: No my_buy_price unavailable
CRITICAL:strat7:2022-11-20 19:55:34,984:12359: No my_buy_price unavailable
CRITICAL:strat7:2022-11-20 19:56:20,225:12361: No my_buy_price unavailable
CRITICAL:strat7:2022-11-20 19:56:22,547:12361: No my_buy_price unavailable
CRITICAL:strat7:2022-11-20 19:57:40,613:12358: Yes my_avgbuy_price unavailable
CRITICAL:strat7:2022-11-20 19:57:43,124:12358: Yes my_avgbuy_price unavailable
CRITICAL:strat7:2022-11-20 19:58:38,517:12361: No my_buy_price unavailable
CRITICAL:strat7:2022-11-20 19:58:40,292:12361: No my_buy_price unavailable
CRITICAL:strat7:2022-11-20 19:59:54,998:12358: Yes my_avgbuy_price unavailable
CRITICAL:strat7:2022-11-20 19:59:56,696:12358: Yes my_avgbuy_price unavailable
CRITICAL:strat7:2022-11-20 20:00:43,791:12361: No my_buy_price unavailable
CRITICAL:strat7:2022-11-20 20:00:45,569:12361: No my_buy_price unavailable
CRITICAL:strat7:2022-11-20 20:02:02,075:12358: Yes my_avgbuy_price unavailable
CRITICAL:strat7:2022-11-20 20:02:03,892:12358: Yes my_avgbuy_price unavailable
CRITICAL:strat7:2022-11-20 20:02:22,059:12359: No my_buy_price unavailable
CRITICAL:strat7:2022-11-20 20:02:26,084:12359: No my_buy_price unavailable
CRITICAL:strat7:2022-11-20 20:03:00,943:12361: No my_buy_price unavailable
CRITICAL:strat7:2022-11-20 20:03:03,190:12361: No my_buy_price unavailable
CRITICAL:strat7:2022-11-20 20:04:19,184:12358: Yes my_avgbuy_price unavailable
CRITICAL:strat7:2022-11-20 20:04:21,464:12358: Yes my_avgbuy_price unavailable
CRITICAL:strat7:2022-11-20 20:04:40,415:12359: No my_buy_price unavailable
CRITICAL:strat7:2022-11-20 20:04:44,255:12359: No my_buy_price unavailable
CRITICAL:strat7:2022-11-20 20:05:17,615:12361: No my_buy_price unavailable
CRITICAL:strat7:2022-11-20 20:05:19,931:12361: No my_buy_price unavailable
CRITICAL:strat7:2022-11-20 20:06:36,614:12358: Yes my_avgbuy_price unavailable
CRITICAL:strat7:2022-11-20 20:06:38,658:12358: Yes my_avgbuy_price unavailable
CRITICAL:strat7:2022-11-20 20:06:57,999:12359: No my_buy_price unavailable
CRITICAL:strat7:2022-11-20 20:07:02,084:12359: No my_buy_price unavailable
CRITICAL:strat7:2022-11-20 20:07:20,309:12360: No my_buy_price unavailable
CRITICAL:strat7:2022-11-20 20:07:23,168:12360: No my_buy_price unavailable
CRITICAL:strat7:2022-11-20 20:07:38,016:12361: No my_buy_price unavailable
CRITICAL:strat7:2022-11-20 20:07:39,750:12361: No my_buy_price unavailable
CRITICAL:strat7:2022-11-20 20:08:55,694:12358: Yes my_avgbuy_price unavailable
CRITICAL:strat7:2022-11-20 20:08:57,891:12358: Yes my_avgbuy_price unavailable
CRITICAL:strat7:2022-11-20 20:09:21,787:12359: No my_buy_price unavailable
CRITICAL:strat7:2022-11-20 20:09:41,734:12360: No my_buy_price unavailable
CRITICAL:strat7:2022-11-20 20:09:45,949:12360: No my_buy_price unavailable
CRITICAL:strat7:2022-11-20 20:10:03,923:12361: No my_buy_price unavailable
CRITICAL:strat7:2022-11-20 20:10:06,843:12361: No my_buy_price unavailable
CRITICAL:strat7:2022-11-20 20:11:23,718:12358: Yes my_avgbuy_price unavailable
CRITICAL:strat7:2022-11-20 20:11:25,944:12358: Yes my_avgbuy_price unavailable
CRITICAL:strat7:2022-11-20 20:11:44,410:12359: No my_buy_price unavailable
CRITICAL:strat7:2022-11-20 20:11:47,810:12359: No my_buy_price unavailable
CRITICAL:strat7:2022-11-20 20:12:05,557:12360: No my_buy_price unavailable
CRITICAL:strat7:2022-11-20 20:12:09,306:12360: No my_buy_price unavailable
CRITICAL:strat7:2022-11-20 20:12:26,581:12361: No my_buy_price unavailable
CRITICAL:strat7:2022-11-20 20:13:42,915:12358: Yes my_avgbuy_price unavailable
CRITICAL:strat7:2022-11-20 20:13:45,526:12358: Yes my_avgbuy_price unavailable
CRITICAL:strat7:2022-11-20 20:14:20,577:12360: No my_buy_price unavailable
CRITICAL:strat7:2022-11-20 20:14:23,449:12360: No my_buy_price unavailable
CRITICAL:strat7:2022-11-20 20:14:38,122:12361: No my_buy_price unavailable
CRITICAL:strat7:2022-11-20 20:14:40,741:12361: No my_buy_price unavailable
CRITICAL:strat7:2022-11-20 20:15:58,597:12358: Yes my_avgbuy_price unavailable
CRITICAL:strat7:2022-11-20 20:16:00,821:12358: Yes my_avgbuy_price unavailable
CRITICAL:strat7:2022-11-20 20:16:41,423:12360: No my_buy_price unavailable
CRITICAL:strat7:2022-11-20 20:16:45,093:12360: No my_buy_price unavailable
CRITICAL:strat7:2022-11-20 20:17:02,802:12361: No my_buy_price unavailable
CRITICAL:strat7:2022-11-20 20:17:05,202:12361: No my_buy_price unavailable
CRITICAL:strat7:2022-11-20 20:18:23,457:12358: Yes my_avgbuy_price unavailable
CRITICAL:strat7:2022-11-20 20:18:26,287:12358: Yes my_avgbuy_price unavailable
CRITICAL:strat7:2022-11-20 20:19:12,562:12360: No my_buy_price unavailable
CRITICAL:strat7:2022-11-20 20:19:16,394:12360: No my_buy_price unavailable
CRITICAL:strat7:2022-11-20 20:19:32,476:12361: No my_buy_price unavailable
CRITICAL:strat7:2022-11-20 20:19:34,755:12361: No my_buy_price unavailable
CRITICAL:strat7:2022-11-20 20:20:51,758:12358: Yes my_avgbuy_price unavailable
CRITICAL:strat7:2022-11-20 20:20:54,641:12358: Yes my_avgbuy_price unavailable
CRITICAL:strat7:2022-11-20 20:21:37,458:12360: No my_buy_price unavailable
CRITICAL:strat7:2022-11-20 20:21:41,919:12360: No my_buy_price unavailable
CRITICAL:strat7:2022-11-20 20:21:59,827:12361: No my_buy_price unavailable
CRITICAL:strat7:2022-11-20 20:22:02,390:12361: No my_buy_price unavailable
CRITICAL:strat7:2022-11-20 20:23:21,341:12358: Yes my_avgbuy_price unavailable
CRITICAL:strat7:2022-11-20 20:23:23,969:12358: Yes my_avgbuy_price unavailable
CRITICAL:strat7:2022-11-20 20:24:01,011:12360: No my_buy_price unavailable
CRITICAL:strat7:2022-11-20 20:24:03,384:12360: No my_buy_price unavailable
CRITICAL:strat7:2022-11-20 20:24:20,441:12361: No my_buy_price unavailable
CRITICAL:strat7:2022-11-20 20:24:22,928:12361: No my_buy_price unavailable
CRITICAL:strat7:2022-11-20 20:25:39,104:12358: Yes my_avgbuy_price unavailable
CRITICAL:strat7:2022-11-20 20:25:41,179:12358: Yes my_avgbuy_price unavailable
CRITICAL:strat7:2022-11-20 20:26:20,158:12360: No my_buy_price unavailable
CRITICAL:strat7:2022-11-20 20:26:22,290:12360: No my_buy_price unavailable
CRITICAL:strat7:2022-11-20 20:26:39,313:12361: No my_buy_price unavailable
CRITICAL:strat7:2022-11-20 20:26:41,627:12361: No my_buy_price unavailable
CRITICAL:strat7:2022-11-20 20:27:59,098:12358: Yes my_avgbuy_price unavailable
CRITICAL:strat7:2022-11-20 20:28:01,581:12358: Yes my_avgbuy_price unavailable
CRITICAL:strat7:2022-11-20 20:28:35,335:12360: No my_buy_price unavailable
CRITICAL:strat7:2022-11-20 20:28:52,026:12361: No my_buy_price unavailable
CRITICAL:strat7:2022-11-20 20:28:54,074:12361: No my_buy_price unavailable
CRITICAL:strat7:2022-11-20 20:30:13,106:12358: Yes my_avgbuy_price unavailable
CRITICAL:strat7:2022-11-20 20:30:15,199:12358: Yes my_avgbuy_price unavailable
CRITICAL:strat7:2022-11-20 20:30:48,820:12360: No my_buy_price unavailable
CRITICAL:strat7:2022-11-20 20:31:05,623:12361: No my_buy_price unavailable
CRITICAL:strat7:2022-11-20 20:31:07,899:12361: No my_buy_price unavailable
CRITICAL:strat7:2022-11-20 20:32:26,074:12358: Yes my_avgbuy_price unavailable
CRITICAL:strat7:2022-11-20 20:32:28,805:12358: Yes my_avgbuy_price unavailable
CRITICAL:strat7:2022-11-20 20:33:04,356:12360: No my_buy_price unavailable
CRITICAL:strat7:2022-11-20 20:33:07,078:12360: No my_buy_price unavailable
CRITICAL:strat7:2022-11-20 20:33:24,866:12361: No my_buy_price unavailable
CRITICAL:strat7:2022-11-20 20:33:27,399:12361: No my_buy_price unavailable
CRITICAL:strat7:2022-11-20 20:34:46,514:12358: Yes my_avgbuy_price unavailable
CRITICAL:strat7:2022-11-20 20:34:48,343:12358: Yes my_avgbuy_price unavailable
CRITICAL:strat7:2022-11-20 20:35:21,292:12360: No my_buy_price unavailable
CRITICAL:strat7:2022-11-20 20:35:23,245:12360: No my_buy_price unavailable
CRITICAL:strat7:2022-11-20 20:35:38,684:12361: No my_buy_price unavailable
CRITICAL:strat7:2022-11-20 20:35:40,461:12361: No my_buy_price unavailable
CRITICAL:strat7:2022-11-20 20:36:54,538:12358: Yes my_avgbuy_price unavailable
CRITICAL:strat7:2022-11-20 20:36:56,312:12358: Yes my_avgbuy_price unavailable
CRITICAL:strat7:2022-11-20 20:37:15,259:12359: No my_buy_price unavailable
CRITICAL:strat7:2022-11-20 20:37:17,578:12359: No my_buy_price unavailable
CRITICAL:strat7:2022-11-20 20:37:31,782:12360: No my_buy_price unavailable
CRITICAL:strat7:2022-11-20 20:37:33,507:12360: No my_buy_price unavailable
CRITICAL:strat7:2022-11-20 20:37:49,585:12361: No my_buy_price unavailable
CRITICAL:strat7:2022-11-20 20:37:51,417:12361: No my_buy_price unavailable
CRITICAL:strat7:2022-11-20 20:39:05,773:12358: Yes my_avgbuy_price unavailable
CRITICAL:strat7:2022-11-20 20:39:07,513:12358: Yes my_avgbuy_price unavailable
CRITICAL:strat7:2022-11-20 20:39:50,041:12360: No my_buy_price unavailable
CRITICAL:strat7:2022-11-20 20:39:51,692:12360: No my_buy_price unavailable
CRITICAL:strat7:2022-11-20 20:40:09,579:12361: No my_buy_price unavailable
CRITICAL:strat7:2022-11-20 20:40:11,371:12361: No my_buy_price unavailable
CRITICAL:strat7:2022-11-20 20:41:27,304:12358: Yes my_avgbuy_price unavailable
CRITICAL:strat7:2022-11-20 20:41:29,351:12358: Yes my_avgbuy_price unavailable
CRITICAL:strat7:2022-11-20 20:42:09,868:12360: No my_buy_price unavailable
CRITICAL:strat7:2022-11-20 20:42:11,687:12360: No my_buy_price unavailable
CRITICAL:strat7:2022-11-20 20:42:26,106:12361: No my_buy_price unavailable
CRITICAL:strat7:2022-11-20 20:42:27,889:12361: No my_buy_price unavailable
CRITICAL:strat7:2022-11-20 20:43:42,704:12358: Yes my_avgbuy_price unavailable
CRITICAL:strat7:2022-11-20 20:43:44,950:12358: Yes my_avgbuy_price unavailable
CRITICAL:strat7:2022-11-20 20:44:20,076:12360: No my_buy_price unavailable
CRITICAL:strat7:2022-11-20 20:44:21,953:12360: No my_buy_price unavailable
CRITICAL:strat7:2022-11-20 20:44:36,998:12361: No my_buy_price unavailable
CRITICAL:strat7:2022-11-20 20:44:38,835:12361: No my_buy_price unavailable
CRITICAL:strat7:2022-11-20 20:45:52,879:12358: Yes my_avgbuy_price unavailable
CRITICAL:strat7:2022-11-20 20:45:54,614:12358: Yes my_avgbuy_price unavailable
CRITICAL:strat7:2022-11-20 20:46:13,227:12359: Yes my_avgbuy_price unavailable
CRITICAL:strat7:2022-11-20 20:46:20,883:12359: Yes my_avgbuy_price unavailable
CRITICAL:strat7:2022-11-20 20:46:35,522:12360: No my_buy_price unavailable
CRITICAL:strat7:2022-11-20 20:46:50,761:12361: No my_buy_price unavailable
CRITICAL:strat7:2022-11-20 20:46:52,492:12361: No my_buy_price unavailable
CRITICAL:strat7:2022-11-20 20:48:07,229:12358: Yes my_avgbuy_price unavailable
CRITICAL:strat7:2022-11-20 20:48:09,104:12358: Yes my_avgbuy_price unavailable
CRITICAL:strat7:2022-11-20 20:48:32,533:12359: Yes my_avgbuy_price unavailable
CRITICAL:strat7:2022-11-20 20:48:35,820:12359: Yes my_avgbuy_price unavailable
CRITICAL:strat7:2022-11-20 20:48:50,788:12360: No my_buy_price unavailable
CRITICAL:strat7:2022-11-20 20:48:52,577:12360: No my_buy_price unavailable
CRITICAL:strat7:2022-11-20 20:49:07,049:12361: No my_buy_price unavailable
CRITICAL:strat7:2022-11-20 20:49:08,841:12361: No my_buy_price unavailable
CRITICAL:strat7:2022-11-20 20:50:24,454:12358: Yes my_avgbuy_price unavailable
CRITICAL:strat7:2022-11-20 20:50:26,239:12358: Yes my_avgbuy_price unavailable
CRITICAL:strat7:2022-11-20 20:51:03,567:12360: No my_buy_price unavailable
CRITICAL:strat7:2022-11-20 20:51:17,755:12361: No my_buy_price unavailable
CRITICAL:strat7:2022-11-20 20:51:19,506:12361: No my_buy_price unavailable
CRITICAL:strat7:2022-11-20 20:52:34,753:12358: Yes my_avgbuy_price unavailable
CRITICAL:strat7:2022-11-20 20:52:36,719:12358: Yes my_avgbuy_price unavailable
CRITICAL:strat7:2022-11-20 20:53:15,995:12360: No my_buy_price unavailable
CRITICAL:strat7:2022-11-20 20:53:31,740:12361: No my_buy_price unavailable
CRITICAL:strat7:2022-11-20 20:53:33,474:12361: No my_buy_price unavailable
CRITICAL:strat7:2022-11-20 20:54:47,996:12358: Yes my_avgbuy_price unavailable
CRITICAL:strat7:2022-11-20 20:54:49,755:12358: Yes my_avgbuy_price unavailable
CRITICAL:strat7:2022-11-20 20:55:26,714:12360: No my_buy_price unavailable
CRITICAL:strat7:2022-11-20 20:55:40,923:12361: No my_buy_price unavailable
CRITICAL:strat7:2022-11-20 20:55:42,656:12361: No my_buy_price unavailable
CRITICAL:strat7:2022-11-20 20:56:57,403:12358: Yes my_avgbuy_price unavailable
CRITICAL:strat7:2022-11-20 20:56:59,151:12358: Yes my_avgbuy_price unavailable
CRITICAL:strat7:2022-11-20 20:57:35,227:12360: No my_buy_price unavailable
CRITICAL:strat7:2022-11-20 20:57:50,988:12361: No my_buy_price unavailable
CRITICAL:strat7:2022-11-20 20:57:52,739:12361: No my_buy_price unavailable
CRITICAL:strat7:2022-11-20 20:59:08,244:12358: Yes my_avgbuy_price unavailable
CRITICAL:strat7:2022-11-20 20:59:09,958:12358: Yes my_avgbuy_price unavailable
CRITICAL:strat7:2022-11-20 20:59:46,345:12360: No my_buy_price unavailable
CRITICAL:strat7:2022-11-20 21:00:03,866:12361: No my_buy_price unavailable
CRITICAL:strat7:2022-11-20 21:00:05,585:12361: No my_buy_price unavailable
CRITICAL:strat7:2022-11-20 21:01:21,782:12358: Yes my_avgbuy_price unavailable
CRITICAL:strat7:2022-11-20 21:01:24,079:12358: Yes my_avgbuy_price unavailable
CRITICAL:strat7:2022-11-20 21:02:04,207:12360: No my_buy_price unavailable
CRITICAL:strat7:2022-11-20 21:02:20,857:12361: No my_buy_price unavailable
CRITICAL:strat7:2022-11-20 21:02:23,429:12361: No my_buy_price unavailable
CRITICAL:strat7:2022-11-20 21:03:39,643:12358: Yes my_avgbuy_price unavailable
CRITICAL:strat7:2022-11-20 21:03:41,935:12358: Yes my_avgbuy_price unavailable
CRITICAL:strat7:2022-11-20 21:04:16,814:12360: No my_buy_price unavailable
CRITICAL:strat7:2022-11-20 21:04:33,037:12361: No my_buy_price unavailable
CRITICAL:strat7:2022-11-20 21:04:35,660:12361: No my_buy_price unavailable
CRITICAL:strat7:2022-11-20 21:05:52,297:12358: Yes my_avgbuy_price unavailable
CRITICAL:strat7:2022-11-20 21:05:54,792:12358: Yes my_avgbuy_price unavailable
CRITICAL:strat7:2022-11-20 21:06:17,696:12359: No my_buy_price unavailable
CRITICAL:strat7:2022-11-20 21:06:20,861:12359: No my_buy_price unavailable
CRITICAL:strat7:2022-11-20 21:06:42,046:12360: No my_buy_price unavailable
CRITICAL:strat7:2022-11-20 21:06:57,555:12361: No my_buy_price unavailable
CRITICAL:strat7:2022-11-20 21:08:13,704:12358: Yes my_avgbuy_price unavailable
CRITICAL:strat7:2022-11-20 21:08:16,156:12358: Yes my_avgbuy_price unavailable
CRITICAL:strat7:2022-11-20 21:08:38,473:12359: Yes my_avgbuy_price unavailable
CRITICAL:strat7:2022-11-20 21:08:43,354:12359: Yes my_avgbuy_price unavailable
CRITICAL:strat7:2022-11-20 21:09:05,975:12360: No my_buy_price unavailable
CRITICAL:strat7:2022-11-20 21:09:23,307:12361: No my_buy_price unavailable
CRITICAL:strat7:2022-11-20 21:09:25,612:12361: No my_buy_price unavailable
CRITICAL:strat7:2022-11-20 21:10:43,169:12358: Yes my_avgbuy_price unavailable
CRITICAL:strat7:2022-11-20 21:10:45,916:12358: Yes my_avgbuy_price unavailable
CRITICAL:strat7:2022-11-20 21:11:09,870:12359: Yes my_avgbuy_price unavailable
CRITICAL:strat7:2022-11-20 21:11:12,683:12359: Yes my_avgbuy_price unavailable
CRITICAL:strat7:2022-11-20 21:11:31,105:12360: No my_buy_price unavailable
CRITICAL:strat7:2022-11-20 21:11:49,085:12361: No my_buy_price unavailable
CRITICAL:strat7:2022-11-20 21:11:51,553:12361: No my_buy_price unavailable
CRITICAL:strat7:2022-11-20 21:13:10,757:12358: Yes my_avgbuy_price unavailable
CRITICAL:strat7:2022-11-20 21:13:13,634:12358: Yes my_avgbuy_price unavailable
CRITICAL:strat7:2022-11-20 21:13:55,448:12360: No my_buy_price unavailable
CRITICAL:strat7:2022-11-20 21:14:11,161:12361: No my_buy_price unavailable
CRITICAL:strat7:2022-11-20 21:14:12,926:12361: No my_buy_price unavailable
CRITICAL:strat7:2022-11-20 21:15:28,994:12358: Yes my_avgbuy_price unavailable
CRITICAL:strat7:2022-11-20 21:15:31,549:12358: Yes my_avgbuy_price unavailable
CRITICAL:strat7:2022-11-20 21:15:52,874:12359: Yes my_avgbuy_price unavailable
CRITICAL:strat7:2022-11-20 21:15:57,354:12359: Yes my_avgbuy_price unavailable
CRITICAL:strat7:2022-11-20 21:16:14,777:12360: No my_buy_price unavailable
CRITICAL:strat7:2022-11-20 21:16:31,455:12361: No my_buy_price unavailable
CRITICAL:strat7:2022-11-20 21:16:33,743:12361: No my_buy_price unavailable
CRITICAL:strat7:2022-11-20 21:17:51,353:12358: Yes my_avgbuy_price unavailable
CRITICAL:strat7:2022-11-20 21:17:53,837:12358: Yes my_avgbuy_price unavailable
CRITICAL:strat7:2022-11-20 21:18:36,643:12360: No my_buy_price unavailable
CRITICAL:strat7:2022-11-20 21:20:17,265:12358: Yes my_avgbuy_price unavailable
CRITICAL:strat7:2022-11-20 21:20:19,399:12358: Yes my_avgbuy_price unavailable
CRITICAL:strat7:2022-11-20 21:20:58,779:12360: No my_buy_price unavailable
CRITICAL:strat7:2022-11-20 21:22:36,866:12358: Yes my_avgbuy_price unavailable
CRITICAL:strat7:2022-11-20 21:22:39,582:12358: Yes my_avgbuy_price unavailable
CRITICAL:strat7:2022-11-20 21:23:18,919:12360: No my_buy_price unavailable
CRITICAL:strat7:2022-11-20 21:23:39,171:12361: No my_buy_price unavailable
CRITICAL:strat7:2022-11-20 21:23:42,114:12361: No my_buy_price unavailable
CRITICAL:strat7:2022-11-20 21:24:58,291:12358: Yes my_avgbuy_price unavailable
CRITICAL:strat7:2022-11-20 21:25:00,569:12358: Yes my_avgbuy_price unavailable
CRITICAL:strat7:2022-11-20 21:25:43,532:12360: No my_buy_price unavailable
CRITICAL:strat7:2022-11-20 21:26:07,554:12361: No my_buy_price unavailable
CRITICAL:strat7:2022-11-20 21:27:25,405:12358: Yes my_avgbuy_price unavailable
CRITICAL:strat7:2022-11-20 21:27:27,772:12358: Yes my_avgbuy_price unavailable
CRITICAL:strat7:2022-11-20 21:28:12,474:12360: No my_buy_price unavailable
CRITICAL:strat7:2022-11-20 21:28:30,732:12361: No my_buy_price unavailable
CRITICAL:strat7:2022-11-20 21:29:46,409:12358: Yes my_avgbuy_price unavailable
CRITICAL:strat7:2022-11-20 21:29:48,227:12358: Yes my_avgbuy_price unavailable
CRITICAL:strat7:2022-11-20 21:30:10,052:12359: No my_buy_price unavailable
CRITICAL:strat7:2022-11-20 21:30:13,003:12359: No my_buy_price unavailable
CRITICAL:strat7:2022-11-20 21:30:31,533:12360: No my_buy_price unavailable
CRITICAL:strat7:2022-11-20 21:30:33,606:12360: No my_buy_price unavailable
CRITICAL:strat7:2022-11-20 21:30:50,049:12361: No my_buy_price unavailable
CRITICAL:strat7:2022-11-20 21:30:51,923:12361: No my_buy_price unavailable
CRITICAL:strat7:2022-11-20 21:32:09,547:12358: Yes my_avgbuy_price unavailable
CRITICAL:strat7:2022-11-20 21:32:11,702:12358: Yes my_avgbuy_price unavailable
CRITICAL:strat7:2022-11-20 21:32:34,094:12359: Yes my_avgbuy_price unavailable
CRITICAL:strat7:2022-11-20 21:32:38,204:12359: Yes my_avgbuy_price unavailable
CRITICAL:strat7:2022-11-20 21:32:58,021:12360: No my_buy_price unavailable
CRITICAL:strat7:2022-11-20 21:33:00,783:12360: No my_buy_price unavailable
CRITICAL:strat7:2022-11-20 21:33:18,668:12361: No my_buy_price unavailable
CRITICAL:strat7:2022-11-20 21:33:21,516:12361: No my_buy_price unavailable
CRITICAL:strat7:2022-11-20 21:34:38,887:12358: Yes my_avgbuy_price unavailable
CRITICAL:strat7:2022-11-20 21:34:41,455:12358: Yes my_avgbuy_price unavailable
CRITICAL:strat7:2022-11-20 21:35:03,621:12359: Yes my_avgbuy_price unavailable
CRITICAL:strat7:2022-11-20 21:35:06,118:12359: Yes my_avgbuy_price unavailable
CRITICAL:strat7:2022-11-20 21:35:23,470:12360: No my_buy_price unavailable
CRITICAL:strat7:2022-11-20 21:35:25,774:12360: No my_buy_price unavailable
CRITICAL:strat7:2022-11-20 21:35:42,564:12361: No my_buy_price unavailable
CRITICAL:strat7:2022-11-20 21:35:44,692:12361: No my_buy_price unavailable
CRITICAL:strat7:2022-11-20 21:36:59,799:12358: Yes my_avgbuy_price unavailable
CRITICAL:strat7:2022-11-20 21:37:01,588:12358: Yes my_avgbuy_price unavailable
CRITICAL:strat7:2022-11-20 21:37:16,913:12359: Yes my_avgbuy_price unavailable
CRITICAL:strat7:2022-11-20 21:37:19,331:12359: Yes my_avgbuy_price unavailable
CRITICAL:strat7:2022-11-20 21:37:35,108:12360: No my_buy_price unavailable
CRITICAL:strat7:2022-11-20 21:37:37,251:12360: No my_buy_price unavailable
CRITICAL:strat7:2022-11-20 21:37:54,695:12361: No my_buy_price unavailable
CRITICAL:strat7:2022-11-20 21:37:57,690:12361: No my_buy_price unavailable
CRITICAL:strat7:2022-11-20 21:39:16,700:12358: Yes my_avgbuy_price unavailable
CRITICAL:strat7:2022-11-20 21:39:18,941:12358: Yes my_avgbuy_price unavailable
CRITICAL:strat7:2022-11-20 21:39:38,654:12359: Yes my_avgbuy_price unavailable
CRITICAL:strat7:2022-11-20 21:39:42,359:12359: Yes my_avgbuy_price unavailable
CRITICAL:strat7:2022-11-20 21:39:59,449:12360: No my_buy_price unavailable
CRITICAL:strat7:2022-11-20 21:40:01,711:12360: No my_buy_price unavailable
CRITICAL:strat7:2022-11-20 21:40:18,472:12361: No my_buy_price unavailable
CRITICAL:strat7:2022-11-20 21:40:21,059:12361: No my_buy_price unavailable
CRITICAL:strat7:2022-11-20 21:41:37,375:12358: Yes my_avgbuy_price unavailable
CRITICAL:strat7:2022-11-20 21:41:40,027:12358: Yes my_avgbuy_price unavailable
CRITICAL:strat7:2022-11-20 21:41:58,706:12359: Yes my_avgbuy_price unavailable
CRITICAL:strat7:2022-11-20 21:42:02,677:12359: Yes my_avgbuy_price unavailable
CRITICAL:strat7:2022-11-20 21:42:20,012:12360: No my_buy_price unavailable
CRITICAL:strat7:2022-11-20 21:42:37,148:12361: No my_buy_price unavailable
CRITICAL:strat7:2022-11-20 21:42:39,563:12361: No my_buy_price unavailable
CRITICAL:strat7:2022-11-20 21:43:55,332:12358: Yes my_avgbuy_price unavailable
CRITICAL:strat7:2022-11-20 21:43:57,190:12358: Yes my_avgbuy_price unavailable
CRITICAL:strat7:2022-11-20 21:44:13,589:12359: Yes my_avgbuy_price unavailable
CRITICAL:strat7:2022-11-20 21:44:16,490:12359: Yes my_avgbuy_price unavailable
CRITICAL:strat7:2022-11-20 21:44:32,430:12360: No my_buy_price unavailable
CRITICAL:strat7:2022-11-20 21:44:47,821:12361: No my_buy_price unavailable
CRITICAL:strat7:2022-11-20 21:44:49,597:12361: No my_buy_price unavailable
CRITICAL:strat7:2022-11-20 21:46:04,773:12358: Yes my_avgbuy_price unavailable
CRITICAL:strat7:2022-11-20 21:46:06,549:12358: Yes my_avgbuy_price unavailable
CRITICAL:strat7:2022-11-20 21:46:23,228:12359: Yes my_avgbuy_price unavailable
CRITICAL:strat7:2022-11-20 21:46:29,346:12359: Yes my_avgbuy_price unavailable
CRITICAL:strat7:2022-11-20 21:46:43,236:12360: No my_buy_price unavailable
CRITICAL:strat7:2022-11-20 21:46:44,923:12360: No my_buy_price unavailable
CRITICAL:strat7:2022-11-20 21:46:59,167:12361: No my_buy_price unavailable
CRITICAL:strat7:2022-11-20 21:47:00,924:12361: No my_buy_price unavailable
CRITICAL:strat7:2022-11-20 21:48:15,582:12358: Yes my_avgbuy_price unavailable
CRITICAL:strat7:2022-11-20 21:48:17,331:12358: Yes my_avgbuy_price unavailable
CRITICAL:strat7:2022-11-20 21:48:56,636:12360: No my_buy_price unavailable
CRITICAL:strat7:2022-11-20 21:48:58,407:12360: No my_buy_price unavailable
CRITICAL:strat7:2022-11-20 21:49:14,379:12361: No my_buy_price unavailable
CRITICAL:strat7:2022-11-20 21:49:16,073:12361: No my_buy_price unavailable
CRITICAL:strat7:2022-11-20 23:14:36,451:12358: Yes my_avgbuy_price unavailable
CRITICAL:strat7:2022-11-20 23:14:38,185:12358: Yes my_avgbuy_price unavailable
CRITICAL:strat7:2022-11-20 23:15:13,680:12360: No my_buy_price unavailable
CRITICAL:strat7:2022-11-20 23:15:15,428:12360: No my_buy_price unavailable
CRITICAL:strat7:2022-11-20 23:15:31,278:12361: No my_buy_price unavailable
CRITICAL:strat7:2022-11-20 23:15:32,939:12361: No my_buy_price unavailable
