INFO:strat7:2022-12-16 16:00:30,630:14042: Initialising event
CRITICAL:strat7:2022-12-16 16:00:56,136:14042: Yes my_avgbuy_price unavailable
WARNING:strat7:2022-12-16 16:00:58,562:14042: last_values_dict empty
INFO:strat7:2022-12-16 16:01:05,431:14043: Initialising event
CRITICAL:strat7:2022-12-16 16:01:30,830:14043: Yes my_avgbuy_price unavailable
WARNING:strat7:2022-12-16 16:01:33,271:14043: last_values_dict empty
INFO:strat7:2022-12-16 16:01:39,999:14044: Initialising event
CRITICAL:strat7:2022-12-16 16:02:03,628:14044: Yes my_avgbuy_price unavailable
WARNING:strat7:2022-12-16 16:02:06,106:14044: last_values_dict empty
INFO:strat7:2022-12-16 16:02:12,528:14045: Initialising event
CRITICAL:strat7:2022-12-16 16:02:33,087:14045: Yes my_avgbuy_price unavailable
WARNING:strat7:2022-12-16 16:02:35,718:14045: last_values_dict empty
INFO:strat7:2022-12-16 16:02:42,033:14046: Initialising event
CRITICAL:strat7:2022-12-16 16:03:03,538:14046: No my_buy_price unavailable
WARNING:strat7:2022-12-16 16:03:06,087:14046: last_values_dict empty
INFO:strat7:2022-12-16 16:03:12,479:14047: Initialising event
CRITICAL:strat7:2022-12-16 16:03:39,456:14047: No my_buy_price unavailable
WARNING:strat7:2022-12-16 16:03:42,073:14047: last_values_dict empty
INFO:strat7:2022-12-16 16:03:48,728:14048: Initialising event
CRITICAL:strat7:2022-12-16 16:04:13,283:14048: No my_buy_price unavailable
WARNING:strat7:2022-12-16 16:04:15,682:14048: last_values_dict empty
INFO:strat7:2022-12-16 16:04:22,535:14049: Initialising event
CRITICAL:strat7:2022-12-16 16:04:47,044:14049: No my_buy_price unavailable
WARNING:strat7:2022-12-16 16:04:49,431:14049: last_values_dict empty
CRITICAL:strat7:2022-12-16 16:05:14,212:14042: Yes my_avgbuy_price unavailable
CRITICAL:strat7:2022-12-16 16:05:18,357:14042: Yes my_avgbuy_price unavailable
CRITICAL:strat7:2022-12-16 16:05:45,548:14043: Yes my_avgbuy_price unavailable
CRITICAL:strat7:2022-12-16 16:05:49,575:14043: Yes my_avgbuy_price unavailable
CRITICAL:strat7:2022-12-16 16:06:16,935:14044: Yes my_avgbuy_price unavailable
CRITICAL:strat7:2022-12-16 16:06:22,064:14044: Yes my_avgbuy_price unavailable
CRITICAL:strat7:2022-12-16 16:06:47,332:14045: Yes my_avgbuy_price unavailable
CRITICAL:strat7:2022-12-16 16:06:49,728:14045: Yes my_avgbuy_price unavailable
CRITICAL:strat7:2022-12-16 16:07:14,340:14046: No my_buy_price unavailable
CRITICAL:strat7:2022-12-16 16:07:16,745:14046: No my_buy_price unavailable
CRITICAL:strat7:2022-12-16 16:07:44,657:14047: No my_buy_price unavailable
CRITICAL:strat7:2022-12-16 16:07:48,726:14047: No my_buy_price unavailable
CRITICAL:strat7:2022-12-16 16:08:15,438:14048: No my_buy_price unavailable
CRITICAL:strat7:2022-12-16 16:08:19,554:14048: No my_buy_price unavailable
CRITICAL:strat7:2022-12-16 16:08:47,263:14049: No my_buy_price unavailable
CRITICAL:strat7:2022-12-16 16:08:51,390:14049: No my_buy_price unavailable
CRITICAL:strat7:2022-12-16 16:10:18,711:14042: Yes my_avgbuy_price unavailable
CRITICAL:strat7:2022-12-16 16:10:22,912:14042: Yes my_avgbuy_price unavailable
CRITICAL:strat7:2022-12-16 16:10:50,147:14043: Yes my_avgbuy_price unavailable
CRITICAL:strat7:2022-12-16 16:10:54,657:14043: Yes my_avgbuy_price unavailable
CRITICAL:strat7:2022-12-16 16:11:21,517:14044: Yes my_avgbuy_price unavailable
CRITICAL:strat7:2022-12-16 16:11:25,616:14044: Yes my_avgbuy_price unavailable
CRITICAL:strat7:2022-12-16 16:11:51,346:14045: Yes my_avgbuy_price unavailable
CRITICAL:strat7:2022-12-16 16:11:53,773:14045: Yes my_avgbuy_price unavailable
CRITICAL:strat7:2022-12-16 16:12:19,091:14046: No my_buy_price unavailable
CRITICAL:strat7:2022-12-16 16:12:21,588:14046: No my_buy_price unavailable
CRITICAL:strat7:2022-12-16 16:12:49,190:14047: No my_buy_price unavailable
CRITICAL:strat7:2022-12-16 16:12:53,245:14047: No my_buy_price unavailable
CRITICAL:strat7:2022-12-16 16:13:19,713:14048: No my_buy_price unavailable
CRITICAL:strat7:2022-12-16 16:13:23,896:14048: No my_buy_price unavailable
CRITICAL:strat7:2022-12-16 16:13:55,533:14049: No my_buy_price unavailable
CRITICAL:strat7:2022-12-16 16:13:59,648:14049: No my_buy_price unavailable
CRITICAL:strat7:2022-12-16 16:15:28,602:14042: Yes my_avgbuy_price unavailable
CRITICAL:strat7:2022-12-16 16:15:32,714:14042: Yes my_avgbuy_price unavailable
CRITICAL:strat7:2022-12-16 16:15:59,727:14043: Yes my_avgbuy_price unavailable
CRITICAL:strat7:2022-12-16 16:16:03,945:14043: Yes my_avgbuy_price unavailable
CRITICAL:strat7:2022-12-16 16:16:30,405:14044: Yes my_avgbuy_price unavailable
CRITICAL:strat7:2022-12-16 16:16:34,559:14044: Yes my_avgbuy_price unavailable
CRITICAL:strat7:2022-12-16 16:16:59,873:14045: Yes my_avgbuy_price unavailable
CRITICAL:strat7:2022-12-16 16:17:02,572:14045: Yes my_avgbuy_price unavailable
CRITICAL:strat7:2022-12-16 16:17:27,087:14046: No my_buy_price unavailable
CRITICAL:strat7:2022-12-16 16:17:29,454:14046: No my_buy_price unavailable
CRITICAL:strat7:2022-12-16 16:17:56,748:14047: No my_buy_price unavailable
CRITICAL:strat7:2022-12-16 16:18:00,916:14047: No my_buy_price unavailable
CRITICAL:strat7:2022-12-16 16:18:27,915:14048: No my_buy_price unavailable
CRITICAL:strat7:2022-12-16 16:18:32,097:14048: No my_buy_price unavailable
CRITICAL:strat7:2022-12-16 16:19:00,631:14049: No my_buy_price unavailable
CRITICAL:strat7:2022-12-16 16:19:06,193:14049: No my_buy_price unavailable
CRITICAL:strat7:2022-12-16 16:20:33,998:14042: Yes my_avgbuy_price unavailable
CRITICAL:strat7:2022-12-16 16:20:38,062:14042: Yes my_avgbuy_price unavailable
CRITICAL:strat7:2022-12-16 16:21:04,131:14043: Yes my_avgbuy_price unavailable
CRITICAL:strat7:2022-12-16 16:21:08,234:14043: Yes my_avgbuy_price unavailable
CRITICAL:strat7:2022-12-16 16:21:34,927:14044: Yes my_avgbuy_price unavailable
CRITICAL:strat7:2022-12-16 16:21:38,915:14044: Yes my_avgbuy_price unavailable
CRITICAL:strat7:2022-12-16 16:22:05,141:14045: Yes my_avgbuy_price unavailable
CRITICAL:strat7:2022-12-16 16:22:07,584:14045: Yes my_avgbuy_price unavailable
CRITICAL:strat7:2022-12-16 16:22:33,028:14046: No my_buy_price unavailable
CRITICAL:strat7:2022-12-16 16:22:35,567:14046: No my_buy_price unavailable
CRITICAL:strat7:2022-12-16 16:23:02,322:14047: No my_buy_price unavailable
CRITICAL:strat7:2022-12-16 16:23:06,401:14047: No my_buy_price unavailable
CRITICAL:strat7:2022-12-16 16:23:33,168:14048: No my_buy_price unavailable
CRITICAL:strat7:2022-12-16 16:23:37,213:14048: No my_buy_price unavailable
CRITICAL:strat7:2022-12-16 16:25:33,038:14042: Yes my_avgbuy_price unavailable
CRITICAL:strat7:2022-12-16 16:25:37,117:14042: Yes my_avgbuy_price unavailable
CRITICAL:strat7:2022-12-16 16:26:03,560:14043: Yes my_avgbuy_price unavailable
CRITICAL:strat7:2022-12-16 16:26:07,676:14043: Yes my_avgbuy_price unavailable
CRITICAL:strat7:2022-12-16 16:26:32,643:14044: No my_buy_price unavailable
CRITICAL:strat7:2022-12-16 16:26:36,664:14044: No my_buy_price unavailable
CRITICAL:strat7:2022-12-16 16:27:01,431:14045: Yes my_avgbuy_price unavailable
CRITICAL:strat7:2022-12-16 16:27:04,108:14045: Yes my_avgbuy_price unavailable
CRITICAL:strat7:2022-12-16 16:27:29,426:14046: No my_buy_price unavailable
CRITICAL:strat7:2022-12-16 16:27:31,824:14046: No my_buy_price unavailable
CRITICAL:strat7:2022-12-16 16:27:58,542:14047: No my_buy_price unavailable
CRITICAL:strat7:2022-12-16 16:28:02,588:14047: No my_buy_price unavailable
CRITICAL:strat7:2022-12-16 16:28:28,974:14048: No my_buy_price unavailable
CRITICAL:strat7:2022-12-16 16:28:33,039:14048: No my_buy_price unavailable
CRITICAL:strat7:2022-12-16 16:30:28,866:14042: Yes my_avgbuy_price unavailable
CRITICAL:strat7:2022-12-16 16:30:32,987:14042: Yes my_avgbuy_price unavailable
CRITICAL:strat7:2022-12-16 16:31:00,113:14043: Yes my_avgbuy_price unavailable
CRITICAL:strat7:2022-12-16 16:31:04,406:14043: Yes my_avgbuy_price unavailable
CRITICAL:strat7:2022-12-16 16:31:29,415:14044: No my_buy_price unavailable
CRITICAL:strat7:2022-12-16 16:31:31,829:14044: No my_buy_price unavailable
CRITICAL:strat7:2022-12-16 16:31:55,936:14045: Yes my_avgbuy_price unavailable
CRITICAL:strat7:2022-12-16 16:31:58,308:14045: Yes my_avgbuy_price unavailable
CRITICAL:strat7:2022-12-16 16:32:22,635:14046: No my_buy_price unavailable
CRITICAL:strat7:2022-12-16 16:32:25,093:14046: No my_buy_price unavailable
CRITICAL:strat7:2022-12-16 16:32:51,852:14047: No my_buy_price unavailable
CRITICAL:strat7:2022-12-16 16:32:56,023:14047: No my_buy_price unavailable
CRITICAL:strat7:2022-12-16 16:33:23,390:14048: No my_buy_price unavailable
CRITICAL:strat7:2022-12-16 16:33:27,558:14048: No my_buy_price unavailable
CRITICAL:strat7:2022-12-16 16:35:24,198:14042: Yes my_avgbuy_price unavailable
CRITICAL:strat7:2022-12-16 16:35:28,397:14042: Yes my_avgbuy_price unavailable
CRITICAL:strat7:2022-12-16 16:35:55,321:14043: Yes my_avgbuy_price unavailable
CRITICAL:strat7:2022-12-16 16:35:59,409:14043: Yes my_avgbuy_price unavailable
CRITICAL:strat7:2022-12-16 16:36:24,873:14044: No my_buy_price unavailable
CRITICAL:strat7:2022-12-16 16:36:27,260:14044: No my_buy_price unavailable
CRITICAL:strat7:2022-12-16 16:36:52,496:14045: Yes my_avgbuy_price unavailable
CRITICAL:strat7:2022-12-16 16:36:55,029:14045: Yes my_avgbuy_price unavailable
CRITICAL:strat7:2022-12-16 16:37:20,726:14046: No my_buy_price unavailable
CRITICAL:strat7:2022-12-16 16:37:23,151:14046: No my_buy_price unavailable
CRITICAL:strat7:2022-12-16 16:37:49,869:14047: No my_buy_price unavailable
CRITICAL:strat7:2022-12-16 16:37:53,976:14047: No my_buy_price unavailable
CRITICAL:strat7:2022-12-16 16:38:20,480:14048: No my_buy_price unavailable
CRITICAL:strat7:2022-12-16 16:38:24,888:14048: No my_buy_price unavailable
CRITICAL:strat7:2022-12-16 16:40:26,434:14042: Yes my_avgbuy_price unavailable
CRITICAL:strat7:2022-12-16 16:40:29,727:14042: Yes my_avgbuy_price unavailable
CRITICAL:strat7:2022-12-16 16:40:56,419:14043: Yes my_avgbuy_price unavailable
CRITICAL:strat7:2022-12-16 16:41:00,413:14043: Yes my_avgbuy_price unavailable
CRITICAL:strat7:2022-12-16 16:41:29,770:14044: Yes my_avgbuy_price unavailable
CRITICAL:strat7:2022-12-16 16:41:33,090:14044: Yes my_avgbuy_price unavailable
CRITICAL:strat7:2022-12-16 16:41:57,855:14045: Yes my_avgbuy_price unavailable
CRITICAL:strat7:2022-12-16 16:42:00,320:14045: Yes my_avgbuy_price unavailable
CRITICAL:strat7:2022-12-16 16:42:25,789:14046: No my_buy_price unavailable
CRITICAL:strat7:2022-12-16 16:42:28,164:14046: No my_buy_price unavailable
CRITICAL:strat7:2022-12-16 16:42:55,180:14047: No my_buy_price unavailable
CRITICAL:strat7:2022-12-16 16:42:59,326:14047: No my_buy_price unavailable
CRITICAL:strat7:2022-12-16 16:43:25,553:14048: No my_buy_price unavailable
CRITICAL:strat7:2022-12-16 16:43:31,001:14048: No my_buy_price unavailable
CRITICAL:strat7:2022-12-16 16:45:22,125:14042: Yes my_avgbuy_price unavailable
CRITICAL:strat7:2022-12-16 16:45:26,223:14042: Yes my_avgbuy_price unavailable
CRITICAL:strat7:2022-12-16 16:45:53,636:14043: Yes my_avgbuy_price unavailable
CRITICAL:strat7:2022-12-16 16:45:57,660:14043: Yes my_avgbuy_price unavailable
CRITICAL:strat7:2022-12-16 16:46:25,242:14044: Yes my_avgbuy_price unavailable
CRITICAL:strat7:2022-12-16 16:46:29,315:14044: Yes my_avgbuy_price unavailable
CRITICAL:strat7:2022-12-16 16:46:55,473:14045: Yes my_avgbuy_price unavailable
CRITICAL:strat7:2022-12-16 16:46:57,807:14045: Yes my_avgbuy_price unavailable
CRITICAL:strat7:2022-12-16 16:47:22,324:14046: No my_buy_price unavailable
CRITICAL:strat7:2022-12-16 16:47:24,689:14046: No my_buy_price unavailable
CRITICAL:strat7:2022-12-16 16:47:51,127:14047: No my_buy_price unavailable
CRITICAL:strat7:2022-12-16 16:47:55,157:14047: No my_buy_price unavailable
CRITICAL:strat7:2022-12-16 16:48:22,408:14048: No my_buy_price unavailable
CRITICAL:strat7:2022-12-16 16:48:26,526:14048: No my_buy_price unavailable
CRITICAL:strat7:2022-12-16 16:50:23,736:14042: Yes my_avgbuy_price unavailable
CRITICAL:strat7:2022-12-16 16:50:27,543:14042: Yes my_avgbuy_price unavailable
CRITICAL:strat7:2022-12-16 16:50:53,807:14043: Yes my_avgbuy_price unavailable
CRITICAL:strat7:2022-12-16 16:50:57,865:14043: Yes my_avgbuy_price unavailable
CRITICAL:strat7:2022-12-16 16:51:24,318:14044: Yes my_avgbuy_price unavailable
CRITICAL:strat7:2022-12-16 16:51:28,388:14044: Yes my_avgbuy_price unavailable
CRITICAL:strat7:2022-12-16 16:51:53,357:14045: Yes my_avgbuy_price unavailable
CRITICAL:strat7:2022-12-16 16:51:55,830:14045: Yes my_avgbuy_price unavailable
CRITICAL:strat7:2022-12-16 16:52:20,641:14046: No my_buy_price unavailable
CRITICAL:strat7:2022-12-16 16:52:22,980:14046: No my_buy_price unavailable
CRITICAL:strat7:2022-12-16 16:52:49,637:14047: No my_buy_price unavailable
CRITICAL:strat7:2022-12-16 16:52:53,814:14047: No my_buy_price unavailable
CRITICAL:strat7:2022-12-16 16:53:20,758:14048: No my_buy_price unavailable
CRITICAL:strat7:2022-12-16 16:53:24,892:14048: No my_buy_price unavailable
CRITICAL:strat7:2022-12-16 16:55:24,189:14042: Yes my_avgbuy_price unavailable
CRITICAL:strat7:2022-12-16 16:55:31,143:14042: Yes my_avgbuy_price unavailable
CRITICAL:strat7:2022-12-16 16:55:58,825:14043: Yes my_avgbuy_price unavailable
CRITICAL:strat7:2022-12-16 16:56:02,965:14043: Yes my_avgbuy_price unavailable
CRITICAL:strat7:2022-12-16 16:56:29,121:14044: Yes my_avgbuy_price unavailable
CRITICAL:strat7:2022-12-16 16:56:33,309:14044: Yes my_avgbuy_price unavailable
CRITICAL:strat7:2022-12-16 16:56:57,902:14045: Yes my_avgbuy_price unavailable
CRITICAL:strat7:2022-12-16 16:57:00,320:14045: Yes my_avgbuy_price unavailable
CRITICAL:strat7:2022-12-16 16:57:25,533:14046: No my_buy_price unavailable
CRITICAL:strat7:2022-12-16 16:57:27,895:14046: No my_buy_price unavailable
CRITICAL:strat7:2022-12-16 16:57:53,963:14047: No my_buy_price unavailable
CRITICAL:strat7:2022-12-16 16:57:58,048:14047: No my_buy_price unavailable
CRITICAL:strat7:2022-12-16 16:58:25,059:14048: No my_buy_price unavailable
CRITICAL:strat7:2022-12-16 16:58:29,325:14048: No my_buy_price unavailable
CRITICAL:strat7:2022-12-16 17:00:21,157:14042: No my_buy_price unavailable
CRITICAL:strat7:2022-12-16 17:00:25,162:14042: No my_buy_price unavailable
CRITICAL:strat7:2022-12-16 17:00:51,331:14043: Yes my_avgbuy_price unavailable
CRITICAL:strat7:2022-12-16 17:00:55,418:14043: Yes my_avgbuy_price unavailable
CRITICAL:strat7:2022-12-16 17:01:20,641:14044: No my_buy_price unavailable
CRITICAL:strat7:2022-12-16 17:01:24,638:14044: No my_buy_price unavailable
CRITICAL:strat7:2022-12-16 17:01:49,876:14045: Yes my_avgbuy_price unavailable
CRITICAL:strat7:2022-12-16 17:01:52,299:14045: Yes my_avgbuy_price unavailable
CRITICAL:strat7:2022-12-16 17:02:16,550:14046: No my_buy_price unavailable
CRITICAL:strat7:2022-12-16 17:02:19,036:14046: No my_buy_price unavailable
CRITICAL:strat7:2022-12-16 17:02:45,867:14047: No my_buy_price unavailable
CRITICAL:strat7:2022-12-16 17:02:49,925:14047: No my_buy_price unavailable
CRITICAL:strat7:2022-12-16 17:03:18,022:14048: No my_buy_price unavailable
CRITICAL:strat7:2022-12-16 17:03:22,066:14048: No my_buy_price unavailable
CRITICAL:strat7:2022-12-16 17:05:13,475:14042: No my_buy_price unavailable
CRITICAL:strat7:2022-12-16 17:05:15,940:14042: No my_buy_price unavailable
CRITICAL:strat7:2022-12-16 17:05:44,140:14043: Yes my_avgbuy_price unavailable
CRITICAL:strat7:2022-12-16 17:05:48,226:14043: Yes my_avgbuy_price unavailable
CRITICAL:strat7:2022-12-16 17:06:14,200:14044: No my_buy_price unavailable
CRITICAL:strat7:2022-12-16 17:06:16,528:14044: No my_buy_price unavailable
CRITICAL:strat7:2022-12-16 17:06:43,154:14045: Yes my_avgbuy_price unavailable
CRITICAL:strat7:2022-12-16 17:06:45,607:14045: Yes my_avgbuy_price unavailable
CRITICAL:strat7:2022-12-16 17:07:08,123:14046: No my_buy_price unavailable
CRITICAL:strat7:2022-12-16 17:07:10,558:14046: No my_buy_price unavailable
CRITICAL:strat7:2022-12-16 17:07:38,381:14047: No my_buy_price unavailable
CRITICAL:strat7:2022-12-16 17:07:42,525:14047: No my_buy_price unavailable
CRITICAL:strat7:2022-12-16 17:08:10,229:14048: No my_buy_price unavailable
CRITICAL:strat7:2022-12-16 17:08:14,390:14048: No my_buy_price unavailable
CRITICAL:strat7:2022-12-16 17:10:13,411:14042: No my_buy_price unavailable
CRITICAL:strat7:2022-12-16 17:10:15,889:14042: No my_buy_price unavailable
CRITICAL:strat7:2022-12-16 17:10:44,657:14043: Yes my_avgbuy_price unavailable
CRITICAL:strat7:2022-12-16 17:10:48,945:14043: Yes my_avgbuy_price unavailable
CRITICAL:strat7:2022-12-16 17:11:16,629:14044: No my_buy_price unavailable
CRITICAL:strat7:2022-12-16 17:11:19,107:14044: No my_buy_price unavailable
CRITICAL:strat7:2022-12-16 17:11:42,571:14045: Yes my_avgbuy_price unavailable
CRITICAL:strat7:2022-12-16 17:11:45,096:14045: Yes my_avgbuy_price unavailable
CRITICAL:strat7:2022-12-16 17:12:10,782:14046: No my_buy_price unavailable
CRITICAL:strat7:2022-12-16 17:12:13,281:14046: No my_buy_price unavailable
CRITICAL:strat7:2022-12-16 17:12:41,225:14047: No my_buy_price unavailable
CRITICAL:strat7:2022-12-16 17:12:45,385:14047: No my_buy_price unavailable
CRITICAL:strat7:2022-12-16 17:13:12,814:14048: No my_buy_price unavailable
CRITICAL:strat7:2022-12-16 17:13:16,877:14048: No my_buy_price unavailable
CRITICAL:strat7:2022-12-16 17:15:11,598:14042: No my_buy_price unavailable
CRITICAL:strat7:2022-12-16 17:15:14,098:14042: No my_buy_price unavailable
CRITICAL:strat7:2022-12-16 17:15:42,048:14043: Yes my_avgbuy_price unavailable
CRITICAL:strat7:2022-12-16 17:15:46,151:14043: Yes my_avgbuy_price unavailable
CRITICAL:strat7:2022-12-16 17:16:11,714:14044: No my_buy_price unavailable
CRITICAL:strat7:2022-12-16 17:16:14,222:14044: No my_buy_price unavailable
CRITICAL:strat7:2022-12-16 17:16:39,675:14045: Yes my_avgbuy_price unavailable
CRITICAL:strat7:2022-12-16 17:16:42,180:14045: Yes my_avgbuy_price unavailable
CRITICAL:strat7:2022-12-16 17:17:07,933:14046: No my_buy_price unavailable
CRITICAL:strat7:2022-12-16 17:17:10,427:14046: No my_buy_price unavailable
CRITICAL:strat7:2022-12-16 17:17:37,730:14047: Yes my_avgbuy_price unavailable
CRITICAL:strat7:2022-12-16 17:17:41,740:14047: Yes my_avgbuy_price unavailable
CRITICAL:strat7:2022-12-16 17:18:09,969:14048: No my_buy_price unavailable
CRITICAL:strat7:2022-12-16 17:18:14,139:14048: No my_buy_price unavailable
CRITICAL:strat7:2022-12-16 17:20:07,549:14042: No my_buy_price unavailable
CRITICAL:strat7:2022-12-16 17:20:10,094:14042: No my_buy_price unavailable
CRITICAL:strat7:2022-12-16 17:20:37,845:14043: Yes my_avgbuy_price unavailable
CRITICAL:strat7:2022-12-16 17:20:42,146:14043: Yes my_avgbuy_price unavailable
CRITICAL:strat7:2022-12-16 17:21:11,982:14044: Yes my_avgbuy_price unavailable
CRITICAL:strat7:2022-12-16 17:21:15,327:14044: Yes my_avgbuy_price unavailable
CRITICAL:strat7:2022-12-16 17:21:42,996:14045: Yes my_avgbuy_price unavailable
CRITICAL:strat7:2022-12-16 17:21:45,427:14045: Yes my_avgbuy_price unavailable
CRITICAL:strat7:2022-12-16 17:22:14,928:14046: No my_buy_price unavailable
CRITICAL:strat7:2022-12-16 17:22:18,144:14046: No my_buy_price unavailable
CRITICAL:strat7:2022-12-16 17:22:43,784:14047: Yes my_avgbuy_price unavailable
CRITICAL:strat7:2022-12-16 17:22:46,251:14047: Yes my_avgbuy_price unavailable
CRITICAL:strat7:2022-12-16 17:23:13,945:14048: No my_buy_price unavailable
CRITICAL:strat7:2022-12-16 17:23:18,253:14048: No my_buy_price unavailable
CRITICAL:strat7:2022-12-16 17:25:11,609:14042: No my_buy_price unavailable
CRITICAL:strat7:2022-12-16 17:25:14,222:14042: No my_buy_price unavailable
CRITICAL:strat7:2022-12-16 17:25:41,911:14043: Yes my_avgbuy_price unavailable
CRITICAL:strat7:2022-12-16 17:25:46,210:14043: Yes my_avgbuy_price unavailable
CRITICAL:strat7:2022-12-16 17:26:14,976:14044: Yes my_avgbuy_price unavailable
CRITICAL:strat7:2022-12-16 17:26:19,365:14044: Yes my_avgbuy_price unavailable
CRITICAL:strat7:2022-12-16 17:26:45,952:14045: Yes my_avgbuy_price unavailable
CRITICAL:strat7:2022-12-16 17:26:48,447:14045: Yes my_avgbuy_price unavailable
CRITICAL:strat7:2022-12-16 17:27:15,768:14046: Yes my_avgbuy_price unavailable
CRITICAL:strat7:2022-12-16 17:27:19,918:14046: Yes my_avgbuy_price unavailable
CRITICAL:strat7:2022-12-16 17:27:47,639:14047: Yes my_avgbuy_price unavailable
CRITICAL:strat7:2022-12-16 17:27:50,087:14047: Yes my_avgbuy_price unavailable
CRITICAL:strat7:2022-12-16 17:28:17,475:14048: No my_buy_price unavailable
CRITICAL:strat7:2022-12-16 17:28:21,556:14048: No my_buy_price unavailable
CRITICAL:strat7:2022-12-16 17:30:12,639:14042: No my_buy_price unavailable
CRITICAL:strat7:2022-12-16 17:30:18,030:14042: No my_buy_price unavailable
CRITICAL:strat7:2022-12-16 17:30:41,453:14043: Yes my_avgbuy_price unavailable
CRITICAL:strat7:2022-12-16 17:30:45,767:14043: Yes my_avgbuy_price unavailable
CRITICAL:strat7:2022-12-16 17:31:09,029:14044: Yes my_avgbuy_price unavailable
CRITICAL:strat7:2022-12-16 17:31:12,826:14044: Yes my_avgbuy_price unavailable
CRITICAL:strat7:2022-12-16 17:31:35,694:14045: Yes my_avgbuy_price unavailable
CRITICAL:strat7:2022-12-16 17:31:38,007:14045: Yes my_avgbuy_price unavailable
CRITICAL:strat7:2022-12-16 17:32:04,258:14046: No my_buy_price unavailable
CRITICAL:strat7:2022-12-16 17:32:07,454:14046: No my_buy_price unavailable
CRITICAL:strat7:2022-12-16 17:32:32,086:14047: No my_buy_price unavailable
CRITICAL:strat7:2022-12-16 17:32:35,556:14047: No my_buy_price unavailable
CRITICAL:strat7:2022-12-16 17:33:00,908:14048: No my_buy_price unavailable
CRITICAL:strat7:2022-12-16 17:33:05,220:14048: No my_buy_price unavailable
CRITICAL:strat7:2022-12-16 17:34:58,902:14042: Yes my_avgbuy_price unavailable
CRITICAL:strat7:2022-12-16 17:35:01,950:14042: Yes my_avgbuy_price unavailable
CRITICAL:strat7:2022-12-16 17:35:24,118:14043: Yes my_avgbuy_price unavailable
CRITICAL:strat7:2022-12-16 17:35:28,381:14043: Yes my_avgbuy_price unavailable
CRITICAL:strat7:2022-12-16 17:35:54,802:14044: Yes my_avgbuy_price unavailable
CRITICAL:strat7:2022-12-16 17:35:59,571:14044: Yes my_avgbuy_price unavailable
CRITICAL:strat7:2022-12-16 17:36:26,135:14045: No my_buy_price unavailable
CRITICAL:strat7:2022-12-16 17:36:28,685:14045: No my_buy_price unavailable
CRITICAL:strat7:2022-12-16 17:36:56,395:14046: No my_buy_price unavailable
CRITICAL:strat7:2022-12-16 17:37:00,465:14046: No my_buy_price unavailable
CRITICAL:strat7:2022-12-16 17:37:28,148:14047: No my_buy_price unavailable
CRITICAL:strat7:2022-12-16 17:37:32,188:14047: No my_buy_price unavailable
CRITICAL:strat7:2022-12-16 17:37:59,866:14048: No my_buy_price unavailable
CRITICAL:strat7:2022-12-16 17:38:04,111:14048: No my_buy_price unavailable
CRITICAL:strat7:2022-12-16 17:40:47,828:14042: Yes my_avgbuy_price unavailable
CRITICAL:strat7:2022-12-16 17:40:57,952:14042: Yes my_avgbuy_price unavailable
CRITICAL:strat7:2022-12-16 17:41:40,348:14043: Yes my_avgbuy_price unavailable
CRITICAL:strat7:2022-12-16 17:41:44,450:14043: Yes my_avgbuy_price unavailable
CRITICAL:strat7:2022-12-16 17:42:10,924:14044: Yes my_avgbuy_price unavailable
CRITICAL:strat7:2022-12-16 17:42:15,079:14044: Yes my_avgbuy_price unavailable
CRITICAL:strat7:2022-12-16 17:42:38,836:14045: No my_buy_price unavailable
CRITICAL:strat7:2022-12-16 17:42:41,368:14045: No my_buy_price unavailable
CRITICAL:strat7:2022-12-16 17:43:07,366:14046: No my_buy_price unavailable
CRITICAL:strat7:2022-12-16 17:43:11,640:14046: No my_buy_price unavailable
CRITICAL:strat7:2022-12-16 17:43:37,624:14047: No my_buy_price unavailable
CRITICAL:strat7:2022-12-16 17:43:41,760:14047: No my_buy_price unavailable
CRITICAL:strat7:2022-12-16 17:44:12,130:14048: No my_buy_price unavailable
CRITICAL:strat7:2022-12-16 17:44:16,269:14048: No my_buy_price unavailable
CRITICAL:strat7:2022-12-16 17:44:51,386:14049: No my_buy_price unavailable
CRITICAL:strat7:2022-12-16 17:44:54,793:14049: No my_buy_price unavailable
CRITICAL:strat7:2022-12-16 17:46:21,962:14042: Yes my_avgbuy_price unavailable
CRITICAL:strat7:2022-12-16 17:46:25,648:14042: Yes my_avgbuy_price unavailable
CRITICAL:strat7:2022-12-16 17:46:52,663:14043: Yes my_avgbuy_price unavailable
CRITICAL:strat7:2022-12-16 17:46:56,746:14043: Yes my_avgbuy_price unavailable
CRITICAL:strat7:2022-12-16 17:47:22,254:14044: Yes my_avgbuy_price unavailable
CRITICAL:strat7:2022-12-16 17:47:26,964:14044: Yes my_avgbuy_price unavailable
CRITICAL:strat7:2022-12-16 17:47:54,521:14045: No my_buy_price unavailable
CRITICAL:strat7:2022-12-16 17:47:57,864:14045: No my_buy_price unavailable
CRITICAL:strat7:2022-12-16 17:48:23,319:14046: No my_buy_price unavailable
CRITICAL:strat7:2022-12-16 17:48:27,401:14046: No my_buy_price unavailable
CRITICAL:strat7:2022-12-16 17:48:53,629:14047: No my_buy_price unavailable
CRITICAL:strat7:2022-12-16 17:48:57,654:14047: No my_buy_price unavailable
CRITICAL:strat7:2022-12-16 17:49:23,106:14048: No my_buy_price unavailable
CRITICAL:strat7:2022-12-16 17:49:27,120:14048: No my_buy_price unavailable
CRITICAL:strat7:2022-12-16 17:49:53,506:14049: No my_buy_price unavailable
CRITICAL:strat7:2022-12-16 17:49:57,644:14049: No my_buy_price unavailable
CRITICAL:strat7:2022-12-16 17:51:22,733:14042: Yes my_avgbuy_price unavailable
CRITICAL:strat7:2022-12-16 17:51:26,022:14042: Yes my_avgbuy_price unavailable
CRITICAL:strat7:2022-12-16 17:51:55,559:14043: Yes my_avgbuy_price unavailable
CRITICAL:strat7:2022-12-16 17:51:59,774:14043: Yes my_avgbuy_price unavailable
CRITICAL:strat7:2022-12-16 17:52:26,656:14044: Yes my_avgbuy_price unavailable
CRITICAL:strat7:2022-12-16 17:52:30,911:14044: Yes my_avgbuy_price unavailable
CRITICAL:strat7:2022-12-16 17:52:56,322:14045: No my_buy_price unavailable
CRITICAL:strat7:2022-12-16 17:53:00,459:14045: No my_buy_price unavailable
CRITICAL:strat7:2022-12-16 17:53:25,885:14046: No my_buy_price unavailable
CRITICAL:strat7:2022-12-16 17:53:29,919:14046: No my_buy_price unavailable
CRITICAL:strat7:2022-12-16 17:53:55,581:14047: No my_buy_price unavailable
CRITICAL:strat7:2022-12-16 17:53:59,583:14047: No my_buy_price unavailable
CRITICAL:strat7:2022-12-16 17:54:25,360:14048: No my_buy_price unavailable
CRITICAL:strat7:2022-12-16 17:54:29,629:14048: No my_buy_price unavailable
CRITICAL:strat7:2022-12-16 17:54:59,097:14049: No my_buy_price unavailable
CRITICAL:strat7:2022-12-16 17:55:02,334:14049: No my_buy_price unavailable
CRITICAL:strat7:2022-12-16 17:56:27,197:14042: Yes my_avgbuy_price unavailable
CRITICAL:strat7:2022-12-16 17:56:30,584:14042: Yes my_avgbuy_price unavailable
CRITICAL:strat7:2022-12-16 17:56:56,061:14043: Yes my_avgbuy_price unavailable
CRITICAL:strat7:2022-12-16 17:57:00,267:14043: Yes my_avgbuy_price unavailable
CRITICAL:strat7:2022-12-16 17:57:25,559:14044: Yes my_avgbuy_price unavailable
CRITICAL:strat7:2022-12-16 17:57:29,666:14044: Yes my_avgbuy_price unavailable
CRITICAL:strat7:2022-12-16 17:57:56,075:14045: No my_buy_price unavailable
CRITICAL:strat7:2022-12-16 17:58:00,159:14045: No my_buy_price unavailable
CRITICAL:strat7:2022-12-16 17:58:26,102:14046: No my_buy_price unavailable
CRITICAL:strat7:2022-12-16 17:58:30,180:14046: No my_buy_price unavailable
CRITICAL:strat7:2022-12-16 17:58:55,612:14047: No my_buy_price unavailable
CRITICAL:strat7:2022-12-16 17:58:59,700:14047: No my_buy_price unavailable
CRITICAL:strat7:2022-12-16 17:59:25,124:14048: No my_buy_price unavailable
CRITICAL:strat7:2022-12-16 17:59:29,288:14048: No my_buy_price unavailable
CRITICAL:strat7:2022-12-16 17:59:55,172:14049: No my_buy_price unavailable
CRITICAL:strat7:2022-12-16 17:59:59,260:14049: No my_buy_price unavailable
CRITICAL:strat7:2022-12-16 18:01:25,932:14042: Yes my_avgbuy_price unavailable
CRITICAL:strat7:2022-12-16 18:01:29,199:14042: Yes my_avgbuy_price unavailable
CRITICAL:strat7:2022-12-16 18:01:55,108:14043: Yes my_avgbuy_price unavailable
CRITICAL:strat7:2022-12-16 18:01:59,306:14043: Yes my_avgbuy_price unavailable
CRITICAL:strat7:2022-12-16 18:02:27,774:14044: Yes my_avgbuy_price unavailable
CRITICAL:strat7:2022-12-16 18:02:31,845:14044: Yes my_avgbuy_price unavailable
CRITICAL:strat7:2022-12-16 18:02:57,963:14045: No my_buy_price unavailable
CRITICAL:strat7:2022-12-16 18:03:01,892:14045: No my_buy_price unavailable
CRITICAL:strat7:2022-12-16 18:03:27,868:14046: No my_buy_price unavailable
CRITICAL:strat7:2022-12-16 18:03:32,016:14046: No my_buy_price unavailable
CRITICAL:strat7:2022-12-16 18:03:57,307:14047: No my_buy_price unavailable
CRITICAL:strat7:2022-12-16 18:04:01,367:14047: No my_buy_price unavailable
CRITICAL:strat7:2022-12-16 18:04:29,365:14048: No my_buy_price unavailable
CRITICAL:strat7:2022-12-16 18:04:33,593:14048: No my_buy_price unavailable
CRITICAL:strat7:2022-12-16 18:06:29,044:14042: Yes my_avgbuy_price unavailable
CRITICAL:strat7:2022-12-16 18:06:32,480:14042: Yes my_avgbuy_price unavailable
CRITICAL:strat7:2022-12-16 18:06:59,508:14043: Yes my_avgbuy_price unavailable
CRITICAL:strat7:2022-12-16 18:07:03,526:14043: Yes my_avgbuy_price unavailable
CRITICAL:strat7:2022-12-16 18:07:29,080:14044: Yes my_avgbuy_price unavailable
CRITICAL:strat7:2022-12-16 18:07:33,100:14044: Yes my_avgbuy_price unavailable
CRITICAL:strat7:2022-12-16 18:07:58,212:14045: No my_buy_price unavailable
CRITICAL:strat7:2022-12-16 18:08:02,253:14045: No my_buy_price unavailable
CRITICAL:strat7:2022-12-16 18:08:27,684:14046: No my_buy_price unavailable
CRITICAL:strat7:2022-12-16 18:08:32,822:14046: No my_buy_price unavailable
CRITICAL:strat7:2022-12-16 18:08:58,314:14047: No my_buy_price unavailable
CRITICAL:strat7:2022-12-16 18:09:02,270:14047: No my_buy_price unavailable
CRITICAL:strat7:2022-12-16 18:09:28,361:14048: No my_buy_price unavailable
CRITICAL:strat7:2022-12-16 18:09:32,333:14048: No my_buy_price unavailable
CRITICAL:strat7:2022-12-16 18:11:27,066:14042: Yes my_avgbuy_price unavailable
CRITICAL:strat7:2022-12-16 18:11:31,723:14042: Yes my_avgbuy_price unavailable
CRITICAL:strat7:2022-12-16 18:11:57,463:14043: Yes my_avgbuy_price unavailable
CRITICAL:strat7:2022-12-16 18:12:01,600:14043: Yes my_avgbuy_price unavailable
CRITICAL:strat7:2022-12-16 18:12:27,051:14044: Yes my_avgbuy_price unavailable
CRITICAL:strat7:2022-12-16 18:12:31,068:14044: Yes my_avgbuy_price unavailable
CRITICAL:strat7:2022-12-16 18:13:00,056:14045: No my_buy_price unavailable
CRITICAL:strat7:2022-12-16 18:13:03,269:14045: No my_buy_price unavailable
CRITICAL:strat7:2022-12-16 18:13:29,115:14046: No my_buy_price unavailable
CRITICAL:strat7:2022-12-16 18:13:33,111:14046: No my_buy_price unavailable
CRITICAL:strat7:2022-12-16 18:13:59,091:14047: No my_buy_price unavailable
CRITICAL:strat7:2022-12-16 18:14:03,365:14047: No my_buy_price unavailable
CRITICAL:strat7:2022-12-16 18:14:29,251:14048: No my_buy_price unavailable
CRITICAL:strat7:2022-12-16 18:14:33,217:14048: No my_buy_price unavailable
CRITICAL:strat7:2022-12-16 18:16:32,222:14042: Yes my_avgbuy_price unavailable
CRITICAL:strat7:2022-12-16 18:16:35,496:14042: Yes my_avgbuy_price unavailable
CRITICAL:strat7:2022-12-16 18:17:01,902:14043: Yes my_avgbuy_price unavailable
CRITICAL:strat7:2022-12-16 18:17:05,924:14043: Yes my_avgbuy_price unavailable
CRITICAL:strat7:2022-12-16 18:17:31,444:14044: Yes my_avgbuy_price unavailable
CRITICAL:strat7:2022-12-16 18:17:35,448:14044: Yes my_avgbuy_price unavailable
CRITICAL:strat7:2022-12-16 18:18:01,012:14045: No my_buy_price unavailable
CRITICAL:strat7:2022-12-16 18:18:05,101:14045: No my_buy_price unavailable
CRITICAL:strat7:2022-12-16 18:18:30,788:14046: No my_buy_price unavailable
CRITICAL:strat7:2022-12-16 18:18:34,843:14046: No my_buy_price unavailable
CRITICAL:strat7:2022-12-16 18:19:00,776:14047: No my_buy_price unavailable
CRITICAL:strat7:2022-12-16 18:19:04,787:14047: No my_buy_price unavailable
CRITICAL:strat7:2022-12-16 18:19:30,336:14048: No my_buy_price unavailable
CRITICAL:strat7:2022-12-16 18:19:34,495:14048: No my_buy_price unavailable
CRITICAL:strat7:2022-12-16 18:21:30,533:14042: Yes my_avgbuy_price unavailable
CRITICAL:strat7:2022-12-16 18:21:33,804:14042: Yes my_avgbuy_price unavailable
CRITICAL:strat7:2022-12-16 18:22:00,785:14043: Yes my_avgbuy_price unavailable
CRITICAL:strat7:2022-12-16 18:22:04,853:14043: Yes my_avgbuy_price unavailable
CRITICAL:strat7:2022-12-16 18:22:33,001:14044: Yes my_avgbuy_price unavailable
CRITICAL:strat7:2022-12-16 18:22:37,084:14044: Yes my_avgbuy_price unavailable
CRITICAL:strat7:2022-12-16 18:23:03,965:14045: No my_buy_price unavailable
CRITICAL:strat7:2022-12-16 18:23:09,374:14045: No my_buy_price unavailable
CRITICAL:strat7:2022-12-16 18:23:36,476:14046: No my_buy_price unavailable
CRITICAL:strat7:2022-12-16 18:23:40,497:14046: No my_buy_price unavailable
CRITICAL:strat7:2022-12-16 18:24:08,011:14047: No my_buy_price unavailable
CRITICAL:strat7:2022-12-16 18:24:12,189:14047: No my_buy_price unavailable
CRITICAL:strat7:2022-12-16 18:24:38,838:14048: No my_buy_price unavailable
CRITICAL:strat7:2022-12-16 18:24:42,854:14048: No my_buy_price unavailable
CRITICAL:strat7:2022-12-16 18:26:42,571:14042: Yes my_avgbuy_price unavailable
CRITICAL:strat7:2022-12-16 18:26:45,782:14042: Yes my_avgbuy_price unavailable
CRITICAL:strat7:2022-12-16 18:27:13,830:14043: Yes my_avgbuy_price unavailable
CRITICAL:strat7:2022-12-16 18:27:17,880:14043: Yes my_avgbuy_price unavailable
CRITICAL:strat7:2022-12-16 18:27:45,160:14044: Yes my_avgbuy_price unavailable
CRITICAL:strat7:2022-12-16 18:27:49,219:14044: Yes my_avgbuy_price unavailable
CRITICAL:strat7:2022-12-16 18:28:15,590:14045: Yes my_avgbuy_price unavailable
CRITICAL:strat7:2022-12-16 18:28:22,620:14045: Yes my_avgbuy_price unavailable
CRITICAL:strat7:2022-12-16 18:28:49,773:14046: No my_buy_price unavailable
CRITICAL:strat7:2022-12-16 18:28:53,770:14046: No my_buy_price unavailable
CRITICAL:strat7:2022-12-16 18:29:21,179:14047: No my_buy_price unavailable
CRITICAL:strat7:2022-12-16 18:29:25,230:14047: No my_buy_price unavailable
CRITICAL:strat7:2022-12-16 18:29:52,395:14048: No my_buy_price unavailable
CRITICAL:strat7:2022-12-16 18:29:56,505:14048: No my_buy_price unavailable
CRITICAL:strat7:2022-12-16 18:32:24,644:14043: Yes my_avgbuy_price unavailable
CRITICAL:strat7:2022-12-16 18:32:28,674:14043: Yes my_avgbuy_price unavailable
CRITICAL:strat7:2022-12-16 18:32:55,513:14044: Yes my_avgbuy_price unavailable
CRITICAL:strat7:2022-12-16 18:32:59,528:14044: Yes my_avgbuy_price unavailable
CRITICAL:strat7:2022-12-16 18:33:55,281:14046: No my_buy_price unavailable
CRITICAL:strat7:2022-12-16 18:33:59,720:14046: No my_buy_price unavailable
CRITICAL:strat7:2022-12-16 18:34:26,950:14047: No my_buy_price unavailable
CRITICAL:strat7:2022-12-16 18:34:31,024:14047: No my_buy_price unavailable
CRITICAL:strat7:2022-12-16 18:34:58,758:14048: No my_buy_price unavailable
CRITICAL:strat7:2022-12-16 18:35:02,798:14048: No my_buy_price unavailable
CRITICAL:strat7:2022-12-16 18:37:22,978:14043: Yes my_avgbuy_price unavailable
CRITICAL:strat7:2022-12-16 18:37:26,997:14043: Yes my_avgbuy_price unavailable
CRITICAL:strat7:2022-12-16 18:37:53,374:14044: Yes my_avgbuy_price unavailable
CRITICAL:strat7:2022-12-16 18:37:57,376:14044: Yes my_avgbuy_price unavailable
CRITICAL:strat7:2022-12-16 18:38:51,431:14046: No my_buy_price unavailable
CRITICAL:strat7:2022-12-16 18:38:55,432:14046: No my_buy_price unavailable
CRITICAL:strat7:2022-12-16 18:39:22,572:14047: No my_buy_price unavailable
CRITICAL:strat7:2022-12-16 18:39:26,642:14047: No my_buy_price unavailable
CRITICAL:strat7:2022-12-16 18:39:53,239:14048: No my_buy_price unavailable
CRITICAL:strat7:2022-12-16 18:39:57,290:14048: No my_buy_price unavailable
CRITICAL:strat7:2022-12-16 18:42:15,413:14043: Yes my_avgbuy_price unavailable
CRITICAL:strat7:2022-12-16 18:42:19,648:14043: Yes my_avgbuy_price unavailable
CRITICAL:strat7:2022-12-16 18:42:45,845:14044: Yes my_avgbuy_price unavailable
CRITICAL:strat7:2022-12-16 18:42:49,845:14044: Yes my_avgbuy_price unavailable
CRITICAL:strat7:2022-12-16 18:43:43,650:14046: No my_buy_price unavailable
CRITICAL:strat7:2022-12-16 18:43:47,702:14046: No my_buy_price unavailable
CRITICAL:strat7:2022-12-16 18:44:14,740:14047: No my_buy_price unavailable
CRITICAL:strat7:2022-12-16 18:44:18,835:14047: No my_buy_price unavailable
CRITICAL:strat7:2022-12-16 18:44:51,178:14048: No my_buy_price unavailable
CRITICAL:strat7:2022-12-16 18:44:54,353:14048: No my_buy_price unavailable
CRITICAL:strat7:2022-12-16 18:47:13,777:14043: Yes my_avgbuy_price unavailable
CRITICAL:strat7:2022-12-16 18:47:17,746:14043: Yes my_avgbuy_price unavailable
CRITICAL:strat7:2022-12-16 18:47:44,990:14044: Yes my_avgbuy_price unavailable
CRITICAL:strat7:2022-12-16 18:47:49,046:14044: Yes my_avgbuy_price unavailable
CRITICAL:strat7:2022-12-16 18:48:44,299:14046: No my_buy_price unavailable
CRITICAL:strat7:2022-12-16 18:48:48,253:14046: No my_buy_price unavailable
CRITICAL:strat7:2022-12-16 18:49:14,938:14047: No my_buy_price unavailable
CRITICAL:strat7:2022-12-16 18:49:18,950:14047: No my_buy_price unavailable
CRITICAL:strat7:2022-12-16 18:49:46,255:14048: No my_buy_price unavailable
CRITICAL:strat7:2022-12-16 18:49:50,250:14048: No my_buy_price unavailable
CRITICAL:strat7:2022-12-16 18:52:11,915:14043: Yes my_avgbuy_price unavailable
CRITICAL:strat7:2022-12-16 18:52:15,965:14043: Yes my_avgbuy_price unavailable
CRITICAL:strat7:2022-12-16 18:52:43,760:14044: Yes my_avgbuy_price unavailable
CRITICAL:strat7:2022-12-16 18:52:47,826:14044: Yes my_avgbuy_price unavailable
CRITICAL:strat7:2022-12-16 18:53:16,624:14045: No my_buy_price unavailable
CRITICAL:strat7:2022-12-16 18:53:19,914:14045: No my_buy_price unavailable
CRITICAL:strat7:2022-12-16 18:53:46,903:14046: No my_buy_price unavailable
CRITICAL:strat7:2022-12-16 18:53:50,963:14046: No my_buy_price unavailable
CRITICAL:strat7:2022-12-16 18:54:18,250:14047: No my_buy_price unavailable
CRITICAL:strat7:2022-12-16 18:54:22,261:14047: No my_buy_price unavailable
CRITICAL:strat7:2022-12-16 18:54:49,230:14048: No my_buy_price unavailable
CRITICAL:strat7:2022-12-16 18:54:53,288:14048: No my_buy_price unavailable
CRITICAL:strat7:2022-12-16 18:57:21,705:14043: Yes my_avgbuy_price unavailable
CRITICAL:strat7:2022-12-16 18:57:25,911:14043: Yes my_avgbuy_price unavailable
CRITICAL:strat7:2022-12-16 18:57:52,555:14044: Yes my_avgbuy_price unavailable
CRITICAL:strat7:2022-12-16 18:57:56,546:14044: Yes my_avgbuy_price unavailable
CRITICAL:strat7:2022-12-16 18:58:24,401:14045: No my_buy_price unavailable
CRITICAL:strat7:2022-12-16 18:58:28,444:14045: No my_buy_price unavailable
CRITICAL:strat7:2022-12-16 18:58:55,062:14046: No my_buy_price unavailable
CRITICAL:strat7:2022-12-16 18:58:59,006:14046: No my_buy_price unavailable
CRITICAL:strat7:2022-12-16 18:59:25,366:14047: No my_buy_price unavailable
CRITICAL:strat7:2022-12-16 18:59:29,447:14047: No my_buy_price unavailable
CRITICAL:strat7:2022-12-16 18:59:57,022:14048: No my_buy_price unavailable
CRITICAL:strat7:2022-12-16 19:00:00,992:14048: No my_buy_price unavailable
CRITICAL:strat7:2022-12-16 19:02:32,614:14043: Yes my_avgbuy_price unavailable
CRITICAL:strat7:2022-12-16 19:02:39,601:14043: Yes my_avgbuy_price unavailable
CRITICAL:strat7:2022-12-16 19:03:06,686:14044: Yes my_avgbuy_price unavailable
CRITICAL:strat7:2022-12-16 19:03:10,738:14044: Yes my_avgbuy_price unavailable
CRITICAL:strat7:2022-12-16 19:03:39,623:14045: Yes my_avgbuy_price unavailable
CRITICAL:strat7:2022-12-16 19:03:44,398:14045: Yes my_avgbuy_price unavailable
CRITICAL:strat7:2022-12-16 19:04:10,960:14046: No my_buy_price unavailable
CRITICAL:strat7:2022-12-16 19:04:15,037:14046: No my_buy_price unavailable
CRITICAL:strat7:2022-12-16 19:04:42,162:14047: No my_buy_price unavailable
CRITICAL:strat7:2022-12-16 19:04:46,318:14047: No my_buy_price unavailable
CRITICAL:strat7:2022-12-16 19:05:13,539:14048: No my_buy_price unavailable
CRITICAL:strat7:2022-12-16 19:05:17,508:14048: No my_buy_price unavailable
CRITICAL:strat7:2022-12-16 19:07:53,432:14043: Yes my_avgbuy_price unavailable
CRITICAL:strat7:2022-12-16 19:07:58,112:14043: Yes my_avgbuy_price unavailable
CRITICAL:strat7:2022-12-16 19:08:23,155:14044: No my_buy_price unavailable
CRITICAL:strat7:2022-12-16 19:08:27,104:14044: No my_buy_price unavailable
CRITICAL:strat7:2022-12-16 19:09:28,159:14046: No my_buy_price unavailable
CRITICAL:strat7:2022-12-16 19:09:32,249:14046: No my_buy_price unavailable
CRITICAL:strat7:2022-12-16 19:09:59,773:14047: No my_buy_price unavailable
CRITICAL:strat7:2022-12-16 19:10:03,984:14047: No my_buy_price unavailable
CRITICAL:strat7:2022-12-16 19:10:30,787:14048: No my_buy_price unavailable
CRITICAL:strat7:2022-12-16 19:10:34,825:14048: No my_buy_price unavailable
CRITICAL:strat7:2022-12-16 19:13:07,796:14043: Yes my_avgbuy_price unavailable
CRITICAL:strat7:2022-12-16 19:13:10,972:14043: Yes my_avgbuy_price unavailable
CRITICAL:strat7:2022-12-16 19:13:39,042:14044: Yes my_avgbuy_price unavailable
CRITICAL:strat7:2022-12-16 19:13:42,289:14044: Yes my_avgbuy_price unavailable
CRITICAL:strat7:2022-12-16 19:14:38,509:14046: No my_buy_price unavailable
CRITICAL:strat7:2022-12-16 19:14:42,504:14046: No my_buy_price unavailable
CRITICAL:strat7:2022-12-16 19:15:09,197:14047: No my_buy_price unavailable
CRITICAL:strat7:2022-12-16 19:15:13,202:14047: No my_buy_price unavailable
CRITICAL:strat7:2022-12-16 19:15:39,622:14048: No my_buy_price unavailable
CRITICAL:strat7:2022-12-16 19:15:43,667:14048: No my_buy_price unavailable
CRITICAL:strat7:2022-12-16 19:18:39,797:14044: No my_buy_price unavailable
CRITICAL:strat7:2022-12-16 19:18:43,771:14044: No my_buy_price unavailable
CRITICAL:strat7:2022-12-16 19:19:37,771:14046: No my_buy_price unavailable
CRITICAL:strat7:2022-12-16 19:19:41,730:14046: No my_buy_price unavailable
CRITICAL:strat7:2022-12-16 19:20:09,405:14047: No my_buy_price unavailable
CRITICAL:strat7:2022-12-16 19:20:13,466:14047: No my_buy_price unavailable
CRITICAL:strat7:2022-12-16 19:20:40,864:14048: No my_buy_price unavailable
CRITICAL:strat7:2022-12-16 19:20:44,872:14048: No my_buy_price unavailable
CRITICAL:strat7:2022-12-16 19:23:48,903:14044: Yes my_avgbuy_price unavailable
CRITICAL:strat7:2022-12-16 19:23:52,196:14044: Yes my_avgbuy_price unavailable
CRITICAL:strat7:2022-12-16 19:24:45,730:14046: No my_buy_price unavailable
CRITICAL:strat7:2022-12-16 19:24:49,801:14046: No my_buy_price unavailable
CRITICAL:strat7:2022-12-16 19:25:16,547:14047: No my_buy_price unavailable
CRITICAL:strat7:2022-12-16 19:25:20,550:14047: No my_buy_price unavailable
CRITICAL:strat7:2022-12-16 19:25:47,096:14048: No my_buy_price unavailable
CRITICAL:strat7:2022-12-16 19:25:51,070:14048: No my_buy_price unavailable
CRITICAL:strat7:2022-12-16 19:26:22,743:14049: No my_buy_price unavailable
CRITICAL:strat7:2022-12-16 19:26:25,972:14049: No my_buy_price unavailable
CRITICAL:strat7:2022-12-16 19:28:52,082:14044: No my_buy_price unavailable
CRITICAL:strat7:2022-12-16 19:28:56,004:14044: No my_buy_price unavailable
CRITICAL:strat7:2022-12-16 19:29:50,319:14046: No my_buy_price unavailable
CRITICAL:strat7:2022-12-16 19:29:54,923:14046: No my_buy_price unavailable
CRITICAL:strat7:2022-12-16 19:30:21,882:14047: No my_buy_price unavailable
CRITICAL:strat7:2022-12-16 19:30:25,797:14047: No my_buy_price unavailable
CRITICAL:strat7:2022-12-16 19:30:52,470:14048: No my_buy_price unavailable
CRITICAL:strat7:2022-12-16 19:30:56,424:14048: No my_buy_price unavailable
CRITICAL:strat7:2022-12-16 19:33:56,106:14044: No my_buy_price unavailable
CRITICAL:strat7:2022-12-16 19:33:58,530:14044: No my_buy_price unavailable
CRITICAL:strat7:2022-12-16 19:34:51,999:14046: No my_buy_price unavailable
CRITICAL:strat7:2022-12-16 19:34:56,121:14046: No my_buy_price unavailable
CRITICAL:strat7:2022-12-16 19:35:23,213:14047: No my_buy_price unavailable
CRITICAL:strat7:2022-12-16 19:35:27,209:14047: No my_buy_price unavailable
CRITICAL:strat7:2022-12-16 19:35:53,962:14048: No my_buy_price unavailable
CRITICAL:strat7:2022-12-16 19:35:57,919:14048: No my_buy_price unavailable
CRITICAL:strat7:2022-12-16 19:38:54,485:14044: No my_buy_price unavailable
CRITICAL:strat7:2022-12-16 19:38:56,855:14044: No my_buy_price unavailable
CRITICAL:strat7:2022-12-16 19:39:52,365:14046: No my_buy_price unavailable
CRITICAL:strat7:2022-12-16 19:39:56,367:14046: No my_buy_price unavailable
CRITICAL:strat7:2022-12-16 19:40:23,301:14047: No my_buy_price unavailable
CRITICAL:strat7:2022-12-16 19:40:27,320:14047: No my_buy_price unavailable
CRITICAL:strat7:2022-12-16 19:40:53,341:14048: No my_buy_price unavailable
CRITICAL:strat7:2022-12-16 19:40:57,414:14048: No my_buy_price unavailable
CRITICAL:strat7:2022-12-16 19:43:55,120:14044: No my_buy_price unavailable
CRITICAL:strat7:2022-12-16 19:43:57,456:14044: No my_buy_price unavailable
CRITICAL:strat7:2022-12-16 19:44:52,764:14046: No my_buy_price unavailable
CRITICAL:strat7:2022-12-16 19:44:56,845:14046: No my_buy_price unavailable
CRITICAL:strat7:2022-12-16 19:45:24,295:14047: No my_buy_price unavailable
CRITICAL:strat7:2022-12-16 19:45:28,368:14047: No my_buy_price unavailable
CRITICAL:strat7:2022-12-16 19:45:55,624:14048: No my_buy_price unavailable
CRITICAL:strat7:2022-12-16 19:45:59,719:14048: No my_buy_price unavailable
CRITICAL:strat7:2022-12-16 19:48:55,760:14044: No my_buy_price unavailable
CRITICAL:strat7:2022-12-16 19:48:58,116:14044: No my_buy_price unavailable
CRITICAL:strat7:2022-12-16 19:49:53,332:14046: No my_buy_price unavailable
CRITICAL:strat7:2022-12-16 19:49:57,300:14046: No my_buy_price unavailable
CRITICAL:strat7:2022-12-16 19:50:24,866:14047: No my_buy_price unavailable
CRITICAL:strat7:2022-12-16 19:50:28,899:14047: No my_buy_price unavailable
CRITICAL:strat7:2022-12-16 19:50:56,750:14048: No my_buy_price unavailable
CRITICAL:strat7:2022-12-16 19:51:00,793:14048: No my_buy_price unavailable
CRITICAL:strat7:2022-12-16 19:53:04,552:14042: Yes my_avgbuy_price unavailable
CRITICAL:strat7:2022-12-16 19:53:07,760:14042: Yes my_avgbuy_price unavailable
CRITICAL:strat7:2022-12-16 19:54:02,032:14044: No my_buy_price unavailable
CRITICAL:strat7:2022-12-16 19:54:04,467:14044: No my_buy_price unavailable
CRITICAL:strat7:2022-12-16 19:54:58,396:14046: No my_buy_price unavailable
CRITICAL:strat7:2022-12-16 19:55:02,499:14046: No my_buy_price unavailable
CRITICAL:strat7:2022-12-16 19:55:29,137:14047: No my_buy_price unavailable
CRITICAL:strat7:2022-12-16 19:55:33,253:14047: No my_buy_price unavailable
CRITICAL:strat7:2022-12-16 19:56:01,203:14048: No my_buy_price unavailable
CRITICAL:strat7:2022-12-16 19:56:05,371:14048: No my_buy_price unavailable
CRITICAL:strat7:2022-12-16 19:58:02,904:14042: Yes my_avgbuy_price unavailable
CRITICAL:strat7:2022-12-16 19:58:08,367:14042: Yes my_avgbuy_price unavailable
CRITICAL:strat7:2022-12-16 19:59:12,198:14044: Yes my_avgbuy_price unavailable
CRITICAL:strat7:2022-12-16 19:59:15,459:14044: Yes my_avgbuy_price unavailable
CRITICAL:strat7:2022-12-16 20:00:09,984:14046: No my_buy_price unavailable
CRITICAL:strat7:2022-12-16 20:00:14,063:14046: No my_buy_price unavailable
CRITICAL:strat7:2022-12-16 20:00:42,188:14047: No my_buy_price unavailable
CRITICAL:strat7:2022-12-16 20:00:46,247:14047: No my_buy_price unavailable
CRITICAL:strat7:2022-12-16 20:01:16,806:14048: No my_buy_price unavailable
CRITICAL:strat7:2022-12-16 20:01:20,143:14048: No my_buy_price unavailable
CRITICAL:strat7:2022-12-16 20:03:21,682:14042: Yes my_avgbuy_price unavailable
CRITICAL:strat7:2022-12-16 20:03:25,736:14042: Yes my_avgbuy_price unavailable
CRITICAL:strat7:2022-12-16 20:04:22,618:14044: Yes my_avgbuy_price unavailable
CRITICAL:strat7:2022-12-16 20:04:26,693:14044: Yes my_avgbuy_price unavailable
CRITICAL:strat7:2022-12-16 20:05:25,886:14046: Yes my_avgbuy_price unavailable
CRITICAL:strat7:2022-12-16 20:05:30,393:14046: Yes my_avgbuy_price unavailable
CRITICAL:strat7:2022-12-16 20:05:57,727:14047: No my_buy_price unavailable
CRITICAL:strat7:2022-12-16 20:06:03,186:14047: No my_buy_price unavailable
CRITICAL:strat7:2022-12-16 20:06:31,520:14048: No my_buy_price unavailable
CRITICAL:strat7:2022-12-16 20:06:35,573:14048: No my_buy_price unavailable
CRITICAL:strat7:2022-12-16 20:08:32,091:14042: Yes my_avgbuy_price unavailable
CRITICAL:strat7:2022-12-16 20:08:36,037:14042: Yes my_avgbuy_price unavailable
CRITICAL:strat7:2022-12-16 20:09:06,772:14043: Yes my_avgbuy_price unavailable
CRITICAL:strat7:2022-12-16 20:09:10,043:14043: Yes my_avgbuy_price unavailable
CRITICAL:strat7:2022-12-16 20:09:37,419:14044: Yes my_avgbuy_price unavailable
CRITICAL:strat7:2022-12-16 20:09:41,537:14044: Yes my_avgbuy_price unavailable
CRITICAL:strat7:2022-12-16 20:10:39,559:14046: No my_buy_price unavailable
CRITICAL:strat7:2022-12-16 20:10:41,917:14046: No my_buy_price unavailable
CRITICAL:strat7:2022-12-16 20:11:12,733:14047: No my_buy_price unavailable
CRITICAL:strat7:2022-12-16 20:11:15,948:14047: No my_buy_price unavailable
CRITICAL:strat7:2022-12-16 20:11:43,895:14048: No my_buy_price unavailable
CRITICAL:strat7:2022-12-16 20:11:48,172:14048: No my_buy_price unavailable
CRITICAL:strat7:2022-12-16 20:13:45,892:14042: Yes my_avgbuy_price unavailable
CRITICAL:strat7:2022-12-16 20:13:49,887:14042: Yes my_avgbuy_price unavailable
CRITICAL:strat7:2022-12-16 20:14:20,643:14043: Yes my_avgbuy_price unavailable
CRITICAL:strat7:2022-12-16 20:14:24,400:14043: Yes my_avgbuy_price unavailable
CRITICAL:strat7:2022-12-16 20:14:54,701:14044: Yes my_avgbuy_price unavailable
CRITICAL:strat7:2022-12-16 20:14:57,895:14044: Yes my_avgbuy_price unavailable
CRITICAL:strat7:2022-12-16 20:15:55,660:14046: No my_buy_price unavailable
CRITICAL:strat7:2022-12-16 20:15:58,032:14046: No my_buy_price unavailable
CRITICAL:strat7:2022-12-16 20:16:29,269:14047: No my_buy_price unavailable
CRITICAL:strat7:2022-12-16 20:16:32,481:14047: No my_buy_price unavailable
CRITICAL:strat7:2022-12-16 20:16:59,356:14048: No my_buy_price unavailable
CRITICAL:strat7:2022-12-16 20:17:03,567:14048: No my_buy_price unavailable
CRITICAL:strat7:2022-12-16 20:18:56,069:14042: Yes my_avgbuy_price unavailable
CRITICAL:strat7:2022-12-16 20:19:00,061:14042: Yes my_avgbuy_price unavailable
CRITICAL:strat7:2022-12-16 20:19:26,897:14043: Yes my_avgbuy_price unavailable
CRITICAL:strat7:2022-12-16 20:19:30,941:14043: Yes my_avgbuy_price unavailable
CRITICAL:strat7:2022-12-16 20:19:57,925:14044: Yes my_avgbuy_price unavailable
CRITICAL:strat7:2022-12-16 20:20:02,109:14044: Yes my_avgbuy_price unavailable
CRITICAL:strat7:2022-12-16 20:20:57,185:14046: No my_buy_price unavailable
CRITICAL:strat7:2022-12-16 20:20:59,518:14046: No my_buy_price unavailable
CRITICAL:strat7:2022-12-16 20:21:26,411:14047: No my_buy_price unavailable
CRITICAL:strat7:2022-12-16 20:21:30,443:14047: No my_buy_price unavailable
CRITICAL:strat7:2022-12-16 20:21:58,117:14048: No my_buy_price unavailable
CRITICAL:strat7:2022-12-16 20:22:03,729:14048: No my_buy_price unavailable
CRITICAL:strat7:2022-12-16 20:23:54,805:14042: Yes my_avgbuy_price unavailable
CRITICAL:strat7:2022-12-16 20:23:58,695:14042: Yes my_avgbuy_price unavailable
CRITICAL:strat7:2022-12-16 20:24:25,675:14043: Yes my_avgbuy_price unavailable
CRITICAL:strat7:2022-12-16 20:24:29,637:14043: Yes my_avgbuy_price unavailable
CRITICAL:strat7:2022-12-16 20:24:56,829:14044: Yes my_avgbuy_price unavailable
CRITICAL:strat7:2022-12-16 20:25:00,855:14044: Yes my_avgbuy_price unavailable
CRITICAL:strat7:2022-12-16 20:25:54,693:14046: No my_buy_price unavailable
CRITICAL:strat7:2022-12-16 20:25:57,114:14046: No my_buy_price unavailable
CRITICAL:strat7:2022-12-16 20:26:24,224:14047: No my_buy_price unavailable
CRITICAL:strat7:2022-12-16 20:26:28,296:14047: No my_buy_price unavailable
CRITICAL:strat7:2022-12-16 20:26:54,905:14048: No my_buy_price unavailable
CRITICAL:strat7:2022-12-16 20:26:58,996:14048: No my_buy_price unavailable
CRITICAL:strat7:2022-12-16 20:28:56,741:14042: Yes my_avgbuy_price unavailable
CRITICAL:strat7:2022-12-16 20:29:00,763:14042: Yes my_avgbuy_price unavailable
CRITICAL:strat7:2022-12-16 20:29:27,633:14043: Yes my_avgbuy_price unavailable
CRITICAL:strat7:2022-12-16 20:29:31,586:14043: Yes my_avgbuy_price unavailable
CRITICAL:strat7:2022-12-16 20:29:58,226:14044: Yes my_avgbuy_price unavailable
CRITICAL:strat7:2022-12-16 20:30:02,712:14044: Yes my_avgbuy_price unavailable
CRITICAL:strat7:2022-12-16 20:30:58,785:14046: No my_buy_price unavailable
CRITICAL:strat7:2022-12-16 20:31:01,170:14046: No my_buy_price unavailable
CRITICAL:strat7:2022-12-16 20:31:27,741:14047: No my_buy_price unavailable
CRITICAL:strat7:2022-12-16 20:31:31,776:14047: No my_buy_price unavailable
CRITICAL:strat7:2022-12-16 20:31:58,507:14048: No my_buy_price unavailable
CRITICAL:strat7:2022-12-16 20:32:02,733:14048: No my_buy_price unavailable
CRITICAL:strat7:2022-12-16 20:33:55,488:14042: Yes my_avgbuy_price unavailable
CRITICAL:strat7:2022-12-16 20:33:59,539:14042: Yes my_avgbuy_price unavailable
CRITICAL:strat7:2022-12-16 20:34:26,336:14043: Yes my_avgbuy_price unavailable
CRITICAL:strat7:2022-12-16 20:34:30,434:14043: Yes my_avgbuy_price unavailable
CRITICAL:strat7:2022-12-16 20:34:57,460:14044: Yes my_avgbuy_price unavailable
CRITICAL:strat7:2022-12-16 20:35:02,039:14044: Yes my_avgbuy_price unavailable
CRITICAL:strat7:2022-12-16 20:35:54,269:14046: No my_buy_price unavailable
CRITICAL:strat7:2022-12-16 20:35:56,589:14046: No my_buy_price unavailable
CRITICAL:strat7:2022-12-16 20:36:23,052:14047: No my_buy_price unavailable
CRITICAL:strat7:2022-12-16 20:36:27,146:14047: No my_buy_price unavailable
CRITICAL:strat7:2022-12-16 20:36:53,406:14048: No my_buy_price unavailable
CRITICAL:strat7:2022-12-16 20:36:57,458:14048: No my_buy_price unavailable
CRITICAL:strat7:2022-12-16 20:38:51,281:14042: Yes my_avgbuy_price unavailable
CRITICAL:strat7:2022-12-16 20:38:55,738:14042: Yes my_avgbuy_price unavailable
CRITICAL:strat7:2022-12-16 20:39:22,637:14043: Yes my_avgbuy_price unavailable
CRITICAL:strat7:2022-12-16 20:39:26,681:14043: Yes my_avgbuy_price unavailable
CRITICAL:strat7:2022-12-16 20:39:51,181:14044: No my_buy_price unavailable
CRITICAL:strat7:2022-12-16 20:39:55,122:14044: No my_buy_price unavailable
CRITICAL:strat7:2022-12-16 20:40:23,583:14045: Yes my_avgbuy_price unavailable
CRITICAL:strat7:2022-12-16 20:40:27,530:14045: Yes my_avgbuy_price unavailable
CRITICAL:strat7:2022-12-16 20:40:52,707:14046: No my_buy_price unavailable
CRITICAL:strat7:2022-12-16 20:40:55,101:14046: No my_buy_price unavailable
CRITICAL:strat7:2022-12-16 20:41:21,736:14047: No my_buy_price unavailable
CRITICAL:strat7:2022-12-16 20:41:26,330:14047: No my_buy_price unavailable
CRITICAL:strat7:2022-12-16 20:41:54,132:14048: No my_buy_price unavailable
CRITICAL:strat7:2022-12-16 20:41:58,334:14048: No my_buy_price unavailable
CRITICAL:strat7:2022-12-16 20:43:52,706:14042: Yes my_avgbuy_price unavailable
CRITICAL:strat7:2022-12-16 20:43:56,812:14042: Yes my_avgbuy_price unavailable
CRITICAL:strat7:2022-12-16 20:44:24,184:14043: Yes my_avgbuy_price unavailable
CRITICAL:strat7:2022-12-16 20:44:28,228:14043: Yes my_avgbuy_price unavailable
CRITICAL:strat7:2022-12-16 20:45:13,167:14044: Yes my_avgbuy_price unavailable
CRITICAL:strat7:2022-12-16 20:46:23,662:14044: Yes my_avgbuy_price unavailable
CRITICAL:strat7:2022-12-16 20:48:49,134:14045: No my_buy_price unavailable
CRITICAL:strat7:2022-12-16 20:48:54,204:14045: No my_buy_price unavailable
CRITICAL:strat7:2022-12-16 20:49:21,759:14046: No my_buy_price unavailable
CRITICAL:strat7:2022-12-16 20:49:24,138:14046: No my_buy_price unavailable
CRITICAL:strat7:2022-12-16 20:49:50,970:14047: No my_buy_price unavailable
CRITICAL:strat7:2022-12-16 20:49:55,690:14047: No my_buy_price unavailable
CRITICAL:strat7:2022-12-16 20:50:22,020:14048: No my_buy_price unavailable
CRITICAL:strat7:2022-12-16 20:50:26,071:14048: No my_buy_price unavailable
CRITICAL:strat7:2022-12-16 20:52:19,882:14042: Yes my_avgbuy_price unavailable
CRITICAL:strat7:2022-12-16 20:52:23,916:14042: Yes my_avgbuy_price unavailable
CRITICAL:strat7:2022-12-16 20:52:50,833:14043: Yes my_avgbuy_price unavailable
CRITICAL:strat7:2022-12-16 20:52:54,896:14043: Yes my_avgbuy_price unavailable
CRITICAL:strat7:2022-12-16 20:53:20,103:14044: No my_buy_price unavailable
CRITICAL:strat7:2022-12-16 20:53:24,116:14044: No my_buy_price unavailable
CRITICAL:strat7:2022-12-16 20:53:51,135:14045: No my_buy_price unavailable
CRITICAL:strat7:2022-12-16 20:53:55,209:14045: No my_buy_price unavailable
CRITICAL:strat7:2022-12-16 20:54:20,063:14046: No my_buy_price unavailable
CRITICAL:strat7:2022-12-16 20:54:22,505:14046: No my_buy_price unavailable
CRITICAL:strat7:2022-12-16 20:54:53,320:14047: No my_buy_price unavailable
CRITICAL:strat7:2022-12-16 20:54:56,543:14047: No my_buy_price unavailable
CRITICAL:strat7:2022-12-16 20:55:23,644:14048: No my_buy_price unavailable
CRITICAL:strat7:2022-12-16 20:55:27,833:14048: No my_buy_price unavailable
CRITICAL:strat7:2022-12-16 20:55:54,632:14049: No my_buy_price unavailable
CRITICAL:strat7:2022-12-16 20:55:58,732:14049: No my_buy_price unavailable
CRITICAL:strat7:2022-12-16 20:57:25,447:14042: Yes my_avgbuy_price unavailable
CRITICAL:strat7:2022-12-16 20:57:29,435:14042: Yes my_avgbuy_price unavailable
CRITICAL:strat7:2022-12-16 20:57:56,139:14043: Yes my_avgbuy_price unavailable
CRITICAL:strat7:2022-12-16 20:58:00,149:14043: Yes my_avgbuy_price unavailable
CRITICAL:strat7:2022-12-16 20:58:24,341:14044: No my_buy_price unavailable
CRITICAL:strat7:2022-12-16 20:58:26,781:14044: No my_buy_price unavailable
CRITICAL:strat7:2022-12-16 20:58:54,191:14045: No my_buy_price unavailable
CRITICAL:strat7:2022-12-16 20:58:58,247:14045: No my_buy_price unavailable
CRITICAL:strat7:2022-12-16 20:59:23,016:14046: No my_buy_price unavailable
CRITICAL:strat7:2022-12-16 20:59:25,479:14046: No my_buy_price unavailable
CRITICAL:strat7:2022-12-16 20:59:52,700:14047: No my_buy_price unavailable
CRITICAL:strat7:2022-12-16 20:59:56,859:14047: No my_buy_price unavailable
CRITICAL:strat7:2022-12-16 21:00:23,869:14048: No my_buy_price unavailable
CRITICAL:strat7:2022-12-16 21:00:27,801:14048: No my_buy_price unavailable
CRITICAL:strat7:2022-12-16 21:00:55,180:14049: No my_buy_price unavailable
CRITICAL:strat7:2022-12-16 21:00:59,184:14049: No my_buy_price unavailable
CRITICAL:strat7:2022-12-16 21:02:25,706:14042: Yes my_avgbuy_price unavailable
CRITICAL:strat7:2022-12-16 21:02:29,744:14042: Yes my_avgbuy_price unavailable
CRITICAL:strat7:2022-12-16 21:02:56,338:14043: Yes my_avgbuy_price unavailable
CRITICAL:strat7:2022-12-16 21:03:01,933:14043: Yes my_avgbuy_price unavailable
CRITICAL:strat7:2022-12-16 21:03:26,881:14044: No my_buy_price unavailable
CRITICAL:strat7:2022-12-16 21:03:29,228:14044: No my_buy_price unavailable
CRITICAL:strat7:2022-12-16 21:03:57,041:14045: No my_buy_price unavailable
CRITICAL:strat7:2022-12-16 21:04:01,142:14045: No my_buy_price unavailable
CRITICAL:strat7:2022-12-16 21:04:25,775:14046: No my_buy_price unavailable
CRITICAL:strat7:2022-12-16 21:04:28,470:14046: No my_buy_price unavailable
CRITICAL:strat7:2022-12-16 21:04:55,524:14047: No my_buy_price unavailable
CRITICAL:strat7:2022-12-16 21:04:59,591:14047: No my_buy_price unavailable
CRITICAL:strat7:2022-12-16 21:05:26,779:14048: No my_buy_price unavailable
CRITICAL:strat7:2022-12-16 21:05:31,064:14048: No my_buy_price unavailable
CRITICAL:strat7:2022-12-16 21:06:02,909:14049: No my_buy_price unavailable
CRITICAL:strat7:2022-12-16 21:06:06,079:14049: No my_buy_price unavailable
CRITICAL:strat7:2022-12-16 21:07:32,690:14042: Yes my_avgbuy_price unavailable
CRITICAL:strat7:2022-12-16 21:07:36,745:14042: Yes my_avgbuy_price unavailable
CRITICAL:strat7:2022-12-16 21:08:03,825:14043: Yes my_avgbuy_price unavailable
CRITICAL:strat7:2022-12-16 21:08:07,887:14043: Yes my_avgbuy_price unavailable
CRITICAL:strat7:2022-12-16 21:08:32,823:14044: No my_buy_price unavailable
CRITICAL:strat7:2022-12-16 21:08:35,657:14044: No my_buy_price unavailable
CRITICAL:strat7:2022-12-16 21:09:02,628:14045: No my_buy_price unavailable
CRITICAL:strat7:2022-12-16 21:09:06,716:14045: No my_buy_price unavailable
CRITICAL:strat7:2022-12-16 21:09:31,882:14046: No my_buy_price unavailable
CRITICAL:strat7:2022-12-16 21:09:34,336:14046: No my_buy_price unavailable
CRITICAL:strat7:2022-12-16 21:10:00,964:14047: No my_buy_price unavailable
CRITICAL:strat7:2022-12-16 21:10:04,990:14047: No my_buy_price unavailable
CRITICAL:strat7:2022-12-16 21:10:32,441:14048: No my_buy_price unavailable
CRITICAL:strat7:2022-12-16 21:10:36,502:14048: No my_buy_price unavailable
CRITICAL:strat7:2022-12-16 21:11:03,775:14049: No my_buy_price unavailable
CRITICAL:strat7:2022-12-16 21:11:07,792:14049: No my_buy_price unavailable
CRITICAL:strat7:2022-12-16 21:12:34,807:14042: Yes my_avgbuy_price unavailable
CRITICAL:strat7:2022-12-16 21:12:38,930:14042: Yes my_avgbuy_price unavailable
CRITICAL:strat7:2022-12-16 21:13:33,507:14044: No my_buy_price unavailable
CRITICAL:strat7:2022-12-16 21:13:35,947:14044: No my_buy_price unavailable
CRITICAL:strat7:2022-12-16 21:14:02,535:14045: No my_buy_price unavailable
CRITICAL:strat7:2022-12-16 21:14:06,503:14045: No my_buy_price unavailable
CRITICAL:strat7:2022-12-16 21:14:32,050:14046: No my_buy_price unavailable
CRITICAL:strat7:2022-12-16 21:14:34,580:14046: No my_buy_price unavailable
CRITICAL:strat7:2022-12-16 21:15:02,134:14047: No my_buy_price unavailable
CRITICAL:strat7:2022-12-16 21:15:06,280:14047: No my_buy_price unavailable
CRITICAL:strat7:2022-12-16 21:15:33,344:14048: No my_buy_price unavailable
CRITICAL:strat7:2022-12-16 21:15:37,408:14048: No my_buy_price unavailable
CRITICAL:strat7:2022-12-16 21:16:04,625:14049: No my_buy_price unavailable
CRITICAL:strat7:2022-12-16 21:16:08,727:14049: No my_buy_price unavailable
CRITICAL:strat7:2022-12-16 21:17:35,200:14042: Yes my_avgbuy_price unavailable
CRITICAL:strat7:2022-12-16 21:17:39,244:14042: Yes my_avgbuy_price unavailable
CRITICAL:strat7:2022-12-16 21:18:39,729:14044: Yes my_avgbuy_price unavailable
CRITICAL:strat7:2022-12-16 21:18:43,520:14044: Yes my_avgbuy_price unavailable
CRITICAL:strat7:2022-12-16 21:19:42,236:14046: No my_buy_price unavailable
CRITICAL:strat7:2022-12-16 21:19:44,608:14046: No my_buy_price unavailable
CRITICAL:strat7:2022-12-16 21:20:11,493:14047: No my_buy_price unavailable
CRITICAL:strat7:2022-12-16 21:20:15,553:14047: No my_buy_price unavailable
CRITICAL:strat7:2022-12-16 21:20:47,321:14048: No my_buy_price unavailable
CRITICAL:strat7:2022-12-16 21:20:50,586:14048: No my_buy_price unavailable
CRITICAL:strat7:2022-12-16 21:22:50,352:14042: Yes my_avgbuy_price unavailable
CRITICAL:strat7:2022-12-16 21:22:54,433:14042: Yes my_avgbuy_price unavailable
CRITICAL:strat7:2022-12-16 21:23:50,086:14044: No my_buy_price unavailable
CRITICAL:strat7:2022-12-16 21:23:54,001:14044: No my_buy_price unavailable
CRITICAL:strat7:2022-12-16 21:24:50,043:14046: No my_buy_price unavailable
CRITICAL:strat7:2022-12-16 21:24:52,397:14046: No my_buy_price unavailable
CRITICAL:strat7:2022-12-16 21:25:18,877:14047: No my_buy_price unavailable
CRITICAL:strat7:2022-12-16 21:25:22,913:14047: No my_buy_price unavailable
CRITICAL:strat7:2022-12-16 21:25:50,682:14048: No my_buy_price unavailable
CRITICAL:strat7:2022-12-16 21:25:55,139:14048: No my_buy_price unavailable
CRITICAL:strat7:2022-12-16 21:27:52,010:14042: Yes my_avgbuy_price unavailable
CRITICAL:strat7:2022-12-16 21:27:56,288:14042: Yes my_avgbuy_price unavailable
CRITICAL:strat7:2022-12-16 21:28:55,227:14044: Yes my_avgbuy_price unavailable
CRITICAL:strat7:2022-12-16 21:28:58,434:14044: Yes my_avgbuy_price unavailable
CRITICAL:strat7:2022-12-16 21:29:52,265:14046: No my_buy_price unavailable
CRITICAL:strat7:2022-12-16 21:29:54,628:14046: No my_buy_price unavailable
CRITICAL:strat7:2022-12-16 21:30:22,381:14047: No my_buy_price unavailable
CRITICAL:strat7:2022-12-16 21:30:26,376:14047: No my_buy_price unavailable
CRITICAL:strat7:2022-12-16 21:30:53,038:14048: No my_buy_price unavailable
CRITICAL:strat7:2022-12-16 21:30:57,625:14048: No my_buy_price unavailable
CRITICAL:strat7:2022-12-16 21:32:46,175:14042: Yes my_avgbuy_price unavailable
CRITICAL:strat7:2022-12-16 21:32:50,264:14042: Yes my_avgbuy_price unavailable
CRITICAL:strat7:2022-12-16 21:33:48,393:14044: Yes my_avgbuy_price unavailable
CRITICAL:strat7:2022-12-16 21:33:52,371:14044: Yes my_avgbuy_price unavailable
CRITICAL:strat7:2022-12-16 21:34:21,570:14045: No my_buy_price unavailable
CRITICAL:strat7:2022-12-16 21:34:26,320:14045: No my_buy_price unavailable
CRITICAL:strat7:2022-12-16 21:34:51,941:14046: No my_buy_price unavailable
CRITICAL:strat7:2022-12-16 21:34:54,299:14046: No my_buy_price unavailable
CRITICAL:strat7:2022-12-16 21:35:21,730:14047: No my_buy_price unavailable
CRITICAL:strat7:2022-12-16 21:35:26,162:14047: No my_buy_price unavailable
CRITICAL:strat7:2022-12-16 21:35:53,430:14048: No my_buy_price unavailable
CRITICAL:strat7:2022-12-16 21:35:57,442:14048: No my_buy_price unavailable
CRITICAL:strat7:2022-12-16 21:36:28,441:14049: No my_buy_price unavailable
CRITICAL:strat7:2022-12-16 21:36:31,767:14049: No my_buy_price unavailable
CRITICAL:strat7:2022-12-16 21:37:59,497:14042: Yes my_avgbuy_price unavailable
CRITICAL:strat7:2022-12-16 21:38:03,591:14042: Yes my_avgbuy_price unavailable
CRITICAL:strat7:2022-12-16 21:38:59,485:14044: No my_buy_price unavailable
CRITICAL:strat7:2022-12-16 21:39:03,630:14044: No my_buy_price unavailable
CRITICAL:strat7:2022-12-16 21:39:33,868:14045: No my_buy_price unavailable
CRITICAL:strat7:2022-12-16 21:39:37,120:14045: No my_buy_price unavailable
CRITICAL:strat7:2022-12-16 21:40:02,026:14046: No my_buy_price unavailable
CRITICAL:strat7:2022-12-16 21:40:04,999:14046: No my_buy_price unavailable
CRITICAL:strat7:2022-12-16 21:40:32,133:14047: No my_buy_price unavailable
CRITICAL:strat7:2022-12-16 21:40:36,126:14047: No my_buy_price unavailable
CRITICAL:strat7:2022-12-16 21:41:01,990:14048: No my_buy_price unavailable
CRITICAL:strat7:2022-12-16 21:41:06,086:14048: No my_buy_price unavailable
CRITICAL:strat7:2022-12-16 21:41:33,065:14049: No my_buy_price unavailable
CRITICAL:strat7:2022-12-16 21:41:37,124:14049: No my_buy_price unavailable
CRITICAL:strat7:2022-12-16 21:43:03,871:14042: Yes my_avgbuy_price unavailable
CRITICAL:strat7:2022-12-16 21:43:07,874:14042: Yes my_avgbuy_price unavailable
CRITICAL:strat7:2022-12-16 21:43:33,252:14043: No my_buy_price unavailable
CRITICAL:strat7:2022-12-16 21:43:41,835:14043: No my_buy_price unavailable
CRITICAL:strat7:2022-12-16 21:44:07,799:14044: No my_buy_price unavailable
CRITICAL:strat7:2022-12-16 21:44:10,201:14044: No my_buy_price unavailable
CRITICAL:strat7:2022-12-16 21:44:36,415:14045: No my_buy_price unavailable
CRITICAL:strat7:2022-12-16 21:44:40,451:14045: No my_buy_price unavailable
CRITICAL:strat7:2022-12-16 21:45:05,853:14046: No my_buy_price unavailable
CRITICAL:strat7:2022-12-16 21:45:08,217:14046: No my_buy_price unavailable
CRITICAL:strat7:2022-12-16 21:45:35,195:14047: No my_buy_price unavailable
CRITICAL:strat7:2022-12-16 21:45:39,258:14047: No my_buy_price unavailable
CRITICAL:strat7:2022-12-16 21:46:06,324:14048: No my_buy_price unavailable
CRITICAL:strat7:2022-12-16 21:46:10,375:14048: No my_buy_price unavailable
CRITICAL:strat7:2022-12-16 21:48:15,317:14042: Yes my_avgbuy_price unavailable
CRITICAL:strat7:2022-12-16 21:48:19,857:14042: Yes my_avgbuy_price unavailable
CRITICAL:strat7:2022-12-16 21:49:19,927:14044: No my_buy_price unavailable
CRITICAL:strat7:2022-12-16 21:49:23,756:14044: No my_buy_price unavailable
CRITICAL:strat7:2022-12-16 21:50:18,515:14046: No my_buy_price unavailable
CRITICAL:strat7:2022-12-16 21:50:20,838:14046: No my_buy_price unavailable
CRITICAL:strat7:2022-12-16 21:50:46,922:14047: No my_buy_price unavailable
CRITICAL:strat7:2022-12-16 21:50:50,939:14047: No my_buy_price unavailable
CRITICAL:strat7:2022-12-16 21:51:18,367:14048: No my_buy_price unavailable
CRITICAL:strat7:2022-12-16 21:51:22,386:14048: No my_buy_price unavailable
CRITICAL:strat7:2022-12-16 21:53:18,696:14042: Yes my_avgbuy_price unavailable
CRITICAL:strat7:2022-12-16 21:53:22,728:14042: Yes my_avgbuy_price unavailable
CRITICAL:strat7:2022-12-16 21:54:18,664:14044: No my_buy_price unavailable
CRITICAL:strat7:2022-12-16 21:54:22,702:14044: No my_buy_price unavailable
CRITICAL:strat7:2022-12-16 21:54:50,731:14045: No my_buy_price unavailable
CRITICAL:strat7:2022-12-16 21:54:54,024:14045: No my_buy_price unavailable
CRITICAL:strat7:2022-12-16 21:55:24,316:14046: No my_buy_price unavailable
CRITICAL:strat7:2022-12-16 21:55:28,078:14046: No my_buy_price unavailable
CRITICAL:strat7:2022-12-16 21:55:53,979:14047: No my_buy_price unavailable
CRITICAL:strat7:2022-12-16 21:55:57,894:14047: No my_buy_price unavailable
CRITICAL:strat7:2022-12-16 21:56:24,727:14048: No my_buy_price unavailable
CRITICAL:strat7:2022-12-16 21:56:28,688:14048: No my_buy_price unavailable
CRITICAL:strat7:2022-12-16 21:56:54,889:14049: No my_buy_price unavailable
CRITICAL:strat7:2022-12-16 21:56:58,882:14049: No my_buy_price unavailable
CRITICAL:strat7:2022-12-16 21:58:53,193:14043: No my_buy_price unavailable
CRITICAL:strat7:2022-12-16 21:58:57,187:14043: No my_buy_price unavailable
CRITICAL:strat7:2022-12-16 21:59:51,796:14045: No my_buy_price unavailable
CRITICAL:strat7:2022-12-16 21:59:55,768:14045: No my_buy_price unavailable
CRITICAL:strat7:2022-12-16 22:00:25,428:14046: No my_buy_price unavailable
CRITICAL:strat7:2022-12-16 22:00:28,586:14046: No my_buy_price unavailable
CRITICAL:strat7:2022-12-16 22:00:54,510:14047: No my_buy_price unavailable
CRITICAL:strat7:2022-12-16 22:00:58,553:14047: No my_buy_price unavailable
CRITICAL:strat7:2022-12-16 22:01:25,339:14048: No my_buy_price unavailable
CRITICAL:strat7:2022-12-16 22:01:29,358:14048: No my_buy_price unavailable
CRITICAL:strat7:2022-12-16 22:01:55,383:14049: No my_buy_price unavailable
CRITICAL:strat7:2022-12-16 22:01:59,361:14049: No my_buy_price unavailable
CRITICAL:strat7:2022-12-16 22:04:51,812:14045: No my_buy_price unavailable
CRITICAL:strat7:2022-12-16 22:04:55,841:14045: No my_buy_price unavailable
CRITICAL:strat7:2022-12-16 22:05:21,881:14046: No my_buy_price unavailable
CRITICAL:strat7:2022-12-16 22:05:25,868:14046: No my_buy_price unavailable
CRITICAL:strat7:2022-12-16 22:05:52,290:14047: No my_buy_price unavailable
CRITICAL:strat7:2022-12-16 22:05:56,350:14047: No my_buy_price unavailable
CRITICAL:strat7:2022-12-16 22:06:26,294:14048: No my_buy_price unavailable
CRITICAL:strat7:2022-12-16 22:06:29,440:14048: No my_buy_price unavailable
CRITICAL:strat7:2022-12-16 22:08:58,863:14043: Yes my_avgbuy_price unavailable
CRITICAL:strat7:2022-12-16 22:09:02,121:14043: Yes my_avgbuy_price unavailable
CRITICAL:strat7:2022-12-16 22:09:57,990:14045: No my_buy_price unavailable
CRITICAL:strat7:2022-12-16 22:10:06,239:14045: No my_buy_price unavailable
CRITICAL:strat7:2022-12-16 22:10:32,421:14046: No my_buy_price unavailable
CRITICAL:strat7:2022-12-16 22:10:36,430:14046: No my_buy_price unavailable
CRITICAL:strat7:2022-12-16 22:11:02,529:14047: No my_buy_price unavailable
CRITICAL:strat7:2022-12-16 22:11:06,663:14047: No my_buy_price unavailable
CRITICAL:strat7:2022-12-16 22:11:33,325:14048: No my_buy_price unavailable
CRITICAL:strat7:2022-12-16 22:11:37,253:14048: No my_buy_price unavailable
CRITICAL:strat7:2022-12-16 22:13:59,453:14043: Yes my_avgbuy_price unavailable
CRITICAL:strat7:2022-12-16 22:14:03,559:14043: Yes my_avgbuy_price unavailable
CRITICAL:strat7:2022-12-16 22:15:36,007:14046: No my_buy_price unavailable
CRITICAL:strat7:2022-12-16 22:15:39,973:14046: No my_buy_price unavailable
CRITICAL:strat7:2022-12-16 22:16:06,615:14047: No my_buy_price unavailable
CRITICAL:strat7:2022-12-16 22:16:10,864:14047: No my_buy_price unavailable
CRITICAL:strat7:2022-12-16 22:16:36,942:14048: No my_buy_price unavailable
CRITICAL:strat7:2022-12-16 22:16:40,904:14048: No my_buy_price unavailable
CRITICAL:strat7:2022-12-16 22:17:07,671:14049: No my_buy_price unavailable
CRITICAL:strat7:2022-12-16 22:17:11,657:14049: No my_buy_price unavailable
CRITICAL:strat7:2022-12-16 22:19:00,476:14043: No my_buy_price unavailable
CRITICAL:strat7:2022-12-16 22:19:04,352:14043: No my_buy_price unavailable
CRITICAL:strat7:2022-12-16 22:19:34,044:14044: No my_buy_price unavailable
CRITICAL:strat7:2022-12-16 22:19:37,395:14044: No my_buy_price unavailable
CRITICAL:strat7:2022-12-16 22:20:33,557:14046: No my_buy_price unavailable
CRITICAL:strat7:2022-12-16 22:20:37,660:14046: No my_buy_price unavailable
CRITICAL:strat7:2022-12-16 22:21:03,039:14047: No my_buy_price unavailable
CRITICAL:strat7:2022-12-16 22:21:07,083:14047: No my_buy_price unavailable
CRITICAL:strat7:2022-12-16 22:21:32,331:14048: No my_buy_price unavailable
CRITICAL:strat7:2022-12-16 22:21:37,816:14048: No my_buy_price unavailable
CRITICAL:strat7:2022-12-16 22:22:04,123:14049: No my_buy_price unavailable
CRITICAL:strat7:2022-12-16 22:22:08,103:14049: No my_buy_price unavailable
CRITICAL:strat7:2022-12-16 22:24:34,031:14044: No my_buy_price unavailable
CRITICAL:strat7:2022-12-16 22:24:37,211:14044: No my_buy_price unavailable
CRITICAL:strat7:2022-12-16 22:25:02,929:14045: No my_buy_price unavailable
CRITICAL:strat7:2022-12-16 22:25:09,276:14045: No my_buy_price unavailable
CRITICAL:strat7:2022-12-16 22:25:34,835:14046: Yes my_avgbuy_price unavailable
CRITICAL:strat7:2022-12-16 22:25:38,773:14046: Yes my_avgbuy_price unavailable
CRITICAL:strat7:2022-12-16 22:26:05,572:14047: No my_buy_price unavailable
CRITICAL:strat7:2022-12-16 22:26:09,556:14047: No my_buy_price unavailable
CRITICAL:strat7:2022-12-16 22:26:35,095:14048: No my_buy_price unavailable
CRITICAL:strat7:2022-12-16 22:26:39,047:14048: No my_buy_price unavailable
CRITICAL:strat7:2022-12-16 22:27:05,045:14049: No my_buy_price unavailable
CRITICAL:strat7:2022-12-16 22:27:09,008:14049: No my_buy_price unavailable
CRITICAL:strat7:2022-12-16 22:29:11,321:14043: No my_buy_price unavailable
CRITICAL:strat7:2022-12-16 22:29:13,779:14043: No my_buy_price unavailable
CRITICAL:strat7:2022-12-16 22:29:39,031:14044: No my_buy_price unavailable
CRITICAL:strat7:2022-12-16 22:29:42,993:14044: No my_buy_price unavailable
CRITICAL:strat7:2022-12-16 22:30:47,085:14046: No my_buy_price unavailable
CRITICAL:strat7:2022-12-16 22:30:50,267:14046: No my_buy_price unavailable
CRITICAL:strat7:2022-12-16 22:31:16,900:14047: No my_buy_price unavailable
CRITICAL:strat7:2022-12-16 22:31:20,923:14047: No my_buy_price unavailable
CRITICAL:strat7:2022-12-16 22:31:47,127:14048: No my_buy_price unavailable
CRITICAL:strat7:2022-12-16 22:31:51,622:14048: No my_buy_price unavailable
CRITICAL:strat7:2022-12-16 22:32:21,673:14049: No my_buy_price unavailable
CRITICAL:strat7:2022-12-16 22:32:24,916:14049: No my_buy_price unavailable
CRITICAL:strat7:2022-12-16 22:34:21,679:14043: No my_buy_price unavailable
CRITICAL:strat7:2022-12-16 22:34:23,997:14043: No my_buy_price unavailable
CRITICAL:strat7:2022-12-16 22:35:48,833:14046: No my_buy_price unavailable
CRITICAL:strat7:2022-12-16 22:35:52,802:14046: No my_buy_price unavailable
CRITICAL:strat7:2022-12-16 22:36:19,894:14047: No my_buy_price unavailable
CRITICAL:strat7:2022-12-16 22:36:23,899:14047: No my_buy_price unavailable
CRITICAL:strat7:2022-12-16 22:36:49,173:14048: No my_buy_price unavailable
CRITICAL:strat7:2022-12-16 22:36:53,076:14048: No my_buy_price unavailable
CRITICAL:strat7:2022-12-16 22:37:18,536:14049: No my_buy_price unavailable
CRITICAL:strat7:2022-12-16 22:37:21,719:14049: No my_buy_price unavailable
CRITICAL:strat7:2022-12-16 22:39:18,503:14043: No my_buy_price unavailable
CRITICAL:strat7:2022-12-16 22:39:21,550:14043: No my_buy_price unavailable
CRITICAL:strat7:2022-12-16 22:40:50,400:14046: No my_buy_price unavailable
CRITICAL:strat7:2022-12-16 22:40:54,405:14046: No my_buy_price unavailable
CRITICAL:strat7:2022-12-16 22:41:20,341:14047: No my_buy_price unavailable
CRITICAL:strat7:2022-12-16 22:41:24,315:14047: No my_buy_price unavailable
CRITICAL:strat7:2022-12-16 22:41:49,940:14048: No my_buy_price unavailable
CRITICAL:strat7:2022-12-16 22:41:53,959:14048: No my_buy_price unavailable
CRITICAL:strat7:2022-12-16 22:42:19,598:14049: No my_buy_price unavailable
CRITICAL:strat7:2022-12-16 22:42:22,886:14049: No my_buy_price unavailable
CRITICAL:strat7:2022-12-16 22:44:54,845:14044: No my_buy_price unavailable
CRITICAL:strat7:2022-12-16 22:44:58,029:14044: No my_buy_price unavailable
CRITICAL:strat7:2022-12-16 22:45:53,459:14046: No my_buy_price unavailable
CRITICAL:strat7:2022-12-16 22:45:57,390:14046: No my_buy_price unavailable
CRITICAL:strat7:2022-12-16 22:46:23,085:14047: No my_buy_price unavailable
CRITICAL:strat7:2022-12-16 22:46:27,042:14047: No my_buy_price unavailable
CRITICAL:strat7:2022-12-16 22:46:52,961:14048: No my_buy_price unavailable
CRITICAL:strat7:2022-12-16 22:46:56,921:14048: No my_buy_price unavailable
CRITICAL:strat7:2022-12-16 22:47:22,167:14049: No my_buy_price unavailable
CRITICAL:strat7:2022-12-16 22:47:25,366:14049: No my_buy_price unavailable
CRITICAL:strat7:2022-12-16 22:48:54,888:14042: Yes my_avgbuy_price unavailable
CRITICAL:strat7:2022-12-16 22:48:58,090:14042: Yes my_avgbuy_price unavailable
CRITICAL:strat7:2022-12-16 22:49:22,226:14043: No my_buy_price unavailable
CRITICAL:strat7:2022-12-16 22:49:27,723:14043: No my_buy_price unavailable
CRITICAL:strat7:2022-12-16 22:50:51,360:14046: No my_buy_price unavailable
CRITICAL:strat7:2022-12-16 22:50:55,320:14046: No my_buy_price unavailable
CRITICAL:strat7:2022-12-16 22:51:21,478:14047: No my_buy_price unavailable
CRITICAL:strat7:2022-12-16 22:51:26,157:14047: No my_buy_price unavailable
CRITICAL:strat7:2022-12-16 22:51:51,415:14048: No my_buy_price unavailable
CRITICAL:strat7:2022-12-16 22:51:55,404:14048: No my_buy_price unavailable
CRITICAL:strat7:2022-12-16 22:52:21,353:14049: No my_buy_price unavailable
CRITICAL:strat7:2022-12-16 22:52:24,499:14049: No my_buy_price unavailable
CRITICAL:strat7:2022-12-16 22:53:53,555:14042: Yes my_avgbuy_price unavailable
CRITICAL:strat7:2022-12-16 22:53:56,745:14042: Yes my_avgbuy_price unavailable
CRITICAL:strat7:2022-12-16 22:54:24,645:14043: Yes my_avgbuy_price unavailable
CRITICAL:strat7:2022-12-16 22:54:27,825:14043: Yes my_avgbuy_price unavailable
CRITICAL:strat7:2022-12-16 22:55:22,089:14045: No my_buy_price unavailable
CRITICAL:strat7:2022-12-16 22:55:52,828:14046: No my_buy_price unavailable
CRITICAL:strat7:2022-12-16 22:55:56,019:14046: No my_buy_price unavailable
CRITICAL:strat7:2022-12-16 22:56:22,245:14047: No my_buy_price unavailable
CRITICAL:strat7:2022-12-16 22:56:26,668:14047: No my_buy_price unavailable
CRITICAL:strat7:2022-12-16 22:56:52,395:14048: No my_buy_price unavailable
CRITICAL:strat7:2022-12-16 22:56:56,393:14048: No my_buy_price unavailable
CRITICAL:strat7:2022-12-16 22:57:21,826:14049: No my_buy_price unavailable
CRITICAL:strat7:2022-12-16 22:57:24,980:14049: No my_buy_price unavailable
CRITICAL:strat7:2022-12-16 22:58:54,630:14042: Yes my_avgbuy_price unavailable
CRITICAL:strat7:2022-12-16 22:58:57,819:14042: Yes my_avgbuy_price unavailable
