INFO:strat7:2022-11-25 15:14:55,126:12646: Initialising event
INFO:strat7:2022-11-25 15:14:59,562:12647: Initialising event
CRITICAL:strat7:2022-11-25 15:15:17,494:12647: No my_buy_price unavailable
WARNING:strat7:2022-11-25 15:15:19,297:12647: last_values_dict empty
INFO:strat7:2022-11-25 15:15:25,282:12648: Initialising event
CRITICAL:strat7:2022-11-25 15:15:41,047:12648: No my_buy_price unavailable
WARNING:strat7:2022-11-25 15:15:42,691:12648: last_values_dict empty
INFO:strat7:2022-11-25 15:15:48,487:12649: Initialising event
CRITICAL:strat7:2022-11-25 15:16:04,071:12649: No my_buy_price unavailable
WARNING:strat7:2022-11-25 15:16:05,867:12649: last_values_dict empty
CRITICAL:strat7:2022-11-25 15:16:24,374:12647: No my_buy_price unavailable
CRITICAL:strat7:2022-11-25 15:16:27,474:12647: No my_buy_price unavailable
CRITICAL:strat7:2022-11-25 15:16:45,603:12648: No my_buy_price unavailable
CRITICAL:strat7:2022-11-25 15:16:48,625:12648: No my_buy_price unavailable
CRITICAL:strat7:2022-11-25 15:17:05,756:12649: No my_buy_price unavailable
CRITICAL:strat7:2022-11-25 15:17:08,289:12649: No my_buy_price unavailable
CRITICAL:strat7:2022-11-25 15:18:29,344:12647: Yes my_avgbuy_price unavailable
CRITICAL:strat7:2022-11-25 15:18:33,206:12647: Yes my_avgbuy_price unavailable
CRITICAL:strat7:2022-11-25 15:18:53,146:12648: No my_buy_price unavailable
CRITICAL:strat7:2022-11-25 15:18:56,021:12648: No my_buy_price unavailable
CRITICAL:strat7:2022-11-25 15:19:13,873:12649: No my_buy_price unavailable
CRITICAL:strat7:2022-11-25 15:19:16,191:12649: No my_buy_price unavailable
CRITICAL:strat7:2022-11-25 15:20:35,237:12647: Yes my_avgbuy_price unavailable
CRITICAL:strat7:2022-11-25 15:20:38,255:12647: Yes my_avgbuy_price unavailable
CRITICAL:strat7:2022-11-25 15:20:57,683:12648: No my_buy_price unavailable
CRITICAL:strat7:2022-11-25 15:21:00,847:12648: No my_buy_price unavailable
CRITICAL:strat7:2022-11-25 15:21:19,125:12649: No my_buy_price unavailable
CRITICAL:strat7:2022-11-25 15:21:21,938:12649: No my_buy_price unavailable
CRITICAL:strat7:2022-11-25 15:22:41,129:12647: Yes my_avgbuy_price unavailable
CRITICAL:strat7:2022-11-25 15:22:44,161:12647: Yes my_avgbuy_price unavailable
CRITICAL:strat7:2022-11-25 15:23:02,115:12648: No my_buy_price unavailable
CRITICAL:strat7:2022-11-25 15:23:05,006:12648: No my_buy_price unavailable
CRITICAL:strat7:2022-11-25 15:23:22,349:12649: No my_buy_price unavailable
CRITICAL:strat7:2022-11-25 15:23:24,867:12649: No my_buy_price unavailable
CRITICAL:strat7:2022-11-25 15:24:43,825:12647: Yes my_avgbuy_price unavailable
CRITICAL:strat7:2022-11-25 15:24:46,757:12647: Yes my_avgbuy_price unavailable
CRITICAL:strat7:2022-11-25 15:25:05,231:12648: No my_buy_price unavailable
CRITICAL:strat7:2022-11-25 15:25:08,369:12648: No my_buy_price unavailable
CRITICAL:strat7:2022-11-25 15:25:25,921:12649: No my_buy_price unavailable
CRITICAL:strat7:2022-11-25 15:25:28,459:12649: No my_buy_price unavailable
CRITICAL:strat7:2022-11-25 15:26:50,378:12646: Yes my_avgbuy_price unavailable
WARNING:strat7:2022-11-25 15:26:52,103:12646: last_values_dict empty
CRITICAL:strat7:2022-11-25 15:27:08,571:12647: Yes my_avgbuy_price unavailable
CRITICAL:strat7:2022-11-25 15:27:11,696:12647: Yes my_avgbuy_price unavailable
CRITICAL:strat7:2022-11-25 15:27:30,910:12648: No my_buy_price unavailable
CRITICAL:strat7:2022-11-25 15:27:43,195:12649: No my_buy_price unavailable
CRITICAL:strat7:2022-11-25 15:27:46,237:12649: No my_buy_price unavailable
CRITICAL:strat7:2022-11-25 15:29:04,869:12646: Yes my_avgbuy_price unavailable
CRITICAL:strat7:2022-11-25 15:29:07,872:12646: Yes my_avgbuy_price unavailable
CRITICAL:strat7:2022-11-25 15:29:30,167:12647: Yes my_avgbuy_price unavailable
CRITICAL:strat7:2022-11-25 15:29:32,588:12647: Yes my_avgbuy_price unavailable
CRITICAL:strat7:2022-11-25 15:29:50,925:12648: No my_buy_price unavailable
CRITICAL:strat7:2022-11-25 15:29:53,978:12648: No my_buy_price unavailable
CRITICAL:strat7:2022-11-25 15:30:13,159:12649: No my_buy_price unavailable
CRITICAL:strat7:2022-11-25 15:30:16,124:12649: No my_buy_price unavailable
CRITICAL:strat7:2022-11-25 15:31:33,919:12646: Yes my_avgbuy_price unavailable
CRITICAL:strat7:2022-11-25 15:31:36,880:12646: Yes my_avgbuy_price unavailable
CRITICAL:strat7:2022-11-25 15:31:55,018:12647: Yes my_avgbuy_price unavailable
CRITICAL:strat7:2022-11-25 15:31:58,034:12647: Yes my_avgbuy_price unavailable
CRITICAL:strat7:2022-11-25 15:32:16,106:12648: No my_buy_price unavailable
CRITICAL:strat7:2022-11-25 15:32:19,203:12648: No my_buy_price unavailable
CRITICAL:strat7:2022-11-25 15:33:56,771:12646: Yes my_avgbuy_price unavailable
CRITICAL:strat7:2022-11-25 15:34:14,760:12647: No my_buy_price unavailable
CRITICAL:strat7:2022-11-25 15:34:18,137:12647: No my_buy_price unavailable
CRITICAL:strat7:2022-11-25 15:34:37,203:12648: No my_buy_price unavailable
CRITICAL:strat7:2022-11-25 15:34:40,295:12648: No my_buy_price unavailable
CRITICAL:strat7:2022-11-25 15:36:18,709:12646: Yes my_avgbuy_price unavailable
CRITICAL:strat7:2022-11-25 15:36:36,315:12647: No my_buy_price unavailable
CRITICAL:strat7:2022-11-25 15:36:38,179:12647: No my_buy_price unavailable
CRITICAL:strat7:2022-11-25 15:36:55,989:12648: No my_buy_price unavailable
CRITICAL:strat7:2022-11-25 15:36:58,934:12648: No my_buy_price unavailable
CRITICAL:strat7:2022-11-25 15:38:36,038:12646: Yes my_avgbuy_price unavailable
CRITICAL:strat7:2022-11-25 15:38:52,386:12647: No my_buy_price unavailable
CRITICAL:strat7:2022-11-25 15:38:54,182:12647: No my_buy_price unavailable
CRITICAL:strat7:2022-11-25 15:39:11,569:12648: No my_buy_price unavailable
CRITICAL:strat7:2022-11-25 15:39:14,722:12648: No my_buy_price unavailable
CRITICAL:strat7:2022-11-25 15:39:32,211:12649: No my_buy_price unavailable
CRITICAL:strat7:2022-11-25 15:39:35,136:12649: No my_buy_price unavailable
CRITICAL:strat7:2022-11-25 15:40:53,039:12646: Yes my_avgbuy_price unavailable
CRITICAL:strat7:2022-11-25 15:41:11,565:12647: No my_buy_price unavailable
CRITICAL:strat7:2022-11-25 15:41:13,350:12647: No my_buy_price unavailable
CRITICAL:strat7:2022-11-25 15:41:35,543:12648: No my_buy_price unavailable
CRITICAL:strat7:2022-11-25 15:41:38,097:12648: No my_buy_price unavailable
CRITICAL:strat7:2022-11-25 15:41:57,011:12649: No my_buy_price unavailable
CRITICAL:strat7:2022-11-25 15:41:59,929:12649: No my_buy_price unavailable
CRITICAL:strat7:2022-11-25 15:43:16,327:12646: Yes my_avgbuy_price unavailable
CRITICAL:strat7:2022-11-25 15:43:36,342:12647: Yes my_avgbuy_price unavailable
CRITICAL:strat7:2022-11-25 15:43:38,665:12647: Yes my_avgbuy_price unavailable
CRITICAL:strat7:2022-11-25 15:43:57,570:12648: No my_buy_price unavailable
CRITICAL:strat7:2022-11-25 15:44:00,500:12648: No my_buy_price unavailable
CRITICAL:strat7:2022-11-25 15:44:17,873:12649: No my_buy_price unavailable
CRITICAL:strat7:2022-11-25 15:44:20,900:12649: No my_buy_price unavailable
CRITICAL:strat7:2022-11-25 15:45:38,042:12646: Yes my_avgbuy_price unavailable
CRITICAL:strat7:2022-11-25 15:45:55,406:12647: Yes my_avgbuy_price unavailable
CRITICAL:strat7:2022-11-25 15:45:58,388:12647: Yes my_avgbuy_price unavailable
CRITICAL:strat7:2022-11-25 15:46:16,180:12648: No my_buy_price unavailable
CRITICAL:strat7:2022-11-25 15:46:19,251:12648: No my_buy_price unavailable
CRITICAL:strat7:2022-11-25 15:46:37,274:12649: No my_buy_price unavailable
CRITICAL:strat7:2022-11-25 15:46:40,146:12649: No my_buy_price unavailable
CRITICAL:strat7:2022-11-25 15:47:57,576:12646: Yes my_avgbuy_price unavailable
CRITICAL:strat7:2022-11-25 15:48:15,406:12647: No my_buy_price unavailable
CRITICAL:strat7:2022-11-25 15:48:18,796:12647: No my_buy_price unavailable
CRITICAL:strat7:2022-11-25 15:48:38,067:12648: No my_buy_price unavailable
CRITICAL:strat7:2022-11-25 15:48:41,019:12648: No my_buy_price unavailable
CRITICAL:strat7:2022-11-25 15:48:58,524:12649: No my_buy_price unavailable
CRITICAL:strat7:2022-11-25 15:49:01,455:12649: No my_buy_price unavailable
CRITICAL:strat7:2022-11-25 15:50:18,602:12646: Yes my_avgbuy_price unavailable
CRITICAL:strat7:2022-11-25 15:50:35,008:12647: No my_buy_price unavailable
CRITICAL:strat7:2022-11-25 15:50:36,771:12647: No my_buy_price unavailable
CRITICAL:strat7:2022-11-25 15:50:54,887:12648: No my_buy_price unavailable
CRITICAL:strat7:2022-11-25 15:50:58,120:12648: No my_buy_price unavailable
CRITICAL:strat7:2022-11-25 15:51:15,923:12649: No my_buy_price unavailable
CRITICAL:strat7:2022-11-25 15:51:18,854:12649: No my_buy_price unavailable
CRITICAL:strat7:2022-11-25 15:52:35,522:12646: Yes my_avgbuy_price unavailable
CRITICAL:strat7:2022-11-25 15:52:51,759:12647: No my_buy_price unavailable
CRITICAL:strat7:2022-11-25 15:52:53,656:12647: No my_buy_price unavailable
CRITICAL:strat7:2022-11-25 15:53:11,376:12648: No my_buy_price unavailable
CRITICAL:strat7:2022-11-25 15:53:14,352:12648: No my_buy_price unavailable
CRITICAL:strat7:2022-11-25 15:53:32,148:12649: No my_buy_price unavailable
CRITICAL:strat7:2022-11-25 15:53:35,329:12649: No my_buy_price unavailable
CRITICAL:strat7:2022-11-25 15:54:53,035:12646: Yes my_avgbuy_price unavailable
CRITICAL:strat7:2022-11-25 15:55:09,741:12647: No my_buy_price unavailable
CRITICAL:strat7:2022-11-25 15:55:11,684:12647: No my_buy_price unavailable
CRITICAL:strat7:2022-11-25 15:55:29,501:12648: No my_buy_price unavailable
CRITICAL:strat7:2022-11-25 15:55:32,376:12648: No my_buy_price unavailable
CRITICAL:strat7:2022-11-25 15:55:54,593:12649: No my_buy_price unavailable
CRITICAL:strat7:2022-11-25 15:55:56,989:12649: No my_buy_price unavailable
CRITICAL:strat7:2022-11-25 15:57:13,462:12646: Yes my_avgbuy_price unavailable
CRITICAL:strat7:2022-11-25 15:57:30,187:12647: No my_buy_price unavailable
CRITICAL:strat7:2022-11-25 15:57:32,035:12647: No my_buy_price unavailable
CRITICAL:strat7:2022-11-25 15:57:51,793:12648: No my_buy_price unavailable
CRITICAL:strat7:2022-11-25 15:57:54,958:12648: No my_buy_price unavailable
CRITICAL:strat7:2022-11-25 15:58:12,565:12649: No my_buy_price unavailable
CRITICAL:strat7:2022-11-25 15:58:15,131:12649: No my_buy_price unavailable
CRITICAL:strat7:2022-11-25 15:59:32,146:12646: Yes my_avgbuy_price unavailable
CRITICAL:strat7:2022-11-25 15:59:49,351:12647: No my_buy_price unavailable
CRITICAL:strat7:2022-11-25 15:59:51,103:12647: No my_buy_price unavailable
CRITICAL:strat7:2022-11-25 16:00:09,054:12648: No my_buy_price unavailable
CRITICAL:strat7:2022-11-25 16:00:12,141:12648: No my_buy_price unavailable
CRITICAL:strat7:2022-11-25 16:00:30,419:12649: No my_buy_price unavailable
CRITICAL:strat7:2022-11-25 16:00:32,904:12649: No my_buy_price unavailable
CRITICAL:strat7:2022-11-25 16:01:49,485:12646: Yes my_avgbuy_price unavailable
CRITICAL:strat7:2022-11-25 16:02:05,555:12647: No my_buy_price unavailable
CRITICAL:strat7:2022-11-25 16:02:07,410:12647: No my_buy_price unavailable
CRITICAL:strat7:2022-11-25 16:02:25,735:12648: No my_buy_price unavailable
CRITICAL:strat7:2022-11-25 16:02:28,652:12648: No my_buy_price unavailable
CRITICAL:strat7:2022-11-25 16:02:45,820:12649: No my_buy_price unavailable
CRITICAL:strat7:2022-11-25 16:02:48,212:12649: No my_buy_price unavailable
CRITICAL:strat7:2022-11-25 16:04:04,689:12646: Yes my_avgbuy_price unavailable
CRITICAL:strat7:2022-11-25 16:04:21,417:12647: No my_buy_price unavailable
CRITICAL:strat7:2022-11-25 16:04:23,188:12647: No my_buy_price unavailable
CRITICAL:strat7:2022-11-25 16:04:40,591:12648: No my_buy_price unavailable
CRITICAL:strat7:2022-11-25 16:04:43,507:12648: No my_buy_price unavailable
CRITICAL:strat7:2022-11-25 16:05:00,317:12649: No my_buy_price unavailable
CRITICAL:strat7:2022-11-25 16:05:02,772:12649: No my_buy_price unavailable
CRITICAL:strat7:2022-11-25 16:06:20,102:12646: Yes my_avgbuy_price unavailable
CRITICAL:strat7:2022-11-25 16:06:40,546:12647: Yes my_avgbuy_price unavailable
CRITICAL:strat7:2022-11-25 16:06:42,987:12647: Yes my_avgbuy_price unavailable
CRITICAL:strat7:2022-11-25 16:07:02,019:12648: No my_buy_price unavailable
CRITICAL:strat7:2022-11-25 16:07:05,264:12648: No my_buy_price unavailable
CRITICAL:strat7:2022-11-25 16:07:24,640:12649: No my_buy_price unavailable
CRITICAL:strat7:2022-11-25 16:07:27,332:12649: No my_buy_price unavailable
CRITICAL:strat7:2022-11-25 16:08:47,897:12646: Yes my_avgbuy_price unavailable
CRITICAL:strat7:2022-11-25 16:09:06,104:12647: Yes my_avgbuy_price unavailable
CRITICAL:strat7:2022-11-25 16:09:09,133:12647: Yes my_avgbuy_price unavailable
CRITICAL:strat7:2022-11-25 16:09:46,002:12649: No my_buy_price unavailable
CRITICAL:strat7:2022-11-25 16:09:48,628:12649: No my_buy_price unavailable
CRITICAL:strat7:2022-11-25 16:11:04,827:12646: Yes my_avgbuy_price unavailable
CRITICAL:strat7:2022-11-25 16:11:23,777:12647: Yes my_avgbuy_price unavailable
CRITICAL:strat7:2022-11-25 16:11:26,852:12647: Yes my_avgbuy_price unavailable
CRITICAL:strat7:2022-11-25 16:12:05,773:12649: No my_buy_price unavailable
CRITICAL:strat7:2022-11-25 16:12:08,116:12649: No my_buy_price unavailable
CRITICAL:strat7:2022-11-25 16:13:24,623:12646: Yes my_avgbuy_price unavailable
CRITICAL:strat7:2022-11-25 16:13:43,376:12647: Yes my_avgbuy_price unavailable
CRITICAL:strat7:2022-11-25 16:13:46,526:12647: Yes my_avgbuy_price unavailable
CRITICAL:strat7:2022-11-25 16:14:26,956:12649: No my_buy_price unavailable
CRITICAL:strat7:2022-11-25 16:14:29,828:12649: No my_buy_price unavailable
CRITICAL:strat7:2022-11-25 16:15:48,558:12646: Yes my_avgbuy_price unavailable
CRITICAL:strat7:2022-11-25 16:16:06,955:12647: Yes my_avgbuy_price unavailable
CRITICAL:strat7:2022-11-25 16:16:10,198:12647: Yes my_avgbuy_price unavailable
CRITICAL:strat7:2022-11-25 16:18:06,699:12646: Yes my_avgbuy_price unavailable
CRITICAL:strat7:2022-11-25 16:18:24,461:12647: Yes my_avgbuy_price unavailable
CRITICAL:strat7:2022-11-25 16:18:27,412:12647: Yes my_avgbuy_price unavailable
CRITICAL:strat7:2022-11-25 16:20:24,830:12646: Yes my_avgbuy_price unavailable
CRITICAL:strat7:2022-11-25 16:20:43,807:12647: Yes my_avgbuy_price unavailable
CRITICAL:strat7:2022-11-25 16:20:47,000:12647: Yes my_avgbuy_price unavailable
CRITICAL:strat7:2022-11-25 16:22:41,084:12646: Yes my_avgbuy_price unavailable
CRITICAL:strat7:2022-11-25 16:22:58,699:12647: Yes my_avgbuy_price unavailable
CRITICAL:strat7:2022-11-25 16:23:01,711:12647: Yes my_avgbuy_price unavailable
CRITICAL:strat7:2022-11-25 16:24:55,142:12646: Yes my_avgbuy_price unavailable
CRITICAL:strat7:2022-11-25 16:25:13,099:12647: Yes my_avgbuy_price unavailable
CRITICAL:strat7:2022-11-25 16:25:16,094:12647: Yes my_avgbuy_price unavailable
CRITICAL:strat7:2022-11-25 16:27:11,954:12646: Yes my_avgbuy_price unavailable
CRITICAL:strat7:2022-11-25 16:27:30,754:12647: Yes my_avgbuy_price unavailable
CRITICAL:strat7:2022-11-25 16:27:33,773:12647: Yes my_avgbuy_price unavailable
CRITICAL:strat7:2022-11-25 16:27:52,907:12648: No my_buy_price unavailable
CRITICAL:strat7:2022-11-25 16:27:55,945:12648: No my_buy_price unavailable
CRITICAL:strat7:2022-11-25 16:29:34,419:12646: Yes my_avgbuy_price unavailable
CRITICAL:strat7:2022-11-25 16:29:52,131:12647: Yes my_avgbuy_price unavailable
CRITICAL:strat7:2022-11-25 16:29:55,176:12647: Yes my_avgbuy_price unavailable
CRITICAL:strat7:2022-11-25 16:30:13,509:12648: No my_buy_price unavailable
CRITICAL:strat7:2022-11-25 16:30:16,394:12648: No my_buy_price unavailable
CRITICAL:strat7:2022-11-25 16:31:50,083:12646: Yes my_avgbuy_price unavailable
CRITICAL:strat7:2022-11-25 16:32:08,299:12647: Yes my_avgbuy_price unavailable
CRITICAL:strat7:2022-11-25 16:32:11,338:12647: Yes my_avgbuy_price unavailable
CRITICAL:strat7:2022-11-25 16:32:29,881:12648: No my_buy_price unavailable
CRITICAL:strat7:2022-11-25 16:32:32,801:12648: No my_buy_price unavailable
CRITICAL:strat7:2022-11-25 16:32:54,247:12649: No my_buy_price unavailable
CRITICAL:strat7:2022-11-25 16:32:56,682:12649: No my_buy_price unavailable
CRITICAL:strat7:2022-11-25 16:34:15,444:12646: Yes my_avgbuy_price unavailable
CRITICAL:strat7:2022-11-25 16:34:34,254:12647: Yes my_avgbuy_price unavailable
CRITICAL:strat7:2022-11-25 16:34:37,324:12647: Yes my_avgbuy_price unavailable
CRITICAL:strat7:2022-11-25 16:34:55,903:12648: No my_buy_price unavailable
CRITICAL:strat7:2022-11-25 16:34:58,902:12648: No my_buy_price unavailable
CRITICAL:strat7:2022-11-25 16:35:19,724:12649: No my_buy_price unavailable
CRITICAL:strat7:2022-11-25 16:35:22,002:12649: No my_buy_price unavailable
CRITICAL:strat7:2022-11-25 16:36:38,464:12646: Yes my_avgbuy_price unavailable
CRITICAL:strat7:2022-11-25 16:36:56,174:12647: Yes my_avgbuy_price unavailable
CRITICAL:strat7:2022-11-25 16:36:59,144:12647: Yes my_avgbuy_price unavailable
CRITICAL:strat7:2022-11-25 16:37:19,398:12648: No my_buy_price unavailable
CRITICAL:strat7:2022-11-25 16:37:22,341:12648: No my_buy_price unavailable
CRITICAL:strat7:2022-11-25 16:37:40,241:12649: No my_buy_price unavailable
CRITICAL:strat7:2022-11-25 16:37:42,679:12649: No my_buy_price unavailable
CRITICAL:strat7:2022-11-25 16:38:59,002:12646: Yes my_avgbuy_price unavailable
CRITICAL:strat7:2022-11-25 16:39:16,848:12647: Yes my_avgbuy_price unavailable
CRITICAL:strat7:2022-11-25 16:39:19,905:12647: Yes my_avgbuy_price unavailable
CRITICAL:strat7:2022-11-25 16:39:38,261:12648: No my_buy_price unavailable
CRITICAL:strat7:2022-11-25 16:39:41,188:12648: No my_buy_price unavailable
CRITICAL:strat7:2022-11-25 16:39:58,003:12649: No my_buy_price unavailable
CRITICAL:strat7:2022-11-25 16:40:00,424:12649: No my_buy_price unavailable
CRITICAL:strat7:2022-11-25 16:41:18,501:12646: Yes my_avgbuy_price unavailable
CRITICAL:strat7:2022-11-25 16:41:37,647:12647: Yes my_avgbuy_price unavailable
CRITICAL:strat7:2022-11-25 16:41:40,488:12647: Yes my_avgbuy_price unavailable
CRITICAL:strat7:2022-11-25 16:42:02,186:12648: No my_buy_price unavailable
CRITICAL:strat7:2022-11-25 16:42:04,481:12648: No my_buy_price unavailable
CRITICAL:strat7:2022-11-25 16:42:22,457:12649: No my_buy_price unavailable
CRITICAL:strat7:2022-11-25 16:42:24,810:12649: No my_buy_price unavailable
CRITICAL:strat7:2022-11-25 16:43:41,659:12646: Yes my_avgbuy_price unavailable
CRITICAL:strat7:2022-11-25 16:44:00,070:12647: Yes my_avgbuy_price unavailable
CRITICAL:strat7:2022-11-25 16:44:03,470:12647: Yes my_avgbuy_price unavailable
CRITICAL:strat7:2022-11-25 16:44:22,419:12648: No my_buy_price unavailable
CRITICAL:strat7:2022-11-25 16:44:24,941:12648: No my_buy_price unavailable
CRITICAL:strat7:2022-11-25 16:44:42,391:12649: No my_buy_price unavailable
CRITICAL:strat7:2022-11-25 16:44:44,820:12649: No my_buy_price unavailable
CRITICAL:strat7:2022-11-25 16:47:50,609:12646: Yes my_avgbuy_price unavailable
CRITICAL:strat7:2022-11-25 16:48:09,810:12647: Yes my_avgbuy_price unavailable
CRITICAL:strat7:2022-11-25 16:48:12,761:12647: Yes my_avgbuy_price unavailable
CRITICAL:strat7:2022-11-25 16:48:48,413:12649: No my_buy_price unavailable
CRITICAL:strat7:2022-11-25 16:48:50,829:12649: No my_buy_price unavailable
CRITICAL:strat7:2022-11-25 16:50:07,744:12646: Yes my_avgbuy_price unavailable
CRITICAL:strat7:2022-11-25 16:50:09,529:12646: Yes my_avgbuy_price unavailable
CRITICAL:strat7:2022-11-25 16:50:27,329:12647: Yes my_avgbuy_price unavailable
CRITICAL:strat7:2022-11-25 16:50:30,225:12647: Yes my_avgbuy_price unavailable
CRITICAL:strat7:2022-11-25 16:51:07,204:12649: No my_buy_price unavailable
CRITICAL:strat7:2022-11-25 16:51:10,196:12649: No my_buy_price unavailable
CRITICAL:strat7:2022-11-25 16:52:27,619:12646: Yes my_avgbuy_price unavailable
CRITICAL:strat7:2022-11-25 16:52:29,582:12646: Yes my_avgbuy_price unavailable
CRITICAL:strat7:2022-11-25 16:52:50,400:12647: Yes my_avgbuy_price unavailable
CRITICAL:strat7:2022-11-25 16:52:53,849:12647: Yes my_avgbuy_price unavailable
CRITICAL:strat7:2022-11-25 16:53:43,603:12649: No my_buy_price unavailable
CRITICAL:strat7:2022-11-25 16:53:46,758:12649: No my_buy_price unavailable
CRITICAL:strat7:2022-11-25 16:55:04,089:12646: Yes my_avgbuy_price unavailable
CRITICAL:strat7:2022-11-25 16:55:05,972:12646: Yes my_avgbuy_price unavailable
CRITICAL:strat7:2022-11-25 16:55:25,476:12647: Yes my_avgbuy_price unavailable
CRITICAL:strat7:2022-11-25 16:55:28,693:12647: Yes my_avgbuy_price unavailable
CRITICAL:strat7:2022-11-25 16:56:09,715:12649: No my_buy_price unavailable
CRITICAL:strat7:2022-11-25 16:56:12,890:12649: No my_buy_price unavailable
CRITICAL:strat7:2022-11-25 16:57:30,818:12646: Yes my_avgbuy_price unavailable
CRITICAL:strat7:2022-11-25 16:57:33,875:12646: Yes my_avgbuy_price unavailable
CRITICAL:strat7:2022-11-25 16:57:53,910:12647: Yes my_avgbuy_price unavailable
CRITICAL:strat7:2022-11-25 16:57:57,087:12647: Yes my_avgbuy_price unavailable
CRITICAL:strat7:2022-11-25 16:58:30,650:12649: No my_buy_price unavailable
CRITICAL:strat7:2022-11-25 16:58:33,950:12649: No my_buy_price unavailable
CRITICAL:strat7:2022-11-25 16:59:52,446:12646: Yes my_avgbuy_price unavailable
CRITICAL:strat7:2022-11-25 16:59:54,366:12646: Yes my_avgbuy_price unavailable
CRITICAL:strat7:2022-11-25 17:00:13,004:12647: Yes my_avgbuy_price unavailable
CRITICAL:strat7:2022-11-25 17:00:16,054:12647: Yes my_avgbuy_price unavailable
CRITICAL:strat7:2022-11-25 17:02:27,835:12646: Yes my_avgbuy_price unavailable
CRITICAL:strat7:2022-11-25 17:02:29,583:12646: Yes my_avgbuy_price unavailable
CRITICAL:strat7:2022-11-25 17:02:48,283:12647: Yes my_avgbuy_price unavailable
CRITICAL:strat7:2022-11-25 17:02:52,554:12647: Yes my_avgbuy_price unavailable
CRITICAL:strat7:2022-11-25 17:04:58,695:12646: Yes my_avgbuy_price unavailable
CRITICAL:strat7:2022-11-25 17:05:00,530:12646: Yes my_avgbuy_price unavailable
CRITICAL:strat7:2022-11-25 17:05:18,903:12647: Yes my_avgbuy_price unavailable
CRITICAL:strat7:2022-11-25 17:05:21,921:12647: Yes my_avgbuy_price unavailable
CRITICAL:strat7:2022-11-25 17:07:26,672:12646: Yes my_avgbuy_price unavailable
CRITICAL:strat7:2022-11-25 17:07:28,617:12646: Yes my_avgbuy_price unavailable
CRITICAL:strat7:2022-11-25 17:07:50,912:12647: Yes my_avgbuy_price unavailable
CRITICAL:strat7:2022-11-25 17:07:53,281:12647: Yes my_avgbuy_price unavailable
CRITICAL:strat7:2022-11-25 17:09:56,032:12646: Yes my_avgbuy_price unavailable
CRITICAL:strat7:2022-11-25 17:09:57,846:12646: Yes my_avgbuy_price unavailable
CRITICAL:strat7:2022-11-25 17:10:16,388:12647: Yes my_avgbuy_price unavailable
CRITICAL:strat7:2022-11-25 17:10:19,383:12647: Yes my_avgbuy_price unavailable
CRITICAL:strat7:2022-11-25 17:12:22,134:12646: Yes my_avgbuy_price unavailable
CRITICAL:strat7:2022-11-25 17:12:23,968:12646: Yes my_avgbuy_price unavailable
CRITICAL:strat7:2022-11-25 17:12:41,842:12647: Yes my_avgbuy_price unavailable
CRITICAL:strat7:2022-11-25 17:12:44,869:12647: Yes my_avgbuy_price unavailable
CRITICAL:strat7:2022-11-25 17:14:50,242:12646: Yes my_avgbuy_price unavailable
CRITICAL:strat7:2022-11-25 17:14:52,070:12646: Yes my_avgbuy_price unavailable
CRITICAL:strat7:2022-11-25 17:15:09,518:12647: Yes my_avgbuy_price unavailable
CRITICAL:strat7:2022-11-25 17:15:12,218:12647: Yes my_avgbuy_price unavailable
CRITICAL:strat7:2022-11-25 17:17:06,152:12646: Yes my_avgbuy_price unavailable
CRITICAL:strat7:2022-11-25 17:17:07,948:12646: Yes my_avgbuy_price unavailable
CRITICAL:strat7:2022-11-25 17:17:26,411:12647: Yes my_avgbuy_price unavailable
CRITICAL:strat7:2022-11-25 17:17:29,371:12647: Yes my_avgbuy_price unavailable
CRITICAL:strat7:2022-11-25 17:19:27,239:12646: Yes my_avgbuy_price unavailable
CRITICAL:strat7:2022-11-25 17:19:28,943:12646: Yes my_avgbuy_price unavailable
CRITICAL:strat7:2022-11-25 17:19:47,949:12647: Yes my_avgbuy_price unavailable
CRITICAL:strat7:2022-11-25 17:19:50,971:12647: Yes my_avgbuy_price unavailable
CRITICAL:strat7:2022-11-25 17:21:50,185:12646: Yes my_avgbuy_price unavailable
CRITICAL:strat7:2022-11-25 17:21:51,922:12646: Yes my_avgbuy_price unavailable
CRITICAL:strat7:2022-11-25 17:22:09,986:12647: Yes my_avgbuy_price unavailable
CRITICAL:strat7:2022-11-25 17:22:12,796:12647: Yes my_avgbuy_price unavailable
CRITICAL:strat7:2022-11-25 17:24:08,512:12646: Yes my_avgbuy_price unavailable
CRITICAL:strat7:2022-11-25 17:24:10,140:12646: Yes my_avgbuy_price unavailable
CRITICAL:strat7:2022-11-25 17:24:28,307:12647: Yes my_avgbuy_price unavailable
CRITICAL:strat7:2022-11-25 17:24:31,036:12647: Yes my_avgbuy_price unavailable
CRITICAL:strat7:2022-11-25 17:26:31,496:12646: Yes my_avgbuy_price unavailable
CRITICAL:strat7:2022-11-25 17:26:33,373:12646: Yes my_avgbuy_price unavailable
CRITICAL:strat7:2022-11-25 17:26:52,621:12647: Yes my_avgbuy_price unavailable
CRITICAL:strat7:2022-11-25 17:26:55,897:12647: Yes my_avgbuy_price unavailable
CRITICAL:strat7:2022-11-25 17:28:57,312:12646: Yes my_avgbuy_price unavailable
CRITICAL:strat7:2022-11-25 17:28:58,988:12646: Yes my_avgbuy_price unavailable
CRITICAL:strat7:2022-11-25 17:29:17,088:12647: Yes my_avgbuy_price unavailable
CRITICAL:strat7:2022-11-25 17:29:20,207:12647: Yes my_avgbuy_price unavailable
CRITICAL:strat7:2022-11-25 17:31:19,943:12646: Yes my_avgbuy_price unavailable
CRITICAL:strat7:2022-11-25 17:31:21,760:12646: Yes my_avgbuy_price unavailable
CRITICAL:strat7:2022-11-25 17:31:39,771:12647: Yes my_avgbuy_price unavailable
CRITICAL:strat7:2022-11-25 17:31:42,652:12647: Yes my_avgbuy_price unavailable
CRITICAL:strat7:2022-11-25 17:33:42,221:12646: Yes my_avgbuy_price unavailable
CRITICAL:strat7:2022-11-25 17:33:43,989:12646: Yes my_avgbuy_price unavailable
CRITICAL:strat7:2022-11-25 17:34:06,294:12647: Yes my_avgbuy_price unavailable
CRITICAL:strat7:2022-11-25 17:34:08,918:12647: Yes my_avgbuy_price unavailable
CRITICAL:strat7:2022-11-25 17:34:31,261:12648: No my_buy_price unavailable
CRITICAL:strat7:2022-11-25 17:34:33,566:12648: No my_buy_price unavailable
CRITICAL:strat7:2022-11-25 17:36:10,399:12646: Yes my_avgbuy_price unavailable
CRITICAL:strat7:2022-11-25 17:36:12,289:12646: Yes my_avgbuy_price unavailable
CRITICAL:strat7:2022-11-25 17:36:29,787:12647: Yes my_avgbuy_price unavailable
CRITICAL:strat7:2022-11-25 17:36:32,658:12647: Yes my_avgbuy_price unavailable
CRITICAL:strat7:2022-11-25 17:36:53,826:12648: No my_buy_price unavailable
CRITICAL:strat7:2022-11-25 17:36:56,256:12648: No my_buy_price unavailable
CRITICAL:strat7:2022-11-25 17:38:34,442:12646: Yes my_avgbuy_price unavailable
CRITICAL:strat7:2022-11-25 17:38:36,206:12646: Yes my_avgbuy_price unavailable
CRITICAL:strat7:2022-11-25 17:38:53,673:12647: Yes my_avgbuy_price unavailable
CRITICAL:strat7:2022-11-25 17:38:56,610:12647: Yes my_avgbuy_price unavailable
CRITICAL:strat7:2022-11-25 17:39:15,210:12648: No my_buy_price unavailable
CRITICAL:strat7:2022-11-25 17:39:18,122:12648: No my_buy_price unavailable
CRITICAL:strat7:2022-11-25 17:40:56,144:12646: Yes my_avgbuy_price unavailable
CRITICAL:strat7:2022-11-25 17:41:14,429:12647: Yes my_avgbuy_price unavailable
CRITICAL:strat7:2022-11-25 17:41:17,275:12647: Yes my_avgbuy_price unavailable
CRITICAL:strat7:2022-11-25 17:41:34,723:12648: No my_buy_price unavailable
CRITICAL:strat7:2022-11-25 17:41:37,542:12648: No my_buy_price unavailable
CRITICAL:strat7:2022-11-25 17:43:14,148:12646: Yes my_avgbuy_price unavailable
CRITICAL:strat7:2022-11-25 17:43:31,686:12647: Yes my_avgbuy_price unavailable
CRITICAL:strat7:2022-11-25 17:43:34,576:12647: Yes my_avgbuy_price unavailable
CRITICAL:strat7:2022-11-25 17:45:31,199:12646: Yes my_avgbuy_price unavailable
CRITICAL:strat7:2022-11-25 17:45:33,117:12646: Yes my_avgbuy_price unavailable
CRITICAL:strat7:2022-11-25 17:45:50,615:12647: Yes my_avgbuy_price unavailable
CRITICAL:strat7:2022-11-25 17:45:53,620:12647: Yes my_avgbuy_price unavailable
CRITICAL:strat7:2022-11-25 17:47:53,798:12646: Yes my_avgbuy_price unavailable
CRITICAL:strat7:2022-11-25 17:47:55,502:12646: Yes my_avgbuy_price unavailable
CRITICAL:strat7:2022-11-25 17:48:21,498:12647: Yes my_avgbuy_price unavailable
CRITICAL:strat7:2022-11-25 17:48:24,482:12647: Yes my_avgbuy_price unavailable
CRITICAL:strat7:2022-11-25 17:50:26,087:12646: Yes my_avgbuy_price unavailable
CRITICAL:strat7:2022-11-25 17:50:27,683:12646: Yes my_avgbuy_price unavailable
CRITICAL:strat7:2022-11-25 17:50:45,868:12647: Yes my_avgbuy_price unavailable
CRITICAL:strat7:2022-11-25 17:50:48,727:12647: Yes my_avgbuy_price unavailable
CRITICAL:strat7:2022-11-25 17:52:50,191:12646: Yes my_avgbuy_price unavailable
CRITICAL:strat7:2022-11-25 17:52:52,005:12646: Yes my_avgbuy_price unavailable
CRITICAL:strat7:2022-11-25 17:53:11,205:12647: Yes my_avgbuy_price unavailable
CRITICAL:strat7:2022-11-25 17:53:14,130:12647: Yes my_avgbuy_price unavailable
CRITICAL:strat7:2022-11-25 17:55:13,681:12646: Yes my_avgbuy_price unavailable
CRITICAL:strat7:2022-11-25 17:55:15,410:12646: Yes my_avgbuy_price unavailable
CRITICAL:strat7:2022-11-25 17:55:32,619:12647: Yes my_avgbuy_price unavailable
CRITICAL:strat7:2022-11-25 17:55:35,391:12647: Yes my_avgbuy_price unavailable
CRITICAL:strat7:2022-11-25 17:57:36,640:12646: Yes my_avgbuy_price unavailable
CRITICAL:strat7:2022-11-25 17:57:38,532:12646: Yes my_avgbuy_price unavailable
CRITICAL:strat7:2022-11-25 17:57:57,472:12647: Yes my_avgbuy_price unavailable
CRITICAL:strat7:2022-11-25 17:58:00,306:12647: Yes my_avgbuy_price unavailable
CRITICAL:strat7:2022-11-25 18:00:03,774:12646: Yes my_avgbuy_price unavailable
CRITICAL:strat7:2022-11-25 18:00:05,514:12646: Yes my_avgbuy_price unavailable
CRITICAL:strat7:2022-11-25 18:00:26,517:12647: Yes my_avgbuy_price unavailable
CRITICAL:strat7:2022-11-25 18:00:29,604:12647: Yes my_avgbuy_price unavailable
CRITICAL:strat7:2022-11-25 18:00:51,523:12648: No my_buy_price unavailable
CRITICAL:strat7:2022-11-25 18:00:53,882:12648: No my_buy_price unavailable
CRITICAL:strat7:2022-11-25 18:02:30,588:12646: Yes my_avgbuy_price unavailable
CRITICAL:strat7:2022-11-25 18:02:32,226:12646: Yes my_avgbuy_price unavailable
CRITICAL:strat7:2022-11-25 18:02:50,393:12647: Yes my_avgbuy_price unavailable
CRITICAL:strat7:2022-11-25 18:02:53,049:12647: Yes my_avgbuy_price unavailable
CRITICAL:strat7:2022-11-25 18:03:10,727:12648: No my_buy_price unavailable
CRITICAL:strat7:2022-11-25 18:03:13,463:12648: No my_buy_price unavailable
CRITICAL:strat7:2022-11-25 18:04:52,389:12646: Yes my_avgbuy_price unavailable
CRITICAL:strat7:2022-11-25 18:04:54,078:12646: Yes my_avgbuy_price unavailable
CRITICAL:strat7:2022-11-25 18:05:11,584:12647: Yes my_avgbuy_price unavailable
CRITICAL:strat7:2022-11-25 18:05:14,496:12647: Yes my_avgbuy_price unavailable
CRITICAL:strat7:2022-11-25 18:05:32,387:12648: No my_buy_price unavailable
CRITICAL:strat7:2022-11-25 18:05:35,182:12648: No my_buy_price unavailable
CRITICAL:strat7:2022-11-25 18:07:12,667:12646: Yes my_avgbuy_price unavailable
CRITICAL:strat7:2022-11-25 18:07:14,406:12646: Yes my_avgbuy_price unavailable
CRITICAL:strat7:2022-11-25 18:07:31,434:12647: Yes my_avgbuy_price unavailable
CRITICAL:strat7:2022-11-25 18:07:34,212:12647: Yes my_avgbuy_price unavailable
CRITICAL:strat7:2022-11-25 18:07:53,143:12648: No my_buy_price unavailable
CRITICAL:strat7:2022-11-25 18:07:55,976:12648: No my_buy_price unavailable
CRITICAL:strat7:2022-11-25 18:09:32,417:12646: Yes my_avgbuy_price unavailable
CRITICAL:strat7:2022-11-25 18:09:34,032:12646: Yes my_avgbuy_price unavailable
CRITICAL:strat7:2022-11-25 18:09:51,247:12647: Yes my_avgbuy_price unavailable
CRITICAL:strat7:2022-11-25 18:09:54,012:12647: Yes my_avgbuy_price unavailable
CRITICAL:strat7:2022-11-25 18:10:11,452:12648: No my_buy_price unavailable
CRITICAL:strat7:2022-11-25 18:10:14,457:12648: No my_buy_price unavailable
CRITICAL:strat7:2022-11-25 18:11:52,370:12646: Yes my_avgbuy_price unavailable
CRITICAL:strat7:2022-11-25 18:11:54,103:12646: Yes my_avgbuy_price unavailable
CRITICAL:strat7:2022-11-25 18:12:11,848:12647: Yes my_avgbuy_price unavailable
CRITICAL:strat7:2022-11-25 18:12:14,571:12647: Yes my_avgbuy_price unavailable
CRITICAL:strat7:2022-11-25 18:12:36,122:12648: No my_buy_price unavailable
CRITICAL:strat7:2022-11-25 18:12:38,617:12648: No my_buy_price unavailable
CRITICAL:strat7:2022-11-25 18:14:16,351:12646: Yes my_avgbuy_price unavailable
CRITICAL:strat7:2022-11-25 18:14:18,094:12646: Yes my_avgbuy_price unavailable
CRITICAL:strat7:2022-11-25 18:14:36,277:12647: Yes my_avgbuy_price unavailable
CRITICAL:strat7:2022-11-25 18:14:38,955:12647: Yes my_avgbuy_price unavailable
CRITICAL:strat7:2022-11-25 18:14:56,699:12648: No my_buy_price unavailable
CRITICAL:strat7:2022-11-25 18:14:59,385:12648: No my_buy_price unavailable
CRITICAL:strat7:2022-11-25 18:16:35,997:12646: Yes my_avgbuy_price unavailable
CRITICAL:strat7:2022-11-25 18:16:37,703:12646: Yes my_avgbuy_price unavailable
CRITICAL:strat7:2022-11-25 18:16:54,992:12647: Yes my_avgbuy_price unavailable
CRITICAL:strat7:2022-11-25 18:16:57,766:12647: Yes my_avgbuy_price unavailable
CRITICAL:strat7:2022-11-25 18:17:15,914:12648: No my_buy_price unavailable
CRITICAL:strat7:2022-11-25 18:17:18,808:12648: No my_buy_price unavailable
CRITICAL:strat7:2022-11-25 18:18:58,385:12646: Yes my_avgbuy_price unavailable
CRITICAL:strat7:2022-11-25 18:19:00,160:12646: Yes my_avgbuy_price unavailable
CRITICAL:strat7:2022-11-25 18:19:19,163:12647: Yes my_avgbuy_price unavailable
CRITICAL:strat7:2022-11-25 18:19:22,050:12647: Yes my_avgbuy_price unavailable
CRITICAL:strat7:2022-11-25 18:19:41,050:12648: No my_buy_price unavailable
CRITICAL:strat7:2022-11-25 18:19:43,942:12648: No my_buy_price unavailable
CRITICAL:strat7:2022-11-25 18:21:22,358:12646: Yes my_avgbuy_price unavailable
CRITICAL:strat7:2022-11-25 18:21:24,058:12646: Yes my_avgbuy_price unavailable
CRITICAL:strat7:2022-11-25 18:21:41,165:12647: Yes my_avgbuy_price unavailable
CRITICAL:strat7:2022-11-25 18:21:43,988:12647: Yes my_avgbuy_price unavailable
CRITICAL:strat7:2022-11-25 18:22:01,345:12648: No my_buy_price unavailable
CRITICAL:strat7:2022-11-25 18:22:04,291:12648: No my_buy_price unavailable
CRITICAL:strat7:2022-11-25 18:23:43,875:12646: Yes my_avgbuy_price unavailable
CRITICAL:strat7:2022-11-25 18:23:45,513:12646: Yes my_avgbuy_price unavailable
CRITICAL:strat7:2022-11-25 18:24:03,062:12647: Yes my_avgbuy_price unavailable
CRITICAL:strat7:2022-11-25 18:24:05,881:12647: Yes my_avgbuy_price unavailable
CRITICAL:strat7:2022-11-25 18:24:23,655:12648: No my_buy_price unavailable
CRITICAL:strat7:2022-11-25 18:24:26,604:12648: No my_buy_price unavailable
CRITICAL:strat7:2022-11-25 18:26:02,804:12646: Yes my_avgbuy_price unavailable
CRITICAL:strat7:2022-11-25 18:26:21,832:12647: Yes my_avgbuy_price unavailable
CRITICAL:strat7:2022-11-25 18:26:24,774:12647: Yes my_avgbuy_price unavailable
CRITICAL:strat7:2022-11-25 18:26:43,902:12648: No my_buy_price unavailable
CRITICAL:strat7:2022-11-25 18:26:46,840:12648: No my_buy_price unavailable
CRITICAL:strat7:2022-11-25 18:28:23,585:12646: Yes my_avgbuy_price unavailable
CRITICAL:strat7:2022-11-25 18:28:40,998:12647: Yes my_avgbuy_price unavailable
CRITICAL:strat7:2022-11-25 18:28:43,924:12647: Yes my_avgbuy_price unavailable
CRITICAL:strat7:2022-11-25 18:29:05,538:12648: No my_buy_price unavailable
CRITICAL:strat7:2022-11-25 18:29:07,757:12648: No my_buy_price unavailable
CRITICAL:strat7:2022-11-25 18:30:53,525:12646: Yes my_avgbuy_price unavailable
CRITICAL:strat7:2022-11-25 18:31:10,585:12647: Yes my_avgbuy_price unavailable
CRITICAL:strat7:2022-11-25 18:31:13,332:12647: Yes my_avgbuy_price unavailable
CRITICAL:strat7:2022-11-25 18:31:30,689:12648: No my_buy_price unavailable
CRITICAL:strat7:2022-11-25 18:31:33,403:12648: No my_buy_price unavailable
CRITICAL:strat7:2022-11-25 18:33:10,170:12646: Yes my_avgbuy_price unavailable
CRITICAL:strat7:2022-11-25 18:33:28,640:12647: Yes my_avgbuy_price unavailable
CRITICAL:strat7:2022-11-25 18:33:31,453:12647: Yes my_avgbuy_price unavailable
CRITICAL:strat7:2022-11-25 18:33:49,630:12648: No my_buy_price unavailable
CRITICAL:strat7:2022-11-25 18:33:52,526:12648: No my_buy_price unavailable
CRITICAL:strat7:2022-11-25 18:35:31,285:12646: Yes my_avgbuy_price unavailable
CRITICAL:strat7:2022-11-25 18:35:49,269:12647: Yes my_avgbuy_price unavailable
CRITICAL:strat7:2022-11-25 18:35:51,952:12647: Yes my_avgbuy_price unavailable
CRITICAL:strat7:2022-11-25 18:37:48,085:12646: Yes my_avgbuy_price unavailable
CRITICAL:strat7:2022-11-25 18:38:06,503:12647: Yes my_avgbuy_price unavailable
CRITICAL:strat7:2022-11-25 18:38:09,247:12647: Yes my_avgbuy_price unavailable
CRITICAL:strat7:2022-11-25 18:40:13,023:12648: No my_buy_price unavailable
CRITICAL:strat7:2022-11-25 18:40:15,767:12648: No my_buy_price unavailable
CRITICAL:strat7:2022-11-25 18:41:52,078:12646: Yes my_avgbuy_price unavailable
CRITICAL:strat7:2022-11-25 18:41:53,795:12646: Yes my_avgbuy_price unavailable
CRITICAL:strat7:2022-11-25 18:42:10,925:12647: Yes my_avgbuy_price unavailable
CRITICAL:strat7:2022-11-25 18:42:13,664:12647: Yes my_avgbuy_price unavailable
CRITICAL:strat7:2022-11-25 18:42:30,610:12648: No my_buy_price unavailable
CRITICAL:strat7:2022-11-25 18:42:33,342:12648: No my_buy_price unavailable
CRITICAL:strat7:2022-11-25 18:44:12,144:12646: Yes my_avgbuy_price unavailable
CRITICAL:strat7:2022-11-25 18:44:13,769:12646: Yes my_avgbuy_price unavailable
CRITICAL:strat7:2022-11-25 18:44:31,045:12647: Yes my_avgbuy_price unavailable
CRITICAL:strat7:2022-11-25 18:44:33,812:12647: Yes my_avgbuy_price unavailable
CRITICAL:strat7:2022-11-25 18:46:30,143:12646: Yes my_avgbuy_price unavailable
CRITICAL:strat7:2022-11-25 18:46:31,919:12646: Yes my_avgbuy_price unavailable
CRITICAL:strat7:2022-11-25 18:46:50,591:12647: Yes my_avgbuy_price unavailable
CRITICAL:strat7:2022-11-25 18:46:53,408:12647: Yes my_avgbuy_price unavailable
CRITICAL:strat7:2022-11-25 18:48:55,799:12646: Yes my_avgbuy_price unavailable
CRITICAL:strat7:2022-11-25 18:48:57,386:12646: Yes my_avgbuy_price unavailable
CRITICAL:strat7:2022-11-25 18:49:14,800:12647: Yes my_avgbuy_price unavailable
CRITICAL:strat7:2022-11-25 18:49:17,530:12647: Yes my_avgbuy_price unavailable
CRITICAL:strat7:2022-11-25 18:51:13,247:12646: Yes my_avgbuy_price unavailable
CRITICAL:strat7:2022-11-25 18:51:14,969:12646: Yes my_avgbuy_price unavailable
CRITICAL:strat7:2022-11-25 18:51:33,185:12647: Yes my_avgbuy_price unavailable
CRITICAL:strat7:2022-11-25 18:51:36,018:12647: Yes my_avgbuy_price unavailable
CRITICAL:strat7:2022-11-25 18:51:57,797:12648: No my_buy_price unavailable
CRITICAL:strat7:2022-11-25 18:53:38,099:12646: Yes my_avgbuy_price unavailable
CRITICAL:strat7:2022-11-25 18:53:39,858:12646: Yes my_avgbuy_price unavailable
CRITICAL:strat7:2022-11-25 18:53:57,449:12647: Yes my_avgbuy_price unavailable
CRITICAL:strat7:2022-11-25 18:54:00,166:12647: Yes my_avgbuy_price unavailable
CRITICAL:strat7:2022-11-25 18:54:20,762:12648: No my_buy_price unavailable
CRITICAL:strat7:2022-11-25 18:54:26,739:12648: No my_buy_price unavailable
CRITICAL:strat7:2022-11-25 18:56:02,733:12646: Yes my_avgbuy_price unavailable
CRITICAL:strat7:2022-11-25 18:56:04,358:12646: Yes my_avgbuy_price unavailable
CRITICAL:strat7:2022-11-25 18:56:21,469:12647: Yes my_avgbuy_price unavailable
CRITICAL:strat7:2022-11-25 18:56:24,197:12647: Yes my_avgbuy_price unavailable
CRITICAL:strat7:2022-11-25 18:58:20,749:12646: Yes my_avgbuy_price unavailable
CRITICAL:strat7:2022-11-25 18:58:22,454:12646: Yes my_avgbuy_price unavailable
CRITICAL:strat7:2022-11-25 18:59:27,130:12649: No my_buy_price unavailable
CRITICAL:strat7:2022-11-25 18:59:33,416:12649: No my_buy_price unavailable
CRITICAL:strat7:2022-11-25 19:00:49,754:12646: Yes my_avgbuy_price unavailable
CRITICAL:strat7:2022-11-25 19:00:51,359:12646: Yes my_avgbuy_price unavailable
CRITICAL:strat7:2022-11-25 19:03:09,061:12646: Yes my_avgbuy_price unavailable
CRITICAL:strat7:2022-11-25 19:03:10,713:12646: Yes my_avgbuy_price unavailable
CRITICAL:strat7:2022-11-25 19:05:34,098:12646: Yes my_avgbuy_price unavailable
CRITICAL:strat7:2022-11-25 19:05:35,881:12646: Yes my_avgbuy_price unavailable
CRITICAL:strat7:2022-11-25 19:07:52,620:12646: Yes my_avgbuy_price unavailable
CRITICAL:strat7:2022-11-25 19:07:54,207:12646: Yes my_avgbuy_price unavailable
CRITICAL:strat7:2022-11-25 19:11:58,792:12646: Yes my_avgbuy_price unavailable
CRITICAL:strat7:2022-11-25 19:12:00,523:12646: Yes my_avgbuy_price unavailable
CRITICAL:strat7:2022-11-25 19:14:17,657:12646: Yes my_avgbuy_price unavailable
CRITICAL:strat7:2022-11-25 19:14:19,364:12646: Yes my_avgbuy_price unavailable
CRITICAL:strat7:2022-11-25 19:14:55,032:12648: No my_buy_price unavailable
CRITICAL:strat7:2022-11-25 19:14:57,232:12648: No my_buy_price unavailable
CRITICAL:strat7:2022-11-25 19:16:29,561:12646: Yes my_avgbuy_price unavailable
CRITICAL:strat7:2022-11-25 19:16:31,162:12646: Yes my_avgbuy_price unavailable
CRITICAL:strat7:2022-11-25 19:17:08,534:12648: No my_buy_price unavailable
CRITICAL:strat7:2022-11-25 19:17:11,269:12648: No my_buy_price unavailable
CRITICAL:strat7:2022-11-25 19:18:45,338:12646: Yes my_avgbuy_price unavailable
CRITICAL:strat7:2022-11-25 19:18:47,122:12646: Yes my_avgbuy_price unavailable
CRITICAL:strat7:2022-11-25 19:19:24,214:12648: No my_buy_price unavailable
CRITICAL:strat7:2022-11-25 19:19:26,919:12648: No my_buy_price unavailable
CRITICAL:strat7:2022-11-25 19:20:59,643:12646: Yes my_avgbuy_price unavailable
CRITICAL:strat7:2022-11-25 19:21:01,259:12646: Yes my_avgbuy_price unavailable
CRITICAL:strat7:2022-11-25 19:21:35,277:12648: No my_buy_price unavailable
CRITICAL:strat7:2022-11-25 19:21:38,000:12648: No my_buy_price unavailable
CRITICAL:strat7:2022-11-25 19:23:10,019:12646: Yes my_avgbuy_price unavailable
CRITICAL:strat7:2022-11-25 19:23:11,660:12646: Yes my_avgbuy_price unavailable
CRITICAL:strat7:2022-11-25 19:23:44,571:12648: No my_buy_price unavailable
CRITICAL:strat7:2022-11-25 19:23:47,256:12648: No my_buy_price unavailable
CRITICAL:strat7:2022-11-25 19:25:22,244:12646: Yes my_avgbuy_price unavailable
CRITICAL:strat7:2022-11-25 19:25:23,910:12646: Yes my_avgbuy_price unavailable
CRITICAL:strat7:2022-11-25 19:27:39,635:12646: Yes my_avgbuy_price unavailable
CRITICAL:strat7:2022-11-25 19:27:41,367:12646: Yes my_avgbuy_price unavailable
CRITICAL:strat7:2022-11-25 19:28:16,069:12648: No my_buy_price unavailable
CRITICAL:strat7:2022-11-25 19:28:18,308:12648: No my_buy_price unavailable
CRITICAL:strat7:2022-11-25 19:29:50,240:12646: Yes my_avgbuy_price unavailable
CRITICAL:strat7:2022-11-25 19:29:51,783:12646: Yes my_avgbuy_price unavailable
CRITICAL:strat7:2022-11-25 19:30:24,522:12648: No my_buy_price unavailable
CRITICAL:strat7:2022-11-25 19:30:27,321:12648: No my_buy_price unavailable
CRITICAL:strat7:2022-11-25 19:32:02,458:12646: Yes my_avgbuy_price unavailable
CRITICAL:strat7:2022-11-25 19:32:04,078:12646: Yes my_avgbuy_price unavailable
CRITICAL:strat7:2022-11-25 19:32:37,592:12648: No my_buy_price unavailable
CRITICAL:strat7:2022-11-25 19:32:40,204:12648: No my_buy_price unavailable
CRITICAL:strat7:2022-11-25 19:34:13,116:12646: Yes my_avgbuy_price unavailable
CRITICAL:strat7:2022-11-25 19:34:14,778:12646: Yes my_avgbuy_price unavailable
CRITICAL:strat7:2022-11-25 19:34:47,266:12648: No my_buy_price unavailable
CRITICAL:strat7:2022-11-25 19:34:49,907:12648: No my_buy_price unavailable
CRITICAL:strat7:2022-11-25 19:36:25,838:12646: Yes my_avgbuy_price unavailable
CRITICAL:strat7:2022-11-25 19:36:27,368:12646: Yes my_avgbuy_price unavailable
CRITICAL:strat7:2022-11-25 19:36:45,693:12647: No my_buy_price unavailable
CRITICAL:strat7:2022-11-25 19:36:49,766:12647: No my_buy_price unavailable
CRITICAL:strat7:2022-11-25 19:37:07,028:12648: No my_buy_price unavailable
CRITICAL:strat7:2022-11-25 19:37:09,667:12648: No my_buy_price unavailable
CRITICAL:strat7:2022-11-25 19:38:42,255:12646: Yes my_avgbuy_price unavailable
CRITICAL:strat7:2022-11-25 19:38:43,801:12646: Yes my_avgbuy_price unavailable
CRITICAL:strat7:2022-11-25 19:39:27,417:12648: No my_buy_price unavailable
CRITICAL:strat7:2022-11-25 19:39:29,455:12648: No my_buy_price unavailable
CRITICAL:strat7:2022-11-25 19:40:59,873:12646: Yes my_avgbuy_price unavailable
CRITICAL:strat7:2022-11-25 19:41:01,490:12646: Yes my_avgbuy_price unavailable
CRITICAL:strat7:2022-11-25 19:41:20,034:12647: No my_buy_price unavailable
CRITICAL:strat7:2022-11-25 19:41:41,070:12648: No my_buy_price unavailable
CRITICAL:strat7:2022-11-25 19:41:43,735:12648: No my_buy_price unavailable
CRITICAL:strat7:2022-11-25 19:43:20,122:12646: Yes my_avgbuy_price unavailable
CRITICAL:strat7:2022-11-25 19:43:21,647:12646: Yes my_avgbuy_price unavailable
CRITICAL:strat7:2022-11-25 19:43:41,810:12647: No my_buy_price unavailable
CRITICAL:strat7:2022-11-25 19:43:47,683:12647: No my_buy_price unavailable
CRITICAL:strat7:2022-11-25 19:44:05,596:12648: No my_buy_price unavailable
CRITICAL:strat7:2022-11-25 19:44:08,183:12648: No my_buy_price unavailable
CRITICAL:strat7:2022-11-25 19:44:29,012:12649: No my_buy_price unavailable
CRITICAL:strat7:2022-11-25 19:45:44,506:12646: Yes my_avgbuy_price unavailable
CRITICAL:strat7:2022-11-25 19:45:46,078:12646: Yes my_avgbuy_price unavailable
CRITICAL:strat7:2022-11-25 19:46:06,122:12647: No my_buy_price unavailable
CRITICAL:strat7:2022-11-25 19:46:08,720:12647: No my_buy_price unavailable
CRITICAL:strat7:2022-11-25 19:46:26,100:12648: No my_buy_price unavailable
CRITICAL:strat7:2022-11-25 19:46:28,854:12648: No my_buy_price unavailable
CRITICAL:strat7:2022-11-25 19:46:44,958:12649: No my_buy_price unavailable
CRITICAL:strat7:2022-11-25 19:48:00,368:12646: Yes my_avgbuy_price unavailable
CRITICAL:strat7:2022-11-25 19:48:01,971:12646: Yes my_avgbuy_price unavailable
CRITICAL:strat7:2022-11-25 19:48:17,705:12647: No my_buy_price unavailable
CRITICAL:strat7:2022-11-25 19:48:20,356:12647: No my_buy_price unavailable
CRITICAL:strat7:2022-11-25 19:48:37,916:12648: No my_buy_price unavailable
CRITICAL:strat7:2022-11-25 19:48:40,495:12648: No my_buy_price unavailable
CRITICAL:strat7:2022-11-25 19:48:56,252:12649: No my_buy_price unavailable
CRITICAL:strat7:2022-11-25 19:50:11,993:12646: Yes my_avgbuy_price unavailable
CRITICAL:strat7:2022-11-25 19:50:13,567:12646: Yes my_avgbuy_price unavailable
CRITICAL:strat7:2022-11-25 19:50:50,686:12648: No my_buy_price unavailable
CRITICAL:strat7:2022-11-25 19:50:53,528:12648: No my_buy_price unavailable
CRITICAL:strat7:2022-11-25 19:51:10,053:12649: No my_buy_price unavailable
CRITICAL:strat7:2022-11-25 19:52:25,659:12646: Yes my_avgbuy_price unavailable
CRITICAL:strat7:2022-11-25 19:52:27,227:12646: Yes my_avgbuy_price unavailable
CRITICAL:strat7:2022-11-25 19:53:01,588:12648: Yes my_avgbuy_price unavailable
CRITICAL:strat7:2022-11-25 19:53:19,253:12649: No my_buy_price unavailable
CRITICAL:strat7:2022-11-25 19:54:34,776:12646: Yes my_avgbuy_price unavailable
CRITICAL:strat7:2022-11-25 19:54:36,392:12646: Yes my_avgbuy_price unavailable
CRITICAL:strat7:2022-11-25 19:55:11,106:12648: No my_buy_price unavailable
CRITICAL:strat7:2022-11-25 19:55:14,531:12648: No my_buy_price unavailable
CRITICAL:strat7:2022-11-25 19:55:30,272:12649: No my_buy_price unavailable
CRITICAL:strat7:2022-11-25 19:55:31,877:12649: No my_buy_price unavailable
CRITICAL:strat7:2022-11-25 19:56:48,619:12646: Yes my_avgbuy_price unavailable
CRITICAL:strat7:2022-11-25 19:56:50,135:12646: Yes my_avgbuy_price unavailable
CRITICAL:strat7:2022-11-25 19:57:30,554:12648: No my_buy_price unavailable
CRITICAL:strat7:2022-11-25 19:57:33,221:12648: No my_buy_price unavailable
CRITICAL:strat7:2022-11-25 19:57:50,467:12649: No my_buy_price unavailable
CRITICAL:strat7:2022-11-25 19:57:52,094:12649: No my_buy_price unavailable
CRITICAL:strat7:2022-11-25 19:59:07,983:12646: Yes my_avgbuy_price unavailable
CRITICAL:strat7:2022-11-25 19:59:09,572:12646: Yes my_avgbuy_price unavailable
CRITICAL:strat7:2022-11-25 19:59:26,859:12647: Yes my_avgbuy_price unavailable
CRITICAL:strat7:2022-11-25 19:59:29,549:12647: Yes my_avgbuy_price unavailable
CRITICAL:strat7:2022-11-25 19:59:45,996:12648: No my_buy_price unavailable
CRITICAL:strat7:2022-11-25 19:59:48,580:12648: No my_buy_price unavailable
CRITICAL:strat7:2022-11-25 20:00:04,111:12649: No my_buy_price unavailable
CRITICAL:strat7:2022-11-25 20:00:05,678:12649: No my_buy_price unavailable
CRITICAL:strat7:2022-11-25 20:01:22,128:12646: Yes my_avgbuy_price unavailable
CRITICAL:strat7:2022-11-25 20:01:23,679:12646: Yes my_avgbuy_price unavailable
CRITICAL:strat7:2022-11-25 20:01:39,961:12647: Yes my_avgbuy_price unavailable
CRITICAL:strat7:2022-11-25 20:01:42,593:12647: Yes my_avgbuy_price unavailable
CRITICAL:strat7:2022-11-25 20:01:59,154:12648: No my_buy_price unavailable
CRITICAL:strat7:2022-11-25 20:02:01,750:12648: No my_buy_price unavailable
CRITICAL:strat7:2022-11-25 20:02:17,792:12649: No my_buy_price unavailable
CRITICAL:strat7:2022-11-25 20:02:19,400:12649: No my_buy_price unavailable
CRITICAL:strat7:2022-11-25 20:03:35,485:12646: Yes my_avgbuy_price unavailable
CRITICAL:strat7:2022-11-25 20:03:37,097:12646: Yes my_avgbuy_price unavailable
CRITICAL:strat7:2022-11-25 20:03:55,232:12647: Yes my_avgbuy_price unavailable
CRITICAL:strat7:2022-11-25 20:03:57,852:12647: Yes my_avgbuy_price unavailable
CRITICAL:strat7:2022-11-25 20:04:15,189:12648: No my_buy_price unavailable
CRITICAL:strat7:2022-11-25 20:04:18,002:12648: No my_buy_price unavailable
CRITICAL:strat7:2022-11-25 20:04:33,789:12649: No my_buy_price unavailable
CRITICAL:strat7:2022-11-25 20:04:35,436:12649: No my_buy_price unavailable
CRITICAL:strat7:2022-11-25 20:05:51,338:12646: Yes my_avgbuy_price unavailable
CRITICAL:strat7:2022-11-25 20:05:52,905:12646: Yes my_avgbuy_price unavailable
CRITICAL:strat7:2022-11-25 20:06:12,243:12647: No my_buy_price unavailable
CRITICAL:strat7:2022-11-25 20:06:30,464:12648: No my_buy_price unavailable
CRITICAL:strat7:2022-11-25 20:06:33,160:12648: No my_buy_price unavailable
CRITICAL:strat7:2022-11-25 20:06:48,716:12649: No my_buy_price unavailable
CRITICAL:strat7:2022-11-25 20:06:50,250:12649: No my_buy_price unavailable
CRITICAL:strat7:2022-11-25 20:08:06,676:12646: Yes my_avgbuy_price unavailable
CRITICAL:strat7:2022-11-25 20:08:08,236:12646: Yes my_avgbuy_price unavailable
CRITICAL:strat7:2022-11-25 20:08:25,010:12647: No my_buy_price unavailable
CRITICAL:strat7:2022-11-25 20:08:27,620:12647: No my_buy_price unavailable
CRITICAL:strat7:2022-11-25 20:08:47,444:12648: No my_buy_price unavailable
CRITICAL:strat7:2022-11-25 20:08:49,634:12648: No my_buy_price unavailable
CRITICAL:strat7:2022-11-25 20:09:06,001:12649: No my_buy_price unavailable
CRITICAL:strat7:2022-11-25 20:09:07,555:12649: No my_buy_price unavailable
CRITICAL:strat7:2022-11-25 20:10:24,512:12646: Yes my_avgbuy_price unavailable
CRITICAL:strat7:2022-11-25 20:10:26,054:12646: Yes my_avgbuy_price unavailable
CRITICAL:strat7:2022-11-25 20:11:24,388:12649: No my_buy_price unavailable
CRITICAL:strat7:2022-11-25 20:11:25,937:12649: No my_buy_price unavailable
CRITICAL:strat7:2022-11-25 20:12:41,899:12646: Yes my_avgbuy_price unavailable
CRITICAL:strat7:2022-11-25 20:12:43,524:12646: Yes my_avgbuy_price unavailable
CRITICAL:strat7:2022-11-25 20:13:00,850:12647: Yes my_avgbuy_price unavailable
CRITICAL:strat7:2022-11-25 20:13:03,555:12647: Yes my_avgbuy_price unavailable
CRITICAL:strat7:2022-11-25 20:13:37,557:12649: No my_buy_price unavailable
CRITICAL:strat7:2022-11-25 20:13:39,102:12649: No my_buy_price unavailable
CRITICAL:strat7:2022-11-25 20:14:56,244:12646: Yes my_avgbuy_price unavailable
CRITICAL:strat7:2022-11-25 20:14:58,615:12646: Yes my_avgbuy_price unavailable
CRITICAL:strat7:2022-11-25 20:15:16,017:12647: Yes my_avgbuy_price unavailable
CRITICAL:strat7:2022-11-25 20:15:19,460:12647: Yes my_avgbuy_price unavailable
CRITICAL:strat7:2022-11-25 20:15:53,323:12649: No my_buy_price unavailable
CRITICAL:strat7:2022-11-25 20:15:55,094:12649: No my_buy_price unavailable
CRITICAL:strat7:2022-11-25 20:17:11,539:12646: Yes my_avgbuy_price unavailable
CRITICAL:strat7:2022-11-25 20:17:13,127:12646: Yes my_avgbuy_price unavailable
CRITICAL:strat7:2022-11-25 20:17:29,978:12647: Yes my_avgbuy_price unavailable
CRITICAL:strat7:2022-11-25 20:17:32,741:12647: Yes my_avgbuy_price unavailable
CRITICAL:strat7:2022-11-25 20:18:07,199:12649: No my_buy_price unavailable
CRITICAL:strat7:2022-11-25 20:18:08,854:12649: No my_buy_price unavailable
CRITICAL:strat7:2022-11-25 20:19:26,596:12646: Yes my_avgbuy_price unavailable
CRITICAL:strat7:2022-11-25 20:19:28,264:12646: Yes my_avgbuy_price unavailable
CRITICAL:strat7:2022-11-25 20:19:44,685:12647: Yes my_avgbuy_price unavailable
CRITICAL:strat7:2022-11-25 20:19:47,426:12647: Yes my_avgbuy_price unavailable
CRITICAL:strat7:2022-11-25 20:20:21,625:12649: No my_buy_price unavailable
CRITICAL:strat7:2022-11-25 20:20:23,259:12649: No my_buy_price unavailable
CRITICAL:strat7:2022-11-25 20:21:38,529:12646: Yes my_avgbuy_price unavailable
CRITICAL:strat7:2022-11-25 20:21:40,160:12646: Yes my_avgbuy_price unavailable
CRITICAL:strat7:2022-11-25 20:21:56,638:12647: Yes my_avgbuy_price unavailable
CRITICAL:strat7:2022-11-25 20:21:59,247:12647: Yes my_avgbuy_price unavailable
CRITICAL:strat7:2022-11-25 20:22:34,060:12649: No my_buy_price unavailable
CRITICAL:strat7:2022-11-25 20:22:35,820:12649: No my_buy_price unavailable
CRITICAL:strat7:2022-11-25 20:23:52,452:12646: Yes my_avgbuy_price unavailable
CRITICAL:strat7:2022-11-25 20:23:54,127:12646: Yes my_avgbuy_price unavailable
CRITICAL:strat7:2022-11-25 20:24:11,061:12647: Yes my_avgbuy_price unavailable
CRITICAL:strat7:2022-11-25 20:24:13,950:12647: Yes my_avgbuy_price unavailable
CRITICAL:strat7:2022-11-25 20:24:48,298:12649: No my_buy_price unavailable
CRITICAL:strat7:2022-11-25 20:24:49,889:12649: No my_buy_price unavailable
CRITICAL:strat7:2022-11-25 20:26:05,671:12646: Yes my_avgbuy_price unavailable
CRITICAL:strat7:2022-11-25 20:26:07,234:12646: Yes my_avgbuy_price unavailable
CRITICAL:strat7:2022-11-25 20:26:24,487:12647: Yes my_avgbuy_price unavailable
CRITICAL:strat7:2022-11-25 20:26:27,203:12647: Yes my_avgbuy_price unavailable
CRITICAL:strat7:2022-11-25 20:27:01,837:12649: No my_buy_price unavailable
CRITICAL:strat7:2022-11-25 20:27:03,474:12649: No my_buy_price unavailable
CRITICAL:strat7:2022-11-25 20:28:19,033:12646: Yes my_avgbuy_price unavailable
CRITICAL:strat7:2022-11-25 20:28:20,700:12646: Yes my_avgbuy_price unavailable
CRITICAL:strat7:2022-11-25 20:28:37,567:12647: Yes my_avgbuy_price unavailable
CRITICAL:strat7:2022-11-25 20:29:13,648:12649: No my_buy_price unavailable
CRITICAL:strat7:2022-11-25 20:29:15,283:12649: No my_buy_price unavailable
CRITICAL:strat7:2022-11-25 20:30:31,072:12646: Yes my_avgbuy_price unavailable
CRITICAL:strat7:2022-11-25 20:30:32,638:12646: Yes my_avgbuy_price unavailable
CRITICAL:strat7:2022-11-25 20:31:28,423:12649: No my_buy_price unavailable
CRITICAL:strat7:2022-11-25 20:31:30,030:12649: No my_buy_price unavailable
CRITICAL:strat7:2022-11-25 20:32:45,621:12646: Yes my_avgbuy_price unavailable
CRITICAL:strat7:2022-11-25 20:32:47,298:12646: Yes my_avgbuy_price unavailable
CRITICAL:strat7:2022-11-25 20:33:35,767:12649: No my_buy_price unavailable
CRITICAL:strat7:2022-11-25 20:33:37,415:12649: No my_buy_price unavailable
CRITICAL:strat7:2022-11-25 20:34:53,939:12646: Yes my_avgbuy_price unavailable
CRITICAL:strat7:2022-11-25 20:34:55,999:12646: Yes my_avgbuy_price unavailable
CRITICAL:strat7:2022-11-25 20:35:47,176:12649: No my_buy_price unavailable
CRITICAL:strat7:2022-11-25 20:35:48,850:12649: No my_buy_price unavailable
CRITICAL:strat7:2022-11-25 20:37:04,573:12646: Yes my_avgbuy_price unavailable
CRITICAL:strat7:2022-11-25 20:37:06,223:12646: Yes my_avgbuy_price unavailable
CRITICAL:strat7:2022-11-25 20:37:23,074:12647: Yes my_avgbuy_price unavailable
CRITICAL:strat7:2022-11-25 20:37:42,546:12648: Yes my_avgbuy_price unavailable
CRITICAL:strat7:2022-11-25 20:37:44,697:12648: Yes my_avgbuy_price unavailable
CRITICAL:strat7:2022-11-25 20:38:00,074:12649: No my_buy_price unavailable
CRITICAL:strat7:2022-11-25 20:38:01,801:12649: No my_buy_price unavailable
CRITICAL:strat7:2022-11-25 20:39:16,968:12646: Yes my_avgbuy_price unavailable
CRITICAL:strat7:2022-11-25 20:39:18,529:12646: Yes my_avgbuy_price unavailable
CRITICAL:strat7:2022-11-25 20:39:35,293:12647: Yes my_avgbuy_price unavailable
CRITICAL:strat7:2022-11-25 20:39:54,896:12648: Yes my_avgbuy_price unavailable
CRITICAL:strat7:2022-11-25 20:39:57,067:12648: Yes my_avgbuy_price unavailable
CRITICAL:strat7:2022-11-25 20:40:12,968:12649: No my_buy_price unavailable
CRITICAL:strat7:2022-11-25 20:40:14,510:12649: No my_buy_price unavailable
CRITICAL:strat7:2022-11-25 20:41:31,812:12646: Yes my_avgbuy_price unavailable
CRITICAL:strat7:2022-11-25 20:41:33,397:12646: Yes my_avgbuy_price unavailable
CRITICAL:strat7:2022-11-25 20:41:50,575:12647: Yes my_avgbuy_price unavailable
CRITICAL:strat7:2022-11-25 20:42:10,398:12648: No my_buy_price unavailable
CRITICAL:strat7:2022-11-25 20:42:13,955:12648: No my_buy_price unavailable
CRITICAL:strat7:2022-11-25 20:42:30,082:12649: No my_buy_price unavailable
CRITICAL:strat7:2022-11-25 20:42:31,675:12649: No my_buy_price unavailable
CRITICAL:strat7:2022-11-25 20:43:47,188:12646: Yes my_avgbuy_price unavailable
CRITICAL:strat7:2022-11-25 20:43:48,823:12646: Yes my_avgbuy_price unavailable
CRITICAL:strat7:2022-11-25 20:44:05,616:12647: Yes my_avgbuy_price unavailable
CRITICAL:strat7:2022-11-25 20:44:25,258:12648: Yes my_avgbuy_price unavailable
CRITICAL:strat7:2022-11-25 20:44:28,802:12648: Yes my_avgbuy_price unavailable
CRITICAL:strat7:2022-11-25 20:44:44,260:12649: No my_buy_price unavailable
CRITICAL:strat7:2022-11-25 20:44:45,858:12649: No my_buy_price unavailable
CRITICAL:strat7:2022-11-25 20:46:01,047:12646: Yes my_avgbuy_price unavailable
CRITICAL:strat7:2022-11-25 20:46:02,767:12646: Yes my_avgbuy_price unavailable
CRITICAL:strat7:2022-11-25 20:46:19,297:12647: Yes my_avgbuy_price unavailable
CRITICAL:strat7:2022-11-25 20:46:37,655:12648: No my_buy_price unavailable
CRITICAL:strat7:2022-11-25 20:46:41,113:12648: No my_buy_price unavailable
CRITICAL:strat7:2022-11-25 20:46:56,597:12649: No my_buy_price unavailable
CRITICAL:strat7:2022-11-25 20:46:58,198:12649: No my_buy_price unavailable
CRITICAL:strat7:2022-11-25 20:48:15,058:12646: Yes my_avgbuy_price unavailable
CRITICAL:strat7:2022-11-25 20:48:16,625:12646: Yes my_avgbuy_price unavailable
CRITICAL:strat7:2022-11-25 20:48:33,504:12647: Yes my_avgbuy_price unavailable
CRITICAL:strat7:2022-11-25 20:48:51,192:12648: No my_buy_price unavailable
CRITICAL:strat7:2022-11-25 20:48:53,854:12648: No my_buy_price unavailable
CRITICAL:strat7:2022-11-25 20:49:10,483:12649: No my_buy_price unavailable
CRITICAL:strat7:2022-11-25 20:49:12,054:12649: No my_buy_price unavailable
CRITICAL:strat7:2022-11-25 20:50:28,535:12646: Yes my_avgbuy_price unavailable
CRITICAL:strat7:2022-11-25 20:50:30,079:12646: Yes my_avgbuy_price unavailable
CRITICAL:strat7:2022-11-25 20:50:46,374:12647: Yes my_avgbuy_price unavailable
CRITICAL:strat7:2022-11-25 20:51:03,408:12648: No my_buy_price unavailable
CRITICAL:strat7:2022-11-25 20:51:06,062:12648: No my_buy_price unavailable
CRITICAL:strat7:2022-11-25 20:51:22,234:12649: No my_buy_price unavailable
CRITICAL:strat7:2022-11-25 20:51:23,853:12649: No my_buy_price unavailable
CRITICAL:strat7:2022-11-25 20:52:38,981:12646: Yes my_avgbuy_price unavailable
CRITICAL:strat7:2022-11-25 20:52:40,533:12646: Yes my_avgbuy_price unavailable
CRITICAL:strat7:2022-11-25 20:52:58,166:12647: Yes my_avgbuy_price unavailable
CRITICAL:strat7:2022-11-25 20:53:15,374:12648: No my_buy_price unavailable
CRITICAL:strat7:2022-11-25 20:53:18,152:12648: No my_buy_price unavailable
CRITICAL:strat7:2022-11-25 20:53:33,648:12649: No my_buy_price unavailable
CRITICAL:strat7:2022-11-25 20:53:35,245:12649: No my_buy_price unavailable
CRITICAL:strat7:2022-11-25 20:54:52,453:12646: Yes my_avgbuy_price unavailable
CRITICAL:strat7:2022-11-25 20:54:54,091:12646: Yes my_avgbuy_price unavailable
CRITICAL:strat7:2022-11-25 20:55:11,719:12647: Yes my_avgbuy_price unavailable
CRITICAL:strat7:2022-11-25 20:55:31,004:12648: Yes my_avgbuy_price unavailable
CRITICAL:strat7:2022-11-25 20:55:34,640:12648: Yes my_avgbuy_price unavailable
CRITICAL:strat7:2022-11-25 20:55:49,997:12649: No my_buy_price unavailable
CRITICAL:strat7:2022-11-25 20:55:51,640:12649: No my_buy_price unavailable
CRITICAL:strat7:2022-11-25 20:57:06,825:12646: Yes my_avgbuy_price unavailable
CRITICAL:strat7:2022-11-25 20:57:08,421:12646: Yes my_avgbuy_price unavailable
CRITICAL:strat7:2022-11-25 20:57:25,022:12647: Yes my_avgbuy_price unavailable
CRITICAL:strat7:2022-11-25 20:57:43,655:12648: No my_buy_price unavailable
CRITICAL:strat7:2022-11-25 20:57:47,214:12648: No my_buy_price unavailable
CRITICAL:strat7:2022-11-25 20:58:02,613:12649: No my_buy_price unavailable
CRITICAL:strat7:2022-11-25 20:58:04,162:12649: No my_buy_price unavailable
CRITICAL:strat7:2022-11-25 20:59:19,418:12646: Yes my_avgbuy_price unavailable
CRITICAL:strat7:2022-11-25 20:59:21,074:12646: Yes my_avgbuy_price unavailable
CRITICAL:strat7:2022-11-25 20:59:39,444:12647: Yes my_avgbuy_price unavailable
CRITICAL:strat7:2022-11-25 21:00:00,524:12648: No my_buy_price unavailable
CRITICAL:strat7:2022-11-25 21:00:02,662:12648: No my_buy_price unavailable
CRITICAL:strat7:2022-11-25 21:13:11,427:12649: No my_buy_price unavailable
CRITICAL:strat7:2022-11-25 21:13:13,114:12649: No my_buy_price unavailable
CRITICAL:strat7:2022-11-25 21:14:29,961:12646: Yes my_avgbuy_price unavailable
CRITICAL:strat7:2022-11-25 21:14:31,691:12646: Yes my_avgbuy_price unavailable
CRITICAL:strat7:2022-11-25 21:14:51,299:12647: Yes my_avgbuy_price unavailable
CRITICAL:strat7:2022-11-25 21:15:11,173:12648: Yes my_avgbuy_price unavailable
CRITICAL:strat7:2022-11-25 21:15:15,949:12648: Yes my_avgbuy_price unavailable
CRITICAL:strat7:2022-11-25 21:15:34,819:12649: No my_buy_price unavailable
CRITICAL:strat7:2022-11-25 21:15:36,552:12649: No my_buy_price unavailable
CRITICAL:strat7:2022-11-25 21:16:53,216:12646: Yes my_avgbuy_price unavailable
CRITICAL:strat7:2022-11-25 21:16:54,899:12646: Yes my_avgbuy_price unavailable
CRITICAL:strat7:2022-11-25 21:17:11,791:12647: Yes my_avgbuy_price unavailable
CRITICAL:strat7:2022-11-25 21:17:32,171:12648: Yes my_avgbuy_price unavailable
CRITICAL:strat7:2022-11-25 21:17:38,383:12648: Yes my_avgbuy_price unavailable
CRITICAL:strat7:2022-11-25 21:17:55,120:12649: No my_buy_price unavailable
CRITICAL:strat7:2022-11-25 21:17:56,819:12649: No my_buy_price unavailable
CRITICAL:strat7:2022-11-25 21:19:12,786:12646: Yes my_avgbuy_price unavailable
CRITICAL:strat7:2022-11-25 21:19:14,413:12646: Yes my_avgbuy_price unavailable
CRITICAL:strat7:2022-11-25 21:19:31,219:12647: Yes my_avgbuy_price unavailable
CRITICAL:strat7:2022-11-25 21:19:33,941:12647: Yes my_avgbuy_price unavailable
CRITICAL:strat7:2022-11-25 21:20:16,938:12648: Yes my_avgbuy_price unavailable
CRITICAL:strat7:2022-11-25 21:20:23,656:12648: Yes my_avgbuy_price unavailable
CRITICAL:strat7:2022-11-25 21:20:40,599:12649: No my_buy_price unavailable
CRITICAL:strat7:2022-11-25 21:20:42,268:12649: No my_buy_price unavailable
CRITICAL:strat7:2022-11-25 21:21:58,653:12646: Yes my_avgbuy_price unavailable
CRITICAL:strat7:2022-11-25 21:22:00,343:12646: Yes my_avgbuy_price unavailable
CRITICAL:strat7:2022-11-25 21:22:16,065:12647: Yes my_avgbuy_price unavailable
CRITICAL:strat7:2022-11-25 21:22:17,772:12647: Yes my_avgbuy_price unavailable
CRITICAL:strat7:2022-11-25 21:22:34,137:12648: Yes my_avgbuy_price unavailable
CRITICAL:strat7:2022-11-25 21:22:40,232:12648: Yes my_avgbuy_price unavailable
CRITICAL:strat7:2022-11-25 21:23:00,456:12649: No my_buy_price unavailable
CRITICAL:strat7:2022-11-25 21:23:02,131:12649: No my_buy_price unavailable
CRITICAL:strat7:2022-11-25 21:24:17,761:12646: Yes my_avgbuy_price unavailable
CRITICAL:strat7:2022-11-25 21:24:19,416:12646: Yes my_avgbuy_price unavailable
CRITICAL:strat7:2022-11-25 21:24:35,371:12647: Yes my_avgbuy_price unavailable
CRITICAL:strat7:2022-11-25 21:24:36,992:12647: Yes my_avgbuy_price unavailable
CRITICAL:strat7:2022-11-25 21:24:58,270:12648: Yes my_avgbuy_price unavailable
CRITICAL:strat7:2022-11-25 21:25:04,360:12648: Yes my_avgbuy_price unavailable
CRITICAL:strat7:2022-11-25 21:25:20,984:12649: No my_buy_price unavailable
CRITICAL:strat7:2022-11-25 21:25:22,665:12649: No my_buy_price unavailable
CRITICAL:strat7:2022-11-25 21:26:39,024:12646: Yes my_avgbuy_price unavailable
CRITICAL:strat7:2022-11-25 21:26:40,640:12646: Yes my_avgbuy_price unavailable
CRITICAL:strat7:2022-11-25 21:26:56,419:12647: Yes my_avgbuy_price unavailable
CRITICAL:strat7:2022-11-25 21:27:18,407:12648: Yes my_avgbuy_price unavailable
CRITICAL:strat7:2022-11-25 21:27:24,582:12648: Yes my_avgbuy_price unavailable
CRITICAL:strat7:2022-11-25 21:27:45,774:12649: No my_buy_price unavailable
CRITICAL:strat7:2022-11-25 21:27:47,541:12649: No my_buy_price unavailable
CRITICAL:strat7:2022-11-25 21:29:03,413:12646: Yes my_avgbuy_price unavailable
CRITICAL:strat7:2022-11-25 21:29:05,004:12646: Yes my_avgbuy_price unavailable
CRITICAL:strat7:2022-11-25 21:29:21,162:12647: Yes my_avgbuy_price unavailable
CRITICAL:strat7:2022-11-25 21:29:41,617:12648: Yes my_avgbuy_price unavailable
CRITICAL:strat7:2022-11-25 21:29:47,643:12648: Yes my_avgbuy_price unavailable
CRITICAL:strat7:2022-11-25 21:30:05,890:12649: No my_buy_price unavailable
CRITICAL:strat7:2022-11-25 21:30:07,573:12649: No my_buy_price unavailable
CRITICAL:strat7:2022-11-25 21:31:22,967:12646: Yes my_avgbuy_price unavailable
CRITICAL:strat7:2022-11-25 21:31:24,590:12646: Yes my_avgbuy_price unavailable
CRITICAL:strat7:2022-11-25 21:31:40,741:12647: Yes my_avgbuy_price unavailable
CRITICAL:strat7:2022-11-25 21:31:59,511:12648: No my_buy_price unavailable
CRITICAL:strat7:2022-11-25 21:32:03,232:12648: No my_buy_price unavailable
CRITICAL:strat7:2022-11-25 21:32:20,417:12649: No my_buy_price unavailable
CRITICAL:strat7:2022-11-25 21:32:22,091:12649: No my_buy_price unavailable
CRITICAL:strat7:2022-11-25 21:33:38,394:12646: Yes my_avgbuy_price unavailable
CRITICAL:strat7:2022-11-25 21:33:40,104:12646: Yes my_avgbuy_price unavailable
CRITICAL:strat7:2022-11-25 21:33:57,924:12647: Yes my_avgbuy_price unavailable
CRITICAL:strat7:2022-11-25 21:34:15,162:12648: No my_buy_price unavailable
CRITICAL:strat7:2022-11-25 21:34:17,624:12648: No my_buy_price unavailable
CRITICAL:strat7:2022-11-25 21:34:35,406:12649: No my_buy_price unavailable
CRITICAL:strat7:2022-11-25 21:34:37,172:12649: No my_buy_price unavailable
CRITICAL:strat7:2022-11-25 21:35:52,804:12646: Yes my_avgbuy_price unavailable
CRITICAL:strat7:2022-11-25 21:35:54,463:12646: Yes my_avgbuy_price unavailable
CRITICAL:strat7:2022-11-25 21:36:10,616:12647: Yes my_avgbuy_price unavailable
CRITICAL:strat7:2022-11-25 21:36:27,108:12648: No my_buy_price unavailable
CRITICAL:strat7:2022-11-25 21:36:29,393:12648: No my_buy_price unavailable
CRITICAL:strat7:2022-11-25 21:36:45,787:12649: No my_buy_price unavailable
CRITICAL:strat7:2022-11-25 21:36:47,560:12649: No my_buy_price unavailable
CRITICAL:strat7:2022-11-25 21:38:03,264:12646: Yes my_avgbuy_price unavailable
CRITICAL:strat7:2022-11-25 21:38:05,051:12646: Yes my_avgbuy_price unavailable
CRITICAL:strat7:2022-11-25 21:38:21,371:12647: Yes my_avgbuy_price unavailable
CRITICAL:strat7:2022-11-25 21:38:37,590:12648: No my_buy_price unavailable
CRITICAL:strat7:2022-11-25 21:38:39,895:12648: No my_buy_price unavailable
CRITICAL:strat7:2022-11-25 21:38:56,771:12649: No my_buy_price unavailable
CRITICAL:strat7:2022-11-25 21:38:58,407:12649: No my_buy_price unavailable
CRITICAL:strat7:2022-11-25 21:40:14,677:12646: Yes my_avgbuy_price unavailable
CRITICAL:strat7:2022-11-25 21:40:16,483:12646: Yes my_avgbuy_price unavailable
CRITICAL:strat7:2022-11-25 21:40:33,148:12647: Yes my_avgbuy_price unavailable
CRITICAL:strat7:2022-11-25 21:40:50,108:12648: No my_buy_price unavailable
CRITICAL:strat7:2022-11-25 21:40:52,338:12648: No my_buy_price unavailable
CRITICAL:strat7:2022-11-25 21:41:09,368:12649: No my_buy_price unavailable
CRITICAL:strat7:2022-11-25 21:41:11,141:12649: No my_buy_price unavailable
CRITICAL:strat7:2022-11-25 21:42:27,215:12646: Yes my_avgbuy_price unavailable
CRITICAL:strat7:2022-11-25 21:42:28,955:12646: Yes my_avgbuy_price unavailable
CRITICAL:strat7:2022-11-25 21:42:45,012:12647: Yes my_avgbuy_price unavailable
CRITICAL:strat7:2022-11-25 21:43:05,631:12648: No my_buy_price unavailable
CRITICAL:strat7:2022-11-25 21:43:07,918:12648: No my_buy_price unavailable
CRITICAL:strat7:2022-11-25 21:43:23,895:12649: No my_buy_price unavailable
CRITICAL:strat7:2022-11-25 21:43:25,623:12649: No my_buy_price unavailable
CRITICAL:strat7:2022-11-25 21:44:41,747:12646: Yes my_avgbuy_price unavailable
CRITICAL:strat7:2022-11-25 21:44:43,391:12646: Yes my_avgbuy_price unavailable
CRITICAL:strat7:2022-11-25 21:44:59,129:12647: Yes my_avgbuy_price unavailable
CRITICAL:strat7:2022-11-25 21:45:16,172:12648: No my_buy_price unavailable
CRITICAL:strat7:2022-11-25 21:45:18,940:12648: No my_buy_price unavailable
CRITICAL:strat7:2022-11-25 21:45:34,700:12649: No my_buy_price unavailable
CRITICAL:strat7:2022-11-25 21:45:36,371:12649: No my_buy_price unavailable
CRITICAL:strat7:2022-11-25 21:46:52,642:12646: Yes my_avgbuy_price unavailable
CRITICAL:strat7:2022-11-25 21:46:54,305:12646: Yes my_avgbuy_price unavailable
CRITICAL:strat7:2022-11-25 21:47:12,475:12647: Yes my_avgbuy_price unavailable
CRITICAL:strat7:2022-11-25 21:47:30,217:12648: No my_buy_price unavailable
CRITICAL:strat7:2022-11-25 21:47:32,988:12648: No my_buy_price unavailable
CRITICAL:strat7:2022-11-25 21:47:50,726:12649: No my_buy_price unavailable
CRITICAL:strat7:2022-11-25 21:47:52,416:12649: No my_buy_price unavailable
CRITICAL:strat7:2022-11-25 21:49:08,111:12646: Yes my_avgbuy_price unavailable
CRITICAL:strat7:2022-11-25 21:49:09,767:12646: Yes my_avgbuy_price unavailable
CRITICAL:strat7:2022-11-25 21:49:25,820:12647: Yes my_avgbuy_price unavailable
CRITICAL:strat7:2022-11-25 21:49:46,121:12648: No my_buy_price unavailable
CRITICAL:strat7:2022-11-25 21:49:48,346:12648: No my_buy_price unavailable
CRITICAL:strat7:2022-11-25 21:50:04,143:12649: No my_buy_price unavailable
CRITICAL:strat7:2022-11-25 21:50:05,894:12649: No my_buy_price unavailable
CRITICAL:strat7:2022-11-25 21:51:21,986:12646: Yes my_avgbuy_price unavailable
CRITICAL:strat7:2022-11-25 21:51:23,659:12646: Yes my_avgbuy_price unavailable
CRITICAL:strat7:2022-11-25 21:51:39,474:12647: Yes my_avgbuy_price unavailable
CRITICAL:strat7:2022-11-25 21:52:18,157:12649: No my_buy_price unavailable
CRITICAL:strat7:2022-11-25 21:52:19,792:12649: No my_buy_price unavailable
CRITICAL:strat7:2022-11-25 21:53:36,295:12646: Yes my_avgbuy_price unavailable
CRITICAL:strat7:2022-11-25 21:53:38,005:12646: Yes my_avgbuy_price unavailable
CRITICAL:strat7:2022-11-25 21:53:55,856:12647: Yes my_avgbuy_price unavailable
CRITICAL:strat7:2022-11-25 21:54:35,830:12649: No my_buy_price unavailable
CRITICAL:strat7:2022-11-25 21:54:37,529:12649: No my_buy_price unavailable
CRITICAL:strat7:2022-11-25 21:55:53,616:12646: Yes my_avgbuy_price unavailable
CRITICAL:strat7:2022-11-25 21:55:55,339:12646: Yes my_avgbuy_price unavailable
CRITICAL:strat7:2022-11-25 21:56:13,506:12647: Yes my_avgbuy_price unavailable
CRITICAL:strat7:2022-11-25 21:56:50,244:12649: No my_buy_price unavailable
CRITICAL:strat7:2022-11-25 21:56:51,922:12649: No my_buy_price unavailable
CRITICAL:strat7:2022-11-25 21:58:08,562:12646: Yes my_avgbuy_price unavailable
CRITICAL:strat7:2022-11-25 21:58:10,225:12646: Yes my_avgbuy_price unavailable
CRITICAL:strat7:2022-11-25 21:58:27,153:12647: Yes my_avgbuy_price unavailable
CRITICAL:strat7:2022-11-25 21:59:05,216:12649: No my_buy_price unavailable
CRITICAL:strat7:2022-11-25 21:59:06,928:12649: No my_buy_price unavailable
CRITICAL:strat7:2022-11-25 22:00:24,114:12646: Yes my_avgbuy_price unavailable
CRITICAL:strat7:2022-11-25 22:00:25,887:12646: Yes my_avgbuy_price unavailable
CRITICAL:strat7:2022-11-25 22:00:42,487:12647: Yes my_avgbuy_price unavailable
CRITICAL:strat7:2022-11-25 22:01:17,481:12649: No my_buy_price unavailable
CRITICAL:strat7:2022-11-25 22:01:19,159:12649: No my_buy_price unavailable
CRITICAL:strat7:2022-11-25 22:02:35,260:12646: Yes my_avgbuy_price unavailable
CRITICAL:strat7:2022-11-25 22:02:36,957:12646: Yes my_avgbuy_price unavailable
CRITICAL:strat7:2022-11-25 22:02:53,643:12647: Yes my_avgbuy_price unavailable
CRITICAL:strat7:2022-11-25 22:03:28,764:12649: No my_buy_price unavailable
CRITICAL:strat7:2022-11-25 22:03:30,387:12649: No my_buy_price unavailable
CRITICAL:strat7:2022-11-25 22:04:50,898:12646: Yes my_avgbuy_price unavailable
CRITICAL:strat7:2022-11-25 22:04:52,608:12646: Yes my_avgbuy_price unavailable
CRITICAL:strat7:2022-11-25 22:05:09,079:12647: Yes my_avgbuy_price unavailable
CRITICAL:strat7:2022-11-25 22:05:44,617:12649: No my_buy_price unavailable
CRITICAL:strat7:2022-11-25 22:05:46,359:12649: No my_buy_price unavailable
CRITICAL:strat7:2022-11-25 22:07:02,197:12646: Yes my_avgbuy_price unavailable
CRITICAL:strat7:2022-11-25 22:07:03,855:12646: Yes my_avgbuy_price unavailable
CRITICAL:strat7:2022-11-25 22:07:20,069:12647: Yes my_avgbuy_price unavailable
CRITICAL:strat7:2022-11-25 22:07:54,656:12649: No my_buy_price unavailable
CRITICAL:strat7:2022-11-25 22:07:56,266:12649: No my_buy_price unavailable
CRITICAL:strat7:2022-11-25 22:09:12,235:12646: Yes my_avgbuy_price unavailable
CRITICAL:strat7:2022-11-25 22:09:13,842:12646: Yes my_avgbuy_price unavailable
CRITICAL:strat7:2022-11-25 22:09:29,378:12647: Yes my_avgbuy_price unavailable
CRITICAL:strat7:2022-11-25 22:10:05,831:12649: No my_buy_price unavailable
CRITICAL:strat7:2022-11-25 22:10:07,414:12649: No my_buy_price unavailable
CRITICAL:strat7:2022-11-25 22:11:23,128:12646: Yes my_avgbuy_price unavailable
CRITICAL:strat7:2022-11-25 22:11:24,765:12646: Yes my_avgbuy_price unavailable
CRITICAL:strat7:2022-11-25 22:11:41,821:12647: Yes my_avgbuy_price unavailable
CRITICAL:strat7:2022-11-25 22:12:01,198:12648: No my_buy_price unavailable
CRITICAL:strat7:2022-11-25 22:12:03,503:12648: No my_buy_price unavailable
CRITICAL:strat7:2022-11-25 22:12:20,387:12649: No my_buy_price unavailable
CRITICAL:strat7:2022-11-25 22:12:22,071:12649: No my_buy_price unavailable
CRITICAL:strat7:2022-11-25 22:13:38,505:12646: Yes my_avgbuy_price unavailable
CRITICAL:strat7:2022-11-25 22:13:40,127:12646: Yes my_avgbuy_price unavailable
CRITICAL:strat7:2022-11-25 22:14:00,200:12647: Yes my_avgbuy_price unavailable
CRITICAL:strat7:2022-11-25 22:14:20,826:12648: No my_buy_price unavailable
CRITICAL:strat7:2022-11-25 22:14:23,148:12648: No my_buy_price unavailable
CRITICAL:strat7:2022-11-25 22:14:39,409:12649: No my_buy_price unavailable
CRITICAL:strat7:2022-11-25 22:14:40,989:12649: No my_buy_price unavailable
CRITICAL:strat7:2022-11-25 22:15:57,770:12646: Yes my_avgbuy_price unavailable
CRITICAL:strat7:2022-11-25 22:15:59,341:12646: Yes my_avgbuy_price unavailable
CRITICAL:strat7:2022-11-25 22:16:20,073:12647: Yes my_avgbuy_price unavailable
CRITICAL:strat7:2022-11-25 22:16:37,374:12648: No my_buy_price unavailable
CRITICAL:strat7:2022-11-25 22:16:40,002:12648: No my_buy_price unavailable
CRITICAL:strat7:2022-11-25 22:16:55,789:12649: No my_buy_price unavailable
CRITICAL:strat7:2022-11-25 22:16:57,411:12649: No my_buy_price unavailable
CRITICAL:strat7:2022-11-25 22:18:12,810:12646: Yes my_avgbuy_price unavailable
CRITICAL:strat7:2022-11-25 22:18:14,430:12646: Yes my_avgbuy_price unavailable
CRITICAL:strat7:2022-11-25 22:18:31,876:12647: Yes my_avgbuy_price unavailable
CRITICAL:strat7:2022-11-25 22:18:49,777:12648: No my_buy_price unavailable
CRITICAL:strat7:2022-11-25 22:18:52,519:12648: No my_buy_price unavailable
CRITICAL:strat7:2022-11-25 22:19:09,183:12649: No my_buy_price unavailable
CRITICAL:strat7:2022-11-25 22:19:10,820:12649: No my_buy_price unavailable
CRITICAL:strat7:2022-11-25 22:20:26,552:12646: Yes my_avgbuy_price unavailable
CRITICAL:strat7:2022-11-25 22:20:28,164:12646: Yes my_avgbuy_price unavailable
CRITICAL:strat7:2022-11-25 22:20:44,963:12647: Yes my_avgbuy_price unavailable
CRITICAL:strat7:2022-11-25 22:21:05,251:12648: No my_buy_price unavailable
CRITICAL:strat7:2022-11-25 22:21:07,345:12648: No my_buy_price unavailable
CRITICAL:strat7:2022-11-25 22:21:23,228:12649: No my_buy_price unavailable
CRITICAL:strat7:2022-11-25 22:21:24,811:12649: No my_buy_price unavailable
CRITICAL:strat7:2022-11-25 22:22:41,423:12646: Yes my_avgbuy_price unavailable
CRITICAL:strat7:2022-11-25 22:22:43,033:12646: Yes my_avgbuy_price unavailable
CRITICAL:strat7:2022-11-25 22:22:59,693:12647: Yes my_avgbuy_price unavailable
CRITICAL:strat7:2022-11-25 22:23:16,594:12648: No my_buy_price unavailable
CRITICAL:strat7:2022-11-25 22:23:19,296:12648: No my_buy_price unavailable
CRITICAL:strat7:2022-11-25 22:23:35,511:12649: No my_buy_price unavailable
CRITICAL:strat7:2022-11-25 22:23:37,089:12649: No my_buy_price unavailable
CRITICAL:strat7:2022-11-25 22:24:53,780:12646: Yes my_avgbuy_price unavailable
CRITICAL:strat7:2022-11-25 22:24:55,451:12646: Yes my_avgbuy_price unavailable
CRITICAL:strat7:2022-11-25 22:25:11,921:12647: Yes my_avgbuy_price unavailable
CRITICAL:strat7:2022-11-25 22:25:30,930:12648: No my_buy_price unavailable
CRITICAL:strat7:2022-11-25 22:25:33,625:12648: No my_buy_price unavailable
CRITICAL:strat7:2022-11-25 22:25:49,856:12649: No my_buy_price unavailable
CRITICAL:strat7:2022-11-25 22:25:51,500:12649: No my_buy_price unavailable
CRITICAL:strat7:2022-11-25 22:27:06,973:12646: Yes my_avgbuy_price unavailable
CRITICAL:strat7:2022-11-25 22:27:08,596:12646: Yes my_avgbuy_price unavailable
CRITICAL:strat7:2022-11-25 22:27:25,778:12647: Yes my_avgbuy_price unavailable
CRITICAL:strat7:2022-11-25 22:27:42,926:12648: No my_buy_price unavailable
CRITICAL:strat7:2022-11-25 22:27:45,801:12648: No my_buy_price unavailable
CRITICAL:strat7:2022-11-25 22:28:01,384:12649: No my_buy_price unavailable
CRITICAL:strat7:2022-11-25 22:28:02,986:12649: No my_buy_price unavailable
CRITICAL:strat7:2022-11-25 22:29:18,676:12646: Yes my_avgbuy_price unavailable
CRITICAL:strat7:2022-11-25 22:29:20,249:12646: Yes my_avgbuy_price unavailable
CRITICAL:strat7:2022-11-25 22:29:36,321:12647: Yes my_avgbuy_price unavailable
CRITICAL:strat7:2022-11-25 22:29:53,008:12648: No my_buy_price unavailable
CRITICAL:strat7:2022-11-25 22:29:55,723:12648: No my_buy_price unavailable
CRITICAL:strat7:2022-11-25 22:30:11,393:12649: No my_buy_price unavailable
CRITICAL:strat7:2022-11-25 22:30:12,963:12649: No my_buy_price unavailable
CRITICAL:strat7:2022-11-25 22:31:30,610:12646: Yes my_avgbuy_price unavailable
CRITICAL:strat7:2022-11-25 22:31:32,320:12646: Yes my_avgbuy_price unavailable
CRITICAL:strat7:2022-11-25 22:31:50,403:12647: Yes my_avgbuy_price unavailable
CRITICAL:strat7:2022-11-25 22:32:08,121:12648: No my_buy_price unavailable
CRITICAL:strat7:2022-11-25 22:32:10,906:12648: No my_buy_price unavailable
CRITICAL:strat7:2022-11-25 22:32:28,195:12649: No my_buy_price unavailable
CRITICAL:strat7:2022-11-25 22:32:29,771:12649: No my_buy_price unavailable
CRITICAL:strat7:2022-11-25 22:33:45,324:12646: Yes my_avgbuy_price unavailable
CRITICAL:strat7:2022-11-25 22:33:46,907:12646: Yes my_avgbuy_price unavailable
CRITICAL:strat7:2022-11-25 22:34:02,963:12647: Yes my_avgbuy_price unavailable
CRITICAL:strat7:2022-11-25 22:34:20,280:12648: No my_buy_price unavailable
CRITICAL:strat7:2022-11-25 22:34:23,112:12648: No my_buy_price unavailable
CRITICAL:strat7:2022-11-25 22:34:38,773:12649: No my_buy_price unavailable
CRITICAL:strat7:2022-11-25 22:34:40,355:12649: No my_buy_price unavailable
CRITICAL:strat7:2022-11-25 22:35:56,416:12646: Yes my_avgbuy_price unavailable
CRITICAL:strat7:2022-11-25 22:35:58,080:12646: Yes my_avgbuy_price unavailable
CRITICAL:strat7:2022-11-25 22:36:13,986:12647: Yes my_avgbuy_price unavailable
CRITICAL:strat7:2022-11-25 22:36:29,809:12648: No my_buy_price unavailable
CRITICAL:strat7:2022-11-25 22:36:31,354:12648: No my_buy_price unavailable
CRITICAL:strat7:2022-11-25 22:36:47,021:12649: No my_buy_price unavailable
CRITICAL:strat7:2022-11-25 22:36:48,686:12649: No my_buy_price unavailable
CRITICAL:strat7:2022-11-25 22:38:05,837:12646: Yes my_avgbuy_price unavailable
CRITICAL:strat7:2022-11-25 22:38:07,475:12646: Yes my_avgbuy_price unavailable
CRITICAL:strat7:2022-11-25 22:38:24,500:12647: Yes my_avgbuy_price unavailable
CRITICAL:strat7:2022-11-25 22:38:40,994:12648: No my_buy_price unavailable
CRITICAL:strat7:2022-11-25 22:38:42,963:12648: No my_buy_price unavailable
CRITICAL:strat7:2022-11-25 22:38:59,541:12649: No my_buy_price unavailable
CRITICAL:strat7:2022-11-25 22:39:01,238:12649: No my_buy_price unavailable
CRITICAL:strat7:2022-11-25 22:40:16,646:12646: Yes my_avgbuy_price unavailable
CRITICAL:strat7:2022-11-25 22:40:18,288:12646: Yes my_avgbuy_price unavailable
CRITICAL:strat7:2022-11-25 22:40:33,940:12647: Yes my_avgbuy_price unavailable
CRITICAL:strat7:2022-11-25 22:40:50,867:12648: No my_buy_price unavailable
CRITICAL:strat7:2022-11-25 22:40:52,573:12648: No my_buy_price unavailable
CRITICAL:strat7:2022-11-25 22:41:08,243:12649: No my_buy_price unavailable
CRITICAL:strat7:2022-11-25 22:41:09,868:12649: No my_buy_price unavailable
CRITICAL:strat7:2022-11-25 22:42:25,661:12646: Yes my_avgbuy_price unavailable
CRITICAL:strat7:2022-11-25 22:42:27,234:12646: Yes my_avgbuy_price unavailable
CRITICAL:strat7:2022-11-25 22:42:43,626:12647: Yes my_avgbuy_price unavailable
CRITICAL:strat7:2022-11-25 22:42:59,797:12648: No my_buy_price unavailable
CRITICAL:strat7:2022-11-25 22:43:01,392:12648: No my_buy_price unavailable
CRITICAL:strat7:2022-11-25 22:43:17,819:12649: No my_buy_price unavailable
CRITICAL:strat7:2022-11-25 22:43:19,447:12649: No my_buy_price unavailable
CRITICAL:strat7:2022-11-25 22:44:36,624:12646: Yes my_avgbuy_price unavailable
CRITICAL:strat7:2022-11-25 22:44:38,308:12646: Yes my_avgbuy_price unavailable
CRITICAL:strat7:2022-11-25 22:44:56,334:12647: Yes my_avgbuy_price unavailable
CRITICAL:strat7:2022-11-25 22:45:12,799:12648: No my_buy_price unavailable
CRITICAL:strat7:2022-11-25 22:45:14,470:12648: No my_buy_price unavailable
CRITICAL:strat7:2022-11-25 22:45:31,196:12649: No my_buy_price unavailable
CRITICAL:strat7:2022-11-25 22:45:32,832:12649: No my_buy_price unavailable
CRITICAL:strat7:2022-11-25 22:46:48,850:12646: Yes my_avgbuy_price unavailable
CRITICAL:strat7:2022-11-25 22:46:50,459:12646: Yes my_avgbuy_price unavailable
CRITICAL:strat7:2022-11-25 22:47:06,660:12647: Yes my_avgbuy_price unavailable
CRITICAL:strat7:2022-11-25 22:47:23,955:12648: No my_buy_price unavailable
CRITICAL:strat7:2022-11-25 22:47:25,585:12648: No my_buy_price unavailable
CRITICAL:strat7:2022-11-25 22:47:41,310:12649: No my_buy_price unavailable
CRITICAL:strat7:2022-11-25 22:47:42,841:12649: No my_buy_price unavailable
CRITICAL:strat7:2022-11-25 22:48:58,748:12646: Yes my_avgbuy_price unavailable
CRITICAL:strat7:2022-11-25 22:49:00,447:12646: Yes my_avgbuy_price unavailable
CRITICAL:strat7:2022-11-25 22:49:15,957:12647: Yes my_avgbuy_price unavailable
CRITICAL:strat7:2022-11-25 22:49:31,906:12648: No my_buy_price unavailable
CRITICAL:strat7:2022-11-25 22:49:33,528:12648: No my_buy_price unavailable
CRITICAL:strat7:2022-11-25 22:49:49,237:12649: Yes my_avgbuy_price unavailable
CRITICAL:strat7:2022-11-25 22:49:52,140:12649: Yes my_avgbuy_price unavailable
CRITICAL:strat7:2022-11-25 22:51:08,038:12646: Yes my_avgbuy_price unavailable
CRITICAL:strat7:2022-11-25 22:51:09,788:12646: Yes my_avgbuy_price unavailable
CRITICAL:strat7:2022-11-25 22:51:27,068:12647: Yes my_avgbuy_price unavailable
CRITICAL:strat7:2022-11-25 22:51:43,693:12648: No my_buy_price unavailable
CRITICAL:strat7:2022-11-25 22:51:45,368:12648: No my_buy_price unavailable
CRITICAL:strat7:2022-11-25 22:52:02,756:12649: Yes my_avgbuy_price unavailable
CRITICAL:strat7:2022-11-25 22:52:04,354:12649: Yes my_avgbuy_price unavailable
CRITICAL:strat7:2022-11-25 22:53:20,277:12646: Yes my_avgbuy_price unavailable
CRITICAL:strat7:2022-11-25 22:53:21,971:12646: Yes my_avgbuy_price unavailable
CRITICAL:strat7:2022-11-25 22:53:38,099:12647: Yes my_avgbuy_price unavailable
CRITICAL:strat7:2022-11-25 22:53:54,343:12648: No my_buy_price unavailable
CRITICAL:strat7:2022-11-25 22:53:55,929:12648: No my_buy_price unavailable
CRITICAL:strat7:2022-11-25 22:54:11,905:12649: Yes my_avgbuy_price unavailable
CRITICAL:strat7:2022-11-25 22:54:13,487:12649: Yes my_avgbuy_price unavailable
CRITICAL:strat7:2022-11-25 22:55:29,893:12646: Yes my_avgbuy_price unavailable
CRITICAL:strat7:2022-11-25 22:55:31,755:12646: Yes my_avgbuy_price unavailable
CRITICAL:strat7:2022-11-25 22:55:48,921:12647: Yes my_avgbuy_price unavailable
CRITICAL:strat7:2022-11-25 22:56:08,564:12648: No my_buy_price unavailable
CRITICAL:strat7:2022-11-25 22:56:10,191:12648: No my_buy_price unavailable
CRITICAL:strat7:2022-11-25 22:56:27,871:12649: Yes my_avgbuy_price unavailable
CRITICAL:strat7:2022-11-25 22:56:29,448:12649: Yes my_avgbuy_price unavailable
CRITICAL:strat7:2022-11-25 22:57:48,432:12646: Yes my_avgbuy_price unavailable
CRITICAL:strat7:2022-11-25 22:57:50,462:12646: Yes my_avgbuy_price unavailable
CRITICAL:strat7:2022-11-25 22:58:08,764:12647: Yes my_avgbuy_price unavailable
CRITICAL:strat7:2022-11-25 22:58:27,763:12648: No my_buy_price unavailable
CRITICAL:strat7:2022-11-25 22:58:29,806:12648: No my_buy_price unavailable
CRITICAL:strat7:2022-11-25 22:58:47,953:12649: No my_buy_price unavailable
CRITICAL:strat7:2022-11-25 22:58:49,558:12649: No my_buy_price unavailable
CRITICAL:strat7:2022-11-25 23:00:05,704:12646: Yes my_avgbuy_price unavailable
CRITICAL:strat7:2022-11-25 23:00:07,382:12646: Yes my_avgbuy_price unavailable
CRITICAL:strat7:2022-11-25 23:00:24,583:12647: Yes my_avgbuy_price unavailable
CRITICAL:strat7:2022-11-25 23:00:26,221:12647: Yes my_avgbuy_price unavailable
CRITICAL:strat7:2022-11-25 23:00:43,613:12648: No my_buy_price unavailable
CRITICAL:strat7:2022-11-25 23:00:45,267:12648: No my_buy_price unavailable
CRITICAL:strat7:2022-11-25 23:01:01,977:12649: Yes my_avgbuy_price unavailable
CRITICAL:strat7:2022-11-25 23:01:03,562:12649: Yes my_avgbuy_price unavailable
