INFO:strat7:2022-12-19 15:03:34,267:14233: Initialising event
CRITICAL:strat7:2022-12-19 15:04:11,928:14233: Yes my_avgbuy_price unavailable
CRITICAL:strat7:2022-12-19 15:04:13,972:14233: Yes my_avgbuy_price unavailable
WARNING:strat7:2022-12-19 15:04:15,138:14233: last_values_dict empty
INFO:strat7:2022-12-19 15:04:21,376:14234: Initialising event
CRITICAL:strat7:2022-12-19 15:04:46,907:14234: Yes my_avgbuy_price unavailable
CRITICAL:strat7:2022-12-19 15:04:49,582:14234: Yes my_avgbuy_price unavailable
WARNING:strat7:2022-12-19 15:04:50,816:14234: last_values_dict empty
INFO:strat7:2022-12-19 15:04:56,932:14235: Initialising event
INFO:strat7:2022-12-19 15:05:18,792:14236: Initialising event
CRITICAL:strat7:2022-12-19 15:05:40,641:14236: Yes my_avgbuy_price unavailable
CRITICAL:strat7:2022-12-19 15:05:42,608:14236: Yes my_avgbuy_price unavailable
WARNING:strat7:2022-12-19 15:05:43,775:14236: last_values_dict empty
INFO:strat7:2022-12-19 15:05:49,840:14237: Initialising event
CRITICAL:strat7:2022-12-19 15:06:12,239:14237: Yes my_avgbuy_price unavailable
CRITICAL:strat7:2022-12-19 15:06:14,218:14237: Yes my_avgbuy_price unavailable
WARNING:strat7:2022-12-19 15:06:15,461:14237: last_values_dict empty
INFO:strat7:2022-12-19 15:06:21,801:14238: Initialising event
INFO:strat7:2022-12-19 15:06:44,401:14239: Initialising event
INFO:strat7:2022-12-19 15:07:10,737:14240: Initialising event
WARNING:strat7:2022-12-19 15:07:39,811:14240: last_values_dict empty
CRITICAL:strat7:2022-12-19 15:08:09,704:14233: Yes my_avgbuy_price unavailable
CRITICAL:strat7:2022-12-19 15:08:11,782:14233: Yes my_avgbuy_price unavailable
CRITICAL:strat7:2022-12-19 15:08:14,700:14233: Yes my_avgbuy_price unavailable
CRITICAL:strat7:2022-12-19 15:08:16,700:14233: Yes my_avgbuy_price unavailable
CRITICAL:strat7:2022-12-19 15:08:47,062:14234: Yes my_avgbuy_price unavailable
CRITICAL:strat7:2022-12-19 15:08:49,259:14234: Yes my_avgbuy_price unavailable
CRITICAL:strat7:2022-12-19 15:08:53,329:14234: Yes my_avgbuy_price unavailable
CRITICAL:strat7:2022-12-19 15:08:55,328:14234: Yes my_avgbuy_price unavailable
CRITICAL:strat7:2022-12-19 15:09:41,481:14236: Yes my_avgbuy_price unavailable
CRITICAL:strat7:2022-12-19 15:09:43,509:14236: Yes my_avgbuy_price unavailable
CRITICAL:strat7:2022-12-19 15:09:45,885:14236: Yes my_avgbuy_price unavailable
CRITICAL:strat7:2022-12-19 15:09:47,935:14236: Yes my_avgbuy_price unavailable
CRITICAL:strat7:2022-12-19 15:10:15,284:14237: Yes my_avgbuy_price unavailable
CRITICAL:strat7:2022-12-19 15:10:17,343:14237: Yes my_avgbuy_price unavailable
CRITICAL:strat7:2022-12-19 15:10:19,618:14237: Yes my_avgbuy_price unavailable
CRITICAL:strat7:2022-12-19 15:10:21,604:14237: Yes my_avgbuy_price unavailable
CRITICAL:strat7:2022-12-19 15:11:06,566:14239: No my_buy_price unavailable
CRITICAL:strat7:2022-12-19 15:11:08,502:14239: No my_buy_price unavailable
WARNING:strat7:2022-12-19 15:11:09,637:14239: last_values_dict empty
CRITICAL:strat7:2022-12-19 15:11:47,406:14240: No my_buy_price unavailable
CRITICAL:strat7:2022-12-19 15:11:49,549:14240: No my_buy_price unavailable
INFO:strat7:2022-12-19 15:14:31,738:14233: Initialising event
WARNING:strat7:2022-12-19 15:16:04,738:14233: last_values_dict empty
INFO:strat7:2022-12-19 15:16:10,790:14234: Initialising event
CRITICAL:strat7:2022-12-19 15:16:40,512:14234: Yes my_avgbuy_price unavailable
CRITICAL:strat7:2022-12-19 15:16:42,611:14234: Yes my_avgbuy_price unavailable
WARNING:strat7:2022-12-19 15:16:43,719:14234: last_values_dict empty
INFO:strat7:2022-12-19 15:16:49,544:14235: Initialising event
CRITICAL:strat7:2022-12-19 15:17:17,683:14235: Yes my_avgbuy_price unavailable
CRITICAL:strat7:2022-12-19 15:17:19,716:14235: Yes my_avgbuy_price unavailable
WARNING:strat7:2022-12-19 15:17:20,973:14235: last_values_dict empty
INFO:strat7:2022-12-19 15:17:27,069:14236: Initialising event
CRITICAL:strat7:2022-12-19 15:17:53,734:14236: Yes my_avgbuy_price unavailable
CRITICAL:strat7:2022-12-19 15:17:55,842:14236: Yes my_avgbuy_price unavailable
WARNING:strat7:2022-12-19 15:17:57,100:14236: last_values_dict empty
INFO:strat7:2022-12-19 15:18:02,963:14237: Initialising event
CRITICAL:strat7:2022-12-19 15:18:28,020:14237: Yes my_avgbuy_price unavailable
CRITICAL:strat7:2022-12-19 15:18:29,996:14237: Yes my_avgbuy_price unavailable
WARNING:strat7:2022-12-19 15:18:31,207:14237: last_values_dict empty
INFO:strat7:2022-12-19 15:18:37,115:14238: Initialising event
CRITICAL:strat7:2022-12-19 15:18:59,864:14238: Yes my_avgbuy_price unavailable
CRITICAL:strat7:2022-12-19 15:19:02,074:14238: Yes my_avgbuy_price unavailable
WARNING:strat7:2022-12-19 15:19:03,290:14238: last_values_dict empty
INFO:strat7:2022-12-19 15:19:09,384:14239: Initialising event
CRITICAL:strat7:2022-12-19 15:19:34,555:14239: Yes my_avgbuy_price unavailable
CRITICAL:strat7:2022-12-19 15:19:36,794:14239: Yes my_avgbuy_price unavailable
WARNING:strat7:2022-12-19 15:19:38,105:14239: last_values_dict empty
INFO:strat7:2022-12-19 15:19:43,990:14240: Initialising event
CRITICAL:strat7:2022-12-19 15:20:16,173:14240: No my_buy_price unavailable
CRITICAL:strat7:2022-12-19 15:20:18,458:14240: No my_buy_price unavailable
WARNING:strat7:2022-12-19 15:20:19,789:14240: last_values_dict empty
CRITICAL:strat7:2022-12-19 15:21:22,890:14234: Yes my_avgbuy_price unavailable
CRITICAL:strat7:2022-12-19 15:21:25,454:14234: Yes my_avgbuy_price unavailable
CRITICAL:strat7:2022-12-19 15:21:28,840:14234: Yes my_avgbuy_price unavailable
CRITICAL:strat7:2022-12-19 15:21:31,326:14234: Yes my_avgbuy_price unavailable
CRITICAL:strat7:2022-12-19 15:22:03,634:14235: Yes my_avgbuy_price unavailable
CRITICAL:strat7:2022-12-19 15:22:06,133:14235: Yes my_avgbuy_price unavailable
CRITICAL:strat7:2022-12-19 15:22:09,059:14235: Yes my_avgbuy_price unavailable
CRITICAL:strat7:2022-12-19 15:22:11,597:14235: Yes my_avgbuy_price unavailable
CRITICAL:strat7:2022-12-19 15:22:47,066:14236: Yes my_avgbuy_price unavailable
CRITICAL:strat7:2022-12-19 15:22:49,618:14236: Yes my_avgbuy_price unavailable
CRITICAL:strat7:2022-12-19 15:22:52,762:14236: Yes my_avgbuy_price unavailable
CRITICAL:strat7:2022-12-19 15:22:55,344:14236: Yes my_avgbuy_price unavailable
CRITICAL:strat7:2022-12-19 15:23:22,848:14237: Yes my_avgbuy_price unavailable
CRITICAL:strat7:2022-12-19 15:23:25,074:14237: Yes my_avgbuy_price unavailable
CRITICAL:strat7:2022-12-19 15:23:29,285:14237: Yes my_avgbuy_price unavailable
CRITICAL:strat7:2022-12-19 15:23:31,378:14237: Yes my_avgbuy_price unavailable
CRITICAL:strat7:2022-12-19 15:24:02,325:14238: Yes my_avgbuy_price unavailable
CRITICAL:strat7:2022-12-19 15:24:04,523:14238: Yes my_avgbuy_price unavailable
CRITICAL:strat7:2022-12-19 15:24:06,962:14238: Yes my_avgbuy_price unavailable
CRITICAL:strat7:2022-12-19 15:24:09,093:14238: Yes my_avgbuy_price unavailable
CRITICAL:strat7:2022-12-19 15:24:37,712:14239: No my_buy_price unavailable
CRITICAL:strat7:2022-12-19 15:24:39,922:14239: No my_buy_price unavailable
CRITICAL:strat7:2022-12-19 15:24:43,385:14239: No my_buy_price unavailable
CRITICAL:strat7:2022-12-19 15:24:45,766:14239: No my_buy_price unavailable
CRITICAL:strat7:2022-12-19 15:25:18,517:14240: No my_buy_price unavailable
CRITICAL:strat7:2022-12-19 15:25:20,713:14240: No my_buy_price unavailable
CRITICAL:strat7:2022-12-19 15:25:24,074:14240: No my_buy_price unavailable
CRITICAL:strat7:2022-12-19 15:25:26,326:14240: No my_buy_price unavailable
CRITICAL:strat7:2022-12-19 15:27:43,324:14234: Yes my_avgbuy_price unavailable
CRITICAL:strat7:2022-12-19 15:27:45,480:14234: Yes my_avgbuy_price unavailable
CRITICAL:strat7:2022-12-19 15:27:48,511:14234: Yes my_avgbuy_price unavailable
CRITICAL:strat7:2022-12-19 15:27:50,502:14234: Yes my_avgbuy_price unavailable
CRITICAL:strat7:2022-12-19 15:28:21,407:14235: Yes my_avgbuy_price unavailable
CRITICAL:strat7:2022-12-19 15:28:23,636:14235: Yes my_avgbuy_price unavailable
CRITICAL:strat7:2022-12-19 15:28:26,037:14235: Yes my_avgbuy_price unavailable
CRITICAL:strat7:2022-12-19 15:28:28,344:14235: Yes my_avgbuy_price unavailable
CRITICAL:strat7:2022-12-19 15:29:00,434:14236: Yes my_avgbuy_price unavailable
CRITICAL:strat7:2022-12-19 15:29:02,657:14236: Yes my_avgbuy_price unavailable
CRITICAL:strat7:2022-12-19 15:29:05,715:14236: Yes my_avgbuy_price unavailable
CRITICAL:strat7:2022-12-19 15:29:07,795:14236: Yes my_avgbuy_price unavailable
CRITICAL:strat7:2022-12-19 15:29:35,442:14237: Yes my_avgbuy_price unavailable
CRITICAL:strat7:2022-12-19 15:29:37,477:14237: Yes my_avgbuy_price unavailable
CRITICAL:strat7:2022-12-19 15:29:40,261:14237: Yes my_avgbuy_price unavailable
CRITICAL:strat7:2022-12-19 15:29:43,062:14237: Yes my_avgbuy_price unavailable
CRITICAL:strat7:2022-12-19 15:30:12,501:14238: Yes my_avgbuy_price unavailable
CRITICAL:strat7:2022-12-19 15:30:15,181:14238: Yes my_avgbuy_price unavailable
CRITICAL:strat7:2022-12-19 15:30:17,751:14238: Yes my_avgbuy_price unavailable
CRITICAL:strat7:2022-12-19 15:30:19,936:14238: Yes my_avgbuy_price unavailable
CRITICAL:strat7:2022-12-19 15:30:48,895:14239: No my_buy_price unavailable
CRITICAL:strat7:2022-12-19 15:30:51,154:14239: No my_buy_price unavailable
CRITICAL:strat7:2022-12-19 15:30:54,453:14239: No my_buy_price unavailable
CRITICAL:strat7:2022-12-19 15:30:56,494:14239: No my_buy_price unavailable
CRITICAL:strat7:2022-12-19 15:31:30,875:14240: No my_buy_price unavailable
CRITICAL:strat7:2022-12-19 15:31:33,622:14240: No my_buy_price unavailable
CRITICAL:strat7:2022-12-19 15:31:38,366:14240: No my_buy_price unavailable
CRITICAL:strat7:2022-12-19 15:31:40,422:14240: No my_buy_price unavailable
CRITICAL:strat7:2022-12-19 15:33:11,826:14233: No my_buy_price unavailable
CRITICAL:strat7:2022-12-19 15:33:13,961:14233: No my_buy_price unavailable
CRITICAL:strat7:2022-12-19 15:33:16,999:14233: No my_buy_price unavailable
CRITICAL:strat7:2022-12-19 15:33:19,669:14233: No my_buy_price unavailable
CRITICAL:strat7:2022-12-19 15:33:51,933:14234: Yes my_avgbuy_price unavailable
CRITICAL:strat7:2022-12-19 15:33:54,517:14234: Yes my_avgbuy_price unavailable
CRITICAL:strat7:2022-12-19 15:33:58,384:14234: Yes my_avgbuy_price unavailable
CRITICAL:strat7:2022-12-19 15:34:00,655:14234: Yes my_avgbuy_price unavailable
CRITICAL:strat7:2022-12-19 15:34:27,613:14235: Yes my_avgbuy_price unavailable
CRITICAL:strat7:2022-12-19 15:34:30,654:14235: Yes my_avgbuy_price unavailable
CRITICAL:strat7:2022-12-19 15:34:34,057:14235: Yes my_avgbuy_price unavailable
CRITICAL:strat7:2022-12-19 15:34:36,164:14235: Yes my_avgbuy_price unavailable
CRITICAL:strat7:2022-12-19 15:35:03,589:14236: Yes my_avgbuy_price unavailable
CRITICAL:strat7:2022-12-19 15:35:05,577:14236: Yes my_avgbuy_price unavailable
CRITICAL:strat7:2022-12-19 15:35:08,864:14236: Yes my_avgbuy_price unavailable
CRITICAL:strat7:2022-12-19 15:35:10,889:14236: Yes my_avgbuy_price unavailable
CRITICAL:strat7:2022-12-19 15:35:36,602:14237: Yes my_avgbuy_price unavailable
CRITICAL:strat7:2022-12-19 15:35:38,559:14237: Yes my_avgbuy_price unavailable
CRITICAL:strat7:2022-12-19 15:35:40,910:14237: Yes my_avgbuy_price unavailable
CRITICAL:strat7:2022-12-19 15:35:42,939:14237: Yes my_avgbuy_price unavailable
CRITICAL:strat7:2022-12-19 15:36:10,002:14238: Yes my_avgbuy_price unavailable
CRITICAL:strat7:2022-12-19 15:36:12,012:14238: Yes my_avgbuy_price unavailable
CRITICAL:strat7:2022-12-19 15:36:14,371:14238: Yes my_avgbuy_price unavailable
CRITICAL:strat7:2022-12-19 15:36:16,361:14238: Yes my_avgbuy_price unavailable
CRITICAL:strat7:2022-12-19 15:36:43,144:14239: No my_buy_price unavailable
CRITICAL:strat7:2022-12-19 15:36:45,151:14239: No my_buy_price unavailable
CRITICAL:strat7:2022-12-19 15:36:48,012:14239: No my_buy_price unavailable
CRITICAL:strat7:2022-12-19 15:36:50,207:14239: No my_buy_price unavailable
CRITICAL:strat7:2022-12-19 15:37:21,256:14240: Yes my_avgbuy_price unavailable
CRITICAL:strat7:2022-12-19 15:37:23,375:14240: Yes my_avgbuy_price unavailable
CRITICAL:strat7:2022-12-19 15:37:25,865:14240: Yes my_avgbuy_price unavailable
CRITICAL:strat7:2022-12-19 15:37:27,970:14240: Yes my_avgbuy_price unavailable
CRITICAL:strat7:2022-12-19 15:39:14,052:14233: Yes my_avgbuy_price unavailable
CRITICAL:strat7:2022-12-19 15:39:44,600:14234: Yes my_avgbuy_price unavailable
CRITICAL:strat7:2022-12-19 15:39:46,692:14234: Yes my_avgbuy_price unavailable
CRITICAL:strat7:2022-12-19 15:39:49,923:14234: Yes my_avgbuy_price unavailable
CRITICAL:strat7:2022-12-19 15:39:52,057:14234: Yes my_avgbuy_price unavailable
CRITICAL:strat7:2022-12-19 15:40:22,524:14235: Yes my_avgbuy_price unavailable
CRITICAL:strat7:2022-12-19 15:40:24,798:14235: Yes my_avgbuy_price unavailable
CRITICAL:strat7:2022-12-19 15:40:28,380:14235: Yes my_avgbuy_price unavailable
CRITICAL:strat7:2022-12-19 15:40:30,547:14235: Yes my_avgbuy_price unavailable
CRITICAL:strat7:2022-12-19 15:41:03,783:14236: Yes my_avgbuy_price unavailable
CRITICAL:strat7:2022-12-19 15:41:05,865:14236: Yes my_avgbuy_price unavailable
CRITICAL:strat7:2022-12-19 15:41:09,610:14236: Yes my_avgbuy_price unavailable
CRITICAL:strat7:2022-12-19 15:41:12,093:14236: Yes my_avgbuy_price unavailable
CRITICAL:strat7:2022-12-19 15:41:38,688:14237: Yes my_avgbuy_price unavailable
CRITICAL:strat7:2022-12-19 15:41:40,985:14237: Yes my_avgbuy_price unavailable
CRITICAL:strat7:2022-12-19 15:41:43,825:14237: Yes my_avgbuy_price unavailable
CRITICAL:strat7:2022-12-19 15:41:46,151:14237: Yes my_avgbuy_price unavailable
CRITICAL:strat7:2022-12-19 15:42:11,435:14238: Yes my_avgbuy_price unavailable
CRITICAL:strat7:2022-12-19 15:42:13,822:14238: Yes my_avgbuy_price unavailable
CRITICAL:strat7:2022-12-19 15:42:16,587:14238: Yes my_avgbuy_price unavailable
CRITICAL:strat7:2022-12-19 15:42:18,908:14238: Yes my_avgbuy_price unavailable
CRITICAL:strat7:2022-12-19 15:42:48,742:14239: No my_buy_price unavailable
CRITICAL:strat7:2022-12-19 15:42:50,969:14239: No my_buy_price unavailable
CRITICAL:strat7:2022-12-19 15:42:54,424:14239: No my_buy_price unavailable
CRITICAL:strat7:2022-12-19 15:42:57,548:14239: No my_buy_price unavailable
CRITICAL:strat7:2022-12-19 15:43:27,827:14240: Yes my_avgbuy_price unavailable
CRITICAL:strat7:2022-12-19 15:43:29,896:14240: Yes my_avgbuy_price unavailable
CRITICAL:strat7:2022-12-19 15:43:32,447:14240: Yes my_avgbuy_price unavailable
CRITICAL:strat7:2022-12-19 15:43:34,777:14240: Yes my_avgbuy_price unavailable
CRITICAL:strat7:2022-12-19 15:45:57,305:14234: Yes my_avgbuy_price unavailable
CRITICAL:strat7:2022-12-19 15:45:59,685:14234: Yes my_avgbuy_price unavailable
CRITICAL:strat7:2022-12-19 15:46:03,268:14234: Yes my_avgbuy_price unavailable
CRITICAL:strat7:2022-12-19 15:46:05,963:14234: Yes my_avgbuy_price unavailable
CRITICAL:strat7:2022-12-19 15:46:40,173:14235: Yes my_avgbuy_price unavailable
CRITICAL:strat7:2022-12-19 15:46:42,722:14235: Yes my_avgbuy_price unavailable
CRITICAL:strat7:2022-12-19 15:46:46,163:14235: Yes my_avgbuy_price unavailable
CRITICAL:strat7:2022-12-19 15:46:48,868:14235: Yes my_avgbuy_price unavailable
CRITICAL:strat7:2022-12-19 15:47:20,080:14236: Yes my_avgbuy_price unavailable
CRITICAL:strat7:2022-12-19 15:47:22,409:14236: Yes my_avgbuy_price unavailable
CRITICAL:strat7:2022-12-19 15:47:25,736:14236: Yes my_avgbuy_price unavailable
CRITICAL:strat7:2022-12-19 15:47:28,253:14236: Yes my_avgbuy_price unavailable
CRITICAL:strat7:2022-12-19 15:48:00,351:14237: Yes my_avgbuy_price unavailable
CRITICAL:strat7:2022-12-19 15:48:02,618:14237: Yes my_avgbuy_price unavailable
CRITICAL:strat7:2022-12-19 15:48:05,589:14237: Yes my_avgbuy_price unavailable
CRITICAL:strat7:2022-12-19 15:48:08,057:14237: Yes my_avgbuy_price unavailable
CRITICAL:strat7:2022-12-19 15:48:43,753:14238: No my_buy_price unavailable
CRITICAL:strat7:2022-12-19 15:48:46,294:14238: No my_buy_price unavailable
CRITICAL:strat7:2022-12-19 15:48:50,104:14238: No my_buy_price unavailable
CRITICAL:strat7:2022-12-19 15:48:52,394:14238: No my_buy_price unavailable
CRITICAL:strat7:2022-12-19 15:49:22,406:14239: No my_buy_price unavailable
CRITICAL:strat7:2022-12-19 15:49:24,646:14239: No my_buy_price unavailable
CRITICAL:strat7:2022-12-19 15:49:27,672:14239: No my_buy_price unavailable
CRITICAL:strat7:2022-12-19 15:49:29,618:14239: No my_buy_price unavailable
CRITICAL:strat7:2022-12-19 15:50:01,111:14240: Yes my_avgbuy_price unavailable
CRITICAL:strat7:2022-12-19 15:50:03,136:14240: Yes my_avgbuy_price unavailable
CRITICAL:strat7:2022-12-19 15:50:05,584:14240: Yes my_avgbuy_price unavailable
CRITICAL:strat7:2022-12-19 15:50:07,646:14240: Yes my_avgbuy_price unavailable
CRITICAL:strat7:2022-12-19 15:51:40,966:14233: Yes my_avgbuy_price unavailable
CRITICAL:strat7:2022-12-19 15:51:43,421:14233: Yes my_avgbuy_price unavailable
CRITICAL:strat7:2022-12-19 15:51:46,792:14233: Yes my_avgbuy_price unavailable
CRITICAL:strat7:2022-12-19 15:51:48,909:14233: Yes my_avgbuy_price unavailable
CRITICAL:strat7:2022-12-19 15:52:15,737:14234: Yes my_avgbuy_price unavailable
CRITICAL:strat7:2022-12-19 15:52:17,993:14234: Yes my_avgbuy_price unavailable
CRITICAL:strat7:2022-12-19 15:52:20,910:14234: Yes my_avgbuy_price unavailable
CRITICAL:strat7:2022-12-19 15:52:22,987:14234: Yes my_avgbuy_price unavailable
CRITICAL:strat7:2022-12-19 15:52:53,450:14235: Yes my_avgbuy_price unavailable
CRITICAL:strat7:2022-12-19 15:52:55,918:14235: Yes my_avgbuy_price unavailable
CRITICAL:strat7:2022-12-19 15:52:59,479:14235: Yes my_avgbuy_price unavailable
CRITICAL:strat7:2022-12-19 15:53:01,607:14235: Yes my_avgbuy_price unavailable
CRITICAL:strat7:2022-12-19 15:53:28,322:14236: Yes my_avgbuy_price unavailable
CRITICAL:strat7:2022-12-19 15:53:30,327:14236: Yes my_avgbuy_price unavailable
CRITICAL:strat7:2022-12-19 15:53:33,844:14236: Yes my_avgbuy_price unavailable
CRITICAL:strat7:2022-12-19 15:53:35,965:14236: Yes my_avgbuy_price unavailable
CRITICAL:strat7:2022-12-19 15:54:05,458:14237: Yes my_avgbuy_price unavailable
CRITICAL:strat7:2022-12-19 15:54:07,579:14237: Yes my_avgbuy_price unavailable
CRITICAL:strat7:2022-12-19 15:54:10,527:14237: Yes my_avgbuy_price unavailable
CRITICAL:strat7:2022-12-19 15:54:12,633:14237: Yes my_avgbuy_price unavailable
CRITICAL:strat7:2022-12-19 15:54:38,697:14238: No my_buy_price unavailable
CRITICAL:strat7:2022-12-19 15:54:40,725:14238: No my_buy_price unavailable
CRITICAL:strat7:2022-12-19 15:54:43,834:14238: No my_buy_price unavailable
CRITICAL:strat7:2022-12-19 15:54:45,985:14238: No my_buy_price unavailable
CRITICAL:strat7:2022-12-19 15:55:47,058:14240: Yes my_avgbuy_price unavailable
CRITICAL:strat7:2022-12-19 15:55:49,105:14240: Yes my_avgbuy_price unavailable
CRITICAL:strat7:2022-12-19 15:55:51,941:14240: Yes my_avgbuy_price unavailable
CRITICAL:strat7:2022-12-19 15:55:54,192:14240: Yes my_avgbuy_price unavailable
CRITICAL:strat7:2022-12-19 15:57:20,760:14233: Yes my_avgbuy_price unavailable
CRITICAL:strat7:2022-12-19 15:57:22,855:14233: Yes my_avgbuy_price unavailable
CRITICAL:strat7:2022-12-19 15:57:25,935:14233: Yes my_avgbuy_price unavailable
CRITICAL:strat7:2022-12-19 15:57:28,163:14233: Yes my_avgbuy_price unavailable
CRITICAL:strat7:2022-12-19 15:57:55,027:14234: Yes my_avgbuy_price unavailable
CRITICAL:strat7:2022-12-19 15:57:57,258:14234: Yes my_avgbuy_price unavailable
CRITICAL:strat7:2022-12-19 15:58:00,276:14234: Yes my_avgbuy_price unavailable
CRITICAL:strat7:2022-12-19 15:58:02,348:14234: Yes my_avgbuy_price unavailable
CRITICAL:strat7:2022-12-19 15:58:30,103:14235: Yes my_avgbuy_price unavailable
CRITICAL:strat7:2022-12-19 15:58:32,162:14235: Yes my_avgbuy_price unavailable
CRITICAL:strat7:2022-12-19 15:58:35,086:14235: Yes my_avgbuy_price unavailable
CRITICAL:strat7:2022-12-19 15:58:37,234:14235: Yes my_avgbuy_price unavailable
CRITICAL:strat7:2022-12-19 15:59:04,140:14236: Yes my_avgbuy_price unavailable
CRITICAL:strat7:2022-12-19 15:59:06,253:14236: Yes my_avgbuy_price unavailable
CRITICAL:strat7:2022-12-19 15:59:09,710:14236: Yes my_avgbuy_price unavailable
CRITICAL:strat7:2022-12-19 15:59:11,921:14236: Yes my_avgbuy_price unavailable
CRITICAL:strat7:2022-12-19 15:59:39,376:14237: Yes my_avgbuy_price unavailable
CRITICAL:strat7:2022-12-19 15:59:41,466:14237: Yes my_avgbuy_price unavailable
CRITICAL:strat7:2022-12-19 15:59:44,387:14237: Yes my_avgbuy_price unavailable
CRITICAL:strat7:2022-12-19 15:59:46,574:14237: Yes my_avgbuy_price unavailable
CRITICAL:strat7:2022-12-19 16:00:13,064:14238: No my_buy_price unavailable
CRITICAL:strat7:2022-12-19 16:00:15,103:14238: No my_buy_price unavailable
CRITICAL:strat7:2022-12-19 16:00:18,097:14238: No my_buy_price unavailable
CRITICAL:strat7:2022-12-19 16:00:21,038:14238: No my_buy_price unavailable
CRITICAL:strat7:2022-12-19 16:01:28,066:14240: No my_buy_price unavailable
CRITICAL:strat7:2022-12-19 16:01:30,231:14240: No my_buy_price unavailable
CRITICAL:strat7:2022-12-19 16:01:34,718:14240: No my_buy_price unavailable
CRITICAL:strat7:2022-12-19 16:01:37,420:14240: No my_buy_price unavailable
CRITICAL:strat7:2022-12-19 16:03:06,110:14233: Yes my_avgbuy_price unavailable
CRITICAL:strat7:2022-12-19 16:03:08,603:14233: Yes my_avgbuy_price unavailable
CRITICAL:strat7:2022-12-19 16:03:11,904:14233: Yes my_avgbuy_price unavailable
CRITICAL:strat7:2022-12-19 16:03:14,332:14233: Yes my_avgbuy_price unavailable
CRITICAL:strat7:2022-12-19 16:03:46,223:14234: Yes my_avgbuy_price unavailable
CRITICAL:strat7:2022-12-19 16:03:48,723:14234: Yes my_avgbuy_price unavailable
CRITICAL:strat7:2022-12-19 16:03:52,358:14234: Yes my_avgbuy_price unavailable
CRITICAL:strat7:2022-12-19 16:03:54,775:14234: Yes my_avgbuy_price unavailable
CRITICAL:strat7:2022-12-19 16:04:25,557:14235: Yes my_avgbuy_price unavailable
CRITICAL:strat7:2022-12-19 16:04:27,597:14235: Yes my_avgbuy_price unavailable
CRITICAL:strat7:2022-12-19 16:04:31,302:14235: Yes my_avgbuy_price unavailable
CRITICAL:strat7:2022-12-19 16:04:33,815:14235: Yes my_avgbuy_price unavailable
CRITICAL:strat7:2022-12-19 16:05:08,966:14236: Yes my_avgbuy_price unavailable
CRITICAL:strat7:2022-12-19 16:05:11,638:14236: Yes my_avgbuy_price unavailable
CRITICAL:strat7:2022-12-19 16:05:15,443:14236: Yes my_avgbuy_price unavailable
CRITICAL:strat7:2022-12-19 16:05:17,771:14236: Yes my_avgbuy_price unavailable
CRITICAL:strat7:2022-12-19 16:05:45,940:14237: Yes my_avgbuy_price unavailable
CRITICAL:strat7:2022-12-19 16:05:48,604:14237: Yes my_avgbuy_price unavailable
CRITICAL:strat7:2022-12-19 16:05:52,342:14237: Yes my_avgbuy_price unavailable
CRITICAL:strat7:2022-12-19 16:05:54,645:14237: Yes my_avgbuy_price unavailable
CRITICAL:strat7:2022-12-19 16:06:22,873:14238: No my_buy_price unavailable
CRITICAL:strat7:2022-12-19 16:06:25,049:14238: No my_buy_price unavailable
CRITICAL:strat7:2022-12-19 16:06:28,166:14238: No my_buy_price unavailable
CRITICAL:strat7:2022-12-19 16:06:30,248:14238: No my_buy_price unavailable
CRITICAL:strat7:2022-12-19 16:07:01,296:14239: No my_buy_price unavailable
CRITICAL:strat7:2022-12-19 16:07:03,380:14239: No my_buy_price unavailable
CRITICAL:strat7:2022-12-19 16:07:07,342:14239: No my_buy_price unavailable
CRITICAL:strat7:2022-12-19 16:07:09,923:14239: No my_buy_price unavailable
CRITICAL:strat7:2022-12-19 16:07:42,056:14240: No my_buy_price unavailable
CRITICAL:strat7:2022-12-19 16:07:44,356:14240: No my_buy_price unavailable
CRITICAL:strat7:2022-12-19 16:07:47,678:14240: No my_buy_price unavailable
CRITICAL:strat7:2022-12-19 16:07:49,976:14240: No my_buy_price unavailable
CRITICAL:strat7:2022-12-19 16:09:19,709:14233: Yes my_avgbuy_price unavailable
CRITICAL:strat7:2022-12-19 16:09:21,875:14233: Yes my_avgbuy_price unavailable
CRITICAL:strat7:2022-12-19 16:09:24,941:14233: Yes my_avgbuy_price unavailable
CRITICAL:strat7:2022-12-19 16:09:27,075:14233: Yes my_avgbuy_price unavailable
CRITICAL:strat7:2022-12-19 16:09:58,378:14234: Yes my_avgbuy_price unavailable
CRITICAL:strat7:2022-12-19 16:10:00,397:14234: Yes my_avgbuy_price unavailable
CRITICAL:strat7:2022-12-19 16:10:03,502:14234: Yes my_avgbuy_price unavailable
CRITICAL:strat7:2022-12-19 16:10:06,381:14234: Yes my_avgbuy_price unavailable
CRITICAL:strat7:2022-12-19 16:10:34,060:14235: Yes my_avgbuy_price unavailable
CRITICAL:strat7:2022-12-19 16:10:37,008:14235: Yes my_avgbuy_price unavailable
CRITICAL:strat7:2022-12-19 16:10:40,806:14235: Yes my_avgbuy_price unavailable
CRITICAL:strat7:2022-12-19 16:10:43,038:14235: Yes my_avgbuy_price unavailable
CRITICAL:strat7:2022-12-19 16:11:12,070:14236: Yes my_avgbuy_price unavailable
CRITICAL:strat7:2022-12-19 16:11:14,253:14236: Yes my_avgbuy_price unavailable
CRITICAL:strat7:2022-12-19 16:11:17,287:14236: Yes my_avgbuy_price unavailable
CRITICAL:strat7:2022-12-19 16:11:19,569:14236: Yes my_avgbuy_price unavailable
CRITICAL:strat7:2022-12-19 16:11:48,669:14237: Yes my_avgbuy_price unavailable
CRITICAL:strat7:2022-12-19 16:11:50,873:14237: Yes my_avgbuy_price unavailable
CRITICAL:strat7:2022-12-19 16:11:54,039:14237: Yes my_avgbuy_price unavailable
CRITICAL:strat7:2022-12-19 16:11:57,064:14237: Yes my_avgbuy_price unavailable
CRITICAL:strat7:2022-12-19 16:12:27,090:14238: No my_buy_price unavailable
CRITICAL:strat7:2022-12-19 16:12:29,543:14238: No my_buy_price unavailable
CRITICAL:strat7:2022-12-19 16:12:33,164:14238: No my_buy_price unavailable
CRITICAL:strat7:2022-12-19 16:12:35,269:14238: No my_buy_price unavailable
CRITICAL:strat7:2022-12-19 16:13:04,932:14239: No my_buy_price unavailable
CRITICAL:strat7:2022-12-19 16:13:07,547:14239: No my_buy_price unavailable
CRITICAL:strat7:2022-12-19 16:13:10,873:14239: No my_buy_price unavailable
CRITICAL:strat7:2022-12-19 16:13:13,640:14239: No my_buy_price unavailable
CRITICAL:strat7:2022-12-19 16:13:42,395:14240: No my_buy_price unavailable
CRITICAL:strat7:2022-12-19 16:13:44,869:14240: No my_buy_price unavailable
CRITICAL:strat7:2022-12-19 16:13:48,059:14240: No my_buy_price unavailable
CRITICAL:strat7:2022-12-19 16:13:50,240:14240: No my_buy_price unavailable
CRITICAL:strat7:2022-12-19 16:15:21,244:14233: Yes my_avgbuy_price unavailable
CRITICAL:strat7:2022-12-19 16:15:23,348:14233: Yes my_avgbuy_price unavailable
CRITICAL:strat7:2022-12-19 16:15:26,384:14233: Yes my_avgbuy_price unavailable
CRITICAL:strat7:2022-12-19 16:15:28,633:14233: Yes my_avgbuy_price unavailable
CRITICAL:strat7:2022-12-19 16:15:59,155:14234: Yes my_avgbuy_price unavailable
CRITICAL:strat7:2022-12-19 16:16:01,416:14234: Yes my_avgbuy_price unavailable
CRITICAL:strat7:2022-12-19 16:16:04,512:14234: Yes my_avgbuy_price unavailable
CRITICAL:strat7:2022-12-19 16:16:06,741:14234: Yes my_avgbuy_price unavailable
CRITICAL:strat7:2022-12-19 16:16:39,500:14235: Yes my_avgbuy_price unavailable
CRITICAL:strat7:2022-12-19 16:16:41,709:14235: Yes my_avgbuy_price unavailable
CRITICAL:strat7:2022-12-19 16:16:44,914:14235: Yes my_avgbuy_price unavailable
CRITICAL:strat7:2022-12-19 16:16:47,372:14235: Yes my_avgbuy_price unavailable
CRITICAL:strat7:2022-12-19 16:17:17,350:14236: Yes my_avgbuy_price unavailable
CRITICAL:strat7:2022-12-19 16:17:19,719:14236: Yes my_avgbuy_price unavailable
CRITICAL:strat7:2022-12-19 16:17:22,938:14236: Yes my_avgbuy_price unavailable
CRITICAL:strat7:2022-12-19 16:17:25,294:14236: Yes my_avgbuy_price unavailable
CRITICAL:strat7:2022-12-19 16:17:56,675:14237: Yes my_avgbuy_price unavailable
CRITICAL:strat7:2022-12-19 16:17:58,812:14237: Yes my_avgbuy_price unavailable
CRITICAL:strat7:2022-12-19 16:18:02,071:14237: Yes my_avgbuy_price unavailable
CRITICAL:strat7:2022-12-19 16:18:04,346:14237: Yes my_avgbuy_price unavailable
CRITICAL:strat7:2022-12-19 16:18:34,717:14238: No my_buy_price unavailable
CRITICAL:strat7:2022-12-19 16:18:36,960:14238: No my_buy_price unavailable
CRITICAL:strat7:2022-12-19 16:18:40,070:14238: No my_buy_price unavailable
CRITICAL:strat7:2022-12-19 16:18:42,963:14238: No my_buy_price unavailable
CRITICAL:strat7:2022-12-19 16:19:14,697:14239: No my_buy_price unavailable
CRITICAL:strat7:2022-12-19 16:19:17,536:14239: No my_buy_price unavailable
CRITICAL:strat7:2022-12-19 16:19:20,932:14239: No my_buy_price unavailable
CRITICAL:strat7:2022-12-19 16:19:23,481:14239: No my_buy_price unavailable
CRITICAL:strat7:2022-12-19 16:19:55,873:14240: No my_buy_price unavailable
CRITICAL:strat7:2022-12-19 16:19:58,259:14240: No my_buy_price unavailable
CRITICAL:strat7:2022-12-19 16:20:02,204:14240: No my_buy_price unavailable
CRITICAL:strat7:2022-12-19 16:20:04,594:14240: No my_buy_price unavailable
CRITICAL:strat7:2022-12-19 16:21:33,195:14233: Yes my_avgbuy_price unavailable
CRITICAL:strat7:2022-12-19 16:21:35,199:14233: Yes my_avgbuy_price unavailable
CRITICAL:strat7:2022-12-19 16:22:03,292:14234: Yes my_avgbuy_price unavailable
CRITICAL:strat7:2022-12-19 16:22:05,392:14234: Yes my_avgbuy_price unavailable
CRITICAL:strat7:2022-12-19 16:22:08,468:14234: Yes my_avgbuy_price unavailable
CRITICAL:strat7:2022-12-19 16:22:10,736:14234: Yes my_avgbuy_price unavailable
CRITICAL:strat7:2022-12-19 16:22:37,921:14235: Yes my_avgbuy_price unavailable
CRITICAL:strat7:2022-12-19 16:22:40,554:14235: Yes my_avgbuy_price unavailable
CRITICAL:strat7:2022-12-19 16:22:43,744:14235: Yes my_avgbuy_price unavailable
CRITICAL:strat7:2022-12-19 16:22:46,070:14235: Yes my_avgbuy_price unavailable
CRITICAL:strat7:2022-12-19 16:23:19,546:14236: Yes my_avgbuy_price unavailable
CRITICAL:strat7:2022-12-19 16:23:21,738:14236: Yes my_avgbuy_price unavailable
CRITICAL:strat7:2022-12-19 16:23:25,590:14236: Yes my_avgbuy_price unavailable
CRITICAL:strat7:2022-12-19 16:23:28,053:14236: Yes my_avgbuy_price unavailable
CRITICAL:strat7:2022-12-19 16:24:00,389:14237: Yes my_avgbuy_price unavailable
CRITICAL:strat7:2022-12-19 16:24:02,741:14237: Yes my_avgbuy_price unavailable
CRITICAL:strat7:2022-12-19 16:24:06,062:14237: Yes my_avgbuy_price unavailable
CRITICAL:strat7:2022-12-19 16:24:08,511:14237: Yes my_avgbuy_price unavailable
CRITICAL:strat7:2022-12-19 16:24:43,021:14238: No my_buy_price unavailable
CRITICAL:strat7:2022-12-19 16:24:45,124:14238: No my_buy_price unavailable
CRITICAL:strat7:2022-12-19 16:24:48,168:14238: No my_buy_price unavailable
CRITICAL:strat7:2022-12-19 16:24:50,464:14238: No my_buy_price unavailable
CRITICAL:strat7:2022-12-19 16:25:20,237:14239: No my_buy_price unavailable
CRITICAL:strat7:2022-12-19 16:25:22,662:14239: No my_buy_price unavailable
CRITICAL:strat7:2022-12-19 16:25:25,920:14239: No my_buy_price unavailable
CRITICAL:strat7:2022-12-19 16:25:28,402:14239: No my_buy_price unavailable
CRITICAL:strat7:2022-12-19 16:26:01,490:14240: No my_buy_price unavailable
CRITICAL:strat7:2022-12-19 16:26:03,697:14240: No my_buy_price unavailable
CRITICAL:strat7:2022-12-19 16:26:06,917:14240: No my_buy_price unavailable
CRITICAL:strat7:2022-12-19 16:26:09,110:14240: No my_buy_price unavailable
CRITICAL:strat7:2022-12-19 16:27:44,175:14233: Yes my_avgbuy_price unavailable
CRITICAL:strat7:2022-12-19 16:27:46,480:14233: Yes my_avgbuy_price unavailable
CRITICAL:strat7:2022-12-19 16:27:50,095:14233: Yes my_avgbuy_price unavailable
CRITICAL:strat7:2022-12-19 16:27:52,311:14233: Yes my_avgbuy_price unavailable
CRITICAL:strat7:2022-12-19 16:28:29,635:14234: Yes my_avgbuy_price unavailable
CRITICAL:strat7:2022-12-19 16:28:32,039:14234: Yes my_avgbuy_price unavailable
CRITICAL:strat7:2022-12-19 16:28:35,296:14234: Yes my_avgbuy_price unavailable
CRITICAL:strat7:2022-12-19 16:28:37,454:14234: Yes my_avgbuy_price unavailable
CRITICAL:strat7:2022-12-19 16:29:10,564:14235: Yes my_avgbuy_price unavailable
CRITICAL:strat7:2022-12-19 16:29:12,982:14235: Yes my_avgbuy_price unavailable
CRITICAL:strat7:2022-12-19 16:29:20,691:14235: Yes my_avgbuy_price unavailable
CRITICAL:strat7:2022-12-19 16:29:23,186:14235: Yes my_avgbuy_price unavailable
CRITICAL:strat7:2022-12-19 16:29:57,464:14236: Yes my_avgbuy_price unavailable
CRITICAL:strat7:2022-12-19 16:29:59,795:14236: Yes my_avgbuy_price unavailable
CRITICAL:strat7:2022-12-19 16:30:02,997:14236: Yes my_avgbuy_price unavailable
CRITICAL:strat7:2022-12-19 16:30:05,286:14236: Yes my_avgbuy_price unavailable
CRITICAL:strat7:2022-12-19 16:30:37,256:14237: Yes my_avgbuy_price unavailable
CRITICAL:strat7:2022-12-19 16:30:39,433:14237: Yes my_avgbuy_price unavailable
CRITICAL:strat7:2022-12-19 16:30:42,556:14237: Yes my_avgbuy_price unavailable
CRITICAL:strat7:2022-12-19 16:30:44,776:14237: Yes my_avgbuy_price unavailable
CRITICAL:strat7:2022-12-19 16:31:56,076:14239: No my_buy_price unavailable
CRITICAL:strat7:2022-12-19 16:31:58,329:14239: No my_buy_price unavailable
CRITICAL:strat7:2022-12-19 16:32:01,457:14239: No my_buy_price unavailable
CRITICAL:strat7:2022-12-19 16:32:03,627:14239: No my_buy_price unavailable
CRITICAL:strat7:2022-12-19 16:32:39,757:14240: No my_buy_price unavailable
CRITICAL:strat7:2022-12-19 16:32:41,961:14240: No my_buy_price unavailable
CRITICAL:strat7:2022-12-19 16:32:45,093:14240: No my_buy_price unavailable
CRITICAL:strat7:2022-12-19 16:32:47,665:14240: No my_buy_price unavailable
CRITICAL:strat7:2022-12-19 16:34:22,732:14233: Yes my_avgbuy_price unavailable
CRITICAL:strat7:2022-12-19 16:34:25,218:14233: Yes my_avgbuy_price unavailable
CRITICAL:strat7:2022-12-19 16:34:28,486:14233: Yes my_avgbuy_price unavailable
CRITICAL:strat7:2022-12-19 16:34:30,781:14233: Yes my_avgbuy_price unavailable
CRITICAL:strat7:2022-12-19 16:35:02,837:14234: Yes my_avgbuy_price unavailable
CRITICAL:strat7:2022-12-19 16:35:05,135:14234: Yes my_avgbuy_price unavailable
CRITICAL:strat7:2022-12-19 16:35:08,401:14234: Yes my_avgbuy_price unavailable
CRITICAL:strat7:2022-12-19 16:35:10,548:14234: Yes my_avgbuy_price unavailable
CRITICAL:strat7:2022-12-19 16:35:45,325:14235: Yes my_avgbuy_price unavailable
CRITICAL:strat7:2022-12-19 16:35:47,445:14235: Yes my_avgbuy_price unavailable
CRITICAL:strat7:2022-12-19 16:35:49,963:14235: Yes my_avgbuy_price unavailable
CRITICAL:strat7:2022-12-19 16:35:52,170:14235: Yes my_avgbuy_price unavailable
CRITICAL:strat7:2022-12-19 16:36:32,077:14236: Yes my_avgbuy_price unavailable
CRITICAL:strat7:2022-12-19 16:36:34,345:14236: Yes my_avgbuy_price unavailable
CRITICAL:strat7:2022-12-19 16:36:37,690:14236: Yes my_avgbuy_price unavailable
CRITICAL:strat7:2022-12-19 16:36:40,066:14236: Yes my_avgbuy_price unavailable
CRITICAL:strat7:2022-12-19 16:37:12,398:14237: Yes my_avgbuy_price unavailable
CRITICAL:strat7:2022-12-19 16:37:14,516:14237: Yes my_avgbuy_price unavailable
CRITICAL:strat7:2022-12-19 16:37:17,481:14237: Yes my_avgbuy_price unavailable
CRITICAL:strat7:2022-12-19 16:37:19,788:14237: Yes my_avgbuy_price unavailable
CRITICAL:strat7:2022-12-19 16:38:32,699:14239: No my_buy_price unavailable
CRITICAL:strat7:2022-12-19 16:38:34,893:14239: No my_buy_price unavailable
CRITICAL:strat7:2022-12-19 16:38:37,890:14239: No my_buy_price unavailable
CRITICAL:strat7:2022-12-19 16:38:40,019:14239: No my_buy_price unavailable
CRITICAL:strat7:2022-12-19 16:39:11,220:14240: No my_buy_price unavailable
CRITICAL:strat7:2022-12-19 16:39:13,506:14240: No my_buy_price unavailable
CRITICAL:strat7:2022-12-19 16:39:16,512:14240: No my_buy_price unavailable
CRITICAL:strat7:2022-12-19 16:39:18,544:14240: No my_buy_price unavailable
CRITICAL:strat7:2022-12-19 16:40:48,784:14233: Yes my_avgbuy_price unavailable
CRITICAL:strat7:2022-12-19 16:40:51,035:14233: Yes my_avgbuy_price unavailable
CRITICAL:strat7:2022-12-19 16:41:17,501:14234: Yes my_avgbuy_price unavailable
CRITICAL:strat7:2022-12-19 16:41:19,859:14234: Yes my_avgbuy_price unavailable
CRITICAL:strat7:2022-12-19 16:41:23,398:14234: Yes my_avgbuy_price unavailable
CRITICAL:strat7:2022-12-19 16:41:25,862:14234: Yes my_avgbuy_price unavailable
CRITICAL:strat7:2022-12-19 16:41:52,919:14235: Yes my_avgbuy_price unavailable
CRITICAL:strat7:2022-12-19 16:41:54,865:14235: Yes my_avgbuy_price unavailable
CRITICAL:strat7:2022-12-19 16:41:57,014:14235: Yes my_avgbuy_price unavailable
CRITICAL:strat7:2022-12-19 16:41:58,839:14235: Yes my_avgbuy_price unavailable
CRITICAL:strat7:2022-12-19 16:42:23,299:14236: Yes my_avgbuy_price unavailable
CRITICAL:strat7:2022-12-19 16:42:25,493:14236: Yes my_avgbuy_price unavailable
CRITICAL:strat7:2022-12-19 16:42:28,671:14236: Yes my_avgbuy_price unavailable
CRITICAL:strat7:2022-12-19 16:42:30,854:14236: Yes my_avgbuy_price unavailable
CRITICAL:strat7:2022-12-19 16:43:01,133:14237: Yes my_avgbuy_price unavailable
CRITICAL:strat7:2022-12-19 16:43:03,374:14237: Yes my_avgbuy_price unavailable
CRITICAL:strat7:2022-12-19 16:43:06,674:14237: Yes my_avgbuy_price unavailable
CRITICAL:strat7:2022-12-19 16:43:08,991:14237: Yes my_avgbuy_price unavailable
CRITICAL:strat7:2022-12-19 16:44:07,929:14239: No my_buy_price unavailable
CRITICAL:strat7:2022-12-19 16:44:10,485:14239: No my_buy_price unavailable
CRITICAL:strat7:2022-12-19 16:44:13,956:14239: No my_buy_price unavailable
CRITICAL:strat7:2022-12-19 16:44:16,354:14239: No my_buy_price unavailable
CRITICAL:strat7:2022-12-19 16:44:46,109:14240: No my_buy_price unavailable
CRITICAL:strat7:2022-12-19 16:44:48,304:14240: No my_buy_price unavailable
CRITICAL:strat7:2022-12-19 16:44:52,491:14240: No my_buy_price unavailable
CRITICAL:strat7:2022-12-19 16:44:54,784:14240: No my_buy_price unavailable
CRITICAL:strat7:2022-12-19 16:46:28,426:14233: Yes my_avgbuy_price unavailable
CRITICAL:strat7:2022-12-19 16:46:30,688:14233: Yes my_avgbuy_price unavailable
CRITICAL:strat7:2022-12-19 16:47:03,766:14234: Yes my_avgbuy_price unavailable
CRITICAL:strat7:2022-12-19 16:47:06,025:14234: Yes my_avgbuy_price unavailable
CRITICAL:strat7:2022-12-19 16:47:09,172:14234: Yes my_avgbuy_price unavailable
CRITICAL:strat7:2022-12-19 16:47:11,574:14234: Yes my_avgbuy_price unavailable
CRITICAL:strat7:2022-12-19 16:47:39,457:14235: Yes my_avgbuy_price unavailable
CRITICAL:strat7:2022-12-19 16:47:41,601:14235: Yes my_avgbuy_price unavailable
CRITICAL:strat7:2022-12-19 16:47:44,192:14235: Yes my_avgbuy_price unavailable
CRITICAL:strat7:2022-12-19 16:47:46,338:14235: Yes my_avgbuy_price unavailable
CRITICAL:strat7:2022-12-19 16:48:16,815:14236: Yes my_avgbuy_price unavailable
CRITICAL:strat7:2022-12-19 16:48:18,962:14236: Yes my_avgbuy_price unavailable
CRITICAL:strat7:2022-12-19 16:48:22,134:14236: Yes my_avgbuy_price unavailable
CRITICAL:strat7:2022-12-19 16:48:24,340:14236: Yes my_avgbuy_price unavailable
CRITICAL:strat7:2022-12-19 16:48:52,821:14237: Yes my_avgbuy_price unavailable
CRITICAL:strat7:2022-12-19 16:48:54,989:14237: Yes my_avgbuy_price unavailable
CRITICAL:strat7:2022-12-19 16:48:58,378:14237: Yes my_avgbuy_price unavailable
CRITICAL:strat7:2022-12-19 16:49:00,811:14237: Yes my_avgbuy_price unavailable
CRITICAL:strat7:2022-12-19 16:50:11,146:14239: No my_buy_price unavailable
CRITICAL:strat7:2022-12-19 16:50:13,248:14239: No my_buy_price unavailable
CRITICAL:strat7:2022-12-19 16:50:16,920:14239: No my_buy_price unavailable
CRITICAL:strat7:2022-12-19 16:50:19,519:14239: No my_buy_price unavailable
CRITICAL:strat7:2022-12-19 16:50:48,747:14240: No my_buy_price unavailable
CRITICAL:strat7:2022-12-19 16:50:51,419:14240: No my_buy_price unavailable
CRITICAL:strat7:2022-12-19 16:50:54,646:14240: No my_buy_price unavailable
CRITICAL:strat7:2022-12-19 16:50:57,014:14240: No my_buy_price unavailable
CRITICAL:strat7:2022-12-19 16:52:21,899:14233: Yes my_avgbuy_price unavailable
CRITICAL:strat7:2022-12-19 16:52:24,031:14233: Yes my_avgbuy_price unavailable
CRITICAL:strat7:2022-12-19 16:52:52,448:14234: Yes my_avgbuy_price unavailable
CRITICAL:strat7:2022-12-19 16:52:54,499:14234: Yes my_avgbuy_price unavailable
CRITICAL:strat7:2022-12-19 16:52:57,473:14234: Yes my_avgbuy_price unavailable
CRITICAL:strat7:2022-12-19 16:52:59,542:14234: Yes my_avgbuy_price unavailable
CRITICAL:strat7:2022-12-19 16:53:28,214:14235: Yes my_avgbuy_price unavailable
CRITICAL:strat7:2022-12-19 16:53:30,216:14235: Yes my_avgbuy_price unavailable
CRITICAL:strat7:2022-12-19 16:53:32,532:14235: Yes my_avgbuy_price unavailable
CRITICAL:strat7:2022-12-19 16:53:34,610:14235: Yes my_avgbuy_price unavailable
CRITICAL:strat7:2022-12-19 16:54:03,527:14236: Yes my_avgbuy_price unavailable
CRITICAL:strat7:2022-12-19 16:54:05,684:14236: Yes my_avgbuy_price unavailable
CRITICAL:strat7:2022-12-19 16:54:08,603:14236: Yes my_avgbuy_price unavailable
CRITICAL:strat7:2022-12-19 16:54:10,712:14236: Yes my_avgbuy_price unavailable
CRITICAL:strat7:2022-12-19 16:54:38,954:14237: Yes my_avgbuy_price unavailable
CRITICAL:strat7:2022-12-19 16:54:41,087:14237: Yes my_avgbuy_price unavailable
CRITICAL:strat7:2022-12-19 16:54:44,034:14237: Yes my_avgbuy_price unavailable
CRITICAL:strat7:2022-12-19 16:54:46,097:14237: Yes my_avgbuy_price unavailable
CRITICAL:strat7:2022-12-19 16:55:43,859:14239: No my_buy_price unavailable
CRITICAL:strat7:2022-12-19 16:55:45,985:14239: No my_buy_price unavailable
CRITICAL:strat7:2022-12-19 16:55:48,967:14239: No my_buy_price unavailable
CRITICAL:strat7:2022-12-19 16:55:51,108:14239: No my_buy_price unavailable
CRITICAL:strat7:2022-12-19 16:56:21,421:14240: No my_buy_price unavailable
CRITICAL:strat7:2022-12-19 16:56:23,650:14240: No my_buy_price unavailable
CRITICAL:strat7:2022-12-19 16:56:26,768:14240: No my_buy_price unavailable
CRITICAL:strat7:2022-12-19 16:56:29,058:14240: No my_buy_price unavailable
CRITICAL:strat7:2022-12-19 16:57:57,842:14233: Yes my_avgbuy_price unavailable
CRITICAL:strat7:2022-12-19 16:57:59,934:14233: Yes my_avgbuy_price unavailable
CRITICAL:strat7:2022-12-19 16:58:29,567:14234: Yes my_avgbuy_price unavailable
CRITICAL:strat7:2022-12-19 16:58:31,640:14234: Yes my_avgbuy_price unavailable
CRITICAL:strat7:2022-12-19 16:58:34,576:14234: Yes my_avgbuy_price unavailable
CRITICAL:strat7:2022-12-19 16:58:36,769:14234: Yes my_avgbuy_price unavailable
CRITICAL:strat7:2022-12-19 16:59:05,863:14235: Yes my_avgbuy_price unavailable
CRITICAL:strat7:2022-12-19 16:59:07,848:14235: Yes my_avgbuy_price unavailable
CRITICAL:strat7:2022-12-19 16:59:10,276:14235: Yes my_avgbuy_price unavailable
CRITICAL:strat7:2022-12-19 16:59:12,315:14235: Yes my_avgbuy_price unavailable
CRITICAL:strat7:2022-12-19 16:59:40,795:14236: Yes my_avgbuy_price unavailable
CRITICAL:strat7:2022-12-19 16:59:42,968:14236: Yes my_avgbuy_price unavailable
CRITICAL:strat7:2022-12-19 16:59:45,961:14236: Yes my_avgbuy_price unavailable
CRITICAL:strat7:2022-12-19 16:59:48,069:14236: Yes my_avgbuy_price unavailable
CRITICAL:strat7:2022-12-19 17:00:16,920:14237: Yes my_avgbuy_price unavailable
CRITICAL:strat7:2022-12-19 17:00:19,320:14237: Yes my_avgbuy_price unavailable
CRITICAL:strat7:2022-12-19 17:00:22,392:14237: Yes my_avgbuy_price unavailable
CRITICAL:strat7:2022-12-19 17:00:24,423:14237: Yes my_avgbuy_price unavailable
CRITICAL:strat7:2022-12-19 17:01:17,030:14239: No my_buy_price unavailable
CRITICAL:strat7:2022-12-19 17:01:20,693:14239: No my_buy_price unavailable
CRITICAL:strat7:2022-12-19 17:01:23,752:14239: No my_buy_price unavailable
CRITICAL:strat7:2022-12-19 17:01:25,927:14239: No my_buy_price unavailable
CRITICAL:strat7:2022-12-19 17:01:55,038:14240: No my_buy_price unavailable
CRITICAL:strat7:2022-12-19 17:01:57,556:14240: No my_buy_price unavailable
CRITICAL:strat7:2022-12-19 17:02:00,524:14240: No my_buy_price unavailable
CRITICAL:strat7:2022-12-19 17:02:02,705:14240: No my_buy_price unavailable
CRITICAL:strat7:2022-12-19 17:03:30,070:14233: Yes my_avgbuy_price unavailable
CRITICAL:strat7:2022-12-19 17:03:32,306:14233: Yes my_avgbuy_price unavailable
CRITICAL:strat7:2022-12-19 17:04:01,428:14234: Yes my_avgbuy_price unavailable
CRITICAL:strat7:2022-12-19 17:04:04,226:14234: Yes my_avgbuy_price unavailable
CRITICAL:strat7:2022-12-19 17:04:07,367:14234: Yes my_avgbuy_price unavailable
CRITICAL:strat7:2022-12-19 17:04:09,386:14234: Yes my_avgbuy_price unavailable
CRITICAL:strat7:2022-12-19 17:04:38,692:14235: Yes my_avgbuy_price unavailable
CRITICAL:strat7:2022-12-19 17:04:40,753:14235: Yes my_avgbuy_price unavailable
CRITICAL:strat7:2022-12-19 17:04:43,179:14235: Yes my_avgbuy_price unavailable
CRITICAL:strat7:2022-12-19 17:04:45,205:14235: Yes my_avgbuy_price unavailable
CRITICAL:strat7:2022-12-19 17:05:13,966:14236: Yes my_avgbuy_price unavailable
CRITICAL:strat7:2022-12-19 17:05:16,102:14236: Yes my_avgbuy_price unavailable
CRITICAL:strat7:2022-12-19 17:05:19,112:14236: Yes my_avgbuy_price unavailable
CRITICAL:strat7:2022-12-19 17:05:21,233:14236: Yes my_avgbuy_price unavailable
CRITICAL:strat7:2022-12-19 17:05:50,404:14237: Yes my_avgbuy_price unavailable
CRITICAL:strat7:2022-12-19 17:05:52,656:14237: Yes my_avgbuy_price unavailable
CRITICAL:strat7:2022-12-19 17:05:55,810:14237: Yes my_avgbuy_price unavailable
CRITICAL:strat7:2022-12-19 17:05:57,917:14237: Yes my_avgbuy_price unavailable
CRITICAL:strat7:2022-12-19 17:06:29,441:14238: Yes my_avgbuy_price unavailable
CRITICAL:strat7:2022-12-19 17:06:31,633:14238: Yes my_avgbuy_price unavailable
CRITICAL:strat7:2022-12-19 17:06:44,246:14238: Yes my_avgbuy_price unavailable
CRITICAL:strat7:2022-12-19 17:06:46,366:14238: Yes my_avgbuy_price unavailable
CRITICAL:strat7:2022-12-19 17:07:16,268:14239: No my_buy_price unavailable
CRITICAL:strat7:2022-12-19 17:07:18,361:14239: No my_buy_price unavailable
CRITICAL:strat7:2022-12-19 17:07:21,330:14239: No my_buy_price unavailable
CRITICAL:strat7:2022-12-19 17:07:23,348:14239: No my_buy_price unavailable
CRITICAL:strat7:2022-12-19 17:09:35,264:14233: Yes my_avgbuy_price unavailable
CRITICAL:strat7:2022-12-19 17:09:37,920:14233: Yes my_avgbuy_price unavailable
CRITICAL:strat7:2022-12-19 17:09:41,119:14233: Yes my_avgbuy_price unavailable
CRITICAL:strat7:2022-12-19 17:09:43,425:14233: Yes my_avgbuy_price unavailable
CRITICAL:strat7:2022-12-19 17:10:12,199:14234: Yes my_avgbuy_price unavailable
CRITICAL:strat7:2022-12-19 17:10:14,883:14234: Yes my_avgbuy_price unavailable
CRITICAL:strat7:2022-12-19 17:10:17,880:14234: Yes my_avgbuy_price unavailable
CRITICAL:strat7:2022-12-19 17:10:19,967:14234: Yes my_avgbuy_price unavailable
CRITICAL:strat7:2022-12-19 17:10:49,105:14235: Yes my_avgbuy_price unavailable
CRITICAL:strat7:2022-12-19 17:10:51,151:14235: Yes my_avgbuy_price unavailable
CRITICAL:strat7:2022-12-19 17:10:53,841:14235: Yes my_avgbuy_price unavailable
CRITICAL:strat7:2022-12-19 17:10:56,040:14235: Yes my_avgbuy_price unavailable
CRITICAL:strat7:2022-12-19 17:11:25,191:14236: Yes my_avgbuy_price unavailable
CRITICAL:strat7:2022-12-19 17:11:27,360:14236: Yes my_avgbuy_price unavailable
CRITICAL:strat7:2022-12-19 17:11:30,384:14236: Yes my_avgbuy_price unavailable
CRITICAL:strat7:2022-12-19 17:11:32,590:14236: Yes my_avgbuy_price unavailable
CRITICAL:strat7:2022-12-19 17:13:12,249:14239: No my_buy_price unavailable
CRITICAL:strat7:2022-12-19 17:13:14,427:14239: No my_buy_price unavailable
CRITICAL:strat7:2022-12-19 17:13:17,393:14239: No my_buy_price unavailable
CRITICAL:strat7:2022-12-19 17:13:19,500:14239: No my_buy_price unavailable
CRITICAL:strat7:2022-12-19 17:15:24,617:14233: Yes my_avgbuy_price unavailable
CRITICAL:strat7:2022-12-19 17:15:26,687:14233: Yes my_avgbuy_price unavailable
CRITICAL:strat7:2022-12-19 17:15:29,769:14233: Yes my_avgbuy_price unavailable
CRITICAL:strat7:2022-12-19 17:15:31,867:14233: Yes my_avgbuy_price unavailable
CRITICAL:strat7:2022-12-19 17:16:05,378:14234: Yes my_avgbuy_price unavailable
CRITICAL:strat7:2022-12-19 17:16:07,488:14234: Yes my_avgbuy_price unavailable
CRITICAL:strat7:2022-12-19 17:16:10,469:14234: Yes my_avgbuy_price unavailable
CRITICAL:strat7:2022-12-19 17:16:12,471:14234: Yes my_avgbuy_price unavailable
CRITICAL:strat7:2022-12-19 17:16:43,953:14235: Yes my_avgbuy_price unavailable
CRITICAL:strat7:2022-12-19 17:16:46,122:14235: Yes my_avgbuy_price unavailable
CRITICAL:strat7:2022-12-19 17:16:49,043:14235: Yes my_avgbuy_price unavailable
CRITICAL:strat7:2022-12-19 17:16:51,132:14235: Yes my_avgbuy_price unavailable
CRITICAL:strat7:2022-12-19 17:17:20,382:14236: Yes my_avgbuy_price unavailable
CRITICAL:strat7:2022-12-19 17:17:22,557:14236: Yes my_avgbuy_price unavailable
CRITICAL:strat7:2022-12-19 17:17:25,543:14236: Yes my_avgbuy_price unavailable
CRITICAL:strat7:2022-12-19 17:17:27,726:14236: Yes my_avgbuy_price unavailable
CRITICAL:strat7:2022-12-19 17:18:35,380:14238: No my_buy_price unavailable
CRITICAL:strat7:2022-12-19 17:18:37,484:14238: No my_buy_price unavailable
CRITICAL:strat7:2022-12-19 17:18:45,655:14238: No my_buy_price unavailable
CRITICAL:strat7:2022-12-19 17:18:47,675:14238: No my_buy_price unavailable
CRITICAL:strat7:2022-12-19 17:19:17,689:14239: No my_buy_price unavailable
CRITICAL:strat7:2022-12-19 17:19:19,863:14239: No my_buy_price unavailable
CRITICAL:strat7:2022-12-19 17:19:22,922:14239: No my_buy_price unavailable
CRITICAL:strat7:2022-12-19 17:19:25,050:14239: No my_buy_price unavailable
CRITICAL:strat7:2022-12-19 17:21:24,263:14233: Yes my_avgbuy_price unavailable
CRITICAL:strat7:2022-12-19 17:21:26,488:14233: Yes my_avgbuy_price unavailable
CRITICAL:strat7:2022-12-19 17:21:56,256:14234: Yes my_avgbuy_price unavailable
CRITICAL:strat7:2022-12-19 17:21:58,359:14234: Yes my_avgbuy_price unavailable
CRITICAL:strat7:2022-12-19 17:22:01,335:14234: Yes my_avgbuy_price unavailable
CRITICAL:strat7:2022-12-19 17:22:03,468:14234: Yes my_avgbuy_price unavailable
CRITICAL:strat7:2022-12-19 17:22:33,035:14235: Yes my_avgbuy_price unavailable
CRITICAL:strat7:2022-12-19 17:22:35,194:14235: Yes my_avgbuy_price unavailable
CRITICAL:strat7:2022-12-19 17:22:38,152:14235: Yes my_avgbuy_price unavailable
CRITICAL:strat7:2022-12-19 17:22:40,191:14235: Yes my_avgbuy_price unavailable
CRITICAL:strat7:2022-12-19 17:23:09,047:14236: Yes my_avgbuy_price unavailable
CRITICAL:strat7:2022-12-19 17:23:11,242:14236: Yes my_avgbuy_price unavailable
CRITICAL:strat7:2022-12-19 17:23:14,270:14236: Yes my_avgbuy_price unavailable
CRITICAL:strat7:2022-12-19 17:23:16,407:14236: Yes my_avgbuy_price unavailable
CRITICAL:strat7:2022-12-19 17:25:00,609:14239: No my_buy_price unavailable
CRITICAL:strat7:2022-12-19 17:25:02,884:14239: No my_buy_price unavailable
CRITICAL:strat7:2022-12-19 17:25:06,059:14239: No my_buy_price unavailable
CRITICAL:strat7:2022-12-19 17:25:08,196:14239: No my_buy_price unavailable
CRITICAL:strat7:2022-12-19 17:27:09,170:14233: Yes my_avgbuy_price unavailable
CRITICAL:strat7:2022-12-19 17:27:11,265:14233: Yes my_avgbuy_price unavailable
CRITICAL:strat7:2022-12-19 17:27:40,042:14234: Yes my_avgbuy_price unavailable
CRITICAL:strat7:2022-12-19 17:27:42,160:14234: Yes my_avgbuy_price unavailable
CRITICAL:strat7:2022-12-19 17:27:45,147:14234: Yes my_avgbuy_price unavailable
CRITICAL:strat7:2022-12-19 17:27:47,559:14234: Yes my_avgbuy_price unavailable
CRITICAL:strat7:2022-12-19 17:28:16,105:14235: Yes my_avgbuy_price unavailable
CRITICAL:strat7:2022-12-19 17:28:18,243:14235: Yes my_avgbuy_price unavailable
CRITICAL:strat7:2022-12-19 17:28:21,180:14235: Yes my_avgbuy_price unavailable
CRITICAL:strat7:2022-12-19 17:28:23,247:14235: Yes my_avgbuy_price unavailable
CRITICAL:strat7:2022-12-19 17:28:52,683:14236: Yes my_avgbuy_price unavailable
CRITICAL:strat7:2022-12-19 17:28:54,883:14236: Yes my_avgbuy_price unavailable
CRITICAL:strat7:2022-12-19 17:28:57,923:14236: Yes my_avgbuy_price unavailable
CRITICAL:strat7:2022-12-19 17:29:00,056:14236: Yes my_avgbuy_price unavailable
CRITICAL:strat7:2022-12-19 17:30:46,909:14239: No my_buy_price unavailable
CRITICAL:strat7:2022-12-19 17:30:49,056:14239: No my_buy_price unavailable
CRITICAL:strat7:2022-12-19 17:30:52,160:14239: No my_buy_price unavailable
CRITICAL:strat7:2022-12-19 17:30:54,455:14239: No my_buy_price unavailable
CRITICAL:strat7:2022-12-19 17:32:56,005:14233: Yes my_avgbuy_price unavailable
CRITICAL:strat7:2022-12-19 17:32:58,203:14233: Yes my_avgbuy_price unavailable
CRITICAL:strat7:2022-12-19 17:33:01,254:14233: Yes my_avgbuy_price unavailable
CRITICAL:strat7:2022-12-19 17:33:03,319:14233: Yes my_avgbuy_price unavailable
CRITICAL:strat7:2022-12-19 17:33:33,343:14234: Yes my_avgbuy_price unavailable
CRITICAL:strat7:2022-12-19 17:33:35,550:14234: Yes my_avgbuy_price unavailable
CRITICAL:strat7:2022-12-19 17:33:38,619:14234: Yes my_avgbuy_price unavailable
CRITICAL:strat7:2022-12-19 17:33:40,723:14234: Yes my_avgbuy_price unavailable
CRITICAL:strat7:2022-12-19 17:34:15,086:14235: Yes my_avgbuy_price unavailable
CRITICAL:strat7:2022-12-19 17:34:17,180:14235: Yes my_avgbuy_price unavailable
CRITICAL:strat7:2022-12-19 17:34:21,271:14235: Yes my_avgbuy_price unavailable
CRITICAL:strat7:2022-12-19 17:34:23,945:14235: Yes my_avgbuy_price unavailable
CRITICAL:strat7:2022-12-19 17:34:53,083:14236: Yes my_avgbuy_price unavailable
CRITICAL:strat7:2022-12-19 17:34:55,246:14236: Yes my_avgbuy_price unavailable
CRITICAL:strat7:2022-12-19 17:34:58,921:14236: Yes my_avgbuy_price unavailable
CRITICAL:strat7:2022-12-19 17:35:01,034:14236: Yes my_avgbuy_price unavailable
CRITICAL:strat7:2022-12-19 17:36:35,840:14239: No my_buy_price unavailable
CRITICAL:strat7:2022-12-19 17:36:38,033:14239: No my_buy_price unavailable
CRITICAL:strat7:2022-12-19 17:36:41,128:14239: No my_buy_price unavailable
CRITICAL:strat7:2022-12-19 17:36:43,497:14239: No my_buy_price unavailable
CRITICAL:strat7:2022-12-19 17:38:47,049:14233: Yes my_avgbuy_price unavailable
CRITICAL:strat7:2022-12-19 17:38:49,174:14233: Yes my_avgbuy_price unavailable
CRITICAL:strat7:2022-12-19 17:39:18,279:14234: Yes my_avgbuy_price unavailable
CRITICAL:strat7:2022-12-19 17:39:20,413:14234: Yes my_avgbuy_price unavailable
CRITICAL:strat7:2022-12-19 17:39:23,350:14234: Yes my_avgbuy_price unavailable
CRITICAL:strat7:2022-12-19 17:39:25,439:14234: Yes my_avgbuy_price unavailable
CRITICAL:strat7:2022-12-19 17:39:53,759:14235: Yes my_avgbuy_price unavailable
CRITICAL:strat7:2022-12-19 17:39:55,832:14235: Yes my_avgbuy_price unavailable
CRITICAL:strat7:2022-12-19 17:39:58,274:14235: Yes my_avgbuy_price unavailable
CRITICAL:strat7:2022-12-19 17:40:00,310:14235: Yes my_avgbuy_price unavailable
CRITICAL:strat7:2022-12-19 17:40:30,527:14236: Yes my_avgbuy_price unavailable
CRITICAL:strat7:2022-12-19 17:40:33,240:14236: Yes my_avgbuy_price unavailable
CRITICAL:strat7:2022-12-19 17:40:36,172:14236: Yes my_avgbuy_price unavailable
CRITICAL:strat7:2022-12-19 17:40:38,354:14236: Yes my_avgbuy_price unavailable
CRITICAL:strat7:2022-12-19 17:42:09,449:14239: No my_buy_price unavailable
CRITICAL:strat7:2022-12-19 17:42:11,486:14239: No my_buy_price unavailable
CRITICAL:strat7:2022-12-19 17:42:14,417:14239: No my_buy_price unavailable
CRITICAL:strat7:2022-12-19 17:42:16,418:14239: No my_buy_price unavailable
CRITICAL:strat7:2022-12-19 17:44:17,409:14233: Yes my_avgbuy_price unavailable
CRITICAL:strat7:2022-12-19 17:44:19,479:14233: Yes my_avgbuy_price unavailable
CRITICAL:strat7:2022-12-19 17:44:48,655:14234: Yes my_avgbuy_price unavailable
CRITICAL:strat7:2022-12-19 17:44:51,428:14234: Yes my_avgbuy_price unavailable
CRITICAL:strat7:2022-12-19 17:44:54,418:14234: Yes my_avgbuy_price unavailable
CRITICAL:strat7:2022-12-19 17:44:56,503:14234: Yes my_avgbuy_price unavailable
CRITICAL:strat7:2022-12-19 17:45:25,567:14235: Yes my_avgbuy_price unavailable
CRITICAL:strat7:2022-12-19 17:45:27,617:14235: Yes my_avgbuy_price unavailable
CRITICAL:strat7:2022-12-19 17:45:30,117:14235: Yes my_avgbuy_price unavailable
CRITICAL:strat7:2022-12-19 17:45:32,264:14235: Yes my_avgbuy_price unavailable
CRITICAL:strat7:2022-12-19 17:46:01,475:14236: Yes my_avgbuy_price unavailable
CRITICAL:strat7:2022-12-19 17:46:03,640:14236: Yes my_avgbuy_price unavailable
CRITICAL:strat7:2022-12-19 17:46:06,756:14236: Yes my_avgbuy_price unavailable
CRITICAL:strat7:2022-12-19 17:46:08,832:14236: Yes my_avgbuy_price unavailable
CRITICAL:strat7:2022-12-19 17:50:01,499:14233: Yes my_avgbuy_price unavailable
CRITICAL:strat7:2022-12-19 17:50:03,661:14233: Yes my_avgbuy_price unavailable
CRITICAL:strat7:2022-12-19 17:50:33,279:14234: Yes my_avgbuy_price unavailable
CRITICAL:strat7:2022-12-19 17:50:35,302:14234: Yes my_avgbuy_price unavailable
CRITICAL:strat7:2022-12-19 17:50:38,367:14234: Yes my_avgbuy_price unavailable
CRITICAL:strat7:2022-12-19 17:50:40,464:14234: Yes my_avgbuy_price unavailable
CRITICAL:strat7:2022-12-19 17:51:06,386:14235: Yes my_avgbuy_price unavailable
CRITICAL:strat7:2022-12-19 17:51:08,440:14235: Yes my_avgbuy_price unavailable
CRITICAL:strat7:2022-12-19 17:51:10,919:14235: Yes my_avgbuy_price unavailable
CRITICAL:strat7:2022-12-19 17:51:13,057:14235: Yes my_avgbuy_price unavailable
CRITICAL:strat7:2022-12-19 17:51:41,986:14236: Yes my_avgbuy_price unavailable
CRITICAL:strat7:2022-12-19 17:51:44,176:14236: Yes my_avgbuy_price unavailable
CRITICAL:strat7:2022-12-19 17:51:47,186:14236: Yes my_avgbuy_price unavailable
CRITICAL:strat7:2022-12-19 17:51:49,422:14236: Yes my_avgbuy_price unavailable
CRITICAL:strat7:2022-12-19 17:55:40,769:14233: Yes my_avgbuy_price unavailable
CRITICAL:strat7:2022-12-19 17:55:42,929:14233: Yes my_avgbuy_price unavailable
CRITICAL:strat7:2022-12-19 17:55:45,942:14233: Yes my_avgbuy_price unavailable
CRITICAL:strat7:2022-12-19 17:55:48,791:14233: Yes my_avgbuy_price unavailable
CRITICAL:strat7:2022-12-19 17:56:15,396:14234: Yes my_avgbuy_price unavailable
CRITICAL:strat7:2022-12-19 17:56:17,463:14234: Yes my_avgbuy_price unavailable
CRITICAL:strat7:2022-12-19 17:56:20,487:14234: Yes my_avgbuy_price unavailable
CRITICAL:strat7:2022-12-19 17:56:22,544:14234: Yes my_avgbuy_price unavailable
CRITICAL:strat7:2022-12-19 17:56:51,752:14235: Yes my_avgbuy_price unavailable
CRITICAL:strat7:2022-12-19 17:56:53,814:14235: Yes my_avgbuy_price unavailable
CRITICAL:strat7:2022-12-19 17:56:56,343:14235: Yes my_avgbuy_price unavailable
CRITICAL:strat7:2022-12-19 17:56:58,494:14235: Yes my_avgbuy_price unavailable
CRITICAL:strat7:2022-12-19 17:57:27,892:14236: Yes my_avgbuy_price unavailable
CRITICAL:strat7:2022-12-19 17:57:30,124:14236: Yes my_avgbuy_price unavailable
CRITICAL:strat7:2022-12-19 17:57:33,059:14236: Yes my_avgbuy_price unavailable
CRITICAL:strat7:2022-12-19 17:57:35,161:14236: Yes my_avgbuy_price unavailable
CRITICAL:strat7:2022-12-19 18:01:22,931:14233: Yes my_avgbuy_price unavailable
CRITICAL:strat7:2022-12-19 18:01:25,174:14233: Yes my_avgbuy_price unavailable
CRITICAL:strat7:2022-12-19 18:01:54,924:14234: Yes my_avgbuy_price unavailable
CRITICAL:strat7:2022-12-19 18:01:57,076:14234: Yes my_avgbuy_price unavailable
CRITICAL:strat7:2022-12-19 18:02:00,065:14234: Yes my_avgbuy_price unavailable
CRITICAL:strat7:2022-12-19 18:02:02,817:14234: Yes my_avgbuy_price unavailable
CRITICAL:strat7:2022-12-19 18:02:34,744:14235: No my_buy_price unavailable
CRITICAL:strat7:2022-12-19 18:02:36,870:14235: No my_buy_price unavailable
CRITICAL:strat7:2022-12-19 18:02:39,879:14235: No my_buy_price unavailable
CRITICAL:strat7:2022-12-19 18:02:42,016:14235: No my_buy_price unavailable
CRITICAL:strat7:2022-12-19 18:03:14,535:14236: Yes my_avgbuy_price unavailable
CRITICAL:strat7:2022-12-19 18:03:18,200:14236: Yes my_avgbuy_price unavailable
CRITICAL:strat7:2022-12-19 18:03:21,289:14236: Yes my_avgbuy_price unavailable
CRITICAL:strat7:2022-12-19 18:03:23,340:14236: Yes my_avgbuy_price unavailable
CRITICAL:strat7:2022-12-19 18:07:06,046:14233: Yes my_avgbuy_price unavailable
CRITICAL:strat7:2022-12-19 18:07:08,245:14233: Yes my_avgbuy_price unavailable
CRITICAL:strat7:2022-12-19 18:07:37,729:14234: Yes my_avgbuy_price unavailable
CRITICAL:strat7:2022-12-19 18:07:39,869:14234: Yes my_avgbuy_price unavailable
CRITICAL:strat7:2022-12-19 18:07:43,456:14234: Yes my_avgbuy_price unavailable
CRITICAL:strat7:2022-12-19 18:07:45,540:14234: Yes my_avgbuy_price unavailable
CRITICAL:strat7:2022-12-19 18:08:15,077:14235: No my_buy_price unavailable
CRITICAL:strat7:2022-12-19 18:08:17,238:14235: No my_buy_price unavailable
CRITICAL:strat7:2022-12-19 18:08:20,212:14235: No my_buy_price unavailable
CRITICAL:strat7:2022-12-19 18:08:22,928:14235: No my_buy_price unavailable
CRITICAL:strat7:2022-12-19 18:08:53,813:14236: Yes my_avgbuy_price unavailable
CRITICAL:strat7:2022-12-19 18:08:55,898:14236: Yes my_avgbuy_price unavailable
CRITICAL:strat7:2022-12-19 18:08:58,839:14236: Yes my_avgbuy_price unavailable
CRITICAL:strat7:2022-12-19 18:09:01,395:14236: Yes my_avgbuy_price unavailable
CRITICAL:strat7:2022-12-19 18:12:40,977:14233: Yes my_avgbuy_price unavailable
CRITICAL:strat7:2022-12-19 18:12:43,191:14233: Yes my_avgbuy_price unavailable
CRITICAL:strat7:2022-12-19 18:13:11,968:14234: Yes my_avgbuy_price unavailable
CRITICAL:strat7:2022-12-19 18:13:14,118:14234: Yes my_avgbuy_price unavailable
CRITICAL:strat7:2022-12-19 18:13:17,061:14234: Yes my_avgbuy_price unavailable
CRITICAL:strat7:2022-12-19 18:13:19,231:14234: Yes my_avgbuy_price unavailable
CRITICAL:strat7:2022-12-19 18:14:33,792:14236: Yes my_avgbuy_price unavailable
CRITICAL:strat7:2022-12-19 18:14:35,925:14236: Yes my_avgbuy_price unavailable
CRITICAL:strat7:2022-12-19 18:14:39,022:14236: Yes my_avgbuy_price unavailable
CRITICAL:strat7:2022-12-19 18:14:41,140:14236: Yes my_avgbuy_price unavailable
CRITICAL:strat7:2022-12-19 18:18:22,571:14233: Yes my_avgbuy_price unavailable
CRITICAL:strat7:2022-12-19 18:18:24,666:14233: Yes my_avgbuy_price unavailable
CRITICAL:strat7:2022-12-19 18:18:53,583:14234: Yes my_avgbuy_price unavailable
CRITICAL:strat7:2022-12-19 18:18:55,629:14234: Yes my_avgbuy_price unavailable
CRITICAL:strat7:2022-12-19 18:18:58,580:14234: Yes my_avgbuy_price unavailable
CRITICAL:strat7:2022-12-19 18:19:00,743:14234: Yes my_avgbuy_price unavailable
CRITICAL:strat7:2022-12-19 18:19:33,580:14235: Yes my_avgbuy_price unavailable
CRITICAL:strat7:2022-12-19 18:19:35,671:14235: Yes my_avgbuy_price unavailable
CRITICAL:strat7:2022-12-19 18:19:45,230:14235: Yes my_avgbuy_price unavailable
CRITICAL:strat7:2022-12-19 18:19:47,350:14235: Yes my_avgbuy_price unavailable
CRITICAL:strat7:2022-12-19 18:20:22,043:14236: Yes my_avgbuy_price unavailable
CRITICAL:strat7:2022-12-19 18:20:24,157:14236: Yes my_avgbuy_price unavailable
CRITICAL:strat7:2022-12-19 18:20:27,086:14236: Yes my_avgbuy_price unavailable
CRITICAL:strat7:2022-12-19 18:20:29,139:14236: Yes my_avgbuy_price unavailable
CRITICAL:strat7:2022-12-19 18:24:11,431:14233: Yes my_avgbuy_price unavailable
CRITICAL:strat7:2022-12-19 18:24:13,539:14233: Yes my_avgbuy_price unavailable
CRITICAL:strat7:2022-12-19 18:24:41,027:14234: Yes my_avgbuy_price unavailable
CRITICAL:strat7:2022-12-19 18:24:43,166:14234: Yes my_avgbuy_price unavailable
CRITICAL:strat7:2022-12-19 18:24:46,035:14234: Yes my_avgbuy_price unavailable
CRITICAL:strat7:2022-12-19 18:24:48,181:14234: Yes my_avgbuy_price unavailable
CRITICAL:strat7:2022-12-19 18:25:20,699:14235: Yes my_avgbuy_price unavailable
CRITICAL:strat7:2022-12-19 18:25:22,776:14235: Yes my_avgbuy_price unavailable
CRITICAL:strat7:2022-12-19 18:25:35,327:14235: Yes my_avgbuy_price unavailable
CRITICAL:strat7:2022-12-19 18:25:37,387:14235: Yes my_avgbuy_price unavailable
CRITICAL:strat7:2022-12-19 18:26:06,027:14236: Yes my_avgbuy_price unavailable
CRITICAL:strat7:2022-12-19 18:26:08,162:14236: Yes my_avgbuy_price unavailable
CRITICAL:strat7:2022-12-19 18:26:11,108:14236: Yes my_avgbuy_price unavailable
CRITICAL:strat7:2022-12-19 18:26:13,254:14236: Yes my_avgbuy_price unavailable
CRITICAL:strat7:2022-12-19 18:26:45,082:14237: No my_buy_price unavailable
CRITICAL:strat7:2022-12-19 18:26:47,192:14237: No my_buy_price unavailable
CRITICAL:strat7:2022-12-19 18:26:56,866:14237: No my_buy_price unavailable
CRITICAL:strat7:2022-12-19 18:26:59,020:14237: No my_buy_price unavailable
CRITICAL:strat7:2022-12-19 18:30:26,057:14233: Yes my_avgbuy_price unavailable
CRITICAL:strat7:2022-12-19 18:30:28,236:14233: Yes my_avgbuy_price unavailable
CRITICAL:strat7:2022-12-19 18:30:58,140:14234: Yes my_avgbuy_price unavailable
CRITICAL:strat7:2022-12-19 18:31:00,214:14234: Yes my_avgbuy_price unavailable
CRITICAL:strat7:2022-12-19 18:31:03,238:14234: Yes my_avgbuy_price unavailable
CRITICAL:strat7:2022-12-19 18:31:05,283:14234: Yes my_avgbuy_price unavailable
CRITICAL:strat7:2022-12-19 18:32:10,561:14236: Yes my_avgbuy_price unavailable
CRITICAL:strat7:2022-12-19 18:32:12,597:14236: Yes my_avgbuy_price unavailable
CRITICAL:strat7:2022-12-19 18:32:15,575:14236: Yes my_avgbuy_price unavailable
CRITICAL:strat7:2022-12-19 18:32:17,728:14236: Yes my_avgbuy_price unavailable
CRITICAL:strat7:2022-12-19 18:32:50,672:14237: No my_buy_price unavailable
CRITICAL:strat7:2022-12-19 18:32:53,292:14237: No my_buy_price unavailable
CRITICAL:strat7:2022-12-19 18:33:05,784:14237: No my_buy_price unavailable
CRITICAL:strat7:2022-12-19 18:33:07,872:14237: No my_buy_price unavailable
CRITICAL:strat7:2022-12-19 18:33:41,406:14238: No my_buy_price unavailable
CRITICAL:strat7:2022-12-19 18:33:43,490:14238: No my_buy_price unavailable
CRITICAL:strat7:2022-12-19 18:33:46,391:14238: No my_buy_price unavailable
CRITICAL:strat7:2022-12-19 18:33:48,508:14238: No my_buy_price unavailable
CRITICAL:strat7:2022-12-19 18:34:11,103:14239: No my_buy_price unavailable
CRITICAL:strat7:2022-12-19 18:34:13,198:14239: No my_buy_price unavailable
CRITICAL:strat7:2022-12-19 18:34:16,142:14239: No my_buy_price unavailable
CRITICAL:strat7:2022-12-19 18:34:18,279:14239: No my_buy_price unavailable
CRITICAL:strat7:2022-12-19 18:36:16,598:14233: Yes my_avgbuy_price unavailable
CRITICAL:strat7:2022-12-19 18:36:19,341:14233: Yes my_avgbuy_price unavailable
CRITICAL:strat7:2022-12-19 18:36:48,383:14234: Yes my_avgbuy_price unavailable
CRITICAL:strat7:2022-12-19 18:36:50,588:14234: Yes my_avgbuy_price unavailable
CRITICAL:strat7:2022-12-19 18:36:53,503:14234: Yes my_avgbuy_price unavailable
CRITICAL:strat7:2022-12-19 18:36:56,096:14234: Yes my_avgbuy_price unavailable
CRITICAL:strat7:2022-12-19 18:38:11,672:14236: Yes my_avgbuy_price unavailable
CRITICAL:strat7:2022-12-19 18:38:13,761:14236: Yes my_avgbuy_price unavailable
CRITICAL:strat7:2022-12-19 18:38:16,794:14236: Yes my_avgbuy_price unavailable
CRITICAL:strat7:2022-12-19 18:38:19,023:14236: Yes my_avgbuy_price unavailable
CRITICAL:strat7:2022-12-19 18:38:50,312:14237: Yes my_avgbuy_price unavailable
CRITICAL:strat7:2022-12-19 18:38:52,403:14237: Yes my_avgbuy_price unavailable
CRITICAL:strat7:2022-12-19 18:38:59,711:14237: Yes my_avgbuy_price unavailable
CRITICAL:strat7:2022-12-19 18:39:01,883:14237: Yes my_avgbuy_price unavailable
CRITICAL:strat7:2022-12-19 18:39:31,934:14238: No my_buy_price unavailable
CRITICAL:strat7:2022-12-19 18:39:34,080:14238: No my_buy_price unavailable
CRITICAL:strat7:2022-12-19 18:39:37,109:14238: No my_buy_price unavailable
CRITICAL:strat7:2022-12-19 18:39:39,277:14238: No my_buy_price unavailable
CRITICAL:strat7:2022-12-19 18:40:09,154:14239: No my_buy_price unavailable
CRITICAL:strat7:2022-12-19 18:40:12,257:14239: No my_buy_price unavailable
CRITICAL:strat7:2022-12-19 18:40:15,247:14239: No my_buy_price unavailable
CRITICAL:strat7:2022-12-19 18:40:17,357:14239: No my_buy_price unavailable
CRITICAL:strat7:2022-12-19 18:42:18,580:14233: Yes my_avgbuy_price unavailable
CRITICAL:strat7:2022-12-19 18:42:20,740:14233: Yes my_avgbuy_price unavailable
CRITICAL:strat7:2022-12-19 18:42:49,979:14234: Yes my_avgbuy_price unavailable
CRITICAL:strat7:2022-12-19 18:42:52,139:14234: Yes my_avgbuy_price unavailable
CRITICAL:strat7:2022-12-19 18:42:55,758:14234: Yes my_avgbuy_price unavailable
CRITICAL:strat7:2022-12-19 18:42:57,819:14234: Yes my_avgbuy_price unavailable
CRITICAL:strat7:2022-12-19 18:44:03,869:14236: Yes my_avgbuy_price unavailable
CRITICAL:strat7:2022-12-19 18:44:06,164:14236: Yes my_avgbuy_price unavailable
CRITICAL:strat7:2022-12-19 18:44:09,070:14236: Yes my_avgbuy_price unavailable
CRITICAL:strat7:2022-12-19 18:44:11,210:14236: Yes my_avgbuy_price unavailable
CRITICAL:strat7:2022-12-19 18:45:09,849:14238: No my_buy_price unavailable
CRITICAL:strat7:2022-12-19 18:45:12,001:14238: No my_buy_price unavailable
CRITICAL:strat7:2022-12-19 18:45:41,149:14239: No my_buy_price unavailable
CRITICAL:strat7:2022-12-19 18:45:43,245:14239: No my_buy_price unavailable
CRITICAL:strat7:2022-12-19 18:45:46,156:14239: No my_buy_price unavailable
CRITICAL:strat7:2022-12-19 18:45:48,237:14239: No my_buy_price unavailable
CRITICAL:strat7:2022-12-19 18:47:48,306:14233: Yes my_avgbuy_price unavailable
CRITICAL:strat7:2022-12-19 18:47:50,375:14233: Yes my_avgbuy_price unavailable
CRITICAL:strat7:2022-12-19 18:48:19,319:14234: Yes my_avgbuy_price unavailable
CRITICAL:strat7:2022-12-19 18:48:21,425:14234: Yes my_avgbuy_price unavailable
CRITICAL:strat7:2022-12-19 18:48:24,298:14234: Yes my_avgbuy_price unavailable
CRITICAL:strat7:2022-12-19 18:48:26,482:14234: Yes my_avgbuy_price unavailable
CRITICAL:strat7:2022-12-19 18:49:37,206:14236: Yes my_avgbuy_price unavailable
CRITICAL:strat7:2022-12-19 18:49:39,300:14236: Yes my_avgbuy_price unavailable
CRITICAL:strat7:2022-12-19 18:49:42,288:14236: Yes my_avgbuy_price unavailable
CRITICAL:strat7:2022-12-19 18:49:44,372:14236: Yes my_avgbuy_price unavailable
CRITICAL:strat7:2022-12-19 18:50:41,159:14238: No my_buy_price unavailable
CRITICAL:strat7:2022-12-19 18:50:43,299:14238: No my_buy_price unavailable
CRITICAL:strat7:2022-12-19 18:51:12,233:14239: No my_buy_price unavailable
CRITICAL:strat7:2022-12-19 18:51:14,331:14239: No my_buy_price unavailable
CRITICAL:strat7:2022-12-19 18:51:17,303:14239: No my_buy_price unavailable
CRITICAL:strat7:2022-12-19 18:51:19,385:14239: No my_buy_price unavailable
CRITICAL:strat7:2022-12-19 18:53:21,473:14233: Yes my_avgbuy_price unavailable
CRITICAL:strat7:2022-12-19 18:53:23,554:14233: Yes my_avgbuy_price unavailable
CRITICAL:strat7:2022-12-19 18:53:53,080:14234: Yes my_avgbuy_price unavailable
CRITICAL:strat7:2022-12-19 18:53:55,234:14234: Yes my_avgbuy_price unavailable
CRITICAL:strat7:2022-12-19 18:53:58,181:14234: Yes my_avgbuy_price unavailable
CRITICAL:strat7:2022-12-19 18:54:00,306:14234: Yes my_avgbuy_price unavailable
CRITICAL:strat7:2022-12-19 18:55:39,422:14237: Yes my_avgbuy_price unavailable
CRITICAL:strat7:2022-12-19 18:55:41,604:14237: Yes my_avgbuy_price unavailable
CRITICAL:strat7:2022-12-19 18:55:49,956:14237: Yes my_avgbuy_price unavailable
CRITICAL:strat7:2022-12-19 18:55:52,129:14237: Yes my_avgbuy_price unavailable
CRITICAL:strat7:2022-12-19 18:57:03,066:14239: No my_buy_price unavailable
CRITICAL:strat7:2022-12-19 18:57:05,150:14239: No my_buy_price unavailable
CRITICAL:strat7:2022-12-19 18:57:08,500:14239: No my_buy_price unavailable
CRITICAL:strat7:2022-12-19 18:57:10,577:14239: No my_buy_price unavailable
CRITICAL:strat7:2022-12-19 18:59:52,223:14234: Yes my_avgbuy_price unavailable
CRITICAL:strat7:2022-12-19 18:59:54,351:14234: Yes my_avgbuy_price unavailable
CRITICAL:strat7:2022-12-19 18:59:57,417:14234: Yes my_avgbuy_price unavailable
CRITICAL:strat7:2022-12-19 18:59:59,475:14234: Yes my_avgbuy_price unavailable
CRITICAL:strat7:2022-12-19 19:02:51,924:14239: No my_buy_price unavailable
CRITICAL:strat7:2022-12-19 19:02:54,042:14239: No my_buy_price unavailable
CRITICAL:strat7:2022-12-19 19:02:56,942:14239: No my_buy_price unavailable
CRITICAL:strat7:2022-12-19 19:02:59,074:14239: No my_buy_price unavailable
CRITICAL:strat7:2022-12-19 19:05:33,896:14234: Yes my_avgbuy_price unavailable
CRITICAL:strat7:2022-12-19 19:05:36,081:14234: Yes my_avgbuy_price unavailable
CRITICAL:strat7:2022-12-19 19:05:39,032:14234: Yes my_avgbuy_price unavailable
CRITICAL:strat7:2022-12-19 19:05:41,140:14234: Yes my_avgbuy_price unavailable
CRITICAL:strat7:2022-12-19 19:10:46,186:14234: Yes my_avgbuy_price unavailable
CRITICAL:strat7:2022-12-19 19:10:48,281:14234: Yes my_avgbuy_price unavailable
CRITICAL:strat7:2022-12-19 19:10:51,233:14234: Yes my_avgbuy_price unavailable
CRITICAL:strat7:2022-12-19 19:10:53,448:14234: Yes my_avgbuy_price unavailable
CRITICAL:strat7:2022-12-19 19:16:11,848:14234: Yes my_avgbuy_price unavailable
CRITICAL:strat7:2022-12-19 19:16:14,041:14234: Yes my_avgbuy_price unavailable
CRITICAL:strat7:2022-12-19 19:16:17,565:14234: Yes my_avgbuy_price unavailable
CRITICAL:strat7:2022-12-19 19:16:19,716:14234: Yes my_avgbuy_price unavailable
CRITICAL:strat7:2022-12-19 19:21:31,548:14234: Yes my_avgbuy_price unavailable
CRITICAL:strat7:2022-12-19 19:21:33,558:14234: Yes my_avgbuy_price unavailable
CRITICAL:strat7:2022-12-19 19:21:36,438:14234: Yes my_avgbuy_price unavailable
CRITICAL:strat7:2022-12-19 19:21:38,429:14234: Yes my_avgbuy_price unavailable
CRITICAL:strat7:2022-12-19 19:23:21,968:14237: Yes my_avgbuy_price unavailable
CRITICAL:strat7:2022-12-19 19:23:24,159:14237: Yes my_avgbuy_price unavailable
CRITICAL:strat7:2022-12-19 19:23:27,119:14237: Yes my_avgbuy_price unavailable
CRITICAL:strat7:2022-12-19 19:23:29,235:14237: Yes my_avgbuy_price unavailable
CRITICAL:strat7:2022-12-19 19:27:06,940:14234: Yes my_avgbuy_price unavailable
CRITICAL:strat7:2022-12-19 19:27:09,086:14234: Yes my_avgbuy_price unavailable
CRITICAL:strat7:2022-12-19 19:27:12,082:14234: Yes my_avgbuy_price unavailable
CRITICAL:strat7:2022-12-19 19:27:14,130:14234: Yes my_avgbuy_price unavailable
CRITICAL:strat7:2022-12-19 19:28:52,341:14237: Yes my_avgbuy_price unavailable
CRITICAL:strat7:2022-12-19 19:28:54,493:14237: Yes my_avgbuy_price unavailable
CRITICAL:strat7:2022-12-19 19:28:57,435:14237: Yes my_avgbuy_price unavailable
CRITICAL:strat7:2022-12-19 19:28:59,408:14237: Yes my_avgbuy_price unavailable
CRITICAL:strat7:2022-12-19 19:32:37,192:14234: Yes my_avgbuy_price unavailable
CRITICAL:strat7:2022-12-19 19:32:39,199:14234: Yes my_avgbuy_price unavailable
CRITICAL:strat7:2022-12-19 19:32:42,115:14234: Yes my_avgbuy_price unavailable
CRITICAL:strat7:2022-12-19 19:32:44,175:14234: Yes my_avgbuy_price unavailable
CRITICAL:strat7:2022-12-19 19:34:21,440:14237: Yes my_avgbuy_price unavailable
CRITICAL:strat7:2022-12-19 19:34:23,693:14237: Yes my_avgbuy_price unavailable
CRITICAL:strat7:2022-12-19 19:34:26,682:14237: Yes my_avgbuy_price unavailable
CRITICAL:strat7:2022-12-19 19:34:28,761:14237: Yes my_avgbuy_price unavailable
CRITICAL:strat7:2022-12-19 19:37:55,813:14234: Yes my_avgbuy_price unavailable
CRITICAL:strat7:2022-12-19 19:37:57,911:14234: Yes my_avgbuy_price unavailable
CRITICAL:strat7:2022-12-19 19:38:01,648:14234: Yes my_avgbuy_price unavailable
CRITICAL:strat7:2022-12-19 19:38:03,730:14234: Yes my_avgbuy_price unavailable
CRITICAL:strat7:2022-12-19 19:39:08,718:14236: No my_buy_price unavailable
CRITICAL:strat7:2022-12-19 19:39:10,792:14236: No my_buy_price unavailable
CRITICAL:strat7:2022-12-19 19:39:15,406:14236: No my_buy_price unavailable
CRITICAL:strat7:2022-12-19 19:39:17,451:14236: No my_buy_price unavailable
CRITICAL:strat7:2022-12-19 19:43:31,585:14234: Yes my_avgbuy_price unavailable
CRITICAL:strat7:2022-12-19 19:43:33,593:14234: Yes my_avgbuy_price unavailable
CRITICAL:strat7:2022-12-19 19:43:36,549:14234: Yes my_avgbuy_price unavailable
CRITICAL:strat7:2022-12-19 19:43:38,525:14234: Yes my_avgbuy_price unavailable
CRITICAL:strat7:2022-12-19 19:44:44,157:14236: No my_buy_price unavailable
CRITICAL:strat7:2022-12-19 19:44:46,252:14236: No my_buy_price unavailable
CRITICAL:strat7:2022-12-19 19:44:49,171:14236: No my_buy_price unavailable
CRITICAL:strat7:2022-12-19 19:44:51,850:14236: No my_buy_price unavailable
CRITICAL:strat7:2022-12-19 19:45:38,363:14237: No my_buy_price unavailable
CRITICAL:strat7:2022-12-19 19:45:40,325:14237: No my_buy_price unavailable
CRITICAL:strat7:2022-12-19 19:46:14,182:14238: No my_buy_price unavailable
CRITICAL:strat7:2022-12-19 19:46:16,241:14238: No my_buy_price unavailable
CRITICAL:strat7:2022-12-19 19:46:18,233:14238: No my_buy_price unavailable
CRITICAL:strat7:2022-12-19 19:46:20,330:14238: No my_buy_price unavailable
CRITICAL:strat7:2022-12-19 19:49:17,956:14234: Yes my_avgbuy_price unavailable
CRITICAL:strat7:2022-12-19 19:49:20,034:14234: Yes my_avgbuy_price unavailable
CRITICAL:strat7:2022-12-19 19:49:22,982:14234: Yes my_avgbuy_price unavailable
CRITICAL:strat7:2022-12-19 19:49:25,082:14234: Yes my_avgbuy_price unavailable
CRITICAL:strat7:2022-12-19 19:51:06,111:14237: Yes my_avgbuy_price unavailable
CRITICAL:strat7:2022-12-19 19:51:08,229:14237: Yes my_avgbuy_price unavailable
CRITICAL:strat7:2022-12-19 19:54:48,774:14234: Yes my_avgbuy_price unavailable
CRITICAL:strat7:2022-12-19 19:54:50,780:14234: Yes my_avgbuy_price unavailable
CRITICAL:strat7:2022-12-19 19:54:53,822:14234: Yes my_avgbuy_price unavailable
CRITICAL:strat7:2022-12-19 19:54:55,913:14234: Yes my_avgbuy_price unavailable
CRITICAL:strat7:2022-12-19 19:56:34,128:14237: Yes my_avgbuy_price unavailable
CRITICAL:strat7:2022-12-19 19:56:36,340:14237: Yes my_avgbuy_price unavailable
CRITICAL:strat7:2022-12-19 19:56:39,375:14237: Yes my_avgbuy_price unavailable
CRITICAL:strat7:2022-12-19 19:56:41,424:14237: Yes my_avgbuy_price unavailable
CRITICAL:strat7:2022-12-19 20:00:11,419:14234: Yes my_avgbuy_price unavailable
CRITICAL:strat7:2022-12-19 20:00:13,451:14234: Yes my_avgbuy_price unavailable
CRITICAL:strat7:2022-12-19 20:00:16,260:14234: Yes my_avgbuy_price unavailable
CRITICAL:strat7:2022-12-19 20:00:18,322:14234: Yes my_avgbuy_price unavailable
CRITICAL:strat7:2022-12-19 20:02:54,057:14238: No my_buy_price unavailable
CRITICAL:strat7:2022-12-19 20:02:56,159:14238: No my_buy_price unavailable
CRITICAL:strat7:2022-12-19 20:02:59,210:14238: No my_buy_price unavailable
CRITICAL:strat7:2022-12-19 20:03:01,355:14238: No my_buy_price unavailable
CRITICAL:strat7:2022-12-19 20:06:00,478:14234: Yes my_avgbuy_price unavailable
CRITICAL:strat7:2022-12-19 20:06:02,610:14234: Yes my_avgbuy_price unavailable
CRITICAL:strat7:2022-12-19 20:06:06,191:14234: Yes my_avgbuy_price unavailable
CRITICAL:strat7:2022-12-19 20:06:08,235:14234: Yes my_avgbuy_price unavailable
CRITICAL:strat7:2022-12-19 20:08:41,306:14238: No my_buy_price unavailable
CRITICAL:strat7:2022-12-19 20:08:43,361:14238: No my_buy_price unavailable
CRITICAL:strat7:2022-12-19 20:08:45,468:14238: No my_buy_price unavailable
CRITICAL:strat7:2022-12-19 20:08:47,544:14238: No my_buy_price unavailable
CRITICAL:strat7:2022-12-19 20:11:35,240:14234: Yes my_avgbuy_price unavailable
CRITICAL:strat7:2022-12-19 20:11:37,372:14234: Yes my_avgbuy_price unavailable
CRITICAL:strat7:2022-12-19 20:11:40,951:14234: Yes my_avgbuy_price unavailable
CRITICAL:strat7:2022-12-19 20:11:43,095:14234: Yes my_avgbuy_price unavailable
CRITICAL:strat7:2022-12-19 20:17:19,237:14234: Yes my_avgbuy_price unavailable
CRITICAL:strat7:2022-12-19 20:17:21,955:14234: Yes my_avgbuy_price unavailable
CRITICAL:strat7:2022-12-19 20:17:24,850:14234: Yes my_avgbuy_price unavailable
CRITICAL:strat7:2022-12-19 20:17:27,025:14234: Yes my_avgbuy_price unavailable
CRITICAL:strat7:2022-12-19 20:22:45,488:14234: Yes my_avgbuy_price unavailable
CRITICAL:strat7:2022-12-19 20:22:47,510:14234: Yes my_avgbuy_price unavailable
CRITICAL:strat7:2022-12-19 20:22:50,408:14234: Yes my_avgbuy_price unavailable
CRITICAL:strat7:2022-12-19 20:22:52,514:14234: Yes my_avgbuy_price unavailable
CRITICAL:strat7:2022-12-19 20:28:14,058:14234: Yes my_avgbuy_price unavailable
CRITICAL:strat7:2022-12-19 20:28:16,098:14234: Yes my_avgbuy_price unavailable
CRITICAL:strat7:2022-12-19 20:28:18,981:14234: Yes my_avgbuy_price unavailable
CRITICAL:strat7:2022-12-19 20:28:21,093:14234: Yes my_avgbuy_price unavailable
CRITICAL:strat7:2022-12-19 20:38:36,807:14234: Yes my_avgbuy_price unavailable
CRITICAL:strat7:2022-12-19 20:38:38,921:14234: Yes my_avgbuy_price unavailable
CRITICAL:strat7:2022-12-19 20:38:41,775:14234: Yes my_avgbuy_price unavailable
CRITICAL:strat7:2022-12-19 20:38:43,783:14234: Yes my_avgbuy_price unavailable
CRITICAL:strat7:2022-12-19 20:40:51,652:14238: No my_buy_price unavailable
CRITICAL:strat7:2022-12-19 20:40:53,794:14238: No my_buy_price unavailable
CRITICAL:strat7:2022-12-19 20:40:56,632:14238: No my_buy_price unavailable
CRITICAL:strat7:2022-12-19 20:40:58,786:14238: No my_buy_price unavailable
CRITICAL:strat7:2022-12-19 20:43:42,149:14234: Yes my_avgbuy_price unavailable
CRITICAL:strat7:2022-12-19 20:43:44,152:14234: Yes my_avgbuy_price unavailable
CRITICAL:strat7:2022-12-19 20:43:46,996:14234: Yes my_avgbuy_price unavailable
CRITICAL:strat7:2022-12-19 20:43:49,002:14234: Yes my_avgbuy_price unavailable
CRITICAL:strat7:2022-12-19 20:48:47,313:14234: Yes my_avgbuy_price unavailable
CRITICAL:strat7:2022-12-19 20:48:49,338:14234: Yes my_avgbuy_price unavailable
CRITICAL:strat7:2022-12-19 20:48:52,188:14234: Yes my_avgbuy_price unavailable
CRITICAL:strat7:2022-12-19 20:48:54,212:14234: Yes my_avgbuy_price unavailable
CRITICAL:strat7:2022-12-19 20:54:11,264:14234: Yes my_avgbuy_price unavailable
CRITICAL:strat7:2022-12-19 20:54:13,367:14234: Yes my_avgbuy_price unavailable
CRITICAL:strat7:2022-12-19 20:54:16,343:14234: Yes my_avgbuy_price unavailable
CRITICAL:strat7:2022-12-19 20:54:18,382:14234: Yes my_avgbuy_price unavailable
CRITICAL:strat7:2022-12-19 20:59:31,819:14234: Yes my_avgbuy_price unavailable
CRITICAL:strat7:2022-12-19 20:59:33,866:14234: Yes my_avgbuy_price unavailable
CRITICAL:strat7:2022-12-19 20:59:36,738:14234: Yes my_avgbuy_price unavailable
CRITICAL:strat7:2022-12-19 20:59:38,808:14234: Yes my_avgbuy_price unavailable
CRITICAL:strat7:2022-12-19 21:05:05,829:14234: Yes my_avgbuy_price unavailable
CRITICAL:strat7:2022-12-19 21:05:07,826:14234: Yes my_avgbuy_price unavailable
CRITICAL:strat7:2022-12-19 21:05:10,808:14234: Yes my_avgbuy_price unavailable
CRITICAL:strat7:2022-12-19 21:05:12,799:14234: Yes my_avgbuy_price unavailable
CRITICAL:strat7:2022-12-19 21:10:26,251:14234: Yes my_avgbuy_price unavailable
CRITICAL:strat7:2022-12-19 21:10:28,347:14234: Yes my_avgbuy_price unavailable
CRITICAL:strat7:2022-12-19 21:10:31,239:14234: Yes my_avgbuy_price unavailable
CRITICAL:strat7:2022-12-19 21:10:33,269:14234: Yes my_avgbuy_price unavailable
CRITICAL:strat7:2022-12-19 21:15:39,123:14234: Yes my_avgbuy_price unavailable
CRITICAL:strat7:2022-12-19 21:15:41,162:14234: Yes my_avgbuy_price unavailable
CRITICAL:strat7:2022-12-19 21:15:44,025:14234: Yes my_avgbuy_price unavailable
CRITICAL:strat7:2022-12-19 21:15:46,066:14234: Yes my_avgbuy_price unavailable
CRITICAL:strat7:2022-12-19 21:18:00,341:14238: No my_buy_price unavailable
CRITICAL:strat7:2022-12-19 21:18:02,395:14238: No my_buy_price unavailable
CRITICAL:strat7:2022-12-19 21:18:05,400:14238: No my_buy_price unavailable
CRITICAL:strat7:2022-12-19 21:18:07,471:14238: No my_buy_price unavailable
CRITICAL:strat7:2022-12-19 21:20:51,321:14234: Yes my_avgbuy_price unavailable
CRITICAL:strat7:2022-12-19 21:20:53,502:14234: Yes my_avgbuy_price unavailable
CRITICAL:strat7:2022-12-19 21:20:56,589:14234: Yes my_avgbuy_price unavailable
CRITICAL:strat7:2022-12-19 21:20:58,679:14234: Yes my_avgbuy_price unavailable
CRITICAL:strat7:2022-12-19 21:26:00,125:14234: Yes my_avgbuy_price unavailable
CRITICAL:strat7:2022-12-19 21:26:02,184:14234: Yes my_avgbuy_price unavailable
CRITICAL:strat7:2022-12-19 21:26:05,072:14234: Yes my_avgbuy_price unavailable
CRITICAL:strat7:2022-12-19 21:26:07,088:14234: Yes my_avgbuy_price unavailable
CRITICAL:strat7:2022-12-19 21:27:15,400:14236: No my_buy_price unavailable
CRITICAL:strat7:2022-12-19 21:27:17,560:14236: No my_buy_price unavailable
CRITICAL:strat7:2022-12-19 21:27:20,540:14236: No my_buy_price unavailable
CRITICAL:strat7:2022-12-19 21:27:22,692:14236: No my_buy_price unavailable
CRITICAL:strat7:2022-12-19 21:31:21,909:14234: Yes my_avgbuy_price unavailable
CRITICAL:strat7:2022-12-19 21:31:23,929:14234: Yes my_avgbuy_price unavailable
CRITICAL:strat7:2022-12-19 21:31:26,904:14234: Yes my_avgbuy_price unavailable
CRITICAL:strat7:2022-12-19 21:31:29,058:14234: Yes my_avgbuy_price unavailable
CRITICAL:strat7:2022-12-19 21:32:37,159:14236: No my_buy_price unavailable
CRITICAL:strat7:2022-12-19 21:32:39,309:14236: No my_buy_price unavailable
CRITICAL:strat7:2022-12-19 21:32:42,218:14236: No my_buy_price unavailable
CRITICAL:strat7:2022-12-19 21:32:44,256:14236: No my_buy_price unavailable
CRITICAL:strat7:2022-12-19 21:36:48,254:14234: Yes my_avgbuy_price unavailable
CRITICAL:strat7:2022-12-19 21:36:50,299:14234: Yes my_avgbuy_price unavailable
CRITICAL:strat7:2022-12-19 21:36:53,936:14234: Yes my_avgbuy_price unavailable
CRITICAL:strat7:2022-12-19 21:36:55,984:14234: Yes my_avgbuy_price unavailable
CRITICAL:strat7:2022-12-19 21:38:05,921:14236: No my_buy_price unavailable
CRITICAL:strat7:2022-12-19 21:38:07,964:14236: No my_buy_price unavailable
CRITICAL:strat7:2022-12-19 21:38:10,912:14236: No my_buy_price unavailable
CRITICAL:strat7:2022-12-19 21:38:12,977:14236: No my_buy_price unavailable
CRITICAL:strat7:2022-12-19 21:38:46,708:14237: No my_buy_price unavailable
CRITICAL:strat7:2022-12-19 21:38:49,719:14237: No my_buy_price unavailable
CRITICAL:strat7:2022-12-19 21:38:51,838:14237: No my_buy_price unavailable
CRITICAL:strat7:2022-12-19 21:42:15,426:14234: Yes my_avgbuy_price unavailable
CRITICAL:strat7:2022-12-19 21:42:17,498:14234: Yes my_avgbuy_price unavailable
CRITICAL:strat7:2022-12-19 21:42:20,571:14234: Yes my_avgbuy_price unavailable
CRITICAL:strat7:2022-12-19 21:42:22,634:14234: Yes my_avgbuy_price unavailable
CRITICAL:strat7:2022-12-19 21:43:29,800:14236: No my_buy_price unavailable
CRITICAL:strat7:2022-12-19 21:43:31,886:14236: No my_buy_price unavailable
CRITICAL:strat7:2022-12-19 21:43:34,847:14236: No my_buy_price unavailable
CRITICAL:strat7:2022-12-19 21:43:36,940:14236: No my_buy_price unavailable
CRITICAL:strat7:2022-12-19 21:44:03,097:14237: No my_buy_price unavailable
CRITICAL:strat7:2022-12-19 21:44:05,139:14237: No my_buy_price unavailable
CRITICAL:strat7:2022-12-19 21:44:08,040:14237: No my_buy_price unavailable
CRITICAL:strat7:2022-12-19 21:44:10,088:14237: No my_buy_price unavailable
CRITICAL:strat7:2022-12-19 21:47:29,636:14234: Yes my_avgbuy_price unavailable
CRITICAL:strat7:2022-12-19 21:47:31,681:14234: Yes my_avgbuy_price unavailable
CRITICAL:strat7:2022-12-19 21:47:34,633:14234: Yes my_avgbuy_price unavailable
CRITICAL:strat7:2022-12-19 21:47:36,749:14234: Yes my_avgbuy_price unavailable
CRITICAL:strat7:2022-12-19 21:48:39,160:14236: No my_buy_price unavailable
CRITICAL:strat7:2022-12-19 21:48:41,206:14236: No my_buy_price unavailable
CRITICAL:strat7:2022-12-19 21:48:44,166:14236: No my_buy_price unavailable
CRITICAL:strat7:2022-12-19 21:48:46,286:14236: No my_buy_price unavailable
CRITICAL:strat7:2022-12-19 21:52:48,704:14234: Yes my_avgbuy_price unavailable
CRITICAL:strat7:2022-12-19 21:52:50,798:14234: Yes my_avgbuy_price unavailable
CRITICAL:strat7:2022-12-19 21:52:53,763:14234: Yes my_avgbuy_price unavailable
CRITICAL:strat7:2022-12-19 21:52:55,904:14234: Yes my_avgbuy_price unavailable
CRITICAL:strat7:2022-12-19 21:58:13,100:14234: Yes my_avgbuy_price unavailable
CRITICAL:strat7:2022-12-19 21:58:15,122:14234: Yes my_avgbuy_price unavailable
CRITICAL:strat7:2022-12-19 21:58:18,234:14234: Yes my_avgbuy_price unavailable
CRITICAL:strat7:2022-12-19 21:58:20,437:14234: Yes my_avgbuy_price unavailable
CRITICAL:strat7:2022-12-19 21:59:30,294:14236: No my_buy_price unavailable
CRITICAL:strat7:2022-12-19 21:59:32,511:14236: No my_buy_price unavailable
CRITICAL:strat7:2022-12-19 21:59:35,623:14236: No my_buy_price unavailable
CRITICAL:strat7:2022-12-19 21:59:37,789:14236: No my_buy_price unavailable
CRITICAL:strat7:2022-12-19 22:03:38,773:14234: Yes my_avgbuy_price unavailable
CRITICAL:strat7:2022-12-19 22:03:40,822:14234: Yes my_avgbuy_price unavailable
CRITICAL:strat7:2022-12-19 22:03:43,966:14234: Yes my_avgbuy_price unavailable
CRITICAL:strat7:2022-12-19 22:03:46,056:14234: Yes my_avgbuy_price unavailable
CRITICAL:strat7:2022-12-19 22:04:58,146:14236: No my_buy_price unavailable
CRITICAL:strat7:2022-12-19 22:05:00,335:14236: No my_buy_price unavailable
CRITICAL:strat7:2022-12-19 22:05:03,967:14236: No my_buy_price unavailable
CRITICAL:strat7:2022-12-19 22:05:06,173:14236: No my_buy_price unavailable
CRITICAL:strat7:2022-12-19 22:09:10,880:14234: Yes my_avgbuy_price unavailable
CRITICAL:strat7:2022-12-19 22:09:13,069:14234: Yes my_avgbuy_price unavailable
CRITICAL:strat7:2022-12-19 22:09:16,153:14234: Yes my_avgbuy_price unavailable
CRITICAL:strat7:2022-12-19 22:09:18,784:14234: Yes my_avgbuy_price unavailable
CRITICAL:strat7:2022-12-19 22:10:22,998:14236: No my_buy_price unavailable
CRITICAL:strat7:2022-12-19 22:10:25,136:14236: No my_buy_price unavailable
CRITICAL:strat7:2022-12-19 22:10:28,524:14236: No my_buy_price unavailable
CRITICAL:strat7:2022-12-19 22:10:30,698:14236: No my_buy_price unavailable
CRITICAL:strat7:2022-12-19 22:14:16,790:14234: Yes my_avgbuy_price unavailable
CRITICAL:strat7:2022-12-19 22:14:18,976:14234: Yes my_avgbuy_price unavailable
CRITICAL:strat7:2022-12-19 22:14:22,254:14234: Yes my_avgbuy_price unavailable
CRITICAL:strat7:2022-12-19 22:14:24,566:14234: Yes my_avgbuy_price unavailable
CRITICAL:strat7:2022-12-19 22:19:42,494:14234: Yes my_avgbuy_price unavailable
CRITICAL:strat7:2022-12-19 22:19:45,016:14234: Yes my_avgbuy_price unavailable
CRITICAL:strat7:2022-12-19 22:19:48,625:14234: Yes my_avgbuy_price unavailable
CRITICAL:strat7:2022-12-19 22:19:50,827:14234: Yes my_avgbuy_price unavailable
CRITICAL:strat7:2022-12-19 22:24:59,990:14234: Yes my_avgbuy_price unavailable
CRITICAL:strat7:2022-12-19 22:25:03,765:14234: Yes my_avgbuy_price unavailable
CRITICAL:strat7:2022-12-19 22:25:08,124:14234: Yes my_avgbuy_price unavailable
CRITICAL:strat7:2022-12-19 22:25:10,295:14234: Yes my_avgbuy_price unavailable
CRITICAL:strat7:2022-12-19 22:35:35,896:14234: Yes my_avgbuy_price unavailable
CRITICAL:strat7:2022-12-19 22:35:37,987:14234: Yes my_avgbuy_price unavailable
CRITICAL:strat7:2022-12-19 22:35:40,474:14234: Yes my_avgbuy_price unavailable
CRITICAL:strat7:2022-12-19 22:35:42,618:14234: Yes my_avgbuy_price unavailable
CRITICAL:strat7:2022-12-19 22:40:51,225:14234: Yes my_avgbuy_price unavailable
CRITICAL:strat7:2022-12-19 22:40:53,350:14234: Yes my_avgbuy_price unavailable
CRITICAL:strat7:2022-12-19 22:40:55,913:14234: Yes my_avgbuy_price unavailable
CRITICAL:strat7:2022-12-19 22:40:58,235:14234: Yes my_avgbuy_price unavailable
CRITICAL:strat7:2022-12-19 22:45:52,795:14234: Yes my_avgbuy_price unavailable
CRITICAL:strat7:2022-12-19 22:45:54,943:14234: Yes my_avgbuy_price unavailable
CRITICAL:strat7:2022-12-19 22:45:57,463:14234: Yes my_avgbuy_price unavailable
CRITICAL:strat7:2022-12-19 22:45:59,627:14234: Yes my_avgbuy_price unavailable
CRITICAL:strat7:2022-12-19 22:51:25,447:14234: Yes my_avgbuy_price unavailable
CRITICAL:strat7:2022-12-19 22:51:27,582:14234: Yes my_avgbuy_price unavailable
CRITICAL:strat7:2022-12-19 22:51:30,013:14234: Yes my_avgbuy_price unavailable
CRITICAL:strat7:2022-12-19 22:51:32,219:14234: Yes my_avgbuy_price unavailable
CRITICAL:strat7:2022-12-19 22:56:29,817:14234: Yes my_avgbuy_price unavailable
CRITICAL:strat7:2022-12-19 22:56:31,825:14234: Yes my_avgbuy_price unavailable
CRITICAL:strat7:2022-12-19 22:56:34,313:14234: Yes my_avgbuy_price unavailable
CRITICAL:strat7:2022-12-19 22:56:36,828:14234: Yes my_avgbuy_price unavailable
