INFO:strat7:2022-12-15 14:54:53,276:213: Initialising event
INFO:strat7:2022-12-15 15:27:36,827:13977: Initialising event
CRITICAL:strat7:2022-12-15 15:28:03,724:13977: No my_buy_price unavailable
WARNING:strat7:2022-12-15 15:28:06,297:13977: last_values_dict empty
INFO:strat7:2022-12-15 15:28:12,844:13978: Initialising event
CRITICAL:strat7:2022-12-15 15:28:37,434:13978: No my_buy_price unavailable
WARNING:strat7:2022-12-15 15:28:39,867:13978: last_values_dict empty
INFO:strat7:2022-12-15 15:28:45,969:13979: Initialising event
CRITICAL:strat7:2022-12-15 15:29:08,828:13979: No my_buy_price unavailable
WARNING:strat7:2022-12-15 15:29:11,286:13979: last_values_dict empty
INFO:strat7:2022-12-15 15:29:17,358:13983: Initialising event
CRITICAL:strat7:2022-12-15 15:29:36,933:13983: Yes my_avgbuy_price unavailable
WARNING:strat7:2022-12-15 15:29:39,379:13983: last_values_dict empty
INFO:strat7:2022-12-15 15:29:45,425:13984: Initialising event
CRITICAL:strat7:2022-12-15 15:30:09,078:13984: Yes my_avgbuy_price unavailable
WARNING:strat7:2022-12-15 15:30:12,920:13984: last_values_dict empty
INFO:strat7:2022-12-15 15:30:19,089:13985: Initialising event
CRITICAL:strat7:2022-12-15 15:30:40,330:13985: No my_buy_price unavailable
WARNING:strat7:2022-12-15 15:30:42,841:13985: last_values_dict empty
INFO:strat7:2022-12-15 15:30:48,870:13986: Initialising event
CRITICAL:strat7:2022-12-15 15:31:15,966:13986: No my_buy_price unavailable
WARNING:strat7:2022-12-15 15:31:18,552:13986: last_values_dict empty
INFO:strat7:2022-12-15 15:31:25,482:13987: Initialising event
CRITICAL:strat7:2022-12-15 15:32:19,340:13977: Yes my_avgbuy_price unavailable
CRITICAL:strat7:2022-12-15 15:32:23,165:13977: Yes my_avgbuy_price unavailable
CRITICAL:strat7:2022-12-15 15:32:49,811:13978: No my_buy_price unavailable
CRITICAL:strat7:2022-12-15 15:32:52,263:13978: No my_buy_price unavailable
CRITICAL:strat7:2022-12-15 15:33:16,520:13979: No my_buy_price unavailable
CRITICAL:strat7:2022-12-15 15:33:18,917:13979: No my_buy_price unavailable
CRITICAL:strat7:2022-12-15 15:33:43,596:13983: No my_buy_price unavailable
CRITICAL:strat7:2022-12-15 15:33:45,980:13983: No my_buy_price unavailable
CRITICAL:strat7:2022-12-15 15:34:10,217:13984: Yes my_avgbuy_price unavailable
CRITICAL:strat7:2022-12-15 15:34:12,561:13984: Yes my_avgbuy_price unavailable
CRITICAL:strat7:2022-12-15 15:34:35,887:13985: No my_buy_price unavailable
CRITICAL:strat7:2022-12-15 15:34:38,269:13985: No my_buy_price unavailable
CRITICAL:strat7:2022-12-15 15:35:05,588:13986: No my_buy_price unavailable
CRITICAL:strat7:2022-12-15 15:35:09,613:13986: No my_buy_price unavailable
CRITICAL:strat7:2022-12-15 15:35:35,538:13987: No my_buy_price unavailable
WARNING:strat7:2022-12-15 15:35:38,029:13987: last_values_dict empty
CRITICAL:strat7:2022-12-15 15:37:02,120:13977: Yes my_avgbuy_price unavailable
CRITICAL:strat7:2022-12-15 15:37:06,145:13977: Yes my_avgbuy_price unavailable
CRITICAL:strat7:2022-12-15 15:37:29,136:13978: No my_buy_price unavailable
CRITICAL:strat7:2022-12-15 15:37:31,557:13978: No my_buy_price unavailable
CRITICAL:strat7:2022-12-15 15:37:55,626:13979: No my_buy_price unavailable
CRITICAL:strat7:2022-12-15 15:37:58,003:13979: No my_buy_price unavailable
CRITICAL:strat7:2022-12-15 15:38:21,802:13983: No my_buy_price unavailable
CRITICAL:strat7:2022-12-15 15:38:24,187:13983: No my_buy_price unavailable
CRITICAL:strat7:2022-12-15 15:38:48,083:13984: No my_buy_price unavailable
CRITICAL:strat7:2022-12-15 15:38:50,428:13984: No my_buy_price unavailable
CRITICAL:strat7:2022-12-15 15:39:15,528:13985: Yes my_avgbuy_price unavailable
CRITICAL:strat7:2022-12-15 15:39:18,116:13985: Yes my_avgbuy_price unavailable
CRITICAL:strat7:2022-12-15 15:39:44,075:13986: No my_buy_price unavailable
CRITICAL:strat7:2022-12-15 15:39:48,205:13986: No my_buy_price unavailable
CRITICAL:strat7:2022-12-15 15:40:16,582:13987: No my_buy_price unavailable
CRITICAL:strat7:2022-12-15 15:40:20,046:13987: No my_buy_price unavailable
CRITICAL:strat7:2022-12-15 15:41:45,657:13977: Yes my_avgbuy_price unavailable
CRITICAL:strat7:2022-12-15 15:41:51,096:13977: Yes my_avgbuy_price unavailable
CRITICAL:strat7:2022-12-15 15:42:14,807:13978: No my_buy_price unavailable
CRITICAL:strat7:2022-12-15 15:42:17,275:13978: No my_buy_price unavailable
CRITICAL:strat7:2022-12-15 15:42:41,713:13979: No my_buy_price unavailable
CRITICAL:strat7:2022-12-15 15:42:44,196:13979: No my_buy_price unavailable
CRITICAL:strat7:2022-12-15 15:43:07,918:13983: No my_buy_price unavailable
CRITICAL:strat7:2022-12-15 15:43:10,309:13983: No my_buy_price unavailable
CRITICAL:strat7:2022-12-15 15:43:35,332:13984: No my_buy_price unavailable
CRITICAL:strat7:2022-12-15 15:43:37,793:13984: No my_buy_price unavailable
CRITICAL:strat7:2022-12-15 15:44:01,421:13985: No my_buy_price unavailable
CRITICAL:strat7:2022-12-15 15:44:03,899:13985: No my_buy_price unavailable
CRITICAL:strat7:2022-12-15 15:44:30,361:13986: No my_buy_price unavailable
CRITICAL:strat7:2022-12-15 15:44:34,423:13986: No my_buy_price unavailable
CRITICAL:strat7:2022-12-15 15:45:00,912:13987: No my_buy_price unavailable
CRITICAL:strat7:2022-12-15 15:45:05,227:13987: No my_buy_price unavailable
CRITICAL:strat7:2022-12-15 15:46:31,466:13977: Yes my_avgbuy_price unavailable
CRITICAL:strat7:2022-12-15 15:46:35,539:13977: Yes my_avgbuy_price unavailable
CRITICAL:strat7:2022-12-15 15:47:01,781:13978: No my_buy_price unavailable
CRITICAL:strat7:2022-12-15 15:47:04,349:13978: No my_buy_price unavailable
CRITICAL:strat7:2022-12-15 15:47:29,391:13979: No my_buy_price unavailable
CRITICAL:strat7:2022-12-15 15:47:31,751:13979: No my_buy_price unavailable
CRITICAL:strat7:2022-12-15 15:47:58,548:13983: No my_buy_price unavailable
CRITICAL:strat7:2022-12-15 15:48:01,154:13983: No my_buy_price unavailable
CRITICAL:strat7:2022-12-15 15:48:24,986:13984: No my_buy_price unavailable
CRITICAL:strat7:2022-12-15 15:48:27,392:13984: No my_buy_price unavailable
CRITICAL:strat7:2022-12-15 15:48:51,500:13985: No my_buy_price unavailable
CRITICAL:strat7:2022-12-15 15:48:53,845:13985: No my_buy_price unavailable
CRITICAL:strat7:2022-12-15 15:49:19,083:13986: No my_buy_price unavailable
CRITICAL:strat7:2022-12-15 15:49:23,293:13986: No my_buy_price unavailable
CRITICAL:strat7:2022-12-15 15:49:50,368:13987: No my_buy_price unavailable
CRITICAL:strat7:2022-12-15 15:49:54,353:13987: No my_buy_price unavailable
CRITICAL:strat7:2022-12-15 15:51:20,360:13977: Yes my_avgbuy_price unavailable
CRITICAL:strat7:2022-12-15 15:51:24,388:13977: Yes my_avgbuy_price unavailable
CRITICAL:strat7:2022-12-15 15:51:50,006:13978: No my_buy_price unavailable
CRITICAL:strat7:2022-12-15 15:51:52,355:13978: No my_buy_price unavailable
CRITICAL:strat7:2022-12-15 15:52:16,152:13979: No my_buy_price unavailable
CRITICAL:strat7:2022-12-15 15:52:18,567:13979: No my_buy_price unavailable
CRITICAL:strat7:2022-12-15 15:52:42,067:13983: No my_buy_price unavailable
CRITICAL:strat7:2022-12-15 15:52:44,433:13983: No my_buy_price unavailable
CRITICAL:strat7:2022-12-15 15:53:08,601:13984: No my_buy_price unavailable
CRITICAL:strat7:2022-12-15 15:53:10,945:13984: No my_buy_price unavailable
CRITICAL:strat7:2022-12-15 15:53:33,929:13985: No my_buy_price unavailable
CRITICAL:strat7:2022-12-15 15:53:36,346:13985: No my_buy_price unavailable
CRITICAL:strat7:2022-12-15 15:54:03,923:13986: No my_buy_price unavailable
CRITICAL:strat7:2022-12-15 15:54:07,953:13986: No my_buy_price unavailable
CRITICAL:strat7:2022-12-15 15:54:31,141:13987: Yes my_avgbuy_price unavailable
CRITICAL:strat7:2022-12-15 15:54:35,032:13987: Yes my_avgbuy_price unavailable
CRITICAL:strat7:2022-12-15 15:55:59,025:13977: No my_buy_price unavailable
CRITICAL:strat7:2022-12-15 15:56:03,178:13977: No my_buy_price unavailable
CRITICAL:strat7:2022-12-15 15:56:26,637:13978: No my_buy_price unavailable
CRITICAL:strat7:2022-12-15 15:56:29,038:13978: No my_buy_price unavailable
CRITICAL:strat7:2022-12-15 15:56:52,547:13979: No my_buy_price unavailable
CRITICAL:strat7:2022-12-15 15:56:54,852:13979: No my_buy_price unavailable
CRITICAL:strat7:2022-12-15 15:57:18,904:13983: No my_buy_price unavailable
CRITICAL:strat7:2022-12-15 15:57:21,322:13983: No my_buy_price unavailable
CRITICAL:strat7:2022-12-15 15:57:44,849:13984: No my_buy_price unavailable
CRITICAL:strat7:2022-12-15 15:57:47,153:13984: No my_buy_price unavailable
CRITICAL:strat7:2022-12-15 15:58:11,960:13985: Yes my_avgbuy_price unavailable
CRITICAL:strat7:2022-12-15 15:58:14,293:13985: Yes my_avgbuy_price unavailable
CRITICAL:strat7:2022-12-15 15:58:39,873:13986: No my_buy_price unavailable
CRITICAL:strat7:2022-12-15 15:58:43,923:13986: No my_buy_price unavailable
CRITICAL:strat7:2022-12-15 15:59:08,078:13987: Yes my_avgbuy_price unavailable
CRITICAL:strat7:2022-12-15 15:59:10,401:13987: Yes my_avgbuy_price unavailable
CRITICAL:strat7:2022-12-15 16:00:34,374:13977: No my_buy_price unavailable
CRITICAL:strat7:2022-12-15 16:00:36,706:13977: No my_buy_price unavailable
CRITICAL:strat7:2022-12-15 16:01:02,133:13978: No my_buy_price unavailable
CRITICAL:strat7:2022-12-15 16:01:04,584:13978: No my_buy_price unavailable
CRITICAL:strat7:2022-12-15 16:01:29,141:13979: No my_buy_price unavailable
CRITICAL:strat7:2022-12-15 16:01:31,522:13979: No my_buy_price unavailable
CRITICAL:strat7:2022-12-15 16:01:55,503:13983: No my_buy_price unavailable
CRITICAL:strat7:2022-12-15 16:01:57,872:13983: No my_buy_price unavailable
CRITICAL:strat7:2022-12-15 16:02:23,840:13984: No my_buy_price unavailable
CRITICAL:strat7:2022-12-15 16:02:26,123:13984: No my_buy_price unavailable
CRITICAL:strat7:2022-12-15 16:02:50,759:13985: Yes my_avgbuy_price unavailable
CRITICAL:strat7:2022-12-15 16:02:53,137:13985: Yes my_avgbuy_price unavailable
CRITICAL:strat7:2022-12-15 16:03:19,679:13986: No my_buy_price unavailable
CRITICAL:strat7:2022-12-15 16:03:23,626:13986: No my_buy_price unavailable
CRITICAL:strat7:2022-12-15 16:03:47,346:13987: Yes my_avgbuy_price unavailable
CRITICAL:strat7:2022-12-15 16:03:49,734:13987: Yes my_avgbuy_price unavailable
CRITICAL:strat7:2022-12-15 16:05:14,309:13977: No my_buy_price unavailable
CRITICAL:strat7:2022-12-15 16:05:16,709:13977: No my_buy_price unavailable
CRITICAL:strat7:2022-12-15 16:05:39,931:13978: No my_buy_price unavailable
CRITICAL:strat7:2022-12-15 16:05:42,316:13978: No my_buy_price unavailable
CRITICAL:strat7:2022-12-15 16:06:06,495:13979: No my_buy_price unavailable
CRITICAL:strat7:2022-12-15 16:06:08,868:13979: No my_buy_price unavailable
CRITICAL:strat7:2022-12-15 16:06:33,173:13983: No my_buy_price unavailable
CRITICAL:strat7:2022-12-15 16:06:35,526:13983: No my_buy_price unavailable
CRITICAL:strat7:2022-12-15 16:06:59,328:13984: No my_buy_price unavailable
CRITICAL:strat7:2022-12-15 16:07:01,665:13984: No my_buy_price unavailable
CRITICAL:strat7:2022-12-15 16:07:25,319:13985: Yes my_avgbuy_price unavailable
CRITICAL:strat7:2022-12-15 16:07:27,754:13985: Yes my_avgbuy_price unavailable
CRITICAL:strat7:2022-12-15 16:07:51,162:13986: No my_buy_price unavailable
CRITICAL:strat7:2022-12-15 16:07:55,550:13986: No my_buy_price unavailable
CRITICAL:strat7:2022-12-15 16:08:20,529:13987: Yes my_avgbuy_price unavailable
CRITICAL:strat7:2022-12-15 16:08:22,855:13987: Yes my_avgbuy_price unavailable
CRITICAL:strat7:2022-12-15 16:09:46,462:13977: No my_buy_price unavailable
CRITICAL:strat7:2022-12-15 16:09:48,780:13977: No my_buy_price unavailable
CRITICAL:strat7:2022-12-15 16:10:13,405:13978: No my_buy_price unavailable
CRITICAL:strat7:2022-12-15 16:10:15,766:13978: No my_buy_price unavailable
CRITICAL:strat7:2022-12-15 16:10:39,095:13979: No my_buy_price unavailable
CRITICAL:strat7:2022-12-15 16:10:41,466:13979: No my_buy_price unavailable
CRITICAL:strat7:2022-12-15 16:11:04,208:13983: No my_buy_price unavailable
CRITICAL:strat7:2022-12-15 16:11:06,477:13983: No my_buy_price unavailable
CRITICAL:strat7:2022-12-15 16:11:29,532:13984: No my_buy_price unavailable
CRITICAL:strat7:2022-12-15 16:11:31,896:13984: No my_buy_price unavailable
CRITICAL:strat7:2022-12-15 16:11:55,808:13985: Yes my_avgbuy_price unavailable
CRITICAL:strat7:2022-12-15 16:11:58,127:13985: Yes my_avgbuy_price unavailable
CRITICAL:strat7:2022-12-15 16:12:22,207:13986: No my_buy_price unavailable
CRITICAL:strat7:2022-12-15 16:12:26,381:13986: No my_buy_price unavailable
CRITICAL:strat7:2022-12-15 16:12:51,283:13987: Yes my_avgbuy_price unavailable
CRITICAL:strat7:2022-12-15 16:12:53,574:13987: Yes my_avgbuy_price unavailable
CRITICAL:strat7:2022-12-15 16:14:17,036:13977: No my_buy_price unavailable
CRITICAL:strat7:2022-12-15 16:14:21,713:13977: No my_buy_price unavailable
CRITICAL:strat7:2022-12-15 16:14:45,376:13978: No my_buy_price unavailable
CRITICAL:strat7:2022-12-15 16:14:47,815:13978: No my_buy_price unavailable
CRITICAL:strat7:2022-12-15 16:15:12,108:13979: No my_buy_price unavailable
CRITICAL:strat7:2022-12-15 16:15:14,607:13979: No my_buy_price unavailable
CRITICAL:strat7:2022-12-15 16:15:38,913:13983: No my_buy_price unavailable
CRITICAL:strat7:2022-12-15 16:15:41,353:13983: No my_buy_price unavailable
CRITICAL:strat7:2022-12-15 16:16:05,954:13984: No my_buy_price unavailable
CRITICAL:strat7:2022-12-15 16:16:08,336:13984: No my_buy_price unavailable
CRITICAL:strat7:2022-12-15 16:16:32,409:13985: Yes my_avgbuy_price unavailable
CRITICAL:strat7:2022-12-15 16:16:34,955:13985: Yes my_avgbuy_price unavailable
CRITICAL:strat7:2022-12-15 16:17:01,048:13986: No my_buy_price unavailable
CRITICAL:strat7:2022-12-15 16:17:06,497:13986: No my_buy_price unavailable
CRITICAL:strat7:2022-12-15 16:17:29,850:13987: Yes my_avgbuy_price unavailable
CRITICAL:strat7:2022-12-15 16:17:32,185:13987: Yes my_avgbuy_price unavailable
CRITICAL:strat7:2022-12-15 16:18:54,738:13977: No my_buy_price unavailable
CRITICAL:strat7:2022-12-15 16:18:57,150:13977: No my_buy_price unavailable
CRITICAL:strat7:2022-12-15 16:19:20,719:13978: No my_buy_price unavailable
CRITICAL:strat7:2022-12-15 16:19:23,295:13978: No my_buy_price unavailable
CRITICAL:strat7:2022-12-15 16:19:46,815:13979: No my_buy_price unavailable
CRITICAL:strat7:2022-12-15 16:19:49,211:13979: No my_buy_price unavailable
CRITICAL:strat7:2022-12-15 16:20:13,679:13983: No my_buy_price unavailable
CRITICAL:strat7:2022-12-15 16:20:16,139:13983: No my_buy_price unavailable
CRITICAL:strat7:2022-12-15 16:20:40,824:13984: No my_buy_price unavailable
CRITICAL:strat7:2022-12-15 16:20:43,370:13984: No my_buy_price unavailable
CRITICAL:strat7:2022-12-15 16:21:08,029:13985: No my_buy_price unavailable
CRITICAL:strat7:2022-12-15 16:21:10,368:13985: No my_buy_price unavailable
CRITICAL:strat7:2022-12-15 16:21:36,610:13986: No my_buy_price unavailable
CRITICAL:strat7:2022-12-15 16:21:40,614:13986: No my_buy_price unavailable
CRITICAL:strat7:2022-12-15 16:22:05,065:13987: No my_buy_price unavailable
CRITICAL:strat7:2022-12-15 16:22:07,385:13987: No my_buy_price unavailable
CRITICAL:strat7:2022-12-15 16:23:31,320:13977: No my_buy_price unavailable
CRITICAL:strat7:2022-12-15 16:23:33,674:13977: No my_buy_price unavailable
CRITICAL:strat7:2022-12-15 16:23:58,137:13978: No my_buy_price unavailable
CRITICAL:strat7:2022-12-15 16:24:01,058:13978: No my_buy_price unavailable
CRITICAL:strat7:2022-12-15 16:24:25,113:13979: No my_buy_price unavailable
CRITICAL:strat7:2022-12-15 16:24:27,450:13979: No my_buy_price unavailable
CRITICAL:strat7:2022-12-15 16:24:51,537:13983: No my_buy_price unavailable
CRITICAL:strat7:2022-12-15 16:24:53,938:13983: No my_buy_price unavailable
CRITICAL:strat7:2022-12-15 16:25:18,103:13984: No my_buy_price unavailable
CRITICAL:strat7:2022-12-15 16:25:20,447:13984: No my_buy_price unavailable
CRITICAL:strat7:2022-12-15 16:25:45,031:13985: No my_buy_price unavailable
CRITICAL:strat7:2022-12-15 16:25:47,419:13985: No my_buy_price unavailable
CRITICAL:strat7:2022-12-15 16:26:13,888:13986: No my_buy_price unavailable
CRITICAL:strat7:2022-12-15 16:26:18,043:13986: No my_buy_price unavailable
CRITICAL:strat7:2022-12-15 16:26:39,857:13987: Yes my_avgbuy_price unavailable
CRITICAL:strat7:2022-12-15 16:26:42,322:13987: Yes my_avgbuy_price unavailable
CRITICAL:strat7:2022-12-15 16:28:06,007:13977: No my_buy_price unavailable
CRITICAL:strat7:2022-12-15 16:28:08,372:13977: No my_buy_price unavailable
CRITICAL:strat7:2022-12-15 16:28:32,398:13978: No my_buy_price unavailable
CRITICAL:strat7:2022-12-15 16:28:34,782:13978: No my_buy_price unavailable
CRITICAL:strat7:2022-12-15 16:28:59,289:13979: No my_buy_price unavailable
CRITICAL:strat7:2022-12-15 16:29:02,282:13979: No my_buy_price unavailable
CRITICAL:strat7:2022-12-15 16:29:26,027:13983: No my_buy_price unavailable
CRITICAL:strat7:2022-12-15 16:29:28,429:13983: No my_buy_price unavailable
CRITICAL:strat7:2022-12-15 16:29:51,126:13984: No my_buy_price unavailable
CRITICAL:strat7:2022-12-15 16:29:53,478:13984: No my_buy_price unavailable
CRITICAL:strat7:2022-12-15 16:30:18,757:13985: No my_buy_price unavailable
CRITICAL:strat7:2022-12-15 16:30:21,167:13985: No my_buy_price unavailable
CRITICAL:strat7:2022-12-15 16:30:46,463:13986: No my_buy_price unavailable
CRITICAL:strat7:2022-12-15 16:30:50,418:13986: No my_buy_price unavailable
CRITICAL:strat7:2022-12-15 16:31:15,037:13987: Yes my_avgbuy_price unavailable
CRITICAL:strat7:2022-12-15 16:31:17,407:13987: Yes my_avgbuy_price unavailable
CRITICAL:strat7:2022-12-15 16:32:41,656:13977: No my_buy_price unavailable
CRITICAL:strat7:2022-12-15 16:32:43,983:13977: No my_buy_price unavailable
CRITICAL:strat7:2022-12-15 16:33:07,817:13978: No my_buy_price unavailable
CRITICAL:strat7:2022-12-15 16:33:10,213:13978: No my_buy_price unavailable
CRITICAL:strat7:2022-12-15 16:33:34,746:13979: No my_buy_price unavailable
CRITICAL:strat7:2022-12-15 16:33:37,108:13979: No my_buy_price unavailable
CRITICAL:strat7:2022-12-15 16:33:59,155:13983: No my_buy_price unavailable
CRITICAL:strat7:2022-12-15 16:34:01,603:13983: No my_buy_price unavailable
CRITICAL:strat7:2022-12-15 16:34:25,933:13984: No my_buy_price unavailable
CRITICAL:strat7:2022-12-15 16:34:28,339:13984: No my_buy_price unavailable
CRITICAL:strat7:2022-12-15 16:34:50,783:13985: No my_buy_price unavailable
CRITICAL:strat7:2022-12-15 16:34:53,122:13985: No my_buy_price unavailable
CRITICAL:strat7:2022-12-15 16:35:19,940:13986: No my_buy_price unavailable
CRITICAL:strat7:2022-12-15 16:35:23,992:13986: No my_buy_price unavailable
CRITICAL:strat7:2022-12-15 16:35:48,831:13987: Yes my_avgbuy_price unavailable
CRITICAL:strat7:2022-12-15 16:35:51,205:13987: Yes my_avgbuy_price unavailable
CRITICAL:strat7:2022-12-15 16:37:15,576:13977: No my_buy_price unavailable
CRITICAL:strat7:2022-12-15 16:37:18,552:13977: No my_buy_price unavailable
CRITICAL:strat7:2022-12-15 16:37:42,485:13978: No my_buy_price unavailable
CRITICAL:strat7:2022-12-15 16:37:44,864:13978: No my_buy_price unavailable
CRITICAL:strat7:2022-12-15 16:38:08,184:13979: No my_buy_price unavailable
CRITICAL:strat7:2022-12-15 16:38:10,552:13979: No my_buy_price unavailable
CRITICAL:strat7:2022-12-15 16:38:34,539:13983: No my_buy_price unavailable
CRITICAL:strat7:2022-12-15 16:38:36,901:13983: No my_buy_price unavailable
CRITICAL:strat7:2022-12-15 16:39:00,189:13984: No my_buy_price unavailable
CRITICAL:strat7:2022-12-15 16:39:02,558:13984: No my_buy_price unavailable
CRITICAL:strat7:2022-12-15 16:39:26,464:13985: No my_buy_price unavailable
CRITICAL:strat7:2022-12-15 16:39:28,869:13985: No my_buy_price unavailable
CRITICAL:strat7:2022-12-15 16:39:54,365:13986: No my_buy_price unavailable
CRITICAL:strat7:2022-12-15 16:39:58,334:13986: No my_buy_price unavailable
CRITICAL:strat7:2022-12-15 16:40:21,892:13987: Yes my_avgbuy_price unavailable
CRITICAL:strat7:2022-12-15 16:40:24,259:13987: Yes my_avgbuy_price unavailable
CRITICAL:strat7:2022-12-15 16:41:49,266:13977: No my_buy_price unavailable
CRITICAL:strat7:2022-12-15 16:41:51,694:13977: No my_buy_price unavailable
CRITICAL:strat7:2022-12-15 16:42:15,772:13978: No my_buy_price unavailable
CRITICAL:strat7:2022-12-15 16:42:18,161:13978: No my_buy_price unavailable
CRITICAL:strat7:2022-12-15 16:42:41,512:13979: No my_buy_price unavailable
CRITICAL:strat7:2022-12-15 16:42:43,847:13979: No my_buy_price unavailable
CRITICAL:strat7:2022-12-15 16:43:08,284:13983: No my_buy_price unavailable
CRITICAL:strat7:2022-12-15 16:43:10,688:13983: No my_buy_price unavailable
CRITICAL:strat7:2022-12-15 16:43:34,377:13984: No my_buy_price unavailable
CRITICAL:strat7:2022-12-15 16:43:36,753:13984: No my_buy_price unavailable
CRITICAL:strat7:2022-12-15 16:44:01,369:13985: No my_buy_price unavailable
CRITICAL:strat7:2022-12-15 16:44:03,826:13985: No my_buy_price unavailable
CRITICAL:strat7:2022-12-15 16:44:28,840:13986: No my_buy_price unavailable
CRITICAL:strat7:2022-12-15 16:44:32,844:13986: No my_buy_price unavailable
CRITICAL:strat7:2022-12-15 16:44:57,206:13987: Yes my_avgbuy_price unavailable
CRITICAL:strat7:2022-12-15 16:44:59,667:13987: Yes my_avgbuy_price unavailable
CRITICAL:strat7:2022-12-15 16:46:25,396:13977: No my_buy_price unavailable
CRITICAL:strat7:2022-12-15 16:46:27,778:13977: No my_buy_price unavailable
CRITICAL:strat7:2022-12-15 16:46:51,961:13978: No my_buy_price unavailable
CRITICAL:strat7:2022-12-15 16:46:54,351:13978: No my_buy_price unavailable
CRITICAL:strat7:2022-12-15 16:47:17,716:13979: No my_buy_price unavailable
CRITICAL:strat7:2022-12-15 16:47:20,037:13979: No my_buy_price unavailable
CRITICAL:strat7:2022-12-15 16:47:44,380:13983: No my_buy_price unavailable
CRITICAL:strat7:2022-12-15 16:47:46,712:13983: No my_buy_price unavailable
CRITICAL:strat7:2022-12-15 16:48:10,404:13984: No my_buy_price unavailable
CRITICAL:strat7:2022-12-15 16:48:12,738:13984: No my_buy_price unavailable
CRITICAL:strat7:2022-12-15 16:48:37,333:13985: Yes my_avgbuy_price unavailable
CRITICAL:strat7:2022-12-15 16:48:39,754:13985: Yes my_avgbuy_price unavailable
CRITICAL:strat7:2022-12-15 16:49:05,404:13986: No my_buy_price unavailable
CRITICAL:strat7:2022-12-15 16:49:09,415:13986: No my_buy_price unavailable
CRITICAL:strat7:2022-12-15 16:49:32,872:13987: Yes my_avgbuy_price unavailable
CRITICAL:strat7:2022-12-15 16:49:35,372:13987: Yes my_avgbuy_price unavailable
CRITICAL:strat7:2022-12-15 16:51:00,119:13977: No my_buy_price unavailable
CRITICAL:strat7:2022-12-15 16:51:02,656:13977: No my_buy_price unavailable
CRITICAL:strat7:2022-12-15 16:51:26,233:13978: No my_buy_price unavailable
CRITICAL:strat7:2022-12-15 16:51:28,560:13978: No my_buy_price unavailable
CRITICAL:strat7:2022-12-15 16:51:52,536:13979: No my_buy_price unavailable
CRITICAL:strat7:2022-12-15 16:51:55,515:13979: No my_buy_price unavailable
CRITICAL:strat7:2022-12-15 16:52:19,687:13983: No my_buy_price unavailable
CRITICAL:strat7:2022-12-15 16:52:22,168:13983: No my_buy_price unavailable
CRITICAL:strat7:2022-12-15 16:52:46,740:13984: No my_buy_price unavailable
CRITICAL:strat7:2022-12-15 16:52:49,056:13984: No my_buy_price unavailable
CRITICAL:strat7:2022-12-15 16:53:13,104:13985: Yes my_avgbuy_price unavailable
CRITICAL:strat7:2022-12-15 16:53:15,459:13985: Yes my_avgbuy_price unavailable
CRITICAL:strat7:2022-12-15 16:53:41,672:13986: No my_buy_price unavailable
CRITICAL:strat7:2022-12-15 16:53:45,707:13986: No my_buy_price unavailable
CRITICAL:strat7:2022-12-15 16:54:10,495:13987: Yes my_avgbuy_price unavailable
CRITICAL:strat7:2022-12-15 16:54:12,891:13987: Yes my_avgbuy_price unavailable
CRITICAL:strat7:2022-12-15 16:55:37,282:13977: No my_buy_price unavailable
CRITICAL:strat7:2022-12-15 16:55:39,658:13977: No my_buy_price unavailable
CRITICAL:strat7:2022-12-15 16:56:03,290:13978: Yes my_avgbuy_price unavailable
CRITICAL:strat7:2022-12-15 16:56:06,060:13978: Yes my_avgbuy_price unavailable
CRITICAL:strat7:2022-12-15 16:56:30,325:13979: No my_buy_price unavailable
CRITICAL:strat7:2022-12-15 16:56:32,698:13979: No my_buy_price unavailable
CRITICAL:strat7:2022-12-15 16:56:57,844:13983: No my_buy_price unavailable
CRITICAL:strat7:2022-12-15 16:57:00,211:13983: No my_buy_price unavailable
CRITICAL:strat7:2022-12-15 16:57:23,915:13984: No my_buy_price unavailable
CRITICAL:strat7:2022-12-15 16:57:26,308:13984: No my_buy_price unavailable
CRITICAL:strat7:2022-12-15 16:57:54,398:13985: Yes my_avgbuy_price unavailable
CRITICAL:strat7:2022-12-15 16:57:57,575:13985: Yes my_avgbuy_price unavailable
CRITICAL:strat7:2022-12-15 16:58:23,529:13986: No my_buy_price unavailable
CRITICAL:strat7:2022-12-15 16:58:28,223:13986: No my_buy_price unavailable
CRITICAL:strat7:2022-12-15 16:58:53,697:13987: Yes my_avgbuy_price unavailable
CRITICAL:strat7:2022-12-15 16:58:56,057:13987: Yes my_avgbuy_price unavailable
CRITICAL:strat7:2022-12-15 17:00:24,452:13977: Yes my_avgbuy_price unavailable
CRITICAL:strat7:2022-12-15 17:00:27,711:13977: Yes my_avgbuy_price unavailable
CRITICAL:strat7:2022-12-15 17:00:55,320:13978: Yes my_avgbuy_price unavailable
CRITICAL:strat7:2022-12-15 17:00:58,510:13978: Yes my_avgbuy_price unavailable
CRITICAL:strat7:2022-12-15 17:01:26,721:13979: Yes my_avgbuy_price unavailable
CRITICAL:strat7:2022-12-15 17:01:29,970:13979: Yes my_avgbuy_price unavailable
CRITICAL:strat7:2022-12-15 17:01:54,585:13983: No my_buy_price unavailable
CRITICAL:strat7:2022-12-15 17:01:56,915:13983: No my_buy_price unavailable
CRITICAL:strat7:2022-12-15 17:02:21,249:13984: No my_buy_price unavailable
CRITICAL:strat7:2022-12-15 17:02:23,593:13984: No my_buy_price unavailable
CRITICAL:strat7:2022-12-15 17:02:49,434:13985: Yes my_avgbuy_price unavailable
CRITICAL:strat7:2022-12-15 17:02:54,005:13985: Yes my_avgbuy_price unavailable
CRITICAL:strat7:2022-12-15 17:03:20,770:13986: No my_buy_price unavailable
CRITICAL:strat7:2022-12-15 17:03:24,816:13986: No my_buy_price unavailable
CRITICAL:strat7:2022-12-15 17:03:52,360:13987: No my_buy_price unavailable
CRITICAL:strat7:2022-12-15 17:03:55,546:13987: No my_buy_price unavailable
CRITICAL:strat7:2022-12-15 17:05:20,868:13977: Yes my_avgbuy_price unavailable
CRITICAL:strat7:2022-12-15 17:05:25,470:13977: Yes my_avgbuy_price unavailable
CRITICAL:strat7:2022-12-15 17:05:53,905:13978: Yes my_avgbuy_price unavailable
CRITICAL:strat7:2022-12-15 17:05:57,107:13978: Yes my_avgbuy_price unavailable
CRITICAL:strat7:2022-12-15 17:06:22,332:13979: Yes my_avgbuy_price unavailable
CRITICAL:strat7:2022-12-15 17:06:26,897:13979: Yes my_avgbuy_price unavailable
CRITICAL:strat7:2022-12-15 17:06:50,992:13983: No my_buy_price unavailable
CRITICAL:strat7:2022-12-15 17:06:53,398:13983: No my_buy_price unavailable
CRITICAL:strat7:2022-12-15 17:07:18,726:13984: No my_buy_price unavailable
CRITICAL:strat7:2022-12-15 17:07:21,087:13984: No my_buy_price unavailable
CRITICAL:strat7:2022-12-15 17:07:44,845:13985: No my_buy_price unavailable
CRITICAL:strat7:2022-12-15 17:07:51,870:13985: No my_buy_price unavailable
CRITICAL:strat7:2022-12-15 17:08:19,648:13986: No my_buy_price unavailable
CRITICAL:strat7:2022-12-15 17:08:23,709:13986: No my_buy_price unavailable
CRITICAL:strat7:2022-12-15 17:08:49,534:13987: No my_buy_price unavailable
CRITICAL:strat7:2022-12-15 17:08:52,800:13987: No my_buy_price unavailable
CRITICAL:strat7:2022-12-15 17:10:19,400:13977: Yes my_avgbuy_price unavailable
CRITICAL:strat7:2022-12-15 17:10:23,473:13977: Yes my_avgbuy_price unavailable
CRITICAL:strat7:2022-12-15 17:10:49,069:13978: Yes my_avgbuy_price unavailable
CRITICAL:strat7:2022-12-15 17:10:54,133:13978: Yes my_avgbuy_price unavailable
CRITICAL:strat7:2022-12-15 17:11:17,989:13979: No my_buy_price unavailable
CRITICAL:strat7:2022-12-15 17:11:21,916:13979: No my_buy_price unavailable
CRITICAL:strat7:2022-12-15 17:11:46,487:13983: No my_buy_price unavailable
CRITICAL:strat7:2022-12-15 17:11:48,845:13983: No my_buy_price unavailable
CRITICAL:strat7:2022-12-15 17:12:13,137:13984: No my_buy_price unavailable
CRITICAL:strat7:2022-12-15 17:12:15,547:13984: No my_buy_price unavailable
CRITICAL:strat7:2022-12-15 17:12:39,826:13985: No my_buy_price unavailable
CRITICAL:strat7:2022-12-15 17:12:46,887:13985: No my_buy_price unavailable
CRITICAL:strat7:2022-12-15 17:13:13,759:13986: No my_buy_price unavailable
CRITICAL:strat7:2022-12-15 17:13:17,793:13986: No my_buy_price unavailable
CRITICAL:strat7:2022-12-15 17:13:42,877:13987: No my_buy_price unavailable
CRITICAL:strat7:2022-12-15 17:13:46,125:13987: No my_buy_price unavailable
CRITICAL:strat7:2022-12-15 17:15:12,325:13977: Yes my_avgbuy_price unavailable
CRITICAL:strat7:2022-12-15 17:15:16,636:13977: Yes my_avgbuy_price unavailable
CRITICAL:strat7:2022-12-15 17:15:42,061:13978: Yes my_avgbuy_price unavailable
CRITICAL:strat7:2022-12-15 17:15:46,044:13978: Yes my_avgbuy_price unavailable
CRITICAL:strat7:2022-12-15 17:16:15,073:13979: Yes my_avgbuy_price unavailable
CRITICAL:strat7:2022-12-15 17:16:19,716:13979: Yes my_avgbuy_price unavailable
CRITICAL:strat7:2022-12-15 17:16:43,882:13983: No my_buy_price unavailable
CRITICAL:strat7:2022-12-15 17:16:46,327:13983: No my_buy_price unavailable
CRITICAL:strat7:2022-12-15 17:17:10,607:13984: No my_buy_price unavailable
CRITICAL:strat7:2022-12-15 17:17:12,965:13984: No my_buy_price unavailable
CRITICAL:strat7:2022-12-15 17:17:38,456:13985: No my_buy_price unavailable
CRITICAL:strat7:2022-12-15 17:17:45,399:13985: No my_buy_price unavailable
CRITICAL:strat7:2022-12-15 17:18:11,998:13986: No my_buy_price unavailable
CRITICAL:strat7:2022-12-15 17:18:15,932:13986: No my_buy_price unavailable
CRITICAL:strat7:2022-12-15 17:18:41,245:13987: No my_buy_price unavailable
CRITICAL:strat7:2022-12-15 17:18:44,465:13987: No my_buy_price unavailable
CRITICAL:strat7:2022-12-15 17:20:10,542:13977: Yes my_avgbuy_price unavailable
CRITICAL:strat7:2022-12-15 17:20:14,613:13977: Yes my_avgbuy_price unavailable
CRITICAL:strat7:2022-12-15 17:20:40,464:13978: Yes my_avgbuy_price unavailable
CRITICAL:strat7:2022-12-15 17:20:44,425:13978: Yes my_avgbuy_price unavailable
CRITICAL:strat7:2022-12-15 17:21:09,817:13979: Yes my_avgbuy_price unavailable
CRITICAL:strat7:2022-12-15 17:21:14,341:13979: Yes my_avgbuy_price unavailable
CRITICAL:strat7:2022-12-15 17:21:38,699:13983: No my_buy_price unavailable
CRITICAL:strat7:2022-12-15 17:21:41,037:13983: No my_buy_price unavailable
CRITICAL:strat7:2022-12-15 17:22:05,968:13984: No my_buy_price unavailable
CRITICAL:strat7:2022-12-15 17:22:08,327:13984: No my_buy_price unavailable
CRITICAL:strat7:2022-12-15 17:22:31,289:13985: No my_buy_price unavailable
CRITICAL:strat7:2022-12-15 17:22:38,439:13985: No my_buy_price unavailable
CRITICAL:strat7:2022-12-15 17:23:04,500:13986: No my_buy_price unavailable
CRITICAL:strat7:2022-12-15 17:23:08,530:13986: No my_buy_price unavailable
CRITICAL:strat7:2022-12-15 17:25:03,004:13977: Yes my_avgbuy_price unavailable
CRITICAL:strat7:2022-12-15 17:25:06,999:13977: Yes my_avgbuy_price unavailable
CRITICAL:strat7:2022-12-15 17:25:31,785:13978: Yes my_avgbuy_price unavailable
CRITICAL:strat7:2022-12-15 17:25:35,809:13978: Yes my_avgbuy_price unavailable
CRITICAL:strat7:2022-12-15 17:26:00,911:13979: Yes my_avgbuy_price unavailable
CRITICAL:strat7:2022-12-15 17:26:05,117:13979: Yes my_avgbuy_price unavailable
CRITICAL:strat7:2022-12-15 17:26:28,598:13983: No my_buy_price unavailable
CRITICAL:strat7:2022-12-15 17:26:30,920:13983: No my_buy_price unavailable
CRITICAL:strat7:2022-12-15 17:27:00,087:13984: No my_buy_price unavailable
CRITICAL:strat7:2022-12-15 17:27:03,282:13984: No my_buy_price unavailable
CRITICAL:strat7:2022-12-15 17:27:28,519:13985: No my_buy_price unavailable
CRITICAL:strat7:2022-12-15 17:27:35,537:13985: No my_buy_price unavailable
CRITICAL:strat7:2022-12-15 17:28:02,048:13986: No my_buy_price unavailable
CRITICAL:strat7:2022-12-15 17:28:06,087:13986: No my_buy_price unavailable
CRITICAL:strat7:2022-12-15 17:29:56,329:13977: Yes my_avgbuy_price unavailable
CRITICAL:strat7:2022-12-15 17:30:00,486:13977: Yes my_avgbuy_price unavailable
CRITICAL:strat7:2022-12-15 17:30:24,628:13978: No my_buy_price unavailable
CRITICAL:strat7:2022-12-15 17:30:28,651:13978: No my_buy_price unavailable
CRITICAL:strat7:2022-12-15 17:30:52,719:13979: No my_buy_price unavailable
CRITICAL:strat7:2022-12-15 17:30:56,684:13979: No my_buy_price unavailable
CRITICAL:strat7:2022-12-15 17:31:20,266:13983: No my_buy_price unavailable
CRITICAL:strat7:2022-12-15 17:31:22,664:13983: No my_buy_price unavailable
CRITICAL:strat7:2022-12-15 17:31:48,874:13984: No my_buy_price unavailable
CRITICAL:strat7:2022-12-15 17:31:53,020:13984: No my_buy_price unavailable
CRITICAL:strat7:2022-12-15 17:32:17,397:13985: No my_buy_price unavailable
CRITICAL:strat7:2022-12-15 17:32:24,453:13985: No my_buy_price unavailable
CRITICAL:strat7:2022-12-15 17:32:51,561:13986: No my_buy_price unavailable
CRITICAL:strat7:2022-12-15 17:32:55,559:13986: No my_buy_price unavailable
CRITICAL:strat7:2022-12-15 17:33:20,270:13987: Yes my_avgbuy_price unavailable
CRITICAL:strat7:2022-12-15 17:33:27,294:13987: Yes my_avgbuy_price unavailable
CRITICAL:strat7:2022-12-15 17:34:52,298:13977: No my_buy_price unavailable
CRITICAL:strat7:2022-12-15 17:34:56,179:13977: No my_buy_price unavailable
CRITICAL:strat7:2022-12-15 17:35:20,311:13978: No my_buy_price unavailable
CRITICAL:strat7:2022-12-15 17:35:22,670:13978: No my_buy_price unavailable
CRITICAL:strat7:2022-12-15 17:35:46,167:13979: No my_buy_price unavailable
CRITICAL:strat7:2022-12-15 17:35:48,573:13979: No my_buy_price unavailable
CRITICAL:strat7:2022-12-15 17:36:11,328:13983: No my_buy_price unavailable
CRITICAL:strat7:2022-12-15 17:36:13,700:13983: No my_buy_price unavailable
CRITICAL:strat7:2022-12-15 17:36:39,853:13984: No my_buy_price unavailable
CRITICAL:strat7:2022-12-15 17:36:43,854:13984: No my_buy_price unavailable
CRITICAL:strat7:2022-12-15 17:37:08,621:13985: No my_buy_price unavailable
CRITICAL:strat7:2022-12-15 17:37:15,561:13985: No my_buy_price unavailable
CRITICAL:strat7:2022-12-15 17:37:41,720:13986: No my_buy_price unavailable
CRITICAL:strat7:2022-12-15 17:37:45,795:13986: No my_buy_price unavailable
CRITICAL:strat7:2022-12-15 17:38:09,348:13987: Yes my_avgbuy_price unavailable
CRITICAL:strat7:2022-12-15 17:38:12,499:13987: Yes my_avgbuy_price unavailable
CRITICAL:strat7:2022-12-15 17:39:36,419:13977: No my_buy_price unavailable
CRITICAL:strat7:2022-12-15 17:39:38,731:13977: No my_buy_price unavailable
CRITICAL:strat7:2022-12-15 17:40:02,182:13978: No my_buy_price unavailable
CRITICAL:strat7:2022-12-15 17:40:04,571:13978: No my_buy_price unavailable
CRITICAL:strat7:2022-12-15 17:40:29,156:13979: No my_buy_price unavailable
CRITICAL:strat7:2022-12-15 17:40:31,497:13979: No my_buy_price unavailable
CRITICAL:strat7:2022-12-15 17:40:57,886:13983: No my_buy_price unavailable
CRITICAL:strat7:2022-12-15 17:41:00,256:13983: No my_buy_price unavailable
CRITICAL:strat7:2022-12-15 17:41:26,263:13984: No my_buy_price unavailable
CRITICAL:strat7:2022-12-15 17:41:30,247:13984: No my_buy_price unavailable
CRITICAL:strat7:2022-12-15 17:41:54,027:13985: No my_buy_price unavailable
CRITICAL:strat7:2022-12-15 17:42:01,016:13985: No my_buy_price unavailable
CRITICAL:strat7:2022-12-15 17:42:27,807:13986: No my_buy_price unavailable
CRITICAL:strat7:2022-12-15 17:42:31,769:13986: No my_buy_price unavailable
CRITICAL:strat7:2022-12-15 17:42:55,511:13987: Yes my_avgbuy_price unavailable
CRITICAL:strat7:2022-12-15 17:42:58,706:13987: Yes my_avgbuy_price unavailable
CRITICAL:strat7:2022-12-15 17:44:25,623:13977: No my_buy_price unavailable
CRITICAL:strat7:2022-12-15 17:44:27,980:13977: No my_buy_price unavailable
CRITICAL:strat7:2022-12-15 17:44:51,826:13978: No my_buy_price unavailable
CRITICAL:strat7:2022-12-15 17:44:54,164:13978: No my_buy_price unavailable
CRITICAL:strat7:2022-12-15 17:45:18,024:13979: No my_buy_price unavailable
CRITICAL:strat7:2022-12-15 17:45:20,400:13979: No my_buy_price unavailable
CRITICAL:strat7:2022-12-15 17:45:44,312:13983: No my_buy_price unavailable
CRITICAL:strat7:2022-12-15 17:45:46,624:13983: No my_buy_price unavailable
CRITICAL:strat7:2022-12-15 17:46:11,956:13984: No my_buy_price unavailable
CRITICAL:strat7:2022-12-15 17:46:16,044:13984: No my_buy_price unavailable
CRITICAL:strat7:2022-12-15 17:46:40,059:13985: No my_buy_price unavailable
CRITICAL:strat7:2022-12-15 17:46:47,131:13985: No my_buy_price unavailable
CRITICAL:strat7:2022-12-15 17:47:13,080:13986: No my_buy_price unavailable
CRITICAL:strat7:2022-12-15 17:47:17,273:13986: No my_buy_price unavailable
CRITICAL:strat7:2022-12-15 17:49:09,221:13977: No my_buy_price unavailable
CRITICAL:strat7:2022-12-15 17:49:11,533:13977: No my_buy_price unavailable
CRITICAL:strat7:2022-12-15 17:49:34,096:13978: No my_buy_price unavailable
CRITICAL:strat7:2022-12-15 17:49:36,489:13978: No my_buy_price unavailable
CRITICAL:strat7:2022-12-15 17:49:59,594:13979: No my_buy_price unavailable
CRITICAL:strat7:2022-12-15 17:50:02,044:13979: No my_buy_price unavailable
CRITICAL:strat7:2022-12-15 17:50:25,526:13983: No my_buy_price unavailable
CRITICAL:strat7:2022-12-15 17:50:27,898:13983: No my_buy_price unavailable
CRITICAL:strat7:2022-12-15 17:50:53,015:13984: Yes my_avgbuy_price unavailable
CRITICAL:strat7:2022-12-15 17:50:56,941:13984: Yes my_avgbuy_price unavailable
CRITICAL:strat7:2022-12-15 17:51:20,605:13985: No my_buy_price unavailable
CRITICAL:strat7:2022-12-15 17:51:27,614:13985: No my_buy_price unavailable
CRITICAL:strat7:2022-12-15 17:51:54,067:13986: No my_buy_price unavailable
CRITICAL:strat7:2022-12-15 17:51:58,037:13986: No my_buy_price unavailable
CRITICAL:strat7:2022-12-15 17:53:54,131:13977: No my_buy_price unavailable
CRITICAL:strat7:2022-12-15 17:53:56,524:13977: No my_buy_price unavailable
CRITICAL:strat7:2022-12-15 17:54:20,231:13978: No my_buy_price unavailable
CRITICAL:strat7:2022-12-15 17:54:22,611:13978: No my_buy_price unavailable
CRITICAL:strat7:2022-12-15 17:54:45,982:13979: No my_buy_price unavailable
CRITICAL:strat7:2022-12-15 17:54:48,313:13979: No my_buy_price unavailable
CRITICAL:strat7:2022-12-15 17:55:15,835:13983: No my_buy_price unavailable
CRITICAL:strat7:2022-12-15 17:55:19,133:13983: No my_buy_price unavailable
CRITICAL:strat7:2022-12-15 17:55:46,848:13984: Yes my_avgbuy_price unavailable
CRITICAL:strat7:2022-12-15 17:55:50,086:13984: Yes my_avgbuy_price unavailable
CRITICAL:strat7:2022-12-15 17:56:14,125:13985: No my_buy_price unavailable
CRITICAL:strat7:2022-12-15 17:56:21,695:13985: No my_buy_price unavailable
CRITICAL:strat7:2022-12-15 17:56:48,578:13986: No my_buy_price unavailable
CRITICAL:strat7:2022-12-15 17:56:52,500:13986: No my_buy_price unavailable
CRITICAL:strat7:2022-12-15 17:58:46,520:13977: No my_buy_price unavailable
CRITICAL:strat7:2022-12-15 17:58:49,026:13977: No my_buy_price unavailable
CRITICAL:strat7:2022-12-15 17:59:13,043:13978: No my_buy_price unavailable
CRITICAL:strat7:2022-12-15 17:59:15,408:13978: No my_buy_price unavailable
CRITICAL:strat7:2022-12-15 17:59:39,052:13979: No my_buy_price unavailable
CRITICAL:strat7:2022-12-15 17:59:41,420:13979: No my_buy_price unavailable
CRITICAL:strat7:2022-12-15 18:00:11,575:13983: No my_buy_price unavailable
CRITICAL:strat7:2022-12-15 18:00:14,770:13983: No my_buy_price unavailable
CRITICAL:strat7:2022-12-15 18:00:44,831:13984: Yes my_avgbuy_price unavailable
CRITICAL:strat7:2022-12-15 18:00:48,047:13984: Yes my_avgbuy_price unavailable
CRITICAL:strat7:2022-12-15 18:01:12,079:13985: No my_buy_price unavailable
CRITICAL:strat7:2022-12-15 18:01:19,165:13985: No my_buy_price unavailable
CRITICAL:strat7:2022-12-15 18:01:45,909:13986: No my_buy_price unavailable
CRITICAL:strat7:2022-12-15 18:01:49,897:13986: No my_buy_price unavailable
CRITICAL:strat7:2022-12-15 18:03:43,247:13977: No my_buy_price unavailable
CRITICAL:strat7:2022-12-15 18:03:45,614:13977: No my_buy_price unavailable
CRITICAL:strat7:2022-12-15 18:04:09,741:13978: No my_buy_price unavailable
CRITICAL:strat7:2022-12-15 18:04:12,102:13978: No my_buy_price unavailable
CRITICAL:strat7:2022-12-15 18:04:35,752:13979: No my_buy_price unavailable
CRITICAL:strat7:2022-12-15 18:04:38,164:13979: No my_buy_price unavailable
CRITICAL:strat7:2022-12-15 18:05:03,002:13983: No my_buy_price unavailable
CRITICAL:strat7:2022-12-15 18:05:07,097:13983: No my_buy_price unavailable
CRITICAL:strat7:2022-12-15 18:06:00,425:13985: No my_buy_price unavailable
CRITICAL:strat7:2022-12-15 18:06:07,484:13985: No my_buy_price unavailable
CRITICAL:strat7:2022-12-15 18:06:33,590:13986: No my_buy_price unavailable
CRITICAL:strat7:2022-12-15 18:06:37,559:13986: No my_buy_price unavailable
CRITICAL:strat7:2022-12-15 18:08:30,493:13977: No my_buy_price unavailable
CRITICAL:strat7:2022-12-15 18:08:32,877:13977: No my_buy_price unavailable
CRITICAL:strat7:2022-12-15 18:08:55,665:13978: No my_buy_price unavailable
CRITICAL:strat7:2022-12-15 18:08:58,069:13978: No my_buy_price unavailable
CRITICAL:strat7:2022-12-15 18:09:22,403:13979: No my_buy_price unavailable
CRITICAL:strat7:2022-12-15 18:09:24,835:13979: No my_buy_price unavailable
CRITICAL:strat7:2022-12-15 18:09:50,120:13983: No my_buy_price unavailable
CRITICAL:strat7:2022-12-15 18:09:54,219:13983: No my_buy_price unavailable
CRITICAL:strat7:2022-12-15 18:10:49,614:13985: No my_buy_price unavailable
CRITICAL:strat7:2022-12-15 18:10:56,546:13985: No my_buy_price unavailable
CRITICAL:strat7:2022-12-15 18:11:23,075:13986: No my_buy_price unavailable
CRITICAL:strat7:2022-12-15 18:11:27,104:13986: No my_buy_price unavailable
CRITICAL:strat7:2022-12-15 18:13:23,443:13977: No my_buy_price unavailable
CRITICAL:strat7:2022-12-15 18:13:25,797:13977: No my_buy_price unavailable
CRITICAL:strat7:2022-12-15 18:13:50,821:13978: No my_buy_price unavailable
CRITICAL:strat7:2022-12-15 18:13:53,232:13978: No my_buy_price unavailable
CRITICAL:strat7:2022-12-15 18:14:17,523:13979: No my_buy_price unavailable
CRITICAL:strat7:2022-12-15 18:14:19,850:13979: No my_buy_price unavailable
CRITICAL:strat7:2022-12-15 18:15:42,258:13985: No my_buy_price unavailable
CRITICAL:strat7:2022-12-15 18:15:49,332:13985: No my_buy_price unavailable
CRITICAL:strat7:2022-12-15 18:16:16,228:13986: No my_buy_price unavailable
CRITICAL:strat7:2022-12-15 18:16:20,244:13986: No my_buy_price unavailable
CRITICAL:strat7:2022-12-15 18:18:14,405:13977: No my_buy_price unavailable
CRITICAL:strat7:2022-12-15 18:18:16,768:13977: No my_buy_price unavailable
CRITICAL:strat7:2022-12-15 18:18:39,530:13978: No my_buy_price unavailable
CRITICAL:strat7:2022-12-15 18:18:41,855:13978: No my_buy_price unavailable
CRITICAL:strat7:2022-12-15 18:19:05,932:13979: No my_buy_price unavailable
CRITICAL:strat7:2022-12-15 18:19:08,277:13979: No my_buy_price unavailable
CRITICAL:strat7:2022-12-15 18:20:35,447:13985: No my_buy_price unavailable
CRITICAL:strat7:2022-12-15 18:20:42,642:13985: No my_buy_price unavailable
CRITICAL:strat7:2022-12-15 18:21:10,579:13986: No my_buy_price unavailable
CRITICAL:strat7:2022-12-15 18:21:14,691:13986: No my_buy_price unavailable
CRITICAL:strat7:2022-12-15 18:23:07,909:13977: No my_buy_price unavailable
CRITICAL:strat7:2022-12-15 18:23:10,264:13977: No my_buy_price unavailable
CRITICAL:strat7:2022-12-15 18:23:34,372:13978: Yes my_avgbuy_price unavailable
CRITICAL:strat7:2022-12-15 18:23:36,740:13978: Yes my_avgbuy_price unavailable
CRITICAL:strat7:2022-12-15 18:24:01,317:13979: No my_buy_price unavailable
CRITICAL:strat7:2022-12-15 18:24:03,696:13979: No my_buy_price unavailable
CRITICAL:strat7:2022-12-15 18:24:56,903:13984: No my_buy_price unavailable
CRITICAL:strat7:2022-12-15 18:24:59,213:13984: No my_buy_price unavailable
CRITICAL:strat7:2022-12-15 18:25:27,469:13985: No my_buy_price unavailable
CRITICAL:strat7:2022-12-15 18:25:35,818:13985: No my_buy_price unavailable
CRITICAL:strat7:2022-12-15 18:26:01,847:13986: No my_buy_price unavailable
CRITICAL:strat7:2022-12-15 18:26:05,837:13986: No my_buy_price unavailable
CRITICAL:strat7:2022-12-15 18:26:29,659:13987: Yes my_avgbuy_price unavailable
CRITICAL:strat7:2022-12-15 18:26:33,570:13987: Yes my_avgbuy_price unavailable
CRITICAL:strat7:2022-12-15 18:27:57,982:13977: No my_buy_price unavailable
CRITICAL:strat7:2022-12-15 18:28:00,320:13977: No my_buy_price unavailable
CRITICAL:strat7:2022-12-15 18:28:24,186:13978: No my_buy_price unavailable
CRITICAL:strat7:2022-12-15 18:28:26,510:13978: No my_buy_price unavailable
CRITICAL:strat7:2022-12-15 18:28:50,351:13979: No my_buy_price unavailable
CRITICAL:strat7:2022-12-15 18:28:52,781:13979: No my_buy_price unavailable
CRITICAL:strat7:2022-12-15 18:30:52,118:13986: No my_buy_price unavailable
CRITICAL:strat7:2022-12-15 18:30:56,131:13986: No my_buy_price unavailable
CRITICAL:strat7:2022-12-15 18:32:50,312:13977: No my_buy_price unavailable
CRITICAL:strat7:2022-12-15 18:32:53,046:13977: No my_buy_price unavailable
CRITICAL:strat7:2022-12-15 18:33:16,854:13978: No my_buy_price unavailable
CRITICAL:strat7:2022-12-15 18:33:19,171:13978: No my_buy_price unavailable
CRITICAL:strat7:2022-12-15 18:33:43,286:13979: No my_buy_price unavailable
CRITICAL:strat7:2022-12-15 18:33:45,642:13979: No my_buy_price unavailable
CRITICAL:strat7:2022-12-15 18:35:11,405:13985: No my_buy_price unavailable
CRITICAL:strat7:2022-12-15 18:35:13,750:13985: No my_buy_price unavailable
CRITICAL:strat7:2022-12-15 18:35:37,799:13986: Yes my_avgbuy_price unavailable
CRITICAL:strat7:2022-12-15 18:35:42,133:13986: Yes my_avgbuy_price unavailable
CRITICAL:strat7:2022-12-15 18:36:06,279:13987: Yes my_avgbuy_price unavailable
CRITICAL:strat7:2022-12-15 18:36:10,226:13987: Yes my_avgbuy_price unavailable
CRITICAL:strat7:2022-12-15 18:37:35,945:13977: No my_buy_price unavailable
CRITICAL:strat7:2022-12-15 18:37:38,291:13977: No my_buy_price unavailable
CRITICAL:strat7:2022-12-15 18:38:02,059:13978: No my_buy_price unavailable
CRITICAL:strat7:2022-12-15 18:38:04,374:13978: No my_buy_price unavailable
CRITICAL:strat7:2022-12-15 18:38:28,553:13979: No my_buy_price unavailable
CRITICAL:strat7:2022-12-15 18:38:30,911:13979: No my_buy_price unavailable
CRITICAL:strat7:2022-12-15 18:39:00,157:13983: No my_buy_price unavailable
CRITICAL:strat7:2022-12-15 18:39:03,500:13983: No my_buy_price unavailable
CRITICAL:strat7:2022-12-15 18:39:57,603:13985: No my_buy_price unavailable
CRITICAL:strat7:2022-12-15 18:40:00,014:13985: No my_buy_price unavailable
CRITICAL:strat7:2022-12-15 18:40:19,206:13986: Yes my_avgbuy_price unavailable
CRITICAL:strat7:2022-12-15 18:40:21,561:13986: Yes my_avgbuy_price unavailable
CRITICAL:strat7:2022-12-15 18:40:45,420:13987: Yes my_avgbuy_price unavailable
CRITICAL:strat7:2022-12-15 18:40:47,859:13987: Yes my_avgbuy_price unavailable
CRITICAL:strat7:2022-12-15 18:42:12,007:13977: No my_buy_price unavailable
CRITICAL:strat7:2022-12-15 18:42:14,367:13977: No my_buy_price unavailable
CRITICAL:strat7:2022-12-15 18:42:40,457:13978: Yes my_avgbuy_price unavailable
CRITICAL:strat7:2022-12-15 18:42:43,730:13978: Yes my_avgbuy_price unavailable
CRITICAL:strat7:2022-12-15 18:43:07,256:13979: No my_buy_price unavailable
CRITICAL:strat7:2022-12-15 18:43:09,546:13979: No my_buy_price unavailable
CRITICAL:strat7:2022-12-15 18:43:38,652:13983: No my_buy_price unavailable
CRITICAL:strat7:2022-12-15 18:43:41,912:13983: No my_buy_price unavailable
CRITICAL:strat7:2022-12-15 18:44:32,564:13985: No my_buy_price unavailable
CRITICAL:strat7:2022-12-15 18:44:35,019:13985: No my_buy_price unavailable
CRITICAL:strat7:2022-12-15 18:44:59,439:13986: Yes my_avgbuy_price unavailable
CRITICAL:strat7:2022-12-15 18:45:01,933:13986: Yes my_avgbuy_price unavailable
CRITICAL:strat7:2022-12-15 18:45:29,677:13987: No my_buy_price unavailable
CRITICAL:strat7:2022-12-15 18:45:32,942:13987: No my_buy_price unavailable
CRITICAL:strat7:2022-12-15 18:46:56,510:13977: No my_buy_price unavailable
CRITICAL:strat7:2022-12-15 18:46:58,940:13977: No my_buy_price unavailable
CRITICAL:strat7:2022-12-15 18:47:26,799:13978: No my_buy_price unavailable
CRITICAL:strat7:2022-12-15 18:47:32,695:13978: No my_buy_price unavailable
CRITICAL:strat7:2022-12-15 18:47:57,262:13979: No my_buy_price unavailable
CRITICAL:strat7:2022-12-15 18:47:59,614:13979: No my_buy_price unavailable
CRITICAL:strat7:2022-12-15 18:48:28,383:13983: No my_buy_price unavailable
CRITICAL:strat7:2022-12-15 18:48:32,813:13983: No my_buy_price unavailable
CRITICAL:strat7:2022-12-15 18:49:25,865:13985: No my_buy_price unavailable
CRITICAL:strat7:2022-12-15 18:49:29,093:13985: No my_buy_price unavailable
CRITICAL:strat7:2022-12-15 18:49:56,729:13986: No my_buy_price unavailable
CRITICAL:strat7:2022-12-15 18:49:59,956:13986: No my_buy_price unavailable
CRITICAL:strat7:2022-12-15 18:50:30,274:13987: No my_buy_price unavailable
CRITICAL:strat7:2022-12-15 18:50:33,532:13987: No my_buy_price unavailable
CRITICAL:strat7:2022-12-15 18:52:01,486:13977: Yes my_avgbuy_price unavailable
CRITICAL:strat7:2022-12-15 18:52:04,701:13977: Yes my_avgbuy_price unavailable
CRITICAL:strat7:2022-12-15 18:52:28,442:13978: Yes my_avgbuy_price unavailable
CRITICAL:strat7:2022-12-15 18:52:35,442:13978: Yes my_avgbuy_price unavailable
CRITICAL:strat7:2022-12-15 18:53:04,549:13979: No my_buy_price unavailable
CRITICAL:strat7:2022-12-15 18:53:08,448:13979: No my_buy_price unavailable
CRITICAL:strat7:2022-12-15 18:53:35,933:13983: No my_buy_price unavailable
CRITICAL:strat7:2022-12-15 18:53:40,028:13983: No my_buy_price unavailable
CRITICAL:strat7:2022-12-15 18:54:59,969:13986: No my_buy_price unavailable
CRITICAL:strat7:2022-12-15 18:55:04,576:13986: No my_buy_price unavailable
CRITICAL:strat7:2022-12-15 18:55:33,439:13987: No my_buy_price unavailable
CRITICAL:strat7:2022-12-15 18:55:36,779:13987: No my_buy_price unavailable
CRITICAL:strat7:2022-12-15 18:57:00,855:13977: No my_buy_price unavailable
CRITICAL:strat7:2022-12-15 18:57:04,851:13977: No my_buy_price unavailable
CRITICAL:strat7:2022-12-15 18:58:00,927:13979: No my_buy_price unavailable
CRITICAL:strat7:2022-12-15 18:58:05,184:13979: No my_buy_price unavailable
CRITICAL:strat7:2022-12-15 18:58:33,861:13983: No my_buy_price unavailable
CRITICAL:strat7:2022-12-15 18:58:37,069:13983: No my_buy_price unavailable
CRITICAL:strat7:2022-12-15 18:59:37,911:13985: Yes my_avgbuy_price unavailable
CRITICAL:strat7:2022-12-15 18:59:41,120:13985: Yes my_avgbuy_price unavailable
CRITICAL:strat7:2022-12-15 19:00:12,644:13986: No my_buy_price unavailable
CRITICAL:strat7:2022-12-15 19:00:15,907:13986: No my_buy_price unavailable
CRITICAL:strat7:2022-12-15 19:00:46,158:13987: No my_buy_price unavailable
CRITICAL:strat7:2022-12-15 19:00:49,481:13987: No my_buy_price unavailable
CRITICAL:strat7:2022-12-15 19:02:13,636:13977: No my_buy_price unavailable
CRITICAL:strat7:2022-12-15 19:02:16,339:13977: No my_buy_price unavailable
CRITICAL:strat7:2022-12-15 19:03:11,381:13979: No my_buy_price unavailable
CRITICAL:strat7:2022-12-15 19:03:15,477:13979: No my_buy_price unavailable
CRITICAL:strat7:2022-12-15 19:03:46,007:13983: No my_buy_price unavailable
CRITICAL:strat7:2022-12-15 19:03:49,321:13983: No my_buy_price unavailable
CRITICAL:strat7:2022-12-15 19:04:17,972:13984: No my_buy_price unavailable
CRITICAL:strat7:2022-12-15 19:04:24,327:13984: No my_buy_price unavailable
CRITICAL:strat7:2022-12-15 19:04:50,707:13985: Yes my_avgbuy_price unavailable
CRITICAL:strat7:2022-12-15 19:04:53,945:13985: Yes my_avgbuy_price unavailable
CRITICAL:strat7:2022-12-15 19:05:20,261:13986: No my_buy_price unavailable
CRITICAL:strat7:2022-12-15 19:05:24,335:13986: No my_buy_price unavailable
CRITICAL:strat7:2022-12-15 19:05:49,387:13987: No my_buy_price unavailable
CRITICAL:strat7:2022-12-15 19:05:52,675:13987: No my_buy_price unavailable
CRITICAL:strat7:2022-12-15 19:07:17,461:13977: No my_buy_price unavailable
CRITICAL:strat7:2022-12-15 19:07:20,389:13977: No my_buy_price unavailable
CRITICAL:strat7:2022-12-15 19:08:14,951:13979: No my_buy_price unavailable
CRITICAL:strat7:2022-12-15 19:08:19,111:13979: No my_buy_price unavailable
CRITICAL:strat7:2022-12-15 19:08:43,356:13983: Yes my_avgbuy_price unavailable
CRITICAL:strat7:2022-12-15 19:08:47,304:13983: Yes my_avgbuy_price unavailable
CRITICAL:strat7:2022-12-15 19:09:17,486:13984: No my_buy_price unavailable
CRITICAL:strat7:2022-12-15 19:09:20,719:13984: No my_buy_price unavailable
CRITICAL:strat7:2022-12-15 19:09:50,261:13985: No my_buy_price unavailable
CRITICAL:strat7:2022-12-15 19:09:55,016:13985: No my_buy_price unavailable
CRITICAL:strat7:2022-12-15 19:10:21,251:13986: No my_buy_price unavailable
CRITICAL:strat7:2022-12-15 19:10:26,814:13986: No my_buy_price unavailable
CRITICAL:strat7:2022-12-15 19:10:53,182:13987: No my_buy_price unavailable
CRITICAL:strat7:2022-12-15 19:10:56,454:13987: No my_buy_price unavailable
CRITICAL:strat7:2022-12-15 19:12:20,546:13977: No my_buy_price unavailable
CRITICAL:strat7:2022-12-15 19:12:22,947:13977: No my_buy_price unavailable
CRITICAL:strat7:2022-12-15 19:13:15,478:13979: No my_buy_price unavailable
CRITICAL:strat7:2022-12-15 19:13:19,586:13979: No my_buy_price unavailable
CRITICAL:strat7:2022-12-15 19:13:42,920:13983: Yes my_avgbuy_price unavailable
CRITICAL:strat7:2022-12-15 19:13:45,287:13983: Yes my_avgbuy_price unavailable
CRITICAL:strat7:2022-12-15 19:15:10,085:13986: No my_buy_price unavailable
CRITICAL:strat7:2022-12-15 19:15:14,161:13986: No my_buy_price unavailable
CRITICAL:strat7:2022-12-15 19:15:38,247:13987: No my_buy_price unavailable
CRITICAL:strat7:2022-12-15 19:15:41,540:13987: No my_buy_price unavailable
CRITICAL:strat7:2022-12-15 19:17:05,544:13977: No my_buy_price unavailable
CRITICAL:strat7:2022-12-15 19:17:07,956:13977: No my_buy_price unavailable
CRITICAL:strat7:2022-12-15 19:17:36,686:13978: No my_buy_price unavailable
CRITICAL:strat7:2022-12-15 19:17:39,944:13978: No my_buy_price unavailable
CRITICAL:strat7:2022-12-15 19:18:04,948:13979: No my_buy_price unavailable
CRITICAL:strat7:2022-12-15 19:18:10,461:13979: No my_buy_price unavailable
CRITICAL:strat7:2022-12-15 19:18:38,011:13983: No my_buy_price unavailable
CRITICAL:strat7:2022-12-15 19:18:41,366:13983: No my_buy_price unavailable
CRITICAL:strat7:2022-12-15 19:20:02,825:13986: No my_buy_price unavailable
CRITICAL:strat7:2022-12-15 19:20:06,998:13986: No my_buy_price unavailable
CRITICAL:strat7:2022-12-15 19:20:37,698:13987: No my_buy_price unavailable
CRITICAL:strat7:2022-12-15 19:20:40,932:13987: No my_buy_price unavailable
CRITICAL:strat7:2022-12-15 19:22:05,227:13977: No my_buy_price unavailable
CRITICAL:strat7:2022-12-15 19:22:07,725:13977: No my_buy_price unavailable
CRITICAL:strat7:2022-12-15 19:23:01,158:13979: No my_buy_price unavailable
CRITICAL:strat7:2022-12-15 19:23:05,265:13979: No my_buy_price unavailable
CRITICAL:strat7:2022-12-15 19:23:32,076:13983: No my_buy_price unavailable
CRITICAL:strat7:2022-12-15 19:23:36,179:13983: No my_buy_price unavailable
CRITICAL:strat7:2022-12-15 19:24:52,459:13986: No my_buy_price unavailable
CRITICAL:strat7:2022-12-15 19:24:56,742:13986: No my_buy_price unavailable
CRITICAL:strat7:2022-12-15 19:26:48,240:13977: No my_buy_price unavailable
CRITICAL:strat7:2022-12-15 19:26:50,754:13977: No my_buy_price unavailable
CRITICAL:strat7:2022-12-15 19:27:40,179:13979: No my_buy_price unavailable
CRITICAL:strat7:2022-12-15 19:27:44,322:13979: No my_buy_price unavailable
CRITICAL:strat7:2022-12-15 19:28:09,754:13983: No my_buy_price unavailable
CRITICAL:strat7:2022-12-15 19:28:14,077:13983: No my_buy_price unavailable
CRITICAL:strat7:2022-12-15 19:29:31,743:13986: No my_buy_price unavailable
CRITICAL:strat7:2022-12-15 19:29:35,901:13986: No my_buy_price unavailable
CRITICAL:strat7:2022-12-15 19:30:01,942:13987: No my_buy_price unavailable
CRITICAL:strat7:2022-12-15 19:30:07,916:13987: No my_buy_price unavailable
CRITICAL:strat7:2022-12-15 19:31:32,026:13977: No my_buy_price unavailable
CRITICAL:strat7:2022-12-15 19:31:34,480:13977: No my_buy_price unavailable
CRITICAL:strat7:2022-12-15 19:32:24,113:13979: No my_buy_price unavailable
CRITICAL:strat7:2022-12-15 19:32:28,286:13979: No my_buy_price unavailable
CRITICAL:strat7:2022-12-15 19:32:53,994:13983: No my_buy_price unavailable
CRITICAL:strat7:2022-12-15 19:32:58,106:13983: No my_buy_price unavailable
CRITICAL:strat7:2022-12-15 19:34:14,025:13986: No my_buy_price unavailable
CRITICAL:strat7:2022-12-15 19:34:18,263:13986: No my_buy_price unavailable
CRITICAL:strat7:2022-12-15 19:34:43,903:13987: No my_buy_price unavailable
CRITICAL:strat7:2022-12-15 19:34:48,212:13987: No my_buy_price unavailable
CRITICAL:strat7:2022-12-15 19:36:12,401:13977: No my_buy_price unavailable
CRITICAL:strat7:2022-12-15 19:36:14,920:13977: No my_buy_price unavailable
CRITICAL:strat7:2022-12-15 19:37:09,053:13979: No my_buy_price unavailable
CRITICAL:strat7:2022-12-15 19:37:14,332:13979: No my_buy_price unavailable
CRITICAL:strat7:2022-12-15 19:37:40,523:13983: No my_buy_price unavailable
CRITICAL:strat7:2022-12-15 19:37:44,731:13983: No my_buy_price unavailable
CRITICAL:strat7:2022-12-15 19:39:02,418:13986: No my_buy_price unavailable
CRITICAL:strat7:2022-12-15 19:39:06,742:13986: No my_buy_price unavailable
CRITICAL:strat7:2022-12-15 19:39:32,810:13987: No my_buy_price unavailable
CRITICAL:strat7:2022-12-15 19:39:36,958:13987: No my_buy_price unavailable
CRITICAL:strat7:2022-12-15 19:41:01,312:13977: No my_buy_price unavailable
CRITICAL:strat7:2022-12-15 19:41:03,754:13977: No my_buy_price unavailable
CRITICAL:strat7:2022-12-15 19:41:58,924:13979: No my_buy_price unavailable
CRITICAL:strat7:2022-12-15 19:42:03,125:13979: No my_buy_price unavailable
CRITICAL:strat7:2022-12-15 19:42:28,978:13983: No my_buy_price unavailable
CRITICAL:strat7:2022-12-15 19:42:33,104:13983: No my_buy_price unavailable
CRITICAL:strat7:2022-12-15 19:43:48,218:13986: No my_buy_price unavailable
CRITICAL:strat7:2022-12-15 19:43:52,397:13986: No my_buy_price unavailable
CRITICAL:strat7:2022-12-15 19:44:19,126:13987: No my_buy_price unavailable
CRITICAL:strat7:2022-12-15 19:44:23,377:13987: No my_buy_price unavailable
CRITICAL:strat7:2022-12-15 19:45:47,638:13977: No my_buy_price unavailable
CRITICAL:strat7:2022-12-15 19:45:50,147:13977: No my_buy_price unavailable
CRITICAL:strat7:2022-12-15 19:46:42,036:13979: No my_buy_price unavailable
CRITICAL:strat7:2022-12-15 19:46:46,218:13979: No my_buy_price unavailable
CRITICAL:strat7:2022-12-15 19:47:13,439:13983: No my_buy_price unavailable
CRITICAL:strat7:2022-12-15 19:47:17,822:13983: No my_buy_price unavailable
CRITICAL:strat7:2022-12-15 19:48:36,062:13986: No my_buy_price unavailable
CRITICAL:strat7:2022-12-15 19:48:40,292:13986: No my_buy_price unavailable
CRITICAL:strat7:2022-12-15 19:49:06,343:13987: No my_buy_price unavailable
CRITICAL:strat7:2022-12-15 19:49:11,207:13987: No my_buy_price unavailable
CRITICAL:strat7:2022-12-15 19:50:35,166:13977: No my_buy_price unavailable
CRITICAL:strat7:2022-12-15 19:50:37,641:13977: No my_buy_price unavailable
CRITICAL:strat7:2022-12-15 19:51:28,659:13979: No my_buy_price unavailable
CRITICAL:strat7:2022-12-15 19:51:32,827:13979: No my_buy_price unavailable
CRITICAL:strat7:2022-12-15 19:52:00,080:13983: No my_buy_price unavailable
CRITICAL:strat7:2022-12-15 19:52:04,299:13983: No my_buy_price unavailable
CRITICAL:strat7:2022-12-15 19:53:20,990:13986: No my_buy_price unavailable
CRITICAL:strat7:2022-12-15 19:53:25,198:13986: No my_buy_price unavailable
CRITICAL:strat7:2022-12-15 19:53:50,757:13987: No my_buy_price unavailable
CRITICAL:strat7:2022-12-15 19:53:54,878:13987: No my_buy_price unavailable
CRITICAL:strat7:2022-12-15 19:55:20,911:13977: No my_buy_price unavailable
CRITICAL:strat7:2022-12-15 19:55:23,443:13977: No my_buy_price unavailable
CRITICAL:strat7:2022-12-15 19:56:12,507:13979: No my_buy_price unavailable
CRITICAL:strat7:2022-12-15 19:56:16,792:13979: No my_buy_price unavailable
CRITICAL:strat7:2022-12-15 19:56:41,724:13983: Yes my_avgbuy_price unavailable
CRITICAL:strat7:2022-12-15 19:56:45,757:13983: Yes my_avgbuy_price unavailable
CRITICAL:strat7:2022-12-15 19:57:38,138:13985: No my_buy_price unavailable
CRITICAL:strat7:2022-12-15 19:57:41,390:13985: No my_buy_price unavailable
CRITICAL:strat7:2022-12-15 19:58:08,471:13986: No my_buy_price unavailable
CRITICAL:strat7:2022-12-15 19:58:12,639:13986: No my_buy_price unavailable
CRITICAL:strat7:2022-12-15 20:00:06,685:13977: No my_buy_price unavailable
CRITICAL:strat7:2022-12-15 20:00:09,125:13977: No my_buy_price unavailable
CRITICAL:strat7:2022-12-15 20:00:59,935:13979: No my_buy_price unavailable
CRITICAL:strat7:2022-12-15 20:01:04,247:13979: No my_buy_price unavailable
CRITICAL:strat7:2022-12-15 20:02:21,410:13985: No my_buy_price unavailable
CRITICAL:strat7:2022-12-15 20:02:25,638:13985: No my_buy_price unavailable
CRITICAL:strat7:2022-12-15 20:02:51,598:13986: No my_buy_price unavailable
CRITICAL:strat7:2022-12-15 20:02:56,405:13986: No my_buy_price unavailable
CRITICAL:strat7:2022-12-15 20:04:49,680:13977: No my_buy_price unavailable
CRITICAL:strat7:2022-12-15 20:04:52,141:13977: No my_buy_price unavailable
CRITICAL:strat7:2022-12-15 20:05:44,137:13979: No my_buy_price unavailable
CRITICAL:strat7:2022-12-15 20:05:48,298:13979: No my_buy_price unavailable
CRITICAL:strat7:2022-12-15 20:06:12,868:13983: Yes my_avgbuy_price unavailable
CRITICAL:strat7:2022-12-15 20:06:15,314:13983: Yes my_avgbuy_price unavailable
CRITICAL:strat7:2022-12-15 20:07:07,142:13985: No my_buy_price unavailable
CRITICAL:strat7:2022-12-15 20:07:11,282:13985: No my_buy_price unavailable
CRITICAL:strat7:2022-12-15 20:07:37,080:13986: No my_buy_price unavailable
CRITICAL:strat7:2022-12-15 20:07:41,369:13986: No my_buy_price unavailable
CRITICAL:strat7:2022-12-15 20:09:35,592:13977: No my_buy_price unavailable
CRITICAL:strat7:2022-12-15 20:09:38,094:13977: No my_buy_price unavailable
CRITICAL:strat7:2022-12-15 20:10:28,033:13979: No my_buy_price unavailable
CRITICAL:strat7:2022-12-15 20:10:32,222:13979: No my_buy_price unavailable
CRITICAL:strat7:2022-12-15 20:10:56,088:13983: Yes my_avgbuy_price unavailable
CRITICAL:strat7:2022-12-15 20:10:58,540:13983: Yes my_avgbuy_price unavailable
CRITICAL:strat7:2022-12-15 20:12:20,737:13986: No my_buy_price unavailable
CRITICAL:strat7:2022-12-15 20:12:25,131:13986: No my_buy_price unavailable
CRITICAL:strat7:2022-12-15 20:14:18,646:13977: No my_buy_price unavailable
CRITICAL:strat7:2022-12-15 20:14:21,148:13977: No my_buy_price unavailable
CRITICAL:strat7:2022-12-15 20:15:12,418:13979: No my_buy_price unavailable
CRITICAL:strat7:2022-12-15 20:15:16,616:13979: No my_buy_price unavailable
CRITICAL:strat7:2022-12-15 20:15:41,050:13983: Yes my_avgbuy_price unavailable
CRITICAL:strat7:2022-12-15 20:15:43,509:13983: Yes my_avgbuy_price unavailable
CRITICAL:strat7:2022-12-15 20:16:39,080:13985: No my_buy_price unavailable
CRITICAL:strat7:2022-12-15 20:16:42,429:13985: No my_buy_price unavailable
CRITICAL:strat7:2022-12-15 20:17:08,558:13986: No my_buy_price unavailable
CRITICAL:strat7:2022-12-15 20:17:12,761:13986: No my_buy_price unavailable
CRITICAL:strat7:2022-12-15 20:19:07,336:13977: No my_buy_price unavailable
CRITICAL:strat7:2022-12-15 20:19:09,780:13977: No my_buy_price unavailable
CRITICAL:strat7:2022-12-15 20:19:59,392:13979: No my_buy_price unavailable
CRITICAL:strat7:2022-12-15 20:20:03,809:13979: No my_buy_price unavailable
CRITICAL:strat7:2022-12-15 20:20:27,869:13983: Yes my_avgbuy_price unavailable
CRITICAL:strat7:2022-12-15 20:20:30,317:13983: Yes my_avgbuy_price unavailable
CRITICAL:strat7:2022-12-15 20:21:52,744:13986: No my_buy_price unavailable
CRITICAL:strat7:2022-12-15 20:21:57,024:13986: No my_buy_price unavailable
CRITICAL:strat7:2022-12-15 20:23:51,000:13977: No my_buy_price unavailable
CRITICAL:strat7:2022-12-15 20:23:53,434:13977: No my_buy_price unavailable
CRITICAL:strat7:2022-12-15 20:24:21,248:13978: No my_buy_price unavailable
CRITICAL:strat7:2022-12-15 20:24:25,450:13978: No my_buy_price unavailable
CRITICAL:strat7:2022-12-15 20:24:56,259:13979: No my_buy_price unavailable
CRITICAL:strat7:2022-12-15 20:24:59,513:13979: No my_buy_price unavailable
CRITICAL:strat7:2022-12-15 20:25:23,376:13983: Yes my_avgbuy_price unavailable
CRITICAL:strat7:2022-12-15 20:25:25,833:13983: Yes my_avgbuy_price unavailable
CRITICAL:strat7:2022-12-15 20:26:47,830:13986: No my_buy_price unavailable
CRITICAL:strat7:2022-12-15 20:26:51,968:13986: No my_buy_price unavailable
CRITICAL:strat7:2022-12-15 20:28:41,126:13977: No my_buy_price unavailable
CRITICAL:strat7:2022-12-15 20:28:43,518:13977: No my_buy_price unavailable
CRITICAL:strat7:2022-12-15 20:29:08,973:13978: No my_buy_price unavailable
CRITICAL:strat7:2022-12-15 20:29:13,051:13978: No my_buy_price unavailable
CRITICAL:strat7:2022-12-15 20:29:38,994:13979: No my_buy_price unavailable
CRITICAL:strat7:2022-12-15 20:29:43,133:13979: No my_buy_price unavailable
CRITICAL:strat7:2022-12-15 20:30:08,117:13983: Yes my_avgbuy_price unavailable
CRITICAL:strat7:2022-12-15 20:30:10,502:13983: Yes my_avgbuy_price unavailable
CRITICAL:strat7:2022-12-15 20:31:29,787:13986: No my_buy_price unavailable
CRITICAL:strat7:2022-12-15 20:31:35,301:13986: No my_buy_price unavailable
CRITICAL:strat7:2022-12-15 20:33:27,424:13977: No my_buy_price unavailable
CRITICAL:strat7:2022-12-15 20:33:31,305:13977: No my_buy_price unavailable
CRITICAL:strat7:2022-12-15 20:34:00,269:13978: No my_buy_price unavailable
CRITICAL:strat7:2022-12-15 20:34:03,636:13978: No my_buy_price unavailable
CRITICAL:strat7:2022-12-15 20:34:29,302:13979: No my_buy_price unavailable
CRITICAL:strat7:2022-12-15 20:34:33,458:13979: No my_buy_price unavailable
CRITICAL:strat7:2022-12-15 20:34:58,208:13983: Yes my_avgbuy_price unavailable
CRITICAL:strat7:2022-12-15 20:35:00,693:13983: Yes my_avgbuy_price unavailable
CRITICAL:strat7:2022-12-15 20:36:19,903:13986: No my_buy_price unavailable
CRITICAL:strat7:2022-12-15 20:36:23,961:13986: No my_buy_price unavailable
CRITICAL:strat7:2022-12-15 20:36:50,624:13987: No my_buy_price unavailable
CRITICAL:strat7:2022-12-15 20:36:55,329:13987: No my_buy_price unavailable
CRITICAL:strat7:2022-12-15 20:38:18,856:13977: No my_buy_price unavailable
CRITICAL:strat7:2022-12-15 20:38:21,344:13977: No my_buy_price unavailable
CRITICAL:strat7:2022-12-15 20:38:50,746:13978: No my_buy_price unavailable
CRITICAL:strat7:2022-12-15 20:38:54,132:13978: No my_buy_price unavailable
CRITICAL:strat7:2022-12-15 20:39:20,731:13979: No my_buy_price unavailable
CRITICAL:strat7:2022-12-15 20:39:24,806:13979: No my_buy_price unavailable
CRITICAL:strat7:2022-12-15 20:39:48,675:13983: Yes my_avgbuy_price unavailable
CRITICAL:strat7:2022-12-15 20:39:51,142:13983: Yes my_avgbuy_price unavailable
CRITICAL:strat7:2022-12-15 20:41:10,924:13986: No my_buy_price unavailable
CRITICAL:strat7:2022-12-15 20:41:15,588:13986: No my_buy_price unavailable
CRITICAL:strat7:2022-12-15 20:41:45,037:13987: No my_buy_price unavailable
CRITICAL:strat7:2022-12-15 20:41:48,528:13987: No my_buy_price unavailable
CRITICAL:strat7:2022-12-15 20:43:12,448:13977: No my_buy_price unavailable
CRITICAL:strat7:2022-12-15 20:43:14,816:13977: No my_buy_price unavailable
CRITICAL:strat7:2022-12-15 20:44:09,793:13979: No my_buy_price unavailable
CRITICAL:strat7:2022-12-15 20:44:13,897:13979: No my_buy_price unavailable
CRITICAL:strat7:2022-12-15 20:44:38,089:13983: Yes my_avgbuy_price unavailable
CRITICAL:strat7:2022-12-15 20:44:40,534:13983: Yes my_avgbuy_price unavailable
CRITICAL:strat7:2022-12-15 20:45:59,726:13986: No my_buy_price unavailable
CRITICAL:strat7:2022-12-15 20:46:05,304:13986: No my_buy_price unavailable
CRITICAL:strat7:2022-12-15 20:47:57,941:13977: No my_buy_price unavailable
CRITICAL:strat7:2022-12-15 20:48:00,352:13977: No my_buy_price unavailable
CRITICAL:strat7:2022-12-15 20:48:55,543:13979: Yes my_avgbuy_price unavailable
CRITICAL:strat7:2022-12-15 20:48:59,497:13979: Yes my_avgbuy_price unavailable
CRITICAL:strat7:2022-12-15 20:49:24,886:13983: Yes my_avgbuy_price unavailable
CRITICAL:strat7:2022-12-15 20:49:27,467:13983: Yes my_avgbuy_price unavailable
CRITICAL:strat7:2022-12-15 20:50:46,639:13986: No my_buy_price unavailable
CRITICAL:strat7:2022-12-15 20:50:50,830:13986: No my_buy_price unavailable
CRITICAL:strat7:2022-12-15 20:51:16,963:13987: No my_buy_price unavailable
CRITICAL:strat7:2022-12-15 20:51:21,119:13987: No my_buy_price unavailable
CRITICAL:strat7:2022-12-15 20:52:44,829:13977: No my_buy_price unavailable
CRITICAL:strat7:2022-12-15 20:52:47,317:13977: No my_buy_price unavailable
CRITICAL:strat7:2022-12-15 20:53:45,083:13979: Yes my_avgbuy_price unavailable
CRITICAL:strat7:2022-12-15 20:53:48,528:13979: Yes my_avgbuy_price unavailable
CRITICAL:strat7:2022-12-15 20:54:12,932:13983: Yes my_avgbuy_price unavailable
CRITICAL:strat7:2022-12-15 20:54:15,432:13983: Yes my_avgbuy_price unavailable
CRITICAL:strat7:2022-12-15 20:55:34,445:13986: Yes my_avgbuy_price unavailable
CRITICAL:strat7:2022-12-15 20:55:38,388:13986: Yes my_avgbuy_price unavailable
CRITICAL:strat7:2022-12-15 20:57:32,356:13977: No my_buy_price unavailable
CRITICAL:strat7:2022-12-15 20:57:34,835:13977: No my_buy_price unavailable
CRITICAL:strat7:2022-12-15 20:58:00,407:13978: No my_buy_price unavailable
CRITICAL:strat7:2022-12-15 20:58:05,102:13978: No my_buy_price unavailable
CRITICAL:strat7:2022-12-15 20:58:33,144:13979: No my_buy_price unavailable
CRITICAL:strat7:2022-12-15 20:58:37,919:13979: No my_buy_price unavailable
CRITICAL:strat7:2022-12-15 20:59:02,000:13983: Yes my_avgbuy_price unavailable
CRITICAL:strat7:2022-12-15 20:59:04,528:13983: Yes my_avgbuy_price unavailable
CRITICAL:strat7:2022-12-15 21:00:25,763:13986: No my_buy_price unavailable
CRITICAL:strat7:2022-12-15 21:00:28,950:13986: No my_buy_price unavailable
CRITICAL:strat7:2022-12-15 21:02:29,784:13977: Yes my_avgbuy_price unavailable
CRITICAL:strat7:2022-12-15 21:02:33,692:13977: Yes my_avgbuy_price unavailable
CRITICAL:strat7:2022-12-15 21:03:02,211:13978: Yes my_avgbuy_price unavailable
CRITICAL:strat7:2022-12-15 21:03:07,558:13978: Yes my_avgbuy_price unavailable
CRITICAL:strat7:2022-12-15 21:03:33,296:13979: No my_buy_price unavailable
CRITICAL:strat7:2022-12-15 21:03:37,622:13979: No my_buy_price unavailable
CRITICAL:strat7:2022-12-15 21:04:05,681:13983: No my_buy_price unavailable
CRITICAL:strat7:2022-12-15 21:04:13,707:13983: No my_buy_price unavailable
CRITICAL:strat7:2022-12-15 21:04:42,556:13984: No my_buy_price unavailable
CRITICAL:strat7:2022-12-15 21:04:45,925:13984: No my_buy_price unavailable
CRITICAL:strat7:2022-12-15 21:05:13,748:13985: No my_buy_price unavailable
CRITICAL:strat7:2022-12-15 21:05:17,311:13985: No my_buy_price unavailable
CRITICAL:strat7:2022-12-15 21:05:44,316:13986: No my_buy_price unavailable
CRITICAL:strat7:2022-12-15 21:05:49,067:13986: No my_buy_price unavailable
CRITICAL:strat7:2022-12-15 21:07:53,264:13977: Yes my_avgbuy_price unavailable
CRITICAL:strat7:2022-12-15 21:07:56,544:13977: Yes my_avgbuy_price unavailable
CRITICAL:strat7:2022-12-15 21:08:24,104:13978: Yes my_avgbuy_price unavailable
CRITICAL:strat7:2022-12-15 21:08:28,211:13978: Yes my_avgbuy_price unavailable
CRITICAL:strat7:2022-12-15 21:08:54,080:13979: No my_buy_price unavailable
CRITICAL:strat7:2022-12-15 21:08:58,201:13979: No my_buy_price unavailable
CRITICAL:strat7:2022-12-15 21:10:21,202:13985: No my_buy_price unavailable
CRITICAL:strat7:2022-12-15 21:10:26,851:13985: No my_buy_price unavailable
CRITICAL:strat7:2022-12-15 21:10:53,108:13986: No my_buy_price unavailable
CRITICAL:strat7:2022-12-15 21:10:57,448:13986: No my_buy_price unavailable
CRITICAL:strat7:2022-12-15 21:12:59,318:13977: Yes my_avgbuy_price unavailable
CRITICAL:strat7:2022-12-15 21:13:03,590:13977: Yes my_avgbuy_price unavailable
CRITICAL:strat7:2022-12-15 21:13:33,589:13978: No my_buy_price unavailable
CRITICAL:strat7:2022-12-15 21:13:38,428:13978: No my_buy_price unavailable
CRITICAL:strat7:2022-12-15 21:14:04,330:13979: No my_buy_price unavailable
CRITICAL:strat7:2022-12-15 21:14:08,600:13979: No my_buy_price unavailable
CRITICAL:strat7:2022-12-15 21:15:40,378:13985: No my_buy_price unavailable
CRITICAL:strat7:2022-12-15 21:15:44,465:13985: No my_buy_price unavailable
CRITICAL:strat7:2022-12-15 21:16:10,539:13986: No my_buy_price unavailable
CRITICAL:strat7:2022-12-15 21:16:15,319:13986: No my_buy_price unavailable
CRITICAL:strat7:2022-12-15 21:16:45,254:13987: No my_buy_price unavailable
CRITICAL:strat7:2022-12-15 21:16:48,587:13987: No my_buy_price unavailable
CRITICAL:strat7:2022-12-15 21:18:14,354:13977: Yes my_avgbuy_price unavailable
CRITICAL:strat7:2022-12-15 21:18:19,019:13977: Yes my_avgbuy_price unavailable
CRITICAL:strat7:2022-12-15 21:18:44,948:13978: No my_buy_price unavailable
CRITICAL:strat7:2022-12-15 21:18:49,170:13978: No my_buy_price unavailable
CRITICAL:strat7:2022-12-15 21:20:09,912:13984: No my_buy_price unavailable
CRITICAL:strat7:2022-12-15 21:20:13,243:13984: No my_buy_price unavailable
CRITICAL:strat7:2022-12-15 21:20:39,691:13985: No my_buy_price unavailable
CRITICAL:strat7:2022-12-15 21:20:43,871:13985: No my_buy_price unavailable
CRITICAL:strat7:2022-12-15 21:21:09,144:13986: No my_buy_price unavailable
CRITICAL:strat7:2022-12-15 21:21:13,358:13986: No my_buy_price unavailable
CRITICAL:strat7:2022-12-15 21:21:42,905:13987: No my_buy_price unavailable
CRITICAL:strat7:2022-12-15 21:21:46,212:13987: No my_buy_price unavailable
CRITICAL:strat7:2022-12-15 21:23:10,051:13977: No my_buy_price unavailable
CRITICAL:strat7:2022-12-15 21:23:14,036:13977: No my_buy_price unavailable
CRITICAL:strat7:2022-12-15 21:23:44,065:13978: No my_buy_price unavailable
CRITICAL:strat7:2022-12-15 21:23:47,334:13978: No my_buy_price unavailable
CRITICAL:strat7:2022-12-15 21:24:13,520:13979: No my_buy_price unavailable
CRITICAL:strat7:2022-12-15 21:24:19,067:13979: No my_buy_price unavailable
CRITICAL:strat7:2022-12-15 21:25:14,894:13984: No my_buy_price unavailable
CRITICAL:strat7:2022-12-15 21:25:19,065:13984: No my_buy_price unavailable
CRITICAL:strat7:2022-12-15 21:25:44,590:13985: No my_buy_price unavailable
CRITICAL:strat7:2022-12-15 21:25:50,160:13985: No my_buy_price unavailable
CRITICAL:strat7:2022-12-15 21:26:19,551:13986: No my_buy_price unavailable
CRITICAL:strat7:2022-12-15 21:26:22,922:13986: No my_buy_price unavailable
CRITICAL:strat7:2022-12-15 21:26:53,478:13987: No my_buy_price unavailable
CRITICAL:strat7:2022-12-15 21:26:56,878:13987: No my_buy_price unavailable
CRITICAL:strat7:2022-12-15 21:28:25,809:13977: Yes my_avgbuy_price unavailable
CRITICAL:strat7:2022-12-15 21:28:29,320:13977: Yes my_avgbuy_price unavailable
CRITICAL:strat7:2022-12-15 21:28:55,030:13978: No my_buy_price unavailable
CRITICAL:strat7:2022-12-15 21:28:59,242:13978: No my_buy_price unavailable
CRITICAL:strat7:2022-12-15 21:29:25,379:13979: No my_buy_price unavailable
CRITICAL:strat7:2022-12-15 21:29:29,640:13979: No my_buy_price unavailable
CRITICAL:strat7:2022-12-15 21:29:55,440:13983: No my_buy_price unavailable
CRITICAL:strat7:2022-12-15 21:29:59,738:13983: No my_buy_price unavailable
CRITICAL:strat7:2022-12-15 21:30:56,418:13985: No my_buy_price unavailable
CRITICAL:strat7:2022-12-15 21:31:00,639:13985: No my_buy_price unavailable
CRITICAL:strat7:2022-12-15 21:31:26,182:13986: No my_buy_price unavailable
CRITICAL:strat7:2022-12-15 21:31:30,246:13986: No my_buy_price unavailable
CRITICAL:strat7:2022-12-15 21:31:56,309:13987: No my_buy_price unavailable
CRITICAL:strat7:2022-12-15 21:31:59,619:13987: No my_buy_price unavailable
CRITICAL:strat7:2022-12-15 21:33:22,456:13977: No my_buy_price unavailable
CRITICAL:strat7:2022-12-15 21:33:26,465:13977: No my_buy_price unavailable
CRITICAL:strat7:2022-12-15 21:34:24,903:13979: Yes my_avgbuy_price unavailable
CRITICAL:strat7:2022-12-15 21:34:28,902:13979: Yes my_avgbuy_price unavailable
CRITICAL:strat7:2022-12-15 21:34:53,547:13983: Yes my_avgbuy_price unavailable
CRITICAL:strat7:2022-12-15 21:34:57,730:13983: Yes my_avgbuy_price unavailable
CRITICAL:strat7:2022-12-15 21:35:51,314:13985: No my_buy_price unavailable
CRITICAL:strat7:2022-12-15 21:35:55,481:13985: No my_buy_price unavailable
CRITICAL:strat7:2022-12-15 21:36:21,478:13986: No my_buy_price unavailable
CRITICAL:strat7:2022-12-15 21:36:25,642:13986: No my_buy_price unavailable
CRITICAL:strat7:2022-12-15 21:36:51,357:13987: No my_buy_price unavailable
CRITICAL:strat7:2022-12-15 21:36:54,851:13987: No my_buy_price unavailable
CRITICAL:strat7:2022-12-15 21:38:19,398:13977: No my_buy_price unavailable
CRITICAL:strat7:2022-12-15 21:38:21,867:13977: No my_buy_price unavailable
CRITICAL:strat7:2022-12-15 21:39:13,959:13979: Yes my_avgbuy_price unavailable
CRITICAL:strat7:2022-12-15 21:39:16,462:13979: Yes my_avgbuy_price unavailable
CRITICAL:strat7:2022-12-15 21:39:41,192:13983: Yes my_avgbuy_price unavailable
CRITICAL:strat7:2022-12-15 21:39:43,612:13983: Yes my_avgbuy_price unavailable
CRITICAL:strat7:2022-12-15 21:40:41,458:13985: No my_buy_price unavailable
CRITICAL:strat7:2022-12-15 21:40:44,780:13985: No my_buy_price unavailable
CRITICAL:strat7:2022-12-15 21:41:11,252:13986: No my_buy_price unavailable
CRITICAL:strat7:2022-12-15 21:41:15,493:13986: No my_buy_price unavailable
CRITICAL:strat7:2022-12-15 21:41:40,516:13987: No my_buy_price unavailable
CRITICAL:strat7:2022-12-15 21:41:43,815:13987: No my_buy_price unavailable
CRITICAL:strat7:2022-12-15 21:43:08,563:13977: No my_buy_price unavailable
CRITICAL:strat7:2022-12-15 21:43:11,004:13977: No my_buy_price unavailable
CRITICAL:strat7:2022-12-15 21:44:05,808:13979: Yes my_avgbuy_price unavailable
CRITICAL:strat7:2022-12-15 21:44:08,329:13979: Yes my_avgbuy_price unavailable
CRITICAL:strat7:2022-12-15 21:44:32,395:13983: Yes my_avgbuy_price unavailable
CRITICAL:strat7:2022-12-15 21:44:34,833:13983: Yes my_avgbuy_price unavailable
CRITICAL:strat7:2022-12-15 21:45:30,092:13985: No my_buy_price unavailable
CRITICAL:strat7:2022-12-15 21:45:34,421:13985: No my_buy_price unavailable
CRITICAL:strat7:2022-12-15 21:46:00,614:13986: No my_buy_price unavailable
CRITICAL:strat7:2022-12-15 21:46:04,760:13986: No my_buy_price unavailable
CRITICAL:strat7:2022-12-15 21:46:30,706:13987: No my_buy_price unavailable
CRITICAL:strat7:2022-12-15 21:46:34,032:13987: No my_buy_price unavailable
CRITICAL:strat7:2022-12-15 21:47:58,187:13977: No my_buy_price unavailable
CRITICAL:strat7:2022-12-15 21:48:00,732:13977: No my_buy_price unavailable
CRITICAL:strat7:2022-12-15 21:48:29,361:13978: Yes my_avgbuy_price unavailable
CRITICAL:strat7:2022-12-15 21:48:37,515:13978: Yes my_avgbuy_price unavailable
CRITICAL:strat7:2022-12-15 21:49:03,101:13979: Yes my_avgbuy_price unavailable
CRITICAL:strat7:2022-12-15 21:49:05,589:13979: Yes my_avgbuy_price unavailable
CRITICAL:strat7:2022-12-15 21:49:29,665:13983: Yes my_avgbuy_price unavailable
CRITICAL:strat7:2022-12-15 21:49:32,126:13983: Yes my_avgbuy_price unavailable
CRITICAL:strat7:2022-12-15 21:50:26,903:13985: No my_buy_price unavailable
CRITICAL:strat7:2022-12-15 21:50:31,014:13985: No my_buy_price unavailable
CRITICAL:strat7:2022-12-15 21:50:57,300:13986: No my_buy_price unavailable
CRITICAL:strat7:2022-12-15 21:51:01,447:13986: No my_buy_price unavailable
CRITICAL:strat7:2022-12-15 21:51:27,368:13987: No my_buy_price unavailable
CRITICAL:strat7:2022-12-15 21:51:30,752:13987: No my_buy_price unavailable
CRITICAL:strat7:2022-12-15 21:52:55,210:13977: No my_buy_price unavailable
CRITICAL:strat7:2022-12-15 21:52:57,644:13977: No my_buy_price unavailable
CRITICAL:strat7:2022-12-15 21:53:54,860:13979: Yes my_avgbuy_price unavailable
CRITICAL:strat7:2022-12-15 21:53:57,325:13979: Yes my_avgbuy_price unavailable
CRITICAL:strat7:2022-12-15 21:54:21,173:13983: Yes my_avgbuy_price unavailable
CRITICAL:strat7:2022-12-15 21:54:23,689:13983: Yes my_avgbuy_price unavailable
CRITICAL:strat7:2022-12-15 21:55:17,361:13985: No my_buy_price unavailable
CRITICAL:strat7:2022-12-15 21:55:21,443:13985: No my_buy_price unavailable
CRITICAL:strat7:2022-12-15 21:55:47,443:13986: No my_buy_price unavailable
CRITICAL:strat7:2022-12-15 21:55:51,633:13986: No my_buy_price unavailable
CRITICAL:strat7:2022-12-15 21:56:17,855:13987: No my_buy_price unavailable
CRITICAL:strat7:2022-12-15 21:56:22,685:13987: No my_buy_price unavailable
CRITICAL:strat7:2022-12-15 21:57:47,588:13977: No my_buy_price unavailable
CRITICAL:strat7:2022-12-15 21:57:50,087:13977: No my_buy_price unavailable
CRITICAL:strat7:2022-12-15 21:58:47,706:13979: Yes my_avgbuy_price unavailable
CRITICAL:strat7:2022-12-15 21:58:50,122:13979: Yes my_avgbuy_price unavailable
CRITICAL:strat7:2022-12-15 21:59:14,103:13983: Yes my_avgbuy_price unavailable
CRITICAL:strat7:2022-12-15 21:59:16,548:13983: Yes my_avgbuy_price unavailable
CRITICAL:strat7:2022-12-15 22:00:09,136:13985: No my_buy_price unavailable
CRITICAL:strat7:2022-12-15 22:00:13,288:13985: No my_buy_price unavailable
CRITICAL:strat7:2022-12-15 22:00:38,943:13986: No my_buy_price unavailable
CRITICAL:strat7:2022-12-15 22:00:43,135:13986: No my_buy_price unavailable
CRITICAL:strat7:2022-12-15 22:01:08,831:13987: No my_buy_price unavailable
CRITICAL:strat7:2022-12-15 22:01:12,144:13987: No my_buy_price unavailable
CRITICAL:strat7:2022-12-15 22:02:39,844:13977: Yes my_avgbuy_price unavailable
CRITICAL:strat7:2022-12-15 22:02:43,153:13977: Yes my_avgbuy_price unavailable
CRITICAL:strat7:2022-12-15 22:03:12,873:13978: No my_buy_price unavailable
CRITICAL:strat7:2022-12-15 22:03:16,144:13978: No my_buy_price unavailable
CRITICAL:strat7:2022-12-15 22:03:44,974:13979: No my_buy_price unavailable
CRITICAL:strat7:2022-12-15 22:03:48,326:13979: No my_buy_price unavailable
CRITICAL:strat7:2022-12-15 22:04:17,810:13983: No my_buy_price unavailable
CRITICAL:strat7:2022-12-15 22:04:21,191:13983: No my_buy_price unavailable
CRITICAL:strat7:2022-12-15 22:04:49,605:13984: No my_buy_price unavailable
CRITICAL:strat7:2022-12-15 22:04:53,075:13984: No my_buy_price unavailable
CRITICAL:strat7:2022-12-15 22:05:19,981:13985: No my_buy_price unavailable
CRITICAL:strat7:2022-12-15 22:05:24,181:13985: No my_buy_price unavailable
CRITICAL:strat7:2022-12-15 22:05:51,873:13986: No my_buy_price unavailable
CRITICAL:strat7:2022-12-15 22:05:56,174:13986: No my_buy_price unavailable
CRITICAL:strat7:2022-12-15 22:06:21,879:13987: No my_buy_price unavailable
CRITICAL:strat7:2022-12-15 22:06:25,261:13987: No my_buy_price unavailable
CRITICAL:strat7:2022-12-15 22:07:49,274:13977: No my_buy_price unavailable
CRITICAL:strat7:2022-12-15 22:07:53,306:13977: No my_buy_price unavailable
CRITICAL:strat7:2022-12-15 22:08:18,914:13978: Yes my_avgbuy_price unavailable
CRITICAL:strat7:2022-12-15 22:08:22,957:13978: Yes my_avgbuy_price unavailable
CRITICAL:strat7:2022-12-15 22:08:48,973:13979: No my_buy_price unavailable
CRITICAL:strat7:2022-12-15 22:08:53,089:13979: No my_buy_price unavailable
CRITICAL:strat7:2022-12-15 22:09:19,230:13983: No my_buy_price unavailable
CRITICAL:strat7:2022-12-15 22:09:23,489:13983: No my_buy_price unavailable
CRITICAL:strat7:2022-12-15 22:09:48,979:13984: No my_buy_price unavailable
CRITICAL:strat7:2022-12-15 22:09:52,298:13984: No my_buy_price unavailable
CRITICAL:strat7:2022-12-15 22:10:19,698:13985: No my_buy_price unavailable
CRITICAL:strat7:2022-12-15 22:10:23,883:13985: No my_buy_price unavailable
CRITICAL:strat7:2022-12-15 22:10:50,122:13986: No my_buy_price unavailable
CRITICAL:strat7:2022-12-15 22:10:54,257:13986: No my_buy_price unavailable
CRITICAL:strat7:2022-12-15 22:11:24,522:13987: No my_buy_price unavailable
CRITICAL:strat7:2022-12-15 22:11:27,884:13987: No my_buy_price unavailable
CRITICAL:strat7:2022-12-15 22:12:55,703:13977: Yes my_avgbuy_price unavailable
CRITICAL:strat7:2022-12-15 22:12:58,905:13977: Yes my_avgbuy_price unavailable
CRITICAL:strat7:2022-12-15 22:13:23,963:13978: Yes my_avgbuy_price unavailable
CRITICAL:strat7:2022-12-15 22:13:26,348:13978: Yes my_avgbuy_price unavailable
CRITICAL:strat7:2022-12-15 22:13:51,581:13979: No my_buy_price unavailable
CRITICAL:strat7:2022-12-15 22:13:55,791:13979: No my_buy_price unavailable
CRITICAL:strat7:2022-12-15 22:14:21,894:13983: No my_buy_price unavailable
CRITICAL:strat7:2022-12-15 22:14:26,069:13983: No my_buy_price unavailable
CRITICAL:strat7:2022-12-15 22:14:51,055:13984: No my_buy_price unavailable
CRITICAL:strat7:2022-12-15 22:15:17,422:13985: No my_buy_price unavailable
CRITICAL:strat7:2022-12-15 22:15:21,651:13985: No my_buy_price unavailable
CRITICAL:strat7:2022-12-15 22:15:48,082:13986: No my_buy_price unavailable
CRITICAL:strat7:2022-12-15 22:15:52,182:13986: No my_buy_price unavailable
CRITICAL:strat7:2022-12-15 22:16:18,572:13987: No my_buy_price unavailable
CRITICAL:strat7:2022-12-15 22:16:23,433:13987: No my_buy_price unavailable
CRITICAL:strat7:2022-12-15 22:17:47,325:13977: No my_buy_price unavailable
CRITICAL:strat7:2022-12-15 22:17:51,878:13977: No my_buy_price unavailable
CRITICAL:strat7:2022-12-15 22:18:16,521:13978: Yes my_avgbuy_price unavailable
CRITICAL:strat7:2022-12-15 22:18:18,855:13978: Yes my_avgbuy_price unavailable
CRITICAL:strat7:2022-12-15 22:18:45,342:13979: No my_buy_price unavailable
CRITICAL:strat7:2022-12-15 22:18:49,374:13979: No my_buy_price unavailable
CRITICAL:strat7:2022-12-15 22:19:13,224:13983: Yes my_avgbuy_price unavailable
CRITICAL:strat7:2022-12-15 22:19:17,179:13983: Yes my_avgbuy_price unavailable
CRITICAL:strat7:2022-12-15 22:20:12,338:13985: No my_buy_price unavailable
CRITICAL:strat7:2022-12-15 22:20:16,690:13985: No my_buy_price unavailable
CRITICAL:strat7:2022-12-15 22:20:42,130:13986: No my_buy_price unavailable
CRITICAL:strat7:2022-12-15 22:20:46,201:13986: No my_buy_price unavailable
CRITICAL:strat7:2022-12-15 22:21:12,149:13987: No my_buy_price unavailable
CRITICAL:strat7:2022-12-15 22:21:16,160:13987: No my_buy_price unavailable
CRITICAL:strat7:2022-12-15 22:22:41,206:13977: No my_buy_price unavailable
CRITICAL:strat7:2022-12-15 22:22:43,577:13977: No my_buy_price unavailable
CRITICAL:strat7:2022-12-15 22:23:07,520:13978: Yes my_avgbuy_price unavailable
CRITICAL:strat7:2022-12-15 22:23:09,923:13978: Yes my_avgbuy_price unavailable
CRITICAL:strat7:2022-12-15 22:23:38,967:13979: No my_buy_price unavailable
CRITICAL:strat7:2022-12-15 22:23:42,168:13979: No my_buy_price unavailable
CRITICAL:strat7:2022-12-15 22:24:09,588:13983: No my_buy_price unavailable
CRITICAL:strat7:2022-12-15 22:24:12,855:13983: No my_buy_price unavailable
CRITICAL:strat7:2022-12-15 22:25:08,148:13985: No my_buy_price unavailable
CRITICAL:strat7:2022-12-15 22:25:12,187:13985: No my_buy_price unavailable
CRITICAL:strat7:2022-12-15 22:25:37,444:13986: No my_buy_price unavailable
CRITICAL:strat7:2022-12-15 22:25:41,615:13986: No my_buy_price unavailable
CRITICAL:strat7:2022-12-15 22:26:07,649:13987: No my_buy_price unavailable
CRITICAL:strat7:2022-12-15 22:26:12,232:13987: No my_buy_price unavailable
CRITICAL:strat7:2022-12-15 22:27:39,799:13977: Yes my_avgbuy_price unavailable
CRITICAL:strat7:2022-12-15 22:27:43,068:13977: Yes my_avgbuy_price unavailable
CRITICAL:strat7:2022-12-15 22:28:10,878:13978: Yes my_avgbuy_price unavailable
CRITICAL:strat7:2022-12-15 22:28:14,210:13978: Yes my_avgbuy_price unavailable
CRITICAL:strat7:2022-12-15 22:28:39,788:13979: No my_buy_price unavailable
CRITICAL:strat7:2022-12-15 22:28:43,867:13979: No my_buy_price unavailable
CRITICAL:strat7:2022-12-15 22:29:09,643:13983: No my_buy_price unavailable
CRITICAL:strat7:2022-12-15 22:29:13,685:13983: No my_buy_price unavailable
CRITICAL:strat7:2022-12-15 22:30:10,000:13985: No my_buy_price unavailable
CRITICAL:strat7:2022-12-15 22:30:14,055:13985: No my_buy_price unavailable
CRITICAL:strat7:2022-12-15 22:30:40,180:13986: No my_buy_price unavailable
CRITICAL:strat7:2022-12-15 22:30:44,301:13986: No my_buy_price unavailable
CRITICAL:strat7:2022-12-15 22:31:09,180:13987: No my_buy_price unavailable
CRITICAL:strat7:2022-12-15 22:31:12,465:13987: No my_buy_price unavailable
CRITICAL:strat7:2022-12-15 22:32:42,612:13977: Yes my_avgbuy_price unavailable
CRITICAL:strat7:2022-12-15 22:32:45,833:13977: Yes my_avgbuy_price unavailable
CRITICAL:strat7:2022-12-15 22:33:13,906:13978: No my_buy_price unavailable
CRITICAL:strat7:2022-12-15 22:33:18,655:13978: No my_buy_price unavailable
CRITICAL:strat7:2022-12-15 22:33:49,753:13979: No my_buy_price unavailable
CRITICAL:strat7:2022-12-15 22:33:53,098:13979: No my_buy_price unavailable
CRITICAL:strat7:2022-12-15 22:34:19,984:13983: No my_buy_price unavailable
CRITICAL:strat7:2022-12-15 22:34:24,068:13983: No my_buy_price unavailable
CRITICAL:strat7:2022-12-15 22:35:12,129:13985: No my_buy_price unavailable
CRITICAL:strat7:2022-12-15 22:35:16,211:13985: No my_buy_price unavailable
CRITICAL:strat7:2022-12-15 22:35:41,452:13986: No my_buy_price unavailable
CRITICAL:strat7:2022-12-15 22:35:45,611:13986: No my_buy_price unavailable
CRITICAL:strat7:2022-12-15 22:37:38,798:13977: Yes my_avgbuy_price unavailable
CRITICAL:strat7:2022-12-15 22:37:42,969:13977: Yes my_avgbuy_price unavailable
CRITICAL:strat7:2022-12-15 22:38:11,182:13978: Yes my_avgbuy_price unavailable
CRITICAL:strat7:2022-12-15 22:38:15,928:13978: Yes my_avgbuy_price unavailable
CRITICAL:strat7:2022-12-15 22:38:41,706:13979: No my_buy_price unavailable
CRITICAL:strat7:2022-12-15 22:38:45,766:13979: No my_buy_price unavailable
CRITICAL:strat7:2022-12-15 22:39:11,794:13983: No my_buy_price unavailable
CRITICAL:strat7:2022-12-15 22:39:15,896:13983: No my_buy_price unavailable
CRITICAL:strat7:2022-12-15 22:40:02,892:13985: No my_buy_price unavailable
CRITICAL:strat7:2022-12-15 22:40:06,919:13985: No my_buy_price unavailable
CRITICAL:strat7:2022-12-15 22:40:33,000:13986: No my_buy_price unavailable
CRITICAL:strat7:2022-12-15 22:40:36,978:13986: No my_buy_price unavailable
CRITICAL:strat7:2022-12-15 22:42:33,180:13977: Yes my_avgbuy_price unavailable
CRITICAL:strat7:2022-12-15 22:42:37,345:13977: Yes my_avgbuy_price unavailable
CRITICAL:strat7:2022-12-15 22:43:59,056:13983: No my_buy_price unavailable
CRITICAL:strat7:2022-12-15 22:44:03,124:13983: No my_buy_price unavailable
CRITICAL:strat7:2022-12-15 22:44:51,090:13985: No my_buy_price unavailable
CRITICAL:strat7:2022-12-15 22:44:55,187:13985: No my_buy_price unavailable
CRITICAL:strat7:2022-12-15 22:45:20,611:13986: No my_buy_price unavailable
CRITICAL:strat7:2022-12-15 22:45:24,646:13986: No my_buy_price unavailable
CRITICAL:strat7:2022-12-15 22:47:24,212:13977: Yes my_avgbuy_price unavailable
CRITICAL:strat7:2022-12-15 22:47:28,226:13977: Yes my_avgbuy_price unavailable
CRITICAL:strat7:2022-12-15 22:47:56,309:13978: No my_buy_price unavailable
CRITICAL:strat7:2022-12-15 22:47:59,551:13978: No my_buy_price unavailable
CRITICAL:strat7:2022-12-15 22:48:28,536:13979: No my_buy_price unavailable
CRITICAL:strat7:2022-12-15 22:48:32,554:13979: No my_buy_price unavailable
CRITICAL:strat7:2022-12-15 22:48:58,819:13983: No my_buy_price unavailable
CRITICAL:strat7:2022-12-15 22:49:03,039:13983: No my_buy_price unavailable
CRITICAL:strat7:2022-12-15 22:50:00,932:13985: No my_buy_price unavailable
CRITICAL:strat7:2022-12-15 22:50:04,285:13985: No my_buy_price unavailable
CRITICAL:strat7:2022-12-15 22:50:30,755:13986: No my_buy_price unavailable
CRITICAL:strat7:2022-12-15 22:50:35,384:13986: No my_buy_price unavailable
CRITICAL:strat7:2022-12-15 22:51:00,820:13987: Yes my_avgbuy_price unavailable
CRITICAL:strat7:2022-12-15 22:51:04,805:13987: Yes my_avgbuy_price unavailable
CRITICAL:strat7:2022-12-15 22:52:31,599:13977: Yes my_avgbuy_price unavailable
CRITICAL:strat7:2022-12-15 22:52:35,605:13977: Yes my_avgbuy_price unavailable
CRITICAL:strat7:2022-12-15 22:53:04,569:13978: Yes my_avgbuy_price unavailable
CRITICAL:strat7:2022-12-15 22:53:09,387:13978: Yes my_avgbuy_price unavailable
CRITICAL:strat7:2022-12-15 22:53:38,735:13979: No my_buy_price unavailable
CRITICAL:strat7:2022-12-15 22:53:41,996:13979: No my_buy_price unavailable
CRITICAL:strat7:2022-12-15 22:54:07,843:13983: No my_buy_price unavailable
CRITICAL:strat7:2022-12-15 22:54:11,863:13983: No my_buy_price unavailable
CRITICAL:strat7:2022-12-15 22:55:37,818:13986: No my_buy_price unavailable
CRITICAL:strat7:2022-12-15 22:55:41,851:13986: No my_buy_price unavailable
CRITICAL:strat7:2022-12-15 22:56:06,185:13987: Yes my_avgbuy_price unavailable
CRITICAL:strat7:2022-12-15 22:56:08,556:13987: Yes my_avgbuy_price unavailable
CRITICAL:strat7:2022-12-15 22:57:37,682:13977: Yes my_avgbuy_price unavailable
CRITICAL:strat7:2022-12-15 22:57:40,996:13977: Yes my_avgbuy_price unavailable
CRITICAL:strat7:2022-12-15 22:58:09,296:13978: No my_buy_price unavailable
CRITICAL:strat7:2022-12-15 22:58:15,611:13978: No my_buy_price unavailable
CRITICAL:strat7:2022-12-15 22:58:41,756:13979: No my_buy_price unavailable
CRITICAL:strat7:2022-12-15 22:58:44,938:13979: No my_buy_price unavailable
CRITICAL:strat7:2022-12-15 22:59:09,109:13983: Yes my_avgbuy_price unavailable
CRITICAL:strat7:2022-12-15 22:59:16,102:13983: Yes my_avgbuy_price unavailable
CRITICAL:strat7:2022-12-15 22:59:51,611:13984: No my_buy_price unavailable
CRITICAL:strat7:2022-12-15 22:59:54,811:13984: No my_buy_price unavailable
CRITICAL:strat7:2022-12-15 23:01:28,391:13987: Yes my_avgbuy_price unavailable
CRITICAL:strat7:2022-12-15 23:01:30,735:13987: Yes my_avgbuy_price unavailable
