INFO:strat7:2022-12-25 16:12:40,452:14688: Initialising event
CRITICAL:strat7:2022-12-25 16:13:06,109:14688: Yes my_avgbuy_price unavailable
CRITICAL:strat7:2022-12-25 16:13:08,216:14688: Yes my_avgbuy_price unavailable
WARNING:strat7:2022-12-25 16:13:09,390:14688: last_values_dict empty
INFO:strat7:2022-12-25 16:13:15,740:14689: Initialising event
CRITICAL:strat7:2022-12-25 16:13:41,968:14689: Yes my_avgbuy_price unavailable
CRITICAL:strat7:2022-12-25 16:13:43,987:14689: Yes my_avgbuy_price unavailable
WARNING:strat7:2022-12-25 16:13:45,189:14689: last_values_dict empty
INFO:strat7:2022-12-25 16:13:51,326:14690: Initialising event
CRITICAL:strat7:2022-12-25 16:14:19,387:14690: Yes my_avgbuy_price unavailable
CRITICAL:strat7:2022-12-25 16:14:21,531:14690: Yes my_avgbuy_price unavailable
WARNING:strat7:2022-12-25 16:14:22,719:14690: last_values_dict empty
INFO:strat7:2022-12-25 16:14:28,857:14691: Initialising event
CRITICAL:strat7:2022-12-25 16:14:56,452:14691: Yes my_avgbuy_price unavailable
CRITICAL:strat7:2022-12-25 16:14:58,606:14691: Yes my_avgbuy_price unavailable
WARNING:strat7:2022-12-25 16:14:59,784:14691: last_values_dict empty
INFO:strat7:2022-12-25 16:15:05,994:14692: Initialising event
CRITICAL:strat7:2022-12-25 16:15:34,833:14692: No my_buy_price unavailable
CRITICAL:strat7:2022-12-25 16:15:38,637:14692: No my_buy_price unavailable
WARNING:strat7:2022-12-25 16:15:39,905:14692: last_values_dict empty
INFO:strat7:2022-12-25 16:15:46,017:14693: Initialising event
CRITICAL:strat7:2022-12-25 16:16:14,109:14693: No my_buy_price unavailable
CRITICAL:strat7:2022-12-25 16:16:16,197:14693: No my_buy_price unavailable
WARNING:strat7:2022-12-25 16:16:17,390:14693: last_values_dict empty
INFO:strat7:2022-12-25 16:16:23,487:14694: Initialising event
CRITICAL:strat7:2022-12-25 16:16:51,416:14694: No my_buy_price unavailable
CRITICAL:strat7:2022-12-25 16:16:53,459:14694: No my_buy_price unavailable
WARNING:strat7:2022-12-25 16:16:54,692:14694: last_values_dict empty
INFO:strat7:2022-12-25 16:17:00,866:14695: Initialising event
WARNING:strat7:2022-12-25 16:17:30,554:14695: last_values_dict empty
CRITICAL:strat7:2022-12-25 16:17:57,808:14688: Yes my_avgbuy_price unavailable
CRITICAL:strat7:2022-12-25 16:17:59,826:14688: Yes my_avgbuy_price unavailable
CRITICAL:strat7:2022-12-25 16:18:02,816:14688: Yes my_avgbuy_price unavailable
CRITICAL:strat7:2022-12-25 16:18:04,900:14688: Yes my_avgbuy_price unavailable
CRITICAL:strat7:2022-12-25 16:18:32,656:14689: Yes my_avgbuy_price unavailable
CRITICAL:strat7:2022-12-25 16:18:34,868:14689: Yes my_avgbuy_price unavailable
CRITICAL:strat7:2022-12-25 16:18:37,791:14689: Yes my_avgbuy_price unavailable
CRITICAL:strat7:2022-12-25 16:18:39,943:14689: Yes my_avgbuy_price unavailable
CRITICAL:strat7:2022-12-25 16:19:13,855:14690: Yes my_avgbuy_price unavailable
CRITICAL:strat7:2022-12-25 16:19:15,984:14690: Yes my_avgbuy_price unavailable
CRITICAL:strat7:2022-12-25 16:19:18,930:14690: Yes my_avgbuy_price unavailable
CRITICAL:strat7:2022-12-25 16:19:21,052:14690: Yes my_avgbuy_price unavailable
CRITICAL:strat7:2022-12-25 16:19:47,852:14691: Yes my_avgbuy_price unavailable
CRITICAL:strat7:2022-12-25 16:19:49,901:14691: Yes my_avgbuy_price unavailable
CRITICAL:strat7:2022-12-25 16:19:52,821:14691: Yes my_avgbuy_price unavailable
CRITICAL:strat7:2022-12-25 16:19:54,875:14691: Yes my_avgbuy_price unavailable
CRITICAL:strat7:2022-12-25 16:20:22,307:14692: No my_buy_price unavailable
CRITICAL:strat7:2022-12-25 16:20:24,365:14692: No my_buy_price unavailable
CRITICAL:strat7:2022-12-25 16:20:27,207:14692: No my_buy_price unavailable
CRITICAL:strat7:2022-12-25 16:20:29,251:14692: No my_buy_price unavailable
CRITICAL:strat7:2022-12-25 16:20:57,310:14693: No my_buy_price unavailable
CRITICAL:strat7:2022-12-25 16:20:59,538:14693: No my_buy_price unavailable
CRITICAL:strat7:2022-12-25 16:21:02,842:14693: No my_buy_price unavailable
CRITICAL:strat7:2022-12-25 16:21:05,059:14693: No my_buy_price unavailable
CRITICAL:strat7:2022-12-25 16:21:31,776:14694: No my_buy_price unavailable
CRITICAL:strat7:2022-12-25 16:21:33,838:14694: No my_buy_price unavailable
CRITICAL:strat7:2022-12-25 16:21:36,738:14694: No my_buy_price unavailable
CRITICAL:strat7:2022-12-25 16:21:38,764:14694: No my_buy_price unavailable
CRITICAL:strat7:2022-12-25 16:23:43,865:14688: Yes my_avgbuy_price unavailable
CRITICAL:strat7:2022-12-25 16:23:46,109:14688: Yes my_avgbuy_price unavailable
CRITICAL:strat7:2022-12-25 16:23:49,179:14688: Yes my_avgbuy_price unavailable
CRITICAL:strat7:2022-12-25 16:23:51,262:14688: Yes my_avgbuy_price unavailable
CRITICAL:strat7:2022-12-25 16:24:19,245:14689: Yes my_avgbuy_price unavailable
CRITICAL:strat7:2022-12-25 16:24:21,509:14689: Yes my_avgbuy_price unavailable
CRITICAL:strat7:2022-12-25 16:24:24,552:14689: Yes my_avgbuy_price unavailable
CRITICAL:strat7:2022-12-25 16:24:26,832:14689: Yes my_avgbuy_price unavailable
CRITICAL:strat7:2022-12-25 16:24:56,757:14690: Yes my_avgbuy_price unavailable
CRITICAL:strat7:2022-12-25 16:24:58,925:14690: Yes my_avgbuy_price unavailable
CRITICAL:strat7:2022-12-25 16:25:02,070:14690: Yes my_avgbuy_price unavailable
CRITICAL:strat7:2022-12-25 16:25:04,224:14690: Yes my_avgbuy_price unavailable
CRITICAL:strat7:2022-12-25 16:25:32,213:14691: Yes my_avgbuy_price unavailable
CRITICAL:strat7:2022-12-25 16:25:34,273:14691: Yes my_avgbuy_price unavailable
CRITICAL:strat7:2022-12-25 16:25:37,286:14691: Yes my_avgbuy_price unavailable
CRITICAL:strat7:2022-12-25 16:25:39,423:14691: Yes my_avgbuy_price unavailable
CRITICAL:strat7:2022-12-25 16:26:07,774:14692: No my_buy_price unavailable
CRITICAL:strat7:2022-12-25 16:26:09,928:14692: No my_buy_price unavailable
CRITICAL:strat7:2022-12-25 16:26:13,002:14692: No my_buy_price unavailable
CRITICAL:strat7:2022-12-25 16:26:15,086:14692: No my_buy_price unavailable
CRITICAL:strat7:2022-12-25 16:26:44,128:14693: No my_buy_price unavailable
CRITICAL:strat7:2022-12-25 16:26:46,256:14693: No my_buy_price unavailable
CRITICAL:strat7:2022-12-25 16:26:49,266:14693: No my_buy_price unavailable
CRITICAL:strat7:2022-12-25 16:26:51,407:14693: No my_buy_price unavailable
CRITICAL:strat7:2022-12-25 16:27:20,930:14694: No my_buy_price unavailable
CRITICAL:strat7:2022-12-25 16:27:23,372:14694: No my_buy_price unavailable
CRITICAL:strat7:2022-12-25 16:27:26,329:14694: No my_buy_price unavailable
CRITICAL:strat7:2022-12-25 16:27:28,426:14694: No my_buy_price unavailable
CRITICAL:strat7:2022-12-25 16:29:35,332:14688: Yes my_avgbuy_price unavailable
CRITICAL:strat7:2022-12-25 16:29:37,484:14688: Yes my_avgbuy_price unavailable
CRITICAL:strat7:2022-12-25 16:29:40,455:14688: Yes my_avgbuy_price unavailable
CRITICAL:strat7:2022-12-25 16:29:42,635:14688: Yes my_avgbuy_price unavailable
CRITICAL:strat7:2022-12-25 16:30:12,006:14689: Yes my_avgbuy_price unavailable
CRITICAL:strat7:2022-12-25 16:30:14,134:14689: Yes my_avgbuy_price unavailable
CRITICAL:strat7:2022-12-25 16:30:17,151:14689: Yes my_avgbuy_price unavailable
CRITICAL:strat7:2022-12-25 16:30:19,225:14689: Yes my_avgbuy_price unavailable
CRITICAL:strat7:2022-12-25 16:30:49,646:14690: Yes my_avgbuy_price unavailable
CRITICAL:strat7:2022-12-25 16:30:51,812:14690: Yes my_avgbuy_price unavailable
CRITICAL:strat7:2022-12-25 16:30:54,851:14690: Yes my_avgbuy_price unavailable
CRITICAL:strat7:2022-12-25 16:30:57,461:14690: Yes my_avgbuy_price unavailable
CRITICAL:strat7:2022-12-25 16:31:25,544:14691: Yes my_avgbuy_price unavailable
CRITICAL:strat7:2022-12-25 16:31:27,678:14691: Yes my_avgbuy_price unavailable
CRITICAL:strat7:2022-12-25 16:31:30,764:14691: Yes my_avgbuy_price unavailable
CRITICAL:strat7:2022-12-25 16:31:32,935:14691: Yes my_avgbuy_price unavailable
CRITICAL:strat7:2022-12-25 16:31:59,548:14692: No my_buy_price unavailable
CRITICAL:strat7:2022-12-25 16:32:01,658:14692: No my_buy_price unavailable
CRITICAL:strat7:2022-12-25 16:32:04,616:14692: No my_buy_price unavailable
CRITICAL:strat7:2022-12-25 16:32:06,724:14692: No my_buy_price unavailable
CRITICAL:strat7:2022-12-25 16:32:33,633:14693: No my_buy_price unavailable
CRITICAL:strat7:2022-12-25 16:32:35,737:14693: No my_buy_price unavailable
CRITICAL:strat7:2022-12-25 16:32:38,740:14693: No my_buy_price unavailable
CRITICAL:strat7:2022-12-25 16:32:40,807:14693: No my_buy_price unavailable
CRITICAL:strat7:2022-12-25 16:33:07,631:14694: No my_buy_price unavailable
CRITICAL:strat7:2022-12-25 16:33:09,657:14694: No my_buy_price unavailable
CRITICAL:strat7:2022-12-25 16:33:12,676:14694: No my_buy_price unavailable
CRITICAL:strat7:2022-12-25 16:33:14,765:14694: No my_buy_price unavailable
CRITICAL:strat7:2022-12-25 16:35:17,915:14688: Yes my_avgbuy_price unavailable
CRITICAL:strat7:2022-12-25 16:35:20,047:14688: Yes my_avgbuy_price unavailable
CRITICAL:strat7:2022-12-25 16:35:22,932:14688: Yes my_avgbuy_price unavailable
CRITICAL:strat7:2022-12-25 16:35:24,949:14688: Yes my_avgbuy_price unavailable
CRITICAL:strat7:2022-12-25 16:35:50,880:14689: Yes my_avgbuy_price unavailable
CRITICAL:strat7:2022-12-25 16:35:53,119:14689: Yes my_avgbuy_price unavailable
CRITICAL:strat7:2022-12-25 16:35:56,070:14689: Yes my_avgbuy_price unavailable
CRITICAL:strat7:2022-12-25 16:35:58,118:14689: Yes my_avgbuy_price unavailable
CRITICAL:strat7:2022-12-25 16:36:25,809:14690: Yes my_avgbuy_price unavailable
CRITICAL:strat7:2022-12-25 16:36:27,939:14690: Yes my_avgbuy_price unavailable
CRITICAL:strat7:2022-12-25 16:36:30,809:14690: Yes my_avgbuy_price unavailable
CRITICAL:strat7:2022-12-25 16:36:32,908:14690: Yes my_avgbuy_price unavailable
CRITICAL:strat7:2022-12-25 16:37:00,188:14691: Yes my_avgbuy_price unavailable
CRITICAL:strat7:2022-12-25 16:37:02,331:14691: Yes my_avgbuy_price unavailable
CRITICAL:strat7:2022-12-25 16:37:05,263:14691: Yes my_avgbuy_price unavailable
CRITICAL:strat7:2022-12-25 16:37:07,305:14691: Yes my_avgbuy_price unavailable
CRITICAL:strat7:2022-12-25 16:38:06,844:14693: No my_buy_price unavailable
CRITICAL:strat7:2022-12-25 16:38:08,975:14693: No my_buy_price unavailable
CRITICAL:strat7:2022-12-25 16:38:11,972:14693: No my_buy_price unavailable
CRITICAL:strat7:2022-12-25 16:38:14,122:14693: No my_buy_price unavailable
CRITICAL:strat7:2022-12-25 16:38:41,795:14694: No my_buy_price unavailable
CRITICAL:strat7:2022-12-25 16:38:43,939:14694: No my_buy_price unavailable
CRITICAL:strat7:2022-12-25 16:38:47,649:14694: No my_buy_price unavailable
CRITICAL:strat7:2022-12-25 16:38:49,758:14694: No my_buy_price unavailable
CRITICAL:strat7:2022-12-25 16:41:28,994:14689: Yes my_avgbuy_price unavailable
CRITICAL:strat7:2022-12-25 16:41:31,109:14689: Yes my_avgbuy_price unavailable
CRITICAL:strat7:2022-12-25 16:41:34,034:14689: Yes my_avgbuy_price unavailable
CRITICAL:strat7:2022-12-25 16:41:36,106:14689: Yes my_avgbuy_price unavailable
CRITICAL:strat7:2022-12-25 16:42:05,246:14690: Yes my_avgbuy_price unavailable
CRITICAL:strat7:2022-12-25 16:42:07,377:14690: Yes my_avgbuy_price unavailable
CRITICAL:strat7:2022-12-25 16:42:10,330:14690: Yes my_avgbuy_price unavailable
CRITICAL:strat7:2022-12-25 16:42:12,435:14690: Yes my_avgbuy_price unavailable
CRITICAL:strat7:2022-12-25 16:42:40,630:14691: Yes my_avgbuy_price unavailable
CRITICAL:strat7:2022-12-25 16:42:42,728:14691: Yes my_avgbuy_price unavailable
CRITICAL:strat7:2022-12-25 16:42:45,668:14691: Yes my_avgbuy_price unavailable
CRITICAL:strat7:2022-12-25 16:42:47,724:14691: Yes my_avgbuy_price unavailable
CRITICAL:strat7:2022-12-25 16:43:48,001:14693: No my_buy_price unavailable
CRITICAL:strat7:2022-12-25 16:43:50,083:14693: No my_buy_price unavailable
CRITICAL:strat7:2022-12-25 16:43:52,940:14693: No my_buy_price unavailable
CRITICAL:strat7:2022-12-25 16:43:55,027:14693: No my_buy_price unavailable
CRITICAL:strat7:2022-12-25 16:44:21,653:14694: No my_buy_price unavailable
CRITICAL:strat7:2022-12-25 16:44:23,784:14694: No my_buy_price unavailable
CRITICAL:strat7:2022-12-25 16:44:26,769:14694: No my_buy_price unavailable
CRITICAL:strat7:2022-12-25 16:44:28,776:14694: No my_buy_price unavailable
CRITICAL:strat7:2022-12-25 16:46:56,246:14689: Yes my_avgbuy_price unavailable
CRITICAL:strat7:2022-12-25 16:46:58,327:14689: Yes my_avgbuy_price unavailable
CRITICAL:strat7:2022-12-25 16:47:01,447:14689: Yes my_avgbuy_price unavailable
CRITICAL:strat7:2022-12-25 16:47:03,609:14689: Yes my_avgbuy_price unavailable
CRITICAL:strat7:2022-12-25 16:47:34,308:14690: Yes my_avgbuy_price unavailable
CRITICAL:strat7:2022-12-25 16:47:36,338:14690: Yes my_avgbuy_price unavailable
CRITICAL:strat7:2022-12-25 16:47:39,295:14690: Yes my_avgbuy_price unavailable
CRITICAL:strat7:2022-12-25 16:47:41,249:14690: Yes my_avgbuy_price unavailable
CRITICAL:strat7:2022-12-25 16:48:08,531:14691: Yes my_avgbuy_price unavailable
CRITICAL:strat7:2022-12-25 16:48:10,532:14691: Yes my_avgbuy_price unavailable
CRITICAL:strat7:2022-12-25 16:48:13,420:14691: Yes my_avgbuy_price unavailable
CRITICAL:strat7:2022-12-25 16:48:15,413:14691: Yes my_avgbuy_price unavailable
CRITICAL:strat7:2022-12-25 16:49:15,185:14693: No my_buy_price unavailable
CRITICAL:strat7:2022-12-25 16:49:17,327:14693: No my_buy_price unavailable
CRITICAL:strat7:2022-12-25 16:49:20,282:14693: No my_buy_price unavailable
CRITICAL:strat7:2022-12-25 16:49:22,347:14693: No my_buy_price unavailable
CRITICAL:strat7:2022-12-25 16:49:51,381:14694: No my_buy_price unavailable
CRITICAL:strat7:2022-12-25 16:49:54,009:14694: No my_buy_price unavailable
CRITICAL:strat7:2022-12-25 16:49:56,896:14694: No my_buy_price unavailable
CRITICAL:strat7:2022-12-25 16:49:58,967:14694: No my_buy_price unavailable
CRITICAL:strat7:2022-12-25 16:52:33,824:14689: Yes my_avgbuy_price unavailable
CRITICAL:strat7:2022-12-25 16:52:36,012:14689: Yes my_avgbuy_price unavailable
CRITICAL:strat7:2022-12-25 16:52:38,984:14689: Yes my_avgbuy_price unavailable
CRITICAL:strat7:2022-12-25 16:52:41,056:14689: Yes my_avgbuy_price unavailable
CRITICAL:strat7:2022-12-25 16:53:09,245:14690: Yes my_avgbuy_price unavailable
CRITICAL:strat7:2022-12-25 16:53:11,306:14690: Yes my_avgbuy_price unavailable
CRITICAL:strat7:2022-12-25 16:53:14,270:14690: Yes my_avgbuy_price unavailable
CRITICAL:strat7:2022-12-25 16:53:16,325:14690: Yes my_avgbuy_price unavailable
CRITICAL:strat7:2022-12-25 16:53:44,418:14691: Yes my_avgbuy_price unavailable
CRITICAL:strat7:2022-12-25 16:53:46,447:14691: Yes my_avgbuy_price unavailable
CRITICAL:strat7:2022-12-25 16:53:49,915:14691: Yes my_avgbuy_price unavailable
CRITICAL:strat7:2022-12-25 16:53:52,075:14691: Yes my_avgbuy_price unavailable
CRITICAL:strat7:2022-12-25 16:54:56,894:14693: No my_buy_price unavailable
CRITICAL:strat7:2022-12-25 16:54:59,008:14693: No my_buy_price unavailable
CRITICAL:strat7:2022-12-25 16:55:01,994:14693: No my_buy_price unavailable
CRITICAL:strat7:2022-12-25 16:55:04,141:14693: No my_buy_price unavailable
CRITICAL:strat7:2022-12-25 16:55:32,544:14694: No my_buy_price unavailable
CRITICAL:strat7:2022-12-25 16:55:34,565:14694: No my_buy_price unavailable
CRITICAL:strat7:2022-12-25 16:55:37,425:14694: No my_buy_price unavailable
CRITICAL:strat7:2022-12-25 16:55:39,540:14694: No my_buy_price unavailable
CRITICAL:strat7:2022-12-25 16:58:10,919:14689: Yes my_avgbuy_price unavailable
CRITICAL:strat7:2022-12-25 16:58:13,012:14689: Yes my_avgbuy_price unavailable
CRITICAL:strat7:2022-12-25 16:58:15,896:14689: Yes my_avgbuy_price unavailable
CRITICAL:strat7:2022-12-25 16:58:17,901:14689: Yes my_avgbuy_price unavailable
CRITICAL:strat7:2022-12-25 16:58:45,774:14690: Yes my_avgbuy_price unavailable
CRITICAL:strat7:2022-12-25 16:58:47,829:14690: Yes my_avgbuy_price unavailable
CRITICAL:strat7:2022-12-25 16:58:50,804:14690: Yes my_avgbuy_price unavailable
CRITICAL:strat7:2022-12-25 16:58:52,928:14690: Yes my_avgbuy_price unavailable
CRITICAL:strat7:2022-12-25 16:59:20,521:14691: Yes my_avgbuy_price unavailable
CRITICAL:strat7:2022-12-25 16:59:22,572:14691: Yes my_avgbuy_price unavailable
CRITICAL:strat7:2022-12-25 16:59:25,444:14691: Yes my_avgbuy_price unavailable
CRITICAL:strat7:2022-12-25 16:59:27,486:14691: Yes my_avgbuy_price unavailable
CRITICAL:strat7:2022-12-25 17:00:27,781:14693: No my_buy_price unavailable
CRITICAL:strat7:2022-12-25 17:00:29,869:14693: No my_buy_price unavailable
CRITICAL:strat7:2022-12-25 17:00:32,787:14693: No my_buy_price unavailable
CRITICAL:strat7:2022-12-25 17:00:34,792:14693: No my_buy_price unavailable
CRITICAL:strat7:2022-12-25 17:01:03,515:14694: No my_buy_price unavailable
CRITICAL:strat7:2022-12-25 17:01:05,742:14694: No my_buy_price unavailable
CRITICAL:strat7:2022-12-25 17:01:09,867:14694: No my_buy_price unavailable
CRITICAL:strat7:2022-12-25 17:01:11,925:14694: No my_buy_price unavailable
CRITICAL:strat7:2022-12-25 17:03:38,067:14689: Yes my_avgbuy_price unavailable
CRITICAL:strat7:2022-12-25 17:03:40,228:14689: Yes my_avgbuy_price unavailable
CRITICAL:strat7:2022-12-25 17:03:43,149:14689: Yes my_avgbuy_price unavailable
CRITICAL:strat7:2022-12-25 17:03:45,155:14689: Yes my_avgbuy_price unavailable
CRITICAL:strat7:2022-12-25 17:04:14,281:14690: Yes my_avgbuy_price unavailable
CRITICAL:strat7:2022-12-25 17:04:16,319:14690: Yes my_avgbuy_price unavailable
CRITICAL:strat7:2022-12-25 17:04:19,233:14690: Yes my_avgbuy_price unavailable
CRITICAL:strat7:2022-12-25 17:04:21,939:14690: Yes my_avgbuy_price unavailable
CRITICAL:strat7:2022-12-25 17:04:51,985:14691: Yes my_avgbuy_price unavailable
CRITICAL:strat7:2022-12-25 17:04:54,061:14691: Yes my_avgbuy_price unavailable
CRITICAL:strat7:2022-12-25 17:04:56,976:14691: Yes my_avgbuy_price unavailable
CRITICAL:strat7:2022-12-25 17:04:59,080:14691: Yes my_avgbuy_price unavailable
CRITICAL:strat7:2022-12-25 17:06:02,233:14693: No my_buy_price unavailable
CRITICAL:strat7:2022-12-25 17:06:04,944:14693: No my_buy_price unavailable
CRITICAL:strat7:2022-12-25 17:06:07,864:14693: No my_buy_price unavailable
CRITICAL:strat7:2022-12-25 17:06:10,093:14693: No my_buy_price unavailable
CRITICAL:strat7:2022-12-25 17:06:38,255:14694: No my_buy_price unavailable
CRITICAL:strat7:2022-12-25 17:06:40,329:14694: No my_buy_price unavailable
CRITICAL:strat7:2022-12-25 17:06:43,190:14694: No my_buy_price unavailable
CRITICAL:strat7:2022-12-25 17:06:45,294:14694: No my_buy_price unavailable
CRITICAL:strat7:2022-12-25 17:09:08,582:14689: Yes my_avgbuy_price unavailable
CRITICAL:strat7:2022-12-25 17:09:10,562:14689: Yes my_avgbuy_price unavailable
CRITICAL:strat7:2022-12-25 17:09:13,437:14689: Yes my_avgbuy_price unavailable
CRITICAL:strat7:2022-12-25 17:09:15,421:14689: Yes my_avgbuy_price unavailable
CRITICAL:strat7:2022-12-25 17:09:43,247:14690: Yes my_avgbuy_price unavailable
CRITICAL:strat7:2022-12-25 17:09:45,258:14690: Yes my_avgbuy_price unavailable
CRITICAL:strat7:2022-12-25 17:09:48,072:14690: Yes my_avgbuy_price unavailable
CRITICAL:strat7:2022-12-25 17:09:50,156:14690: Yes my_avgbuy_price unavailable
CRITICAL:strat7:2022-12-25 17:10:17,993:14691: Yes my_avgbuy_price unavailable
CRITICAL:strat7:2022-12-25 17:10:20,066:14691: Yes my_avgbuy_price unavailable
CRITICAL:strat7:2022-12-25 17:10:23,000:14691: Yes my_avgbuy_price unavailable
CRITICAL:strat7:2022-12-25 17:10:25,114:14691: Yes my_avgbuy_price unavailable
CRITICAL:strat7:2022-12-25 17:11:25,861:14693: No my_buy_price unavailable
CRITICAL:strat7:2022-12-25 17:11:27,912:14693: No my_buy_price unavailable
CRITICAL:strat7:2022-12-25 17:11:30,797:14693: No my_buy_price unavailable
CRITICAL:strat7:2022-12-25 17:11:32,856:14693: No my_buy_price unavailable
CRITICAL:strat7:2022-12-25 17:11:59,020:14694: No my_buy_price unavailable
CRITICAL:strat7:2022-12-25 17:12:01,250:14694: No my_buy_price unavailable
CRITICAL:strat7:2022-12-25 17:12:04,776:14694: No my_buy_price unavailable
CRITICAL:strat7:2022-12-25 17:12:07,024:14694: No my_buy_price unavailable
CRITICAL:strat7:2022-12-25 17:14:35,176:14689: Yes my_avgbuy_price unavailable
CRITICAL:strat7:2022-12-25 17:14:37,310:14689: Yes my_avgbuy_price unavailable
CRITICAL:strat7:2022-12-25 17:14:40,193:14689: Yes my_avgbuy_price unavailable
CRITICAL:strat7:2022-12-25 17:14:42,213:14689: Yes my_avgbuy_price unavailable
CRITICAL:strat7:2022-12-25 17:15:08,928:14690: Yes my_avgbuy_price unavailable
CRITICAL:strat7:2022-12-25 17:15:11,048:14690: Yes my_avgbuy_price unavailable
CRITICAL:strat7:2022-12-25 17:15:13,950:14690: Yes my_avgbuy_price unavailable
CRITICAL:strat7:2022-12-25 17:15:16,025:14690: Yes my_avgbuy_price unavailable
CRITICAL:strat7:2022-12-25 17:15:43,819:14691: Yes my_avgbuy_price unavailable
CRITICAL:strat7:2022-12-25 17:15:45,908:14691: Yes my_avgbuy_price unavailable
CRITICAL:strat7:2022-12-25 17:15:48,843:14691: Yes my_avgbuy_price unavailable
CRITICAL:strat7:2022-12-25 17:15:50,954:14691: Yes my_avgbuy_price unavailable
CRITICAL:strat7:2022-12-25 17:16:52,488:14693: No my_buy_price unavailable
CRITICAL:strat7:2022-12-25 17:16:54,531:14693: No my_buy_price unavailable
CRITICAL:strat7:2022-12-25 17:16:57,533:14693: No my_buy_price unavailable
CRITICAL:strat7:2022-12-25 17:16:59,644:14693: No my_buy_price unavailable
CRITICAL:strat7:2022-12-25 17:17:28,167:14694: No my_buy_price unavailable
CRITICAL:strat7:2022-12-25 17:17:30,285:14694: No my_buy_price unavailable
CRITICAL:strat7:2022-12-25 17:17:33,169:14694: No my_buy_price unavailable
CRITICAL:strat7:2022-12-25 17:17:35,218:14694: No my_buy_price unavailable
CRITICAL:strat7:2022-12-25 17:19:57,395:14689: Yes my_avgbuy_price unavailable
CRITICAL:strat7:2022-12-25 17:19:59,423:14689: Yes my_avgbuy_price unavailable
CRITICAL:strat7:2022-12-25 17:20:02,461:14689: Yes my_avgbuy_price unavailable
CRITICAL:strat7:2022-12-25 17:20:04,550:14689: Yes my_avgbuy_price unavailable
CRITICAL:strat7:2022-12-25 17:20:30,643:14690: Yes my_avgbuy_price unavailable
CRITICAL:strat7:2022-12-25 17:20:32,648:14690: Yes my_avgbuy_price unavailable
CRITICAL:strat7:2022-12-25 17:20:35,590:14690: Yes my_avgbuy_price unavailable
CRITICAL:strat7:2022-12-25 17:20:37,594:14690: Yes my_avgbuy_price unavailable
CRITICAL:strat7:2022-12-25 17:21:07,450:14691: Yes my_avgbuy_price unavailable
CRITICAL:strat7:2022-12-25 17:21:09,578:14691: Yes my_avgbuy_price unavailable
CRITICAL:strat7:2022-12-25 17:21:12,640:14691: Yes my_avgbuy_price unavailable
CRITICAL:strat7:2022-12-25 17:21:14,792:14691: Yes my_avgbuy_price unavailable
CRITICAL:strat7:2022-12-25 17:22:12,217:14693: No my_buy_price unavailable
CRITICAL:strat7:2022-12-25 17:22:14,927:14693: No my_buy_price unavailable
CRITICAL:strat7:2022-12-25 17:22:17,815:14693: No my_buy_price unavailable
CRITICAL:strat7:2022-12-25 17:22:19,870:14693: No my_buy_price unavailable
CRITICAL:strat7:2022-12-25 17:22:50,416:14694: No my_buy_price unavailable
CRITICAL:strat7:2022-12-25 17:22:52,423:14694: No my_buy_price unavailable
CRITICAL:strat7:2022-12-25 17:22:55,299:14694: No my_buy_price unavailable
CRITICAL:strat7:2022-12-25 17:22:57,329:14694: No my_buy_price unavailable
CRITICAL:strat7:2022-12-25 17:25:19,038:14689: Yes my_avgbuy_price unavailable
CRITICAL:strat7:2022-12-25 17:25:21,261:14689: Yes my_avgbuy_price unavailable
CRITICAL:strat7:2022-12-25 17:25:24,300:14689: Yes my_avgbuy_price unavailable
CRITICAL:strat7:2022-12-25 17:25:26,351:14689: Yes my_avgbuy_price unavailable
CRITICAL:strat7:2022-12-25 17:25:54,140:14690: Yes my_avgbuy_price unavailable
CRITICAL:strat7:2022-12-25 17:25:56,207:14690: Yes my_avgbuy_price unavailable
CRITICAL:strat7:2022-12-25 17:25:59,143:14690: Yes my_avgbuy_price unavailable
CRITICAL:strat7:2022-12-25 17:26:01,308:14690: Yes my_avgbuy_price unavailable
CRITICAL:strat7:2022-12-25 17:26:28,870:14691: Yes my_avgbuy_price unavailable
CRITICAL:strat7:2022-12-25 17:26:31,002:14691: Yes my_avgbuy_price unavailable
CRITICAL:strat7:2022-12-25 17:26:33,983:14691: Yes my_avgbuy_price unavailable
CRITICAL:strat7:2022-12-25 17:26:36,090:14691: Yes my_avgbuy_price unavailable
CRITICAL:strat7:2022-12-25 17:27:38,524:14693: No my_buy_price unavailable
CRITICAL:strat7:2022-12-25 17:27:40,605:14693: No my_buy_price unavailable
CRITICAL:strat7:2022-12-25 17:27:43,496:14693: No my_buy_price unavailable
CRITICAL:strat7:2022-12-25 17:27:45,572:14693: No my_buy_price unavailable
CRITICAL:strat7:2022-12-25 17:28:14,136:14694: No my_buy_price unavailable
CRITICAL:strat7:2022-12-25 17:28:16,238:14694: No my_buy_price unavailable
CRITICAL:strat7:2022-12-25 17:28:19,201:14694: No my_buy_price unavailable
CRITICAL:strat7:2022-12-25 17:28:21,229:14694: No my_buy_price unavailable
CRITICAL:strat7:2022-12-25 17:30:45,847:14689: Yes my_avgbuy_price unavailable
CRITICAL:strat7:2022-12-25 17:30:48,535:14689: Yes my_avgbuy_price unavailable
CRITICAL:strat7:2022-12-25 17:30:51,650:14689: Yes my_avgbuy_price unavailable
CRITICAL:strat7:2022-12-25 17:30:54,006:14689: Yes my_avgbuy_price unavailable
CRITICAL:strat7:2022-12-25 17:31:21,874:14690: Yes my_avgbuy_price unavailable
CRITICAL:strat7:2022-12-25 17:31:23,902:14690: Yes my_avgbuy_price unavailable
CRITICAL:strat7:2022-12-25 17:31:26,815:14690: Yes my_avgbuy_price unavailable
CRITICAL:strat7:2022-12-25 17:31:29,057:14690: Yes my_avgbuy_price unavailable
CRITICAL:strat7:2022-12-25 17:31:57,017:14691: Yes my_avgbuy_price unavailable
CRITICAL:strat7:2022-12-25 17:32:00,141:14691: Yes my_avgbuy_price unavailable
CRITICAL:strat7:2022-12-25 17:32:04,203:14691: Yes my_avgbuy_price unavailable
CRITICAL:strat7:2022-12-25 17:32:07,253:14691: Yes my_avgbuy_price unavailable
CRITICAL:strat7:2022-12-25 17:33:26,970:14693: No my_buy_price unavailable
CRITICAL:strat7:2022-12-25 17:33:30,068:14693: No my_buy_price unavailable
CRITICAL:strat7:2022-12-25 17:33:33,673:14693: No my_buy_price unavailable
CRITICAL:strat7:2022-12-25 17:33:36,759:14693: No my_buy_price unavailable
CRITICAL:strat7:2022-12-25 17:34:14,263:14694: No my_buy_price unavailable
CRITICAL:strat7:2022-12-25 17:34:16,897:14694: No my_buy_price unavailable
CRITICAL:strat7:2022-12-25 17:34:20,878:14694: No my_buy_price unavailable
CRITICAL:strat7:2022-12-25 17:34:23,344:14694: No my_buy_price unavailable
CRITICAL:strat7:2022-12-25 17:37:00,174:14689: Yes my_avgbuy_price unavailable
CRITICAL:strat7:2022-12-25 17:37:02,400:14689: Yes my_avgbuy_price unavailable
CRITICAL:strat7:2022-12-25 17:37:05,496:14689: Yes my_avgbuy_price unavailable
CRITICAL:strat7:2022-12-25 17:37:07,737:14689: Yes my_avgbuy_price unavailable
CRITICAL:strat7:2022-12-25 17:37:36,481:14690: Yes my_avgbuy_price unavailable
CRITICAL:strat7:2022-12-25 17:37:38,577:14690: Yes my_avgbuy_price unavailable
CRITICAL:strat7:2022-12-25 17:37:41,527:14690: Yes my_avgbuy_price unavailable
CRITICAL:strat7:2022-12-25 17:37:43,575:14690: Yes my_avgbuy_price unavailable
CRITICAL:strat7:2022-12-25 17:38:11,246:14691: Yes my_avgbuy_price unavailable
CRITICAL:strat7:2022-12-25 17:38:13,415:14691: Yes my_avgbuy_price unavailable
CRITICAL:strat7:2022-12-25 17:38:16,666:14691: Yes my_avgbuy_price unavailable
CRITICAL:strat7:2022-12-25 17:38:19,070:14691: Yes my_avgbuy_price unavailable
CRITICAL:strat7:2022-12-25 17:39:27,229:14693: No my_buy_price unavailable
CRITICAL:strat7:2022-12-25 17:39:29,724:14693: No my_buy_price unavailable
CRITICAL:strat7:2022-12-25 17:39:33,290:14693: No my_buy_price unavailable
CRITICAL:strat7:2022-12-25 17:39:35,421:14693: No my_buy_price unavailable
CRITICAL:strat7:2022-12-25 17:40:07,852:14694: No my_buy_price unavailable
CRITICAL:strat7:2022-12-25 17:40:10,057:14694: No my_buy_price unavailable
CRITICAL:strat7:2022-12-25 17:40:13,077:14694: No my_buy_price unavailable
CRITICAL:strat7:2022-12-25 17:40:15,253:14694: No my_buy_price unavailable
CRITICAL:strat7:2022-12-25 17:42:49,526:14689: Yes my_avgbuy_price unavailable
CRITICAL:strat7:2022-12-25 17:42:51,793:14689: Yes my_avgbuy_price unavailable
CRITICAL:strat7:2022-12-25 17:42:54,720:14689: Yes my_avgbuy_price unavailable
CRITICAL:strat7:2022-12-25 17:42:56,595:14689: Yes my_avgbuy_price unavailable
CRITICAL:strat7:2022-12-25 17:43:26,881:14690: Yes my_avgbuy_price unavailable
CRITICAL:strat7:2022-12-25 17:43:29,238:14690: Yes my_avgbuy_price unavailable
CRITICAL:strat7:2022-12-25 17:43:32,720:14690: Yes my_avgbuy_price unavailable
CRITICAL:strat7:2022-12-25 17:43:34,818:14690: Yes my_avgbuy_price unavailable
CRITICAL:strat7:2022-12-25 17:44:05,601:14691: Yes my_avgbuy_price unavailable
CRITICAL:strat7:2022-12-25 17:44:07,693:14691: Yes my_avgbuy_price unavailable
CRITICAL:strat7:2022-12-25 17:44:10,828:14691: Yes my_avgbuy_price unavailable
CRITICAL:strat7:2022-12-25 17:44:13,103:14691: Yes my_avgbuy_price unavailable
CRITICAL:strat7:2022-12-25 17:45:16,456:14693: No my_buy_price unavailable
CRITICAL:strat7:2022-12-25 17:45:18,467:14693: No my_buy_price unavailable
CRITICAL:strat7:2022-12-25 17:45:21,415:14693: No my_buy_price unavailable
CRITICAL:strat7:2022-12-25 17:45:23,378:14693: No my_buy_price unavailable
CRITICAL:strat7:2022-12-25 17:45:56,411:14694: No my_buy_price unavailable
CRITICAL:strat7:2022-12-25 17:45:58,940:14694: No my_buy_price unavailable
CRITICAL:strat7:2022-12-25 17:46:02,178:14694: No my_buy_price unavailable
CRITICAL:strat7:2022-12-25 17:46:04,508:14694: No my_buy_price unavailable
CRITICAL:strat7:2022-12-25 17:48:55,213:14689: Yes my_avgbuy_price unavailable
CRITICAL:strat7:2022-12-25 17:48:58,346:14689: Yes my_avgbuy_price unavailable
CRITICAL:strat7:2022-12-25 17:49:02,359:14689: Yes my_avgbuy_price unavailable
CRITICAL:strat7:2022-12-25 17:49:05,141:14689: Yes my_avgbuy_price unavailable
CRITICAL:strat7:2022-12-25 17:49:42,137:14690: Yes my_avgbuy_price unavailable
CRITICAL:strat7:2022-12-25 17:49:44,241:14690: Yes my_avgbuy_price unavailable
CRITICAL:strat7:2022-12-25 17:49:47,211:14690: Yes my_avgbuy_price unavailable
CRITICAL:strat7:2022-12-25 17:49:49,332:14690: Yes my_avgbuy_price unavailable
CRITICAL:strat7:2022-12-25 17:50:19,130:14691: Yes my_avgbuy_price unavailable
CRITICAL:strat7:2022-12-25 17:50:21,182:14691: Yes my_avgbuy_price unavailable
CRITICAL:strat7:2022-12-25 17:50:24,166:14691: Yes my_avgbuy_price unavailable
CRITICAL:strat7:2022-12-25 17:50:26,198:14691: Yes my_avgbuy_price unavailable
CRITICAL:strat7:2022-12-25 17:51:39,770:14693: No my_buy_price unavailable
CRITICAL:strat7:2022-12-25 17:51:41,824:14693: No my_buy_price unavailable
CRITICAL:strat7:2022-12-25 17:51:44,741:14693: No my_buy_price unavailable
CRITICAL:strat7:2022-12-25 17:51:46,850:14693: No my_buy_price unavailable
CRITICAL:strat7:2022-12-25 17:52:14,442:14694: No my_buy_price unavailable
CRITICAL:strat7:2022-12-25 17:52:16,600:14694: No my_buy_price unavailable
CRITICAL:strat7:2022-12-25 17:52:19,590:14694: No my_buy_price unavailable
CRITICAL:strat7:2022-12-25 17:52:22,261:14694: No my_buy_price unavailable
CRITICAL:strat7:2022-12-25 17:54:47,233:14689: Yes my_avgbuy_price unavailable
CRITICAL:strat7:2022-12-25 17:54:49,307:14689: Yes my_avgbuy_price unavailable
CRITICAL:strat7:2022-12-25 17:54:52,687:14689: Yes my_avgbuy_price unavailable
CRITICAL:strat7:2022-12-25 17:54:54,736:14689: Yes my_avgbuy_price unavailable
CRITICAL:strat7:2022-12-25 17:55:22,283:14690: Yes my_avgbuy_price unavailable
CRITICAL:strat7:2022-12-25 17:55:24,457:14690: Yes my_avgbuy_price unavailable
CRITICAL:strat7:2022-12-25 17:55:27,572:14690: Yes my_avgbuy_price unavailable
CRITICAL:strat7:2022-12-25 17:55:29,787:14690: Yes my_avgbuy_price unavailable
CRITICAL:strat7:2022-12-25 17:55:57,823:14691: Yes my_avgbuy_price unavailable
CRITICAL:strat7:2022-12-25 17:55:59,873:14691: Yes my_avgbuy_price unavailable
CRITICAL:strat7:2022-12-25 17:56:02,961:14691: Yes my_avgbuy_price unavailable
CRITICAL:strat7:2022-12-25 17:56:05,411:14691: Yes my_avgbuy_price unavailable
CRITICAL:strat7:2022-12-25 17:57:06,045:14693: No my_buy_price unavailable
CRITICAL:strat7:2022-12-25 17:57:08,121:14693: No my_buy_price unavailable
CRITICAL:strat7:2022-12-25 17:57:11,045:14693: No my_buy_price unavailable
CRITICAL:strat7:2022-12-25 17:57:13,124:14693: No my_buy_price unavailable
CRITICAL:strat7:2022-12-25 18:00:10,557:14689: Yes my_avgbuy_price unavailable
CRITICAL:strat7:2022-12-25 18:00:12,596:14689: Yes my_avgbuy_price unavailable
CRITICAL:strat7:2022-12-25 18:00:15,557:14689: Yes my_avgbuy_price unavailable
CRITICAL:strat7:2022-12-25 18:00:17,639:14689: Yes my_avgbuy_price unavailable
CRITICAL:strat7:2022-12-25 18:00:43,936:14690: Yes my_avgbuy_price unavailable
CRITICAL:strat7:2022-12-25 18:00:46,015:14690: Yes my_avgbuy_price unavailable
CRITICAL:strat7:2022-12-25 18:00:48,968:14690: Yes my_avgbuy_price unavailable
CRITICAL:strat7:2022-12-25 18:00:51,011:14690: Yes my_avgbuy_price unavailable
CRITICAL:strat7:2022-12-25 18:01:18,597:14691: Yes my_avgbuy_price unavailable
CRITICAL:strat7:2022-12-25 18:01:20,621:14691: Yes my_avgbuy_price unavailable
CRITICAL:strat7:2022-12-25 18:01:23,540:14691: Yes my_avgbuy_price unavailable
CRITICAL:strat7:2022-12-25 18:01:25,668:14691: Yes my_avgbuy_price unavailable
CRITICAL:strat7:2022-12-25 18:02:29,704:14693: No my_buy_price unavailable
CRITICAL:strat7:2022-12-25 18:02:31,795:14693: No my_buy_price unavailable
CRITICAL:strat7:2022-12-25 18:02:34,746:14693: No my_buy_price unavailable
CRITICAL:strat7:2022-12-25 18:02:36,793:14693: No my_buy_price unavailable
CRITICAL:strat7:2022-12-25 18:05:39,291:14689: Yes my_avgbuy_price unavailable
CRITICAL:strat7:2022-12-25 18:05:41,362:14689: Yes my_avgbuy_price unavailable
CRITICAL:strat7:2022-12-25 18:05:44,301:14689: Yes my_avgbuy_price unavailable
CRITICAL:strat7:2022-12-25 18:05:48,016:14689: Yes my_avgbuy_price unavailable
CRITICAL:strat7:2022-12-25 18:06:16,874:14690: Yes my_avgbuy_price unavailable
CRITICAL:strat7:2022-12-25 18:06:19,155:14690: Yes my_avgbuy_price unavailable
CRITICAL:strat7:2022-12-25 18:06:22,166:14690: Yes my_avgbuy_price unavailable
CRITICAL:strat7:2022-12-25 18:06:24,236:14690: Yes my_avgbuy_price unavailable
CRITICAL:strat7:2022-12-25 18:06:57,934:14691: Yes my_avgbuy_price unavailable
CRITICAL:strat7:2022-12-25 18:07:00,054:14691: Yes my_avgbuy_price unavailable
CRITICAL:strat7:2022-12-25 18:07:03,071:14691: Yes my_avgbuy_price unavailable
CRITICAL:strat7:2022-12-25 18:07:05,184:14691: Yes my_avgbuy_price unavailable
CRITICAL:strat7:2022-12-25 18:08:05,928:14693: No my_buy_price unavailable
CRITICAL:strat7:2022-12-25 18:08:08,011:14693: No my_buy_price unavailable
CRITICAL:strat7:2022-12-25 18:08:10,946:14693: No my_buy_price unavailable
CRITICAL:strat7:2022-12-25 18:08:13,027:14693: No my_buy_price unavailable
CRITICAL:strat7:2022-12-25 18:11:05,686:14689: Yes my_avgbuy_price unavailable
CRITICAL:strat7:2022-12-25 18:11:07,724:14689: Yes my_avgbuy_price unavailable
CRITICAL:strat7:2022-12-25 18:11:10,649:14689: Yes my_avgbuy_price unavailable
CRITICAL:strat7:2022-12-25 18:11:12,678:14689: Yes my_avgbuy_price unavailable
CRITICAL:strat7:2022-12-25 18:11:38,513:14690: Yes my_avgbuy_price unavailable
CRITICAL:strat7:2022-12-25 18:11:40,537:14690: Yes my_avgbuy_price unavailable
CRITICAL:strat7:2022-12-25 18:11:43,456:14690: Yes my_avgbuy_price unavailable
CRITICAL:strat7:2022-12-25 18:11:45,482:14690: Yes my_avgbuy_price unavailable
CRITICAL:strat7:2022-12-25 18:12:12,949:14691: Yes my_avgbuy_price unavailable
CRITICAL:strat7:2022-12-25 18:12:14,966:14691: Yes my_avgbuy_price unavailable
CRITICAL:strat7:2022-12-25 18:12:17,864:14691: Yes my_avgbuy_price unavailable
CRITICAL:strat7:2022-12-25 18:12:19,934:14691: Yes my_avgbuy_price unavailable
CRITICAL:strat7:2022-12-25 18:13:17,767:14693: No my_buy_price unavailable
CRITICAL:strat7:2022-12-25 18:13:19,877:14693: No my_buy_price unavailable
CRITICAL:strat7:2022-12-25 18:13:22,811:14693: No my_buy_price unavailable
CRITICAL:strat7:2022-12-25 18:13:24,871:14693: No my_buy_price unavailable
CRITICAL:strat7:2022-12-25 18:16:21,516:14689: Yes my_avgbuy_price unavailable
CRITICAL:strat7:2022-12-25 18:16:23,589:14689: Yes my_avgbuy_price unavailable
CRITICAL:strat7:2022-12-25 18:16:26,450:14689: Yes my_avgbuy_price unavailable
CRITICAL:strat7:2022-12-25 18:16:28,662:14689: Yes my_avgbuy_price unavailable
CRITICAL:strat7:2022-12-25 18:16:56,661:14690: Yes my_avgbuy_price unavailable
CRITICAL:strat7:2022-12-25 18:16:58,727:14690: Yes my_avgbuy_price unavailable
CRITICAL:strat7:2022-12-25 18:17:01,755:14690: Yes my_avgbuy_price unavailable
CRITICAL:strat7:2022-12-25 18:17:03,855:14690: Yes my_avgbuy_price unavailable
CRITICAL:strat7:2022-12-25 18:17:32,074:14691: Yes my_avgbuy_price unavailable
CRITICAL:strat7:2022-12-25 18:17:34,564:14691: Yes my_avgbuy_price unavailable
CRITICAL:strat7:2022-12-25 18:17:37,485:14691: Yes my_avgbuy_price unavailable
CRITICAL:strat7:2022-12-25 18:17:39,538:14691: Yes my_avgbuy_price unavailable
CRITICAL:strat7:2022-12-25 18:18:39,467:14693: No my_buy_price unavailable
CRITICAL:strat7:2022-12-25 18:18:41,561:14693: No my_buy_price unavailable
CRITICAL:strat7:2022-12-25 18:18:44,457:14693: No my_buy_price unavailable
CRITICAL:strat7:2022-12-25 18:18:46,563:14693: No my_buy_price unavailable
CRITICAL:strat7:2022-12-25 18:21:46,664:14689: Yes my_avgbuy_price unavailable
CRITICAL:strat7:2022-12-25 18:21:48,721:14689: Yes my_avgbuy_price unavailable
CRITICAL:strat7:2022-12-25 18:21:51,623:14689: Yes my_avgbuy_price unavailable
CRITICAL:strat7:2022-12-25 18:21:53,642:14689: Yes my_avgbuy_price unavailable
CRITICAL:strat7:2022-12-25 18:22:18,960:14690: Yes my_avgbuy_price unavailable
CRITICAL:strat7:2022-12-25 18:22:20,991:14690: Yes my_avgbuy_price unavailable
CRITICAL:strat7:2022-12-25 18:22:23,846:14690: Yes my_avgbuy_price unavailable
CRITICAL:strat7:2022-12-25 18:22:25,898:14690: Yes my_avgbuy_price unavailable
CRITICAL:strat7:2022-12-25 18:22:51,561:14691: Yes my_avgbuy_price unavailable
CRITICAL:strat7:2022-12-25 18:22:53,613:14691: Yes my_avgbuy_price unavailable
CRITICAL:strat7:2022-12-25 18:22:56,475:14691: Yes my_avgbuy_price unavailable
CRITICAL:strat7:2022-12-25 18:22:58,496:14691: Yes my_avgbuy_price unavailable
CRITICAL:strat7:2022-12-25 18:23:55,701:14693: No my_buy_price unavailable
CRITICAL:strat7:2022-12-25 18:23:57,771:14693: No my_buy_price unavailable
CRITICAL:strat7:2022-12-25 18:24:00,686:14693: No my_buy_price unavailable
CRITICAL:strat7:2022-12-25 18:24:02,737:14693: No my_buy_price unavailable
CRITICAL:strat7:2022-12-25 18:24:32,227:14694: No my_buy_price unavailable
CRITICAL:strat7:2022-12-25 18:24:34,363:14694: No my_buy_price unavailable
CRITICAL:strat7:2022-12-25 18:24:37,269:14694: No my_buy_price unavailable
CRITICAL:strat7:2022-12-25 18:24:39,317:14694: No my_buy_price unavailable
CRITICAL:strat7:2022-12-25 18:27:02,882:14689: Yes my_avgbuy_price unavailable
CRITICAL:strat7:2022-12-25 18:27:04,954:14689: Yes my_avgbuy_price unavailable
CRITICAL:strat7:2022-12-25 18:27:07,858:14689: Yes my_avgbuy_price unavailable
CRITICAL:strat7:2022-12-25 18:27:09,860:14689: Yes my_avgbuy_price unavailable
CRITICAL:strat7:2022-12-25 18:27:37,188:14690: Yes my_avgbuy_price unavailable
CRITICAL:strat7:2022-12-25 18:27:39,299:14690: Yes my_avgbuy_price unavailable
CRITICAL:strat7:2022-12-25 18:27:42,259:14690: Yes my_avgbuy_price unavailable
CRITICAL:strat7:2022-12-25 18:27:44,363:14690: Yes my_avgbuy_price unavailable
CRITICAL:strat7:2022-12-25 18:28:12,440:14691: Yes my_avgbuy_price unavailable
CRITICAL:strat7:2022-12-25 18:28:15,147:14691: Yes my_avgbuy_price unavailable
CRITICAL:strat7:2022-12-25 18:28:18,102:14691: Yes my_avgbuy_price unavailable
CRITICAL:strat7:2022-12-25 18:28:20,299:14691: Yes my_avgbuy_price unavailable
CRITICAL:strat7:2022-12-25 18:29:54,207:14694: No my_buy_price unavailable
CRITICAL:strat7:2022-12-25 18:29:56,287:14694: No my_buy_price unavailable
CRITICAL:strat7:2022-12-25 18:29:59,203:14694: No my_buy_price unavailable
CRITICAL:strat7:2022-12-25 18:30:01,372:14694: No my_buy_price unavailable
CRITICAL:strat7:2022-12-25 18:32:26,121:14689: Yes my_avgbuy_price unavailable
CRITICAL:strat7:2022-12-25 18:32:28,152:14689: Yes my_avgbuy_price unavailable
CRITICAL:strat7:2022-12-25 18:32:31,049:14689: Yes my_avgbuy_price unavailable
CRITICAL:strat7:2022-12-25 18:32:33,051:14689: Yes my_avgbuy_price unavailable
CRITICAL:strat7:2022-12-25 18:33:00,651:14690: Yes my_avgbuy_price unavailable
CRITICAL:strat7:2022-12-25 18:33:02,706:14690: Yes my_avgbuy_price unavailable
CRITICAL:strat7:2022-12-25 18:33:05,577:14690: Yes my_avgbuy_price unavailable
CRITICAL:strat7:2022-12-25 18:33:07,585:14690: Yes my_avgbuy_price unavailable
CRITICAL:strat7:2022-12-25 18:33:33,420:14691: Yes my_avgbuy_price unavailable
CRITICAL:strat7:2022-12-25 18:33:35,434:14691: Yes my_avgbuy_price unavailable
CRITICAL:strat7:2022-12-25 18:33:38,319:14691: Yes my_avgbuy_price unavailable
CRITICAL:strat7:2022-12-25 18:33:40,349:14691: Yes my_avgbuy_price unavailable
CRITICAL:strat7:2022-12-25 18:34:38,419:14693: No my_buy_price unavailable
CRITICAL:strat7:2022-12-25 18:34:40,444:14693: No my_buy_price unavailable
CRITICAL:strat7:2022-12-25 18:34:43,308:14693: No my_buy_price unavailable
CRITICAL:strat7:2022-12-25 18:34:45,303:14693: No my_buy_price unavailable
CRITICAL:strat7:2022-12-25 18:35:12,510:14694: No my_buy_price unavailable
CRITICAL:strat7:2022-12-25 18:35:14,541:14694: No my_buy_price unavailable
CRITICAL:strat7:2022-12-25 18:35:17,421:14694: No my_buy_price unavailable
CRITICAL:strat7:2022-12-25 18:35:19,401:14694: No my_buy_price unavailable
CRITICAL:strat7:2022-12-25 18:37:40,862:14689: Yes my_avgbuy_price unavailable
CRITICAL:strat7:2022-12-25 18:37:42,903:14689: Yes my_avgbuy_price unavailable
CRITICAL:strat7:2022-12-25 18:37:45,833:14689: Yes my_avgbuy_price unavailable
CRITICAL:strat7:2022-12-25 18:37:47,899:14689: Yes my_avgbuy_price unavailable
CRITICAL:strat7:2022-12-25 18:38:16,099:14690: Yes my_avgbuy_price unavailable
CRITICAL:strat7:2022-12-25 18:38:18,183:14690: Yes my_avgbuy_price unavailable
CRITICAL:strat7:2022-12-25 18:38:21,091:14690: Yes my_avgbuy_price unavailable
CRITICAL:strat7:2022-12-25 18:38:23,166:14690: Yes my_avgbuy_price unavailable
CRITICAL:strat7:2022-12-25 18:38:50,399:14691: Yes my_avgbuy_price unavailable
CRITICAL:strat7:2022-12-25 18:38:52,501:14691: Yes my_avgbuy_price unavailable
CRITICAL:strat7:2022-12-25 18:38:55,388:14691: Yes my_avgbuy_price unavailable
CRITICAL:strat7:2022-12-25 18:38:57,513:14691: Yes my_avgbuy_price unavailable
CRITICAL:strat7:2022-12-25 18:39:58,851:14693: No my_buy_price unavailable
CRITICAL:strat7:2022-12-25 18:40:00,988:14693: No my_buy_price unavailable
CRITICAL:strat7:2022-12-25 18:40:04,055:14693: No my_buy_price unavailable
CRITICAL:strat7:2022-12-25 18:40:06,099:14693: No my_buy_price unavailable
CRITICAL:strat7:2022-12-25 18:40:34,600:14694: No my_buy_price unavailable
CRITICAL:strat7:2022-12-25 18:40:36,659:14694: No my_buy_price unavailable
CRITICAL:strat7:2022-12-25 18:40:39,617:14694: No my_buy_price unavailable
CRITICAL:strat7:2022-12-25 18:40:41,709:14694: No my_buy_price unavailable
CRITICAL:strat7:2022-12-25 18:43:06,521:14689: Yes my_avgbuy_price unavailable
CRITICAL:strat7:2022-12-25 18:43:08,656:14689: Yes my_avgbuy_price unavailable
CRITICAL:strat7:2022-12-25 18:43:11,590:14689: Yes my_avgbuy_price unavailable
CRITICAL:strat7:2022-12-25 18:43:13,634:14689: Yes my_avgbuy_price unavailable
CRITICAL:strat7:2022-12-25 18:43:41,362:14690: Yes my_avgbuy_price unavailable
CRITICAL:strat7:2022-12-25 18:43:43,460:14690: Yes my_avgbuy_price unavailable
CRITICAL:strat7:2022-12-25 18:43:46,386:14690: Yes my_avgbuy_price unavailable
CRITICAL:strat7:2022-12-25 18:43:48,420:14690: Yes my_avgbuy_price unavailable
CRITICAL:strat7:2022-12-25 18:44:14,791:14691: Yes my_avgbuy_price unavailable
CRITICAL:strat7:2022-12-25 18:44:16,888:14691: Yes my_avgbuy_price unavailable
CRITICAL:strat7:2022-12-25 18:44:19,793:14691: Yes my_avgbuy_price unavailable
CRITICAL:strat7:2022-12-25 18:44:21,816:14691: Yes my_avgbuy_price unavailable
CRITICAL:strat7:2022-12-25 18:45:19,378:14693: No my_buy_price unavailable
CRITICAL:strat7:2022-12-25 18:45:22,137:14693: No my_buy_price unavailable
CRITICAL:strat7:2022-12-25 18:45:25,058:14693: No my_buy_price unavailable
CRITICAL:strat7:2022-12-25 18:45:27,111:14693: No my_buy_price unavailable
CRITICAL:strat7:2022-12-25 18:45:52,730:14694: No my_buy_price unavailable
CRITICAL:strat7:2022-12-25 18:45:54,804:14694: No my_buy_price unavailable
CRITICAL:strat7:2022-12-25 18:45:57,777:14694: No my_buy_price unavailable
CRITICAL:strat7:2022-12-25 18:45:59,858:14694: No my_buy_price unavailable
CRITICAL:strat7:2022-12-25 18:48:25,908:14689: Yes my_avgbuy_price unavailable
CRITICAL:strat7:2022-12-25 18:48:27,951:14689: Yes my_avgbuy_price unavailable
CRITICAL:strat7:2022-12-25 18:48:30,878:14689: Yes my_avgbuy_price unavailable
CRITICAL:strat7:2022-12-25 18:48:32,911:14689: Yes my_avgbuy_price unavailable
CRITICAL:strat7:2022-12-25 18:48:59,210:14690: Yes my_avgbuy_price unavailable
CRITICAL:strat7:2022-12-25 18:49:01,320:14690: Yes my_avgbuy_price unavailable
CRITICAL:strat7:2022-12-25 18:49:04,228:14690: Yes my_avgbuy_price unavailable
CRITICAL:strat7:2022-12-25 18:49:06,850:14690: Yes my_avgbuy_price unavailable
CRITICAL:strat7:2022-12-25 18:49:36,348:14691: Yes my_avgbuy_price unavailable
CRITICAL:strat7:2022-12-25 18:49:38,450:14691: Yes my_avgbuy_price unavailable
CRITICAL:strat7:2022-12-25 18:49:41,377:14691: Yes my_avgbuy_price unavailable
CRITICAL:strat7:2022-12-25 18:49:43,434:14691: Yes my_avgbuy_price unavailable
CRITICAL:strat7:2022-12-25 18:50:49,685:14693: No my_buy_price unavailable
CRITICAL:strat7:2022-12-25 18:50:51,817:14693: No my_buy_price unavailable
CRITICAL:strat7:2022-12-25 18:50:55,055:14693: No my_buy_price unavailable
CRITICAL:strat7:2022-12-25 18:50:57,374:14693: No my_buy_price unavailable
CRITICAL:strat7:2022-12-25 18:51:25,609:14694: No my_buy_price unavailable
CRITICAL:strat7:2022-12-25 18:51:27,749:14694: No my_buy_price unavailable
CRITICAL:strat7:2022-12-25 18:51:30,675:14694: No my_buy_price unavailable
CRITICAL:strat7:2022-12-25 18:51:32,784:14694: No my_buy_price unavailable
CRITICAL:strat7:2022-12-25 18:53:59,777:14689: Yes my_avgbuy_price unavailable
CRITICAL:strat7:2022-12-25 18:54:01,904:14689: Yes my_avgbuy_price unavailable
CRITICAL:strat7:2022-12-25 18:54:04,877:14689: Yes my_avgbuy_price unavailable
CRITICAL:strat7:2022-12-25 18:54:06,917:14689: Yes my_avgbuy_price unavailable
CRITICAL:strat7:2022-12-25 18:54:33,654:14690: Yes my_avgbuy_price unavailable
CRITICAL:strat7:2022-12-25 18:54:35,738:14690: Yes my_avgbuy_price unavailable
CRITICAL:strat7:2022-12-25 18:54:38,625:14690: Yes my_avgbuy_price unavailable
CRITICAL:strat7:2022-12-25 18:54:40,674:14690: Yes my_avgbuy_price unavailable
CRITICAL:strat7:2022-12-25 18:55:08,810:14691: Yes my_avgbuy_price unavailable
CRITICAL:strat7:2022-12-25 18:55:10,806:14691: Yes my_avgbuy_price unavailable
CRITICAL:strat7:2022-12-25 18:55:13,761:14691: Yes my_avgbuy_price unavailable
CRITICAL:strat7:2022-12-25 18:55:15,880:14691: Yes my_avgbuy_price unavailable
CRITICAL:strat7:2022-12-25 18:56:15,424:14693: No my_buy_price unavailable
CRITICAL:strat7:2022-12-25 18:56:17,489:14693: No my_buy_price unavailable
CRITICAL:strat7:2022-12-25 18:56:20,453:14693: No my_buy_price unavailable
CRITICAL:strat7:2022-12-25 18:56:22,505:14693: No my_buy_price unavailable
CRITICAL:strat7:2022-12-25 18:56:48,417:14694: No my_buy_price unavailable
CRITICAL:strat7:2022-12-25 18:56:50,485:14694: No my_buy_price unavailable
CRITICAL:strat7:2022-12-25 18:56:53,417:14694: No my_buy_price unavailable
CRITICAL:strat7:2022-12-25 18:56:55,434:14694: No my_buy_price unavailable
CRITICAL:strat7:2022-12-25 18:59:14,094:14689: Yes my_avgbuy_price unavailable
CRITICAL:strat7:2022-12-25 18:59:16,217:14689: Yes my_avgbuy_price unavailable
CRITICAL:strat7:2022-12-25 18:59:19,142:14689: Yes my_avgbuy_price unavailable
CRITICAL:strat7:2022-12-25 18:59:21,208:14689: Yes my_avgbuy_price unavailable
CRITICAL:strat7:2022-12-25 18:59:46,990:14690: Yes my_avgbuy_price unavailable
CRITICAL:strat7:2022-12-25 18:59:49,008:14690: Yes my_avgbuy_price unavailable
CRITICAL:strat7:2022-12-25 18:59:51,942:14690: Yes my_avgbuy_price unavailable
CRITICAL:strat7:2022-12-25 18:59:54,008:14690: Yes my_avgbuy_price unavailable
CRITICAL:strat7:2022-12-25 19:00:25,635:14691: Yes my_avgbuy_price unavailable
CRITICAL:strat7:2022-12-25 19:00:27,689:14691: Yes my_avgbuy_price unavailable
CRITICAL:strat7:2022-12-25 19:00:30,694:14691: Yes my_avgbuy_price unavailable
CRITICAL:strat7:2022-12-25 19:00:32,704:14691: Yes my_avgbuy_price unavailable
CRITICAL:strat7:2022-12-25 19:01:36,544:14693: No my_buy_price unavailable
CRITICAL:strat7:2022-12-25 19:01:38,623:14693: No my_buy_price unavailable
CRITICAL:strat7:2022-12-25 19:01:41,573:14693: No my_buy_price unavailable
CRITICAL:strat7:2022-12-25 19:01:43,612:14693: No my_buy_price unavailable
CRITICAL:strat7:2022-12-25 19:02:11,974:14694: No my_buy_price unavailable
CRITICAL:strat7:2022-12-25 19:02:14,068:14694: No my_buy_price unavailable
CRITICAL:strat7:2022-12-25 19:02:16,995:14694: No my_buy_price unavailable
CRITICAL:strat7:2022-12-25 19:02:19,049:14694: No my_buy_price unavailable
CRITICAL:strat7:2022-12-25 19:04:50,869:14689: Yes my_avgbuy_price unavailable
CRITICAL:strat7:2022-12-25 19:04:53,181:14689: Yes my_avgbuy_price unavailable
CRITICAL:strat7:2022-12-25 19:04:56,251:14689: Yes my_avgbuy_price unavailable
CRITICAL:strat7:2022-12-25 19:04:58,318:14689: Yes my_avgbuy_price unavailable
CRITICAL:strat7:2022-12-25 19:05:28,986:14690: Yes my_avgbuy_price unavailable
CRITICAL:strat7:2022-12-25 19:05:31,150:14690: Yes my_avgbuy_price unavailable
CRITICAL:strat7:2022-12-25 19:05:34,247:14690: Yes my_avgbuy_price unavailable
CRITICAL:strat7:2022-12-25 19:05:36,532:14690: Yes my_avgbuy_price unavailable
CRITICAL:strat7:2022-12-25 19:06:06,810:14691: Yes my_avgbuy_price unavailable
CRITICAL:strat7:2022-12-25 19:06:08,944:14691: Yes my_avgbuy_price unavailable
CRITICAL:strat7:2022-12-25 19:06:11,949:14691: Yes my_avgbuy_price unavailable
CRITICAL:strat7:2022-12-25 19:06:14,105:14691: Yes my_avgbuy_price unavailable
CRITICAL:strat7:2022-12-25 19:07:18,481:14693: No my_buy_price unavailable
CRITICAL:strat7:2022-12-25 19:07:20,682:14693: No my_buy_price unavailable
CRITICAL:strat7:2022-12-25 19:07:23,785:14693: No my_buy_price unavailable
CRITICAL:strat7:2022-12-25 19:07:25,948:14693: No my_buy_price unavailable
CRITICAL:strat7:2022-12-25 19:10:33,602:14689: Yes my_avgbuy_price unavailable
CRITICAL:strat7:2022-12-25 19:10:35,676:14689: Yes my_avgbuy_price unavailable
CRITICAL:strat7:2022-12-25 19:10:38,672:14689: Yes my_avgbuy_price unavailable
CRITICAL:strat7:2022-12-25 19:10:40,691:14689: Yes my_avgbuy_price unavailable
CRITICAL:strat7:2022-12-25 19:11:10,453:14690: Yes my_avgbuy_price unavailable
CRITICAL:strat7:2022-12-25 19:11:13,447:14690: Yes my_avgbuy_price unavailable
CRITICAL:strat7:2022-12-25 19:11:17,408:14690: Yes my_avgbuy_price unavailable
CRITICAL:strat7:2022-12-25 19:11:19,910:14690: Yes my_avgbuy_price unavailable
CRITICAL:strat7:2022-12-25 19:12:06,572:14691: Yes my_avgbuy_price unavailable
CRITICAL:strat7:2022-12-25 19:12:09,694:14691: Yes my_avgbuy_price unavailable
CRITICAL:strat7:2022-12-25 19:12:14,430:14691: Yes my_avgbuy_price unavailable
CRITICAL:strat7:2022-12-25 19:12:17,704:14691: Yes my_avgbuy_price unavailable
CRITICAL:strat7:2022-12-25 19:13:39,079:14693: No my_buy_price unavailable
CRITICAL:strat7:2022-12-25 19:13:41,264:14693: No my_buy_price unavailable
CRITICAL:strat7:2022-12-25 19:13:44,334:14693: No my_buy_price unavailable
CRITICAL:strat7:2022-12-25 19:13:46,459:14693: No my_buy_price unavailable
CRITICAL:strat7:2022-12-25 19:16:55,379:14689: Yes my_avgbuy_price unavailable
CRITICAL:strat7:2022-12-25 19:16:58,033:14689: Yes my_avgbuy_price unavailable
CRITICAL:strat7:2022-12-25 19:17:02,157:14689: Yes my_avgbuy_price unavailable
CRITICAL:strat7:2022-12-25 19:17:04,383:14689: Yes my_avgbuy_price unavailable
CRITICAL:strat7:2022-12-25 19:17:36,116:14690: Yes my_avgbuy_price unavailable
CRITICAL:strat7:2022-12-25 19:17:38,339:14690: Yes my_avgbuy_price unavailable
CRITICAL:strat7:2022-12-25 19:17:41,407:14690: Yes my_avgbuy_price unavailable
CRITICAL:strat7:2022-12-25 19:17:43,541:14690: Yes my_avgbuy_price unavailable
CRITICAL:strat7:2022-12-25 19:20:44,193:14693: No my_buy_price unavailable
CRITICAL:strat7:2022-12-25 19:20:46,910:14693: No my_buy_price unavailable
CRITICAL:strat7:2022-12-25 19:20:50,301:14693: No my_buy_price unavailable
CRITICAL:strat7:2022-12-25 19:20:52,908:14693: No my_buy_price unavailable
CRITICAL:strat7:2022-12-25 19:24:53,027:14689: Yes my_avgbuy_price unavailable
CRITICAL:strat7:2022-12-25 19:24:55,517:14689: Yes my_avgbuy_price unavailable
CRITICAL:strat7:2022-12-25 19:24:58,486:14689: Yes my_avgbuy_price unavailable
CRITICAL:strat7:2022-12-25 19:25:00,778:14689: Yes my_avgbuy_price unavailable
CRITICAL:strat7:2022-12-25 19:25:27,085:14690: Yes my_avgbuy_price unavailable
CRITICAL:strat7:2022-12-25 19:25:29,138:14690: Yes my_avgbuy_price unavailable
CRITICAL:strat7:2022-12-25 19:25:32,009:14690: Yes my_avgbuy_price unavailable
CRITICAL:strat7:2022-12-25 19:25:34,068:14690: Yes my_avgbuy_price unavailable
CRITICAL:strat7:2022-12-25 19:26:02,865:14691: Yes my_avgbuy_price unavailable
CRITICAL:strat7:2022-12-25 19:26:05,212:14691: Yes my_avgbuy_price unavailable
CRITICAL:strat7:2022-12-25 19:26:08,179:14691: Yes my_avgbuy_price unavailable
CRITICAL:strat7:2022-12-25 19:26:10,304:14691: Yes my_avgbuy_price unavailable
CRITICAL:strat7:2022-12-25 19:27:34,415:14693: No my_buy_price unavailable
CRITICAL:strat7:2022-12-25 19:27:36,725:14693: No my_buy_price unavailable
CRITICAL:strat7:2022-12-25 19:27:40,209:14693: No my_buy_price unavailable
CRITICAL:strat7:2022-12-25 19:27:42,797:14693: No my_buy_price unavailable
CRITICAL:strat7:2022-12-25 19:31:40,049:14689: Yes my_avgbuy_price unavailable
CRITICAL:strat7:2022-12-25 19:31:42,665:14689: Yes my_avgbuy_price unavailable
CRITICAL:strat7:2022-12-25 19:31:46,277:14689: Yes my_avgbuy_price unavailable
CRITICAL:strat7:2022-12-25 19:31:49,006:14689: Yes my_avgbuy_price unavailable
CRITICAL:strat7:2022-12-25 19:32:29,447:14690: Yes my_avgbuy_price unavailable
CRITICAL:strat7:2022-12-25 19:32:31,670:14690: Yes my_avgbuy_price unavailable
CRITICAL:strat7:2022-12-25 19:32:35,105:14690: Yes my_avgbuy_price unavailable
CRITICAL:strat7:2022-12-25 19:32:37,474:14690: Yes my_avgbuy_price unavailable
CRITICAL:strat7:2022-12-25 19:33:13,916:14691: Yes my_avgbuy_price unavailable
CRITICAL:strat7:2022-12-25 19:33:16,083:14691: Yes my_avgbuy_price unavailable
CRITICAL:strat7:2022-12-25 19:33:19,042:14691: Yes my_avgbuy_price unavailable
CRITICAL:strat7:2022-12-25 19:33:21,116:14691: Yes my_avgbuy_price unavailable
CRITICAL:strat7:2022-12-25 19:34:21,088:14693: No my_buy_price unavailable
CRITICAL:strat7:2022-12-25 19:34:23,161:14693: No my_buy_price unavailable
CRITICAL:strat7:2022-12-25 19:34:26,144:14693: No my_buy_price unavailable
CRITICAL:strat7:2022-12-25 19:34:28,320:14693: No my_buy_price unavailable
CRITICAL:strat7:2022-12-25 19:37:23,964:14689: Yes my_avgbuy_price unavailable
CRITICAL:strat7:2022-12-25 19:37:26,068:14689: Yes my_avgbuy_price unavailable
CRITICAL:strat7:2022-12-25 19:37:29,051:14689: Yes my_avgbuy_price unavailable
CRITICAL:strat7:2022-12-25 19:37:31,189:14689: Yes my_avgbuy_price unavailable
CRITICAL:strat7:2022-12-25 19:38:06,894:14690: Yes my_avgbuy_price unavailable
CRITICAL:strat7:2022-12-25 19:38:09,202:14690: Yes my_avgbuy_price unavailable
CRITICAL:strat7:2022-12-25 19:38:12,308:14690: Yes my_avgbuy_price unavailable
CRITICAL:strat7:2022-12-25 19:38:14,436:14690: Yes my_avgbuy_price unavailable
CRITICAL:strat7:2022-12-25 19:38:50,185:14691: Yes my_avgbuy_price unavailable
CRITICAL:strat7:2022-12-25 19:38:52,839:14691: Yes my_avgbuy_price unavailable
CRITICAL:strat7:2022-12-25 19:38:56,498:14691: Yes my_avgbuy_price unavailable
CRITICAL:strat7:2022-12-25 19:38:58,554:14691: Yes my_avgbuy_price unavailable
CRITICAL:strat7:2022-12-25 19:40:29,082:14693: No my_buy_price unavailable
CRITICAL:strat7:2022-12-25 19:40:31,632:14693: No my_buy_price unavailable
CRITICAL:strat7:2022-12-25 19:40:35,486:14693: No my_buy_price unavailable
CRITICAL:strat7:2022-12-25 19:40:37,820:14693: No my_buy_price unavailable
CRITICAL:strat7:2022-12-25 19:43:53,220:14689: Yes my_avgbuy_price unavailable
CRITICAL:strat7:2022-12-25 19:43:55,353:14689: Yes my_avgbuy_price unavailable
CRITICAL:strat7:2022-12-25 19:43:58,477:14689: Yes my_avgbuy_price unavailable
CRITICAL:strat7:2022-12-25 19:44:00,741:14689: Yes my_avgbuy_price unavailable
CRITICAL:strat7:2022-12-25 19:44:28,470:14690: Yes my_avgbuy_price unavailable
CRITICAL:strat7:2022-12-25 19:44:31,357:14690: Yes my_avgbuy_price unavailable
CRITICAL:strat7:2022-12-25 19:44:34,303:14690: Yes my_avgbuy_price unavailable
CRITICAL:strat7:2022-12-25 19:44:36,447:14690: Yes my_avgbuy_price unavailable
CRITICAL:strat7:2022-12-25 19:45:05,920:14691: Yes my_avgbuy_price unavailable
CRITICAL:strat7:2022-12-25 19:45:08,020:14691: Yes my_avgbuy_price unavailable
CRITICAL:strat7:2022-12-25 19:45:11,080:14691: Yes my_avgbuy_price unavailable
CRITICAL:strat7:2022-12-25 19:45:13,210:14691: Yes my_avgbuy_price unavailable
CRITICAL:strat7:2022-12-25 19:46:15,575:14693: No my_buy_price unavailable
CRITICAL:strat7:2022-12-25 19:46:17,726:14693: No my_buy_price unavailable
CRITICAL:strat7:2022-12-25 19:46:21,225:14693: No my_buy_price unavailable
CRITICAL:strat7:2022-12-25 19:46:23,389:14693: No my_buy_price unavailable
CRITICAL:strat7:2022-12-25 19:49:22,455:14689: Yes my_avgbuy_price unavailable
CRITICAL:strat7:2022-12-25 19:49:24,558:14689: Yes my_avgbuy_price unavailable
CRITICAL:strat7:2022-12-25 19:49:27,576:14689: Yes my_avgbuy_price unavailable
CRITICAL:strat7:2022-12-25 19:49:29,641:14689: Yes my_avgbuy_price unavailable
CRITICAL:strat7:2022-12-25 19:49:56,552:14690: Yes my_avgbuy_price unavailable
CRITICAL:strat7:2022-12-25 19:49:58,584:14690: Yes my_avgbuy_price unavailable
CRITICAL:strat7:2022-12-25 19:50:01,721:14690: Yes my_avgbuy_price unavailable
CRITICAL:strat7:2022-12-25 19:50:03,830:14690: Yes my_avgbuy_price unavailable
CRITICAL:strat7:2022-12-25 19:50:29,929:14691: Yes my_avgbuy_price unavailable
CRITICAL:strat7:2022-12-25 19:50:31,977:14691: Yes my_avgbuy_price unavailable
CRITICAL:strat7:2022-12-25 19:50:34,861:14691: Yes my_avgbuy_price unavailable
CRITICAL:strat7:2022-12-25 19:50:37,638:14691: Yes my_avgbuy_price unavailable
CRITICAL:strat7:2022-12-25 19:51:37,849:14693: No my_buy_price unavailable
CRITICAL:strat7:2022-12-25 19:51:39,877:14693: No my_buy_price unavailable
CRITICAL:strat7:2022-12-25 19:51:42,786:14693: No my_buy_price unavailable
CRITICAL:strat7:2022-12-25 19:51:44,820:14693: No my_buy_price unavailable
CRITICAL:strat7:2022-12-25 19:54:38,216:14689: Yes my_avgbuy_price unavailable
CRITICAL:strat7:2022-12-25 19:54:40,270:14689: Yes my_avgbuy_price unavailable
CRITICAL:strat7:2022-12-25 19:54:43,853:14689: Yes my_avgbuy_price unavailable
CRITICAL:strat7:2022-12-25 19:54:46,005:14689: Yes my_avgbuy_price unavailable
CRITICAL:strat7:2022-12-25 19:55:15,137:14690: Yes my_avgbuy_price unavailable
CRITICAL:strat7:2022-12-25 19:55:17,281:14690: Yes my_avgbuy_price unavailable
CRITICAL:strat7:2022-12-25 19:55:20,290:14690: Yes my_avgbuy_price unavailable
CRITICAL:strat7:2022-12-25 19:55:22,428:14690: Yes my_avgbuy_price unavailable
CRITICAL:strat7:2022-12-25 19:55:50,512:14691: Yes my_avgbuy_price unavailable
CRITICAL:strat7:2022-12-25 19:55:52,888:14691: Yes my_avgbuy_price unavailable
CRITICAL:strat7:2022-12-25 19:55:55,912:14691: Yes my_avgbuy_price unavailable
CRITICAL:strat7:2022-12-25 19:55:57,969:14691: Yes my_avgbuy_price unavailable
CRITICAL:strat7:2022-12-25 20:00:12,848:14689: Yes my_avgbuy_price unavailable
CRITICAL:strat7:2022-12-25 20:00:15,034:14689: Yes my_avgbuy_price unavailable
CRITICAL:strat7:2022-12-25 20:00:18,017:14689: Yes my_avgbuy_price unavailable
CRITICAL:strat7:2022-12-25 20:00:20,202:14689: Yes my_avgbuy_price unavailable
CRITICAL:strat7:2022-12-25 20:00:47,867:14690: Yes my_avgbuy_price unavailable
CRITICAL:strat7:2022-12-25 20:00:49,897:14690: Yes my_avgbuy_price unavailable
CRITICAL:strat7:2022-12-25 20:00:53,151:14690: Yes my_avgbuy_price unavailable
CRITICAL:strat7:2022-12-25 20:00:57,053:14690: Yes my_avgbuy_price unavailable
CRITICAL:strat7:2022-12-25 20:01:25,807:14691: Yes my_avgbuy_price unavailable
CRITICAL:strat7:2022-12-25 20:01:27,857:14691: Yes my_avgbuy_price unavailable
CRITICAL:strat7:2022-12-25 20:01:30,764:14691: Yes my_avgbuy_price unavailable
CRITICAL:strat7:2022-12-25 20:01:34,524:14691: Yes my_avgbuy_price unavailable
CRITICAL:strat7:2022-12-25 20:05:40,119:14689: Yes my_avgbuy_price unavailable
CRITICAL:strat7:2022-12-25 20:05:42,298:14689: Yes my_avgbuy_price unavailable
CRITICAL:strat7:2022-12-25 20:05:45,186:14689: Yes my_avgbuy_price unavailable
CRITICAL:strat7:2022-12-25 20:05:47,251:14689: Yes my_avgbuy_price unavailable
CRITICAL:strat7:2022-12-25 20:06:16,075:14690: Yes my_avgbuy_price unavailable
CRITICAL:strat7:2022-12-25 20:06:18,125:14690: Yes my_avgbuy_price unavailable
CRITICAL:strat7:2022-12-25 20:06:21,916:14690: Yes my_avgbuy_price unavailable
CRITICAL:strat7:2022-12-25 20:06:24,086:14690: Yes my_avgbuy_price unavailable
CRITICAL:strat7:2022-12-25 20:06:56,345:14691: No my_buy_price unavailable
CRITICAL:strat7:2022-12-25 20:06:58,451:14691: No my_buy_price unavailable
CRITICAL:strat7:2022-12-25 20:07:03,176:14691: No my_buy_price unavailable
CRITICAL:strat7:2022-12-25 20:07:05,228:14691: No my_buy_price unavailable
CRITICAL:strat7:2022-12-25 20:11:06,755:14689: Yes my_avgbuy_price unavailable
CRITICAL:strat7:2022-12-25 20:11:08,788:14689: Yes my_avgbuy_price unavailable
CRITICAL:strat7:2022-12-25 20:11:11,680:14689: Yes my_avgbuy_price unavailable
CRITICAL:strat7:2022-12-25 20:11:13,747:14689: Yes my_avgbuy_price unavailable
CRITICAL:strat7:2022-12-25 20:11:49,544:14690: Yes my_avgbuy_price unavailable
CRITICAL:strat7:2022-12-25 20:11:51,586:14690: Yes my_avgbuy_price unavailable
CRITICAL:strat7:2022-12-25 20:11:54,572:14690: Yes my_avgbuy_price unavailable
CRITICAL:strat7:2022-12-25 20:11:56,716:14690: Yes my_avgbuy_price unavailable
CRITICAL:strat7:2022-12-25 20:12:23,987:14691: No my_buy_price unavailable
CRITICAL:strat7:2022-12-25 20:12:26,062:14691: No my_buy_price unavailable
CRITICAL:strat7:2022-12-25 20:12:28,958:14691: No my_buy_price unavailable
CRITICAL:strat7:2022-12-25 20:12:31,071:14691: No my_buy_price unavailable
CRITICAL:strat7:2022-12-25 20:16:45,246:14689: Yes my_avgbuy_price unavailable
CRITICAL:strat7:2022-12-25 20:16:47,286:14689: Yes my_avgbuy_price unavailable
CRITICAL:strat7:2022-12-25 20:16:50,186:14689: Yes my_avgbuy_price unavailable
CRITICAL:strat7:2022-12-25 20:16:52,252:14689: Yes my_avgbuy_price unavailable
CRITICAL:strat7:2022-12-25 20:17:18,979:14690: Yes my_avgbuy_price unavailable
CRITICAL:strat7:2022-12-25 20:17:21,028:14690: Yes my_avgbuy_price unavailable
CRITICAL:strat7:2022-12-25 20:17:23,884:14690: Yes my_avgbuy_price unavailable
CRITICAL:strat7:2022-12-25 20:17:25,889:14690: Yes my_avgbuy_price unavailable
CRITICAL:strat7:2022-12-25 20:17:54,602:14691: Yes my_avgbuy_price unavailable
CRITICAL:strat7:2022-12-25 20:17:56,684:14691: Yes my_avgbuy_price unavailable
CRITICAL:strat7:2022-12-25 20:18:01,198:14691: Yes my_avgbuy_price unavailable
CRITICAL:strat7:2022-12-25 20:18:03,259:14691: Yes my_avgbuy_price unavailable
CRITICAL:strat7:2022-12-25 20:22:05,041:14689: Yes my_avgbuy_price unavailable
CRITICAL:strat7:2022-12-25 20:22:07,104:14689: Yes my_avgbuy_price unavailable
CRITICAL:strat7:2022-12-25 20:22:10,076:14689: Yes my_avgbuy_price unavailable
CRITICAL:strat7:2022-12-25 20:22:12,164:14689: Yes my_avgbuy_price unavailable
CRITICAL:strat7:2022-12-25 20:22:45,267:14690: Yes my_avgbuy_price unavailable
CRITICAL:strat7:2022-12-25 20:22:47,605:14690: Yes my_avgbuy_price unavailable
CRITICAL:strat7:2022-12-25 20:22:50,677:14690: Yes my_avgbuy_price unavailable
CRITICAL:strat7:2022-12-25 20:22:52,728:14690: Yes my_avgbuy_price unavailable
CRITICAL:strat7:2022-12-25 20:23:27,154:14691: No my_buy_price unavailable
CRITICAL:strat7:2022-12-25 20:23:29,286:14691: No my_buy_price unavailable
CRITICAL:strat7:2022-12-25 20:23:33,823:14691: No my_buy_price unavailable
CRITICAL:strat7:2022-12-25 20:23:35,917:14691: No my_buy_price unavailable
CRITICAL:strat7:2022-12-25 20:28:23,962:14689: Yes my_avgbuy_price unavailable
CRITICAL:strat7:2022-12-25 20:28:26,613:14689: Yes my_avgbuy_price unavailable
CRITICAL:strat7:2022-12-25 20:28:29,986:14689: Yes my_avgbuy_price unavailable
CRITICAL:strat7:2022-12-25 20:28:32,324:14689: Yes my_avgbuy_price unavailable
CRITICAL:strat7:2022-12-25 20:29:10,799:14690: Yes my_avgbuy_price unavailable
CRITICAL:strat7:2022-12-25 20:29:13,148:14690: Yes my_avgbuy_price unavailable
CRITICAL:strat7:2022-12-25 20:29:16,452:14690: Yes my_avgbuy_price unavailable
CRITICAL:strat7:2022-12-25 20:29:18,808:14690: Yes my_avgbuy_price unavailable
CRITICAL:strat7:2022-12-25 20:30:05,945:14691: Yes my_avgbuy_price unavailable
CRITICAL:strat7:2022-12-25 20:30:08,242:14691: Yes my_avgbuy_price unavailable
CRITICAL:strat7:2022-12-25 20:30:13,059:14691: Yes my_avgbuy_price unavailable
CRITICAL:strat7:2022-12-25 20:30:15,247:14691: Yes my_avgbuy_price unavailable
CRITICAL:strat7:2022-12-25 20:34:53,957:14689: Yes my_avgbuy_price unavailable
CRITICAL:strat7:2022-12-25 20:34:56,035:14689: Yes my_avgbuy_price unavailable
CRITICAL:strat7:2022-12-25 20:34:58,988:14689: Yes my_avgbuy_price unavailable
CRITICAL:strat7:2022-12-25 20:35:01,305:14689: Yes my_avgbuy_price unavailable
CRITICAL:strat7:2022-12-25 20:35:31,496:14690: Yes my_avgbuy_price unavailable
CRITICAL:strat7:2022-12-25 20:35:34,591:14690: Yes my_avgbuy_price unavailable
CRITICAL:strat7:2022-12-25 20:35:38,079:14690: Yes my_avgbuy_price unavailable
CRITICAL:strat7:2022-12-25 20:35:40,079:14690: Yes my_avgbuy_price unavailable
CRITICAL:strat7:2022-12-25 20:36:12,257:14691: Yes my_avgbuy_price unavailable
CRITICAL:strat7:2022-12-25 20:36:14,415:14691: Yes my_avgbuy_price unavailable
CRITICAL:strat7:2022-12-25 20:36:17,798:14691: Yes my_avgbuy_price unavailable
CRITICAL:strat7:2022-12-25 20:36:19,917:14691: Yes my_avgbuy_price unavailable
CRITICAL:strat7:2022-12-25 20:40:25,525:14689: Yes my_avgbuy_price unavailable
CRITICAL:strat7:2022-12-25 20:40:27,499:14689: Yes my_avgbuy_price unavailable
CRITICAL:strat7:2022-12-25 20:40:30,428:14689: Yes my_avgbuy_price unavailable
CRITICAL:strat7:2022-12-25 20:40:32,547:14689: Yes my_avgbuy_price unavailable
CRITICAL:strat7:2022-12-25 20:41:01,563:14690: Yes my_avgbuy_price unavailable
CRITICAL:strat7:2022-12-25 20:41:03,733:14690: Yes my_avgbuy_price unavailable
CRITICAL:strat7:2022-12-25 20:41:06,713:14690: Yes my_avgbuy_price unavailable
CRITICAL:strat7:2022-12-25 20:41:09,579:14690: Yes my_avgbuy_price unavailable
CRITICAL:strat7:2022-12-25 20:41:37,481:14691: Yes my_avgbuy_price unavailable
CRITICAL:strat7:2022-12-25 20:41:39,541:14691: Yes my_avgbuy_price unavailable
CRITICAL:strat7:2022-12-25 20:41:42,483:14691: Yes my_avgbuy_price unavailable
CRITICAL:strat7:2022-12-25 20:41:44,495:14691: Yes my_avgbuy_price unavailable
CRITICAL:strat7:2022-12-25 20:45:42,921:14689: Yes my_avgbuy_price unavailable
CRITICAL:strat7:2022-12-25 20:45:46,312:14689: Yes my_avgbuy_price unavailable
CRITICAL:strat7:2022-12-25 20:45:49,697:14689: Yes my_avgbuy_price unavailable
CRITICAL:strat7:2022-12-25 20:45:51,985:14689: Yes my_avgbuy_price unavailable
CRITICAL:strat7:2022-12-25 20:46:23,054:14690: Yes my_avgbuy_price unavailable
CRITICAL:strat7:2022-12-25 20:46:25,415:14690: Yes my_avgbuy_price unavailable
CRITICAL:strat7:2022-12-25 20:46:28,498:14690: Yes my_avgbuy_price unavailable
CRITICAL:strat7:2022-12-25 20:46:30,946:14690: Yes my_avgbuy_price unavailable
CRITICAL:strat7:2022-12-25 20:47:00,878:14691: Yes my_avgbuy_price unavailable
CRITICAL:strat7:2022-12-25 20:47:03,110:14691: Yes my_avgbuy_price unavailable
CRITICAL:strat7:2022-12-25 20:47:06,057:14691: Yes my_avgbuy_price unavailable
CRITICAL:strat7:2022-12-25 20:47:08,209:14691: Yes my_avgbuy_price unavailable
CRITICAL:strat7:2022-12-25 20:51:22,806:14689: Yes my_avgbuy_price unavailable
CRITICAL:strat7:2022-12-25 20:51:25,055:14689: Yes my_avgbuy_price unavailable
CRITICAL:strat7:2022-12-25 20:51:28,047:14689: Yes my_avgbuy_price unavailable
CRITICAL:strat7:2022-12-25 20:51:30,180:14689: Yes my_avgbuy_price unavailable
CRITICAL:strat7:2022-12-25 20:51:58,873:14690: Yes my_avgbuy_price unavailable
CRITICAL:strat7:2022-12-25 20:52:01,082:14690: Yes my_avgbuy_price unavailable
CRITICAL:strat7:2022-12-25 20:52:03,995:14690: Yes my_avgbuy_price unavailable
CRITICAL:strat7:2022-12-25 20:52:06,083:14690: Yes my_avgbuy_price unavailable
CRITICAL:strat7:2022-12-25 20:52:37,627:14691: Yes my_avgbuy_price unavailable
CRITICAL:strat7:2022-12-25 20:52:39,820:14691: Yes my_avgbuy_price unavailable
CRITICAL:strat7:2022-12-25 20:52:42,743:14691: Yes my_avgbuy_price unavailable
CRITICAL:strat7:2022-12-25 20:52:44,905:14691: Yes my_avgbuy_price unavailable
CRITICAL:strat7:2022-12-25 20:56:55,450:14689: Yes my_avgbuy_price unavailable
CRITICAL:strat7:2022-12-25 20:56:58,098:14689: Yes my_avgbuy_price unavailable
CRITICAL:strat7:2022-12-25 20:57:01,294:14689: Yes my_avgbuy_price unavailable
CRITICAL:strat7:2022-12-25 20:57:03,400:14689: Yes my_avgbuy_price unavailable
CRITICAL:strat7:2022-12-25 20:57:36,418:14690: Yes my_avgbuy_price unavailable
CRITICAL:strat7:2022-12-25 20:57:38,491:14690: Yes my_avgbuy_price unavailable
CRITICAL:strat7:2022-12-25 20:57:41,633:14690: Yes my_avgbuy_price unavailable
CRITICAL:strat7:2022-12-25 20:57:43,778:14690: Yes my_avgbuy_price unavailable
CRITICAL:strat7:2022-12-25 20:58:15,089:14691: Yes my_avgbuy_price unavailable
CRITICAL:strat7:2022-12-25 20:58:17,321:14691: Yes my_avgbuy_price unavailable
CRITICAL:strat7:2022-12-25 20:58:20,296:14691: Yes my_avgbuy_price unavailable
CRITICAL:strat7:2022-12-25 20:58:22,337:14691: Yes my_avgbuy_price unavailable
CRITICAL:strat7:2022-12-25 21:00:12,568:14694: No my_buy_price unavailable
CRITICAL:strat7:2022-12-25 21:00:15,767:14694: No my_buy_price unavailable
CRITICAL:strat7:2022-12-25 21:00:19,354:14694: No my_buy_price unavailable
CRITICAL:strat7:2022-12-25 21:00:22,670:14694: No my_buy_price unavailable
CRITICAL:strat7:2022-12-25 21:03:15,882:14689: Yes my_avgbuy_price unavailable
CRITICAL:strat7:2022-12-25 21:03:18,210:14689: Yes my_avgbuy_price unavailable
CRITICAL:strat7:2022-12-25 21:03:21,398:14689: Yes my_avgbuy_price unavailable
CRITICAL:strat7:2022-12-25 21:03:23,680:14689: Yes my_avgbuy_price unavailable
CRITICAL:strat7:2022-12-25 21:03:57,302:14690: Yes my_avgbuy_price unavailable
CRITICAL:strat7:2022-12-25 21:03:59,566:14690: Yes my_avgbuy_price unavailable
CRITICAL:strat7:2022-12-25 21:04:03,081:14690: Yes my_avgbuy_price unavailable
CRITICAL:strat7:2022-12-25 21:04:05,374:14690: Yes my_avgbuy_price unavailable
CRITICAL:strat7:2022-12-25 21:06:26,041:14694: No my_buy_price unavailable
CRITICAL:strat7:2022-12-25 21:06:28,172:14694: No my_buy_price unavailable
CRITICAL:strat7:2022-12-25 21:06:31,212:14694: No my_buy_price unavailable
CRITICAL:strat7:2022-12-25 21:06:33,302:14694: No my_buy_price unavailable
CRITICAL:strat7:2022-12-25 21:09:10,555:14689: Yes my_avgbuy_price unavailable
CRITICAL:strat7:2022-12-25 21:09:12,991:14689: Yes my_avgbuy_price unavailable
CRITICAL:strat7:2022-12-25 21:09:16,118:14689: Yes my_avgbuy_price unavailable
CRITICAL:strat7:2022-12-25 21:09:18,259:14689: Yes my_avgbuy_price unavailable
CRITICAL:strat7:2022-12-25 21:09:46,587:14690: Yes my_avgbuy_price unavailable
CRITICAL:strat7:2022-12-25 21:09:48,611:14690: Yes my_avgbuy_price unavailable
CRITICAL:strat7:2022-12-25 21:09:51,535:14690: Yes my_avgbuy_price unavailable
CRITICAL:strat7:2022-12-25 21:09:53,549:14690: Yes my_avgbuy_price unavailable
CRITICAL:strat7:2022-12-25 21:12:05,348:14694: No my_buy_price unavailable
CRITICAL:strat7:2022-12-25 21:12:07,407:14694: No my_buy_price unavailable
CRITICAL:strat7:2022-12-25 21:12:10,405:14694: No my_buy_price unavailable
CRITICAL:strat7:2022-12-25 21:12:12,628:14694: No my_buy_price unavailable
CRITICAL:strat7:2022-12-25 21:14:41,042:14689: Yes my_avgbuy_price unavailable
CRITICAL:strat7:2022-12-25 21:14:43,131:14689: Yes my_avgbuy_price unavailable
CRITICAL:strat7:2022-12-25 21:14:46,077:14689: Yes my_avgbuy_price unavailable
CRITICAL:strat7:2022-12-25 21:14:48,133:14689: Yes my_avgbuy_price unavailable
CRITICAL:strat7:2022-12-25 21:15:17,515:14690: Yes my_avgbuy_price unavailable
CRITICAL:strat7:2022-12-25 21:15:19,577:14690: Yes my_avgbuy_price unavailable
CRITICAL:strat7:2022-12-25 21:15:22,569:14690: Yes my_avgbuy_price unavailable
CRITICAL:strat7:2022-12-25 21:15:24,640:14690: Yes my_avgbuy_price unavailable
CRITICAL:strat7:2022-12-25 21:17:34,014:14694: No my_buy_price unavailable
CRITICAL:strat7:2022-12-25 21:17:36,282:14694: No my_buy_price unavailable
CRITICAL:strat7:2022-12-25 21:17:39,281:14694: No my_buy_price unavailable
CRITICAL:strat7:2022-12-25 21:17:41,498:14694: No my_buy_price unavailable
CRITICAL:strat7:2022-12-25 21:20:08,159:14689: Yes my_avgbuy_price unavailable
CRITICAL:strat7:2022-12-25 21:20:10,262:14689: Yes my_avgbuy_price unavailable
CRITICAL:strat7:2022-12-25 21:20:13,194:14689: Yes my_avgbuy_price unavailable
CRITICAL:strat7:2022-12-25 21:20:15,337:14689: Yes my_avgbuy_price unavailable
CRITICAL:strat7:2022-12-25 21:20:42,944:14690: Yes my_avgbuy_price unavailable
CRITICAL:strat7:2022-12-25 21:20:45,045:14690: Yes my_avgbuy_price unavailable
CRITICAL:strat7:2022-12-25 21:20:47,960:14690: Yes my_avgbuy_price unavailable
CRITICAL:strat7:2022-12-25 21:20:50,033:14690: Yes my_avgbuy_price unavailable
CRITICAL:strat7:2022-12-25 21:21:19,048:14691: Yes my_avgbuy_price unavailable
CRITICAL:strat7:2022-12-25 21:21:21,086:14691: Yes my_avgbuy_price unavailable
CRITICAL:strat7:2022-12-25 21:21:24,017:14691: Yes my_avgbuy_price unavailable
CRITICAL:strat7:2022-12-25 21:21:26,103:14691: Yes my_avgbuy_price unavailable
CRITICAL:strat7:2022-12-25 21:25:28,289:14689: Yes my_avgbuy_price unavailable
CRITICAL:strat7:2022-12-25 21:25:30,383:14689: Yes my_avgbuy_price unavailable
CRITICAL:strat7:2022-12-25 21:25:33,332:14689: Yes my_avgbuy_price unavailable
CRITICAL:strat7:2022-12-25 21:25:35,434:14689: Yes my_avgbuy_price unavailable
CRITICAL:strat7:2022-12-25 21:26:06,232:14690: Yes my_avgbuy_price unavailable
CRITICAL:strat7:2022-12-25 21:26:08,361:14690: Yes my_avgbuy_price unavailable
CRITICAL:strat7:2022-12-25 21:26:11,363:14690: Yes my_avgbuy_price unavailable
CRITICAL:strat7:2022-12-25 21:26:15,159:14690: Yes my_avgbuy_price unavailable
CRITICAL:strat7:2022-12-25 21:30:54,468:14689: Yes my_avgbuy_price unavailable
CRITICAL:strat7:2022-12-25 21:30:56,617:14689: Yes my_avgbuy_price unavailable
CRITICAL:strat7:2022-12-25 21:30:59,678:14689: Yes my_avgbuy_price unavailable
CRITICAL:strat7:2022-12-25 21:31:01,930:14689: Yes my_avgbuy_price unavailable
CRITICAL:strat7:2022-12-25 21:31:28,849:14690: Yes my_avgbuy_price unavailable
CRITICAL:strat7:2022-12-25 21:31:30,965:14690: Yes my_avgbuy_price unavailable
CRITICAL:strat7:2022-12-25 21:31:33,902:14690: Yes my_avgbuy_price unavailable
CRITICAL:strat7:2022-12-25 21:31:35,998:14690: Yes my_avgbuy_price unavailable
CRITICAL:strat7:2022-12-25 21:36:49,150:14690: Yes my_avgbuy_price unavailable
CRITICAL:strat7:2022-12-25 21:36:51,220:14690: Yes my_avgbuy_price unavailable
CRITICAL:strat7:2022-12-25 21:36:54,177:14690: Yes my_avgbuy_price unavailable
CRITICAL:strat7:2022-12-25 21:36:56,302:14690: Yes my_avgbuy_price unavailable
CRITICAL:strat7:2022-12-25 21:42:16,176:14690: Yes my_avgbuy_price unavailable
CRITICAL:strat7:2022-12-25 21:42:18,198:14690: Yes my_avgbuy_price unavailable
CRITICAL:strat7:2022-12-25 21:42:21,095:14690: Yes my_avgbuy_price unavailable
CRITICAL:strat7:2022-12-25 21:42:23,179:14690: Yes my_avgbuy_price unavailable
CRITICAL:strat7:2022-12-25 22:04:16,031:14691: Yes my_avgbuy_price unavailable
CRITICAL:strat7:2022-12-25 22:04:18,125:14691: Yes my_avgbuy_price unavailable
CRITICAL:strat7:2022-12-25 22:04:21,139:14691: Yes my_avgbuy_price unavailable
CRITICAL:strat7:2022-12-25 22:04:23,237:14691: Yes my_avgbuy_price unavailable
CRITICAL:strat7:2022-12-25 22:15:26,800:14691: Yes my_avgbuy_price unavailable
CRITICAL:strat7:2022-12-25 22:15:29,066:14691: Yes my_avgbuy_price unavailable
CRITICAL:strat7:2022-12-25 22:15:32,888:14691: Yes my_avgbuy_price unavailable
CRITICAL:strat7:2022-12-25 22:15:35,353:14691: Yes my_avgbuy_price unavailable
CRITICAL:strat7:2022-12-25 22:20:57,292:14691: Yes my_avgbuy_price unavailable
CRITICAL:strat7:2022-12-25 22:20:59,356:14691: Yes my_avgbuy_price unavailable
CRITICAL:strat7:2022-12-25 22:21:02,427:14691: Yes my_avgbuy_price unavailable
CRITICAL:strat7:2022-12-25 22:21:04,520:14691: Yes my_avgbuy_price unavailable
CRITICAL:strat7:2022-12-25 22:26:21,069:14691: Yes my_avgbuy_price unavailable
CRITICAL:strat7:2022-12-25 22:26:23,141:14691: Yes my_avgbuy_price unavailable
CRITICAL:strat7:2022-12-25 22:26:26,204:14691: Yes my_avgbuy_price unavailable
CRITICAL:strat7:2022-12-25 22:26:28,359:14691: Yes my_avgbuy_price unavailable
CRITICAL:strat7:2022-12-25 22:31:40,861:14691: Yes my_avgbuy_price unavailable
CRITICAL:strat7:2022-12-25 22:31:42,918:14691: Yes my_avgbuy_price unavailable
CRITICAL:strat7:2022-12-25 22:31:45,882:14691: Yes my_avgbuy_price unavailable
CRITICAL:strat7:2022-12-25 22:31:47,956:14691: Yes my_avgbuy_price unavailable
CRITICAL:strat7:2022-12-25 22:32:18,432:14692: No my_buy_price unavailable
CRITICAL:strat7:2022-12-25 22:32:20,547:14692: No my_buy_price unavailable
CRITICAL:strat7:2022-12-25 22:32:23,474:14692: No my_buy_price unavailable
CRITICAL:strat7:2022-12-25 22:32:25,563:14692: No my_buy_price unavailable
CRITICAL:strat7:2022-12-25 22:36:57,230:14691: Yes my_avgbuy_price unavailable
CRITICAL:strat7:2022-12-25 22:36:59,524:14691: Yes my_avgbuy_price unavailable
CRITICAL:strat7:2022-12-25 22:37:02,708:14691: Yes my_avgbuy_price unavailable
CRITICAL:strat7:2022-12-25 22:37:04,788:14691: Yes my_avgbuy_price unavailable
CRITICAL:strat7:2022-12-25 22:37:37,062:14692: No my_buy_price unavailable
CRITICAL:strat7:2022-12-25 22:37:39,209:14692: No my_buy_price unavailable
CRITICAL:strat7:2022-12-25 22:37:42,230:14692: No my_buy_price unavailable
CRITICAL:strat7:2022-12-25 22:37:44,371:14692: No my_buy_price unavailable
CRITICAL:strat7:2022-12-25 22:42:27,113:14691: Yes my_avgbuy_price unavailable
CRITICAL:strat7:2022-12-25 22:42:29,217:14691: Yes my_avgbuy_price unavailable
CRITICAL:strat7:2022-12-25 22:42:32,177:14691: Yes my_avgbuy_price unavailable
CRITICAL:strat7:2022-12-25 22:42:34,309:14691: Yes my_avgbuy_price unavailable
CRITICAL:strat7:2022-12-25 22:43:06,496:14692: No my_buy_price unavailable
CRITICAL:strat7:2022-12-25 22:43:08,531:14692: No my_buy_price unavailable
CRITICAL:strat7:2022-12-25 22:43:11,565:14692: No my_buy_price unavailable
CRITICAL:strat7:2022-12-25 22:43:13,689:14692: No my_buy_price unavailable
CRITICAL:strat7:2022-12-25 22:47:53,338:14691: Yes my_avgbuy_price unavailable
CRITICAL:strat7:2022-12-25 22:47:55,374:14691: Yes my_avgbuy_price unavailable
CRITICAL:strat7:2022-12-25 22:47:59,994:14691: Yes my_avgbuy_price unavailable
CRITICAL:strat7:2022-12-25 22:48:02,309:14691: Yes my_avgbuy_price unavailable
CRITICAL:strat7:2022-12-25 22:48:34,581:14692: No my_buy_price unavailable
CRITICAL:strat7:2022-12-25 22:48:36,676:14692: No my_buy_price unavailable
CRITICAL:strat7:2022-12-25 22:48:39,776:14692: No my_buy_price unavailable
CRITICAL:strat7:2022-12-25 22:48:41,929:14692: No my_buy_price unavailable
CRITICAL:strat7:2022-12-25 22:54:33,548:14692: No my_buy_price unavailable
CRITICAL:strat7:2022-12-25 22:54:35,690:14692: No my_buy_price unavailable
