INFO:strat7:2022-11-18 16:01:26,540:12230: Initialising event
CRITICAL:strat7:2022-11-18 16:01:53,523:12230: Yes my_avgbuy_price unavailable
WARNING:strat7:2022-11-18 16:01:55,062:12230: last_values_dict empty
INFO:strat7:2022-11-18 16:02:03,657:12231: Initialising event
CRITICAL:strat7:2022-11-18 16:02:15,287:12231: Yes my_avgbuy_price unavailable
WARNING:strat7:2022-11-18 16:02:16,866:12231: last_values_dict empty
INFO:strat7:2022-11-18 16:02:22,987:12232: Initialising event
CRITICAL:strat7:2022-11-18 16:02:34,797:12232: No my_buy_price unavailable
WARNING:strat7:2022-11-18 16:02:36,494:12232: last_values_dict empty
INFO:strat7:2022-11-18 16:02:42,402:12233: Initialising event
CRITICAL:strat7:2022-11-18 16:02:54,975:12233: No my_buy_price unavailable
WARNING:strat7:2022-11-18 16:02:56,552:12233: last_values_dict empty
CRITICAL:strat7:2022-11-18 16:03:13,080:12230: Yes my_avgbuy_price unavailable
CRITICAL:strat7:2022-11-18 16:03:15,465:12230: Yes my_avgbuy_price unavailable
CRITICAL:strat7:2022-11-18 16:03:30,403:12231: Yes my_avgbuy_price unavailable
CRITICAL:strat7:2022-11-18 16:03:33,049:12231: Yes my_avgbuy_price unavailable
CRITICAL:strat7:2022-11-18 16:03:48,867:12232: No my_buy_price unavailable
CRITICAL:strat7:2022-11-18 16:03:51,727:12232: No my_buy_price unavailable
CRITICAL:strat7:2022-11-18 16:04:10,719:12233: No my_buy_price unavailable
CRITICAL:strat7:2022-11-18 16:04:12,841:12233: No my_buy_price unavailable
CRITICAL:strat7:2022-11-18 16:05:30,768:12230: Yes my_avgbuy_price unavailable
CRITICAL:strat7:2022-11-18 16:05:32,789:12230: Yes my_avgbuy_price unavailable
CRITICAL:strat7:2022-11-18 16:05:51,161:12231: Yes my_avgbuy_price unavailable
CRITICAL:strat7:2022-11-18 16:05:53,217:12231: Yes my_avgbuy_price unavailable
CRITICAL:strat7:2022-11-18 16:06:08,870:12232: No my_buy_price unavailable
CRITICAL:strat7:2022-11-18 16:06:11,603:12232: No my_buy_price unavailable
CRITICAL:strat7:2022-11-18 16:06:26,299:12233: No my_buy_price unavailable
CRITICAL:strat7:2022-11-18 16:06:28,978:12233: No my_buy_price unavailable
CRITICAL:strat7:2022-11-18 16:07:45,311:12230: Yes my_avgbuy_price unavailable
CRITICAL:strat7:2022-11-18 16:07:47,625:12230: Yes my_avgbuy_price unavailable
CRITICAL:strat7:2022-11-18 16:08:06,767:12231: Yes my_avgbuy_price unavailable
CRITICAL:strat7:2022-11-18 16:08:08,799:12231: Yes my_avgbuy_price unavailable
CRITICAL:strat7:2022-11-18 16:08:24,762:12232: No my_buy_price unavailable
CRITICAL:strat7:2022-11-18 16:08:27,304:12232: No my_buy_price unavailable
CRITICAL:strat7:2022-11-18 16:08:43,340:12233: No my_buy_price unavailable
CRITICAL:strat7:2022-11-18 16:08:45,851:12233: No my_buy_price unavailable
CRITICAL:strat7:2022-11-18 16:10:02,535:12230: Yes my_avgbuy_price unavailable
CRITICAL:strat7:2022-11-18 16:10:05,396:12230: Yes my_avgbuy_price unavailable
CRITICAL:strat7:2022-11-18 16:10:22,694:12231: Yes my_avgbuy_price unavailable
CRITICAL:strat7:2022-11-18 16:10:25,492:12231: Yes my_avgbuy_price unavailable
CRITICAL:strat7:2022-11-18 16:10:44,793:12232: No my_buy_price unavailable
CRITICAL:strat7:2022-11-18 16:10:46,863:12232: No my_buy_price unavailable
CRITICAL:strat7:2022-11-18 16:11:03,308:12233: No my_buy_price unavailable
CRITICAL:strat7:2022-11-18 16:11:05,813:12233: No my_buy_price unavailable
CRITICAL:strat7:2022-11-18 16:12:22,143:12230: Yes my_avgbuy_price unavailable
CRITICAL:strat7:2022-11-18 16:12:24,721:12230: Yes my_avgbuy_price unavailable
CRITICAL:strat7:2022-11-18 16:12:42,596:12231: No my_buy_price unavailable
CRITICAL:strat7:2022-11-18 16:12:49,797:12231: No my_buy_price unavailable
CRITICAL:strat7:2022-11-18 16:13:04,994:12232: No my_buy_price unavailable
CRITICAL:strat7:2022-11-18 16:13:07,828:12232: No my_buy_price unavailable
CRITICAL:strat7:2022-11-18 16:13:24,838:12233: No my_buy_price unavailable
CRITICAL:strat7:2022-11-18 16:13:27,325:12233: No my_buy_price unavailable
CRITICAL:strat7:2022-11-18 16:14:42,218:12230: Yes my_avgbuy_price unavailable
CRITICAL:strat7:2022-11-18 16:14:44,784:12230: Yes my_avgbuy_price unavailable
CRITICAL:strat7:2022-11-18 16:14:59,027:12231: No my_buy_price unavailable
CRITICAL:strat7:2022-11-18 16:15:03,203:12231: No my_buy_price unavailable
CRITICAL:strat7:2022-11-18 16:15:22,082:12232: No my_buy_price unavailable
CRITICAL:strat7:2022-11-18 16:15:24,368:12232: No my_buy_price unavailable
CRITICAL:strat7:2022-11-18 16:15:40,398:12233: No my_buy_price unavailable
CRITICAL:strat7:2022-11-18 16:15:43,021:12233: No my_buy_price unavailable
CRITICAL:strat7:2022-11-18 16:17:00,622:12230: Yes my_avgbuy_price unavailable
CRITICAL:strat7:2022-11-18 16:17:03,304:12230: Yes my_avgbuy_price unavailable
CRITICAL:strat7:2022-11-18 16:17:20,851:12231: No my_buy_price unavailable
CRITICAL:strat7:2022-11-18 16:17:23,379:12231: No my_buy_price unavailable
CRITICAL:strat7:2022-11-18 16:17:42,686:12232: No my_buy_price unavailable
CRITICAL:strat7:2022-11-18 16:17:44,944:12232: No my_buy_price unavailable
CRITICAL:strat7:2022-11-18 16:18:03,850:12233: No my_buy_price unavailable
CRITICAL:strat7:2022-11-18 16:18:06,619:12233: No my_buy_price unavailable
CRITICAL:strat7:2022-11-18 16:19:23,048:12230: Yes my_avgbuy_price unavailable
CRITICAL:strat7:2022-11-18 16:19:25,678:12230: Yes my_avgbuy_price unavailable
CRITICAL:strat7:2022-11-18 16:19:41,494:12231: No my_buy_price unavailable
CRITICAL:strat7:2022-11-18 16:19:44,469:12231: No my_buy_price unavailable
CRITICAL:strat7:2022-11-18 16:19:59,309:12232: No my_buy_price unavailable
CRITICAL:strat7:2022-11-18 16:20:02,266:12232: No my_buy_price unavailable
CRITICAL:strat7:2022-11-18 16:20:23,878:12233: No my_buy_price unavailable
CRITICAL:strat7:2022-11-18 16:20:25,912:12233: No my_buy_price unavailable
CRITICAL:strat7:2022-11-18 16:21:41,334:12230: Yes my_avgbuy_price unavailable
CRITICAL:strat7:2022-11-18 16:21:44,472:12230: Yes my_avgbuy_price unavailable
CRITICAL:strat7:2022-11-18 16:22:07,532:12231: Yes my_avgbuy_price unavailable
CRITICAL:strat7:2022-11-18 16:22:12,035:12231: Yes my_avgbuy_price unavailable
CRITICAL:strat7:2022-11-18 16:22:26,174:12232: No my_buy_price unavailable
CRITICAL:strat7:2022-11-18 16:22:28,530:12232: No my_buy_price unavailable
CRITICAL:strat7:2022-11-18 16:22:43,023:12233: No my_buy_price unavailable
CRITICAL:strat7:2022-11-18 16:22:45,833:12233: No my_buy_price unavailable
INFO:strat7:2022-11-18 16:24:53,565:12230: Initialising event
CRITICAL:strat7:2022-11-18 16:25:07,334:12230: Yes my_avgbuy_price unavailable
WARNING:strat7:2022-11-18 16:25:08,822:12230: last_values_dict empty
INFO:strat7:2022-11-18 16:25:14,408:12231: Initialising event
WARNING:strat7:2022-11-18 16:25:23,394:12231: last_values_dict empty
INFO:strat7:2022-11-18 16:25:28,924:12232: Initialising event
CRITICAL:strat7:2022-11-18 16:25:40,486:12232: No my_buy_price unavailable
WARNING:strat7:2022-11-18 16:25:41,954:12232: last_values_dict empty
INFO:strat7:2022-11-18 16:25:47,479:12233: Initialising event
CRITICAL:strat7:2022-11-18 16:26:00,237:12233: No my_buy_price unavailable
WARNING:strat7:2022-11-18 16:26:01,764:12233: last_values_dict empty
CRITICAL:strat7:2022-11-18 16:26:14,716:12230: Yes my_avgbuy_price unavailable
CRITICAL:strat7:2022-11-18 16:26:17,255:12230: Yes my_avgbuy_price unavailable
CRITICAL:strat7:2022-11-18 16:26:51,399:12232: No my_buy_price unavailable
CRITICAL:strat7:2022-11-18 16:26:53,843:12232: No my_buy_price unavailable
CRITICAL:strat7:2022-11-18 16:27:13,881:12233: No my_buy_price unavailable
CRITICAL:strat7:2022-11-18 16:27:17,400:12233: No my_buy_price unavailable
CRITICAL:strat7:2022-11-18 16:28:34,000:12230: Yes my_avgbuy_price unavailable
CRITICAL:strat7:2022-11-18 16:28:36,897:12230: Yes my_avgbuy_price unavailable
CRITICAL:strat7:2022-11-18 16:29:09,843:12232: No my_buy_price unavailable
CRITICAL:strat7:2022-11-18 16:29:11,915:12232: No my_buy_price unavailable
CRITICAL:strat7:2022-11-18 16:29:27,362:12233: No my_buy_price unavailable
CRITICAL:strat7:2022-11-18 16:29:29,893:12233: No my_buy_price unavailable
CRITICAL:strat7:2022-11-18 16:30:43,806:12230: Yes my_avgbuy_price unavailable
CRITICAL:strat7:2022-11-18 16:30:46,161:12230: Yes my_avgbuy_price unavailable
CRITICAL:strat7:2022-11-18 16:31:11,840:12232: No my_buy_price unavailable
CRITICAL:strat7:2022-11-18 16:31:14,161:12232: No my_buy_price unavailable
CRITICAL:strat7:2022-11-18 16:31:27,863:12233: No my_buy_price unavailable
CRITICAL:strat7:2022-11-18 16:31:30,189:12233: No my_buy_price unavailable
CRITICAL:strat7:2022-11-18 16:32:43,388:12230: Yes my_avgbuy_price unavailable
CRITICAL:strat7:2022-11-18 16:32:45,695:12230: Yes my_avgbuy_price unavailable
CRITICAL:strat7:2022-11-18 16:33:00,733:12231: Yes my_avgbuy_price unavailable
CRITICAL:strat7:2022-11-18 16:33:02,630:12231: Yes my_avgbuy_price unavailable
CRITICAL:strat7:2022-11-18 16:33:30,651:12233: No my_buy_price unavailable
CRITICAL:strat7:2022-11-18 16:33:32,965:12233: No my_buy_price unavailable
CRITICAL:strat7:2022-11-18 16:34:47,219:12230: Yes my_avgbuy_price unavailable
CRITICAL:strat7:2022-11-18 16:34:49,627:12230: Yes my_avgbuy_price unavailable
CRITICAL:strat7:2022-11-18 16:35:37,120:12233: No my_buy_price unavailable
CRITICAL:strat7:2022-11-18 16:35:39,461:12233: No my_buy_price unavailable
CRITICAL:strat7:2022-11-18 16:36:53,512:12230: Yes my_avgbuy_price unavailable
CRITICAL:strat7:2022-11-18 16:36:55,903:12230: Yes my_avgbuy_price unavailable
CRITICAL:strat7:2022-11-18 16:37:12,142:12231: No my_buy_price unavailable
CRITICAL:strat7:2022-11-18 16:37:15,433:12231: No my_buy_price unavailable
CRITICAL:strat7:2022-11-18 16:37:45,014:12233: No my_buy_price unavailable
CRITICAL:strat7:2022-11-18 16:37:47,371:12233: No my_buy_price unavailable
CRITICAL:strat7:2022-11-18 16:39:01,127:12230: Yes my_avgbuy_price unavailable
CRITICAL:strat7:2022-11-18 16:39:03,494:12230: Yes my_avgbuy_price unavailable
CRITICAL:strat7:2022-11-18 16:40:59,911:12230: Yes my_avgbuy_price unavailable
CRITICAL:strat7:2022-11-18 16:41:02,372:12230: Yes my_avgbuy_price unavailable
CRITICAL:strat7:2022-11-18 16:41:39,801:12233: No my_buy_price unavailable
CRITICAL:strat7:2022-11-18 16:41:42,179:12233: No my_buy_price unavailable
CRITICAL:strat7:2022-11-18 16:42:56,432:12230: Yes my_avgbuy_price unavailable
CRITICAL:strat7:2022-11-18 16:42:58,793:12230: Yes my_avgbuy_price unavailable
CRITICAL:strat7:2022-11-18 16:43:36,672:12233: No my_buy_price unavailable
CRITICAL:strat7:2022-11-18 16:43:39,089:12233: No my_buy_price unavailable
CRITICAL:strat7:2022-11-18 16:44:52,682:12230: Yes my_avgbuy_price unavailable
CRITICAL:strat7:2022-11-18 16:44:55,029:12230: Yes my_avgbuy_price unavailable
CRITICAL:strat7:2022-11-18 16:45:36,269:12233: No my_buy_price unavailable
CRITICAL:strat7:2022-11-18 16:45:38,657:12233: No my_buy_price unavailable
CRITICAL:strat7:2022-11-18 16:46:53,551:12230: Yes my_avgbuy_price unavailable
CRITICAL:strat7:2022-11-18 16:46:55,501:12230: Yes my_avgbuy_price unavailable
CRITICAL:strat7:2022-11-18 16:47:13,542:12231: No my_buy_price unavailable
CRITICAL:strat7:2022-11-18 16:47:15,440:12231: No my_buy_price unavailable
CRITICAL:strat7:2022-11-18 16:47:41,688:12233: No my_buy_price unavailable
CRITICAL:strat7:2022-11-18 16:47:44,082:12233: No my_buy_price unavailable
CRITICAL:strat7:2022-11-18 16:48:56,902:12230: Yes my_avgbuy_price unavailable
CRITICAL:strat7:2022-11-18 16:48:58,787:12230: Yes my_avgbuy_price unavailable
CRITICAL:strat7:2022-11-18 16:49:14,122:12231: Yes my_avgbuy_price unavailable
CRITICAL:strat7:2022-11-18 16:49:18,330:12231: Yes my_avgbuy_price unavailable
CRITICAL:strat7:2022-11-18 16:49:46,787:12233: No my_buy_price unavailable
CRITICAL:strat7:2022-11-18 16:49:49,102:12233: No my_buy_price unavailable
CRITICAL:strat7:2022-11-18 16:51:05,711:12230: Yes my_avgbuy_price unavailable
CRITICAL:strat7:2022-11-18 16:51:07,594:12230: Yes my_avgbuy_price unavailable
CRITICAL:strat7:2022-11-18 16:51:54,445:12233: No my_buy_price unavailable
CRITICAL:strat7:2022-11-18 16:51:56,328:12233: No my_buy_price unavailable
CRITICAL:strat7:2022-11-18 16:53:13,205:12230: Yes my_avgbuy_price unavailable
CRITICAL:strat7:2022-11-18 16:53:15,115:12230: Yes my_avgbuy_price unavailable
CRITICAL:strat7:2022-11-18 16:53:30,490:12231: Yes my_avgbuy_price unavailable
CRITICAL:strat7:2022-11-18 16:53:32,524:12231: Yes my_avgbuy_price unavailable
CRITICAL:strat7:2022-11-18 16:54:03,974:12233: No my_buy_price unavailable
CRITICAL:strat7:2022-11-18 16:54:06,002:12233: No my_buy_price unavailable
CRITICAL:strat7:2022-11-18 16:55:24,951:12230: Yes my_avgbuy_price unavailable
CRITICAL:strat7:2022-11-18 16:55:40,303:12231: Yes my_avgbuy_price unavailable
CRITICAL:strat7:2022-11-18 16:55:42,757:12231: Yes my_avgbuy_price unavailable
CRITICAL:strat7:2022-11-18 16:56:10,999:12233: No my_buy_price unavailable
CRITICAL:strat7:2022-11-18 16:56:12,954:12233: No my_buy_price unavailable
CRITICAL:strat7:2022-11-18 16:57:42,086:12231: Yes my_avgbuy_price unavailable
CRITICAL:strat7:2022-11-18 16:57:44,428:12231: Yes my_avgbuy_price unavailable
CRITICAL:strat7:2022-11-18 16:59:44,263:12231: Yes my_avgbuy_price unavailable
CRITICAL:strat7:2022-11-18 16:59:46,666:12231: Yes my_avgbuy_price unavailable
CRITICAL:strat7:2022-11-18 17:00:03,832:12232: No my_buy_price unavailable
CRITICAL:strat7:2022-11-18 17:00:05,776:12232: No my_buy_price unavailable
CRITICAL:strat7:2022-11-18 17:01:49,830:12231: Yes my_avgbuy_price unavailable
CRITICAL:strat7:2022-11-18 17:01:52,152:12231: Yes my_avgbuy_price unavailable
CRITICAL:strat7:2022-11-18 17:02:05,262:12232: No my_buy_price unavailable
CRITICAL:strat7:2022-11-18 17:02:07,635:12232: No my_buy_price unavailable
CRITICAL:strat7:2022-11-18 17:03:45,701:12231: Yes my_avgbuy_price unavailable
CRITICAL:strat7:2022-11-18 17:03:48,027:12231: Yes my_avgbuy_price unavailable
CRITICAL:strat7:2022-11-18 17:04:01,985:12232: No my_buy_price unavailable
CRITICAL:strat7:2022-11-18 17:04:04,318:12232: No my_buy_price unavailable
CRITICAL:strat7:2022-11-18 17:05:48,633:12231: No my_buy_price unavailable
CRITICAL:strat7:2022-11-18 17:05:51,825:12231: No my_buy_price unavailable
CRITICAL:strat7:2022-11-18 17:09:40,715:12231: Yes my_avgbuy_price unavailable
CRITICAL:strat7:2022-11-18 17:09:42,629:12231: Yes my_avgbuy_price unavailable
CRITICAL:strat7:2022-11-18 17:11:39,350:12231: No my_buy_price unavailable
CRITICAL:strat7:2022-11-18 17:11:44,875:12231: No my_buy_price unavailable
CRITICAL:strat7:2022-11-18 17:14:10,084:12233: No my_buy_price unavailable
CRITICAL:strat7:2022-11-18 17:14:12,429:12233: No my_buy_price unavailable
CRITICAL:strat7:2022-11-18 17:15:41,379:12231: Yes my_avgbuy_price unavailable
CRITICAL:strat7:2022-11-18 17:15:43,316:12231: Yes my_avgbuy_price unavailable
CRITICAL:strat7:2022-11-18 17:16:10,492:12233: No my_buy_price unavailable
CRITICAL:strat7:2022-11-18 17:16:13,120:12233: No my_buy_price unavailable
CRITICAL:strat7:2022-11-18 17:17:44,185:12231: No my_buy_price unavailable
CRITICAL:strat7:2022-11-18 17:17:47,420:12231: No my_buy_price unavailable
CRITICAL:strat7:2022-11-18 17:18:13,433:12233: No my_buy_price unavailable
CRITICAL:strat7:2022-11-18 17:18:15,865:12233: No my_buy_price unavailable
CRITICAL:strat7:2022-11-18 17:19:41,483:12231: No my_buy_price unavailable
CRITICAL:strat7:2022-11-18 17:19:43,858:12231: No my_buy_price unavailable
CRITICAL:strat7:2022-11-18 17:20:10,347:12233: No my_buy_price unavailable
CRITICAL:strat7:2022-11-18 17:20:12,758:12233: No my_buy_price unavailable
CRITICAL:strat7:2022-11-18 17:22:16,168:12233: No my_buy_price unavailable
CRITICAL:strat7:2022-11-18 17:22:18,117:12233: No my_buy_price unavailable
CRITICAL:strat7:2022-11-18 17:24:17,944:12233: No my_buy_price unavailable
CRITICAL:strat7:2022-11-18 17:24:20,322:12233: No my_buy_price unavailable
CRITICAL:strat7:2022-11-18 17:26:24,087:12233: No my_buy_price unavailable
CRITICAL:strat7:2022-11-18 17:26:26,506:12233: No my_buy_price unavailable
CRITICAL:strat7:2022-11-18 17:28:29,029:12233: No my_buy_price unavailable
CRITICAL:strat7:2022-11-18 17:28:31,434:12233: No my_buy_price unavailable
CRITICAL:strat7:2022-11-18 17:29:58,687:12231: Yes my_avgbuy_price unavailable
CRITICAL:strat7:2022-11-18 17:30:04,245:12231: Yes my_avgbuy_price unavailable
CRITICAL:strat7:2022-11-18 17:32:05,898:12231: Yes my_avgbuy_price unavailable
CRITICAL:strat7:2022-11-18 17:32:07,838:12231: Yes my_avgbuy_price unavailable
CRITICAL:strat7:2022-11-18 17:34:04,620:12231: Yes my_avgbuy_price unavailable
CRITICAL:strat7:2022-11-18 17:34:06,527:12231: Yes my_avgbuy_price unavailable
CRITICAL:strat7:2022-11-18 17:34:24,161:12232: No my_buy_price unavailable
CRITICAL:strat7:2022-11-18 17:34:26,099:12232: No my_buy_price unavailable
CRITICAL:strat7:2022-11-18 17:36:13,561:12231: Yes my_avgbuy_price unavailable
CRITICAL:strat7:2022-11-18 17:36:15,835:12231: Yes my_avgbuy_price unavailable
CRITICAL:strat7:2022-11-18 17:36:29,555:12232: No my_buy_price unavailable
CRITICAL:strat7:2022-11-18 17:36:31,475:12232: No my_buy_price unavailable
CRITICAL:strat7:2022-11-18 17:38:15,673:12231: Yes my_avgbuy_price unavailable
CRITICAL:strat7:2022-11-18 17:38:17,637:12231: Yes my_avgbuy_price unavailable
CRITICAL:strat7:2022-11-18 17:38:31,023:12232: No my_buy_price unavailable
CRITICAL:strat7:2022-11-18 17:38:32,932:12232: No my_buy_price unavailable
CRITICAL:strat7:2022-11-18 17:40:41,236:12232: No my_buy_price unavailable
CRITICAL:strat7:2022-11-18 17:40:43,215:12232: No my_buy_price unavailable
CRITICAL:strat7:2022-11-18 17:42:12,613:12230: Yes my_avgbuy_price unavailable
CRITICAL:strat7:2022-11-18 17:42:14,547:12230: Yes my_avgbuy_price unavailable
CRITICAL:strat7:2022-11-18 17:42:45,070:12232: No my_buy_price unavailable
CRITICAL:strat7:2022-11-18 17:42:47,019:12232: No my_buy_price unavailable
CRITICAL:strat7:2022-11-18 17:44:20,861:12230: Yes my_avgbuy_price unavailable
CRITICAL:strat7:2022-11-18 17:44:22,840:12230: Yes my_avgbuy_price unavailable
CRITICAL:strat7:2022-11-18 17:44:57,475:12232: No my_buy_price unavailable
CRITICAL:strat7:2022-11-18 17:44:59,758:12232: No my_buy_price unavailable
CRITICAL:strat7:2022-11-18 17:46:33,017:12230: Yes my_avgbuy_price unavailable
CRITICAL:strat7:2022-11-18 17:46:34,863:12230: Yes my_avgbuy_price unavailable
CRITICAL:strat7:2022-11-18 17:47:04,523:12232: No my_buy_price unavailable
CRITICAL:strat7:2022-11-18 17:47:06,368:12232: No my_buy_price unavailable
CRITICAL:strat7:2022-11-18 17:48:31,336:12230: Yes my_avgbuy_price unavailable
CRITICAL:strat7:2022-11-18 17:48:33,205:12230: Yes my_avgbuy_price unavailable
CRITICAL:strat7:2022-11-18 17:48:56,892:12232: No my_buy_price unavailable
CRITICAL:strat7:2022-11-18 17:48:58,712:12232: No my_buy_price unavailable
CRITICAL:strat7:2022-11-18 17:50:24,115:12230: Yes my_avgbuy_price unavailable
CRITICAL:strat7:2022-11-18 17:50:25,922:12230: Yes my_avgbuy_price unavailable
CRITICAL:strat7:2022-11-18 17:52:31,727:12230: Yes my_avgbuy_price unavailable
CRITICAL:strat7:2022-11-18 17:52:33,614:12230: Yes my_avgbuy_price unavailable
CRITICAL:strat7:2022-11-18 17:54:34,006:12230: Yes my_avgbuy_price unavailable
CRITICAL:strat7:2022-11-18 17:54:36,323:12230: Yes my_avgbuy_price unavailable
CRITICAL:strat7:2022-11-18 17:54:53,002:12231: Yes my_avgbuy_price unavailable
CRITICAL:strat7:2022-11-18 17:54:55,745:12231: Yes my_avgbuy_price unavailable
CRITICAL:strat7:2022-11-18 17:55:13,321:12232: No my_buy_price unavailable
CRITICAL:strat7:2022-11-18 17:55:15,740:12232: No my_buy_price unavailable
CRITICAL:strat7:2022-11-18 17:56:41,488:12230: Yes my_avgbuy_price unavailable
CRITICAL:strat7:2022-11-18 17:56:43,742:12230: Yes my_avgbuy_price unavailable
CRITICAL:strat7:2022-11-18 17:56:56,980:12231: Yes my_avgbuy_price unavailable
CRITICAL:strat7:2022-11-18 17:57:10,087:12232: No my_buy_price unavailable
CRITICAL:strat7:2022-11-18 17:57:12,361:12232: No my_buy_price unavailable
CRITICAL:strat7:2022-11-18 17:58:55,643:12231: Yes my_avgbuy_price unavailable
CRITICAL:strat7:2022-11-18 17:59:11,891:12232: No my_buy_price unavailable
CRITICAL:strat7:2022-11-18 17:59:13,655:12232: No my_buy_price unavailable
CRITICAL:strat7:2022-11-18 18:00:59,821:12231: Yes my_avgbuy_price unavailable
CRITICAL:strat7:2022-11-18 18:01:02,131:12231: Yes my_avgbuy_price unavailable
CRITICAL:strat7:2022-11-18 18:01:15,137:12232: No my_buy_price unavailable
CRITICAL:strat7:2022-11-18 18:01:16,929:12232: No my_buy_price unavailable
CRITICAL:strat7:2022-11-18 18:03:16,431:12232: No my_buy_price unavailable
CRITICAL:strat7:2022-11-18 18:03:18,298:12232: No my_buy_price unavailable
CRITICAL:strat7:2022-11-18 18:07:11,925:12232: No my_buy_price unavailable
CRITICAL:strat7:2022-11-18 18:07:13,776:12232: No my_buy_price unavailable
CRITICAL:strat7:2022-11-18 18:09:12,778:12232: No my_buy_price unavailable
CRITICAL:strat7:2022-11-18 18:09:14,619:12232: No my_buy_price unavailable
CRITICAL:strat7:2022-11-18 18:11:03,515:12232: No my_buy_price unavailable
CRITICAL:strat7:2022-11-18 18:11:05,379:12232: No my_buy_price unavailable
CRITICAL:strat7:2022-11-18 18:12:59,281:12232: No my_buy_price unavailable
CRITICAL:strat7:2022-11-18 18:13:01,083:12232: No my_buy_price unavailable
CRITICAL:strat7:2022-11-18 18:15:01,873:12232: No my_buy_price unavailable
CRITICAL:strat7:2022-11-18 18:15:03,708:12232: No my_buy_price unavailable
CRITICAL:strat7:2022-11-18 18:16:54,697:12232: No my_buy_price unavailable
CRITICAL:strat7:2022-11-18 18:16:56,508:12232: No my_buy_price unavailable
CRITICAL:strat7:2022-11-18 18:18:52,827:12232: No my_buy_price unavailable
CRITICAL:strat7:2022-11-18 18:18:54,590:12232: No my_buy_price unavailable
CRITICAL:strat7:2022-11-18 18:20:48,577:12232: No my_buy_price unavailable
CRITICAL:strat7:2022-11-18 18:20:50,389:12232: No my_buy_price unavailable
CRITICAL:strat7:2022-11-18 18:22:18,101:12230: Yes my_avgbuy_price unavailable
CRITICAL:strat7:2022-11-18 18:22:19,408:12230: Yes my_avgbuy_price unavailable
CRITICAL:strat7:2022-11-18 18:22:49,626:12232: No my_buy_price unavailable
CRITICAL:strat7:2022-11-18 18:22:51,497:12232: No my_buy_price unavailable
CRITICAL:strat7:2022-11-18 18:24:21,013:12230: Yes my_avgbuy_price unavailable
CRITICAL:strat7:2022-11-18 18:24:22,317:12230: Yes my_avgbuy_price unavailable
CRITICAL:strat7:2022-11-18 18:26:31,454:12230: Yes my_avgbuy_price unavailable
CRITICAL:strat7:2022-11-18 18:26:32,748:12230: Yes my_avgbuy_price unavailable
CRITICAL:strat7:2022-11-18 18:27:26,215:12233: No my_buy_price unavailable
CRITICAL:strat7:2022-11-18 18:27:28,054:12233: No my_buy_price unavailable
CRITICAL:strat7:2022-11-18 18:28:40,404:12230: Yes my_avgbuy_price unavailable
CRITICAL:strat7:2022-11-18 18:28:41,701:12230: Yes my_avgbuy_price unavailable
CRITICAL:strat7:2022-11-18 18:29:22,247:12233: No my_buy_price unavailable
CRITICAL:strat7:2022-11-18 18:29:24,096:12233: No my_buy_price unavailable
CRITICAL:strat7:2022-11-18 18:30:37,087:12230: Yes my_avgbuy_price unavailable
CRITICAL:strat7:2022-11-18 18:30:38,404:12230: Yes my_avgbuy_price unavailable
CRITICAL:strat7:2022-11-18 18:31:22,665:12233: No my_buy_price unavailable
CRITICAL:strat7:2022-11-18 18:31:24,489:12233: No my_buy_price unavailable
CRITICAL:strat7:2022-11-18 18:32:38,724:12230: Yes my_avgbuy_price unavailable
CRITICAL:strat7:2022-11-18 18:32:40,083:12230: Yes my_avgbuy_price unavailable
CRITICAL:strat7:2022-11-18 18:32:57,142:12231: Yes my_avgbuy_price unavailable
CRITICAL:strat7:2022-11-18 18:32:58,982:12231: Yes my_avgbuy_price unavailable
CRITICAL:strat7:2022-11-18 18:34:46,149:12230: Yes my_avgbuy_price unavailable
CRITICAL:strat7:2022-11-18 18:34:47,541:12230: Yes my_avgbuy_price unavailable
CRITICAL:strat7:2022-11-18 18:36:51,670:12230: Yes my_avgbuy_price unavailable
CRITICAL:strat7:2022-11-18 18:36:52,966:12230: Yes my_avgbuy_price unavailable
CRITICAL:strat7:2022-11-18 18:38:53,314:12230: Yes my_avgbuy_price unavailable
CRITICAL:strat7:2022-11-18 18:39:10,653:12231: Yes my_avgbuy_price unavailable
CRITICAL:strat7:2022-11-18 18:39:12,479:12231: Yes my_avgbuy_price unavailable
CRITICAL:strat7:2022-11-18 18:40:53,046:12230: Yes my_avgbuy_price unavailable
CRITICAL:strat7:2022-11-18 18:41:06,653:12231: Yes my_avgbuy_price unavailable
CRITICAL:strat7:2022-11-18 18:41:08,920:12231: Yes my_avgbuy_price unavailable
CRITICAL:strat7:2022-11-18 18:42:49,644:12230: Yes my_avgbuy_price unavailable
CRITICAL:strat7:2022-11-18 18:43:02,634:12231: Yes my_avgbuy_price unavailable
CRITICAL:strat7:2022-11-18 18:44:43,560:12230: Yes my_avgbuy_price unavailable
CRITICAL:strat7:2022-11-18 18:44:58,505:12231: Yes my_avgbuy_price unavailable
CRITICAL:strat7:2022-11-18 18:45:00,828:12231: Yes my_avgbuy_price unavailable
CRITICAL:strat7:2022-11-18 18:46:41,090:12230: Yes my_avgbuy_price unavailable
CRITICAL:strat7:2022-11-18 18:46:56,876:12231: Yes my_avgbuy_price unavailable
CRITICAL:strat7:2022-11-18 18:46:58,655:12231: Yes my_avgbuy_price unavailable
CRITICAL:strat7:2022-11-18 18:48:39,683:12230: Yes my_avgbuy_price unavailable
CRITICAL:strat7:2022-11-18 18:48:41,028:12230: Yes my_avgbuy_price unavailable
CRITICAL:strat7:2022-11-18 18:48:57,299:12231: Yes my_avgbuy_price unavailable
CRITICAL:strat7:2022-11-18 18:48:59,134:12231: Yes my_avgbuy_price unavailable
CRITICAL:strat7:2022-11-18 18:50:41,835:12230: Yes my_avgbuy_price unavailable
CRITICAL:strat7:2022-11-18 18:50:43,170:12230: Yes my_avgbuy_price unavailable
CRITICAL:strat7:2022-11-18 18:50:56,356:12231: Yes my_avgbuy_price unavailable
CRITICAL:strat7:2022-11-18 18:50:58,169:12231: Yes my_avgbuy_price unavailable
CRITICAL:strat7:2022-11-18 18:52:39,431:12230: Yes my_avgbuy_price unavailable
CRITICAL:strat7:2022-11-18 18:52:40,769:12230: Yes my_avgbuy_price unavailable
CRITICAL:strat7:2022-11-18 18:52:53,219:12231: Yes my_avgbuy_price unavailable
CRITICAL:strat7:2022-11-18 18:52:55,023:12231: Yes my_avgbuy_price unavailable
CRITICAL:strat7:2022-11-18 18:54:35,192:12230: Yes my_avgbuy_price unavailable
CRITICAL:strat7:2022-11-18 18:54:36,532:12230: Yes my_avgbuy_price unavailable
CRITICAL:strat7:2022-11-18 18:54:52,803:12231: Yes my_avgbuy_price unavailable
CRITICAL:strat7:2022-11-18 18:54:54,617:12231: Yes my_avgbuy_price unavailable
CRITICAL:strat7:2022-11-18 18:56:37,595:12230: Yes my_avgbuy_price unavailable
CRITICAL:strat7:2022-11-18 18:56:38,974:12230: Yes my_avgbuy_price unavailable
CRITICAL:strat7:2022-11-18 18:56:52,324:12231: Yes my_avgbuy_price unavailable
CRITICAL:strat7:2022-11-18 18:56:54,646:12231: Yes my_avgbuy_price unavailable
CRITICAL:strat7:2022-11-18 18:58:37,161:12230: Yes my_avgbuy_price unavailable
CRITICAL:strat7:2022-11-18 18:58:38,498:12230: Yes my_avgbuy_price unavailable
CRITICAL:strat7:2022-11-18 18:58:51,663:12231: Yes my_avgbuy_price unavailable
CRITICAL:strat7:2022-11-18 18:58:53,459:12231: Yes my_avgbuy_price unavailable
CRITICAL:strat7:2022-11-18 19:00:31,490:12230: Yes my_avgbuy_price unavailable
CRITICAL:strat7:2022-11-18 19:00:32,840:12230: Yes my_avgbuy_price unavailable
CRITICAL:strat7:2022-11-18 19:00:45,557:12231: Yes my_avgbuy_price unavailable
CRITICAL:strat7:2022-11-18 19:00:47,354:12231: Yes my_avgbuy_price unavailable
CRITICAL:strat7:2022-11-18 19:02:24,691:12230: Yes my_avgbuy_price unavailable
CRITICAL:strat7:2022-11-18 19:02:26,005:12230: Yes my_avgbuy_price unavailable
CRITICAL:strat7:2022-11-18 19:02:40,013:12231: Yes my_avgbuy_price unavailable
CRITICAL:strat7:2022-11-18 19:02:41,875:12231: Yes my_avgbuy_price unavailable
CRITICAL:strat7:2022-11-18 19:04:27,340:12230: Yes my_avgbuy_price unavailable
CRITICAL:strat7:2022-11-18 19:04:28,700:12230: Yes my_avgbuy_price unavailable
CRITICAL:strat7:2022-11-18 19:06:31,826:12230: Yes my_avgbuy_price unavailable
CRITICAL:strat7:2022-11-18 19:06:33,152:12230: Yes my_avgbuy_price unavailable
CRITICAL:strat7:2022-11-18 19:08:33,216:12230: Yes my_avgbuy_price unavailable
CRITICAL:strat7:2022-11-18 19:08:34,528:12230: Yes my_avgbuy_price unavailable
CRITICAL:strat7:2022-11-18 19:10:29,326:12230: Yes my_avgbuy_price unavailable
CRITICAL:strat7:2022-11-18 19:10:30,651:12230: Yes my_avgbuy_price unavailable
CRITICAL:strat7:2022-11-18 19:12:35,062:12230: Yes my_avgbuy_price unavailable
CRITICAL:strat7:2022-11-18 19:12:36,937:12230: Yes my_avgbuy_price unavailable
CRITICAL:strat7:2022-11-18 19:14:31,549:12230: Yes my_avgbuy_price unavailable
CRITICAL:strat7:2022-11-18 19:36:45,269:12230: Yes my_avgbuy_price unavailable
CRITICAL:strat7:2022-11-18 19:37:11,386:12232: No my_buy_price unavailable
CRITICAL:strat7:2022-11-18 19:37:13,617:12232: No my_buy_price unavailable
CRITICAL:strat7:2022-11-18 19:38:49,659:12230: Yes my_avgbuy_price unavailable
CRITICAL:strat7:2022-11-18 19:38:51,365:12230: Yes my_avgbuy_price unavailable
CRITICAL:strat7:2022-11-18 19:40:55,824:12230: Yes my_avgbuy_price unavailable
CRITICAL:strat7:2022-11-18 19:40:57,453:12230: Yes my_avgbuy_price unavailable
CRITICAL:strat7:2022-11-18 19:41:30,729:12232: No my_buy_price unavailable
CRITICAL:strat7:2022-11-18 19:41:33,028:12232: No my_buy_price unavailable
CRITICAL:strat7:2022-11-18 19:41:50,194:12233: No my_buy_price unavailable
CRITICAL:strat7:2022-11-18 19:41:52,423:12233: No my_buy_price unavailable
CRITICAL:strat7:2022-11-18 19:43:06,576:12230: Yes my_avgbuy_price unavailable
CRITICAL:strat7:2022-11-18 19:43:08,223:12230: Yes my_avgbuy_price unavailable
CRITICAL:strat7:2022-11-18 19:43:37,653:12232: No my_buy_price unavailable
CRITICAL:strat7:2022-11-18 19:43:40,425:12232: No my_buy_price unavailable
CRITICAL:strat7:2022-11-18 19:43:59,854:12233: No my_buy_price unavailable
CRITICAL:strat7:2022-11-18 19:44:02,285:12233: No my_buy_price unavailable
CRITICAL:strat7:2022-11-18 19:45:15,680:12230: Yes my_avgbuy_price unavailable
CRITICAL:strat7:2022-11-18 19:45:17,456:12230: Yes my_avgbuy_price unavailable
CRITICAL:strat7:2022-11-18 19:45:45,260:12232: No my_buy_price unavailable
CRITICAL:strat7:2022-11-18 19:45:47,984:12232: No my_buy_price unavailable
CRITICAL:strat7:2022-11-18 19:46:01,585:12233: No my_buy_price unavailable
CRITICAL:strat7:2022-11-18 19:46:03,771:12233: No my_buy_price unavailable
CRITICAL:strat7:2022-11-18 19:47:16,811:12230: Yes my_avgbuy_price unavailable
CRITICAL:strat7:2022-11-18 19:47:18,476:12230: Yes my_avgbuy_price unavailable
CRITICAL:strat7:2022-11-18 19:47:46,357:12232: No my_buy_price unavailable
CRITICAL:strat7:2022-11-18 19:47:49,039:12232: No my_buy_price unavailable
CRITICAL:strat7:2022-11-18 19:49:23,245:12230: Yes my_avgbuy_price unavailable
CRITICAL:strat7:2022-11-18 19:49:24,955:12230: Yes my_avgbuy_price unavailable
CRITICAL:strat7:2022-11-18 19:50:03,394:12232: No my_buy_price unavailable
CRITICAL:strat7:2022-11-18 19:50:05,661:12232: No my_buy_price unavailable
CRITICAL:strat7:2022-11-18 19:51:37,087:12230: Yes my_avgbuy_price unavailable
CRITICAL:strat7:2022-11-18 19:51:38,743:12230: Yes my_avgbuy_price unavailable
CRITICAL:strat7:2022-11-18 19:52:09,698:12232: No my_buy_price unavailable
CRITICAL:strat7:2022-11-18 19:52:12,465:12232: No my_buy_price unavailable
CRITICAL:strat7:2022-11-18 19:53:42,855:12230: Yes my_avgbuy_price unavailable
CRITICAL:strat7:2022-11-18 19:53:44,541:12230: Yes my_avgbuy_price unavailable
CRITICAL:strat7:2022-11-18 19:54:15,435:12232: No my_buy_price unavailable
CRITICAL:strat7:2022-11-18 19:54:18,158:12232: No my_buy_price unavailable
CRITICAL:strat7:2022-11-18 19:55:49,384:12230: Yes my_avgbuy_price unavailable
CRITICAL:strat7:2022-11-18 19:55:51,024:12230: Yes my_avgbuy_price unavailable
CRITICAL:strat7:2022-11-18 19:56:24,230:12232: Yes my_avgbuy_price unavailable
CRITICAL:strat7:2022-11-18 19:56:27,949:12232: Yes my_avgbuy_price unavailable
CRITICAL:strat7:2022-11-18 19:57:59,448:12230: Yes my_avgbuy_price unavailable
CRITICAL:strat7:2022-11-18 19:58:01,116:12230: Yes my_avgbuy_price unavailable
CRITICAL:strat7:2022-11-18 19:58:17,458:12231: Yes my_avgbuy_price unavailable
CRITICAL:strat7:2022-11-18 19:58:20,973:12231: Yes my_avgbuy_price unavailable
CRITICAL:strat7:2022-11-18 20:00:07,533:12230: Yes my_avgbuy_price unavailable
CRITICAL:strat7:2022-11-18 20:00:09,142:12230: Yes my_avgbuy_price unavailable
CRITICAL:strat7:2022-11-18 20:00:26,871:12231: Yes my_avgbuy_price unavailable
CRITICAL:strat7:2022-11-18 20:00:28,984:12231: Yes my_avgbuy_price unavailable
CRITICAL:strat7:2022-11-18 20:00:59,096:12233: No my_buy_price unavailable
CRITICAL:strat7:2022-11-18 20:01:01,336:12233: No my_buy_price unavailable
CRITICAL:strat7:2022-11-18 20:02:14,304:12230: Yes my_avgbuy_price unavailable
CRITICAL:strat7:2022-11-18 20:02:16,018:12230: Yes my_avgbuy_price unavailable
CRITICAL:strat7:2022-11-18 20:02:31,922:12231: No my_buy_price unavailable
CRITICAL:strat7:2022-11-18 20:02:35,505:12231: No my_buy_price unavailable
CRITICAL:strat7:2022-11-18 20:04:22,190:12230: Yes my_avgbuy_price unavailable
CRITICAL:strat7:2022-11-18 20:04:23,874:12230: Yes my_avgbuy_price unavailable
CRITICAL:strat7:2022-11-18 20:04:38,391:12231: No my_buy_price unavailable
CRITICAL:strat7:2022-11-18 20:04:41,085:12231: No my_buy_price unavailable
CRITICAL:strat7:2022-11-18 20:04:57,700:12232: No my_buy_price unavailable
CRITICAL:strat7:2022-11-18 20:05:01,752:12232: No my_buy_price unavailable
CRITICAL:strat7:2022-11-18 20:06:32,344:12230: Yes my_avgbuy_price unavailable
CRITICAL:strat7:2022-11-18 20:06:33,989:12230: Yes my_avgbuy_price unavailable
CRITICAL:strat7:2022-11-18 20:06:51,088:12231: No my_buy_price unavailable
CRITICAL:strat7:2022-11-18 20:06:53,312:12231: No my_buy_price unavailable
CRITICAL:strat7:2022-11-18 20:07:11,343:12232: No my_buy_price unavailable
CRITICAL:strat7:2022-11-18 20:07:14,076:12232: No my_buy_price unavailable
CRITICAL:strat7:2022-11-18 20:08:44,902:12230: Yes my_avgbuy_price unavailable
CRITICAL:strat7:2022-11-18 20:08:46,513:12230: Yes my_avgbuy_price unavailable
CRITICAL:strat7:2022-11-18 20:09:00,600:12231: No my_buy_price unavailable
CRITICAL:strat7:2022-11-18 20:10:43,703:12230: Yes my_avgbuy_price unavailable
CRITICAL:strat7:2022-11-18 20:10:45,363:12230: Yes my_avgbuy_price unavailable
CRITICAL:strat7:2022-11-18 20:11:02,858:12231: No my_buy_price unavailable
CRITICAL:strat7:2022-11-18 20:11:07,707:12231: No my_buy_price unavailable
CRITICAL:strat7:2022-11-18 20:11:41,415:12233: No my_buy_price unavailable
CRITICAL:strat7:2022-11-18 20:11:45,896:12233: No my_buy_price unavailable
CRITICAL:strat7:2022-11-18 20:12:59,545:12230: Yes my_avgbuy_price unavailable
CRITICAL:strat7:2022-11-18 20:13:01,204:12230: Yes my_avgbuy_price unavailable
CRITICAL:strat7:2022-11-18 20:13:41,431:12232: No my_buy_price unavailable
CRITICAL:strat7:2022-11-18 20:13:44,188:12232: No my_buy_price unavailable
CRITICAL:strat7:2022-11-18 20:14:03,760:12233: No my_buy_price unavailable
CRITICAL:strat7:2022-11-18 20:14:06,027:12233: No my_buy_price unavailable
CRITICAL:strat7:2022-11-18 20:15:19,810:12230: Yes my_avgbuy_price unavailable
CRITICAL:strat7:2022-11-18 20:15:21,480:12230: Yes my_avgbuy_price unavailable
CRITICAL:strat7:2022-11-18 20:17:37,315:12230: Yes my_avgbuy_price unavailable
CRITICAL:strat7:2022-11-18 20:17:38,953:12230: Yes my_avgbuy_price unavailable
CRITICAL:strat7:2022-11-18 20:19:47,542:12230: Yes my_avgbuy_price unavailable
CRITICAL:strat7:2022-11-18 20:19:49,145:12230: Yes my_avgbuy_price unavailable
CRITICAL:strat7:2022-11-18 20:21:54,812:12230: Yes my_avgbuy_price unavailable
CRITICAL:strat7:2022-11-18 20:21:56,430:12230: Yes my_avgbuy_price unavailable
CRITICAL:strat7:2022-11-18 20:24:00,070:12230: Yes my_avgbuy_price unavailable
CRITICAL:strat7:2022-11-18 20:24:01,851:12230: Yes my_avgbuy_price unavailable
CRITICAL:strat7:2022-11-18 20:24:18,327:12231: No my_buy_price unavailable
CRITICAL:strat7:2022-11-18 20:24:22,009:12231: No my_buy_price unavailable
CRITICAL:strat7:2022-11-18 20:26:08,322:12230: Yes my_avgbuy_price unavailable
CRITICAL:strat7:2022-11-18 20:26:09,951:12230: Yes my_avgbuy_price unavailable
CRITICAL:strat7:2022-11-18 20:26:23,966:12231: No my_buy_price unavailable
CRITICAL:strat7:2022-11-18 20:26:26,754:12231: No my_buy_price unavailable
CRITICAL:strat7:2022-11-18 20:28:18,842:12230: Yes my_avgbuy_price unavailable
CRITICAL:strat7:2022-11-18 20:28:20,564:12230: Yes my_avgbuy_price unavailable
CRITICAL:strat7:2022-11-18 20:30:23,018:12230: Yes my_avgbuy_price unavailable
CRITICAL:strat7:2022-11-18 20:30:24,699:12230: Yes my_avgbuy_price unavailable
CRITICAL:strat7:2022-11-18 20:30:41,288:12231: No my_buy_price unavailable
CRITICAL:strat7:2022-11-18 20:30:44,944:12231: No my_buy_price unavailable
CRITICAL:strat7:2022-11-18 20:31:02,027:12232: No my_buy_price unavailable
CRITICAL:strat7:2022-11-18 20:31:04,847:12232: No my_buy_price unavailable
CRITICAL:strat7:2022-11-18 20:31:22,668:12233: No my_buy_price unavailable
CRITICAL:strat7:2022-11-18 20:31:24,845:12233: No my_buy_price unavailable
CRITICAL:strat7:2022-11-18 20:32:39,011:12230: Yes my_avgbuy_price unavailable
CRITICAL:strat7:2022-11-18 20:32:40,677:12230: Yes my_avgbuy_price unavailable
CRITICAL:strat7:2022-11-18 20:32:54,887:12231: No my_buy_price unavailable
CRITICAL:strat7:2022-11-18 20:32:57,648:12231: No my_buy_price unavailable
CRITICAL:strat7:2022-11-18 20:33:15,350:12232: No my_buy_price unavailable
CRITICAL:strat7:2022-11-18 20:33:20,996:12232: No my_buy_price unavailable
CRITICAL:strat7:2022-11-18 20:33:39,000:12233: No my_buy_price unavailable
CRITICAL:strat7:2022-11-18 20:33:41,361:12233: No my_buy_price unavailable
CRITICAL:strat7:2022-11-18 20:34:54,667:12230: Yes my_avgbuy_price unavailable
CRITICAL:strat7:2022-11-18 20:34:56,379:12230: Yes my_avgbuy_price unavailable
CRITICAL:strat7:2022-11-18 20:35:14,022:12231: No my_buy_price unavailable
CRITICAL:strat7:2022-11-18 20:35:16,265:12231: No my_buy_price unavailable
CRITICAL:strat7:2022-11-18 20:35:35,088:12232: No my_buy_price unavailable
CRITICAL:strat7:2022-11-18 20:35:37,788:12232: No my_buy_price unavailable
CRITICAL:strat7:2022-11-18 20:35:52,314:12233: No my_buy_price unavailable
CRITICAL:strat7:2022-11-18 20:35:55,016:12233: No my_buy_price unavailable
CRITICAL:strat7:2022-11-18 20:37:09,650:12230: No my_buy_price unavailable
CRITICAL:strat7:2022-11-18 20:37:12,720:12230: No my_buy_price unavailable
CRITICAL:strat7:2022-11-18 20:37:27,173:12231: No my_buy_price unavailable
CRITICAL:strat7:2022-11-18 20:37:29,975:12231: No my_buy_price unavailable
CRITICAL:strat7:2022-11-18 20:37:43,941:12232: No my_buy_price unavailable
CRITICAL:strat7:2022-11-18 20:37:46,662:12232: No my_buy_price unavailable
CRITICAL:strat7:2022-11-18 20:38:01,407:12233: No my_buy_price unavailable
CRITICAL:strat7:2022-11-18 20:38:04,068:12233: No my_buy_price unavailable
CRITICAL:strat7:2022-11-18 20:39:16,909:12230: Yes my_avgbuy_price unavailable
CRITICAL:strat7:2022-11-18 20:39:18,548:12230: Yes my_avgbuy_price unavailable
CRITICAL:strat7:2022-11-18 20:39:54,868:12232: No my_buy_price unavailable
CRITICAL:strat7:2022-11-18 20:40:09,518:12233: No my_buy_price unavailable
CRITICAL:strat7:2022-11-18 20:40:12,190:12233: No my_buy_price unavailable
CRITICAL:strat7:2022-11-18 20:41:28,334:12230: Yes my_avgbuy_price unavailable
CRITICAL:strat7:2022-11-18 20:41:30,455:12230: Yes my_avgbuy_price unavailable
CRITICAL:strat7:2022-11-18 20:42:07,315:12232: No my_buy_price unavailable
CRITICAL:strat7:2022-11-18 20:42:13,207:12232: No my_buy_price unavailable
CRITICAL:strat7:2022-11-18 20:42:31,731:12233: No my_buy_price unavailable
CRITICAL:strat7:2022-11-18 20:42:33,929:12233: No my_buy_price unavailable
CRITICAL:strat7:2022-11-18 20:43:48,181:12230: Yes my_avgbuy_price unavailable
CRITICAL:strat7:2022-11-18 20:43:51,071:12230: Yes my_avgbuy_price unavailable
CRITICAL:strat7:2022-11-18 20:44:07,481:12231: No my_buy_price unavailable
CRITICAL:strat7:2022-11-18 20:44:11,020:12231: No my_buy_price unavailable
CRITICAL:strat7:2022-11-18 20:44:38,792:12233: No my_buy_price unavailable
CRITICAL:strat7:2022-11-18 20:44:40,985:12233: No my_buy_price unavailable
CRITICAL:strat7:2022-11-18 20:45:55,045:12230: Yes my_avgbuy_price unavailable
CRITICAL:strat7:2022-11-18 20:45:57,834:12230: Yes my_avgbuy_price unavailable
CRITICAL:strat7:2022-11-18 20:46:44,376:12233: No my_buy_price unavailable
CRITICAL:strat7:2022-11-18 20:46:47,100:12233: No my_buy_price unavailable
CRITICAL:strat7:2022-11-18 20:48:01,098:12230: Yes my_avgbuy_price unavailable
CRITICAL:strat7:2022-11-18 20:48:04,105:12230: Yes my_avgbuy_price unavailable
CRITICAL:strat7:2022-11-18 20:48:20,751:12231: No my_buy_price unavailable
CRITICAL:strat7:2022-11-18 20:48:24,381:12231: No my_buy_price unavailable
CRITICAL:strat7:2022-11-18 20:48:58,576:12233: No my_buy_price unavailable
CRITICAL:strat7:2022-11-18 20:49:00,945:12233: No my_buy_price unavailable
CRITICAL:strat7:2022-11-18 20:50:15,458:12230: Yes my_avgbuy_price unavailable
CRITICAL:strat7:2022-11-18 20:50:18,179:12230: Yes my_avgbuy_price unavailable
CRITICAL:strat7:2022-11-18 20:50:32,809:12231: No my_buy_price unavailable
CRITICAL:strat7:2022-11-18 20:50:35,626:12231: No my_buy_price unavailable
CRITICAL:strat7:2022-11-18 20:52:28,217:12230: Yes my_avgbuy_price unavailable
CRITICAL:strat7:2022-11-18 20:52:30,382:12230: Yes my_avgbuy_price unavailable
CRITICAL:strat7:2022-11-18 20:52:39,833:12231: No my_buy_price unavailable
CRITICAL:strat7:2022-11-18 20:52:42,620:12231: No my_buy_price unavailable
CRITICAL:strat7:2022-11-18 20:54:29,694:12230: Yes my_avgbuy_price unavailable
CRITICAL:strat7:2022-11-18 20:54:32,497:12230: Yes my_avgbuy_price unavailable
CRITICAL:strat7:2022-11-18 20:56:39,943:12230: Yes my_avgbuy_price unavailable
CRITICAL:strat7:2022-11-18 20:56:42,622:12230: Yes my_avgbuy_price unavailable
CRITICAL:strat7:2022-11-18 20:58:47,127:12230: Yes my_avgbuy_price unavailable
CRITICAL:strat7:2022-11-18 20:58:49,945:12230: Yes my_avgbuy_price unavailable
CRITICAL:strat7:2022-11-18 20:59:06,292:12231: No my_buy_price unavailable
CRITICAL:strat7:2022-11-18 20:59:10,825:12231: No my_buy_price unavailable
CRITICAL:strat7:2022-11-18 21:00:58,335:12230: Yes my_avgbuy_price unavailable
CRITICAL:strat7:2022-11-18 21:01:01,119:12230: Yes my_avgbuy_price unavailable
CRITICAL:strat7:2022-11-18 21:01:28,981:12232: No my_buy_price unavailable
CRITICAL:strat7:2022-11-18 21:01:30,544:12232: No my_buy_price unavailable
CRITICAL:strat7:2022-11-18 21:01:43,472:12233: No my_buy_price unavailable
CRITICAL:strat7:2022-11-18 21:02:57,360:12230: Yes my_avgbuy_price unavailable
CRITICAL:strat7:2022-11-18 21:03:00,250:12230: Yes my_avgbuy_price unavailable
CRITICAL:strat7:2022-11-18 21:03:29,629:12232: No my_buy_price unavailable
CRITICAL:strat7:2022-11-18 21:03:42,340:12233: No my_buy_price unavailable
CRITICAL:strat7:2022-11-18 21:04:55,308:12230: Yes my_avgbuy_price unavailable
CRITICAL:strat7:2022-11-18 21:04:57,075:12230: Yes my_avgbuy_price unavailable
CRITICAL:strat7:2022-11-18 21:05:15,545:12231: Yes my_avgbuy_price unavailable
CRITICAL:strat7:2022-11-18 21:05:17,745:12231: Yes my_avgbuy_price unavailable
CRITICAL:strat7:2022-11-18 21:05:30,603:12232: No my_buy_price unavailable
CRITICAL:strat7:2022-11-18 21:05:32,216:12232: No my_buy_price unavailable
CRITICAL:strat7:2022-11-18 21:05:45,770:12233: No my_buy_price unavailable
CRITICAL:strat7:2022-11-18 21:06:59,435:12230: Yes my_avgbuy_price unavailable
CRITICAL:strat7:2022-11-18 21:07:01,085:12230: Yes my_avgbuy_price unavailable
CRITICAL:strat7:2022-11-18 21:07:18,656:12231: Yes my_avgbuy_price unavailable
CRITICAL:strat7:2022-11-18 21:07:20,873:12231: Yes my_avgbuy_price unavailable
CRITICAL:strat7:2022-11-18 21:07:33,805:12232: No my_buy_price unavailable
CRITICAL:strat7:2022-11-18 21:07:47,272:12233: No my_buy_price unavailable
CRITICAL:strat7:2022-11-18 21:09:02,660:12230: Yes my_avgbuy_price unavailable
CRITICAL:strat7:2022-11-18 21:09:05,442:12230: Yes my_avgbuy_price unavailable
CRITICAL:strat7:2022-11-18 21:09:21,620:12231: No my_buy_price unavailable
CRITICAL:strat7:2022-11-18 21:09:27,470:12231: No my_buy_price unavailable
CRITICAL:strat7:2022-11-18 21:09:41,360:12232: No my_buy_price unavailable
CRITICAL:strat7:2022-11-18 21:09:54,242:12233: No my_buy_price unavailable
CRITICAL:strat7:2022-11-18 21:11:08,730:12230: Yes my_avgbuy_price unavailable
CRITICAL:strat7:2022-11-18 21:11:11,583:12230: Yes my_avgbuy_price unavailable
CRITICAL:strat7:2022-11-18 21:11:29,295:12231: No my_buy_price unavailable
CRITICAL:strat7:2022-11-18 21:11:32,046:12231: No my_buy_price unavailable
CRITICAL:strat7:2022-11-18 21:11:46,234:12232: No my_buy_price unavailable
CRITICAL:strat7:2022-11-18 21:11:59,936:12233: No my_buy_price unavailable
CRITICAL:strat7:2022-11-18 21:13:14,777:12230: Yes my_avgbuy_price unavailable
CRITICAL:strat7:2022-11-18 21:13:17,570:12230: Yes my_avgbuy_price unavailable
CRITICAL:strat7:2022-11-18 21:13:35,387:12231: No my_buy_price unavailable
CRITICAL:strat7:2022-11-18 21:13:38,182:12231: No my_buy_price unavailable
CRITICAL:strat7:2022-11-18 21:13:52,206:12232: No my_buy_price unavailable
CRITICAL:strat7:2022-11-18 21:14:05,758:12233: No my_buy_price unavailable
CRITICAL:strat7:2022-11-18 21:15:20,388:12230: Yes my_avgbuy_price unavailable
CRITICAL:strat7:2022-11-18 21:15:23,092:12230: Yes my_avgbuy_price unavailable
CRITICAL:strat7:2022-11-18 21:15:58,190:12232: No my_buy_price unavailable
CRITICAL:strat7:2022-11-18 21:16:05,507:12233: No my_buy_price unavailable
CRITICAL:strat7:2022-11-18 21:17:24,199:12230: Yes my_avgbuy_price unavailable
CRITICAL:strat7:2022-11-18 21:17:25,945:12230: Yes my_avgbuy_price unavailable
CRITICAL:strat7:2022-11-18 21:18:02,587:12232: No my_buy_price unavailable
CRITICAL:strat7:2022-11-18 21:18:17,082:12233: No my_buy_price unavailable
CRITICAL:strat7:2022-11-18 21:19:30,065:12230: Yes my_avgbuy_price unavailable
CRITICAL:strat7:2022-11-18 21:19:31,718:12230: Yes my_avgbuy_price unavailable
CRITICAL:strat7:2022-11-18 21:19:59,881:12232: No my_buy_price unavailable
CRITICAL:strat7:2022-11-18 21:20:12,977:12233: No my_buy_price unavailable
CRITICAL:strat7:2022-11-18 21:20:15,392:12233: No my_buy_price unavailable
CRITICAL:strat7:2022-11-18 21:21:29,412:12230: Yes my_avgbuy_price unavailable
CRITICAL:strat7:2022-11-18 21:21:31,140:12230: Yes my_avgbuy_price unavailable
CRITICAL:strat7:2022-11-18 21:21:47,965:12231: Yes my_avgbuy_price unavailable
CRITICAL:strat7:2022-11-18 21:21:54,227:12231: Yes my_avgbuy_price unavailable
CRITICAL:strat7:2022-11-18 21:22:13,180:12232: No my_buy_price unavailable
CRITICAL:strat7:2022-11-18 21:22:15,441:12232: No my_buy_price unavailable
CRITICAL:strat7:2022-11-18 21:22:28,667:12233: No my_buy_price unavailable
CRITICAL:strat7:2022-11-18 21:22:30,427:12233: No my_buy_price unavailable
CRITICAL:strat7:2022-11-18 21:23:44,061:12230: Yes my_avgbuy_price unavailable
CRITICAL:strat7:2022-11-18 21:23:45,831:12230: Yes my_avgbuy_price unavailable
CRITICAL:strat7:2022-11-18 21:24:03,348:12231: No my_buy_price unavailable
CRITICAL:strat7:2022-11-18 21:24:07,069:12231: No my_buy_price unavailable
CRITICAL:strat7:2022-11-18 21:24:22,533:12232: No my_buy_price unavailable
CRITICAL:strat7:2022-11-18 21:24:25,351:12232: No my_buy_price unavailable
CRITICAL:strat7:2022-11-18 21:24:38,366:12233: No my_buy_price unavailable
CRITICAL:strat7:2022-11-18 21:24:39,995:12233: No my_buy_price unavailable
CRITICAL:strat7:2022-11-18 21:25:53,034:12230: Yes my_avgbuy_price unavailable
CRITICAL:strat7:2022-11-18 21:25:54,718:12230: Yes my_avgbuy_price unavailable
CRITICAL:strat7:2022-11-18 21:26:09,985:12231: No my_buy_price unavailable
CRITICAL:strat7:2022-11-18 21:26:12,759:12231: No my_buy_price unavailable
CRITICAL:strat7:2022-11-18 21:26:25,901:12232: No my_buy_price unavailable
CRITICAL:strat7:2022-11-18 21:26:38,820:12233: No my_buy_price unavailable
CRITICAL:strat7:2022-11-18 21:26:40,517:12233: No my_buy_price unavailable
CRITICAL:strat7:2022-11-18 21:27:53,629:12230: Yes my_avgbuy_price unavailable
CRITICAL:strat7:2022-11-18 21:27:55,259:12230: Yes my_avgbuy_price unavailable
CRITICAL:strat7:2022-11-18 21:28:29,263:12232: No my_buy_price unavailable
CRITICAL:strat7:2022-11-18 21:28:42,225:12233: No my_buy_price unavailable
CRITICAL:strat7:2022-11-18 21:28:43,931:12233: No my_buy_price unavailable
CRITICAL:strat7:2022-11-18 21:29:57,680:12230: Yes my_avgbuy_price unavailable
CRITICAL:strat7:2022-11-18 21:29:59,423:12230: Yes my_avgbuy_price unavailable
CRITICAL:strat7:2022-11-18 21:30:17,205:12231: No my_buy_price unavailable
CRITICAL:strat7:2022-11-18 21:30:20,865:12231: No my_buy_price unavailable
CRITICAL:strat7:2022-11-18 21:30:34,497:12232: No my_buy_price unavailable
CRITICAL:strat7:2022-11-18 21:30:47,734:12233: No my_buy_price unavailable
CRITICAL:strat7:2022-11-18 21:30:49,483:12233: No my_buy_price unavailable
CRITICAL:strat7:2022-11-18 21:32:02,668:12230: Yes my_avgbuy_price unavailable
CRITICAL:strat7:2022-11-18 21:32:04,367:12230: Yes my_avgbuy_price unavailable
CRITICAL:strat7:2022-11-18 21:32:21,803:12231: No my_buy_price unavailable
CRITICAL:strat7:2022-11-18 21:32:26,735:12231: No my_buy_price unavailable
CRITICAL:strat7:2022-11-18 21:32:52,270:12233: No my_buy_price unavailable
CRITICAL:strat7:2022-11-18 21:32:53,972:12233: No my_buy_price unavailable
CRITICAL:strat7:2022-11-18 21:34:07,234:12230: Yes my_avgbuy_price unavailable
CRITICAL:strat7:2022-11-18 21:34:09,071:12230: Yes my_avgbuy_price unavailable
CRITICAL:strat7:2022-11-18 21:34:54,261:12233: No my_buy_price unavailable
CRITICAL:strat7:2022-11-18 21:34:55,999:12233: No my_buy_price unavailable
CRITICAL:strat7:2022-11-18 21:36:12,011:12230: Yes my_avgbuy_price unavailable
CRITICAL:strat7:2022-11-18 21:36:13,775:12230: Yes my_avgbuy_price unavailable
CRITICAL:strat7:2022-11-18 21:36:31,102:12231: No my_buy_price unavailable
CRITICAL:strat7:2022-11-18 21:36:33,445:12231: No my_buy_price unavailable
CRITICAL:strat7:2022-11-18 21:36:58,636:12233: No my_buy_price unavailable
CRITICAL:strat7:2022-11-18 21:37:00,324:12233: No my_buy_price unavailable
CRITICAL:strat7:2022-11-18 21:38:16,018:12230: Yes my_avgbuy_price unavailable
CRITICAL:strat7:2022-11-18 21:38:17,700:12230: Yes my_avgbuy_price unavailable
CRITICAL:strat7:2022-11-18 21:38:32,199:12231: No my_buy_price unavailable
CRITICAL:strat7:2022-11-18 21:38:35,051:12231: No my_buy_price unavailable
CRITICAL:strat7:2022-11-18 21:38:59,847:12233: No my_buy_price unavailable
CRITICAL:strat7:2022-11-18 21:39:01,539:12233: No my_buy_price unavailable
CRITICAL:strat7:2022-11-18 21:40:15,325:12230: Yes my_avgbuy_price unavailable
CRITICAL:strat7:2022-11-18 21:40:17,029:12230: Yes my_avgbuy_price unavailable
CRITICAL:strat7:2022-11-18 21:40:31,190:12231: No my_buy_price unavailable
CRITICAL:strat7:2022-11-18 21:40:34,035:12231: No my_buy_price unavailable
CRITICAL:strat7:2022-11-18 21:40:58,970:12233: No my_buy_price unavailable
CRITICAL:strat7:2022-11-18 21:41:00,687:12233: No my_buy_price unavailable
CRITICAL:strat7:2022-11-18 21:42:14,639:12230: Yes my_avgbuy_price unavailable
CRITICAL:strat7:2022-11-18 21:42:16,410:12230: Yes my_avgbuy_price unavailable
CRITICAL:strat7:2022-11-18 21:42:30,692:12231: No my_buy_price unavailable
CRITICAL:strat7:2022-11-18 21:42:55,635:12233: No my_buy_price unavailable
CRITICAL:strat7:2022-11-18 21:42:57,326:12233: No my_buy_price unavailable
CRITICAL:strat7:2022-11-18 21:44:11,698:12230: Yes my_avgbuy_price unavailable
CRITICAL:strat7:2022-11-18 21:44:13,388:12230: Yes my_avgbuy_price unavailable
CRITICAL:strat7:2022-11-18 21:44:27,503:12231: No my_buy_price unavailable
CRITICAL:strat7:2022-11-18 21:44:30,360:12231: No my_buy_price unavailable
CRITICAL:strat7:2022-11-18 21:44:43,860:12232: No my_buy_price unavailable
CRITICAL:strat7:2022-11-18 21:44:57,040:12233: No my_buy_price unavailable
CRITICAL:strat7:2022-11-18 21:44:58,707:12233: No my_buy_price unavailable
CRITICAL:strat7:2022-11-18 21:46:11,792:12230: Yes my_avgbuy_price unavailable
CRITICAL:strat7:2022-11-18 21:46:13,230:12230: Yes my_avgbuy_price unavailable
CRITICAL:strat7:2022-11-18 21:46:40,793:12232: No my_buy_price unavailable
CRITICAL:strat7:2022-11-18 21:46:53,368:12233: No my_buy_price unavailable
CRITICAL:strat7:2022-11-18 21:46:54,806:12233: No my_buy_price unavailable
CRITICAL:strat7:2022-11-18 21:48:08,896:12230: Yes my_avgbuy_price unavailable
CRITICAL:strat7:2022-11-18 21:48:11,410:12230: Yes my_avgbuy_price unavailable
CRITICAL:strat7:2022-11-18 21:48:36,670:12232: No my_buy_price unavailable
CRITICAL:strat7:2022-11-18 21:48:49,141:12233: No my_buy_price unavailable
CRITICAL:strat7:2022-11-18 21:48:50,635:12233: No my_buy_price unavailable
CRITICAL:strat7:2022-11-18 21:50:03,437:12230: Yes my_avgbuy_price unavailable
CRITICAL:strat7:2022-11-18 21:50:04,885:12230: Yes my_avgbuy_price unavailable
CRITICAL:strat7:2022-11-18 21:50:34,517:12232: No my_buy_price unavailable
CRITICAL:strat7:2022-11-18 21:50:47,807:12233: No my_buy_price unavailable
CRITICAL:strat7:2022-11-18 21:50:49,311:12233: No my_buy_price unavailable
CRITICAL:strat7:2022-11-18 21:52:04,564:12230: Yes my_avgbuy_price unavailable
CRITICAL:strat7:2022-11-18 21:52:06,164:12230: Yes my_avgbuy_price unavailable
CRITICAL:strat7:2022-11-18 21:52:33,444:12232: No my_buy_price unavailable
CRITICAL:strat7:2022-11-18 21:52:34,934:12232: No my_buy_price unavailable
CRITICAL:strat7:2022-11-18 21:52:48,052:12233: No my_buy_price unavailable
CRITICAL:strat7:2022-11-18 21:52:49,595:12233: No my_buy_price unavailable
CRITICAL:strat7:2022-11-18 21:54:02,991:12230: Yes my_avgbuy_price unavailable
CRITICAL:strat7:2022-11-18 21:54:04,503:12230: Yes my_avgbuy_price unavailable
CRITICAL:strat7:2022-11-18 21:54:33,159:12232: No my_buy_price unavailable
CRITICAL:strat7:2022-11-18 21:54:34,727:12232: No my_buy_price unavailable
CRITICAL:strat7:2022-11-18 21:54:47,304:12233: No my_buy_price unavailable
CRITICAL:strat7:2022-11-18 21:54:48,799:12233: No my_buy_price unavailable
CRITICAL:strat7:2022-11-18 21:56:01,559:12230: Yes my_avgbuy_price unavailable
CRITICAL:strat7:2022-11-18 21:56:03,118:12230: Yes my_avgbuy_price unavailable
CRITICAL:strat7:2022-11-18 21:56:33,842:12232: No my_buy_price unavailable
CRITICAL:strat7:2022-11-18 21:56:46,849:12233: No my_buy_price unavailable
CRITICAL:strat7:2022-11-18 21:56:48,356:12233: No my_buy_price unavailable
CRITICAL:strat7:2022-11-18 21:58:01,629:12230: Yes my_avgbuy_price unavailable
CRITICAL:strat7:2022-11-18 21:58:03,179:12230: Yes my_avgbuy_price unavailable
CRITICAL:strat7:2022-11-18 21:58:21,207:12231: No my_buy_price unavailable
CRITICAL:strat7:2022-11-18 21:58:23,209:12231: No my_buy_price unavailable
CRITICAL:strat7:2022-11-18 21:58:35,882:12232: No my_buy_price unavailable
CRITICAL:strat7:2022-11-18 21:58:48,675:12233: No my_buy_price unavailable
CRITICAL:strat7:2022-11-18 21:58:50,160:12233: No my_buy_price unavailable
CRITICAL:strat7:2022-11-18 22:00:04,597:12230: Yes my_avgbuy_price unavailable
CRITICAL:strat7:2022-11-18 22:00:06,130:12230: Yes my_avgbuy_price unavailable
CRITICAL:strat7:2022-11-18 22:00:21,001:12231: No my_buy_price unavailable
CRITICAL:strat7:2022-11-18 22:00:23,547:12231: No my_buy_price unavailable
CRITICAL:strat7:2022-11-18 22:00:36,950:12232: No my_buy_price unavailable
CRITICAL:strat7:2022-11-18 22:00:49,939:12233: No my_buy_price unavailable
CRITICAL:strat7:2022-11-18 22:00:51,485:12233: No my_buy_price unavailable
CRITICAL:strat7:2022-11-18 22:02:05,015:12230: Yes my_avgbuy_price unavailable
CRITICAL:strat7:2022-11-18 22:02:06,520:12230: Yes my_avgbuy_price unavailable
CRITICAL:strat7:2022-11-18 22:02:24,969:12231: No my_buy_price unavailable
CRITICAL:strat7:2022-11-18 22:02:27,049:12231: No my_buy_price unavailable
CRITICAL:strat7:2022-11-18 22:02:40,284:12232: No my_buy_price unavailable
CRITICAL:strat7:2022-11-18 22:02:53,235:12233: No my_buy_price unavailable
CRITICAL:strat7:2022-11-18 22:02:54,729:12233: No my_buy_price unavailable
CRITICAL:strat7:2022-11-18 22:04:09,108:12230: Yes my_avgbuy_price unavailable
CRITICAL:strat7:2022-11-18 22:04:10,635:12230: Yes my_avgbuy_price unavailable
CRITICAL:strat7:2022-11-18 22:04:27,585:12231: No my_buy_price unavailable
CRITICAL:strat7:2022-11-18 22:04:29,628:12231: No my_buy_price unavailable
CRITICAL:strat7:2022-11-18 22:04:42,356:12232: No my_buy_price unavailable
CRITICAL:strat7:2022-11-18 22:04:56,079:12233: No my_buy_price unavailable
CRITICAL:strat7:2022-11-18 22:04:57,564:12233: No my_buy_price unavailable
CRITICAL:strat7:2022-11-18 22:06:10,882:12230: Yes my_avgbuy_price unavailable
CRITICAL:strat7:2022-11-18 22:06:12,390:12230: Yes my_avgbuy_price unavailable
CRITICAL:strat7:2022-11-18 22:06:29,690:12231: No my_buy_price unavailable
CRITICAL:strat7:2022-11-18 22:06:31,664:12231: No my_buy_price unavailable
CRITICAL:strat7:2022-11-18 22:06:44,465:12232: No my_buy_price unavailable
CRITICAL:strat7:2022-11-18 22:06:57,329:12233: No my_buy_price unavailable
CRITICAL:strat7:2022-11-18 22:06:58,861:12233: No my_buy_price unavailable
CRITICAL:strat7:2022-11-18 22:08:12,679:12230: Yes my_avgbuy_price unavailable
CRITICAL:strat7:2022-11-18 22:08:14,157:12230: Yes my_avgbuy_price unavailable
CRITICAL:strat7:2022-11-18 22:08:31,052:12231: No my_buy_price unavailable
CRITICAL:strat7:2022-11-18 22:08:33,097:12231: No my_buy_price unavailable
CRITICAL:strat7:2022-11-18 22:08:45,752:12232: No my_buy_price unavailable
CRITICAL:strat7:2022-11-18 22:08:58,871:12233: No my_buy_price unavailable
CRITICAL:strat7:2022-11-18 22:09:00,468:12233: No my_buy_price unavailable
CRITICAL:strat7:2022-11-18 22:10:14,249:12230: Yes my_avgbuy_price unavailable
CRITICAL:strat7:2022-11-18 22:10:15,989:12230: Yes my_avgbuy_price unavailable
CRITICAL:strat7:2022-11-18 22:10:48,325:12232: No my_buy_price unavailable
CRITICAL:strat7:2022-11-18 22:11:01,790:12233: No my_buy_price unavailable
CRITICAL:strat7:2022-11-18 22:11:03,336:12233: No my_buy_price unavailable
CRITICAL:strat7:2022-11-18 22:12:16,448:12230: Yes my_avgbuy_price unavailable
CRITICAL:strat7:2022-11-18 22:12:18,015:12230: Yes my_avgbuy_price unavailable
CRITICAL:strat7:2022-11-18 22:12:50,320:12232: No my_buy_price unavailable
CRITICAL:strat7:2022-11-18 22:13:03,045:12233: No my_buy_price unavailable
CRITICAL:strat7:2022-11-18 22:13:04,572:12233: No my_buy_price unavailable
CRITICAL:strat7:2022-11-18 22:14:18,395:12230: Yes my_avgbuy_price unavailable
CRITICAL:strat7:2022-11-18 22:14:19,915:12230: Yes my_avgbuy_price unavailable
CRITICAL:strat7:2022-11-18 22:14:35,341:12231: No my_buy_price unavailable
CRITICAL:strat7:2022-11-18 22:14:37,374:12231: No my_buy_price unavailable
CRITICAL:strat7:2022-11-18 22:14:50,605:12232: No my_buy_price unavailable
CRITICAL:strat7:2022-11-18 22:15:03,424:12233: No my_buy_price unavailable
CRITICAL:strat7:2022-11-18 22:15:04,974:12233: No my_buy_price unavailable
CRITICAL:strat7:2022-11-18 22:16:17,711:12230: Yes my_avgbuy_price unavailable
CRITICAL:strat7:2022-11-18 22:16:19,244:12230: Yes my_avgbuy_price unavailable
CRITICAL:strat7:2022-11-18 22:16:49,171:12232: No my_buy_price unavailable
CRITICAL:strat7:2022-11-18 22:17:03,168:12233: No my_buy_price unavailable
CRITICAL:strat7:2022-11-18 22:17:05,106:12233: No my_buy_price unavailable
CRITICAL:strat7:2022-11-18 22:18:17,821:12230: Yes my_avgbuy_price unavailable
CRITICAL:strat7:2022-11-18 22:18:19,244:12230: Yes my_avgbuy_price unavailable
CRITICAL:strat7:2022-11-18 22:18:48,347:12232: No my_buy_price unavailable
CRITICAL:strat7:2022-11-18 22:19:01,095:12233: No my_buy_price unavailable
CRITICAL:strat7:2022-11-18 22:19:02,495:12233: No my_buy_price unavailable
CRITICAL:strat7:2022-11-18 22:20:16,530:12230: Yes my_avgbuy_price unavailable
CRITICAL:strat7:2022-11-18 22:20:17,930:12230: Yes my_avgbuy_price unavailable
CRITICAL:strat7:2022-11-18 22:20:48,029:12232: No my_buy_price unavailable
CRITICAL:strat7:2022-11-18 22:21:00,701:12233: No my_buy_price unavailable
CRITICAL:strat7:2022-11-18 22:21:02,092:12233: No my_buy_price unavailable
CRITICAL:strat7:2022-11-18 22:22:15,905:12230: Yes my_avgbuy_price unavailable
CRITICAL:strat7:2022-11-18 22:22:17,418:12230: Yes my_avgbuy_price unavailable
CRITICAL:strat7:2022-11-18 22:22:34,749:12231: No my_buy_price unavailable
CRITICAL:strat7:2022-11-18 22:22:36,692:12231: No my_buy_price unavailable
CRITICAL:strat7:2022-11-18 22:22:50,209:12232: No my_buy_price unavailable
CRITICAL:strat7:2022-11-18 22:23:03,546:12233: No my_buy_price unavailable
CRITICAL:strat7:2022-11-18 22:23:04,969:12233: No my_buy_price unavailable
CRITICAL:strat7:2022-11-18 22:24:17,994:12230: Yes my_avgbuy_price unavailable
CRITICAL:strat7:2022-11-18 22:24:19,375:12230: Yes my_avgbuy_price unavailable
CRITICAL:strat7:2022-11-18 22:24:35,682:12231: No my_buy_price unavailable
CRITICAL:strat7:2022-11-18 22:24:37,567:12231: No my_buy_price unavailable
CRITICAL:strat7:2022-11-18 22:24:50,249:12232: No my_buy_price unavailable
CRITICAL:strat7:2022-11-18 22:25:02,834:12233: No my_buy_price unavailable
CRITICAL:strat7:2022-11-18 22:25:04,330:12233: No my_buy_price unavailable
CRITICAL:strat7:2022-11-18 22:26:17,762:12230: Yes my_avgbuy_price unavailable
CRITICAL:strat7:2022-11-18 22:26:19,126:12230: Yes my_avgbuy_price unavailable
CRITICAL:strat7:2022-11-18 22:26:32,445:12231: No my_buy_price unavailable
CRITICAL:strat7:2022-11-18 22:26:34,787:12231: No my_buy_price unavailable
CRITICAL:strat7:2022-11-18 22:26:47,218:12232: No my_buy_price unavailable
CRITICAL:strat7:2022-11-18 22:26:59,780:12233: No my_buy_price unavailable
CRITICAL:strat7:2022-11-18 22:27:01,169:12233: No my_buy_price unavailable
CRITICAL:strat7:2022-11-18 22:28:14,391:12230: Yes my_avgbuy_price unavailable
CRITICAL:strat7:2022-11-18 22:28:15,857:12230: Yes my_avgbuy_price unavailable
CRITICAL:strat7:2022-11-18 22:28:49,672:12232: No my_buy_price unavailable
CRITICAL:strat7:2022-11-18 22:29:03,214:12233: No my_buy_price unavailable
CRITICAL:strat7:2022-11-18 22:29:04,638:12233: No my_buy_price unavailable
CRITICAL:strat7:2022-11-18 22:30:17,393:12230: Yes my_avgbuy_price unavailable
CRITICAL:strat7:2022-11-18 22:30:18,778:12230: Yes my_avgbuy_price unavailable
CRITICAL:strat7:2022-11-18 22:30:32,275:12231: No my_buy_price unavailable
CRITICAL:strat7:2022-11-18 22:30:34,577:12231: No my_buy_price unavailable
CRITICAL:strat7:2022-11-18 22:30:47,107:12232: No my_buy_price unavailable
CRITICAL:strat7:2022-11-18 22:31:00,038:12233: No my_buy_price unavailable
CRITICAL:strat7:2022-11-18 22:31:01,470:12233: No my_buy_price unavailable
CRITICAL:strat7:2022-11-18 22:32:13,972:12230: Yes my_avgbuy_price unavailable
CRITICAL:strat7:2022-11-18 22:32:15,367:12230: Yes my_avgbuy_price unavailable
CRITICAL:strat7:2022-11-18 22:32:46,145:12232: No my_buy_price unavailable
CRITICAL:strat7:2022-11-18 22:32:58,540:12233: No my_buy_price unavailable
CRITICAL:strat7:2022-11-18 22:32:59,999:12233: No my_buy_price unavailable
CRITICAL:strat7:2022-11-18 22:34:12,661:12230: Yes my_avgbuy_price unavailable
CRITICAL:strat7:2022-11-18 22:34:14,056:12230: Yes my_avgbuy_price unavailable
CRITICAL:strat7:2022-11-18 22:34:41,170:12232: No my_buy_price unavailable
CRITICAL:strat7:2022-11-18 22:34:55,112:12233: No my_buy_price unavailable
CRITICAL:strat7:2022-11-18 22:34:56,492:12233: No my_buy_price unavailable
CRITICAL:strat7:2022-11-18 22:36:10,312:12230: Yes my_avgbuy_price unavailable
CRITICAL:strat7:2022-11-18 22:36:11,688:12230: Yes my_avgbuy_price unavailable
CRITICAL:strat7:2022-11-18 22:36:26,863:12231: No my_buy_price unavailable
CRITICAL:strat7:2022-11-18 22:36:28,751:12231: No my_buy_price unavailable
CRITICAL:strat7:2022-11-18 22:36:41,590:12232: No my_buy_price unavailable
CRITICAL:strat7:2022-11-18 22:36:54,081:12233: No my_buy_price unavailable
CRITICAL:strat7:2022-11-18 22:36:55,458:12233: No my_buy_price unavailable
CRITICAL:strat7:2022-11-18 22:38:08,648:12230: Yes my_avgbuy_price unavailable
CRITICAL:strat7:2022-11-18 22:38:10,140:12230: Yes my_avgbuy_price unavailable
CRITICAL:strat7:2022-11-18 22:38:41,269:12232: No my_buy_price unavailable
CRITICAL:strat7:2022-11-18 22:38:53,906:12233: No my_buy_price unavailable
CRITICAL:strat7:2022-11-18 22:38:55,369:12233: No my_buy_price unavailable
CRITICAL:strat7:2022-11-18 22:40:09,502:12230: Yes my_avgbuy_price unavailable
CRITICAL:strat7:2022-11-18 22:40:11,923:12230: Yes my_avgbuy_price unavailable
CRITICAL:strat7:2022-11-18 22:40:40,297:12232: No my_buy_price unavailable
CRITICAL:strat7:2022-11-18 22:40:53,841:12233: No my_buy_price unavailable
CRITICAL:strat7:2022-11-18 22:40:55,344:12233: No my_buy_price unavailable
CRITICAL:strat7:2022-11-18 22:42:25,870:12231: No my_buy_price unavailable
CRITICAL:strat7:2022-11-18 22:42:27,772:12231: No my_buy_price unavailable
CRITICAL:strat7:2022-11-18 22:42:40,718:12232: No my_buy_price unavailable
CRITICAL:strat7:2022-11-18 22:42:53,945:12233: No my_buy_price unavailable
CRITICAL:strat7:2022-11-18 22:42:55,436:12233: No my_buy_price unavailable
CRITICAL:strat7:2022-11-18 22:44:11,363:12230: Yes my_avgbuy_price unavailable
CRITICAL:strat7:2022-11-18 22:44:13,324:12230: Yes my_avgbuy_price unavailable
CRITICAL:strat7:2022-11-18 22:44:45,916:12232: No my_buy_price unavailable
CRITICAL:strat7:2022-11-18 22:44:58,685:12233: No my_buy_price unavailable
CRITICAL:strat7:2022-11-18 22:45:00,114:12233: No my_buy_price unavailable
CRITICAL:strat7:2022-11-18 22:46:13,140:12230: Yes my_avgbuy_price unavailable
CRITICAL:strat7:2022-11-18 22:46:14,552:12230: Yes my_avgbuy_price unavailable
CRITICAL:strat7:2022-11-18 22:46:27,560:12231: No my_buy_price unavailable
CRITICAL:strat7:2022-11-18 22:46:41,282:12232: No my_buy_price unavailable
CRITICAL:strat7:2022-11-18 22:46:54,659:12233: No my_buy_price unavailable
CRITICAL:strat7:2022-11-18 22:46:56,091:12233: No my_buy_price unavailable
CRITICAL:strat7:2022-11-18 22:48:09,247:12230: Yes my_avgbuy_price unavailable
CRITICAL:strat7:2022-11-18 22:48:10,635:12230: Yes my_avgbuy_price unavailable
CRITICAL:strat7:2022-11-18 22:48:24,184:12231: No my_buy_price unavailable
CRITICAL:strat7:2022-11-18 22:48:51,987:12233: No my_buy_price unavailable
CRITICAL:strat7:2022-11-18 22:48:53,363:12233: No my_buy_price unavailable
CRITICAL:strat7:2022-11-18 22:50:06,101:12230: Yes my_avgbuy_price unavailable
CRITICAL:strat7:2022-11-18 22:50:07,504:12230: Yes my_avgbuy_price unavailable
CRITICAL:strat7:2022-11-18 22:50:44,708:12233: No my_buy_price unavailable
CRITICAL:strat7:2022-11-18 22:50:46,098:12233: No my_buy_price unavailable
CRITICAL:strat7:2022-11-18 22:51:58,556:12230: Yes my_avgbuy_price unavailable
CRITICAL:strat7:2022-11-18 22:51:59,978:12230: Yes my_avgbuy_price unavailable
CRITICAL:strat7:2022-11-18 22:52:13,252:12231: No my_buy_price unavailable
CRITICAL:strat7:2022-11-18 22:52:39,825:12233: No my_buy_price unavailable
CRITICAL:strat7:2022-11-18 22:52:41,316:12233: No my_buy_price unavailable
CRITICAL:strat7:2022-11-18 22:53:54,082:12230: Yes my_avgbuy_price unavailable
CRITICAL:strat7:2022-11-18 22:53:55,516:12230: Yes my_avgbuy_price unavailable
CRITICAL:strat7:2022-11-18 22:54:08,410:12231: No my_buy_price unavailable
CRITICAL:strat7:2022-11-18 22:54:33,830:12233: No my_buy_price unavailable
CRITICAL:strat7:2022-11-18 22:54:35,241:12233: No my_buy_price unavailable
CRITICAL:strat7:2022-11-18 22:55:47,854:12230: Yes my_avgbuy_price unavailable
CRITICAL:strat7:2022-11-18 22:55:49,316:12230: Yes my_avgbuy_price unavailable
CRITICAL:strat7:2022-11-18 22:56:02,689:12231: No my_buy_price unavailable
CRITICAL:strat7:2022-11-18 22:56:29,090:12233: No my_buy_price unavailable
CRITICAL:strat7:2022-11-18 22:56:30,521:12233: No my_buy_price unavailable
CRITICAL:strat7:2022-11-18 22:57:43,615:12230: Yes my_avgbuy_price unavailable
CRITICAL:strat7:2022-11-18 22:57:45,058:12230: Yes my_avgbuy_price unavailable
CRITICAL:strat7:2022-11-18 22:57:58,462:12231: No my_buy_price unavailable
CRITICAL:strat7:2022-11-18 22:58:23,878:12233: No my_buy_price unavailable
CRITICAL:strat7:2022-11-18 22:58:25,493:12233: No my_buy_price unavailable
CRITICAL:strat7:2022-11-18 22:59:39,826:12230: Yes my_avgbuy_price unavailable
CRITICAL:strat7:2022-11-18 22:59:41,234:12230: Yes my_avgbuy_price unavailable
CRITICAL:strat7:2022-11-18 22:59:54,153:12231: No my_buy_price unavailable
CRITICAL:strat7:2022-11-18 23:00:21,333:12233: No my_buy_price unavailable
CRITICAL:strat7:2022-11-18 23:00:22,744:12233: No my_buy_price unavailable
