INFO:strat7:2023-01-02 15:04:11,423:15289: Initialising event
CRITICAL:strat7:2023-01-02 15:04:40,917:15289: Yes my_avgbuy_price unavailable
CRITICAL:strat7:2023-01-02 15:04:43,311:15289: Yes my_avgbuy_price unavailable
WARNING:strat7:2023-01-02 15:04:44,718:15289: last_values_dict empty
INFO:strat7:2023-01-02 15:04:51,770:15290: Initialising event
CRITICAL:strat7:2023-01-02 15:05:23,862:15290: Yes my_avgbuy_price unavailable
CRITICAL:strat7:2023-01-02 15:05:26,501:15290: Yes my_avgbuy_price unavailable
WARNING:strat7:2023-01-02 15:05:27,763:15290: last_values_dict empty
INFO:strat7:2023-01-02 15:05:33,936:15291: Initialising event
CRITICAL:strat7:2023-01-02 15:06:07,550:15291: Yes my_avgbuy_price unavailable
CRITICAL:strat7:2023-01-02 15:06:10,120:15291: Yes my_avgbuy_price unavailable
WARNING:strat7:2023-01-02 15:06:11,744:15291: last_values_dict empty
INFO:strat7:2023-01-02 15:06:18,100:15292: Initialising event
CRITICAL:strat7:2023-01-02 15:06:55,085:15292: Yes my_avgbuy_price unavailable
CRITICAL:strat7:2023-01-02 15:06:57,444:15292: Yes my_avgbuy_price unavailable
WARNING:strat7:2023-01-02 15:06:58,990:15292: last_values_dict empty
INFO:strat7:2023-01-02 15:07:05,580:15293: Initialising event
CRITICAL:strat7:2023-01-02 15:07:42,436:15293: No my_buy_price unavailable
CRITICAL:strat7:2023-01-02 15:07:44,916:15293: No my_buy_price unavailable
WARNING:strat7:2023-01-02 15:07:46,285:15293: last_values_dict empty
INFO:strat7:2023-01-02 15:07:54,589:15294: Initialising event
CRITICAL:strat7:2023-01-02 15:08:31,237:15294: No my_buy_price unavailable
CRITICAL:strat7:2023-01-02 15:08:33,477:15294: No my_buy_price unavailable
WARNING:strat7:2023-01-02 15:08:34,638:15294: last_values_dict empty
INFO:strat7:2023-01-02 15:08:41,897:15295: Initialising event
CRITICAL:strat7:2023-01-02 15:09:08,888:15295: No my_buy_price unavailable
CRITICAL:strat7:2023-01-02 15:09:12,045:15295: No my_buy_price unavailable
WARNING:strat7:2023-01-02 15:09:13,744:15295: last_values_dict empty
INFO:strat7:2023-01-02 15:09:20,134:15296: Initialising event
CRITICAL:strat7:2023-01-02 15:09:54,313:15296: No my_buy_price unavailable
CRITICAL:strat7:2023-01-02 15:09:58,830:15296: No my_buy_price unavailable
WARNING:strat7:2023-01-02 15:10:00,365:15296: last_values_dict empty
CRITICAL:strat7:2023-01-02 15:10:38,940:15289: Yes my_avgbuy_price unavailable
CRITICAL:strat7:2023-01-02 15:10:41,303:15289: Yes my_avgbuy_price unavailable
CRITICAL:strat7:2023-01-02 15:10:44,722:15289: Yes my_avgbuy_price unavailable
CRITICAL:strat7:2023-01-02 15:10:47,261:15289: Yes my_avgbuy_price unavailable
CRITICAL:strat7:2023-01-02 15:11:22,749:15290: Yes my_avgbuy_price unavailable
CRITICAL:strat7:2023-01-02 15:11:25,449:15290: Yes my_avgbuy_price unavailable
CRITICAL:strat7:2023-01-02 15:11:28,829:15290: Yes my_avgbuy_price unavailable
CRITICAL:strat7:2023-01-02 15:11:31,317:15290: Yes my_avgbuy_price unavailable
CRITICAL:strat7:2023-01-02 15:12:10,221:15291: Yes my_avgbuy_price unavailable
CRITICAL:strat7:2023-01-02 15:12:12,685:15291: Yes my_avgbuy_price unavailable
CRITICAL:strat7:2023-01-02 15:12:16,155:15291: Yes my_avgbuy_price unavailable
CRITICAL:strat7:2023-01-02 15:12:18,563:15291: Yes my_avgbuy_price unavailable
CRITICAL:strat7:2023-01-02 15:12:54,415:15292: Yes my_avgbuy_price unavailable
CRITICAL:strat7:2023-01-02 15:12:56,992:15292: Yes my_avgbuy_price unavailable
CRITICAL:strat7:2023-01-02 15:13:00,526:15292: Yes my_avgbuy_price unavailable
CRITICAL:strat7:2023-01-02 15:13:03,039:15292: Yes my_avgbuy_price unavailable
CRITICAL:strat7:2023-01-02 15:13:37,986:15293: No my_buy_price unavailable
CRITICAL:strat7:2023-01-02 15:13:40,373:15293: No my_buy_price unavailable
CRITICAL:strat7:2023-01-02 15:13:43,974:15293: No my_buy_price unavailable
CRITICAL:strat7:2023-01-02 15:13:46,492:15293: No my_buy_price unavailable
CRITICAL:strat7:2023-01-02 15:14:19,422:15294: No my_buy_price unavailable
CRITICAL:strat7:2023-01-02 15:14:22,074:15294: No my_buy_price unavailable
CRITICAL:strat7:2023-01-02 15:14:25,564:15294: No my_buy_price unavailable
CRITICAL:strat7:2023-01-02 15:14:28,070:15294: No my_buy_price unavailable
CRITICAL:strat7:2023-01-02 15:14:58,111:15295: No my_buy_price unavailable
CRITICAL:strat7:2023-01-02 15:15:00,445:15295: No my_buy_price unavailable
CRITICAL:strat7:2023-01-02 15:15:04,595:15295: No my_buy_price unavailable
CRITICAL:strat7:2023-01-02 15:15:06,999:15295: No my_buy_price unavailable
CRITICAL:strat7:2023-01-02 15:15:44,776:15296: No my_buy_price unavailable
CRITICAL:strat7:2023-01-02 15:15:47,140:15296: No my_buy_price unavailable
CRITICAL:strat7:2023-01-02 15:15:50,603:15296: No my_buy_price unavailable
CRITICAL:strat7:2023-01-02 15:15:53,139:15296: No my_buy_price unavailable
CRITICAL:strat7:2023-01-02 15:17:33,502:15289: Yes my_avgbuy_price unavailable
CRITICAL:strat7:2023-01-02 15:17:37,975:15289: Yes my_avgbuy_price unavailable
CRITICAL:strat7:2023-01-02 15:17:41,321:15289: Yes my_avgbuy_price unavailable
CRITICAL:strat7:2023-01-02 15:17:43,698:15289: Yes my_avgbuy_price unavailable
CRITICAL:strat7:2023-01-02 15:18:17,703:15290: Yes my_avgbuy_price unavailable
CRITICAL:strat7:2023-01-02 15:18:20,253:15290: Yes my_avgbuy_price unavailable
CRITICAL:strat7:2023-01-02 15:18:24,733:15290: Yes my_avgbuy_price unavailable
CRITICAL:strat7:2023-01-02 15:18:27,222:15290: Yes my_avgbuy_price unavailable
CRITICAL:strat7:2023-01-02 15:19:05,093:15291: Yes my_avgbuy_price unavailable
CRITICAL:strat7:2023-01-02 15:19:08,368:15291: Yes my_avgbuy_price unavailable
CRITICAL:strat7:2023-01-02 15:19:11,826:15291: Yes my_avgbuy_price unavailable
CRITICAL:strat7:2023-01-02 15:19:14,283:15291: Yes my_avgbuy_price unavailable
CRITICAL:strat7:2023-01-02 15:19:51,144:15292: Yes my_avgbuy_price unavailable
CRITICAL:strat7:2023-01-02 15:19:53,625:15292: Yes my_avgbuy_price unavailable
CRITICAL:strat7:2023-01-02 15:19:57,043:15292: Yes my_avgbuy_price unavailable
CRITICAL:strat7:2023-01-02 15:19:59,471:15292: Yes my_avgbuy_price unavailable
CRITICAL:strat7:2023-01-02 15:20:41,154:15293: No my_buy_price unavailable
CRITICAL:strat7:2023-01-02 15:20:43,565:15293: No my_buy_price unavailable
CRITICAL:strat7:2023-01-02 15:20:49,048:15293: No my_buy_price unavailable
CRITICAL:strat7:2023-01-02 15:20:51,397:15293: No my_buy_price unavailable
CRITICAL:strat7:2023-01-02 15:21:31,212:15294: No my_buy_price unavailable
CRITICAL:strat7:2023-01-02 15:21:33,438:15294: No my_buy_price unavailable
CRITICAL:strat7:2023-01-02 15:21:36,851:15294: No my_buy_price unavailable
CRITICAL:strat7:2023-01-02 15:21:39,289:15294: No my_buy_price unavailable
CRITICAL:strat7:2023-01-02 15:22:15,918:15295: No my_buy_price unavailable
CRITICAL:strat7:2023-01-02 15:22:18,256:15295: No my_buy_price unavailable
CRITICAL:strat7:2023-01-02 15:22:21,658:15295: No my_buy_price unavailable
CRITICAL:strat7:2023-01-02 15:22:24,008:15295: No my_buy_price unavailable
CRITICAL:strat7:2023-01-02 15:23:00,628:15296: No my_buy_price unavailable
CRITICAL:strat7:2023-01-02 15:23:03,148:15296: No my_buy_price unavailable
CRITICAL:strat7:2023-01-02 15:23:06,549:15296: No my_buy_price unavailable
CRITICAL:strat7:2023-01-02 15:23:08,879:15296: No my_buy_price unavailable
CRITICAL:strat7:2023-01-02 15:24:45,771:15289: Yes my_avgbuy_price unavailable
CRITICAL:strat7:2023-01-02 15:24:48,476:15289: Yes my_avgbuy_price unavailable
CRITICAL:strat7:2023-01-02 15:24:52,055:15289: Yes my_avgbuy_price unavailable
CRITICAL:strat7:2023-01-02 15:24:54,466:15289: Yes my_avgbuy_price unavailable
CRITICAL:strat7:2023-01-02 15:25:28,913:15290: Yes my_avgbuy_price unavailable
CRITICAL:strat7:2023-01-02 15:25:31,355:15290: Yes my_avgbuy_price unavailable
CRITICAL:strat7:2023-01-02 15:25:35,335:15290: Yes my_avgbuy_price unavailable
CRITICAL:strat7:2023-01-02 15:25:37,716:15290: Yes my_avgbuy_price unavailable
CRITICAL:strat7:2023-01-02 15:26:11,896:15291: Yes my_avgbuy_price unavailable
CRITICAL:strat7:2023-01-02 15:26:14,442:15291: Yes my_avgbuy_price unavailable
CRITICAL:strat7:2023-01-02 15:26:18,703:15291: Yes my_avgbuy_price unavailable
CRITICAL:strat7:2023-01-02 15:26:20,984:15291: Yes my_avgbuy_price unavailable
CRITICAL:strat7:2023-01-02 15:26:55,069:15292: Yes my_avgbuy_price unavailable
CRITICAL:strat7:2023-01-02 15:26:57,882:15292: Yes my_avgbuy_price unavailable
CRITICAL:strat7:2023-01-02 15:27:01,199:15292: Yes my_avgbuy_price unavailable
CRITICAL:strat7:2023-01-02 15:27:03,636:15292: Yes my_avgbuy_price unavailable
CRITICAL:strat7:2023-01-02 15:27:41,016:15293: No my_buy_price unavailable
CRITICAL:strat7:2023-01-02 15:27:43,503:15293: No my_buy_price unavailable
CRITICAL:strat7:2023-01-02 15:27:46,913:15293: No my_buy_price unavailable
CRITICAL:strat7:2023-01-02 15:27:49,220:15293: No my_buy_price unavailable
CRITICAL:strat7:2023-01-02 15:28:26,095:15294: No my_buy_price unavailable
CRITICAL:strat7:2023-01-02 15:28:28,436:15294: No my_buy_price unavailable
CRITICAL:strat7:2023-01-02 15:28:32,676:15294: No my_buy_price unavailable
CRITICAL:strat7:2023-01-02 15:28:35,397:15294: No my_buy_price unavailable
CRITICAL:strat7:2023-01-02 15:29:14,074:15295: No my_buy_price unavailable
CRITICAL:strat7:2023-01-02 15:29:16,721:15295: No my_buy_price unavailable
CRITICAL:strat7:2023-01-02 15:29:20,109:15295: No my_buy_price unavailable
CRITICAL:strat7:2023-01-02 15:29:22,290:15295: No my_buy_price unavailable
CRITICAL:strat7:2023-01-02 15:29:52,211:15296: No my_buy_price unavailable
CRITICAL:strat7:2023-01-02 15:29:54,665:15296: No my_buy_price unavailable
CRITICAL:strat7:2023-01-02 15:29:58,163:15296: No my_buy_price unavailable
CRITICAL:strat7:2023-01-02 15:30:00,482:15296: No my_buy_price unavailable
CRITICAL:strat7:2023-01-02 15:32:13,713:15290: Yes my_avgbuy_price unavailable
CRITICAL:strat7:2023-01-02 15:32:16,029:15290: Yes my_avgbuy_price unavailable
CRITICAL:strat7:2023-01-02 15:32:19,338:15290: Yes my_avgbuy_price unavailable
CRITICAL:strat7:2023-01-02 15:32:21,600:15290: Yes my_avgbuy_price unavailable
CRITICAL:strat7:2023-01-02 15:32:57,245:15291: Yes my_avgbuy_price unavailable
CRITICAL:strat7:2023-01-02 15:32:59,487:15291: Yes my_avgbuy_price unavailable
CRITICAL:strat7:2023-01-02 15:33:02,869:15291: Yes my_avgbuy_price unavailable
CRITICAL:strat7:2023-01-02 15:33:05,162:15291: Yes my_avgbuy_price unavailable
CRITICAL:strat7:2023-01-02 15:34:18,027:15293: No my_buy_price unavailable
CRITICAL:strat7:2023-01-02 15:34:20,383:15293: No my_buy_price unavailable
CRITICAL:strat7:2023-01-02 15:34:23,706:15293: No my_buy_price unavailable
CRITICAL:strat7:2023-01-02 15:34:26,034:15293: No my_buy_price unavailable
CRITICAL:strat7:2023-01-02 15:35:02,511:15294: No my_buy_price unavailable
CRITICAL:strat7:2023-01-02 15:35:04,679:15294: No my_buy_price unavailable
CRITICAL:strat7:2023-01-02 15:35:08,183:15294: No my_buy_price unavailable
CRITICAL:strat7:2023-01-02 15:35:10,550:15294: No my_buy_price unavailable
CRITICAL:strat7:2023-01-02 15:35:48,000:15295: No my_buy_price unavailable
CRITICAL:strat7:2023-01-02 15:35:50,315:15295: No my_buy_price unavailable
CRITICAL:strat7:2023-01-02 15:35:53,556:15295: No my_buy_price unavailable
CRITICAL:strat7:2023-01-02 15:35:55,910:15295: No my_buy_price unavailable
CRITICAL:strat7:2023-01-02 15:36:31,189:15296: No my_buy_price unavailable
CRITICAL:strat7:2023-01-02 15:36:33,659:15296: No my_buy_price unavailable
CRITICAL:strat7:2023-01-02 15:36:37,041:15296: No my_buy_price unavailable
CRITICAL:strat7:2023-01-02 15:36:39,410:15296: No my_buy_price unavailable
CRITICAL:strat7:2023-01-02 15:39:01,925:15290: Yes my_avgbuy_price unavailable
CRITICAL:strat7:2023-01-02 15:39:04,240:15290: Yes my_avgbuy_price unavailable
CRITICAL:strat7:2023-01-02 15:39:07,562:15290: Yes my_avgbuy_price unavailable
CRITICAL:strat7:2023-01-02 15:39:10,404:15290: Yes my_avgbuy_price unavailable
CRITICAL:strat7:2023-01-02 15:39:45,951:15291: Yes my_avgbuy_price unavailable
CRITICAL:strat7:2023-01-02 15:39:48,239:15291: Yes my_avgbuy_price unavailable
CRITICAL:strat7:2023-01-02 15:39:51,563:15291: Yes my_avgbuy_price unavailable
CRITICAL:strat7:2023-01-02 15:39:54,009:15291: Yes my_avgbuy_price unavailable
CRITICAL:strat7:2023-01-02 15:41:06,025:15293: No my_buy_price unavailable
CRITICAL:strat7:2023-01-02 15:41:08,467:15293: No my_buy_price unavailable
CRITICAL:strat7:2023-01-02 15:41:11,863:15293: No my_buy_price unavailable
CRITICAL:strat7:2023-01-02 15:41:14,142:15293: No my_buy_price unavailable
CRITICAL:strat7:2023-01-02 15:41:46,594:15294: No my_buy_price unavailable
CRITICAL:strat7:2023-01-02 15:41:48,981:15294: No my_buy_price unavailable
CRITICAL:strat7:2023-01-02 15:41:52,182:15294: No my_buy_price unavailable
CRITICAL:strat7:2023-01-02 15:41:54,641:15294: No my_buy_price unavailable
CRITICAL:strat7:2023-01-02 15:42:30,801:15295: No my_buy_price unavailable
CRITICAL:strat7:2023-01-02 15:42:33,206:15295: No my_buy_price unavailable
CRITICAL:strat7:2023-01-02 15:42:36,570:15295: No my_buy_price unavailable
CRITICAL:strat7:2023-01-02 15:42:38,976:15295: No my_buy_price unavailable
CRITICAL:strat7:2023-01-02 15:43:16,724:15296: No my_buy_price unavailable
CRITICAL:strat7:2023-01-02 15:43:19,159:15296: No my_buy_price unavailable
CRITICAL:strat7:2023-01-02 15:43:22,657:15296: No my_buy_price unavailable
CRITICAL:strat7:2023-01-02 15:43:24,971:15296: No my_buy_price unavailable
CRITICAL:strat7:2023-01-02 15:45:40,593:15290: Yes my_avgbuy_price unavailable
CRITICAL:strat7:2023-01-02 15:45:43,444:15290: Yes my_avgbuy_price unavailable
CRITICAL:strat7:2023-01-02 15:45:47,209:15290: Yes my_avgbuy_price unavailable
CRITICAL:strat7:2023-01-02 15:45:50,414:15290: Yes my_avgbuy_price unavailable
CRITICAL:strat7:2023-01-02 15:46:26,274:15291: Yes my_avgbuy_price unavailable
CRITICAL:strat7:2023-01-02 15:46:28,744:15291: Yes my_avgbuy_price unavailable
CRITICAL:strat7:2023-01-02 15:46:32,423:15291: Yes my_avgbuy_price unavailable
CRITICAL:strat7:2023-01-02 15:46:35,026:15291: Yes my_avgbuy_price unavailable
CRITICAL:strat7:2023-01-02 15:47:54,052:15293: No my_buy_price unavailable
CRITICAL:strat7:2023-01-02 15:47:56,781:15293: No my_buy_price unavailable
CRITICAL:strat7:2023-01-02 15:48:00,659:15293: No my_buy_price unavailable
CRITICAL:strat7:2023-01-02 15:48:03,279:15293: No my_buy_price unavailable
CRITICAL:strat7:2023-01-02 15:48:35,794:15294: No my_buy_price unavailable
CRITICAL:strat7:2023-01-02 15:48:38,873:15294: No my_buy_price unavailable
CRITICAL:strat7:2023-01-02 15:48:43,255:15294: No my_buy_price unavailable
CRITICAL:strat7:2023-01-02 15:48:45,643:15294: No my_buy_price unavailable
CRITICAL:strat7:2023-01-02 15:49:21,641:15295: No my_buy_price unavailable
CRITICAL:strat7:2023-01-02 15:49:24,542:15295: No my_buy_price unavailable
CRITICAL:strat7:2023-01-02 15:49:27,948:15295: No my_buy_price unavailable
CRITICAL:strat7:2023-01-02 15:49:30,615:15295: No my_buy_price unavailable
CRITICAL:strat7:2023-01-02 15:50:09,183:15296: No my_buy_price unavailable
CRITICAL:strat7:2023-01-02 15:50:12,184:15296: No my_buy_price unavailable
CRITICAL:strat7:2023-01-02 15:50:15,772:15296: No my_buy_price unavailable
CRITICAL:strat7:2023-01-02 15:50:18,010:15296: No my_buy_price unavailable
CRITICAL:strat7:2023-01-02 15:52:26,115:15290: Yes my_avgbuy_price unavailable
CRITICAL:strat7:2023-01-02 15:52:28,606:15290: Yes my_avgbuy_price unavailable
CRITICAL:strat7:2023-01-02 15:52:32,293:15290: Yes my_avgbuy_price unavailable
CRITICAL:strat7:2023-01-02 15:52:34,898:15290: Yes my_avgbuy_price unavailable
CRITICAL:strat7:2023-01-02 15:53:09,536:15291: Yes my_avgbuy_price unavailable
CRITICAL:strat7:2023-01-02 15:53:12,132:15291: Yes my_avgbuy_price unavailable
CRITICAL:strat7:2023-01-02 15:53:15,851:15291: Yes my_avgbuy_price unavailable
CRITICAL:strat7:2023-01-02 15:53:18,280:15291: Yes my_avgbuy_price unavailable
CRITICAL:strat7:2023-01-02 15:54:39,988:15293: No my_buy_price unavailable
CRITICAL:strat7:2023-01-02 15:54:42,840:15293: No my_buy_price unavailable
CRITICAL:strat7:2023-01-02 15:54:46,565:15293: No my_buy_price unavailable
CRITICAL:strat7:2023-01-02 15:54:49,247:15293: No my_buy_price unavailable
CRITICAL:strat7:2023-01-02 15:55:17,965:15294: No my_buy_price unavailable
CRITICAL:strat7:2023-01-02 15:55:20,217:15294: No my_buy_price unavailable
CRITICAL:strat7:2023-01-02 15:55:23,790:15294: No my_buy_price unavailable
CRITICAL:strat7:2023-01-02 15:55:26,401:15294: No my_buy_price unavailable
CRITICAL:strat7:2023-01-02 15:55:58,999:15295: No my_buy_price unavailable
CRITICAL:strat7:2023-01-02 15:56:01,786:15295: No my_buy_price unavailable
CRITICAL:strat7:2023-01-02 15:56:05,452:15295: No my_buy_price unavailable
CRITICAL:strat7:2023-01-02 15:56:07,829:15295: No my_buy_price unavailable
CRITICAL:strat7:2023-01-02 15:56:42,677:15296: No my_buy_price unavailable
CRITICAL:strat7:2023-01-02 15:56:45,039:15296: No my_buy_price unavailable
CRITICAL:strat7:2023-01-02 15:56:48,790:15296: No my_buy_price unavailable
CRITICAL:strat7:2023-01-02 15:56:52,038:15296: No my_buy_price unavailable
CRITICAL:strat7:2023-01-02 15:59:06,139:15290: Yes my_avgbuy_price unavailable
CRITICAL:strat7:2023-01-02 15:59:08,701:15290: Yes my_avgbuy_price unavailable
CRITICAL:strat7:2023-01-02 15:59:12,183:15290: Yes my_avgbuy_price unavailable
CRITICAL:strat7:2023-01-02 15:59:14,568:15290: Yes my_avgbuy_price unavailable
CRITICAL:strat7:2023-01-02 15:59:52,534:15291: Yes my_avgbuy_price unavailable
CRITICAL:strat7:2023-01-02 15:59:55,111:15291: Yes my_avgbuy_price unavailable
CRITICAL:strat7:2023-01-02 15:59:58,906:15291: Yes my_avgbuy_price unavailable
CRITICAL:strat7:2023-01-02 16:00:01,284:15291: Yes my_avgbuy_price unavailable
CRITICAL:strat7:2023-01-02 16:01:17,123:15293: No my_buy_price unavailable
CRITICAL:strat7:2023-01-02 16:01:19,413:15293: No my_buy_price unavailable
CRITICAL:strat7:2023-01-02 16:01:22,373:15293: No my_buy_price unavailable
CRITICAL:strat7:2023-01-02 16:01:24,507:15293: No my_buy_price unavailable
CRITICAL:strat7:2023-01-02 16:01:58,434:15294: No my_buy_price unavailable
CRITICAL:strat7:2023-01-02 16:02:00,627:15294: No my_buy_price unavailable
CRITICAL:strat7:2023-01-02 16:02:04,094:15294: No my_buy_price unavailable
CRITICAL:strat7:2023-01-02 16:02:06,461:15294: No my_buy_price unavailable
CRITICAL:strat7:2023-01-02 16:02:36,649:15295: No my_buy_price unavailable
CRITICAL:strat7:2023-01-02 16:02:38,937:15295: No my_buy_price unavailable
CRITICAL:strat7:2023-01-02 16:02:42,805:15295: No my_buy_price unavailable
CRITICAL:strat7:2023-01-02 16:02:45,444:15295: No my_buy_price unavailable
CRITICAL:strat7:2023-01-02 16:05:30,889:15290: Yes my_avgbuy_price unavailable
CRITICAL:strat7:2023-01-02 16:05:33,165:15290: Yes my_avgbuy_price unavailable
CRITICAL:strat7:2023-01-02 16:05:37,530:15290: Yes my_avgbuy_price unavailable
CRITICAL:strat7:2023-01-02 16:05:39,830:15290: Yes my_avgbuy_price unavailable
CRITICAL:strat7:2023-01-02 16:06:08,784:15291: Yes my_avgbuy_price unavailable
CRITICAL:strat7:2023-01-02 16:06:11,851:15291: Yes my_avgbuy_price unavailable
CRITICAL:strat7:2023-01-02 16:06:16,036:15291: Yes my_avgbuy_price unavailable
CRITICAL:strat7:2023-01-02 16:06:18,236:15291: Yes my_avgbuy_price unavailable
CRITICAL:strat7:2023-01-02 16:07:41,263:15293: No my_buy_price unavailable
CRITICAL:strat7:2023-01-02 16:07:43,530:15293: No my_buy_price unavailable
CRITICAL:strat7:2023-01-02 16:07:48,316:15293: No my_buy_price unavailable
CRITICAL:strat7:2023-01-02 16:07:50,759:15293: No my_buy_price unavailable
CRITICAL:strat7:2023-01-02 16:08:27,203:15294: No my_buy_price unavailable
CRITICAL:strat7:2023-01-02 16:08:29,604:15294: No my_buy_price unavailable
CRITICAL:strat7:2023-01-02 16:08:32,815:15294: No my_buy_price unavailable
CRITICAL:strat7:2023-01-02 16:08:35,001:15294: No my_buy_price unavailable
CRITICAL:strat7:2023-01-02 16:09:05,849:15295: No my_buy_price unavailable
CRITICAL:strat7:2023-01-02 16:09:08,304:15295: No my_buy_price unavailable
CRITICAL:strat7:2023-01-02 16:09:11,714:15295: No my_buy_price unavailable
CRITICAL:strat7:2023-01-02 16:09:14,762:15295: No my_buy_price unavailable
CRITICAL:strat7:2023-01-02 16:12:12,979:15290: Yes my_avgbuy_price unavailable
CRITICAL:strat7:2023-01-02 16:12:15,889:15290: Yes my_avgbuy_price unavailable
CRITICAL:strat7:2023-01-02 16:12:19,814:15290: Yes my_avgbuy_price unavailable
CRITICAL:strat7:2023-01-02 16:12:22,093:15290: Yes my_avgbuy_price unavailable
CRITICAL:strat7:2023-01-02 16:12:57,096:15291: Yes my_avgbuy_price unavailable
CRITICAL:strat7:2023-01-02 16:13:00,368:15291: Yes my_avgbuy_price unavailable
CRITICAL:strat7:2023-01-02 16:13:04,095:15291: Yes my_avgbuy_price unavailable
CRITICAL:strat7:2023-01-02 16:13:06,399:15291: Yes my_avgbuy_price unavailable
CRITICAL:strat7:2023-01-02 16:14:14,144:15293: No my_buy_price unavailable
CRITICAL:strat7:2023-01-02 16:14:16,508:15293: No my_buy_price unavailable
CRITICAL:strat7:2023-01-02 16:14:19,897:15293: No my_buy_price unavailable
CRITICAL:strat7:2023-01-02 16:14:22,281:15293: No my_buy_price unavailable
CRITICAL:strat7:2023-01-02 16:15:00,197:15294: No my_buy_price unavailable
CRITICAL:strat7:2023-01-02 16:15:02,833:15294: No my_buy_price unavailable
CRITICAL:strat7:2023-01-02 16:15:06,132:15294: No my_buy_price unavailable
CRITICAL:strat7:2023-01-02 16:15:08,441:15294: No my_buy_price unavailable
CRITICAL:strat7:2023-01-02 16:15:43,343:15295: No my_buy_price unavailable
CRITICAL:strat7:2023-01-02 16:15:46,534:15295: No my_buy_price unavailable
CRITICAL:strat7:2023-01-02 16:15:49,968:15295: No my_buy_price unavailable
CRITICAL:strat7:2023-01-02 16:15:52,457:15295: No my_buy_price unavailable
CRITICAL:strat7:2023-01-02 16:16:39,721:15296: No my_buy_price unavailable
CRITICAL:strat7:2023-01-02 16:16:42,126:15296: No my_buy_price unavailable
CRITICAL:strat7:2023-01-02 16:16:45,468:15296: No my_buy_price unavailable
CRITICAL:strat7:2023-01-02 16:16:47,932:15296: No my_buy_price unavailable
CRITICAL:strat7:2023-01-02 16:19:03,019:15290: Yes my_avgbuy_price unavailable
CRITICAL:strat7:2023-01-02 16:19:05,542:15290: Yes my_avgbuy_price unavailable
CRITICAL:strat7:2023-01-02 16:19:08,890:15290: Yes my_avgbuy_price unavailable
CRITICAL:strat7:2023-01-02 16:19:11,280:15290: Yes my_avgbuy_price unavailable
CRITICAL:strat7:2023-01-02 16:19:47,841:15291: Yes my_avgbuy_price unavailable
CRITICAL:strat7:2023-01-02 16:19:50,304:15291: Yes my_avgbuy_price unavailable
CRITICAL:strat7:2023-01-02 16:19:53,621:15291: Yes my_avgbuy_price unavailable
CRITICAL:strat7:2023-01-02 16:19:55,946:15291: Yes my_avgbuy_price unavailable
CRITICAL:strat7:2023-01-02 16:20:59,690:15293: No my_buy_price unavailable
CRITICAL:strat7:2023-01-02 16:21:02,276:15293: No my_buy_price unavailable
CRITICAL:strat7:2023-01-02 16:21:05,601:15293: No my_buy_price unavailable
CRITICAL:strat7:2023-01-02 16:21:08,068:15293: No my_buy_price unavailable
CRITICAL:strat7:2023-01-02 16:21:43,189:15294: No my_buy_price unavailable
CRITICAL:strat7:2023-01-02 16:21:45,570:15294: No my_buy_price unavailable
CRITICAL:strat7:2023-01-02 16:21:48,915:15294: No my_buy_price unavailable
CRITICAL:strat7:2023-01-02 16:21:51,341:15294: No my_buy_price unavailable
CRITICAL:strat7:2023-01-02 16:22:28,582:15295: No my_buy_price unavailable
CRITICAL:strat7:2023-01-02 16:22:31,020:15295: No my_buy_price unavailable
CRITICAL:strat7:2023-01-02 16:22:34,470:15295: No my_buy_price unavailable
CRITICAL:strat7:2023-01-02 16:22:36,981:15295: No my_buy_price unavailable
CRITICAL:strat7:2023-01-02 16:23:14,807:15296: No my_buy_price unavailable
CRITICAL:strat7:2023-01-02 16:23:17,040:15296: No my_buy_price unavailable
CRITICAL:strat7:2023-01-02 16:23:20,119:15296: No my_buy_price unavailable
CRITICAL:strat7:2023-01-02 16:23:23,158:15296: No my_buy_price unavailable
CRITICAL:strat7:2023-01-02 16:25:33,278:15290: Yes my_avgbuy_price unavailable
CRITICAL:strat7:2023-01-02 16:25:35,616:15290: Yes my_avgbuy_price unavailable
CRITICAL:strat7:2023-01-02 16:25:39,007:15290: Yes my_avgbuy_price unavailable
CRITICAL:strat7:2023-01-02 16:25:41,488:15290: Yes my_avgbuy_price unavailable
CRITICAL:strat7:2023-01-02 16:26:19,743:15291: Yes my_avgbuy_price unavailable
CRITICAL:strat7:2023-01-02 16:26:22,032:15291: Yes my_avgbuy_price unavailable
CRITICAL:strat7:2023-01-02 16:26:25,253:15291: Yes my_avgbuy_price unavailable
CRITICAL:strat7:2023-01-02 16:26:27,671:15291: Yes my_avgbuy_price unavailable
CRITICAL:strat7:2023-01-02 16:27:47,680:15293: No my_buy_price unavailable
CRITICAL:strat7:2023-01-02 16:27:50,056:15293: No my_buy_price unavailable
CRITICAL:strat7:2023-01-02 16:27:53,272:15293: No my_buy_price unavailable
CRITICAL:strat7:2023-01-02 16:27:55,711:15293: No my_buy_price unavailable
CRITICAL:strat7:2023-01-02 16:28:33,625:15294: No my_buy_price unavailable
CRITICAL:strat7:2023-01-02 16:28:36,039:15294: No my_buy_price unavailable
CRITICAL:strat7:2023-01-02 16:28:39,541:15294: No my_buy_price unavailable
CRITICAL:strat7:2023-01-02 16:28:42,132:15294: No my_buy_price unavailable
CRITICAL:strat7:2023-01-02 16:29:14,651:15295: No my_buy_price unavailable
CRITICAL:strat7:2023-01-02 16:29:17,231:15295: No my_buy_price unavailable
CRITICAL:strat7:2023-01-02 16:29:20,703:15295: No my_buy_price unavailable
CRITICAL:strat7:2023-01-02 16:29:23,074:15295: No my_buy_price unavailable
CRITICAL:strat7:2023-01-02 16:29:54,813:15296: No my_buy_price unavailable
CRITICAL:strat7:2023-01-02 16:29:57,106:15296: No my_buy_price unavailable
CRITICAL:strat7:2023-01-02 16:30:01,097:15296: No my_buy_price unavailable
CRITICAL:strat7:2023-01-02 16:30:04,724:15296: No my_buy_price unavailable
CRITICAL:strat7:2023-01-02 16:32:09,739:15290: Yes my_avgbuy_price unavailable
CRITICAL:strat7:2023-01-02 16:32:12,350:15290: Yes my_avgbuy_price unavailable
CRITICAL:strat7:2023-01-02 16:32:15,758:15290: Yes my_avgbuy_price unavailable
CRITICAL:strat7:2023-01-02 16:32:18,332:15290: Yes my_avgbuy_price unavailable
CRITICAL:strat7:2023-01-02 16:32:56,700:15291: Yes my_avgbuy_price unavailable
CRITICAL:strat7:2023-01-02 16:32:59,326:15291: Yes my_avgbuy_price unavailable
CRITICAL:strat7:2023-01-02 16:33:03,091:15291: Yes my_avgbuy_price unavailable
CRITICAL:strat7:2023-01-02 16:33:05,760:15291: Yes my_avgbuy_price unavailable
CRITICAL:strat7:2023-01-02 16:34:24,581:15293: No my_buy_price unavailable
CRITICAL:strat7:2023-01-02 16:34:26,993:15293: No my_buy_price unavailable
CRITICAL:strat7:2023-01-02 16:34:30,469:15293: No my_buy_price unavailable
CRITICAL:strat7:2023-01-02 16:34:32,985:15293: No my_buy_price unavailable
CRITICAL:strat7:2023-01-02 16:35:10,429:15294: No my_buy_price unavailable
CRITICAL:strat7:2023-01-02 16:35:13,014:15294: No my_buy_price unavailable
CRITICAL:strat7:2023-01-02 16:35:16,564:15294: No my_buy_price unavailable
CRITICAL:strat7:2023-01-02 16:35:18,853:15294: No my_buy_price unavailable
CRITICAL:strat7:2023-01-02 16:35:51,132:15295: No my_buy_price unavailable
CRITICAL:strat7:2023-01-02 16:35:53,401:15295: No my_buy_price unavailable
CRITICAL:strat7:2023-01-02 16:35:56,657:15295: No my_buy_price unavailable
CRITICAL:strat7:2023-01-02 16:35:58,992:15295: No my_buy_price unavailable
CRITICAL:strat7:2023-01-02 16:36:33,183:15296: No my_buy_price unavailable
CRITICAL:strat7:2023-01-02 16:36:35,416:15296: No my_buy_price unavailable
CRITICAL:strat7:2023-01-02 16:36:38,672:15296: No my_buy_price unavailable
CRITICAL:strat7:2023-01-02 16:36:41,169:15296: No my_buy_price unavailable
CRITICAL:strat7:2023-01-02 16:38:50,214:15290: Yes my_avgbuy_price unavailable
CRITICAL:strat7:2023-01-02 16:38:52,466:15290: Yes my_avgbuy_price unavailable
CRITICAL:strat7:2023-01-02 16:38:55,840:15290: Yes my_avgbuy_price unavailable
CRITICAL:strat7:2023-01-02 16:38:58,203:15290: Yes my_avgbuy_price unavailable
CRITICAL:strat7:2023-01-02 16:39:34,795:15291: Yes my_avgbuy_price unavailable
CRITICAL:strat7:2023-01-02 16:39:37,249:15291: Yes my_avgbuy_price unavailable
CRITICAL:strat7:2023-01-02 16:39:40,690:15291: Yes my_avgbuy_price unavailable
CRITICAL:strat7:2023-01-02 16:39:42,996:15291: Yes my_avgbuy_price unavailable
CRITICAL:strat7:2023-01-02 16:41:04,381:15293: No my_buy_price unavailable
CRITICAL:strat7:2023-01-02 16:41:06,923:15293: No my_buy_price unavailable
CRITICAL:strat7:2023-01-02 16:41:10,708:15293: No my_buy_price unavailable
CRITICAL:strat7:2023-01-02 16:41:13,124:15293: No my_buy_price unavailable
CRITICAL:strat7:2023-01-02 16:41:48,149:15294: No my_buy_price unavailable
CRITICAL:strat7:2023-01-02 16:41:50,668:15294: No my_buy_price unavailable
CRITICAL:strat7:2023-01-02 16:41:54,317:15294: No my_buy_price unavailable
CRITICAL:strat7:2023-01-02 16:41:57,023:15294: No my_buy_price unavailable
CRITICAL:strat7:2023-01-02 16:42:29,857:15295: No my_buy_price unavailable
CRITICAL:strat7:2023-01-02 16:42:32,259:15295: No my_buy_price unavailable
CRITICAL:strat7:2023-01-02 16:42:35,637:15295: No my_buy_price unavailable
CRITICAL:strat7:2023-01-02 16:42:38,247:15295: No my_buy_price unavailable
CRITICAL:strat7:2023-01-02 16:43:13,179:15296: No my_buy_price unavailable
CRITICAL:strat7:2023-01-02 16:43:16,147:15296: No my_buy_price unavailable
CRITICAL:strat7:2023-01-02 16:43:19,906:15296: No my_buy_price unavailable
CRITICAL:strat7:2023-01-02 16:43:22,093:15296: No my_buy_price unavailable
CRITICAL:strat7:2023-01-02 16:45:25,256:15290: Yes my_avgbuy_price unavailable
CRITICAL:strat7:2023-01-02 16:45:27,666:15290: Yes my_avgbuy_price unavailable
CRITICAL:strat7:2023-01-02 16:45:30,974:15290: Yes my_avgbuy_price unavailable
CRITICAL:strat7:2023-01-02 16:45:33,381:15290: Yes my_avgbuy_price unavailable
CRITICAL:strat7:2023-01-02 16:46:03,448:15291: Yes my_avgbuy_price unavailable
CRITICAL:strat7:2023-01-02 16:46:05,860:15291: Yes my_avgbuy_price unavailable
CRITICAL:strat7:2023-01-02 16:46:09,308:15291: Yes my_avgbuy_price unavailable
CRITICAL:strat7:2023-01-02 16:46:11,709:15291: Yes my_avgbuy_price unavailable
CRITICAL:strat7:2023-01-02 16:47:29,172:15293: No my_buy_price unavailable
CRITICAL:strat7:2023-01-02 16:47:31,581:15293: No my_buy_price unavailable
CRITICAL:strat7:2023-01-02 16:47:35,702:15293: No my_buy_price unavailable
CRITICAL:strat7:2023-01-02 16:47:37,999:15293: No my_buy_price unavailable
CRITICAL:strat7:2023-01-02 16:48:10,697:15294: No my_buy_price unavailable
CRITICAL:strat7:2023-01-02 16:48:13,069:15294: No my_buy_price unavailable
CRITICAL:strat7:2023-01-02 16:48:16,486:15294: No my_buy_price unavailable
CRITICAL:strat7:2023-01-02 16:48:18,950:15294: No my_buy_price unavailable
CRITICAL:strat7:2023-01-02 16:48:48,666:15295: No my_buy_price unavailable
CRITICAL:strat7:2023-01-02 16:48:51,083:15295: No my_buy_price unavailable
CRITICAL:strat7:2023-01-02 16:48:54,445:15295: No my_buy_price unavailable
CRITICAL:strat7:2023-01-02 16:48:56,930:15295: No my_buy_price unavailable
CRITICAL:strat7:2023-01-02 16:51:46,139:15290: Yes my_avgbuy_price unavailable
CRITICAL:strat7:2023-01-02 16:51:48,437:15290: Yes my_avgbuy_price unavailable
CRITICAL:strat7:2023-01-02 16:51:51,829:15290: Yes my_avgbuy_price unavailable
CRITICAL:strat7:2023-01-02 16:51:54,013:15290: Yes my_avgbuy_price unavailable
CRITICAL:strat7:2023-01-02 16:52:29,158:15291: Yes my_avgbuy_price unavailable
CRITICAL:strat7:2023-01-02 16:52:31,481:15291: Yes my_avgbuy_price unavailable
CRITICAL:strat7:2023-01-02 16:52:35,198:15291: Yes my_avgbuy_price unavailable
CRITICAL:strat7:2023-01-02 16:52:37,478:15291: Yes my_avgbuy_price unavailable
CRITICAL:strat7:2023-01-02 16:53:54,557:15293: No my_buy_price unavailable
CRITICAL:strat7:2023-01-02 16:53:57,010:15293: No my_buy_price unavailable
CRITICAL:strat7:2023-01-02 16:54:00,502:15293: No my_buy_price unavailable
CRITICAL:strat7:2023-01-02 16:54:02,932:15293: No my_buy_price unavailable
CRITICAL:strat7:2023-01-02 16:54:36,850:15294: No my_buy_price unavailable
CRITICAL:strat7:2023-01-02 16:54:39,068:15294: No my_buy_price unavailable
CRITICAL:strat7:2023-01-02 16:54:42,485:15294: No my_buy_price unavailable
CRITICAL:strat7:2023-01-02 16:54:44,898:15294: No my_buy_price unavailable
CRITICAL:strat7:2023-01-02 16:55:19,224:15295: No my_buy_price unavailable
CRITICAL:strat7:2023-01-02 16:55:21,712:15295: No my_buy_price unavailable
CRITICAL:strat7:2023-01-02 16:55:25,049:15295: No my_buy_price unavailable
CRITICAL:strat7:2023-01-02 16:55:27,268:15295: No my_buy_price unavailable
CRITICAL:strat7:2023-01-02 16:58:23,121:15290: Yes my_avgbuy_price unavailable
CRITICAL:strat7:2023-01-02 16:58:25,357:15290: Yes my_avgbuy_price unavailable
CRITICAL:strat7:2023-01-02 16:58:28,470:15290: Yes my_avgbuy_price unavailable
CRITICAL:strat7:2023-01-02 16:58:30,613:15290: Yes my_avgbuy_price unavailable
CRITICAL:strat7:2023-01-02 16:59:02,999:15291: Yes my_avgbuy_price unavailable
CRITICAL:strat7:2023-01-02 16:59:05,301:15291: Yes my_avgbuy_price unavailable
CRITICAL:strat7:2023-01-02 16:59:08,727:15291: Yes my_avgbuy_price unavailable
CRITICAL:strat7:2023-01-02 16:59:11,033:15291: Yes my_avgbuy_price unavailable
CRITICAL:strat7:2023-01-02 17:00:25,241:15293: No my_buy_price unavailable
CRITICAL:strat7:2023-01-02 17:00:27,666:15293: No my_buy_price unavailable
CRITICAL:strat7:2023-01-02 17:00:30,920:15293: No my_buy_price unavailable
CRITICAL:strat7:2023-01-02 17:00:33,187:15293: No my_buy_price unavailable
CRITICAL:strat7:2023-01-02 17:01:11,918:15294: No my_buy_price unavailable
CRITICAL:strat7:2023-01-02 17:01:14,303:15294: No my_buy_price unavailable
CRITICAL:strat7:2023-01-02 17:01:17,759:15294: No my_buy_price unavailable
CRITICAL:strat7:2023-01-02 17:01:20,268:15294: No my_buy_price unavailable
CRITICAL:strat7:2023-01-02 17:01:54,306:15295: No my_buy_price unavailable
CRITICAL:strat7:2023-01-02 17:01:56,514:15295: No my_buy_price unavailable
CRITICAL:strat7:2023-01-02 17:01:59,936:15295: No my_buy_price unavailable
CRITICAL:strat7:2023-01-02 17:02:02,361:15295: No my_buy_price unavailable
CRITICAL:strat7:2023-01-02 17:04:58,024:15290: Yes my_avgbuy_price unavailable
CRITICAL:strat7:2023-01-02 17:05:00,538:15290: Yes my_avgbuy_price unavailable
CRITICAL:strat7:2023-01-02 17:05:04,138:15290: Yes my_avgbuy_price unavailable
CRITICAL:strat7:2023-01-02 17:05:06,486:15290: Yes my_avgbuy_price unavailable
CRITICAL:strat7:2023-01-02 17:05:44,703:15291: Yes my_avgbuy_price unavailable
CRITICAL:strat7:2023-01-02 17:05:48,082:15291: Yes my_avgbuy_price unavailable
CRITICAL:strat7:2023-01-02 17:05:51,477:15291: Yes my_avgbuy_price unavailable
CRITICAL:strat7:2023-01-02 17:05:53,994:15291: Yes my_avgbuy_price unavailable
CRITICAL:strat7:2023-01-02 17:07:15,590:15293: No my_buy_price unavailable
CRITICAL:strat7:2023-01-02 17:07:17,972:15293: No my_buy_price unavailable
CRITICAL:strat7:2023-01-02 17:07:21,252:15293: No my_buy_price unavailable
CRITICAL:strat7:2023-01-02 17:07:23,584:15293: No my_buy_price unavailable
CRITICAL:strat7:2023-01-02 17:08:01,052:15294: No my_buy_price unavailable
CRITICAL:strat7:2023-01-02 17:08:03,480:15294: No my_buy_price unavailable
CRITICAL:strat7:2023-01-02 17:08:06,760:15294: No my_buy_price unavailable
CRITICAL:strat7:2023-01-02 17:08:09,045:15294: No my_buy_price unavailable
CRITICAL:strat7:2023-01-02 17:08:45,764:15295: No my_buy_price unavailable
CRITICAL:strat7:2023-01-02 17:08:48,040:15295: No my_buy_price unavailable
CRITICAL:strat7:2023-01-02 17:08:51,447:15295: No my_buy_price unavailable
CRITICAL:strat7:2023-01-02 17:08:53,941:15295: No my_buy_price unavailable
CRITICAL:strat7:2023-01-02 17:11:47,127:15290: Yes my_avgbuy_price unavailable
CRITICAL:strat7:2023-01-02 17:11:49,507:15290: Yes my_avgbuy_price unavailable
CRITICAL:strat7:2023-01-02 17:11:52,754:15290: Yes my_avgbuy_price unavailable
CRITICAL:strat7:2023-01-02 17:11:55,037:15290: Yes my_avgbuy_price unavailable
CRITICAL:strat7:2023-01-02 17:12:35,569:15291: Yes my_avgbuy_price unavailable
CRITICAL:strat7:2023-01-02 17:12:37,924:15291: Yes my_avgbuy_price unavailable
CRITICAL:strat7:2023-01-02 17:12:41,176:15291: Yes my_avgbuy_price unavailable
CRITICAL:strat7:2023-01-02 17:12:43,460:15291: Yes my_avgbuy_price unavailable
CRITICAL:strat7:2023-01-02 17:13:23,675:15292: Yes my_avgbuy_price unavailable
CRITICAL:strat7:2023-01-02 17:13:26,154:15292: Yes my_avgbuy_price unavailable
CRITICAL:strat7:2023-01-02 17:13:31,545:15292: Yes my_avgbuy_price unavailable
CRITICAL:strat7:2023-01-02 17:13:33,606:15292: Yes my_avgbuy_price unavailable
CRITICAL:strat7:2023-01-02 17:14:07,625:15293: No my_buy_price unavailable
CRITICAL:strat7:2023-01-02 17:14:09,942:15293: No my_buy_price unavailable
CRITICAL:strat7:2023-01-02 17:14:13,266:15293: No my_buy_price unavailable
CRITICAL:strat7:2023-01-02 17:14:15,552:15293: No my_buy_price unavailable
CRITICAL:strat7:2023-01-02 17:14:51,673:15294: No my_buy_price unavailable
CRITICAL:strat7:2023-01-02 17:14:54,097:15294: No my_buy_price unavailable
CRITICAL:strat7:2023-01-02 17:14:57,489:15294: No my_buy_price unavailable
CRITICAL:strat7:2023-01-02 17:14:59,915:15294: No my_buy_price unavailable
CRITICAL:strat7:2023-01-02 17:15:32,646:15295: No my_buy_price unavailable
CRITICAL:strat7:2023-01-02 17:15:34,963:15295: No my_buy_price unavailable
CRITICAL:strat7:2023-01-02 17:15:40,174:15295: No my_buy_price unavailable
CRITICAL:strat7:2023-01-02 17:15:42,466:15295: No my_buy_price unavailable
CRITICAL:strat7:2023-01-02 17:19:20,796:15291: Yes my_avgbuy_price unavailable
CRITICAL:strat7:2023-01-02 17:19:23,105:15291: Yes my_avgbuy_price unavailable
CRITICAL:strat7:2023-01-02 17:19:26,557:15291: Yes my_avgbuy_price unavailable
CRITICAL:strat7:2023-01-02 17:19:28,922:15291: Yes my_avgbuy_price unavailable
CRITICAL:strat7:2023-01-02 17:20:29,127:15292: Yes my_avgbuy_price unavailable
CRITICAL:strat7:2023-01-02 17:20:31,434:15292: Yes my_avgbuy_price unavailable
CRITICAL:strat7:2023-01-02 17:20:34,728:15292: Yes my_avgbuy_price unavailable
CRITICAL:strat7:2023-01-02 17:20:37,067:15292: Yes my_avgbuy_price unavailable
CRITICAL:strat7:2023-01-02 17:21:15,197:15293: No my_buy_price unavailable
CRITICAL:strat7:2023-01-02 17:21:17,482:15293: No my_buy_price unavailable
CRITICAL:strat7:2023-01-02 17:21:21,041:15293: No my_buy_price unavailable
CRITICAL:strat7:2023-01-02 17:21:23,329:15293: No my_buy_price unavailable
CRITICAL:strat7:2023-01-02 17:21:55,208:15294: No my_buy_price unavailable
CRITICAL:strat7:2023-01-02 17:21:57,633:15294: No my_buy_price unavailable
CRITICAL:strat7:2023-01-02 17:22:01,027:15294: No my_buy_price unavailable
CRITICAL:strat7:2023-01-02 17:22:03,363:15294: No my_buy_price unavailable
CRITICAL:strat7:2023-01-02 17:22:39,051:15295: No my_buy_price unavailable
CRITICAL:strat7:2023-01-02 17:22:41,331:15295: No my_buy_price unavailable
CRITICAL:strat7:2023-01-02 17:22:44,638:15295: No my_buy_price unavailable
CRITICAL:strat7:2023-01-02 17:22:46,947:15295: No my_buy_price unavailable
CRITICAL:strat7:2023-01-02 17:25:39,620:15290: Yes my_avgbuy_price unavailable
CRITICAL:strat7:2023-01-02 17:25:41,969:15290: Yes my_avgbuy_price unavailable
CRITICAL:strat7:2023-01-02 17:26:15,500:15291: Yes my_avgbuy_price unavailable
CRITICAL:strat7:2023-01-02 17:26:17,883:15291: Yes my_avgbuy_price unavailable
CRITICAL:strat7:2023-01-02 17:26:21,109:15291: Yes my_avgbuy_price unavailable
CRITICAL:strat7:2023-01-02 17:26:23,411:15291: Yes my_avgbuy_price unavailable
CRITICAL:strat7:2023-01-02 17:26:59,348:15292: Yes my_avgbuy_price unavailable
CRITICAL:strat7:2023-01-02 17:27:01,709:15292: Yes my_avgbuy_price unavailable
CRITICAL:strat7:2023-01-02 17:27:05,002:15292: Yes my_avgbuy_price unavailable
CRITICAL:strat7:2023-01-02 17:27:07,370:15292: Yes my_avgbuy_price unavailable
CRITICAL:strat7:2023-01-02 17:28:19,246:15294: No my_buy_price unavailable
CRITICAL:strat7:2023-01-02 17:28:21,642:15294: No my_buy_price unavailable
CRITICAL:strat7:2023-01-02 17:28:25,064:15294: No my_buy_price unavailable
CRITICAL:strat7:2023-01-02 17:28:27,508:15294: No my_buy_price unavailable
CRITICAL:strat7:2023-01-02 17:28:58,990:15295: No my_buy_price unavailable
CRITICAL:strat7:2023-01-02 17:29:01,274:15295: No my_buy_price unavailable
CRITICAL:strat7:2023-01-02 17:29:04,697:15295: No my_buy_price unavailable
CRITICAL:strat7:2023-01-02 17:29:07,114:15295: No my_buy_price unavailable
CRITICAL:strat7:2023-01-02 17:31:51,392:15290: Yes my_avgbuy_price unavailable
CRITICAL:strat7:2023-01-02 17:31:53,797:15290: Yes my_avgbuy_price unavailable
CRITICAL:strat7:2023-01-02 17:31:57,003:15290: Yes my_avgbuy_price unavailable
CRITICAL:strat7:2023-01-02 17:31:59,339:15290: Yes my_avgbuy_price unavailable
CRITICAL:strat7:2023-01-02 17:32:34,062:15291: Yes my_avgbuy_price unavailable
CRITICAL:strat7:2023-01-02 17:32:36,367:15291: Yes my_avgbuy_price unavailable
CRITICAL:strat7:2023-01-02 17:32:39,655:15291: Yes my_avgbuy_price unavailable
CRITICAL:strat7:2023-01-02 17:32:42,009:15291: Yes my_avgbuy_price unavailable
CRITICAL:strat7:2023-01-02 17:33:21,136:15292: Yes my_avgbuy_price unavailable
CRITICAL:strat7:2023-01-02 17:33:23,556:15292: Yes my_avgbuy_price unavailable
CRITICAL:strat7:2023-01-02 17:33:26,967:15292: Yes my_avgbuy_price unavailable
CRITICAL:strat7:2023-01-02 17:33:29,362:15292: Yes my_avgbuy_price unavailable
CRITICAL:strat7:2023-01-02 17:34:43,309:15294: No my_buy_price unavailable
CRITICAL:strat7:2023-01-02 17:34:45,699:15294: No my_buy_price unavailable
CRITICAL:strat7:2023-01-02 17:34:49,029:15294: No my_buy_price unavailable
CRITICAL:strat7:2023-01-02 17:34:51,648:15294: No my_buy_price unavailable
CRITICAL:strat7:2023-01-02 17:35:26,233:15295: No my_buy_price unavailable
CRITICAL:strat7:2023-01-02 17:35:28,578:15295: No my_buy_price unavailable
CRITICAL:strat7:2023-01-02 17:35:31,839:15295: No my_buy_price unavailable
CRITICAL:strat7:2023-01-02 17:35:34,188:15295: No my_buy_price unavailable
CRITICAL:strat7:2023-01-02 17:38:19,377:15290: Yes my_avgbuy_price unavailable
CRITICAL:strat7:2023-01-02 17:38:21,722:15290: Yes my_avgbuy_price unavailable
CRITICAL:strat7:2023-01-02 17:38:24,968:15290: Yes my_avgbuy_price unavailable
CRITICAL:strat7:2023-01-02 17:38:27,557:15290: Yes my_avgbuy_price unavailable
CRITICAL:strat7:2023-01-02 17:39:04,160:15291: Yes my_avgbuy_price unavailable
CRITICAL:strat7:2023-01-02 17:39:06,416:15291: Yes my_avgbuy_price unavailable
CRITICAL:strat7:2023-01-02 17:39:09,824:15291: Yes my_avgbuy_price unavailable
CRITICAL:strat7:2023-01-02 17:39:12,079:15291: Yes my_avgbuy_price unavailable
CRITICAL:strat7:2023-01-02 17:39:54,243:15292: Yes my_avgbuy_price unavailable
CRITICAL:strat7:2023-01-02 17:39:56,596:15292: Yes my_avgbuy_price unavailable
CRITICAL:strat7:2023-01-02 17:40:00,005:15292: Yes my_avgbuy_price unavailable
CRITICAL:strat7:2023-01-02 17:40:02,586:15292: Yes my_avgbuy_price unavailable
CRITICAL:strat7:2023-01-02 17:41:11,310:15294: No my_buy_price unavailable
CRITICAL:strat7:2023-01-02 17:41:13,687:15294: No my_buy_price unavailable
CRITICAL:strat7:2023-01-02 17:41:16,936:15294: No my_buy_price unavailable
CRITICAL:strat7:2023-01-02 17:41:19,253:15294: No my_buy_price unavailable
CRITICAL:strat7:2023-01-02 17:41:52,648:15295: No my_buy_price unavailable
CRITICAL:strat7:2023-01-02 17:41:54,973:15295: No my_buy_price unavailable
CRITICAL:strat7:2023-01-02 17:41:58,332:15295: No my_buy_price unavailable
CRITICAL:strat7:2023-01-02 17:42:00,698:15295: No my_buy_price unavailable
CRITICAL:strat7:2023-01-02 17:45:00,502:15290: Yes my_avgbuy_price unavailable
CRITICAL:strat7:2023-01-02 17:45:02,988:15290: Yes my_avgbuy_price unavailable
CRITICAL:strat7:2023-01-02 17:45:06,455:15290: Yes my_avgbuy_price unavailable
CRITICAL:strat7:2023-01-02 17:45:08,832:15290: Yes my_avgbuy_price unavailable
CRITICAL:strat7:2023-01-02 17:45:46,450:15291: Yes my_avgbuy_price unavailable
CRITICAL:strat7:2023-01-02 17:45:48,847:15291: Yes my_avgbuy_price unavailable
CRITICAL:strat7:2023-01-02 17:45:52,148:15291: Yes my_avgbuy_price unavailable
CRITICAL:strat7:2023-01-02 17:45:54,548:15291: Yes my_avgbuy_price unavailable
CRITICAL:strat7:2023-01-02 17:46:34,964:15292: Yes my_avgbuy_price unavailable
CRITICAL:strat7:2023-01-02 17:46:37,389:15292: Yes my_avgbuy_price unavailable
CRITICAL:strat7:2023-01-02 17:46:41,084:15292: Yes my_avgbuy_price unavailable
CRITICAL:strat7:2023-01-02 17:46:43,745:15292: Yes my_avgbuy_price unavailable
CRITICAL:strat7:2023-01-02 17:47:19,351:15293: No my_buy_price unavailable
CRITICAL:strat7:2023-01-02 17:47:21,598:15293: No my_buy_price unavailable
CRITICAL:strat7:2023-01-02 17:47:24,843:15293: No my_buy_price unavailable
CRITICAL:strat7:2023-01-02 17:47:27,221:15293: No my_buy_price unavailable
CRITICAL:strat7:2023-01-02 17:48:04,288:15294: No my_buy_price unavailable
CRITICAL:strat7:2023-01-02 17:48:06,716:15294: No my_buy_price unavailable
CRITICAL:strat7:2023-01-02 17:48:11,152:15294: No my_buy_price unavailable
CRITICAL:strat7:2023-01-02 17:48:13,550:15294: No my_buy_price unavailable
CRITICAL:strat7:2023-01-02 17:48:49,182:15295: No my_buy_price unavailable
CRITICAL:strat7:2023-01-02 17:48:51,550:15295: No my_buy_price unavailable
CRITICAL:strat7:2023-01-02 17:48:54,880:15295: No my_buy_price unavailable
CRITICAL:strat7:2023-01-02 17:48:57,255:15295: No my_buy_price unavailable
CRITICAL:strat7:2023-01-02 17:51:50,136:15290: Yes my_avgbuy_price unavailable
CRITICAL:strat7:2023-01-02 17:51:52,584:15290: Yes my_avgbuy_price unavailable
CRITICAL:strat7:2023-01-02 17:51:55,859:15290: Yes my_avgbuy_price unavailable
CRITICAL:strat7:2023-01-02 17:51:58,142:15290: Yes my_avgbuy_price unavailable
CRITICAL:strat7:2023-01-02 17:52:33,649:15291: Yes my_avgbuy_price unavailable
CRITICAL:strat7:2023-01-02 17:52:36,046:15291: Yes my_avgbuy_price unavailable
CRITICAL:strat7:2023-01-02 17:52:39,378:15291: Yes my_avgbuy_price unavailable
CRITICAL:strat7:2023-01-02 17:52:41,745:15291: Yes my_avgbuy_price unavailable
CRITICAL:strat7:2023-01-02 17:53:55,589:15293: No my_buy_price unavailable
CRITICAL:strat7:2023-01-02 17:53:57,969:15293: No my_buy_price unavailable
CRITICAL:strat7:2023-01-02 17:54:01,259:15293: No my_buy_price unavailable
CRITICAL:strat7:2023-01-02 17:54:03,590:15293: No my_buy_price unavailable
CRITICAL:strat7:2023-01-02 17:54:41,605:15294: No my_buy_price unavailable
CRITICAL:strat7:2023-01-02 17:54:44,050:15294: No my_buy_price unavailable
CRITICAL:strat7:2023-01-02 17:54:51,938:15294: No my_buy_price unavailable
CRITICAL:strat7:2023-01-02 17:54:55,321:15294: No my_buy_price unavailable
CRITICAL:strat7:2023-01-02 17:55:30,121:15295: No my_buy_price unavailable
CRITICAL:strat7:2023-01-02 17:55:32,500:15295: No my_buy_price unavailable
CRITICAL:strat7:2023-01-02 17:55:35,913:15295: No my_buy_price unavailable
CRITICAL:strat7:2023-01-02 17:55:38,265:15295: No my_buy_price unavailable
CRITICAL:strat7:2023-01-02 17:58:17,589:15290: Yes my_avgbuy_price unavailable
CRITICAL:strat7:2023-01-02 17:58:20,055:15290: Yes my_avgbuy_price unavailable
CRITICAL:strat7:2023-01-02 17:58:23,239:15290: Yes my_avgbuy_price unavailable
CRITICAL:strat7:2023-01-02 17:58:25,590:15290: Yes my_avgbuy_price unavailable
CRITICAL:strat7:2023-01-02 17:59:00,092:15291: Yes my_avgbuy_price unavailable
CRITICAL:strat7:2023-01-02 17:59:02,371:15291: Yes my_avgbuy_price unavailable
CRITICAL:strat7:2023-01-02 17:59:05,867:15291: Yes my_avgbuy_price unavailable
CRITICAL:strat7:2023-01-02 17:59:08,159:15291: Yes my_avgbuy_price unavailable
CRITICAL:strat7:2023-01-02 18:00:32,623:15293: No my_buy_price unavailable
CRITICAL:strat7:2023-01-02 18:00:35,060:15293: No my_buy_price unavailable
CRITICAL:strat7:2023-01-02 18:00:38,538:15293: No my_buy_price unavailable
CRITICAL:strat7:2023-01-02 18:00:40,904:15293: No my_buy_price unavailable
CRITICAL:strat7:2023-01-02 18:01:10,768:15294: No my_buy_price unavailable
CRITICAL:strat7:2023-01-02 18:01:13,031:15294: No my_buy_price unavailable
CRITICAL:strat7:2023-01-02 18:01:16,354:15294: No my_buy_price unavailable
CRITICAL:strat7:2023-01-02 18:01:18,731:15294: No my_buy_price unavailable
CRITICAL:strat7:2023-01-02 18:02:01,316:15295: No my_buy_price unavailable
CRITICAL:strat7:2023-01-02 18:02:03,689:15295: No my_buy_price unavailable
CRITICAL:strat7:2023-01-02 18:02:07,049:15295: No my_buy_price unavailable
CRITICAL:strat7:2023-01-02 18:02:09,333:15295: No my_buy_price unavailable
CRITICAL:strat7:2023-01-02 18:04:57,985:15290: Yes my_avgbuy_price unavailable
CRITICAL:strat7:2023-01-02 18:05:00,297:15290: Yes my_avgbuy_price unavailable
CRITICAL:strat7:2023-01-02 18:05:03,730:15290: Yes my_avgbuy_price unavailable
CRITICAL:strat7:2023-01-02 18:05:06,086:15290: Yes my_avgbuy_price unavailable
CRITICAL:strat7:2023-01-02 18:05:40,994:15291: Yes my_avgbuy_price unavailable
CRITICAL:strat7:2023-01-02 18:05:43,253:15291: Yes my_avgbuy_price unavailable
CRITICAL:strat7:2023-01-02 18:05:46,447:15291: Yes my_avgbuy_price unavailable
CRITICAL:strat7:2023-01-02 18:05:49,018:15291: Yes my_avgbuy_price unavailable
CRITICAL:strat7:2023-01-02 18:07:01,447:15293: No my_buy_price unavailable
CRITICAL:strat7:2023-01-02 18:07:03,778:15293: No my_buy_price unavailable
CRITICAL:strat7:2023-01-02 18:07:06,935:15293: No my_buy_price unavailable
CRITICAL:strat7:2023-01-02 18:07:09,231:15293: No my_buy_price unavailable
CRITICAL:strat7:2023-01-02 18:07:43,599:15294: No my_buy_price unavailable
CRITICAL:strat7:2023-01-02 18:07:45,905:15294: No my_buy_price unavailable
CRITICAL:strat7:2023-01-02 18:07:49,110:15294: No my_buy_price unavailable
CRITICAL:strat7:2023-01-02 18:07:51,571:15294: No my_buy_price unavailable
CRITICAL:strat7:2023-01-02 18:08:23,960:15295: No my_buy_price unavailable
CRITICAL:strat7:2023-01-02 18:08:26,321:15295: No my_buy_price unavailable
CRITICAL:strat7:2023-01-02 18:08:30,596:15295: No my_buy_price unavailable
CRITICAL:strat7:2023-01-02 18:08:32,896:15295: No my_buy_price unavailable
CRITICAL:strat7:2023-01-02 18:11:24,470:15290: Yes my_avgbuy_price unavailable
CRITICAL:strat7:2023-01-02 18:11:26,927:15290: Yes my_avgbuy_price unavailable
CRITICAL:strat7:2023-01-02 18:11:30,181:15290: Yes my_avgbuy_price unavailable
CRITICAL:strat7:2023-01-02 18:11:32,401:15290: Yes my_avgbuy_price unavailable
CRITICAL:strat7:2023-01-02 18:12:04,974:15291: Yes my_avgbuy_price unavailable
CRITICAL:strat7:2023-01-02 18:12:07,265:15291: Yes my_avgbuy_price unavailable
CRITICAL:strat7:2023-01-02 18:12:10,477:15291: Yes my_avgbuy_price unavailable
CRITICAL:strat7:2023-01-02 18:12:12,863:15291: Yes my_avgbuy_price unavailable
CRITICAL:strat7:2023-01-02 18:13:26,494:15293: No my_buy_price unavailable
CRITICAL:strat7:2023-01-02 18:13:28,849:15293: No my_buy_price unavailable
CRITICAL:strat7:2023-01-02 18:13:32,062:15293: No my_buy_price unavailable
CRITICAL:strat7:2023-01-02 18:13:34,371:15293: No my_buy_price unavailable
CRITICAL:strat7:2023-01-02 18:14:08,125:15294: No my_buy_price unavailable
CRITICAL:strat7:2023-01-02 18:14:10,492:15294: No my_buy_price unavailable
CRITICAL:strat7:2023-01-02 18:14:13,961:15294: No my_buy_price unavailable
CRITICAL:strat7:2023-01-02 18:14:16,173:15294: No my_buy_price unavailable
CRITICAL:strat7:2023-01-02 18:14:48,865:15295: No my_buy_price unavailable
CRITICAL:strat7:2023-01-02 18:14:51,063:15295: No my_buy_price unavailable
CRITICAL:strat7:2023-01-02 18:14:54,248:15295: No my_buy_price unavailable
CRITICAL:strat7:2023-01-02 18:14:56,503:15295: No my_buy_price unavailable
CRITICAL:strat7:2023-01-02 18:17:41,043:15290: Yes my_avgbuy_price unavailable
CRITICAL:strat7:2023-01-02 18:17:43,269:15290: Yes my_avgbuy_price unavailable
CRITICAL:strat7:2023-01-02 18:17:46,455:15290: Yes my_avgbuy_price unavailable
CRITICAL:strat7:2023-01-02 18:17:48,691:15290: Yes my_avgbuy_price unavailable
CRITICAL:strat7:2023-01-02 18:18:22,664:15291: Yes my_avgbuy_price unavailable
CRITICAL:strat7:2023-01-02 18:18:24,906:15291: Yes my_avgbuy_price unavailable
CRITICAL:strat7:2023-01-02 18:18:28,147:15291: Yes my_avgbuy_price unavailable
CRITICAL:strat7:2023-01-02 18:18:30,375:15291: Yes my_avgbuy_price unavailable
CRITICAL:strat7:2023-01-02 18:19:43,012:15293: No my_buy_price unavailable
CRITICAL:strat7:2023-01-02 18:19:45,274:15293: No my_buy_price unavailable
CRITICAL:strat7:2023-01-02 18:19:48,575:15293: No my_buy_price unavailable
CRITICAL:strat7:2023-01-02 18:19:50,932:15293: No my_buy_price unavailable
CRITICAL:strat7:2023-01-02 18:20:28,186:15294: No my_buy_price unavailable
CRITICAL:strat7:2023-01-02 18:20:30,437:15294: No my_buy_price unavailable
CRITICAL:strat7:2023-01-02 18:20:33,672:15294: No my_buy_price unavailable
CRITICAL:strat7:2023-01-02 18:20:36,045:15294: No my_buy_price unavailable
CRITICAL:strat7:2023-01-02 18:21:12,413:15295: No my_buy_price unavailable
CRITICAL:strat7:2023-01-02 18:21:14,649:15295: No my_buy_price unavailable
CRITICAL:strat7:2023-01-02 18:21:17,884:15295: No my_buy_price unavailable
CRITICAL:strat7:2023-01-02 18:21:20,144:15295: No my_buy_price unavailable
CRITICAL:strat7:2023-01-02 18:24:05,175:15290: Yes my_avgbuy_price unavailable
CRITICAL:strat7:2023-01-02 18:24:07,450:15290: Yes my_avgbuy_price unavailable
CRITICAL:strat7:2023-01-02 18:24:10,616:15290: Yes my_avgbuy_price unavailable
CRITICAL:strat7:2023-01-02 18:24:12,864:15290: Yes my_avgbuy_price unavailable
CRITICAL:strat7:2023-01-02 18:24:46,112:15291: Yes my_avgbuy_price unavailable
CRITICAL:strat7:2023-01-02 18:24:48,314:15291: Yes my_avgbuy_price unavailable
CRITICAL:strat7:2023-01-02 18:24:51,533:15291: Yes my_avgbuy_price unavailable
CRITICAL:strat7:2023-01-02 18:25:03,246:15291: Yes my_avgbuy_price unavailable
CRITICAL:strat7:2023-01-02 18:26:12,958:15293: No my_buy_price unavailable
CRITICAL:strat7:2023-01-02 18:26:15,380:15293: No my_buy_price unavailable
CRITICAL:strat7:2023-01-02 18:26:18,725:15293: No my_buy_price unavailable
CRITICAL:strat7:2023-01-02 18:26:21,016:15293: No my_buy_price unavailable
CRITICAL:strat7:2023-01-02 18:26:53,930:15294: No my_buy_price unavailable
CRITICAL:strat7:2023-01-02 18:26:56,181:15294: No my_buy_price unavailable
CRITICAL:strat7:2023-01-02 18:26:59,305:15294: No my_buy_price unavailable
CRITICAL:strat7:2023-01-02 18:27:01,564:15294: No my_buy_price unavailable
CRITICAL:strat7:2023-01-02 18:27:34,996:15295: No my_buy_price unavailable
CRITICAL:strat7:2023-01-02 18:27:37,177:15295: No my_buy_price unavailable
CRITICAL:strat7:2023-01-02 18:27:40,343:15295: No my_buy_price unavailable
CRITICAL:strat7:2023-01-02 18:27:42,668:15295: No my_buy_price unavailable
CRITICAL:strat7:2023-01-02 18:30:33,275:15290: Yes my_avgbuy_price unavailable
CRITICAL:strat7:2023-01-02 18:30:35,441:15290: Yes my_avgbuy_price unavailable
CRITICAL:strat7:2023-01-02 18:30:38,705:15290: Yes my_avgbuy_price unavailable
CRITICAL:strat7:2023-01-02 18:30:40,936:15290: Yes my_avgbuy_price unavailable
CRITICAL:strat7:2023-01-02 18:31:14,915:15291: Yes my_avgbuy_price unavailable
CRITICAL:strat7:2023-01-02 18:31:17,168:15291: Yes my_avgbuy_price unavailable
CRITICAL:strat7:2023-01-02 18:31:20,347:15291: Yes my_avgbuy_price unavailable
CRITICAL:strat7:2023-01-02 18:31:22,592:15291: Yes my_avgbuy_price unavailable
CRITICAL:strat7:2023-01-02 18:32:34,986:15293: No my_buy_price unavailable
CRITICAL:strat7:2023-01-02 18:32:37,259:15293: No my_buy_price unavailable
CRITICAL:strat7:2023-01-02 18:32:40,419:15293: No my_buy_price unavailable
CRITICAL:strat7:2023-01-02 18:32:42,641:15293: No my_buy_price unavailable
CRITICAL:strat7:2023-01-02 18:33:15,626:15294: No my_buy_price unavailable
CRITICAL:strat7:2023-01-02 18:33:17,983:15294: No my_buy_price unavailable
CRITICAL:strat7:2023-01-02 18:33:21,835:15294: No my_buy_price unavailable
CRITICAL:strat7:2023-01-02 18:33:24,137:15294: No my_buy_price unavailable
CRITICAL:strat7:2023-01-02 18:33:59,328:15295: No my_buy_price unavailable
CRITICAL:strat7:2023-01-02 18:34:01,579:15295: No my_buy_price unavailable
CRITICAL:strat7:2023-01-02 18:34:04,795:15295: No my_buy_price unavailable
CRITICAL:strat7:2023-01-02 18:34:07,043:15295: No my_buy_price unavailable
CRITICAL:strat7:2023-01-02 18:37:44,524:15291: Yes my_avgbuy_price unavailable
CRITICAL:strat7:2023-01-02 18:37:46,746:15291: Yes my_avgbuy_price unavailable
CRITICAL:strat7:2023-01-02 18:37:49,949:15291: Yes my_avgbuy_price unavailable
CRITICAL:strat7:2023-01-02 18:37:52,150:15291: Yes my_avgbuy_price unavailable
CRITICAL:strat7:2023-01-02 18:39:05,619:15293: No my_buy_price unavailable
CRITICAL:strat7:2023-01-02 18:39:07,872:15293: No my_buy_price unavailable
CRITICAL:strat7:2023-01-02 18:39:11,068:15293: No my_buy_price unavailable
CRITICAL:strat7:2023-01-02 18:39:13,337:15293: No my_buy_price unavailable
CRITICAL:strat7:2023-01-02 18:39:47,210:15294: No my_buy_price unavailable
CRITICAL:strat7:2023-01-02 18:39:49,413:15294: No my_buy_price unavailable
CRITICAL:strat7:2023-01-02 18:39:52,621:15294: No my_buy_price unavailable
CRITICAL:strat7:2023-01-02 18:39:54,863:15294: No my_buy_price unavailable
CRITICAL:strat7:2023-01-02 18:40:28,984:15295: No my_buy_price unavailable
CRITICAL:strat7:2023-01-02 18:40:31,227:15295: No my_buy_price unavailable
CRITICAL:strat7:2023-01-02 18:40:36,422:15295: No my_buy_price unavailable
CRITICAL:strat7:2023-01-02 18:40:38,611:15295: No my_buy_price unavailable
CRITICAL:strat7:2023-01-02 18:44:11,583:15291: Yes my_avgbuy_price unavailable
CRITICAL:strat7:2023-01-02 18:44:13,965:15291: Yes my_avgbuy_price unavailable
CRITICAL:strat7:2023-01-02 18:44:17,266:15291: Yes my_avgbuy_price unavailable
CRITICAL:strat7:2023-01-02 18:44:19,685:15291: Yes my_avgbuy_price unavailable
CRITICAL:strat7:2023-01-02 18:45:32,427:15293: No my_buy_price unavailable
CRITICAL:strat7:2023-01-02 18:45:35,472:15293: No my_buy_price unavailable
CRITICAL:strat7:2023-01-02 18:45:38,718:15293: No my_buy_price unavailable
CRITICAL:strat7:2023-01-02 18:45:40,969:15293: No my_buy_price unavailable
CRITICAL:strat7:2023-01-02 18:46:13,623:15294: No my_buy_price unavailable
CRITICAL:strat7:2023-01-02 18:46:15,971:15294: No my_buy_price unavailable
CRITICAL:strat7:2023-01-02 18:46:19,876:15294: No my_buy_price unavailable
CRITICAL:strat7:2023-01-02 18:46:22,151:15294: No my_buy_price unavailable
CRITICAL:strat7:2023-01-02 18:46:56,105:15295: No my_buy_price unavailable
CRITICAL:strat7:2023-01-02 18:46:58,308:15295: No my_buy_price unavailable
CRITICAL:strat7:2023-01-02 18:47:01,574:15295: No my_buy_price unavailable
CRITICAL:strat7:2023-01-02 18:47:03,892:15295: No my_buy_price unavailable
CRITICAL:strat7:2023-01-02 18:50:29,351:15291: Yes my_avgbuy_price unavailable
CRITICAL:strat7:2023-01-02 18:50:31,586:15291: Yes my_avgbuy_price unavailable
CRITICAL:strat7:2023-01-02 18:50:34,809:15291: Yes my_avgbuy_price unavailable
CRITICAL:strat7:2023-01-02 18:50:36,992:15291: Yes my_avgbuy_price unavailable
CRITICAL:strat7:2023-01-02 18:51:52,882:15293: No my_buy_price unavailable
CRITICAL:strat7:2023-01-02 18:51:55,144:15293: No my_buy_price unavailable
CRITICAL:strat7:2023-01-02 18:51:58,418:15293: No my_buy_price unavailable
CRITICAL:strat7:2023-01-02 18:52:00,686:15293: No my_buy_price unavailable
CRITICAL:strat7:2023-01-02 18:52:34,262:15294: No my_buy_price unavailable
CRITICAL:strat7:2023-01-02 18:52:36,505:15294: No my_buy_price unavailable
CRITICAL:strat7:2023-01-02 18:52:39,707:15294: No my_buy_price unavailable
CRITICAL:strat7:2023-01-02 18:52:42,701:15294: No my_buy_price unavailable
CRITICAL:strat7:2023-01-02 18:53:17,183:15295: No my_buy_price unavailable
CRITICAL:strat7:2023-01-02 18:53:19,412:15295: No my_buy_price unavailable
CRITICAL:strat7:2023-01-02 18:53:23,161:15295: No my_buy_price unavailable
CRITICAL:strat7:2023-01-02 18:53:25,578:15295: No my_buy_price unavailable
CRITICAL:strat7:2023-01-02 18:56:58,636:15291: Yes my_avgbuy_price unavailable
CRITICAL:strat7:2023-01-02 18:57:01,008:15291: Yes my_avgbuy_price unavailable
CRITICAL:strat7:2023-01-02 18:58:17,951:15293: No my_buy_price unavailable
CRITICAL:strat7:2023-01-02 18:58:20,163:15293: No my_buy_price unavailable
CRITICAL:strat7:2023-01-02 18:58:23,506:15293: No my_buy_price unavailable
CRITICAL:strat7:2023-01-02 18:58:25,987:15293: No my_buy_price unavailable
CRITICAL:strat7:2023-01-02 18:58:59,490:15294: No my_buy_price unavailable
CRITICAL:strat7:2023-01-02 18:59:01,847:15294: No my_buy_price unavailable
CRITICAL:strat7:2023-01-02 18:59:05,024:15294: No my_buy_price unavailable
CRITICAL:strat7:2023-01-02 18:59:07,238:15294: No my_buy_price unavailable
CRITICAL:strat7:2023-01-02 18:59:40,463:15295: No my_buy_price unavailable
CRITICAL:strat7:2023-01-02 18:59:42,727:15295: No my_buy_price unavailable
CRITICAL:strat7:2023-01-02 18:59:45,901:15295: No my_buy_price unavailable
CRITICAL:strat7:2023-01-02 18:59:48,270:15295: No my_buy_price unavailable
CRITICAL:strat7:2023-01-02 19:04:33,974:15293: No my_buy_price unavailable
CRITICAL:strat7:2023-01-02 19:04:36,186:15293: No my_buy_price unavailable
CRITICAL:strat7:2023-01-02 19:04:39,988:15293: No my_buy_price unavailable
CRITICAL:strat7:2023-01-02 19:04:42,209:15293: No my_buy_price unavailable
CRITICAL:strat7:2023-01-02 19:05:17,368:15294: No my_buy_price unavailable
CRITICAL:strat7:2023-01-02 19:05:19,792:15294: No my_buy_price unavailable
CRITICAL:strat7:2023-01-02 19:05:22,944:15294: No my_buy_price unavailable
CRITICAL:strat7:2023-01-02 19:05:25,360:15294: No my_buy_price unavailable
CRITICAL:strat7:2023-01-02 19:06:00,669:15295: No my_buy_price unavailable
CRITICAL:strat7:2023-01-02 19:06:02,935:15295: No my_buy_price unavailable
CRITICAL:strat7:2023-01-02 19:06:06,257:15295: No my_buy_price unavailable
CRITICAL:strat7:2023-01-02 19:06:08,503:15295: No my_buy_price unavailable
CRITICAL:strat7:2023-01-02 19:10:54,940:15293: No my_buy_price unavailable
CRITICAL:strat7:2023-01-02 19:10:57,107:15293: No my_buy_price unavailable
CRITICAL:strat7:2023-01-02 19:11:00,286:15293: No my_buy_price unavailable
CRITICAL:strat7:2023-01-02 19:11:02,630:15293: No my_buy_price unavailable
CRITICAL:strat7:2023-01-02 19:11:36,877:15294: No my_buy_price unavailable
CRITICAL:strat7:2023-01-02 19:11:39,073:15294: No my_buy_price unavailable
CRITICAL:strat7:2023-01-02 19:11:42,242:15294: No my_buy_price unavailable
CRITICAL:strat7:2023-01-02 19:11:44,466:15294: No my_buy_price unavailable
CRITICAL:strat7:2023-01-02 19:12:17,303:15295: No my_buy_price unavailable
CRITICAL:strat7:2023-01-02 19:12:19,507:15295: No my_buy_price unavailable
CRITICAL:strat7:2023-01-02 19:12:22,734:15295: No my_buy_price unavailable
CRITICAL:strat7:2023-01-02 19:12:24,984:15295: No my_buy_price unavailable
CRITICAL:strat7:2023-01-02 19:16:29,147:15292: No my_buy_price unavailable
CRITICAL:strat7:2023-01-02 19:16:31,544:15292: No my_buy_price unavailable
CRITICAL:strat7:2023-01-02 19:16:34,915:15292: No my_buy_price unavailable
CRITICAL:strat7:2023-01-02 19:16:37,260:15292: No my_buy_price unavailable
CRITICAL:strat7:2023-01-02 19:17:15,534:15293: No my_buy_price unavailable
CRITICAL:strat7:2023-01-02 19:17:18,001:15293: No my_buy_price unavailable
CRITICAL:strat7:2023-01-02 19:17:21,710:15293: No my_buy_price unavailable
CRITICAL:strat7:2023-01-02 19:17:23,989:15293: No my_buy_price unavailable
CRITICAL:strat7:2023-01-02 19:17:59,682:15294: No my_buy_price unavailable
CRITICAL:strat7:2023-01-02 19:18:02,045:15294: No my_buy_price unavailable
CRITICAL:strat7:2023-01-02 19:18:05,413:15294: No my_buy_price unavailable
CRITICAL:strat7:2023-01-02 19:18:07,775:15294: No my_buy_price unavailable
CRITICAL:strat7:2023-01-02 19:18:47,588:15295: No my_buy_price unavailable
CRITICAL:strat7:2023-01-02 19:18:49,837:15295: No my_buy_price unavailable
CRITICAL:strat7:2023-01-02 19:18:52,984:15295: No my_buy_price unavailable
CRITICAL:strat7:2023-01-02 19:18:55,191:15295: No my_buy_price unavailable
CRITICAL:strat7:2023-01-02 19:23:02,204:15292: No my_buy_price unavailable
CRITICAL:strat7:2023-01-02 19:23:04,454:15292: No my_buy_price unavailable
CRITICAL:strat7:2023-01-02 19:23:12,286:15292: No my_buy_price unavailable
CRITICAL:strat7:2023-01-02 19:23:14,521:15292: No my_buy_price unavailable
CRITICAL:strat7:2023-01-02 19:23:55,006:15293: No my_buy_price unavailable
CRITICAL:strat7:2023-01-02 19:23:57,216:15293: No my_buy_price unavailable
CRITICAL:strat7:2023-01-02 19:24:00,494:15293: No my_buy_price unavailable
CRITICAL:strat7:2023-01-02 19:24:02,865:15293: No my_buy_price unavailable
INFO:strat7:2023-01-02 19:24:41,880:15289: Initialising event
WARNING:strat7:2023-01-02 19:25:15,022:15289: last_values_dict empty
INFO:strat7:2023-01-02 19:25:21,122:15290: Initialising event
WARNING:strat7:2023-01-02 19:25:53,281:15290: last_values_dict empty
INFO:strat7:2023-01-02 19:25:59,360:15291: Initialising event
CRITICAL:strat7:2023-01-02 19:26:36,145:15291: Yes my_avgbuy_price unavailable
CRITICAL:strat7:2023-01-02 19:26:38,330:15291: Yes my_avgbuy_price unavailable
WARNING:strat7:2023-01-02 19:26:39,663:15291: last_values_dict empty
INFO:strat7:2023-01-02 19:26:45,667:15292: Initialising event
WARNING:strat7:2023-01-02 19:27:28,491:15292: last_values_dict empty
INFO:strat7:2023-01-02 19:27:34,506:15293: Initialising event
CRITICAL:strat7:2023-01-02 19:28:09,121:15293: No my_buy_price unavailable
CRITICAL:strat7:2023-01-02 19:28:11,484:15293: No my_buy_price unavailable
WARNING:strat7:2023-01-02 19:28:12,852:15293: last_values_dict empty
INFO:strat7:2023-01-02 19:28:18,794:15294: Initialising event
CRITICAL:strat7:2023-01-02 19:28:51,119:15294: No my_buy_price unavailable
CRITICAL:strat7:2023-01-02 19:28:53,350:15294: No my_buy_price unavailable
WARNING:strat7:2023-01-02 19:28:54,707:15294: last_values_dict empty
INFO:strat7:2023-01-02 19:29:00,674:15295: Initialising event
CRITICAL:strat7:2023-01-02 19:29:34,786:15295: No my_buy_price unavailable
CRITICAL:strat7:2023-01-02 19:29:37,151:15295: No my_buy_price unavailable
WARNING:strat7:2023-01-02 19:29:38,516:15295: last_values_dict empty
INFO:strat7:2023-01-02 19:29:44,503:15296: Initialising event
WARNING:strat7:2023-01-02 19:30:16,458:15296: last_values_dict empty
CRITICAL:strat7:2023-01-02 19:33:24,436:15293: No my_buy_price unavailable
CRITICAL:strat7:2023-01-02 19:33:26,931:15293: No my_buy_price unavailable
CRITICAL:strat7:2023-01-02 19:33:30,185:15293: No my_buy_price unavailable
CRITICAL:strat7:2023-01-02 19:33:32,460:15293: No my_buy_price unavailable
CRITICAL:strat7:2023-01-02 19:34:02,291:15294: No my_buy_price unavailable
CRITICAL:strat7:2023-01-02 19:34:04,656:15294: No my_buy_price unavailable
CRITICAL:strat7:2023-01-02 19:34:07,866:15294: No my_buy_price unavailable
CRITICAL:strat7:2023-01-02 19:34:10,125:15294: No my_buy_price unavailable
CRITICAL:strat7:2023-01-02 19:34:44,178:15295: No my_buy_price unavailable
CRITICAL:strat7:2023-01-02 19:34:46,475:15295: No my_buy_price unavailable
CRITICAL:strat7:2023-01-02 19:34:49,738:15295: No my_buy_price unavailable
CRITICAL:strat7:2023-01-02 19:34:52,033:15295: No my_buy_price unavailable
CRITICAL:strat7:2023-01-02 19:39:40,468:15293: No my_buy_price unavailable
CRITICAL:strat7:2023-01-02 19:39:42,800:15293: No my_buy_price unavailable
CRITICAL:strat7:2023-01-02 19:39:46,046:15293: No my_buy_price unavailable
CRITICAL:strat7:2023-01-02 19:39:50,241:15293: No my_buy_price unavailable
CRITICAL:strat7:2023-01-02 19:40:22,759:15294: No my_buy_price unavailable
CRITICAL:strat7:2023-01-02 19:40:25,101:15294: No my_buy_price unavailable
CRITICAL:strat7:2023-01-02 19:40:28,543:15294: No my_buy_price unavailable
CRITICAL:strat7:2023-01-02 19:40:30,838:15294: No my_buy_price unavailable
CRITICAL:strat7:2023-01-02 19:41:04,298:15295: No my_buy_price unavailable
CRITICAL:strat7:2023-01-02 19:41:06,658:15295: No my_buy_price unavailable
CRITICAL:strat7:2023-01-02 19:41:09,891:15295: No my_buy_price unavailable
CRITICAL:strat7:2023-01-02 19:41:12,218:15295: No my_buy_price unavailable
CRITICAL:strat7:2023-01-02 19:46:03,124:15293: No my_buy_price unavailable
CRITICAL:strat7:2023-01-02 19:46:05,364:15293: No my_buy_price unavailable
CRITICAL:strat7:2023-01-02 19:46:08,619:15293: No my_buy_price unavailable
CRITICAL:strat7:2023-01-02 19:46:10,960:15293: No my_buy_price unavailable
CRITICAL:strat7:2023-01-02 19:46:42,854:15294: No my_buy_price unavailable
CRITICAL:strat7:2023-01-02 19:46:45,066:15294: No my_buy_price unavailable
CRITICAL:strat7:2023-01-02 19:46:48,351:15294: No my_buy_price unavailable
CRITICAL:strat7:2023-01-02 19:46:50,645:15294: No my_buy_price unavailable
CRITICAL:strat7:2023-01-02 19:52:27,755:15293: No my_buy_price unavailable
CRITICAL:strat7:2023-01-02 19:52:30,004:15293: No my_buy_price unavailable
CRITICAL:strat7:2023-01-02 19:52:34,174:15293: No my_buy_price unavailable
CRITICAL:strat7:2023-01-02 19:52:36,487:15293: No my_buy_price unavailable
CRITICAL:strat7:2023-01-02 19:53:08,402:15294: No my_buy_price unavailable
CRITICAL:strat7:2023-01-02 19:53:10,802:15294: No my_buy_price unavailable
CRITICAL:strat7:2023-01-02 19:53:14,140:15294: No my_buy_price unavailable
CRITICAL:strat7:2023-01-02 19:53:16,400:15294: No my_buy_price unavailable
CRITICAL:strat7:2023-01-02 19:58:54,437:15293: No my_buy_price unavailable
CRITICAL:strat7:2023-01-02 19:58:56,732:15293: No my_buy_price unavailable
CRITICAL:strat7:2023-01-02 19:59:00,106:15293: No my_buy_price unavailable
CRITICAL:strat7:2023-01-02 19:59:02,391:15293: No my_buy_price unavailable
CRITICAL:strat7:2023-01-02 19:59:38,203:15294: No my_buy_price unavailable
CRITICAL:strat7:2023-01-02 19:59:40,668:15294: No my_buy_price unavailable
CRITICAL:strat7:2023-01-02 19:59:43,996:15294: No my_buy_price unavailable
CRITICAL:strat7:2023-01-02 19:59:46,486:15294: No my_buy_price unavailable
CRITICAL:strat7:2023-01-02 20:05:39,206:15293: No my_buy_price unavailable
CRITICAL:strat7:2023-01-02 20:05:41,678:15293: No my_buy_price unavailable
CRITICAL:strat7:2023-01-02 20:05:45,118:15293: No my_buy_price unavailable
CRITICAL:strat7:2023-01-02 20:05:47,356:15293: No my_buy_price unavailable
CRITICAL:strat7:2023-01-02 20:06:20,155:15294: No my_buy_price unavailable
CRITICAL:strat7:2023-01-02 20:06:22,391:15294: No my_buy_price unavailable
CRITICAL:strat7:2023-01-02 20:06:25,692:15294: No my_buy_price unavailable
CRITICAL:strat7:2023-01-02 20:06:27,951:15294: No my_buy_price unavailable
CRITICAL:strat7:2023-01-02 20:12:09,580:15293: No my_buy_price unavailable
CRITICAL:strat7:2023-01-02 20:12:11,833:15293: No my_buy_price unavailable
CRITICAL:strat7:2023-01-02 20:12:15,102:15293: No my_buy_price unavailable
CRITICAL:strat7:2023-01-02 20:12:17,437:15293: No my_buy_price unavailable
CRITICAL:strat7:2023-01-02 20:12:54,079:15294: No my_buy_price unavailable
CRITICAL:strat7:2023-01-02 20:12:56,284:15294: No my_buy_price unavailable
CRITICAL:strat7:2023-01-02 20:12:59,523:15294: No my_buy_price unavailable
CRITICAL:strat7:2023-01-02 20:13:01,760:15294: No my_buy_price unavailable
CRITICAL:strat7:2023-01-02 20:18:35,941:15293: No my_buy_price unavailable
CRITICAL:strat7:2023-01-02 20:18:38,220:15293: No my_buy_price unavailable
CRITICAL:strat7:2023-01-02 20:18:41,465:15293: No my_buy_price unavailable
CRITICAL:strat7:2023-01-02 20:18:43,689:15293: No my_buy_price unavailable
CRITICAL:strat7:2023-01-02 20:19:19,214:15294: No my_buy_price unavailable
CRITICAL:strat7:2023-01-02 20:19:21,434:15294: No my_buy_price unavailable
CRITICAL:strat7:2023-01-02 20:19:24,656:15294: No my_buy_price unavailable
CRITICAL:strat7:2023-01-02 20:19:26,994:15294: No my_buy_price unavailable
CRITICAL:strat7:2023-01-02 20:24:45,801:15293: No my_buy_price unavailable
CRITICAL:strat7:2023-01-02 20:24:48,084:15293: No my_buy_price unavailable
CRITICAL:strat7:2023-01-02 20:24:51,436:15293: No my_buy_price unavailable
CRITICAL:strat7:2023-01-02 20:24:53,676:15293: No my_buy_price unavailable
CRITICAL:strat7:2023-01-02 20:25:29,399:15294: No my_buy_price unavailable
CRITICAL:strat7:2023-01-02 20:25:31,606:15294: No my_buy_price unavailable
CRITICAL:strat7:2023-01-02 20:25:34,920:15294: No my_buy_price unavailable
CRITICAL:strat7:2023-01-02 20:25:37,226:15294: No my_buy_price unavailable
CRITICAL:strat7:2023-01-02 20:30:54,641:15293: No my_buy_price unavailable
CRITICAL:strat7:2023-01-02 20:30:56,884:15293: No my_buy_price unavailable
CRITICAL:strat7:2023-01-02 20:31:00,170:15293: No my_buy_price unavailable
CRITICAL:strat7:2023-01-02 20:31:02,592:15293: No my_buy_price unavailable
CRITICAL:strat7:2023-01-02 20:31:42,073:15294: No my_buy_price unavailable
CRITICAL:strat7:2023-01-02 20:31:44,383:15294: No my_buy_price unavailable
CRITICAL:strat7:2023-01-02 20:31:47,636:15294: No my_buy_price unavailable
CRITICAL:strat7:2023-01-02 20:31:49,914:15294: No my_buy_price unavailable
CRITICAL:strat7:2023-01-02 20:37:13,537:15293: No my_buy_price unavailable
CRITICAL:strat7:2023-01-02 20:37:16,101:15293: No my_buy_price unavailable
CRITICAL:strat7:2023-01-02 20:37:19,551:15293: No my_buy_price unavailable
CRITICAL:strat7:2023-01-02 20:37:21,946:15293: No my_buy_price unavailable
CRITICAL:strat7:2023-01-02 20:38:02,197:15294: No my_buy_price unavailable
CRITICAL:strat7:2023-01-02 20:38:04,449:15294: No my_buy_price unavailable
CRITICAL:strat7:2023-01-02 20:38:07,691:15294: No my_buy_price unavailable
CRITICAL:strat7:2023-01-02 20:38:10,106:15294: No my_buy_price unavailable
INFO:strat7:2023-01-02 20:42:21,416:15289: Initialising event
WARNING:strat7:2023-01-02 20:42:49,970:15289: last_values_dict empty
INFO:strat7:2023-01-02 20:42:56,118:15290: Initialising event
WARNING:strat7:2023-01-02 20:43:33,324:15290: last_values_dict empty
INFO:strat7:2023-01-02 20:43:39,405:15291: Initialising event
WARNING:strat7:2023-01-02 20:44:14,765:15291: last_values_dict empty
INFO:strat7:2023-01-02 20:44:20,787:15292: Initialising event
WARNING:strat7:2023-01-02 20:44:57,906:15292: last_values_dict empty
INFO:strat7:2023-01-02 20:45:03,890:15293: Initialising event
CRITICAL:strat7:2023-01-02 20:45:40,759:15293: No my_buy_price unavailable
CRITICAL:strat7:2023-01-02 20:45:43,211:15293: No my_buy_price unavailable
WARNING:strat7:2023-01-02 20:45:44,703:15293: last_values_dict empty
INFO:strat7:2023-01-02 20:45:50,732:15294: Initialising event
CRITICAL:strat7:2023-01-02 20:46:32,139:15294: No my_buy_price unavailable
CRITICAL:strat7:2023-01-02 20:46:34,558:15294: No my_buy_price unavailable
WARNING:strat7:2023-01-02 20:46:36,142:15294: last_values_dict empty
INFO:strat7:2023-01-02 20:46:42,240:15295: Initialising event
WARNING:strat7:2023-01-02 20:47:14,336:15295: last_values_dict empty
INFO:strat7:2023-01-02 20:47:20,315:15296: Initialising event
WARNING:strat7:2023-01-02 20:47:52,056:15296: last_values_dict empty
CRITICAL:strat7:2023-01-02 20:50:53,138:15293: No my_buy_price unavailable
CRITICAL:strat7:2023-01-02 20:50:55,546:15293: No my_buy_price unavailable
CRITICAL:strat7:2023-01-02 20:50:58,936:15293: No my_buy_price unavailable
CRITICAL:strat7:2023-01-02 20:51:01,345:15293: No my_buy_price unavailable
CRITICAL:strat7:2023-01-02 20:51:36,717:15294: No my_buy_price unavailable
CRITICAL:strat7:2023-01-02 20:51:38,958:15294: No my_buy_price unavailable
CRITICAL:strat7:2023-01-02 20:51:42,199:15294: No my_buy_price unavailable
CRITICAL:strat7:2023-01-02 20:51:44,501:15294: No my_buy_price unavailable
CRITICAL:strat7:2023-01-02 20:57:10,347:15293: No my_buy_price unavailable
CRITICAL:strat7:2023-01-02 20:57:13,020:15293: No my_buy_price unavailable
CRITICAL:strat7:2023-01-02 20:57:16,334:15293: No my_buy_price unavailable
CRITICAL:strat7:2023-01-02 20:57:18,904:15293: No my_buy_price unavailable
CRITICAL:strat7:2023-01-02 20:57:54,729:15294: No my_buy_price unavailable
CRITICAL:strat7:2023-01-02 20:57:57,175:15294: No my_buy_price unavailable
CRITICAL:strat7:2023-01-02 20:58:00,657:15294: No my_buy_price unavailable
CRITICAL:strat7:2023-01-02 20:58:03,151:15294: No my_buy_price unavailable
CRITICAL:strat7:2023-01-02 21:03:41,323:15293: No my_buy_price unavailable
CRITICAL:strat7:2023-01-02 21:03:43,688:15293: No my_buy_price unavailable
CRITICAL:strat7:2023-01-02 21:03:47,135:15293: No my_buy_price unavailable
CRITICAL:strat7:2023-01-02 21:03:49,502:15293: No my_buy_price unavailable
CRITICAL:strat7:2023-01-02 21:04:23,528:15294: No my_buy_price unavailable
CRITICAL:strat7:2023-01-02 21:04:26,026:15294: No my_buy_price unavailable
CRITICAL:strat7:2023-01-02 21:04:29,377:15294: No my_buy_price unavailable
CRITICAL:strat7:2023-01-02 21:04:31,619:15294: No my_buy_price unavailable
CRITICAL:strat7:2023-01-02 21:09:53,974:15293: No my_buy_price unavailable
CRITICAL:strat7:2023-01-02 21:09:56,294:15293: No my_buy_price unavailable
CRITICAL:strat7:2023-01-02 21:09:59,531:15293: No my_buy_price unavailable
CRITICAL:strat7:2023-01-02 21:10:02,124:15293: No my_buy_price unavailable
CRITICAL:strat7:2023-01-02 21:10:36,854:15294: No my_buy_price unavailable
CRITICAL:strat7:2023-01-02 21:10:39,181:15294: No my_buy_price unavailable
CRITICAL:strat7:2023-01-02 21:10:42,290:15294: No my_buy_price unavailable
CRITICAL:strat7:2023-01-02 21:10:44,509:15294: No my_buy_price unavailable
CRITICAL:strat7:2023-01-02 21:16:15,185:15293: No my_buy_price unavailable
CRITICAL:strat7:2023-01-02 21:16:17,504:15293: No my_buy_price unavailable
CRITICAL:strat7:2023-01-02 21:16:20,831:15293: No my_buy_price unavailable
CRITICAL:strat7:2023-01-02 21:16:23,080:15293: No my_buy_price unavailable
CRITICAL:strat7:2023-01-02 21:16:57,020:15294: No my_buy_price unavailable
CRITICAL:strat7:2023-01-02 21:16:59,255:15294: No my_buy_price unavailable
CRITICAL:strat7:2023-01-02 21:17:02,457:15294: No my_buy_price unavailable
CRITICAL:strat7:2023-01-02 21:17:04,661:15294: No my_buy_price unavailable
CRITICAL:strat7:2023-01-02 21:17:45,088:15295: No my_buy_price unavailable
CRITICAL:strat7:2023-01-02 21:17:47,344:15295: No my_buy_price unavailable
CRITICAL:strat7:2023-01-02 21:17:50,717:15295: No my_buy_price unavailable
CRITICAL:strat7:2023-01-02 21:17:53,049:15295: No my_buy_price unavailable
CRITICAL:strat7:2023-01-02 21:22:24,068:15293: No my_buy_price unavailable
CRITICAL:strat7:2023-01-02 21:22:26,497:15293: No my_buy_price unavailable
CRITICAL:strat7:2023-01-02 21:22:29,859:15293: No my_buy_price unavailable
CRITICAL:strat7:2023-01-02 21:22:32,087:15293: No my_buy_price unavailable
CRITICAL:strat7:2023-01-02 21:23:06,153:15294: No my_buy_price unavailable
CRITICAL:strat7:2023-01-02 21:23:08,585:15294: No my_buy_price unavailable
CRITICAL:strat7:2023-01-02 21:23:11,915:15294: No my_buy_price unavailable
CRITICAL:strat7:2023-01-02 21:23:14,373:15294: No my_buy_price unavailable
CRITICAL:strat7:2023-01-02 21:23:50,183:15295: No my_buy_price unavailable
CRITICAL:strat7:2023-01-02 21:23:52,483:15295: No my_buy_price unavailable
CRITICAL:strat7:2023-01-02 21:23:55,757:15295: No my_buy_price unavailable
CRITICAL:strat7:2023-01-02 21:23:58,023:15295: No my_buy_price unavailable
CRITICAL:strat7:2023-01-02 21:28:43,125:15293: No my_buy_price unavailable
CRITICAL:strat7:2023-01-02 21:28:45,350:15293: No my_buy_price unavailable
CRITICAL:strat7:2023-01-02 21:28:48,686:15293: No my_buy_price unavailable
CRITICAL:strat7:2023-01-02 21:28:50,973:15293: No my_buy_price unavailable
CRITICAL:strat7:2023-01-02 21:29:25,941:15294: No my_buy_price unavailable
CRITICAL:strat7:2023-01-02 21:29:28,228:15294: No my_buy_price unavailable
CRITICAL:strat7:2023-01-02 21:29:31,350:15294: No my_buy_price unavailable
CRITICAL:strat7:2023-01-02 21:29:33,616:15294: No my_buy_price unavailable
CRITICAL:strat7:2023-01-02 21:30:11,599:15295: No my_buy_price unavailable
CRITICAL:strat7:2023-01-02 21:30:13,942:15295: No my_buy_price unavailable
CRITICAL:strat7:2023-01-02 21:30:17,181:15295: No my_buy_price unavailable
CRITICAL:strat7:2023-01-02 21:30:19,665:15295: No my_buy_price unavailable
CRITICAL:strat7:2023-01-02 21:34:52,925:15293: No my_buy_price unavailable
CRITICAL:strat7:2023-01-02 21:34:55,201:15293: No my_buy_price unavailable
CRITICAL:strat7:2023-01-02 21:34:58,680:15293: No my_buy_price unavailable
CRITICAL:strat7:2023-01-02 21:35:01,048:15293: No my_buy_price unavailable
CRITICAL:strat7:2023-01-02 21:35:35,470:15294: No my_buy_price unavailable
CRITICAL:strat7:2023-01-02 21:35:37,747:15294: No my_buy_price unavailable
CRITICAL:strat7:2023-01-02 21:35:40,943:15294: No my_buy_price unavailable
CRITICAL:strat7:2023-01-02 21:35:43,122:15294: No my_buy_price unavailable
CRITICAL:strat7:2023-01-02 21:36:15,671:15295: No my_buy_price unavailable
CRITICAL:strat7:2023-01-02 21:36:18,003:15295: No my_buy_price unavailable
CRITICAL:strat7:2023-01-02 21:36:21,543:15295: No my_buy_price unavailable
CRITICAL:strat7:2023-01-02 21:36:23,961:15295: No my_buy_price unavailable
CRITICAL:strat7:2023-01-02 21:41:12,450:15293: No my_buy_price unavailable
CRITICAL:strat7:2023-01-02 21:41:14,563:15293: No my_buy_price unavailable
CRITICAL:strat7:2023-01-02 21:41:18,232:15293: No my_buy_price unavailable
CRITICAL:strat7:2023-01-02 21:41:20,606:15293: No my_buy_price unavailable
CRITICAL:strat7:2023-01-02 21:41:59,445:15294: No my_buy_price unavailable
CRITICAL:strat7:2023-01-02 21:42:01,924:15294: No my_buy_price unavailable
CRITICAL:strat7:2023-01-02 21:42:05,315:15294: No my_buy_price unavailable
CRITICAL:strat7:2023-01-02 21:42:07,791:15294: No my_buy_price unavailable
CRITICAL:strat7:2023-01-02 21:42:52,540:15295: No my_buy_price unavailable
CRITICAL:strat7:2023-01-02 21:42:55,054:15295: No my_buy_price unavailable
CRITICAL:strat7:2023-01-02 21:42:58,685:15295: No my_buy_price unavailable
CRITICAL:strat7:2023-01-02 21:43:01,195:15295: No my_buy_price unavailable
CRITICAL:strat7:2023-01-02 21:47:56,584:15293: No my_buy_price unavailable
CRITICAL:strat7:2023-01-02 21:47:58,973:15293: No my_buy_price unavailable
CRITICAL:strat7:2023-01-02 21:48:03,348:15293: No my_buy_price unavailable
CRITICAL:strat7:2023-01-02 21:48:05,677:15293: No my_buy_price unavailable
CRITICAL:strat7:2023-01-02 21:48:46,242:15294: No my_buy_price unavailable
CRITICAL:strat7:2023-01-02 21:48:48,778:15294: No my_buy_price unavailable
CRITICAL:strat7:2023-01-02 21:48:52,176:15294: No my_buy_price unavailable
CRITICAL:strat7:2023-01-02 21:48:54,556:15294: No my_buy_price unavailable
CRITICAL:strat7:2023-01-02 21:49:37,490:15295: No my_buy_price unavailable
CRITICAL:strat7:2023-01-02 21:49:40,028:15295: No my_buy_price unavailable
CRITICAL:strat7:2023-01-02 21:49:43,649:15295: No my_buy_price unavailable
CRITICAL:strat7:2023-01-02 21:49:46,188:15295: No my_buy_price unavailable
CRITICAL:strat7:2023-01-02 21:54:29,732:15293: No my_buy_price unavailable
CRITICAL:strat7:2023-01-02 21:54:32,217:15293: No my_buy_price unavailable
CRITICAL:strat7:2023-01-02 21:54:35,743:15293: No my_buy_price unavailable
CRITICAL:strat7:2023-01-02 21:54:38,142:15293: No my_buy_price unavailable
CRITICAL:strat7:2023-01-02 21:55:16,056:15294: No my_buy_price unavailable
CRITICAL:strat7:2023-01-02 21:55:18,335:15294: No my_buy_price unavailable
CRITICAL:strat7:2023-01-02 21:55:21,727:15294: No my_buy_price unavailable
CRITICAL:strat7:2023-01-02 21:55:24,173:15294: No my_buy_price unavailable
CRITICAL:strat7:2023-01-02 21:56:02,707:15295: No my_buy_price unavailable
CRITICAL:strat7:2023-01-02 21:56:05,212:15295: No my_buy_price unavailable
CRITICAL:strat7:2023-01-02 21:56:08,529:15295: No my_buy_price unavailable
CRITICAL:strat7:2023-01-02 21:56:11,001:15295: No my_buy_price unavailable
CRITICAL:strat7:2023-01-02 22:00:42,387:15293: No my_buy_price unavailable
CRITICAL:strat7:2023-01-02 22:00:44,541:15293: No my_buy_price unavailable
CRITICAL:strat7:2023-01-02 22:00:47,625:15293: No my_buy_price unavailable
CRITICAL:strat7:2023-01-02 22:00:50,015:15293: No my_buy_price unavailable
CRITICAL:strat7:2023-01-02 22:01:24,311:15294: No my_buy_price unavailable
CRITICAL:strat7:2023-01-02 22:01:26,727:15294: No my_buy_price unavailable
CRITICAL:strat7:2023-01-02 22:01:29,967:15294: No my_buy_price unavailable
CRITICAL:strat7:2023-01-02 22:01:32,232:15294: No my_buy_price unavailable
CRITICAL:strat7:2023-01-02 22:02:08,770:15295: No my_buy_price unavailable
CRITICAL:strat7:2023-01-02 22:02:13,061:15295: No my_buy_price unavailable
CRITICAL:strat7:2023-01-02 22:02:16,259:15295: No my_buy_price unavailable
CRITICAL:strat7:2023-01-02 22:02:19,252:15295: No my_buy_price unavailable
CRITICAL:strat7:2023-01-02 22:06:55,797:15293: No my_buy_price unavailable
CRITICAL:strat7:2023-01-02 22:06:58,069:15293: No my_buy_price unavailable
CRITICAL:strat7:2023-01-02 22:07:01,219:15293: No my_buy_price unavailable
CRITICAL:strat7:2023-01-02 22:07:03,460:15293: No my_buy_price unavailable
CRITICAL:strat7:2023-01-02 22:07:39,122:15294: No my_buy_price unavailable
CRITICAL:strat7:2023-01-02 22:07:41,994:15294: No my_buy_price unavailable
CRITICAL:strat7:2023-01-02 22:07:45,258:15294: No my_buy_price unavailable
CRITICAL:strat7:2023-01-02 22:07:47,503:15294: No my_buy_price unavailable
CRITICAL:strat7:2023-01-02 22:08:19,513:15295: No my_buy_price unavailable
CRITICAL:strat7:2023-01-02 22:08:22,026:15295: No my_buy_price unavailable
CRITICAL:strat7:2023-01-02 22:08:25,856:15295: No my_buy_price unavailable
CRITICAL:strat7:2023-01-02 22:08:28,337:15295: No my_buy_price unavailable
CRITICAL:strat7:2023-01-02 22:12:35,248:15292: Yes my_avgbuy_price unavailable
CRITICAL:strat7:2023-01-02 22:12:37,804:15292: Yes my_avgbuy_price unavailable
CRITICAL:strat7:2023-01-02 22:12:40,961:15292: Yes my_avgbuy_price unavailable
CRITICAL:strat7:2023-01-02 22:12:44,636:15292: Yes my_avgbuy_price unavailable
CRITICAL:strat7:2023-01-02 22:13:31,445:15293: No my_buy_price unavailable
CRITICAL:strat7:2023-01-02 22:13:34,482:15293: No my_buy_price unavailable
CRITICAL:strat7:2023-01-02 22:13:39,138:15293: No my_buy_price unavailable
CRITICAL:strat7:2023-01-02 22:13:41,365:15293: No my_buy_price unavailable
CRITICAL:strat7:2023-01-02 22:14:25,942:15294: No my_buy_price unavailable
CRITICAL:strat7:2023-01-02 22:14:28,292:15294: No my_buy_price unavailable
CRITICAL:strat7:2023-01-02 22:14:31,689:15294: No my_buy_price unavailable
CRITICAL:strat7:2023-01-02 22:14:34,036:15294: No my_buy_price unavailable
CRITICAL:strat7:2023-01-02 22:15:17,371:15295: No my_buy_price unavailable
CRITICAL:strat7:2023-01-02 22:15:19,894:15295: No my_buy_price unavailable
CRITICAL:strat7:2023-01-02 22:15:23,246:15295: No my_buy_price unavailable
CRITICAL:strat7:2023-01-02 22:15:26,081:15295: No my_buy_price unavailable
CRITICAL:strat7:2023-01-02 22:19:29,049:15292: Yes my_avgbuy_price unavailable
CRITICAL:strat7:2023-01-02 22:19:31,580:15292: Yes my_avgbuy_price unavailable
CRITICAL:strat7:2023-01-02 22:19:34,397:15292: Yes my_avgbuy_price unavailable
CRITICAL:strat7:2023-01-02 22:19:37,442:15292: Yes my_avgbuy_price unavailable
CRITICAL:strat7:2023-01-02 22:20:17,500:15293: No my_buy_price unavailable
CRITICAL:strat7:2023-01-02 22:20:19,831:15293: No my_buy_price unavailable
CRITICAL:strat7:2023-01-02 22:20:23,122:15293: No my_buy_price unavailable
CRITICAL:strat7:2023-01-02 22:20:25,484:15293: No my_buy_price unavailable
CRITICAL:strat7:2023-01-02 22:20:56,549:15294: No my_buy_price unavailable
CRITICAL:strat7:2023-01-02 22:20:58,940:15294: No my_buy_price unavailable
CRITICAL:strat7:2023-01-02 22:21:02,186:15294: No my_buy_price unavailable
CRITICAL:strat7:2023-01-02 22:21:04,876:15294: No my_buy_price unavailable
CRITICAL:strat7:2023-01-02 22:21:42,067:15295: No my_buy_price unavailable
CRITICAL:strat7:2023-01-02 22:21:44,329:15295: No my_buy_price unavailable
CRITICAL:strat7:2023-01-02 22:21:47,657:15295: No my_buy_price unavailable
CRITICAL:strat7:2023-01-02 22:21:50,028:15295: No my_buy_price unavailable
CRITICAL:strat7:2023-01-02 22:26:30,743:15293: No my_buy_price unavailable
CRITICAL:strat7:2023-01-02 22:26:33,027:15293: No my_buy_price unavailable
CRITICAL:strat7:2023-01-02 22:26:36,214:15293: No my_buy_price unavailable
CRITICAL:strat7:2023-01-02 22:26:38,857:15293: No my_buy_price unavailable
CRITICAL:strat7:2023-01-02 22:27:13,311:15294: No my_buy_price unavailable
CRITICAL:strat7:2023-01-02 22:27:15,558:15294: No my_buy_price unavailable
CRITICAL:strat7:2023-01-02 22:27:19,360:15294: No my_buy_price unavailable
CRITICAL:strat7:2023-01-02 22:27:21,808:15294: No my_buy_price unavailable
CRITICAL:strat7:2023-01-02 22:33:03,535:15293: No my_buy_price unavailable
CRITICAL:strat7:2023-01-02 22:33:05,835:15293: No my_buy_price unavailable
CRITICAL:strat7:2023-01-02 22:33:09,077:15293: No my_buy_price unavailable
CRITICAL:strat7:2023-01-02 22:33:11,382:15293: No my_buy_price unavailable
CRITICAL:strat7:2023-01-02 22:33:45,154:15294: No my_buy_price unavailable
CRITICAL:strat7:2023-01-02 22:33:47,894:15294: No my_buy_price unavailable
CRITICAL:strat7:2023-01-02 22:33:51,411:15294: No my_buy_price unavailable
CRITICAL:strat7:2023-01-02 22:33:53,494:15294: No my_buy_price unavailable
CRITICAL:strat7:2023-01-02 22:39:39,221:15293: No my_buy_price unavailable
CRITICAL:strat7:2023-01-02 22:39:42,020:15293: No my_buy_price unavailable
CRITICAL:strat7:2023-01-02 22:39:45,370:15293: No my_buy_price unavailable
CRITICAL:strat7:2023-01-02 22:39:47,879:15293: No my_buy_price unavailable
CRITICAL:strat7:2023-01-02 22:46:09,547:15293: No my_buy_price unavailable
CRITICAL:strat7:2023-01-02 22:46:11,824:15293: No my_buy_price unavailable
CRITICAL:strat7:2023-01-02 22:46:15,057:15293: No my_buy_price unavailable
CRITICAL:strat7:2023-01-02 22:46:17,314:15293: No my_buy_price unavailable
CRITICAL:strat7:2023-01-02 22:53:56,481:15295: No my_buy_price unavailable
CRITICAL:strat7:2023-01-02 22:53:58,665:15295: No my_buy_price unavailable
